02/10/2023 12:35:47,,Ingreso USUARIO,Busca tabla invitado
*************
02/10/2023 12:35:47,ross,Ingreso CONTRASEÑA,Busca tabla invitado
*************
02/10/2023 12:45:46,,Ingreso USUARIO,Busca tabla invitado
*************
02/10/2023 12:45:47,ross,Ingreso CONTRASEÑA,Busca tabla invitado
*************
02/10/2023 12:52:27,,Ingreso USUARIO,Busca tabla invitado
*************
02/10/2023 12:52:30,ross,Ingreso CONTRASEÑA,Busca tabla invitado
*************
02/10/2023 12:58:40,,Ingreso USUARIO,Busca tabla invitado
*************
02/10/2023 12:58:40,ross,Ingreso CONTRASEÑA,Busca tabla invitado
*************
02/10/2023 16:28:35,,Ingreso USUARIO,Busca tabla invitado
*************
02/10/2023 16:28:36,ross,Ingreso CONTRASEÑA,Busca tabla invitado
*************
02/10/2023 16:42:46,,Ingreso USUARIO,Busca tabla invitado
*************
02/10/2023 16:42:46,ross,Ingreso CONTRASEÑA,Busca tabla invitado
*************
02/10/2023 17:18:10,,Ingreso USUARIO,Busca tabla invitado
*************
02/10/2023 17:18:11,ross,Ingreso CONTRASEÑA,Busca tabla invitado
*************
02/10/2023 17:25:38,,Ingreso USUARIO,Busca tabla invitado
*************
02/10/2023 17:25:39,ross,Ingreso CONTRASEÑA,Busca tabla invitado
*************
02/10/2023 17:39:50,,Ingreso USUARIO,Busca tabla invitado
*************
02/10/2023 17:39:51,ross,Ingreso CONTRASEÑA,Busca tabla invitado
*************
02/10/2023 18:06:13,,Ingreso USUARIO,Busca tabla invitado
*************
02/10/2023 18:06:15,ross,Ingreso CONTRASEÑA,Busca tabla invitado
*************
02/10/2023 18:08:02,,Ingreso USUARIO,Busca tabla invitado
*************
02/10/2023 18:08:03,ross,Ingreso CONTRASEÑA,Busca tabla invitado
*************
02/10/2023 18:33:59,,Ingreso USUARIO,Busca tabla invitado
*************
02/10/2023 18:34:00,ross,Ingreso CONTRASEÑA,Busca tabla invitado
*************
02/10/2023 18:39:21,,Ingreso USUARIO,Busca tabla invitado
*************
02/10/2023 18:39:22,ross,Ingreso CONTRASEÑA,Busca tabla invitado
*************
02/10/2023 18:50:56,,Ingreso USUARIO,Busca tabla invitado
*************
02/10/2023 18:50:57,ross,Ingreso CONTRASEÑA,Busca tabla invitado
*************
02/10/2023 19:11:23,,Ingreso USUARIO,Busca tabla invitado
*************
02/10/2023 19:11:24,ross,Ingreso CONTRASEÑA,Busca tabla invitado
*************
02/10/2023 19:15:11,,Ingreso USUARIO,Busca tabla invitado
*************
02/10/2023 19:15:12,ross,Ingreso CONTRASEÑA,Busca tabla invitado
*************
02/10/2023 19:28:59,,Ingreso USUARIO,Busca tabla invitado
*************
02/10/2023 19:28:59,ross,Ingreso CONTRASEÑA,Busca tabla invitado
*************
02/10/2023 19:34:43,,Ingreso USUARIO,Busca tabla invitado
*************
02/10/2023 19:34:44,ross,Ingreso CONTRASEÑA,Busca tabla invitado
*************
03/10/2023 8:46:46,,Ingreso USUARIO,Busca tabla invitado
*************
03/10/2023 8:46:46,ross,Ingreso CONTRASEÑA,Busca tabla invitado
*************
03/10/2023 9:08:42,,Ingreso USUARIO,Busca tabla invitado
*************
03/10/2023 9:08:43,ross,Ingreso CONTRASEÑA,Busca tabla invitado
*************
03/10/2023 9:39:57,,Ingreso USUARIO,Busca tabla invitado
*************
03/10/2023 9:39:58,ross,Ingreso CONTRASEÑA,Busca tabla invitado
*************
03/10/2023 10:01:42,,Ingreso USUARIO,Busca tabla invitado
*************
03/10/2023 10:01:42,ross,Ingreso CONTRASEÑA,Busca tabla invitado
*************
03/10/2023 10:02:13,ross,Actualizacon Medico,Medico=MEDICO GUARDIA
*************
03/10/2023 10:25:57,,Ingreso USUARIO,Busca tabla invitado
*************
03/10/2023 10:25:58,ross,Ingreso CONTRASEÑA,Busca tabla invitado
*************
03/10/2023 10:30:30,,Ingreso USUARIO,Busca tabla invitado
*************
03/10/2023 10:30:31,ross,Ingreso CONTRASEÑA,Busca tabla invitado
*************
03/10/2023 11:05:11,,Ingreso USUARIO,Busca tabla invitado
*************
03/10/2023 11:05:12,ross,Ingreso CONTRASEÑA,Busca tabla invitado
*************
03/10/2023 12:30:00,,Ingreso USUARIO,Busca tabla invitado
*************
03/10/2023 12:30:00,ross,Ingreso CONTRASEÑA,Busca tabla invitado
*************
03/10/2023 20:20:32,,Ingreso USUARIO,Busca tabla invitado
*************
03/10/2023 20:20:32,ross,Ingreso CONTRASEÑA,Busca tabla invitado
*************
03/10/2023 20:30:51,,Ingreso USUARIO,Busca tabla invitado
*************
03/10/2023 20:30:53,ross,Ingreso CONTRASEÑA,Busca tabla invitado
*************
03/10/2023 22:26:56,,Ingreso USUARIO,Busca tabla invitado
*************
03/10/2023 22:26:57,ross,Ingreso CONTRASEÑA,Busca tabla invitado
*************
03/10/2023 22:36:11,,Ingreso USUARIO,Busca tabla invitado
*************
03/10/2023 22:36:12,ross,Ingreso CONTRASEÑA,Busca tabla invitado
*************
03/10/2023 22:43:11,,Ingreso USUARIO,Busca tabla invitado
*************
03/10/2023 22:43:12,ross,Ingreso CONTRASEÑA,Busca tabla invitado
*************
03/10/2023 22:49:12,,Ingreso USUARIO,Busca tabla invitado
*************
03/10/2023 22:49:14,ross,Ingreso CONTRASEÑA,Busca tabla invitado
*************
04/10/2023 11:14:40,,Ingreso USUARIO,Busca tabla invitado
*************
04/10/2023 11:14:43,ross,Ingreso CONTRASEÑA,Busca tabla invitado
*************
04/10/2023 11:21:56,,Ingreso USUARIO,Busca tabla invitado
*************
04/10/2023 11:21:57,ross,Ingreso CONTRASEÑA,Busca tabla invitado
*************
04/10/2023 11:24:39,,Ingreso USUARIO,Busca tabla invitado
*************
04/10/2023 11:24:40,ross,Ingreso CONTRASEÑA,Busca tabla invitado
*************
04/10/2023 11:39:42,,Ingreso USUARIO,Busca tabla invitado
*************
04/10/2023 11:39:43,ross,Ingreso CONTRASEÑA,Busca tabla invitado
*************
04/10/2023 11:44:29,,Ingreso USUARIO,Busca tabla invitado
*************
04/10/2023 11:44:30,ross,Ingreso CONTRASEÑA,Busca tabla invitado
*************
04/10/2023 11:51:20,,Ingreso USUARIO,Busca tabla invitado
*************
04/10/2023 11:51:21,ross,Ingreso CONTRASEÑA,Busca tabla invitado
*************
04/10/2023 11:57:09,,Ingreso USUARIO,Busca tabla invitado
*************
04/10/2023 11:57:10,ross,Ingreso CONTRASEÑA,Busca tabla invitado
*************
04/10/2023 12:01:40,,Ingreso USUARIO,Busca tabla invitado
*************
04/10/2023 12:01:41,ross,Ingreso CONTRASEÑA,Busca tabla invitado
*************
04/10/2023 12:09:32,,Ingreso USUARIO,Busca tabla invitado
*************
04/10/2023 12:09:33,ross,Ingreso CONTRASEÑA,Busca tabla invitado
*************
04/10/2023 12:26:43,,Ingreso USUARIO,Busca tabla invitado
*************
04/10/2023 12:27:15,,Ingreso CONTRASEÑA FALLIDO,
*************
04/10/2023 12:27:15,,Ingreso CONTRASEÑA,Busca tabla invitado
*************
04/10/2023 12:27:21,ross,Ingreso CONTRASEÑA,Busca tabla invitado
*************
05/10/2023 7:30:39,,Ingreso USUARIO,Busca tabla invitado
*************
05/10/2023 7:30:39,ross,Ingreso CONTRASEÑA,Busca tabla invitado
*************
05/10/2023 9:28:24,,Ingreso USUARIO,Busca tabla invitado
*************
05/10/2023 9:28:24,ross,Ingreso CONTRASEÑA,Busca tabla invitado
*************
05/10/2023 11:26:23,,Ingreso USUARIO,Busca tabla invitado
*************
05/10/2023 11:26:24,ross,Ingreso CONTRASEÑA,Busca tabla invitado
*************
05/10/2023 11:27:17,ross,Actualizacon Medico,Medico=SUSANA CEVALLOS
*************
05/10/2023 11:27:50,ross,Actualizacon Medico,Medico=UBE NAVARRETE
*************
05/10/2023 11:28:12,ross,Actualizacon Medico,Medico=JHONNY GALLARDO
*************
05/10/2023 11:28:28,ross,Actualizacon Medico,Medico=NELSON MUÑOZ
*************
05/10/2023 11:28:47,ross,Actualizacon Medico,Medico=GUILLERMO SIG-TU
*************
05/10/2023 11:29:02,ross,Actualizacon Medico,Medico=JOSUE ACOSTA
*************
05/10/2023 11:29:18,ross,Actualizacon Medico,Medico=FRANCIS RIVERA
*************
05/10/2023 11:29:33,ross,Actualizacon Medico,Medico=DAMELIS MARTINEZ
*************
05/10/2023 11:29:50,ross,Actualizacon Medico,Medico=SANDY AGUILAR
*************
05/10/2023 11:30:01,ross,Actualizacon Medico,Medico=HECTOR POZO
*************
05/10/2023 11:30:21,ross,Actualizacon Medico,Medico=MERCELA RECALDE
*************
05/10/2023 11:30:39,ross,Actualizacon Medico,Medico=KENIE COLLADO
*************
05/10/2023 11:31:41,ross,Nuevo Pedido PRE CARGA,NORMAL/188
*************
05/10/2023 11:44:43,,Ingreso USUARIO,Busca tabla invitado
*************
05/10/2023 11:44:43,ross,Ingreso CONTRASEÑA,Busca tabla invitado
*************
05/10/2023 11:56:04,,Ingreso USUARIO,Busca tabla invitado
*************
05/10/2023 11:56:04,ross,Ingreso CONTRASEÑA,Busca tabla invitado
*************
05/10/2023 12:01:54,,Ingreso USUARIO,Busca tabla invitado
*************
05/10/2023 12:01:55,ross,Ingreso CONTRASEÑA,Busca tabla invitado
*************
05/10/2023 12:03:09,,Ingreso USUARIO,Busca tabla invitado
*************
05/10/2023 12:03:10,ross,Ingreso CONTRASEÑA,Busca tabla invitado
*************
05/10/2023 12:09:33,,Ingreso USUARIO,Busca tabla invitado
*************
05/10/2023 12:09:33,ross,Ingreso CONTRASEÑA,Busca tabla invitado
*************
05/10/2023 12:15:51,,Ingreso USUARIO,Busca tabla invitado
*************
05/10/2023 12:15:52,ross,Ingreso CONTRASEÑA,Busca tabla invitado
*************
05/10/2023 12:20:39,,Ingreso USUARIO,Busca tabla invitado
*************
05/10/2023 12:20:40,ross,Ingreso CONTRASEÑA,Busca tabla invitado
*************
05/10/2023 12:27:16,,Ingreso USUARIO,Busca tabla invitado
*************
05/10/2023 12:27:17,ross,Ingreso CONTRASEÑA,Busca tabla invitado
*************
05/10/2023 12:28:16,ross,Operación de Movimiento Inventario,
*************
05/10/2023 12:28:16,ross,Inserción de detalle movimiento inventario,
*************
06/10/2023 19:03:09,,Ingreso USUARIO,Busca tabla invitado
*************
06/10/2023 19:03:09,ross,Ingreso CONTRASEÑA,Busca tabla invitado
*************
07/10/2023 10:47:57,,Ingreso USUARIO,Busca tabla invitado
*************
07/10/2023 10:47:57,ross,Ingreso CONTRASEÑA,Busca tabla invitado
*************
07/10/2023 10:49:36,,Ingreso USUARIO,Busca tabla invitado
*************
07/10/2023 10:49:37,ross,Ingreso CONTRASEÑA,Busca tabla invitado
*************
07/10/2023 10:50:28,ross,Actualizacon Medico,Medico=ALERGOLOGIA 1
*************
07/10/2023 11:13:07,ross,Generar Paciente,Paciente=CEVALLOS SUSANA
*************
07/10/2023 11:13:56,ross,Elimina Medico,Medico=26
*************
07/10/2023 11:14:13,ross,Elimina Medico,Medico=20
*************
07/10/2023 11:14:19,ross,Elimina Medico,Medico=27
*************
07/10/2023 11:14:31,ross,Elimina Medico,Medico=22
*************
07/10/2023 11:14:39,ross,Elimina Medico,Medico=29
*************
07/10/2023 11:14:46,ross,Elimina Medico,Medico=19
*************
07/10/2023 11:14:51,ross,Elimina Medico,Medico=30
*************
07/10/2023 11:14:57,ross,Elimina Medico,Medico=24
*************
07/10/2023 11:15:05,ross,Elimina Medico,Medico=23
*************
07/10/2023 11:15:15,ross,Elimina Medico,Medico=25
*************
07/10/2023 11:15:24,ross,Elimina Medico,Medico=21
*************
07/10/2023 11:15:32,ross,Elimina Medico,Medico=28
*************
07/10/2023 11:15:46,ross,Actualizacon Medico,Medico=DESPACHO A MEDICOS
*************
07/10/2023 11:16:56,ross,Nuevo Pedido PRE CARGA,NORMAL/189
*************
07/10/2023 11:18:04,ross,Generar Paciente,Paciente=NAVARRETE UBE
*************
07/10/2023 11:18:34,ross,Generar Paciente,Paciente=GALLARDO JHONNY
*************
07/10/2023 11:19:04,ross,Generar Paciente,Paciente=MUÑOZ NELSON
*************
07/10/2023 11:19:29,ross,Generar Paciente,Paciente=SIG-TU GUILLERMO
*************
07/10/2023 11:19:51,ross,Generar Paciente,Paciente=ACOSTA JOSUE
*************
07/10/2023 11:20:12,ross,Generar Paciente,Paciente=RIVERA FRANCIS
*************
07/10/2023 11:20:31,ross,Generar Paciente,Paciente=MARTINEZ DAMELIS
*************
07/10/2023 11:20:54,ross,Generar Paciente,Paciente=AGUILAR SANDY
*************
07/10/2023 11:22:41,ross,Generar Paciente,Paciente=POZO HECTOR
*************
07/10/2023 11:23:04,ross,Generar Paciente,Paciente=RECALDE MERCELA
*************
07/10/2023 11:23:24,ross,Generar Paciente,Paciente=COLLADO KENIE
*************
07/10/2023 12:04:13,ross,Actualizacon Medico,Medico=DESPACHO A MEDICOS
*************
07/10/2023 12:06:39,ross,Elimina Medico,Medico=2
*************
07/10/2023 12:10:46,ross,Actualizacon Medico,Medico=CEVALLOS SUSANA
*************
07/10/2023 12:11:28,ross,Actualizacon Medico,Medico=NAVARRETE UBE
*************
07/10/2023 12:29:41,,Ingreso USUARIO,Busca tabla invitado
*************
07/10/2023 12:29:42,ross,Ingreso CONTRASEÑA,Busca tabla invitado
*************
07/10/2023 12:31:19,ross,Actualizacon Medico,Medico=CEVALLOS SUSANA
*************
07/10/2023 12:31:27,ross,Actualizacon Medico,Medico=NAVARRETE UBE
*************
07/10/2023 12:40:59,,Ingreso USUARIO,Busca tabla invitado
*************
07/10/2023 12:41:01,ross,Ingreso CONTRASEÑA,Busca tabla invitado
*************
07/10/2023 12:47:24,ross,Actualizacon Medico,Medico=SIG-TU GUILLERMO
*************
07/10/2023 12:47:48,ross,Actualizacon Medico,Medico=ACOSTA JOSUE
*************
07/10/2023 12:48:19,ross,Actualizacon Medico,Medico=RIVERA FRANCIS
*************
07/10/2023 17:48:55,,Ingreso USUARIO,Busca tabla invitado
*************
07/10/2023 17:48:55,ross,Ingreso CONTRASEÑA,Busca tabla invitado
*************
09/10/2023 9:39:39,,Ingreso USUARIO,Busca tabla invitado
*************
09/10/2023 9:39:40,ross,Ingreso CONTRASEÑA,Busca tabla invitado
*************
09/10/2023 10:47:26,,Ingreso USUARIO,Busca tabla invitado
*************
09/10/2023 10:47:27,ross,Ingreso CONTRASEÑA,Busca tabla invitado
*************
09/10/2023 11:06:30,,Ingreso USUARIO,Busca tabla invitado
*************
09/10/2023 11:06:31,ross,Ingreso CONTRASEÑA,Busca tabla invitado
*************
09/10/2023 11:10:31,,Ingreso USUARIO,Busca tabla invitado
*************
09/10/2023 11:10:32,ross,Ingreso CONTRASEÑA,Busca tabla invitado
*************
09/10/2023 11:32:46,,Ingreso USUARIO,Busca tabla invitado
*************
09/10/2023 11:32:47,ross,Ingreso CONTRASEÑA,Busca tabla invitado
*************
09/10/2023 11:39:24,,Ingreso USUARIO,Busca tabla invitado
*************
09/10/2023 11:39:26,,Ingreso CONTRASEÑA FALLIDO,
*************
09/10/2023 11:39:26,,Ingreso CONTRASEÑA,Busca tabla invitado
*************
09/10/2023 11:39:27,ross,Ingreso CONTRASEÑA,Busca tabla invitado
*************
09/10/2023 11:44:45,,Ingreso USUARIO,Busca tabla invitado
*************
09/10/2023 11:44:46,ross,Ingreso CONTRASEÑA,Busca tabla invitado
*************
10/10/2023 11:53:48,,Ingreso USUARIO,Busca tabla invitado
*************
10/10/2023 11:53:49,ross,Ingreso CONTRASEÑA,Busca tabla invitado
*************
10/10/2023 11:58:40,,Ingreso USUARIO,Busca tabla invitado
*************
10/10/2023 11:58:40,ross,Ingreso CONTRASEÑA,Busca tabla invitado
*************
10/10/2023 13:50:47,,Ingreso USUARIO,Busca tabla invitado
*************
10/10/2023 13:50:48,ross,Ingreso CONTRASEÑA,Busca tabla invitado
*************
10/10/2023 14:21:35,,Ingreso USUARIO,Busca tabla invitado
*************
10/10/2023 14:21:36,ross,Ingreso CONTRASEÑA,Busca tabla invitado
*************
10/10/2023 14:21:51,ross,Actualizacon Medico,Medico=DESPACHO A MEDICOS
*************
10/10/2023 14:22:15,ross,Actualizacon Medico,Medico=DESPACHO A MEDICOS
*************
10/10/2023 14:35:42,,Ingreso USUARIO,Busca tabla invitado
*************
10/10/2023 14:35:43,ross,Ingreso CONTRASEÑA,Busca tabla invitado
*************
10/10/2023 14:39:09,,Ingreso USUARIO,Busca tabla invitado
*************
10/10/2023 14:39:10,ross,Ingreso CONTRASEÑA,Busca tabla invitado
*************
10/10/2023 14:44:39,,Ingreso USUARIO,Busca tabla invitado
*************
10/10/2023 14:44:40,ross,Ingreso CONTRASEÑA,Busca tabla invitado
*************
10/10/2023 14:56:51,,Ingreso USUARIO,Busca tabla invitado
*************
10/10/2023 14:56:53,ross,Ingreso CONTRASEÑA,Busca tabla invitado
*************
10/10/2023 14:58:39,,Ingreso USUARIO,Busca tabla invitado
*************
10/10/2023 14:58:40,ross,Ingreso CONTRASEÑA,Busca tabla invitado
*************
10/10/2023 15:02:37,,Ingreso USUARIO,Busca tabla invitado
*************
10/10/2023 15:02:39,ross,Ingreso CONTRASEÑA,Busca tabla invitado
*************
10/10/2023 15:07:24,,Ingreso USUARIO,Busca tabla invitado
*************
10/10/2023 15:07:25,ross,Ingreso CONTRASEÑA,Busca tabla invitado
*************
10/10/2023 15:08:27,,Ingreso USUARIO,Busca tabla invitado
*************
10/10/2023 15:08:28,ross,Ingreso CONTRASEÑA,Busca tabla invitado
*************
10/10/2023 15:13:57,,Ingreso USUARIO,Busca tabla invitado
*************
10/10/2023 15:13:58,ross,Ingreso CONTRASEÑA,Busca tabla invitado
*************
10/10/2023 15:15:18,ross,Actualizacon Medico,Medico=ALERGOLOGIA 1
*************
10/10/2023 15:18:14,,Ingreso USUARIO,Busca tabla invitado
*************
10/10/2023 15:18:16,ross,Ingreso CONTRASEÑA,Busca tabla invitado
*************
10/10/2023 15:18:43,ross,Actualizacon Medico,Medico=DESPACHO A MEDICOS
*************
10/10/2023 15:21:23,,Ingreso USUARIO,Busca tabla invitado
*************
10/10/2023 15:21:24,ross,Ingreso CONTRASEÑA,Busca tabla invitado
*************
10/10/2023 15:28:18,,Ingreso USUARIO,Busca tabla invitado
*************
10/10/2023 15:28:19,ross,Ingreso CONTRASEÑA,Busca tabla invitado
*************
10/10/2023 15:36:41,,Ingreso USUARIO,Busca tabla invitado
*************
10/10/2023 15:36:42,ross,Ingreso CONTRASEÑA,Busca tabla invitado
*************
10/10/2023 15:37:40,,Ingreso USUARIO,Busca tabla invitado
*************
10/10/2023 15:37:41,ross,Ingreso CONTRASEÑA,Busca tabla invitado
*************
10/10/2023 15:46:24,,Ingreso USUARIO,Busca tabla invitado
*************
10/10/2023 15:46:25,ross,Ingreso CONTRASEÑA,Busca tabla invitado
*************
10/10/2023 15:50:12,,Ingreso USUARIO,Busca tabla invitado
*************
10/10/2023 15:50:13,ross,Ingreso CONTRASEÑA,Busca tabla invitado
*************
10/10/2023 15:58:03,,Ingreso USUARIO,Busca tabla invitado
*************
10/10/2023 15:58:03,ross,Ingreso CONTRASEÑA,Busca tabla invitado
*************
10/10/2023 16:06:51,,Ingreso USUARIO,Busca tabla invitado
*************
10/10/2023 16:06:52,ross,Ingreso CONTRASEÑA,Busca tabla invitado
*************
10/10/2023 16:14:50,,Ingreso USUARIO,Busca tabla invitado
*************
10/10/2023 16:14:51,ross,Ingreso CONTRASEÑA,Busca tabla invitado
*************
10/10/2023 16:23:47,,Ingreso USUARIO,Busca tabla invitado
*************
10/10/2023 16:23:48,ross,Ingreso CONTRASEÑA,Busca tabla invitado
*************
10/10/2023 16:25:57,,Ingreso USUARIO,Busca tabla invitado
*************
10/10/2023 16:25:58,ross,Ingreso CONTRASEÑA,Busca tabla invitado
*************
10/10/2023 16:29:31,,Ingreso USUARIO,Busca tabla invitado
*************
10/10/2023 16:29:31,ross,Ingreso CONTRASEÑA,Busca tabla invitado
*************
10/10/2023 16:40:52,,Ingreso USUARIO,Busca tabla invitado
*************
10/10/2023 16:40:53,ross,Ingreso CONTRASEÑA,Busca tabla invitado
*************
10/10/2023 16:48:11,,Ingreso USUARIO,Busca tabla invitado
*************
10/10/2023 16:48:12,ross,Ingreso CONTRASEÑA,Busca tabla invitado
*************
10/10/2023 17:02:07,,Ingreso USUARIO,Busca tabla invitado
*************
10/10/2023 17:02:08,ross,Ingreso CONTRASEÑA,Busca tabla invitado
*************
10/10/2023 17:13:00,,Ingreso USUARIO,Busca tabla invitado
*************
10/10/2023 17:13:01,ross,Ingreso CONTRASEÑA,Busca tabla invitado
*************
10/10/2023 17:22:44,,Ingreso USUARIO,Busca tabla invitado
*************
10/10/2023 17:22:45,ross,Ingreso CONTRASEÑA,Busca tabla invitado
*************
10/10/2023 17:26:38,,Ingreso USUARIO,Busca tabla invitado
*************
10/10/2023 17:26:39,ross,Ingreso CONTRASEÑA,Busca tabla invitado
*************
10/10/2023 17:33:19,,Ingreso USUARIO,Busca tabla invitado
*************
10/10/2023 17:33:21,,Ingreso CONTRASEÑA FALLIDO,
*************
10/10/2023 17:33:21,,Ingreso CONTRASEÑA,Busca tabla invitado
*************
10/10/2023 17:33:21,ross,Ingreso CONTRASEÑA,Busca tabla invitado
*************
10/10/2023 17:38:51,,Ingreso USUARIO,Busca tabla invitado
*************
10/10/2023 17:38:51,ross,Ingreso CONTRASEÑA,Busca tabla invitado
*************
10/10/2023 17:54:49,,Ingreso USUARIO,Busca tabla invitado
*************
10/10/2023 17:54:49,ross,Ingreso CONTRASEÑA,Busca tabla invitado
*************
10/10/2023 18:03:58,,Ingreso USUARIO,Busca tabla invitado
*************
10/10/2023 18:03:59,ross,Ingreso CONTRASEÑA,Busca tabla invitado
*************
10/10/2023 18:25:46,,Ingreso USUARIO,Busca tabla invitado
*************
10/10/2023 18:25:47,ross,Ingreso CONTRASEÑA,Busca tabla invitado
*************
10/10/2023 18:31:23,,Ingreso USUARIO,Busca tabla invitado
*************
10/10/2023 18:31:24,ross,Ingreso CONTRASEÑA,Busca tabla invitado
*************
10/10/2023 18:32:23,ross,Nuevo Pedido PRE CARGA,NORMAL/190
*************
10/10/2023 18:52:08,,Ingreso USUARIO,Busca tabla invitado
*************
10/10/2023 18:52:09,ross,Ingreso CONTRASEÑA,Busca tabla invitado
*************
10/10/2023 18:59:57,,Ingreso USUARIO,Busca tabla invitado
*************
10/10/2023 18:59:58,ross,Ingreso CONTRASEÑA,Busca tabla invitado
*************
10/10/2023 19:00:45,ross,Nuevo Pedido PRE CARGA,NORMAL/191
*************
10/10/2023 19:01:37,ross,Nuevo Pedido PRE CARGA,NORMAL/192
*************
10/10/2023 19:03:15,ross,Operación de Movimiento Inventario,
*************
10/10/2023 19:03:15,ross,Inserción de detalle movimiento inventario,
*************
10/10/2023 19:21:34,,Ingreso USUARIO,Busca tabla invitado
*************
10/10/2023 19:21:35,ross,Ingreso CONTRASEÑA,Busca tabla invitado
*************
10/10/2023 19:38:56,,Ingreso USUARIO,Busca tabla invitado
*************
10/10/2023 19:38:56,ross,Ingreso CONTRASEÑA,Busca tabla invitado
*************
10/10/2023 19:41:59,ross,Actualizacon Medico,Medico=MARTINEZ DAMELIS
*************
10/10/2023 19:43:01,ross,Actualizacon Medico,Medico=MUÑOZ NELSON
*************
10/10/2023 19:43:35,ross,Actualizacon Medico,Medico=AGUILAR SANDY
*************
10/10/2023 19:44:10,ross,Actualizacon Medico,Medico=POZO HECTOR
*************
10/10/2023 19:45:03,ross,Actualizacon Medico,Medico=RECALDE MARCELA
*************
10/10/2023 19:45:29,ross,Actualizacon Medico,Medico=COLLADO KENIE
*************
10/10/2023 19:52:48,,Ingreso USUARIO,Busca tabla invitado
*************
10/10/2023 19:52:49,ross,Ingreso CONTRASEÑA,Busca tabla invitado
*************
10/10/2023 19:56:15,ross,Operación de Movimiento Inventario,
*************
10/10/2023 19:56:15,ross,Inserción de detalle movimiento inventario,
*************
10/10/2023 20:18:55,,Ingreso USUARIO,Busca tabla invitado
*************
10/10/2023 20:18:56,ross,Ingreso CONTRASEÑA,Busca tabla invitado
*************
10/10/2023 20:39:11,,Ingreso USUARIO,Busca tabla invitado
*************
10/10/2023 20:39:15,ross,Ingreso CONTRASEÑA,Busca tabla invitado
*************
10/10/2023 20:52:14,,Ingreso USUARIO,Busca tabla invitado
*************
10/10/2023 20:52:15,ross,Ingreso CONTRASEÑA,Busca tabla invitado
*************
10/10/2023 21:02:45,ross,Nuevo Pedido PRE CARGA,NORMAL/193
*************
10/10/2023 21:04:51,ross,Operación de Movimiento Inventario,
*************
10/10/2023 21:04:51,ross,Inserción de detalle movimiento inventario,
*************
10/10/2023 21:17:01,,Ingreso USUARIO,Busca tabla invitado
*************
10/10/2023 21:17:02,ross,Ingreso CONTRASEÑA,Busca tabla invitado
*************
10/10/2023 21:28:57,,Ingreso USUARIO,Busca tabla invitado
*************
10/10/2023 21:28:58,ross,Ingreso CONTRASEÑA,Busca tabla invitado
*************
10/10/2023 22:00:46,,Ingreso USUARIO,Busca tabla invitado
*************
10/10/2023 22:00:47,ross,Ingreso CONTRASEÑA,Busca tabla invitado
*************
11/10/2023 9:03:51,,Ingreso USUARIO,Busca tabla invitado
*************
11/10/2023 9:03:53,ross,Ingreso CONTRASEÑA,Busca tabla invitado
*************
11/10/2023 9:06:07,ross,Nuevo Pedido PRE CARGA,NORMAL/194
*************
11/10/2023 9:08:23,,Ingreso USUARIO,Busca tabla invitado
*************
11/10/2023 9:08:23,ross,Ingreso CONTRASEÑA,Busca tabla invitado
*************
11/10/2023 9:10:06,,Ingreso USUARIO,Busca tabla invitado
*************
11/10/2023 9:10:07,ross,Ingreso CONTRASEÑA,Busca tabla invitado
*************
10/10/2023 9:12:17,ross,Nuevo Pedido PRE CARGA,NORMAL/195
*************
10/10/2023 9:12:50,ross,Operación de Movimiento Inventario,
*************
10/10/2023 9:12:50,ross,Inserción de detalle movimiento inventario,
*************
10/10/2023 9:19:52,ross,Operación de Movimiento Inventario,
*************
10/10/2023 9:19:52,ross,Inserción de detalle movimiento inventario,
*************
10/10/2023 9:33:29,,Ingreso USUARIO,Busca tabla invitado
*************
10/10/2023 9:41:33,,Ingreso USUARIO,Busca tabla invitado
*************
10/10/2023 9:41:33,ross,Ingreso CONTRASEÑA,Busca tabla invitado
*************
10/10/2023 9:45:43,,Ingreso USUARIO,Busca tabla invitado
*************
10/10/2023 9:45:43,ross,Ingreso CONTRASEÑA,Busca tabla invitado
*************
10/10/2023 9:55:54,,Ingreso USUARIO,Busca tabla invitado
*************
10/10/2023 9:55:55,ross,Ingreso CONTRASEÑA,Busca tabla invitado
*************
10/10/2023 10:08:25,,Ingreso USUARIO,Busca tabla invitado
*************
10/10/2023 10:08:26,ross,Ingreso CONTRASEÑA,Busca tabla invitado
*************
10/10/2023 10:52:53,,Ingreso USUARIO,Busca tabla invitado
*************
10/10/2023 10:52:54,ross,Ingreso CONTRASEÑA,Busca tabla invitado
*************
10/10/2023 10:56:53,,Ingreso USUARIO,Busca tabla invitado
*************
10/10/2023 10:56:54,ross,Ingreso CONTRASEÑA,Busca tabla invitado
*************
10/10/2023 11:18:06,,Ingreso USUARIO,Busca tabla invitado
*************
10/10/2023 11:18:08,ross,Ingreso CONTRASEÑA,Busca tabla invitado
*************
10/10/2023 11:22:26,,Ingreso USUARIO,Busca tabla invitado
*************
10/10/2023 11:22:28,,Ingreso CONTRASEÑA FALLIDO,
*************
10/10/2023 11:22:28,,Ingreso CONTRASEÑA,Busca tabla invitado
*************
10/10/2023 11:22:29,ross,Ingreso CONTRASEÑA,Busca tabla invitado
*************
10/10/2023 11:26:11,,Ingreso USUARIO,Busca tabla invitado
*************
10/10/2023 11:26:12,ross,Ingreso CONTRASEÑA,Busca tabla invitado
*************
12/10/2023 9:32:00,,Ingreso USUARIO,Busca tabla invitado
*************
12/10/2023 9:32:00,ross,Ingreso CONTRASEÑA,Busca tabla invitado
*************
12/10/2023 9:37:39,,Ingreso USUARIO,Busca tabla invitado
*************
12/10/2023 9:37:40,ross,Ingreso CONTRASEÑA,Busca tabla invitado
*************
13/10/2023 20:38:25,,Ingreso USUARIO,Busca tabla invitado
*************
13/10/2023 20:38:26,ross,Ingreso CONTRASEÑA,Busca tabla invitado
*************
13/10/2023 21:08:06,,Ingreso USUARIO,Busca tabla invitado
*************
13/10/2023 21:08:07,ross,Ingreso CONTRASEÑA,Busca tabla invitado
*************
13/10/2023 21:12:19,,Ingreso USUARIO,Busca tabla invitado
*************
13/10/2023 21:12:20,ross,Ingreso CONTRASEÑA,Busca tabla invitado
*************
16/10/2023 12:20:34,,Ingreso USUARIO,Busca tabla invitado
*************
16/10/2023 12:20:34,ross,Ingreso CONTRASEÑA,Busca tabla invitado
*************
16/10/2023 12:52:08,,Ingreso USUARIO,Busca tabla invitado
*************
16/10/2023 12:52:08,ross,Ingreso CONTRASEÑA,Busca tabla invitado
*************
16/10/2023 20:41:11,,Ingreso USUARIO,Busca tabla invitado
*************
16/10/2023 20:41:12,,Ingreso CONTRASEÑA FALLIDO,
*************
16/10/2023 20:41:12,,Ingreso CONTRASEÑA,Busca tabla invitado
*************
16/10/2023 20:41:13,ross,Ingreso CONTRASEÑA,Busca tabla invitado
*************
16/10/2023 20:42:11,ross,Nuevo Pedido PRE CARGA,NORMAL/210
*************
17/10/2023 18:30:08,,Ingreso USUARIO,Busca tabla invitado
*************
17/10/2023 18:30:09,ross,Ingreso CONTRASEÑA,Busca tabla invitado
*************
17/10/2023 18:31:33,ross,Actualizacon Medico,Medico=GABRIELA MORALES
*************
17/10/2023 18:32:02,ross,Nuevo Pedido PRE CARGA,NORMAL/211
*************
19/10/2023 12:20:28,,Ingreso USUARIO,Busca tabla invitado
*************
19/10/2023 12:20:28,ross,Ingreso CONTRASEÑA,Busca tabla invitado
*************
19/10/2023 12:23:24,ross,Guardar palabra,PALABRA=+
*************
19/10/2023 12:23:30,ross,Guardar palabra,PALABRA=++
*************
19/10/2023 12:23:37,ross,Guardar palabra,PALABRA=+++
*************
19/10/2023 12:23:43,ross,Guardar palabra,PALABRA=ESCASAS
*************
23/10/2023 18:40:34,,Ingreso USUARIO,Busca tabla invitado
*************
23/10/2023 18:40:35,ross,Ingreso CONTRASEÑA,Busca tabla invitado
*************
23/10/2023 18:41:25,ross,01 GENERAR ORDEN  NORMAL EXAMENES: 400101,400149,400150,400476,400151,400295,,PEDIDO=211
*************
23/10/2023 18:41:56,ross,GUARDA RESULTADOS,WBCH=3
*************
23/10/2023 18:41:56,ross,GUARDA RESULTADOS,NEUH=3
*************
23/10/2023 18:41:56,ross,GUARDA RESULTADOS,LYMH=3
*************
23/10/2023 18:41:56,ross,GUARDA RESULTADOS,MONH2=3
*************
23/10/2023 18:41:56,ross,GUARDA RESULTADOS,EOSH=3
*************
23/10/2023 18:41:56,ross,GUARDA RESULTADOS,BASOH=3
*************
23/10/2023 18:41:56,ross,GUARDA RESULTADOS,NEU%25H=4
*************
23/10/2023 18:41:56,ross,GUARDA RESULTADOS,LYM%25H=4
*************
23/10/2023 18:41:56,ross,GUARDA RESULTADOS,MON%25H=4
*************
23/10/2023 18:41:57,ross,GUARDA RESULTADOS,EOS%25H=4
*************
23/10/2023 18:41:57,ross,GUARDA RESULTADOS,BASO%25H=44
*************
23/10/2023 18:41:57,ross,GUARDA RESULTADOS,RBCH=4
*************
23/10/2023 18:41:57,ross,GUARDA RESULTADOS,HCTH=5
*************
23/10/2023 18:41:57,ross,GUARDA RESULTADOS,HGBH=5
*************
23/10/2023 18:41:57,ross,GUARDA RESULTADOS,MCVH=5
*************
23/10/2023 18:41:57,ross,GUARDA RESULTADOS,MCHH=5
*************
23/10/2023 18:41:57,ross,GUARDA RESULTADOS,MCHCH=55
*************
23/10/2023 18:41:57,ross,GUARDA RESULTADOS,RDW-CVH=5
*************
23/10/2023 18:41:57,ross,GUARDA RESULTADOS,RDW-SDH=6
*************
23/10/2023 18:41:57,ross,GUARDA RESULTADOS,PLTH=6
*************
23/10/2023 18:41:57,ross,GUARDA RESULTADOS,MPVH=6
*************
23/10/2023 18:41:57,ross,GUARDA RESULTADOS,PDWH=6
*************
23/10/2023 18:41:57,ross,GUARDA RESULTADOS,PCTH=6
*************
23/10/2023 18:41:58,ross,GUARDA RESULTADOS,P-LCRH=6
*************
23/10/2023 18:41:58,ross,GUARDA RESULTADOS,P-LCCH=7
*************
23/10/2023 18:42:13,ross,GUARDA RESULTADOS,BHH=MEMO
*************
23/10/2023 18:42:13,ross,GUARDA RESULTADOS,COLH=178
*************
23/10/2023 18:42:13,ross,GUARDA RESULTADOS,AHDLH=32
*************
23/10/2023 18:42:13,ross,GUARDA RESULTADOS,LDLH=121.2
*************
23/10/2023 18:42:13,ross,GUARDA RESULTADOS,TGLH=124
*************
23/10/2023 18:42:24,ross,VALIDACION RESULTADO,PEDIDO=211/400101
*************
23/10/2023 18:42:24,ross,VALIDACION RESULTADO,PEDIDO=211/400149
*************
23/10/2023 18:42:24,ross,VALIDACION RESULTADO,PEDIDO=211/400150
*************
23/10/2023 18:42:24,ross,VALIDACION RESULTADO,PEDIDO=211/400151
*************
23/10/2023 18:42:24,ross,VALIDACION RESULTADO,PEDIDO=211/400476
*************
23/10/2023 18:42:25,ross,Eliminar resultado AUX_HIS,
*************
23/10/2023 18:42:54,ross,IMPRIME POR AREA,PEDIDO=211
*************
24/10/2023 9:03:18,,Ingreso USUARIO,Busca tabla invitado
*************
24/10/2023 9:03:18,ross,Ingreso CONTRASEÑA,Busca tabla invitado
*************
24/10/2023 9:03:52,ross,Nuevo Pedido PRE CARGA,NORMAL/212
*************
24/10/2023 9:14:41,,Ingreso USUARIO,Busca tabla invitado
*************
24/10/2023 9:14:48,,Ingreso CONTRASEÑA FALLIDO,
*************
24/10/2023 9:14:48,,Ingreso CONTRASEÑA,Busca tabla invitado
*************
24/10/2023 9:14:52,ross,Ingreso CONTRASEÑA,Busca tabla invitado
*************
24/10/2023 9:38:51,,Ingreso USUARIO,Busca tabla invitado
*************
24/10/2023 9:38:51,ross,Ingreso CONTRASEÑA,Busca tabla invitado
*************
24/10/2023 9:42:23,,Ingreso USUARIO,Busca tabla invitado
*************
24/10/2023 9:42:23,ross,Ingreso CONTRASEÑA,Busca tabla invitado
*************
24/10/2023 9:46:14,,Ingreso USUARIO,Busca tabla invitado
*************
24/10/2023 9:46:15,ross,Ingreso CONTRASEÑA,Busca tabla invitado
*************
24/10/2023 9:57:18,,Ingreso USUARIO,Busca tabla invitado
*************
24/10/2023 9:57:19,ross,Ingreso CONTRASEÑA,Busca tabla invitado
*************
24/10/2023 10:01:43,,Ingreso USUARIO,Busca tabla invitado
*************
24/10/2023 10:01:43,ross,Ingreso CONTRASEÑA,Busca tabla invitado
*************
24/10/2023 10:05:47,,Ingreso USUARIO,Busca tabla invitado
*************
24/10/2023 10:05:48,ross,Ingreso CONTRASEÑA,Busca tabla invitado
*************
24/10/2023 10:11:16,,Ingreso USUARIO,Busca tabla invitado
*************
24/10/2023 10:11:17,ross,Ingreso CONTRASEÑA,Busca tabla invitado
*************
24/10/2023 18:18:10,,Ingreso USUARIO,Busca tabla invitado
*************
24/10/2023 18:18:12,,Ingreso CONTRASEÑA FALLIDO,
*************
24/10/2023 18:18:12,,Ingreso CONTRASEÑA,Busca tabla invitado
*************
24/10/2023 18:18:13,ross123,Ingreso CONTRASEÑA,Busca tabla invitado
*************
24/10/2023 18:18:55,ross123,GUARDA RESULTADOS,BHH=MEMO
*************
24/10/2023 18:18:55,ross123,GUARDA RESULTADOS,COLH=120
*************
24/10/2023 18:18:56,ross123,GUARDA RESULTADOS,AHDLH=45
*************
24/10/2023 18:18:56,ross123,GUARDA RESULTADOS,LDLH=37.6
*************
24/10/2023 18:18:56,ross123,GUARDA RESULTADOS,TGLH=187
*************
24/10/2023 18:20:30,ross123,Eliminar resultado AUX_HIS,
*************
25/10/2023 14:30:57,,Ingreso USUARIO,Busca tabla invitado
*************
25/10/2023 14:30:58,ross,Ingreso CONTRASEÑA,Busca tabla invitado
*************
30/10/2023 16:15:15,,Ingreso USUARIO,Busca tabla invitado
*************
30/10/2023 16:15:16,ross123,Ingreso CONTRASEÑA,Busca tabla invitado
*************
30/10/2023 16:32:21,,Ingreso USUARIO,Busca tabla invitado
*************
30/10/2023 16:32:22,ross123,Ingreso CONTRASEÑA,Busca tabla invitado
*************
30/10/2023 16:43:34,,Ingreso USUARIO,Busca tabla invitado
*************
30/10/2023 16:43:35,ross123,Ingreso CONTRASEÑA,Busca tabla invitado
*************
30/10/2023 16:48:30,ross123,Actualizacon Medico,Medico=MEDICO PARTICULAR
*************
30/10/2023 16:48:35,ross123,Actualizacon Medico,Medico=GABRIELA MORALES
*************
30/10/2023 17:32:11,,Ingreso USUARIO,Busca tabla invitado
*************
30/10/2023 17:32:11,ross,Ingreso CONTRASEÑA,Busca tabla invitado
*************
31/10/2023 11:29:24,,Ingreso USUARIO,Busca tabla invitado
*************
31/10/2023 11:29:25,ross,Ingreso CONTRASEÑA,Busca tabla invitado
*************
