02/09/2024 20:35:15,,Ingreso USUARIO,Busca tabla invitado
*************
02/09/2024 20:35:16,ross,Ingreso CONTRASEÑA,Busca tabla invitado
*************
02/09/2024 20:35:44,ross,IMPRIME POR AREA,PEDIDO=279
*************
02/09/2024 20:42:05,ross,IMPRIME POR AREA,PEDIDO=279
*************
02/09/2024 20:42:17,ross,IMPRIME POR AREA,PEDIDO=279
*************
02/09/2024 20:53:15,ross,IMPRIME POR AREA,PEDIDO=279
*************
08/09/2024 15:17:52,,Ingreso USUARIO,Busca tabla invitado
*************
08/09/2024 15:19:28,,Ingreso USUARIO,Busca tabla invitado
*************
08/09/2024 15:19:29,ross,Ingreso CONTRASEÑA,Busca tabla invitado
*************
08/09/2024 15:25:06,,Ingreso USUARIO,Busca tabla invitado
*************
08/09/2024 15:25:07,ross,Ingreso CONTRASEÑA,Busca tabla invitado
*************
08/09/2024 15:37:42,,Ingreso USUARIO,Busca tabla invitado
*************
08/09/2024 15:37:43,ross,Ingreso CONTRASEÑA,Busca tabla invitado
*************
09/09/2024 15:05:04,,Ingreso USUARIO,Busca tabla invitado
*************
09/09/2024 15:05:07,ross,Ingreso CONTRASEÑA,Busca tabla invitado
*************
09/09/2024 15:12:56,,Ingreso USUARIO,Busca tabla invitado
*************
09/09/2024 15:12:58,ross,Ingreso CONTRASEÑA,Busca tabla invitado
*************
12/09/2024 20:17:45,,Ingreso USUARIO,Busca tabla invitado
*************
12/09/2024 20:17:45,ross,Ingreso CONTRASEÑA,Busca tabla invitado
*************
12-09-2024 20:54:53,,Ingreso USUARIO,Busca tabla invitado
*************
12-09-2024 20:54:54,ross,Ingreso CONTRASEÑA,Busca tabla invitado
*************
12-09-2024 20:58:38,,Ingreso USUARIO,Busca tabla invitado
*************
12-09-2024 20:58:39,ross,Ingreso CONTRASEÑA,Busca tabla invitado
*************
12/09/2024 21:06:39,,Ingreso USUARIO,Busca tabla invitado
*************
12/09/2024 21:06:40,ross,Ingreso CONTRASEÑA,Busca tabla invitado
*************
12/09/2024 21:07:30,ross,Nuevo Pedido PRE CARGA,NORMAL/17
*************
12/09/2024 21:07:30,ross,GUARDA ENCUESTA,1421
*************
12/09/2024 21:14:43,,Ingreso USUARIO,Busca tabla invitado
*************
12/09/2024 21:14:44,ross,Ingreso CONTRASEÑA,Busca tabla invitado
*************
12/09/2024 21:16:40,,Ingreso USUARIO,Busca tabla invitado
*************
12/09/2024 21:16:41,ross,Ingreso CONTRASEÑA,Busca tabla invitado
*************
12/09/2024 21:19:00,,Ingreso USUARIO,Busca tabla invitado
*************
12/09/2024 21:19:01,ross,Ingreso CONTRASEÑA,Busca tabla invitado
*************
12/09/2024 21:26:30,,Ingreso USUARIO,Busca tabla invitado
*************
12/09/2024 21:26:31,ross,Ingreso CONTRASEÑA,Busca tabla invitado
*************
12/09/2024 21:29:54,,Ingreso USUARIO,Busca tabla invitado
*************
12/09/2024 21:29:55,ross,Ingreso CONTRASEÑA,Busca tabla invitado
*************
12/09/2024 21:32:02,,Ingreso USUARIO,Busca tabla invitado
*************
12/09/2024 21:32:03,ross,Ingreso CONTRASEÑA,Busca tabla invitado
*************
13/09/2024 1:21:29,,Ingreso USUARIO,Busca tabla invitado
*************
13/09/2024 1:21:32,ross,Ingreso CONTRASEÑA,Busca tabla invitado
*************
13/09/2024 1:23:05,ross,Nuevo Pedido PRE CARGA,NORMAL/16
*************
13/09/2024 1:23:05,ross,GUARDA ENCUESTA,898
*************
13/09/2024 1:25:18,ross,Operación de Movimiento Inventario,
*************
13/09/2024 1:25:18,ross,Inserción de detalle movimiento inventario,
*************
13/09/2024 10:30:51,,Ingreso USUARIO,Busca tabla invitado
*************
13/09/2024 10:30:52,ross,Ingreso CONTRASEÑA,Busca tabla invitado
*************
13/09/2024 14:49:57,,Ingreso USUARIO,Busca tabla invitado
*************
13/09/2024 14:49:59,ross,Ingreso CONTRASEÑA,Busca tabla invitado
*************
13/09/2024 14:52:56,,Ingreso USUARIO,Busca tabla invitado
*************
13/09/2024 14:52:57,ross,Ingreso CONTRASEÑA,Busca tabla invitado
*************
13/09/2024 14:56:02,,Ingreso USUARIO,Busca tabla invitado
*************
13/09/2024 14:56:03,ross,Ingreso CONTRASEÑA,Busca tabla invitado
*************
13/09/2024 14:57:50,,Ingreso USUARIO,Busca tabla invitado
*************
13/09/2024 14:57:51,ross,Ingreso CONTRASEÑA,Busca tabla invitado
*************
13/09/2024 14:58:20,ross,Operación de Movimiento Inventario,
*************
13/09/2024 14:58:20,ross,Inserción de detalle movimiento inventario,
*************
13/09/2024 16:37:02,,Ingreso USUARIO,Busca tabla invitado
*************
13/09/2024 16:37:04,ross,Ingreso CONTRASEÑA,Busca tabla invitado
*************
13/09/2024 16:55:23,,Ingreso USUARIO,Busca tabla invitado
*************
13/09/2024 16:55:24,ross,Ingreso CONTRASEÑA,Busca tabla invitado
*************
13/09/2024 16:57:26,,Ingreso USUARIO,Busca tabla invitado
*************
13/09/2024 16:57:27,ross,Ingreso CONTRASEÑA,Busca tabla invitado
*************
13/09/2024 16:57:47,ross,Operación de Movimiento Inventario,
*************
13/09/2024 16:57:47,ross,Inserción de detalle movimiento inventario,
*************
13/09/2024 17:02:22,,Ingreso USUARIO,Busca tabla invitado
*************
13/09/2024 17:02:23,ross,Ingreso CONTRASEÑA,Busca tabla invitado
*************
13/09/2024 17:32:32,,Ingreso USUARIO,Busca tabla invitado
*************
13/09/2024 17:32:32,ross,Ingreso CONTRASEÑA,Busca tabla invitado
*************
13/09/2024 17:34:43,,Ingreso USUARIO,Busca tabla invitado
*************
13/09/2024 17:34:44,ross,Ingreso CONTRASEÑA,Busca tabla invitado
*************
13/09/2024 17:48:53,ross,CUTANEAS,AL_CERDOH
*************
13/09/2024 17:48:53,ross,CUTANEAS,AL_POLLOH
*************
13/09/2024 17:48:53,ross,CUTANEAS,AL_CORVINAH
*************
13/09/2024 17:48:53,ross,CUTANEAS,AL_ATUNH
*************
13/09/2024 17:48:53,ross,CUTANEAS,AL_LANGOSTAH
*************
13/09/2024 17:48:53,ross,CUTANEAS,AL_CAMARONH
*************
13/09/2024 17:48:53,ross,CUTANEAS,AL_LECHEH
*************
13/09/2024 17:48:53,ross,CUTANEAS,AL_HUEVOCIH
*************
13/09/2024 17:48:53,ross,CUTANEAS,AL_YEMAH
*************
13/09/2024 17:48:53,ross,CUTANEAS,AL_TRIGOH
*************
13/09/2024 17:48:53,ross,CUTANEAS,AL_MAIZH
*************
13/09/2024 17:48:53,ross,CUTANEAS,AL_ARROZH
*************
13/09/2024 17:48:53,ross,CUTANEAS,AL_FREJOLH
*************
13/09/2024 17:48:53,ross,CUTANEAS,AL_LENTEJAH
*************
13/09/2024 17:48:53,ross,CUTANEAS,AL_HABAH
*************
13/09/2024 17:48:53,ross,CUTANEAS,AL_TOMATEH
*************
13/09/2024 17:48:53,ross,CUTANEAS,AL_ZANAHORIAH
*************
13/09/2024 17:48:53,ross,CUTANEAS,AL_MANIH
*************
13/09/2024 17:48:53,ross,CUTANEAS,AL_CHOCOLATEH
*************
13/09/2024 17:48:53,ross,CUTANEAS,AL_NARANJAH
*************
13/09/2024 17:48:53,ross,CUTANEAS,AL_PIÑAH
*************
13/09/2024 17:48:53,ross,CUTANEAS,AL_FRUTILLAH
*************
13/09/2024 17:49:14,ross,CUTANEAS,AL_CERDOH
*************
13/09/2024 17:49:14,ross,CUTANEAS,AL_POLLOH
*************
13/09/2024 17:49:14,ross,CUTANEAS,AL_CORVINAH
*************
13/09/2024 17:49:14,ross,CUTANEAS,AL_ATUNH
*************
13/09/2024 17:49:14,ross,CUTANEAS,AL_LANGOSTAH
*************
13/09/2024 17:49:14,ross,CUTANEAS,AL_CAMARONH
*************
13/09/2024 17:49:14,ross,CUTANEAS,AL_LECHEH
*************
13/09/2024 17:49:14,ross,CUTANEAS,AL_HUEVOCIH
*************
13/09/2024 17:49:14,ross,CUTANEAS,AL_YEMAH
*************
13/09/2024 17:49:14,ross,CUTANEAS,AL_TRIGOH
*************
13/09/2024 17:49:14,ross,CUTANEAS,AL_MAIZH
*************
13/09/2024 17:49:14,ross,CUTANEAS,AL_ARROZH
*************
13/09/2024 17:49:14,ross,CUTANEAS,AL_FREJOLH
*************
13/09/2024 17:49:14,ross,CUTANEAS,AL_LENTEJAH
*************
13/09/2024 17:49:14,ross,CUTANEAS,AL_HABAH
*************
13/09/2024 17:49:14,ross,CUTANEAS,AL_TOMATEH
*************
13/09/2024 17:49:14,ross,CUTANEAS,AL_ZANAHORIAH
*************
13/09/2024 17:49:14,ross,CUTANEAS,AL_MANIH
*************
13/09/2024 17:49:14,ross,CUTANEAS,AL_CHOCOLATEH
*************
13/09/2024 17:49:14,ross,CUTANEAS,AL_NARANJAH
*************
13/09/2024 17:49:14,ross,CUTANEAS,AL_PIÑAH
*************
13/09/2024 17:49:14,ross,CUTANEAS,AL_FRUTILLAH
*************
16/09/2024 17:04:41,,Ingreso USUARIO,Busca tabla invitado
*************
16/09/2024 17:04:42,ross,Ingreso CONTRASEÑA,Busca tabla invitado
*************
16/09/2024 17:06:18,ross,Nuevo Producto,
*************
16/09/2024 17:13:04,,Ingreso USUARIO,Busca tabla invitado
*************
16/09/2024 17:13:05,ross,Ingreso CONTRASEÑA,Busca tabla invitado
*************
16/09/2024 17:13:35,ross,Actualizar Producto,
*************
16/09/2024 17:15:03,ross,Eliminar Producto,
*************
16/09/2024 17:22:04,,Ingreso USUARIO,Busca tabla invitado
*************
16/09/2024 17:22:05,ross,Ingreso CONTRASEÑA,Busca tabla invitado
*************
16/09/2024 17:22:50,ross,Nuevo Producto,
*************
16/09/2024 17:39:26,,Ingreso USUARIO,Busca tabla invitado
*************
16/09/2024 17:39:27,ross,Ingreso CONTRASEÑA,Busca tabla invitado
*************
16/09/2024 17:40:04,ross,Actualizar Producto,
*************
16/09/2024 17:40:59,ross,Eliminar Producto,
*************
16/09/2024 18:09:02,,Ingreso USUARIO,Busca tabla invitado
*************
16/09/2024 18:09:02,ross,Ingreso CONTRASEÑA,Busca tabla invitado
*************
16/09/2024 18:09:39,ross,Eliminar Producto,
*************
16/09/2024 18:10:16,ross,Nuevo Producto,
*************
16/09/2024 18:10:46,ross,Actualizar Producto,
*************
16/09/2024 18:11:25,ross,Eliminar Producto,
*************
16/09/2024 18:20:18,,Ingreso USUARIO,Busca tabla invitado
*************
16/09/2024 18:20:19,ross,Ingreso CONTRASEÑA,Busca tabla invitado
*************
16/09/2024 18:20:44,ross,Nuevo Producto,
*************
16/09/2024 18:21:07,ross,Eliminar Producto,
*************
16/09/2024 18:25:34,ross,CUTANEAS,AL_CERDOH
*************
16/09/2024 18:25:34,ross,CUTANEAS,AL_POLLOH
*************
16/09/2024 18:25:34,ross,CUTANEAS,AL_CORVINAH
*************
16/09/2024 18:25:34,ross,CUTANEAS,AL_ATUNH
*************
16/09/2024 18:25:34,ross,CUTANEAS,AL_LANGOSTAH
*************
16/09/2024 18:25:34,ross,CUTANEAS,AL_CAMARONH
*************
16/09/2024 18:25:34,ross,CUTANEAS,AL_LECHEH
*************
16/09/2024 18:25:34,ross,CUTANEAS,AL_HUEVOCIH
*************
16/09/2024 18:25:34,ross,CUTANEAS,AL_YEMAH
*************
16/09/2024 18:25:34,ross,CUTANEAS,AL_TRIGOH
*************
16/09/2024 18:25:34,ross,CUTANEAS,AL_MAIZH
*************
16/09/2024 18:25:34,ross,CUTANEAS,AL_ARROZH
*************
16/09/2024 18:25:34,ross,CUTANEAS,AL_FREJOLH
*************
16/09/2024 18:25:34,ross,CUTANEAS,AL_LENTEJAH
*************
16/09/2024 18:25:34,ross,CUTANEAS,AL_HABAH
*************
16/09/2024 18:25:34,ross,CUTANEAS,AL_TOMATEH
*************
16/09/2024 18:25:34,ross,CUTANEAS,AL_ZANAHORIAH
*************
16/09/2024 18:25:34,ross,CUTANEAS,AL_MANIH
*************
16/09/2024 18:25:34,ross,CUTANEAS,AL_CHOCOLATEH
*************
16/09/2024 18:25:34,ross,CUTANEAS,AL_NARANJAH
*************
16/09/2024 18:25:34,ross,CUTANEAS,AL_PIÑAH
*************
16/09/2024 18:25:34,ross,CUTANEAS,AL_FRUTILLAH
*************
17/09/2024 9:58:16,,Ingreso USUARIO,Busca tabla invitado
*************
17/09/2024 9:58:17,ross,Ingreso CONTRASEÑA,Busca tabla invitado
*************
17/09/2024 10:11:33,,Ingreso USUARIO,Busca tabla invitado
*************
17/09/2024 10:11:34,ross,Ingreso CONTRASEÑA,Busca tabla invitado
*************
17/09/2024 10:24:55,,Ingreso USUARIO,Busca tabla invitado
*************
17/09/2024 10:24:56,ross,Ingreso CONTRASEÑA,Busca tabla invitado
*************
17/09/2024 10:43:17,,Ingreso USUARIO,Busca tabla invitado
*************
17/09/2024 10:43:18,ross,Ingreso CONTRASEÑA,Busca tabla invitado
*************
17/09/2024 10:46:22,,Ingreso USUARIO,Busca tabla invitado
*************
17/09/2024 10:46:23,ross,Ingreso CONTRASEÑA,Busca tabla invitado
*************
17/09/2024 10:48:09,,Ingreso USUARIO,Busca tabla invitado
*************
17/09/2024 10:48:11,ross,Ingreso CONTRASEÑA,Busca tabla invitado
*************
17/09/2024 11:15:42,,Ingreso USUARIO,Busca tabla invitado
*************
17/09/2024 11:15:43,ross,Ingreso CONTRASEÑA,Busca tabla invitado
*************
17/09/2024 11:20:14,,Ingreso USUARIO,Busca tabla invitado
*************
17/09/2024 11:20:15,ross,Ingreso CONTRASEÑA,Busca tabla invitado
*************
17/09/2024 14:26:36,,Ingreso USUARIO,Busca tabla invitado
*************
17/09/2024 14:26:37,ross,Ingreso CONTRASEÑA,Busca tabla invitado
*************
17/09/2024 14:53:22,,Ingreso USUARIO,Busca tabla invitado
*************
17/09/2024 14:53:25,,Ingreso CONTRASEÑA FALLIDO,
*************
17/09/2024 14:53:25,,Ingreso CONTRASEÑA,Busca tabla invitado
*************
17/09/2024 14:53:26,ross,Ingreso CONTRASEÑA,Busca tabla invitado
*************
17/09/2024 14:58:18,ross,Nuevo Pedido PRE CARGA,NORMAL/19
*************
17/09/2024 14:58:18,ross,GUARDA ENCUESTA,1567
*************
17/09/2024 14:59:00,ross,Operación de Movimiento Inventario,
*************
17/09/2024 14:59:00,ross,Inserción de detalle movimiento inventario,
*************
20/09/2024 12:23:52,,Ingreso USUARIO,Busca tabla invitado
*************
20/09/2024 12:23:52,ross,Ingreso CONTRASEÑA,Busca tabla invitado
*************
20/09/2024 12:27:35,,Ingreso USUARIO,Busca tabla invitado
*************
20/09/2024 12:27:36,ross,Ingreso CONTRASEÑA,Busca tabla invitado
*************
20/09/2024 12:42:53,,Ingreso USUARIO,Busca tabla invitado
*************
20/09/2024 12:42:55,ross,Ingreso CONTRASEÑA,Busca tabla invitado
*************
20/09/2024 12:47:42,,Ingreso USUARIO,Busca tabla invitado
*************
20/09/2024 12:47:43,ross,Ingreso CONTRASEÑA,Busca tabla invitado
*************
20/09/2024 12:50:32,,Ingreso USUARIO,Busca tabla invitado
*************
20/09/2024 12:50:33,ross,Ingreso CONTRASEÑA,Busca tabla invitado
*************
20/09/2024 12:52:04,,Ingreso USUARIO,Busca tabla invitado
*************
20/09/2024 12:52:06,ross,Ingreso CONTRASEÑA,Busca tabla invitado
*************
20/09/2024 13:01:52,,Ingreso USUARIO,Busca tabla invitado
*************
20/09/2024 13:01:52,ross,Ingreso CONTRASEÑA,Busca tabla invitado
*************
20/09/2024 13:02:47,ross,IMPRIMIR CONTRAORDEN,
*************
20/09/2024 17:06:34,,Ingreso USUARIO,Busca tabla invitado
*************
20/09/2024 17:06:34,ross,Ingreso CONTRASEÑA,Busca tabla invitado
*************
