02/08/2017 17:00:00,,Ingreso USUARIO,Busca tabla invitado
*************
02/08/2017 17:00:02,ross,Ingreso CONTRASEÑA,Busca tabla invitado
*************
03/08/2017 10:56:15,,Ingreso USUARIO,Busca tabla invitado
*************
03/08/2017 10:56:15,ross,Ingreso CONTRASEÑA,Busca tabla invitado
*************
03/08/2017 11:03:47,,Ingreso USUARIO,Busca tabla invitado
*************
03/08/2017 11:03:47,ross,Ingreso CONTRASEÑA,Busca tabla invitado
*************
03/08/2017 11:17:43,,Ingreso USUARIO,Busca tabla invitado
*************
03/08/2017 11:17:46,ross,Ingreso CONTRASEÑA,Busca tabla invitado
*************
03/08/2017 11:19:14,,Ingreso USUARIO,Busca tabla invitado
*************
03/08/2017 11:19:15,ross,Ingreso CONTRASEÑA,Busca tabla invitado
*************
03/08/2017 11:21:05,,Ingreso USUARIO,Busca tabla invitado
*************
03/08/2017 11:21:06,ross,Ingreso CONTRASEÑA,Busca tabla invitado
*************
03/08/2017 11:25:52,,Ingreso USUARIO,Busca tabla invitado
*************
03/08/2017 11:25:53,ross,Ingreso CONTRASEÑA,Busca tabla invitado
*************
03/08/2017 11:43:57,,Ingreso USUARIO,Busca tabla invitado
*************
03/08/2017 11:43:58,ross,Ingreso CONTRASEÑA,Busca tabla invitado
*************
03/08/2017 11:46:52,,Ingreso USUARIO,Busca tabla invitado
*************
03/08/2017 11:46:53,ross,Ingreso CONTRASEÑA,Busca tabla invitado
*************
03/08/2017 11:49:16,,Ingreso USUARIO,Busca tabla invitado
*************
03/08/2017 11:49:17,ross,Ingreso CONTRASEÑA,Busca tabla invitado
*************
03/08/2017 12:15:13,,Ingreso USUARIO,Busca tabla invitado
*************
03/08/2017 12:15:14,ross,Ingreso CONTRASEÑA,Busca tabla invitado
*************
03/08/2017 12:18:01,,Ingreso USUARIO,Busca tabla invitado
*************
03/08/2017 12:18:03,ross,Ingreso CONTRASEÑA,Busca tabla invitado
*************
03/08/2017 12:20:27,,Ingreso USUARIO,Busca tabla invitado
*************
03/08/2017 12:20:29,ross,Ingreso CONTRASEÑA,Busca tabla invitado
*************
03/08/2017 12:26:11,,Ingreso USUARIO,Busca tabla invitado
*************
03/08/2017 12:26:12,ross,Ingreso CONTRASEÑA,Busca tabla invitado
*************
04/08/2017 14:06:17,,Ingreso USUARIO,Busca tabla invitado
*************
04/08/2017 14:06:27,ross,Ingreso CONTRASEÑA,Busca tabla invitado
*************
04/08/2017 14:13:21,ross,IMPRIME TODO,PEDIDO=565
*************
04/08/2017 16:04:36,,Ingreso USUARIO,Busca tabla invitado
*************
04/08/2017 16:04:38,ross,Ingreso CONTRASEÑA,Busca tabla invitado
*************
04/08/2017 16:19:40,,Ingreso USUARIO,Busca tabla invitado
*************
04/08/2017 16:19:41,ross,Ingreso CONTRASEÑA,Busca tabla invitado
*************
04/08/2017 16:23:36,,Ingreso USUARIO,Busca tabla invitado
*************
04/08/2017 16:23:38,ross,Ingreso CONTRASEÑA,Busca tabla invitado
*************
04/08/2017 16:28:16,,Ingreso USUARIO,Busca tabla invitado
*************
04/08/2017 16:28:18,ross,Ingreso CONTRASEÑA,Busca tabla invitado
*************
04/08/2017 16:48:51,,Ingreso USUARIO,Busca tabla invitado
*************
04/08/2017 16:48:53,ross,Ingreso CONTRASEÑA,Busca tabla invitado
*************
04/08/2017 16:56:54,,Ingreso USUARIO,Busca tabla invitado
*************
04/08/2017 16:56:55,ross,Ingreso CONTRASEÑA,Busca tabla invitado
*************
04/08/2017 16:58:10,,Ingreso USUARIO,Busca tabla invitado
*************
04/08/2017 16:58:22,,Ingreso CONTRASEÑA FALLIDO,
*************
04/08/2017 16:58:22,,Ingreso CONTRASEÑA,Busca tabla invitado
*************
04/08/2017 16:58:23,ross,Ingreso CONTRASEÑA,Busca tabla invitado
*************
07/08/2017 8:09:20,,Ingreso USUARIO,Busca tabla invitado
*************
07/08/2017 8:09:22,ross,Ingreso CONTRASEÑA,Busca tabla invitado
*************
07/08/2017 8:09:50,ross,IMPRIME TODO,PEDIDO=564
*************
07/08/2017 8:10:08,ross,IMPRIME POR AREA,PEDIDO=564
*************
07/08/2017 8:13:59,,Ingreso USUARIO,Busca tabla invitado
*************
07/08/2017 8:14:01,ross,Ingreso CONTRASEÑA,Busca tabla invitado
*************
07/08/2017 8:16:57,ross,IMPRIME TODO,PEDIDO=565
*************
07/08/2017 8:17:08,ross,IMPRIME POR AREA,PEDIDO=565
*************
07/08/2017 8:18:21,,Ingreso USUARIO,Busca tabla invitado
*************
07/08/2017 8:18:22,ross,Ingreso CONTRASEÑA,Busca tabla invitado
*************
07/08/2017 8:18:33,ross,IMPRIME TODO,PEDIDO=565
*************
07/08/2017 8:19:56,,Ingreso USUARIO,Busca tabla invitado
*************
07/08/2017 8:19:57,,Ingreso CONTRASEÑA FALLIDO,
*************
07/08/2017 8:19:57,,Ingreso CONTRASEÑA,Busca tabla invitado
*************
07/08/2017 8:20:01,ross,Ingreso CONTRASEÑA,Busca tabla invitado
*************
07/08/2017 8:20:09,ross,IMPRIME TODO,PEDIDO=565
*************
07/08/2017 8:20:25,ross,IMPRIME TODO,PEDIDO=564
*************
07/08/2017 8:20:33,ross,IMPRIME POR AREA,PEDIDO=564
*************
07/08/2017 8:20:41,ross,IMPRIME SOBRE,PEDIDO=564
*************
07/08/2017 8:24:06,,Ingreso USUARIO,Busca tabla invitado
*************
07/08/2017 8:24:07,ross,Ingreso CONTRASEÑA,Busca tabla invitado
*************
07/08/2017 8:43:46,ross,IMPRIME POR AREA,PEDIDO=564
*************
07/08/2017 8:48:30,,Ingreso USUARIO,Busca tabla invitado
*************
07/08/2017 8:48:32,ross,Ingreso CONTRASEÑA,Busca tabla invitado
*************
07/08/2017 8:48:44,ross,Elimina USR,USR=6
*************
07/08/2017 8:48:52,ross,Elimina USR,USR=5
*************
07/08/2017 8:48:57,ross,Elimina USR,USR=4
*************
07/08/2017 8:49:02,ross,Elimina USR,USR=3
*************
07/08/2017 8:50:51,ross,Ingreso o Actualización Permisos de Usuario,
*************
07/08/2017 8:50:51,ross,Ingreso o Actualización Permisos de Usuario,
*************
07/08/2017 8:50:51,ross,Ingreso o Actualización Permisos de Usuario,
*************
07/08/2017 8:50:51,ross,Ingreso o Actualización Permisos de Usuario,
*************
07/08/2017 8:50:51,ross,Ingreso o Actualización Permisos de Usuario,
*************
07/08/2017 8:50:51,ross,Ingreso o Actualización Permisos de Usuario,
*************
07/08/2017 8:50:51,ross,Ingreso o Actualización Permisos de Usuario,
*************
07/08/2017 8:50:51,ross,Ingreso o Actualización Permisos de Usuario,
*************
07/08/2017 8:50:51,ross,Ingreso o Actualización Permisos de Usuario,
*************
07/08/2017 8:50:51,ross,Ingreso o Actualización Permisos de Usuario,
*************
07/08/2017 8:50:51,ross,Ingreso o Actualización Permisos de Usuario,
*************
07/08/2017 8:50:51,ross,Ingreso o Actualización Permisos de Usuario,
*************
07/08/2017 8:50:51,ross,Ingreso o Actualización Permisos de Usuario,
*************
07/08/2017 8:50:51,ross,Ingreso o Actualización Permisos de Usuario,
*************
07/08/2017 8:50:51,ross,Ingreso o Actualización Permisos de Usuario,
*************
07/08/2017 8:50:51,ross,Ingreso o Actualización Permisos de Usuario,
*************
07/08/2017 8:50:51,ross,Ingreso o Actualización Permisos de Usuario,
*************
07/08/2017 8:50:51,ross,Ingreso o Actualización Permisos de Usuario,
*************
07/08/2017 8:50:51,ross,Ingreso o Actualización Permisos de Usuario,
*************
07/08/2017 8:50:51,ross,Ingreso o Actualización Permisos de Usuario,
*************
07/08/2017 8:50:51,ross,Ingreso o Actualización Permisos de Usuario,
*************
07/08/2017 8:50:51,ross,Ingreso o Actualización Permisos de Usuario,
*************
07/08/2017 8:50:51,ross,Ingreso o Actualización Permisos de Usuario,
*************
07/08/2017 8:50:51,ross,Ingreso o Actualización Permisos de Usuario,
*************
07/08/2017 8:50:51,ross,Ingreso o Actualización Permisos de Usuario,
*************
07/08/2017 8:50:51,ross,Ingreso o Actualización Permisos de Usuario,
*************
07/08/2017 8:50:51,ross,Ingreso o Actualización Permisos de Usuario,
*************
07/08/2017 8:50:51,ross,Ingreso o Actualización Permisos de Usuario,
*************
07/08/2017 8:50:51,ross,Ingreso o Actualización Permisos de Usuario,
*************
07/08/2017 8:50:51,ross,Ingreso o Actualización Permisos de Usuario,
*************
07/08/2017 8:50:51,ross,Ingreso o Actualización Permisos de Usuario,
*************
07/08/2017 8:50:51,ross,Ingreso o Actualización Permisos de Usuario,
*************
07/08/2017 8:50:51,ross,Ingreso o Actualización Permisos de Usuario,
*************
07/08/2017 8:50:51,ross,Ingreso o Actualización Permisos de Usuario,
*************
07/08/2017 8:50:51,ross,Ingreso o Actualización Permisos de Usuario,
*************
07/08/2017 8:50:51,ross,Ingreso o Actualización Permisos de Usuario,
*************
07/08/2017 8:50:51,ross,Ingreso o Actualización Permisos de Usuario,
*************
07/08/2017 8:50:51,ross,Ingreso o Actualización Permisos de Usuario,
*************
07/08/2017 8:50:51,ross,Ingreso o Actualización Permisos de Usuario,
*************
07/08/2017 8:51:54,ross,Generar Paciente,Paciente=FLORES MORALES DANNA SOFIA
*************
07/08/2017 8:52:21,ross,1 GENERAR ORDEN,PEDIDO=569
*************
07/08/2017 8:53:02,ross,GUARDA RESULTADOS,CHOL=120
*************
07/08/2017 8:53:02,ross,GUARDA RESULTADOS,AHDL=54
*************
07/08/2017 8:53:02,ross,GUARDA RESULTADOS,LDL=125
*************
07/08/2017 8:53:02,ross,GUARDA RESULTADOS,TGL=160
*************
07/08/2017 8:55:11,,Ingreso USUARIO,Busca tabla invitado
*************
07/08/2017 8:55:12,ross,Ingreso CONTRASEÑA,Busca tabla invitado
*************
07/08/2017 8:55:22,ross,GUARDA RESULTADOS,CHOL=120
*************
07/08/2017 8:55:22,ross,GUARDA RESULTADOS,AHDL=54
*************
07/08/2017 8:55:22,ross,GUARDA RESULTADOS,LDL=125
*************
07/08/2017 8:55:22,ross,GUARDA RESULTADOS,TGL=160
*************
07/08/2017 8:55:23,ross,VALIDACION RESULTADO,PEDIDO=569/400149
*************
07/08/2017 8:55:23,ross,VALIDACION RESULTADO,PEDIDO=569/400150
*************
07/08/2017 8:55:23,ross,VALIDACION RESULTADO,PEDIDO=569/400151
*************
07/08/2017 8:55:24,ross,VALIDACION RESULTADO,PEDIDO=569/400476
*************
07/08/2017 8:57:59,,Ingreso USUARIO,Busca tabla invitado
*************
07/08/2017 8:58:01,ross,Ingreso CONTRASEÑA,Busca tabla invitado
*************
07/08/2017 8:58:12,ross,GUARDA RESULTADOS,CHOL=120
*************
07/08/2017 8:58:12,ross,GUARDA RESULTADOS,AHDL=54
*************
07/08/2017 8:58:12,ross,GUARDA RESULTADOS,LDL=125
*************
07/08/2017 8:58:12,ross,GUARDA RESULTADOS,TGL=160
*************
07/08/2017 8:58:45,ross,GUARDA RESULTADOS,CHOL=120
*************
07/08/2017 8:58:45,ross,GUARDA RESULTADOS,AHDL=54
*************
07/08/2017 8:58:45,ross,GUARDA RESULTADOS,LDL=125
*************
07/08/2017 8:58:45,ross,GUARDA RESULTADOS,TGL=160
*************
07/08/2017 8:59:05,ross,GUARDA RESULTADOS,CHOL=120
*************
07/08/2017 8:59:05,ross,GUARDA RESULTADOS,AHDL=54
*************
07/08/2017 8:59:05,ross,GUARDA RESULTADOS,LDL=125
*************
07/08/2017 8:59:05,ross,GUARDA RESULTADOS,TGL=160
*************
07/08/2017 9:01:04,ross,GUARDA RESULTADOS,CHOL=120
*************
07/08/2017 9:01:04,ross,GUARDA RESULTADOS,AHDL=54
*************
07/08/2017 9:01:04,ross,GUARDA RESULTADOS,LDL=125
*************
07/08/2017 9:01:04,ross,GUARDA RESULTADOS,TGL=160
*************
07/08/2017 9:01:26,ross,VALIDACION RESULTADO,PEDIDO=569/400149
*************
07/08/2017 9:01:27,ross,VALIDACION RESULTADO,PEDIDO=569/400150
*************
07/08/2017 9:01:27,ross,VALIDACION RESULTADO,PEDIDO=569/400151
*************
07/08/2017 9:01:27,ross,VALIDACION RESULTADO,PEDIDO=569/400476
*************
07/08/2017 9:04:47,,Ingreso USUARIO,Busca tabla invitado
*************
07/08/2017 9:04:50,,Ingreso CONTRASEÑA FALLIDO,
*************
07/08/2017 9:04:50,,Ingreso CONTRASEÑA,Busca tabla invitado
*************
07/08/2017 9:04:52,12345,Ingreso CONTRASEÑA,Busca tabla invitado
*************
07/08/2017 9:05:25,12345,GUARDA RESULTADOS,WBCN=5
*************
07/08/2017 9:05:25,12345,GUARDA RESULTADOS,NEUN=5
*************
07/08/2017 9:05:25,12345,GUARDA RESULTADOS,LYMN=5
*************
07/08/2017 9:05:25,12345,GUARDA RESULTADOS,MONON=5
*************
07/08/2017 9:05:25,12345,GUARDA RESULTADOS,EOSN=5
*************
07/08/2017 9:05:25,12345,GUARDA RESULTADOS,BASON=5
*************
07/08/2017 9:05:25,12345,GUARDA RESULTADOS,NEU%25N=5
*************
07/08/2017 9:05:25,12345,GUARDA RESULTADOS,LYM%25N=5
*************
07/08/2017 9:05:25,12345,GUARDA RESULTADOS,MONO%25N=5
*************
07/08/2017 9:05:25,12345,GUARDA RESULTADOS,EOS%25N=5
*************
07/08/2017 9:05:25,12345,GUARDA RESULTADOS,BASO%25N=5
*************
07/08/2017 9:05:25,12345,GUARDA RESULTADOS,RBCN=5
*************
07/08/2017 9:05:25,12345,GUARDA RESULTADOS,HCTN=5
*************
07/08/2017 9:05:25,12345,GUARDA RESULTADOS,HGBN=5
*************
07/08/2017 9:05:25,12345,GUARDA RESULTADOS,MCVN=5
*************
07/08/2017 9:05:25,12345,GUARDA RESULTADOS,MCHN=5
*************
07/08/2017 9:05:25,12345,GUARDA RESULTADOS,MCHCN=5
*************
07/08/2017 9:05:25,12345,GUARDA RESULTADOS,PLTN=5
*************
07/08/2017 9:05:25,12345,GUARDA RESULTADOS,PDWN=5
*************
07/08/2017 9:05:25,12345,GUARDA RESULTADOS,MPVN=5
*************
07/08/2017 9:05:25,12345,GUARDA RESULTADOS,PCTN=5
*************
07/08/2017 9:05:25,12345,GUARDA RESULTADOS,RDW_SDN=5
*************
07/08/2017 9:05:25,12345,GUARDA RESULTADOS,RDW_CVN=5
*************
07/08/2017 9:07:10,,Ingreso USUARIO,Busca tabla invitado
*************
07/08/2017 9:08:15,,Ingreso USUARIO,Busca tabla invitado
*************
07/08/2017 9:08:34,,Ingreso USUARIO,Busca tabla invitado
*************
07/08/2017 9:08:40,12345,Ingreso CONTRASEÑA,Busca tabla invitado
*************
07/08/2017 9:18:07,,Ingreso USUARIO,Busca tabla invitado
*************
07/08/2017 9:18:39,,Ingreso USUARIO,Busca tabla invitado
*************
07/08/2017 9:18:42,12345,Ingreso CONTRASEÑA,Busca tabla invitado
*************
07/08/2017 9:26:42,,Ingreso USUARIO,Busca tabla invitado
*************
07/08/2017 9:26:44,ross,Ingreso CONTRASEÑA,Busca tabla invitado
*************
07/08/2017 9:31:48,,Ingreso USUARIO,Busca tabla invitado
*************
07/08/2017 9:31:50,12345,Ingreso CONTRASEÑA,Busca tabla invitado
*************
07/08/2017 9:32:55,12345,GUARDA RESULTADOS,WBCN=5
*************
07/08/2017 9:32:55,12345,GUARDA RESULTADOS,NEUN=5
*************
07/08/2017 9:32:55,12345,GUARDA RESULTADOS,LYMN=5
*************
07/08/2017 9:32:55,12345,GUARDA RESULTADOS,MONON=5
*************
07/08/2017 9:32:55,12345,GUARDA RESULTADOS,EOSN=5
*************
07/08/2017 9:32:55,12345,GUARDA RESULTADOS,BASON=5
*************
07/08/2017 9:32:55,12345,GUARDA RESULTADOS,NEU%25N=5
*************
07/08/2017 9:32:55,12345,GUARDA RESULTADOS,LYM%25N=5
*************
07/08/2017 9:32:55,12345,GUARDA RESULTADOS,MONO%25N=5
*************
07/08/2017 9:32:55,12345,GUARDA RESULTADOS,EOS%25N=5
*************
07/08/2017 9:32:55,12345,GUARDA RESULTADOS,BASO%25N=5
*************
07/08/2017 9:32:55,12345,GUARDA RESULTADOS,RBCN=5
*************
07/08/2017 9:32:55,12345,GUARDA RESULTADOS,HCTN=5
*************
07/08/2017 9:32:55,12345,GUARDA RESULTADOS,HGBN=5
*************
07/08/2017 9:32:55,12345,GUARDA RESULTADOS,MCVN=5
*************
07/08/2017 9:32:55,12345,GUARDA RESULTADOS,MCHN=5
*************
07/08/2017 9:32:55,12345,GUARDA RESULTADOS,MCHCN=5
*************
07/08/2017 9:32:56,12345,GUARDA RESULTADOS,PLTN=5
*************
07/08/2017 9:32:56,12345,GUARDA RESULTADOS,PDWN=5
*************
07/08/2017 9:32:56,12345,GUARDA RESULTADOS,MPVN=5
*************
07/08/2017 9:32:56,12345,GUARDA RESULTADOS,PCTN=5
*************
07/08/2017 9:32:56,12345,GUARDA RESULTADOS,RDW_SDN=5
*************
07/08/2017 9:32:56,12345,GUARDA RESULTADOS,RDW_CVN=5
*************
07/08/2017 9:33:03,12345,GUARDA RESULTADOS,BIOMETRIA HEMATICA=MEMO
*************
07/08/2017 9:33:08,12345,VALIDACION RESULTADO,PEDIDO=569/400101
*************
07/08/2017 9:36:55,12345,IMPRIME TODO,PEDIDO=569
*************
07/08/2017 10:27:15,,Ingreso USUARIO,Busca tabla invitado
*************
07/08/2017 10:27:17,ross,Ingreso CONTRASEÑA,Busca tabla invitado
*************
07/08/2017 10:37:56,ross,GUARDA RESULTADOS,BIOMETRIA HEMATICA=MEMO
*************
07/08/2017 10:40:52,,Ingreso USUARIO,Busca tabla invitado
*************
07/08/2017 10:40:54,ross,Ingreso CONTRASEÑA,Busca tabla invitado
*************
07/08/2017 10:41:38,ross,GUARDA RESULTADOS,WBCN=7
*************
07/08/2017 10:41:38,ross,GUARDA RESULTADOS,NEUN=7
*************
07/08/2017 10:41:38,ross,GUARDA RESULTADOS,LYMN=7
*************
07/08/2017 10:41:38,ross,GUARDA RESULTADOS,MONON=7
*************
07/08/2017 10:41:38,ross,GUARDA RESULTADOS,EOSN=7
*************
07/08/2017 10:41:38,ross,GUARDA RESULTADOS,BASON=7
*************
07/08/2017 10:41:38,ross,GUARDA RESULTADOS,NEU%25N=7
*************
07/08/2017 10:41:38,ross,GUARDA RESULTADOS,LYM%25N=7
*************
07/08/2017 10:41:38,ross,GUARDA RESULTADOS,MONO%25N=7
*************
07/08/2017 10:41:38,ross,GUARDA RESULTADOS,EOS%25N=7
*************
07/08/2017 10:41:38,ross,GUARDA RESULTADOS,BASO%25N=7
*************
07/08/2017 10:41:38,ross,GUARDA RESULTADOS,RBCN=7
*************
07/08/2017 10:41:38,ross,GUARDA RESULTADOS,HCTN=7
*************
07/08/2017 10:41:38,ross,GUARDA RESULTADOS,HGBN=7
*************
07/08/2017 10:41:38,ross,GUARDA RESULTADOS,MCVN=7
*************
07/08/2017 10:41:38,ross,GUARDA RESULTADOS,MCHN=7
*************
07/08/2017 10:41:38,ross,GUARDA RESULTADOS,MCHCN=7
*************
07/08/2017 10:41:38,ross,GUARDA RESULTADOS,PLTN=7
*************
07/08/2017 10:41:38,ross,GUARDA RESULTADOS,PDWN=7
*************
07/08/2017 10:41:38,ross,GUARDA RESULTADOS,MPVN=7
*************
07/08/2017 10:41:38,ross,GUARDA RESULTADOS,PCTN=7
*************
07/08/2017 10:41:38,ross,GUARDA RESULTADOS,RDW_SDN=7
*************
07/08/2017 10:41:38,ross,GUARDA RESULTADOS,RDW_CVN=7
*************
07/08/2017 10:41:51,ross,GUARDA RESULTADOS,BIOMETRIA HEMATICA=MEMO
*************
07/08/2017 10:44:23,,Ingreso USUARIO,Busca tabla invitado
*************
07/08/2017 10:44:25,12345,Ingreso CONTRASEÑA,Busca tabla invitado
*************
07/08/2017 10:44:53,12345,GUARDA RESULTADOS,BIOMETRIA HEMATICA=MEMO
*************
07/08/2017 10:53:33,,Ingreso USUARIO,Busca tabla invitado
*************
07/08/2017 10:53:34,ross,Ingreso CONTRASEÑA,Busca tabla invitado
*************
07/08/2017 10:53:51,ross,GUARDA RESULTADOS,BIOMETRIA HEMATICA=MEMO
*************
07/08/2017 10:55:51,,Ingreso USUARIO,Busca tabla invitado
*************
07/08/2017 10:55:52,ross,Ingreso CONTRASEÑA,Busca tabla invitado
*************
07/08/2017 11:19:27,ross,GUARDA RESULTADOS,BIOMETRIA HEMATICA=MEMO
*************
07/08/2017 11:21:58,,Ingreso USUARIO,Busca tabla invitado
*************
07/08/2017 11:21:59,12345,Ingreso CONTRASEÑA,Busca tabla invitado
*************
07/08/2017 11:22:20,12345,GUARDA RESULTADOS,BIOMETRIA HEMATICA=MEMO
*************
07/08/2017 11:26:36,,Ingreso USUARIO,Busca tabla invitado
*************
07/08/2017 11:26:37,ross,Ingreso CONTRASEÑA,Busca tabla invitado
*************
07/08/2017 11:26:49,ross,GUARDA RESULTADOS,BIOMETRIA HEMATICA=MEMO
*************
07/08/2017 11:27:40,ross,VALIDACION RESULTADO,PEDIDO=569/400101
*************
07/08/2017 11:35:18,,Ingreso USUARIO,Busca tabla invitado
*************
07/08/2017 11:35:23,ross,Ingreso CONTRASEÑA,Busca tabla invitado
*************
07/08/2017 11:35:52,ross,IMPRIME TODO,PEDIDO=569
*************
07/08/2017 11:36:47,ross,IMPRIME TODO,PEDIDO=569
*************
07/08/2017 11:43:14,ross,IMPRIME TODO,PEDIDO=569
*************
07/08/2017 11:55:15,,Ingreso USUARIO,Busca tabla invitado
*************
07/08/2017 11:55:17,12345,Ingreso CONTRASEÑA,Busca tabla invitado
*************
07/08/2017 11:55:57,12345,GUARDA RESULTADOS,COLO=AMARILLO
*************
07/08/2017 11:55:57,12345,GUARDA RESULTADOS,ASPO=LIG. TURBIO
*************
07/08/2017 11:55:57,12345,GUARDA RESULTADOS,DENO=+
*************
07/08/2017 11:55:57,12345,GUARDA RESULTADOS,PH=5.0
*************
07/08/2017 11:55:57,12345,GUARDA RESULTADOS,NITO=++
*************
07/08/2017 11:55:57,12345,GUARDA RESULTADOS,GLUO=NEGATIVO
*************
07/08/2017 11:56:04,12345,GUARDA RESULTADOS,EMO=MEMO
*************
07/08/2017 11:56:06,12345,VALIDACION RESULTADO,PEDIDO=569/400230
*************
07/08/2017 11:57:03,12345,IMPRIME TODO,PEDIDO=569
*************
07/08/2017 11:57:31,12345,IMPRIME POR AREA,PEDIDO=569
*************
07/08/2017 11:57:49,12345,IMPRIME TODO,PEDIDO=569
*************
07/08/2017 11:57:54,12345,IMPRIME POR AREA,PEDIDO=569
*************
07/08/2017 11:57:56,12345,IMPRIME TODO,PEDIDO=569
*************
07/08/2017 14:22:15,12345,GUARDA RESULTADOS,BIOMETRIA HEMATICA=MEMO
*************
07/08/2017 14:46:13,,Ingreso USUARIO,Busca tabla invitado
*************
07/08/2017 14:46:14,ross,Ingreso CONTRASEÑA,Busca tabla invitado
*************
07/08/2017 14:49:06,ross,IMPRIME TODO,PEDIDO=569
*************
07/08/2017 14:49:37,ross,GUARDA RESULTADOS,BIOMETRIA HEMATICA=MEMO
*************
07/08/2017 14:50:38,ross,GUARDA RESULTADOS,BIOMETRIA HEMATICA=MEMO
*************
07/08/2017 14:52:59,,Ingreso USUARIO,Busca tabla invitado
*************
07/08/2017 14:53:00,ross,Ingreso CONTRASEÑA,Busca tabla invitado
*************
07/08/2017 14:53:37,ross,GUARDA RESULTADOS,BIOMETRIA HEMATICA=MEMO
*************
07/08/2017 15:00:01,,Ingreso USUARIO,Busca tabla invitado
*************
07/08/2017 15:00:03,ross,Ingreso CONTRASEÑA,Busca tabla invitado
*************
07/08/2017 15:00:55,ross,GUARDA RESULTADOS,BIOMETRIA HEMATICA=MEMO
*************
07/08/2017 15:29:08,,Ingreso USUARIO,Busca tabla invitado
*************
07/08/2017 15:29:09,ross,Ingreso CONTRASEÑA,Busca tabla invitado
*************
07/08/2017 15:30:38,ross,GUARDA RESULTADOS,BIOMETRIA HEMATICA=MEMO
*************
07/08/2017 15:31:12,ross,GUARDA RESULTADOS,BIOMETRIA HEMATICA=MEMO
*************
07/08/2017 15:33:44,,Ingreso USUARIO,Busca tabla invitado
*************
07/08/2017 15:33:45,ross,Ingreso CONTRASEÑA,Busca tabla invitado
*************
07/08/2017 15:34:12,ross,GUARDA RESULTADOS,BIOMETRIA HEMATICA=MEMO
*************
07/08/2017 15:39:58,,Ingreso USUARIO,Busca tabla invitado
*************
07/08/2017 15:39:59,ross,Ingreso CONTRASEÑA,Busca tabla invitado
*************
07/08/2017 15:40:16,ross,GUARDA RESULTADOS,BIOMETRIA HEMATICA=MEMO
*************
07/08/2017 15:41:04,ross,VALIDACION RESULTADO,PEDIDO=569/400101
*************
07/08/2017 15:41:51,ross,GUARDA RESULTADOS,CHOL=120
*************
07/08/2017 15:41:51,ross,GUARDA RESULTADOS,AHDL=54
*************
07/08/2017 15:41:52,ross,GUARDA RESULTADOS,LDL=125
*************
07/08/2017 15:41:53,ross,GUARDA RESULTADOS,TGL=160
*************
07/08/2017 15:42:31,ross,VALIDACION RESULTADO,PEDIDO=569/400149
*************
07/08/2017 15:42:33,ross,VALIDACION RESULTADO,PEDIDO=569/400150
*************
07/08/2017 15:42:33,ross,VALIDACION RESULTADO,PEDIDO=569/400151
*************
07/08/2017 15:42:34,ross,VALIDACION RESULTADO,PEDIDO=569/400476
*************
07/08/2017 15:45:06,,Ingreso USUARIO,Busca tabla invitado
*************
07/08/2017 15:45:36,,Ingreso USUARIO,Busca tabla invitado
*************
07/08/2017 15:45:38,12345,Ingreso CONTRASEÑA,Busca tabla invitado
*************
07/08/2017 15:45:56,12345,GUARDA RESULTADOS,CHOL=120
*************
07/08/2017 15:45:56,12345,GUARDA RESULTADOS,AHDL=54
*************
07/08/2017 15:45:57,12345,GUARDA RESULTADOS,LDL=125
*************
07/08/2017 15:45:58,12345,GUARDA RESULTADOS,TGL=160
*************
07/08/2017 15:47:09,12345,GUARDA RESULTADOS,CHOL=120
*************
07/08/2017 15:47:09,12345,GUARDA RESULTADOS,AHDL=54
*************
07/08/2017 15:47:10,12345,GUARDA RESULTADOS,LDL=125
*************
07/08/2017 15:47:10,12345,GUARDA RESULTADOS,TGL=160
*************
07/08/2017 15:47:27,12345,VALIDACION RESULTADO,PEDIDO=569/400149
*************
07/08/2017 15:47:27,12345,VALIDACION RESULTADO,PEDIDO=569/400150
*************
07/08/2017 15:47:28,12345,VALIDACION RESULTADO,PEDIDO=569/400151
*************
07/08/2017 15:47:28,12345,VALIDACION RESULTADO,PEDIDO=569/400476
*************
07/08/2017 15:48:04,,Ingreso USUARIO,Busca tabla invitado
*************
07/08/2017 15:48:07,ross,Ingreso CONTRASEÑA,Busca tabla invitado
*************
07/08/2017 15:48:23,ross,GUARDA RESULTADOS,BIOMETRIA HEMATICA=MEMO
*************
07/08/2017 15:48:44,ross,VALIDACION RESULTADO,PEDIDO=569/400101
*************
07/08/2017 15:52:08,ross,Ingreso o Actualización Permisos de Usuario,
*************
07/08/2017 15:52:08,ross,Ingreso o Actualización Permisos de Usuario,
*************
07/08/2017 15:52:08,ross,Ingreso o Actualización Permisos de Usuario,
*************
07/08/2017 15:52:08,ross,Ingreso o Actualización Permisos de Usuario,
*************
07/08/2017 15:52:08,ross,Ingreso o Actualización Permisos de Usuario,
*************
07/08/2017 15:52:08,ross,Ingreso o Actualización Permisos de Usuario,
*************
07/08/2017 15:52:08,ross,Ingreso o Actualización Permisos de Usuario,
*************
07/08/2017 15:52:09,ross,Ingreso o Actualización Permisos de Usuario,
*************
07/08/2017 15:52:09,ross,Ingreso o Actualización Permisos de Usuario,
*************
07/08/2017 15:52:09,ross,Ingreso o Actualización Permisos de Usuario,
*************
07/08/2017 15:52:09,ross,Ingreso o Actualización Permisos de Usuario,
*************
07/08/2017 15:52:09,ross,Ingreso o Actualización Permisos de Usuario,
*************
07/08/2017 15:52:09,ross,Ingreso o Actualización Permisos de Usuario,
*************
07/08/2017 15:52:09,ross,Ingreso o Actualización Permisos de Usuario,
*************
07/08/2017 15:52:09,ross,Ingreso o Actualización Permisos de Usuario,
*************
07/08/2017 15:52:09,ross,Ingreso o Actualización Permisos de Usuario,
*************
07/08/2017 15:52:09,ross,Ingreso o Actualización Permisos de Usuario,
*************
07/08/2017 15:52:09,ross,Ingreso o Actualización Permisos de Usuario,
*************
07/08/2017 15:52:09,ross,Ingreso o Actualización Permisos de Usuario,
*************
07/08/2017 15:52:09,ross,Ingreso o Actualización Permisos de Usuario,
*************
07/08/2017 15:52:09,ross,Ingreso o Actualización Permisos de Usuario,
*************
07/08/2017 15:52:09,ross,Ingreso o Actualización Permisos de Usuario,
*************
07/08/2017 15:52:09,ross,Ingreso o Actualización Permisos de Usuario,
*************
07/08/2017 15:52:09,ross,Ingreso o Actualización Permisos de Usuario,
*************
07/08/2017 15:52:09,ross,Ingreso o Actualización Permisos de Usuario,
*************
07/08/2017 15:52:09,ross,Ingreso o Actualización Permisos de Usuario,
*************
07/08/2017 15:52:09,ross,Ingreso o Actualización Permisos de Usuario,
*************
07/08/2017 15:52:09,ross,Ingreso o Actualización Permisos de Usuario,
*************
07/08/2017 15:52:09,ross,Ingreso o Actualización Permisos de Usuario,
*************
07/08/2017 15:52:09,ross,Ingreso o Actualización Permisos de Usuario,
*************
07/08/2017 15:52:09,ross,Ingreso o Actualización Permisos de Usuario,
*************
07/08/2017 15:52:09,ross,Ingreso o Actualización Permisos de Usuario,
*************
07/08/2017 15:52:09,ross,Ingreso o Actualización Permisos de Usuario,
*************
07/08/2017 15:52:09,ross,Ingreso o Actualización Permisos de Usuario,
*************
07/08/2017 15:52:09,ross,Ingreso o Actualización Permisos de Usuario,
*************
07/08/2017 15:52:09,ross,Ingreso o Actualización Permisos de Usuario,
*************
07/08/2017 15:52:09,ross,Ingreso o Actualización Permisos de Usuario,
*************
07/08/2017 15:52:09,ross,Ingreso o Actualización Permisos de Usuario,
*************
07/08/2017 15:52:09,ross,Ingreso o Actualización Permisos de Usuario,
*************
07/08/2017 15:58:12,,Ingreso USUARIO,Busca tabla invitado
*************
07/08/2017 15:58:32,,Ingreso USUARIO,Busca tabla invitado
*************
07/08/2017 15:58:35,dflores,Ingreso CONTRASEÑA,Busca tabla invitado
*************
07/08/2017 16:02:01,dflores,GUARDA RESULTADOS,COLO=AMARILLO
*************
07/08/2017 16:02:01,dflores,GUARDA RESULTADOS,ASPO=LIG. TURBIO
*************
07/08/2017 16:02:01,dflores,GUARDA RESULTADOS,DENO=+
*************
07/08/2017 16:02:01,dflores,GUARDA RESULTADOS,PH=5.0
*************
07/08/2017 16:02:01,dflores,GUARDA RESULTADOS,NITO=++
*************
07/08/2017 16:02:01,dflores,GUARDA RESULTADOS,GLUO=NEGATIVO
*************
07/08/2017 16:02:08,dflores,GUARDA RESULTADOS,EMO=MEMO
*************
07/08/2017 16:02:14,dflores,VALIDACION RESULTADO,PEDIDO=569/400230
*************
07/08/2017 16:05:30,,Ingreso USUARIO,Busca tabla invitado
*************
07/08/2017 16:05:31,ross,Ingreso CONTRASEÑA,Busca tabla invitado
*************
07/08/2017 16:22:07,ross,IMPRIME TODO,PEDIDO=569
*************
07/08/2017 16:31:44,,Ingreso USUARIO,Busca tabla invitado
*************
07/08/2017 16:31:45,ross,Ingreso CONTRASEÑA,Busca tabla invitado
*************
07/08/2017 16:32:47,ross,IMPRIME TODO,PEDIDO=569
*************
07/08/2017 17:07:57,,Ingreso USUARIO,Busca tabla invitado
*************
07/08/2017 17:07:58,ross,Ingreso CONTRASEÑA,Busca tabla invitado
*************
07/08/2017 17:40:27,,Ingreso USUARIO,Busca tabla invitado
*************
07/08/2017 17:40:28,ross,Ingreso CONTRASEÑA,Busca tabla invitado
*************
07/08/2017 17:42:24,,Ingreso USUARIO,Busca tabla invitado
*************
07/08/2017 17:42:25,ross,Ingreso CONTRASEÑA,Busca tabla invitado
*************
07/08/2017 17:44:04,ross,IMPRIME TODO,PEDIDO=569
*************
07/08/2017 17:57:03,,Ingreso USUARIO,Busca tabla invitado
*************
07/08/2017 17:57:04,ross,Ingreso CONTRASEÑA,Busca tabla invitado
*************
07/08/2017 17:57:13,ross,IMPRIME TODO,PEDIDO=569
*************
07/08/2017 18:01:07,,Ingreso USUARIO,Busca tabla invitado
*************
07/08/2017 18:01:08,ross,Ingreso CONTRASEÑA,Busca tabla invitado
*************
07/08/2017 18:05:12,,Ingreso USUARIO,Busca tabla invitado
*************
07/08/2017 18:05:13,ross,Ingreso CONTRASEÑA,Busca tabla invitado
*************
07/08/2017 18:05:20,ross,IMPRIME TODO,PEDIDO=569
*************
07/08/2017 18:23:29,,Ingreso USUARIO,Busca tabla invitado
*************
07/08/2017 18:23:30,ross,Ingreso CONTRASEÑA,Busca tabla invitado
*************
07/08/2017 18:23:39,ross,IMPRIME TODO,PEDIDO=569
*************
07/08/2017 18:27:22,,Ingreso USUARIO,Busca tabla invitado
*************
07/08/2017 18:27:23,ross,Ingreso CONTRASEÑA,Busca tabla invitado
*************
07/08/2017 18:27:34,ross,IMPRIME TODO,PEDIDO=569
*************
07/08/2017 18:38:33,,Ingreso USUARIO,Busca tabla invitado
*************
07/08/2017 18:38:34,ross,Ingreso CONTRASEÑA,Busca tabla invitado
*************
07/08/2017 18:38:45,ross,IMPRIME TODO,PEDIDO=569
*************
08/08/2017 14:23:08,,Ingreso USUARIO,Busca tabla invitado
*************
08/08/2017 14:23:10,ross,Ingreso CONTRASEÑA,Busca tabla invitado
*************
08/08/2017 14:23:23,ross,IMPRIME TODO,PEDIDO=569
*************
09/08/2017 11:16:47,,Ingreso USUARIO,Busca tabla invitado
*************
09/08/2017 11:16:51,ross,Ingreso CONTRASEÑA,Busca tabla invitado
*************
09/08/2017 11:18:16,ross,IMPRIME TODO,PEDIDO=569
*************
09/08/2017 11:21:15,ross,IMPRIME TODO,PEDIDO=569
*************
09/08/2017 11:21:39,ross,IMPRIME POR AREA,PEDIDO=569
*************
09/08/2017 11:32:29,,Ingreso USUARIO,Busca tabla invitado
*************
09/08/2017 11:32:30,ross,Ingreso CONTRASEÑA,Busca tabla invitado
*************
09/08/2017 11:32:47,ross,IMPRIME POR AREA,PEDIDO=569
*************
09/08/2017 11:52:10,,Ingreso USUARIO,Busca tabla invitado
*************
09/08/2017 11:52:12,ross,Ingreso CONTRASEÑA,Busca tabla invitado
*************
09/08/2017 17:16:59,,Ingreso USUARIO,Busca tabla invitado
*************
09/08/2017 17:17:04,ross,Ingreso CONTRASEÑA,Busca tabla invitado
*************
09/08/2017 17:22:05,,Ingreso USUARIO,Busca tabla invitado
*************
09/08/2017 17:22:06,ross,Ingreso CONTRASEÑA,Busca tabla invitado
*************
09/08/2017 17:24:30,,Ingreso USUARIO,Busca tabla invitado
*************
09/08/2017 17:24:31,ross,Ingreso CONTRASEÑA,Busca tabla invitado
*************
09/08/2017 17:35:05,,Ingreso USUARIO,Busca tabla invitado
*************
09/08/2017 17:35:07,ross,Ingreso CONTRASEÑA,Busca tabla invitado
*************
09/08/2017 17:39:35,,Ingreso USUARIO,Busca tabla invitado
*************
09/08/2017 17:39:36,ross,Ingreso CONTRASEÑA,Busca tabla invitado
*************
09/08/2017 17:52:44,,Ingreso USUARIO,Busca tabla invitado
*************
09/08/2017 17:52:46,ross,Ingreso CONTRASEÑA,Busca tabla invitado
*************
09/08/2017 17:55:35,,Ingreso USUARIO,Busca tabla invitado
*************
09/08/2017 17:55:36,ross,Ingreso CONTRASEÑA,Busca tabla invitado
*************
09/08/2017 17:58:15,ross,Actualizar Secuencia,SECUENCIA=FYBECA/1000/2000
*************
10/08/2017 12:13:28,,Ingreso USUARIO,Busca tabla invitado
*************
10/08/2017 12:13:29,ross,Ingreso CONTRASEÑA,Busca tabla invitado
*************
10/08/2017 12:30:04,ross,IMPRIME TODO,PEDIDO=569
*************
10/08/2017 16:39:13,,Ingreso USUARIO,Busca tabla invitado
*************
10/08/2017 16:39:13,ross,Ingreso CONTRASEÑA,Busca tabla invitado
*************
10/08/2017 16:50:10,,Ingreso USUARIO,Busca tabla invitado
*************
10/08/2017 16:50:12,ross,Ingreso CONTRASEÑA,Busca tabla invitado
*************
10/08/2017 17:01:52,ross,IMPRIME TODO,PEDIDO=564
*************
10/08/2017 17:02:02,ross,IMPRIME TODO,PEDIDO=569
*************
10/08/2017 17:02:12,ross,IMPRIME TODO,PEDIDO=564
*************
10/08/2017 17:02:45,ross,IMPRIME TODO,PEDIDO=565
*************
10/08/2017 17:03:09,ross,IMPRIME TODO,PEDIDO=565
*************
10/08/2017 17:03:20,ross,IMPRIME TODO,PEDIDO=564
*************
10/08/2017 17:03:30,ross,IMPRIME TODO,PEDIDO=565
*************
10/08/2017 17:05:52,ross,1 GENERAR ORDEN,PEDIDO=570
*************
10/08/2017 17:11:23,,Ingreso USUARIO,Busca tabla invitado
*************
10/08/2017 17:11:27,ross,Ingreso CONTRASEÑA,Busca tabla invitado
*************
10/08/2017 17:12:20,ross,1 GENERAR ORDEN,PEDIDO=571
*************
10/08/2017 17:12:55,ross,GUARDA RESULTADOS,CHOL=120
*************
10/08/2017 17:12:56,ross,GUARDA RESULTADOS,TGL=100
*************
10/08/2017 17:13:40,,Ingreso USUARIO,Busca tabla invitado
*************
10/08/2017 17:13:42,12345,Ingreso CONTRASEÑA,Busca tabla invitado
*************
10/08/2017 17:14:40,12345,GUARDA RESULTADOS,fPSA=2
*************
10/08/2017 17:14:41,12345,GUARDA RESULTADOS,PSA=3
*************
10/08/2017 17:14:47,12345,VALIDACION RESULTADO,PEDIDO=571/400783
*************
10/08/2017 17:14:47,12345,VALIDACION RESULTADO,PEDIDO=571/400784
*************
10/08/2017 17:16:24,,Ingreso USUARIO,Busca tabla invitado
*************
10/08/2017 17:16:26,dflores,Ingreso CONTRASEÑA,Busca tabla invitado
*************
10/08/2017 17:16:57,dflores,GUARDA RESULTADOS,CHOL=120
*************
10/08/2017 17:16:57,dflores,GUARDA RESULTADOS,TGL=100
*************
10/08/2017 17:16:58,dflores,GUARDA RESULTADOS,TGP=43
*************
10/08/2017 17:16:58,dflores,GUARDA RESULTADOS,TGO=66
*************
10/08/2017 17:17:05,dflores,VALIDACION RESULTADO,PEDIDO=571/400149
*************
10/08/2017 17:17:05,dflores,VALIDACION RESULTADO,PEDIDO=571/400151
*************
10/08/2017 17:17:09,dflores,VALIDACION RESULTADO,PEDIDO=571/400185
*************
10/08/2017 17:17:09,dflores,VALIDACION RESULTADO,PEDIDO=571/400186
*************
10/08/2017 17:17:44,dflores,IMPRIME TODO,PEDIDO=571
*************
16/08/2017 16:03:29,,Ingreso USUARIO,Busca tabla invitado
*************
16/08/2017 16:03:30,ross,Ingreso CONTRASEÑA,Busca tabla invitado
*************
16/08/2017 16:03:51,ross,1 GENERAR ORDEN,PEDIDO=572
*************
16/08/2017 16:04:17,ross,GUARDA RESULTADOS,COLO=AMARILLO
*************
16/08/2017 16:04:17,ross,GUARDA RESULTADOS,ASPO=TRANSPARENTE
*************
16/08/2017 16:04:17,ross,GUARDA RESULTADOS,DENO=+
*************
16/08/2017 16:04:17,ross,GUARDA RESULTADOS,PH=6.0
*************
16/08/2017 16:04:17,ross,GUARDA RESULTADOS,GLUO=NEGATIVO
*************
16/08/2017 16:04:26,ross,GUARDA RESULTADOS,EMO=MEMO
*************
16/08/2017 16:04:27,ross,GUARDA RESULTADOS,TGL=34
*************
16/08/2017 16:04:28,ross,GUARDA RESULTADOS,E2=43
*************
16/08/2017 16:14:35,ross,IMPRIME TODO,PEDIDO=572
*************
16/08/2017 16:14:49,ross,IMPRIME TODO,PEDIDO=565
*************
16/08/2017 16:19:55,ross,IMPRIME TODO,PEDIDO=572
*************
16/08/2017 16:21:13,,Ingreso USUARIO,Busca tabla invitado
*************
16/08/2017 16:21:14,ross,Ingreso CONTRASEÑA,Busca tabla invitado
*************
16/08/2017 16:21:25,ross,1 GENERAR ORDEN,PEDIDO=573
*************
16/08/2017 16:21:44,ross,GUARDA RESULTADOS,TGL=23
*************
16/08/2017 16:22:17,ross,1 GENERAR ORDEN,PEDIDO=574
*************
16/08/2017 16:22:32,ross,GUARDA RESULTADOS,CHOL=3
*************
16/08/2017 16:22:32,ross,GUARDA RESULTADOS,TGL=4
*************
16/08/2017 16:22:44,ross,GUARDA RESULTADOS,CHOL=3
*************
16/08/2017 16:22:44,ross,GUARDA RESULTADOS,TGL=4
*************
16/08/2017 16:24:47,,Ingreso USUARIO,Busca tabla invitado
*************
16/08/2017 16:24:48,ross,Ingreso CONTRASEÑA,Busca tabla invitado
*************
16/08/2017 16:25:09,ross,1 GENERAR ORDEN,PEDIDO=575
*************
16/08/2017 16:25:20,ross,GUARDA RESULTADOS,CREA=3
*************
16/08/2017 16:25:21,ross,GUARDA RESULTADOS,CHOL=4
*************
16/08/2017 16:25:21,ross,GUARDA RESULTADOS,TGL=5
*************
16/08/2017 16:25:34,ross,VALIDACION RESULTADO,PEDIDO=575/400141
*************
16/08/2017 16:25:36,ross,VALIDACION RESULTADO,PEDIDO=575/400149
*************
16/08/2017 16:25:36,ross,VALIDACION RESULTADO,PEDIDO=575/400151
*************
16/08/2017 16:25:46,ross,IMPRIME TODO,PEDIDO=575
*************
28/08/2017 14:41:16,,Ingreso USUARIO,Busca tabla invitado
*************
28/08/2017 14:41:19,ross,Ingreso CONTRASEÑA,Busca tabla invitado
*************
28/08/2017 14:52:38,ross,IMPRIME TODO,PEDIDO=565
*************
28/08/2017 14:52:52,ross,IMPRIME TODO,PEDIDO=575
*************
28/08/2017 14:53:52,ross,1 GENERAR ORDEN,PEDIDO=576
*************
28/08/2017 14:56:19,ross,GUARDA RESULTADOS,CHOL=180
*************
28/08/2017 14:56:19,ross,GUARDA RESULTADOS,AHDL=55
*************
28/08/2017 14:56:19,ross,GUARDA RESULTADOS,LDL=123
*************
28/08/2017 14:56:19,ross,GUARDA RESULTADOS,TGL=45
*************
28/08/2017 14:56:19,ross,GUARDA RESULTADOS,TGP=80
*************
28/08/2017 14:56:20,ross,GUARDA RESULTADOS,TGO=45
*************
28/08/2017 14:56:20,ross,GUARDA RESULTADOS,fPSA=1
*************
28/08/2017 14:56:20,ross,GUARDA RESULTADOS,PSA=2
*************
28/08/2017 14:56:48,ross,GUARDA RESULTADOS,WBCH=3
*************
28/08/2017 14:56:48,ross,GUARDA RESULTADOS,NEUH=3
*************
28/08/2017 14:56:48,ross,GUARDA RESULTADOS,LYMH=3
*************
28/08/2017 14:56:48,ross,GUARDA RESULTADOS,MONOH=3
*************
28/08/2017 14:56:48,ross,GUARDA RESULTADOS,EOSH=3
*************
28/08/2017 14:56:48,ross,GUARDA RESULTADOS,BASOH=3
*************
28/08/2017 14:56:48,ross,GUARDA RESULTADOS,NEU%25H=3
*************
28/08/2017 14:56:48,ross,GUARDA RESULTADOS,LYM%25H=3
*************
28/08/2017 14:56:48,ross,GUARDA RESULTADOS,MONO%25H=3
*************
28/08/2017 14:56:48,ross,GUARDA RESULTADOS,EOS%25H=3
*************
28/08/2017 14:56:48,ross,GUARDA RESULTADOS,BASO%25H=3
*************
28/08/2017 14:56:49,ross,GUARDA RESULTADOS,RBCH=3
*************
28/08/2017 14:56:49,ross,GUARDA RESULTADOS,HCTH=3
*************
28/08/2017 14:56:49,ross,GUARDA RESULTADOS,HGBH=3
*************
28/08/2017 14:56:49,ross,GUARDA RESULTADOS,MCVH=3
*************
28/08/2017 14:56:49,ross,GUARDA RESULTADOS,MCHH=3
*************
28/08/2017 14:56:49,ross,GUARDA RESULTADOS,MCHCH=3
*************
28/08/2017 14:56:49,ross,GUARDA RESULTADOS,PLTH=3
*************
28/08/2017 14:56:49,ross,GUARDA RESULTADOS,PDWH=3
*************
28/08/2017 14:56:49,ross,GUARDA RESULTADOS,MPVH=3
*************
28/08/2017 14:56:49,ross,GUARDA RESULTADOS,PCTH=3
*************
28/08/2017 14:56:49,ross,GUARDA RESULTADOS,RDW_SDH=3
*************
28/08/2017 14:56:49,ross,GUARDA RESULTADOS,RDW_CVH=3
*************
28/08/2017 14:57:10,ross,GUARDA RESULTADOS,COLO=AMARILLO
*************
28/08/2017 14:57:11,ross,GUARDA RESULTADOS,ASPO=TRANSPARENTE
*************
28/08/2017 14:57:11,ross,GUARDA RESULTADOS,DENO=++
*************
28/08/2017 14:57:11,ross,GUARDA RESULTADOS,PH=6.0
*************
28/08/2017 14:57:11,ross,GUARDA RESULTADOS,LEUO=NEGATIVO
*************
28/08/2017 14:57:11,ross,GUARDA RESULTADOS,GLUO=NEGATIVO
*************
28/08/2017 14:57:33,ross,GUARDA RESULTADOS,COLOR=CAFE
*************
28/08/2017 14:57:34,ross,GUARDA RESULTADOS,ASPECTO=HETEROGENEA
*************
28/08/2017 14:57:34,ross,GUARDA RESULTADOS,CONSISTENCIA=BLANDA
*************
28/08/2017 14:57:34,ross,GUARDA RESULTADOS,Ph=2.5
*************
28/08/2017 14:57:34,ross,GUARDA RESULTADOS,MOCO=ESCASO
*************
28/08/2017 14:57:40,ross,GUARDA RESULTADOS,BIOMETRIA HEMATICA=MEMO
*************
28/08/2017 14:57:40,ross,GUARDA RESULTADOS,EMO=MEMO
*************
28/08/2017 14:57:40,ross,GUARDA RESULTADOS,COPROPARASITARIO=MEMO
*************
28/08/2017 14:57:40,ross,GUARDA RESULTADOS,CHOL=180
*************
28/08/2017 14:57:40,ross,GUARDA RESULTADOS,AHDL=55
*************
28/08/2017 14:57:40,ross,GUARDA RESULTADOS,LDL=123
*************
28/08/2017 14:57:40,ross,GUARDA RESULTADOS,TGL=45
*************
28/08/2017 14:57:40,ross,GUARDA RESULTADOS,TGP=80
*************
28/08/2017 14:57:40,ross,GUARDA RESULTADOS,TGO=45
*************
28/08/2017 14:57:40,ross,GUARDA RESULTADOS,fPSA=1
*************
28/08/2017 14:57:40,ross,GUARDA RESULTADOS,PSA=2
*************
28/08/2017 14:57:50,ross,VALIDACION RESULTADO,PEDIDO=576/400101
*************
28/08/2017 14:57:50,ross,VALIDACION RESULTADO,PEDIDO=576/400149
*************
28/08/2017 14:57:51,ross,VALIDACION RESULTADO,PEDIDO=576/400150
*************
28/08/2017 14:57:51,ross,VALIDACION RESULTADO,PEDIDO=576/400151
*************
28/08/2017 14:57:51,ross,VALIDACION RESULTADO,PEDIDO=576/400185
*************
28/08/2017 14:57:52,ross,VALIDACION RESULTADO,PEDIDO=576/400186
*************
28/08/2017 14:57:52,ross,VALIDACION RESULTADO,PEDIDO=576/400230
*************
28/08/2017 14:57:53,ross,VALIDACION RESULTADO,PEDIDO=576/400244
*************
28/08/2017 14:57:53,ross,VALIDACION RESULTADO,PEDIDO=576/400476
*************
28/08/2017 14:57:54,ross,VALIDACION RESULTADO,PEDIDO=576/400783
*************
28/08/2017 14:57:54,ross,VALIDACION RESULTADO,PEDIDO=576/400784
*************
28/08/2017 14:58:18,ross,IMPRIME TODO,PEDIDO=576
*************
28/08/2017 15:28:03,,Ingreso USUARIO,Busca tabla invitado
*************
28/08/2017 15:28:04,ross,Ingreso CONTRASEÑA,Busca tabla invitado
*************
28/08/2017 15:28:13,ross,IMPRIME TODO,PEDIDO=576
*************
28/08/2017 15:42:23,,Ingreso USUARIO,Busca tabla invitado
*************
28/08/2017 15:42:24,ross,Ingreso CONTRASEÑA,Busca tabla invitado
*************
28/08/2017 15:42:53,ross,1 GENERAR ORDEN,PEDIDO=577
*************
28/08/2017 15:43:21,ross,1 GENERAR ORDEN,PEDIDO=578
*************
28/08/2017 15:48:06,ross,GUARDA RESULTADOS,WBC=4
*************
28/08/2017 15:48:06,ross,GUARDA RESULTADOS,NEU=4
*************
28/08/2017 15:48:06,ross,GUARDA RESULTADOS,LYM=4
*************
28/08/2017 15:48:07,ross,GUARDA RESULTADOS,MONO=4
*************
28/08/2017 15:48:07,ross,GUARDA RESULTADOS,EOS=4
*************
28/08/2017 15:48:07,ross,GUARDA RESULTADOS,BASO=4
*************
28/08/2017 15:48:07,ross,GUARDA RESULTADOS,NEU%25=4
*************
28/08/2017 15:48:07,ross,GUARDA RESULTADOS,LYM%25=4
*************
28/08/2017 15:48:07,ross,GUARDA RESULTADOS,MONO%25=4
*************
28/08/2017 15:48:07,ross,GUARDA RESULTADOS,EOS%25=4
*************
28/08/2017 15:48:07,ross,GUARDA RESULTADOS,BASO%25=4
*************
28/08/2017 15:48:07,ross,GUARDA RESULTADOS,RBC=4
*************
28/08/2017 15:48:07,ross,GUARDA RESULTADOS,HCT=4
*************
28/08/2017 15:48:07,ross,GUARDA RESULTADOS,HGB=4
*************
28/08/2017 15:48:07,ross,GUARDA RESULTADOS,MCV=4
*************
28/08/2017 15:48:07,ross,GUARDA RESULTADOS,MCH=4
*************
28/08/2017 15:48:07,ross,GUARDA RESULTADOS,MCHC=4
*************
28/08/2017 15:48:07,ross,GUARDA RESULTADOS,PLT=4
*************
28/08/2017 15:48:07,ross,GUARDA RESULTADOS,PDW=4
*************
28/08/2017 15:48:07,ross,GUARDA RESULTADOS,MPV=4
*************
28/08/2017 15:48:07,ross,GUARDA RESULTADOS,PCT=4
*************
28/08/2017 15:48:07,ross,GUARDA RESULTADOS,RDW_SD=4
*************
28/08/2017 15:48:07,ross,GUARDA RESULTADOS,RDW_CV=4
*************
28/08/2017 15:48:19,ross,GUARDA RESULTADOS,COLO=AMARILLO
*************
28/08/2017 15:48:19,ross,GUARDA RESULTADOS,ASPO=TRANSPARENTE
*************
28/08/2017 15:48:19,ross,GUARDA RESULTADOS,DENO=+
*************
28/08/2017 15:48:19,ross,GUARDA RESULTADOS,PH=5.5
*************
28/08/2017 15:48:19,ross,GUARDA RESULTADOS,GLUO=NEGATIVO
*************
28/08/2017 15:48:48,ross,GUARDA RESULTADOS,COLOR=CAFE
*************
28/08/2017 15:48:48,ross,GUARDA RESULTADOS,ASPECTO=HETEROGENEA
*************
28/08/2017 15:48:48,ross,GUARDA RESULTADOS,CONSISTENCIA=DURA
*************
28/08/2017 15:48:48,ross,GUARDA RESULTADOS,Ph=1.010
*************
28/08/2017 15:48:48,ross,GUARDA RESULTADOS,MOCO=ESCASO
*************
28/08/2017 15:48:54,ross,GUARDA RESULTADOS,BIOMETRIA HEMATICA=MEMO
*************
28/08/2017 15:48:54,ross,GUARDA RESULTADOS,EMO=MEMO
*************
28/08/2017 15:48:54,ross,GUARDA RESULTADOS,COPROPARASITARIO=MEMO
*************
28/08/2017 15:49:00,ross,VALIDACION RESULTADO,PEDIDO=577/400101
*************
28/08/2017 15:49:00,ross,VALIDACION RESULTADO,PEDIDO=577/400230
*************
28/08/2017 15:49:01,ross,VALIDACION RESULTADO,PEDIDO=577/400244
*************
28/08/2017 15:49:21,ross,GUARDA RESULTADOS,CREA=55
*************
28/08/2017 15:49:21,ross,GUARDA RESULTADOS,CHOL=120
*************
28/08/2017 15:49:21,ross,GUARDA RESULTADOS,TGL=130
*************
28/08/2017 15:49:24,ross,VALIDACION RESULTADO,PEDIDO=578/400141
*************
28/08/2017 15:49:24,ross,VALIDACION RESULTADO,PEDIDO=578/400149
*************
28/08/2017 15:49:25,ross,VALIDACION RESULTADO,PEDIDO=578/400151
*************
28/08/2017 15:55:22,,Ingreso USUARIO,Busca tabla invitado
*************
28/08/2017 15:55:23,ross,Ingreso CONTRASEÑA,Busca tabla invitado
*************
28/08/2017 15:56:50,,Ingreso USUARIO,Busca tabla invitado
*************
28/08/2017 15:56:51,ross,Ingreso CONTRASEÑA,Busca tabla invitado
*************
28/08/2017 16:04:54,,Ingreso USUARIO,Busca tabla invitado
*************
28/08/2017 16:04:55,ross,Ingreso CONTRASEÑA,Busca tabla invitado
*************
28/08/2017 16:31:45,,Ingreso USUARIO,Busca tabla invitado
*************
28/08/2017 16:31:46,ross,Ingreso CONTRASEÑA,Busca tabla invitado
*************
28/08/2017 16:38:59,,Ingreso USUARIO,Busca tabla invitado
*************
28/08/2017 16:39:00,ross,Ingreso CONTRASEÑA,Busca tabla invitado
*************
28/08/2017 16:45:44,,Ingreso USUARIO,Busca tabla invitado
*************
28/08/2017 16:45:45,ross,Ingreso CONTRASEÑA,Busca tabla invitado
*************
28/08/2017 16:45:54,ross,IMPRIME TODO,PEDIDO=578
*************
28/08/2017 16:46:03,ross,IMPRIME TODO,PEDIDO=577
*************
28/08/2017 16:46:11,ross,IMPRIME TODO,PEDIDO=578
*************
28/08/2017 16:46:21,ross,IMPRIME TODO,PEDIDO=576
*************
28/08/2017 16:47:11,ross,IMPRIME TODO,PEDIDO=576
*************
28/08/2017 16:51:01,,Ingreso USUARIO,Busca tabla invitado
*************
28/08/2017 16:51:05,ross,Ingreso CONTRASEÑA,Busca tabla invitado
*************
28/08/2017 16:56:15,,Ingreso USUARIO,Busca tabla invitado
*************
28/08/2017 16:56:16,ross,Ingreso CONTRASEÑA,Busca tabla invitado
*************
29/08/2017 16:27:56,,Ingreso USUARIO,Busca tabla invitado
*************
29/08/2017 16:27:59,ross,Ingreso CONTRASEÑA,Busca tabla invitado
*************
29/08/2017 16:28:53,ross,AGENDAMIENTO,PEDIDO=579
*************
30/08/2017 7:39:13,,Ingreso USUARIO,Busca tabla invitado
*************
30/08/2017 7:39:14,ross,Ingreso CONTRASEÑA,Busca tabla invitado
*************
30/08/2017 7:49:12,,Ingreso USUARIO,Busca tabla invitado
*************
30/08/2017 7:49:14,ross,Ingreso CONTRASEÑA,Busca tabla invitado
*************
29/08/2017 7:50:13,ross,AGENDAMIENTO,PEDIDO=580
*************
30/08/2017 7:50:37,,Ingreso USUARIO,Busca tabla invitado
*************
30/08/2017 7:50:37,ross,Ingreso CONTRASEÑA,Busca tabla invitado
*************
30/08/2017 16:29:44,,Ingreso USUARIO,Busca tabla invitado
*************
30/08/2017 16:29:45,ross,Ingreso CONTRASEÑA,Busca tabla invitado
*************
30/08/2017 16:34:30,,Ingreso USUARIO,Busca tabla invitado
*************
30/08/2017 16:34:34,ross,Ingreso CONTRASEÑA,Busca tabla invitado
*************
30/08/2017 16:54:22,,Ingreso USUARIO,Busca tabla invitado
*************
30/08/2017 16:54:23,ross,Ingreso CONTRASEÑA,Busca tabla invitado
*************
30/08/2017 16:57:34,,Ingreso USUARIO,Busca tabla invitado
*************
30/08/2017 16:57:35,ross,Ingreso CONTRASEÑA,Busca tabla invitado
*************
30/08/2017 16:59:19,,Ingreso USUARIO,Busca tabla invitado
*************
30/08/2017 16:59:19,ross,Ingreso CONTRASEÑA,Busca tabla invitado
*************
31/08/2017 9:15:05,,Ingreso USUARIO,Busca tabla invitado
*************
31/08/2017 10:21:13,,Ingreso USUARIO,Busca tabla invitado
*************
31/08/2017 10:21:14,ross,Ingreso CONTRASEÑA,Busca tabla invitado
*************
31/08/2017 10:21:47,ross,1 GENERAR ORDEN,PEDIDO=581
*************
31/08/2017 10:22:14,ross,GUARDA RESULTADOS,CHOL=34
*************
31/08/2017 10:22:14,ross,GUARDA RESULTADOS,TGL=43
*************
31/08/2017 10:22:21,ross,VALIDACION RESULTADO,PEDIDO=581/400149
*************
31/08/2017 10:22:21,ross,VALIDACION RESULTADO,PEDIDO=581/400151
*************
31/08/2017 10:22:39,ross,IMPRIME TODO,PEDIDO=581
*************
31/08/2017 10:23:07,ross,IMPRIME SOBRE,PEDIDO=581
*************
31/08/2017 10:28:18,,Ingreso USUARIO,Busca tabla invitado
*************
31/08/2017 10:28:20,ross,Ingreso CONTRASEÑA,Busca tabla invitado
*************
31/08/2017 10:32:02,,Ingreso USUARIO,Busca tabla invitado
*************
31/08/2017 10:32:03,ross,Ingreso CONTRASEÑA,Busca tabla invitado
*************
31/08/2017 10:33:38,,Ingreso USUARIO,Busca tabla invitado
*************
31/08/2017 10:33:39,ross,Ingreso CONTRASEÑA,Busca tabla invitado
*************
31/08/2017 12:30:24,,Ingreso USUARIO,Busca tabla invitado
*************
31/08/2017 12:30:24,ross,Ingreso CONTRASEÑA,Busca tabla invitado
*************
31/08/2017 12:30:44,ross,IMPRIME TODO,PEDIDO=581
*************
31/08/2017 13:45:52,,Ingreso USUARIO,Busca tabla invitado
*************
31/08/2017 13:45:53,ross,Ingreso CONTRASEÑA,Busca tabla invitado
*************
31/08/2017 13:46:06,ross,IMPRIME TODO,PEDIDO=581
*************
31/08/2017 13:47:34,,Ingreso USUARIO,Busca tabla invitado
*************
31/08/2017 13:47:40,ross,Ingreso CONTRASEÑA,Busca tabla invitado
*************
31/08/2017 13:47:50,ross,IMPRIME TODO,PEDIDO=581
*************
31/08/2017 13:48:57,,Ingreso USUARIO,Busca tabla invitado
*************
31/08/2017 13:48:58,ross,Ingreso CONTRASEÑA,Busca tabla invitado
*************
31/08/2017 13:49:05,ross,IMPRIME TODO,PEDIDO=581
*************
31/08/2017 13:54:01,,Ingreso USUARIO,Busca tabla invitado
*************
31/08/2017 13:54:02,ross,Ingreso CONTRASEÑA,Busca tabla invitado
*************
31/08/2017 13:54:10,ross,IMPRIME TODO,PEDIDO=581
*************
31/08/2017 13:56:45,,Ingreso USUARIO,Busca tabla invitado
*************
31/08/2017 13:56:47,ross,Ingreso CONTRASEÑA,Busca tabla invitado
*************
31/08/2017 13:56:54,ross,IMPRIME TODO,PEDIDO=581
*************
31/08/2017 13:57:56,,Ingreso USUARIO,Busca tabla invitado
*************
31/08/2017 13:57:58,ross,Ingreso CONTRASEÑA,Busca tabla invitado
*************
31/08/2017 13:58:06,ross,IMPRIME TODO,PEDIDO=581
*************
31/08/2017 13:59:44,,Ingreso USUARIO,Busca tabla invitado
*************
31/08/2017 13:59:45,ross,Ingreso CONTRASEÑA,Busca tabla invitado
*************
31/08/2017 13:59:51,ross,IMPRIME TODO,PEDIDO=581
*************
31/08/2017 14:03:04,,Ingreso USUARIO,Busca tabla invitado
*************
31/08/2017 14:03:04,ross,Ingreso CONTRASEÑA,Busca tabla invitado
*************
31/08/2017 14:03:10,ross,IMPRIME TODO,PEDIDO=581
*************
31/08/2017 14:03:24,ross,IMPRIME SOBRE,PEDIDO=581
*************
31/08/2017 14:04:36,,Ingreso USUARIO,Busca tabla invitado
*************
31/08/2017 14:04:37,ross,Ingreso CONTRASEÑA,Busca tabla invitado
*************
31/08/2017 14:04:44,ross,IMPRIME TODO,PEDIDO=581
*************
31/08/2017 14:05:22,,Ingreso USUARIO,Busca tabla invitado
*************
31/08/2017 14:05:23,ross,Ingreso CONTRASEÑA,Busca tabla invitado
*************
31/08/2017 14:05:30,ross,IMPRIME TODO,PEDIDO=581
*************
31/08/2017 14:05:56,ross,IMPRIME TODO,PEDIDO=581
*************
31/08/2017 14:11:26,,Ingreso USUARIO,Busca tabla invitado
*************
31/08/2017 14:11:27,ross,Ingreso CONTRASEÑA,Busca tabla invitado
*************
31/08/2017 14:11:34,ross,IMPRIME TODO,PEDIDO=581
*************
31/08/2017 14:13:24,,Ingreso USUARIO,Busca tabla invitado
*************
31/08/2017 14:13:25,ross,Ingreso CONTRASEÑA,Busca tabla invitado
*************
31/08/2017 14:13:32,ross,IMPRIME POR AREA,PEDIDO=581
*************
31/08/2017 14:13:43,ross,IMPRIME TODO,PEDIDO=581
*************
31/08/2017 14:15:09,,Ingreso USUARIO,Busca tabla invitado
*************
31/08/2017 14:15:10,ross,Ingreso CONTRASEÑA,Busca tabla invitado
*************
31/08/2017 14:15:16,ross,IMPRIME TODO,PEDIDO=581
*************
31/08/2017 14:15:24,ross,IMPRIME POR AREA,PEDIDO=581
*************
31/08/2017 14:16:26,,Ingreso USUARIO,Busca tabla invitado
*************
31/08/2017 14:16:34,ross,Ingreso CONTRASEÑA,Busca tabla invitado
*************
31/08/2017 14:16:42,ross,IMPRIME TODO,PEDIDO=581
*************
31/08/2017 14:16:48,ross,IMPRIME POR AREA,PEDIDO=581
*************
31/08/2017 14:18:40,,Ingreso USUARIO,Busca tabla invitado
*************
31/08/2017 14:18:41,ross,Ingreso CONTRASEÑA,Busca tabla invitado
*************
31/08/2017 14:18:49,ross,IMPRIME TODO,PEDIDO=581
*************
31/08/2017 14:19:02,ross,IMPRIME TODO,PEDIDO=578
*************
31/08/2017 14:19:08,ross,IMPRIME TODO,PEDIDO=577
*************
31/08/2017 14:26:16,,Ingreso USUARIO,Busca tabla invitado
*************
31/08/2017 14:26:18,ross,Ingreso CONTRASEÑA,Busca tabla invitado
*************
31/08/2017 14:26:25,ross,IMPRIME SOBRE,PEDIDO=581
*************
31/08/2017 14:28:14,,Ingreso USUARIO,Busca tabla invitado
*************
31/08/2017 14:28:15,ross,Ingreso CONTRASEÑA,Busca tabla invitado
*************
31/08/2017 14:29:13,ross,IMPRIME TODO,PEDIDO=581
*************
31/08/2017 14:38:08,,Ingreso USUARIO,Busca tabla invitado
*************
31/08/2017 14:38:10,ross,Ingreso CONTRASEÑA,Busca tabla invitado
*************
31/08/2017 14:38:17,ross,IMPRIME TODO,PEDIDO=581
*************
31/08/2017 14:38:58,,Ingreso USUARIO,Busca tabla invitado
*************
31/08/2017 14:38:59,ross,Ingreso CONTRASEÑA,Busca tabla invitado
*************
31/08/2017 14:39:05,ross,IMPRIME TODO,PEDIDO=581
*************
31/08/2017 14:39:41,,Ingreso USUARIO,Busca tabla invitado
*************
31/08/2017 14:39:42,ross,Ingreso CONTRASEÑA,Busca tabla invitado
*************
31/08/2017 14:39:49,ross,IMPRIME TODO,PEDIDO=581
*************
31/08/2017 14:41:03,,Ingreso USUARIO,Busca tabla invitado
*************
31/08/2017 14:41:04,ross,Ingreso CONTRASEÑA,Busca tabla invitado
*************
31/08/2017 14:41:09,ross,IMPRIME TODO,PEDIDO=581
*************
31/08/2017 14:45:50,,Ingreso USUARIO,Busca tabla invitado
*************
31/08/2017 14:45:51,ross,Ingreso CONTRASEÑA,Busca tabla invitado
*************
31/08/2017 14:45:57,ross,IMPRIME TODO,PEDIDO=581
*************
31/08/2017 14:48:06,,Ingreso USUARIO,Busca tabla invitado
*************
31/08/2017 14:48:07,ross,Ingreso CONTRASEÑA,Busca tabla invitado
*************
31/08/2017 14:48:13,ross,IMPRIME TODO,PEDIDO=581
*************
31/08/2017 14:48:29,ross,IMPRIME TODO,PEDIDO=577
*************
31/08/2017 14:48:43,ross,IMPRIME TODO,PEDIDO=578
*************
31/08/2017 14:48:54,ross,IMPRIME TODO,PEDIDO=577
*************
31/08/2017 14:49:06,ross,IMPRIME TODO,PEDIDO=576
*************
31/08/2017 14:49:17,ross,IMPRIME TODO,PEDIDO=577
*************
31/08/2017 14:49:34,ross,IMPRIME TODO,PEDIDO=578
*************
31/08/2017 14:49:46,ross,IMPRIME TODO,PEDIDO=581
*************
