03/08/2024 19:57:28,,Ingreso USUARIO,Busca tabla invitado
*************
03/08/2024 19:57:29,ross,Ingreso CONTRASEÑA,Busca tabla invitado
*************
03/08/2024 20:00:51,,Ingreso USUARIO,Busca tabla invitado
*************
03/08/2024 20:00:51,ross,Ingreso CONTRASEÑA,Busca tabla invitado
*************
03/08/2024 20:01:47,ross,Nuevo Producto,
*************
03/08/2024 20:04:12,,Ingreso USUARIO,Busca tabla invitado
*************
03/08/2024 20:04:13,ross,Ingreso CONTRASEÑA,Busca tabla invitado
*************
03/08/2024 20:04:39,ross,Nuevo Producto,
*************
03/08/2024 20:04:48,ross,Eliminar Producto,
*************
03/08/2024 20:06:02,ross,Nuevo Proveedor,
*************
03/08/2024 20:11:06,,Ingreso USUARIO,Busca tabla invitado
*************
03/08/2024 20:11:06,ross,Ingreso CONTRASEÑA,Busca tabla invitado
*************
03/08/2024 20:21:49,,Ingreso USUARIO,Busca tabla invitado
*************
03/08/2024 20:21:50,ross,Ingreso CONTRASEÑA,Busca tabla invitado
*************
03/08/2024 20:35:20,,Ingreso USUARIO,Busca tabla invitado
*************
03/08/2024 20:35:21,ross,Ingreso CONTRASEÑA,Busca tabla invitado
*************
03/08/2024 20:38:00,,Ingreso USUARIO,Busca tabla invitado
*************
03/08/2024 20:38:01,ross,Ingreso CONTRASEÑA,Busca tabla invitado
*************
03/08/2024 20:43:07,,Ingreso USUARIO,Busca tabla invitado
*************
03/08/2024 20:43:08,ross,Ingreso CONTRASEÑA,Busca tabla invitado
*************
03/08/2024 20:46:16,,Ingreso USUARIO,Busca tabla invitado
*************
03/08/2024 20:46:17,ross,Ingreso CONTRASEÑA,Busca tabla invitado
*************
03/08/2024 20:53:22,ross,Operación de Movimiento Inventario,
*************
03/08/2024 20:53:22,ross,Inserción de detalle movimiento inventario,
*************
03/08/2024 20:53:22,ross,Inserción de detalle movimiento inventario,
*************
03/08/2024 20:53:22,ross,Inserción de detalle movimiento inventario,
*************
03/08/2024 20:53:22,ross,Inserción de detalle movimiento inventario,
*************
03/08/2024 20:53:22,ross,Inserción de detalle movimiento inventario,
*************
03/08/2024 20:53:22,ross,Inserción de detalle movimiento inventario,
*************
03/08/2024 20:53:22,ross,Inserción de detalle movimiento inventario,
*************
03/08/2024 20:53:22,ross,Inserción de detalle movimiento inventario,
*************
03/08/2024 20:53:22,ross,Inserción de detalle movimiento inventario,
*************
03/08/2024 20:53:22,ross,Inserción de detalle movimiento inventario,
*************
03/08/2024 20:53:22,ross,Inserción de detalle movimiento inventario,
*************
03/08/2024 20:53:22,ross,Inserción de detalle movimiento inventario,
*************
03/08/2024 20:57:56,ross,Nuevo Producto,
*************
03/08/2024 20:58:13,ross,Nuevo Producto,
*************
03/08/2024 20:58:30,ross,Nuevo Producto,
*************
03/08/2024 21:00:13,ross,Operación de Movimiento Inventario,
*************
03/08/2024 21:00:13,ross,Inserción de detalle movimiento inventario,
*************
03/08/2024 21:00:13,ross,Inserción de detalle movimiento inventario,
*************
03/08/2024 21:00:13,ross,Inserción de detalle movimiento inventario,
*************
03/08/2024 21:06:52,ross,Guardar Bodega,
*************
03/08/2024 21:06:57,ross,Guardar Bodega,
*************
03/08/2024 21:07:00,ross,Guardar Bodega,
*************
03/08/2024 21:07:03,ross,Guardar Bodega,
*************
03/08/2024 21:07:06,ross,Guardar Bodega,
*************
03/08/2024 21:07:09,ross,Guardar Bodega,
*************
03/08/2024 21:07:12,ross,Guardar Bodega,
*************
03/08/2024 21:07:19,ross,Guardar Bodega,
*************
03/08/2024 21:07:55,ross,Guardar Bodega,
*************
03/08/2024 21:16:10,,Ingreso USUARIO,Busca tabla invitado
*************
03/08/2024 21:16:11,ross,Ingreso CONTRASEÑA,Busca tabla invitado
*************
03/08/2024 21:18:06,,Ingreso USUARIO,Busca tabla invitado
*************
03/08/2024 21:18:07,ross,Ingreso CONTRASEÑA,Busca tabla invitado
*************
03/08/2024 21:36:48,,Ingreso USUARIO,Busca tabla invitado
*************
03/08/2024 21:36:49,ross,Ingreso CONTRASEÑA,Busca tabla invitado
*************
03/08/2024 21:37:19,ross,Nuevo Pedido PRE CARGA,NORMAL/11
*************
03/08/2024 21:37:19,ross,GUARDA ENCUESTA,341
*************
03/08/2024 21:39:30,,Ingreso USUARIO,Busca tabla invitado
*************
03/08/2024 21:39:31,ross,Ingreso CONTRASEÑA,Busca tabla invitado
*************
03/08/2024 21:39:57,,Ingreso USUARIO,Busca tabla invitado
*************
03/08/2024 21:39:58,ross,Ingreso CONTRASEÑA,Busca tabla invitado
*************
03/08/2024 21:40:58,,Ingreso USUARIO,Busca tabla invitado
*************
03/08/2024 21:40:59,ross,Ingreso CONTRASEÑA,Busca tabla invitado
*************
03/08/2024 22:04:49,,Ingreso USUARIO,Busca tabla invitado
*************
03/08/2024 22:04:50,ross,Ingreso CONTRASEÑA,Busca tabla invitado
*************
03/08/2024 22:08:14,,Ingreso USUARIO,Busca tabla invitado
*************
03/08/2024 22:08:15,ross,Ingreso CONTRASEÑA,Busca tabla invitado
*************
03/08/2024 22:08:47,,Ingreso USUARIO,Busca tabla invitado
*************
03/08/2024 22:08:48,ross,Ingreso CONTRASEÑA,Busca tabla invitado
*************
03/08/2024 22:11:30,,Ingreso USUARIO,Busca tabla invitado
*************
03/08/2024 22:11:32,ross,Ingreso CONTRASEÑA,Busca tabla invitado
*************
03/08/2024 22:18:29,,Ingreso USUARIO,Busca tabla invitado
*************
03/08/2024 22:18:30,ross,Ingreso CONTRASEÑA,Busca tabla invitado
*************
03/08/2024 22:22:02,,Ingreso USUARIO,Busca tabla invitado
*************
03/08/2024 22:22:03,ross,Ingreso CONTRASEÑA,Busca tabla invitado
*************
03/08/2024 22:23:03,ross,Operación de Movimiento Inventario,
*************
03/08/2024 22:23:03,ross,Inserción de detalle movimiento inventario,
*************
03/08/2024 22:23:12,ross,Operación de Movimiento Inventario,
*************
03/08/2024 22:23:12,ross,Inserción de detalle movimiento inventario,
*************
03/08/2024 22:26:47,,Ingreso USUARIO,Busca tabla invitado
*************
03/08/2024 22:26:48,ross,Ingreso CONTRASEÑA,Busca tabla invitado
*************
04/08/2024 17:06:30,,Ingreso USUARIO,Busca tabla invitado
*************
04/08/2024 17:06:31,ross,Ingreso CONTRASEÑA,Busca tabla invitado
*************
04/08/2024 17:08:38,ross,Nuevo Pedido PRE CARGA,NORMAL/12
*************
04/08/2024 17:08:38,ross,GUARDA ENCUESTA,408
*************
04/08/2024 17:09:22,ross,Nuevo Pedido PRE CARGA,NORMAL/13
*************
04/08/2024 17:09:22,ross,GUARDA ENCUESTA,402
*************
04/08/2024 17:09:52,ross,Operación de Movimiento Inventario,
*************
04/08/2024 17:09:52,ross,Inserción de detalle movimiento inventario,
*************
04/08/2024 17:10:05,ross,Operación de Movimiento Inventario,
*************
04/08/2024 17:10:05,ross,Inserción de detalle movimiento inventario,
*************
04/08/2024 18:47:11,,Ingreso USUARIO,Busca tabla invitado
*************
04/08/2024 18:47:13,,Ingreso CONTRASEÑA FALLIDO,
*************
04/08/2024 18:47:13,,Ingreso CONTRASEÑA,Busca tabla invitado
*************
04/08/2024 18:47:14,ross,Ingreso CONTRASEÑA,Busca tabla invitado
*************
04/08/2024 19:50:11,,Ingreso USUARIO,Busca tabla invitado
*************
04/08/2024 19:50:11,ross,Ingreso CONTRASEÑA,Busca tabla invitado
*************
04/08/2024 19:51:43,,Ingreso USUARIO,Busca tabla invitado
*************
04/08/2024 19:51:44,ross,Ingreso CONTRASEÑA,Busca tabla invitado
*************
04/08/2024 19:52:58,,Ingreso USUARIO,Busca tabla invitado
*************
04/08/2024 19:53:00,ross,Ingreso CONTRASEÑA,Busca tabla invitado
*************
04/08/2024 19:53:38,,Ingreso USUARIO,Busca tabla invitado
*************
04/08/2024 19:53:39,ross,Ingreso CONTRASEÑA,Busca tabla invitado
*************
04/08/2024 20:08:53,,Ingreso USUARIO,Busca tabla invitado
*************
04/08/2024 20:08:54,ross,Ingreso CONTRASEÑA,Busca tabla invitado
*************
04/08/2024 20:10:58,,Ingreso USUARIO,Busca tabla invitado
*************
04/08/2024 20:10:58,ross,Ingreso CONTRASEÑA,Busca tabla invitado
*************
04/08/2024 20:15:36,,Ingreso USUARIO,Busca tabla invitado
*************
04/08/2024 20:15:37,ross,Ingreso CONTRASEÑA,Busca tabla invitado
*************
04/08/2024 20:16:17,,Ingreso USUARIO,Busca tabla invitado
*************
04/08/2024 20:16:18,ross,Ingreso CONTRASEÑA,Busca tabla invitado
*************
04/08/2024 20:17:13,,Ingreso USUARIO,Busca tabla invitado
*************
04/08/2024 20:17:14,ross,Ingreso CONTRASEÑA,Busca tabla invitado
*************
05/08/2024 20:40:03,,Ingreso USUARIO,Busca tabla invitado
*************
05/08/2024 20:40:04,ross,Ingreso CONTRASEÑA,Busca tabla invitado
*************
05/08/2024 20:41:17,,Ingreso USUARIO,Busca tabla invitado
*************
05/08/2024 20:41:17,ross,Ingreso CONTRASEÑA,Busca tabla invitado
*************
05/08/2024 20:42:35,ross,Actualizar Producto,
*************
05/08/2024 20:42:54,ross,Actualizar Producto,
*************
05/08/2024 20:47:59,ross,Nuevo Producto,
*************
05/08/2024 20:50:52,,Ingreso USUARIO,Busca tabla invitado
*************
05/08/2024 20:50:53,ross,Ingreso CONTRASEÑA,Busca tabla invitado
*************
05/08/2024 20:54:36,,Ingreso USUARIO,Busca tabla invitado
*************
05/08/2024 20:54:37,ross,Ingreso CONTRASEÑA,Busca tabla invitado
*************
05/08/2024 20:55:50,ross,Actualizar Producto,
*************
05/08/2024 20:59:12,,Ingreso USUARIO,Busca tabla invitado
*************
05/08/2024 20:59:14,,Ingreso CONTRASEÑA FALLIDO,
*************
05/08/2024 20:59:14,,Ingreso CONTRASEÑA,Busca tabla invitado
*************
05/08/2024 20:59:15,ross,Ingreso CONTRASEÑA,Busca tabla invitado
*************
05/08/2024 21:03:28,,Ingreso USUARIO,Busca tabla invitado
*************
05/08/2024 21:03:29,ross,Ingreso CONTRASEÑA,Busca tabla invitado
*************
05/08/2024 21:06:55,,Ingreso USUARIO,Busca tabla invitado
*************
05/08/2024 21:06:56,ross,Ingreso CONTRASEÑA,Busca tabla invitado
*************
05/08/2024 21:11:53,,Ingreso USUARIO,Busca tabla invitado
*************
05/08/2024 21:11:54,ross,Ingreso CONTRASEÑA,Busca tabla invitado
*************
05/08/2024 21:14:20,,Ingreso USUARIO,Busca tabla invitado
*************
05/08/2024 21:14:21,ross,Ingreso CONTRASEÑA,Busca tabla invitado
*************
05/08/2024 21:20:42,,Ingreso USUARIO,Busca tabla invitado
*************
05/08/2024 21:20:43,ross,Ingreso CONTRASEÑA,Busca tabla invitado
*************
05/08/2024 21:22:53,,Ingreso USUARIO,Busca tabla invitado
*************
05/08/2024 21:22:54,ross,Ingreso CONTRASEÑA,Busca tabla invitado
*************
05/08/2024 21:24:52,,Ingreso USUARIO,Busca tabla invitado
*************
05/08/2024 21:24:53,ross,Ingreso CONTRASEÑA,Busca tabla invitado
*************
05/08/2024 21:29:51,,Ingreso USUARIO,Busca tabla invitado
*************
05/08/2024 21:29:52,ross,Ingreso CONTRASEÑA,Busca tabla invitado
*************
05/08/2024 21:33:54,,Ingreso USUARIO,Busca tabla invitado
*************
05/08/2024 21:33:55,ross,Ingreso CONTRASEÑA,Busca tabla invitado
*************
05/08/2024 21:35:25,,Ingreso USUARIO,Busca tabla invitado
*************
05/08/2024 21:35:26,ross,Ingreso CONTRASEÑA,Busca tabla invitado
*************
05/08/2024 21:37:03,,Ingreso USUARIO,Busca tabla invitado
*************
05/08/2024 21:37:04,ross,Ingreso CONTRASEÑA,Busca tabla invitado
*************
05/08/2024 21:38:43,,Ingreso USUARIO,Busca tabla invitado
*************
05/08/2024 21:38:44,ross,Ingreso CONTRASEÑA,Busca tabla invitado
*************
05/08/2024 21:41:42,,Ingreso USUARIO,Busca tabla invitado
*************
05/08/2024 21:41:45,,Ingreso CONTRASEÑA FALLIDO,
*************
05/08/2024 21:41:45,,Ingreso CONTRASEÑA,Busca tabla invitado
*************
05/08/2024 21:41:46,ross,Ingreso CONTRASEÑA,Busca tabla invitado
*************
05/08/2024 21:44:55,,Ingreso USUARIO,Busca tabla invitado
*************
05/08/2024 21:44:56,ross,Ingreso CONTRASEÑA,Busca tabla invitado
*************
05/08/2024 21:53:10,,Ingreso USUARIO,Busca tabla invitado
*************
05/08/2024 21:53:11,ross,Ingreso CONTRASEÑA,Busca tabla invitado
*************
05/08/2024 21:58:33,,Ingreso USUARIO,Busca tabla invitado
*************
05/08/2024 21:58:35,ross,Ingreso CONTRASEÑA,Busca tabla invitado
*************
05/08/2024 22:04:56,,Ingreso USUARIO,Busca tabla invitado
*************
05/08/2024 22:04:57,ross,Ingreso CONTRASEÑA,Busca tabla invitado
*************
06/08/2024 06:03:59,,Ingreso USUARIO,Busca tabla invitado
*************
06/08/2024 06:03:59,ross,Ingreso CONTRASEÑA,Busca tabla invitado
*************
06/08/2024 06:06:31,,Ingreso USUARIO,Busca tabla invitado
*************
06/08/2024 06:06:32,ross,Ingreso CONTRASEÑA,Busca tabla invitado
*************
06/08/2024 06:06:49,,Ingreso USUARIO,Busca tabla invitado
*************
06/08/2024 06:06:50,ross,Ingreso CONTRASEÑA,Busca tabla invitado
*************
09/08/2024 08:40:22,,Ingreso USUARIO,Busca tabla invitado
*************
09/08/2024 08:40:23,ross,Ingreso CONTRASEÑA,Busca tabla invitado
*************
09/08/2024 08:40:53,ross,01 GENERAR ORDEN  NORMAL EXAMENES: 400101,400149,400150,400476,400151,400295,401104,400141,400140,,PEDIDO=14
*************
09/08/2024 08:42:19,ross,GUARDA RESULTADOS,WBCH=1
*************
09/08/2024 08:42:19,ross,GUARDA RESULTADOS,NEUH=2
*************
09/08/2024 08:42:19,ross,GUARDA RESULTADOS,LYMH=3
*************
09/08/2024 08:42:19,ross,GUARDA RESULTADOS,MONH=4
*************
09/08/2024 08:42:19,ross,GUARDA RESULTADOS,EOSH=5
*************
09/08/2024 08:42:19,ross,GUARDA RESULTADOS,BASOH=6
*************
09/08/2024 08:42:19,ross,GUARDA RESULTADOS,NEU%25H=7
*************
09/08/2024 08:42:19,ross,GUARDA RESULTADOS,LYM%25H=8
*************
09/08/2024 08:42:19,ross,GUARDA RESULTADOS,MON%25H=9
*************
09/08/2024 08:42:19,ross,GUARDA RESULTADOS,EOS%25H=1
*************
09/08/2024 08:42:20,ross,GUARDA RESULTADOS,BASO%25H=2
*************
09/08/2024 08:42:20,ross,GUARDA RESULTADOS,RBCH=3
*************
09/08/2024 08:42:20,ross,GUARDA RESULTADOS,HCTH=4
*************
09/08/2024 08:42:20,ross,GUARDA RESULTADOS,HGBH=5
*************
09/08/2024 08:42:20,ross,GUARDA RESULTADOS,MCVH=6
*************
09/08/2024 08:42:20,ross,GUARDA RESULTADOS,MCHH=7
*************
09/08/2024 08:42:20,ross,GUARDA RESULTADOS,MCHCH=8
*************
09/08/2024 08:42:20,ross,GUARDA RESULTADOS,RDW-CVH=9
*************
09/08/2024 08:42:20,ross,GUARDA RESULTADOS,RDW-SDH=1
*************
09/08/2024 08:42:20,ross,GUARDA RESULTADOS,PLTH=2
*************
09/08/2024 08:42:20,ross,GUARDA RESULTADOS,MPVH=3
*************
09/08/2024 08:42:20,ross,GUARDA RESULTADOS,PDWH=4
*************
09/08/2024 08:42:20,ross,GUARDA RESULTADOS,PCTH=5
*************
09/08/2024 08:42:20,ross,GUARDA RESULTADOS,P-LCRH=6
*************
09/08/2024 08:42:20,ross,GUARDA RESULTADOS,P-LCCH=8
*************
09/08/2024 08:43:10,ross,GUARDA RESULTADOS,BHH=MEMO
*************
09/08/2024 08:43:10,ross,GUARDA RESULTADOS,GLUCH=112.3
*************
09/08/2024 08:43:10,ross,GUARDA RESULTADOS,UREH=34.8
*************
09/08/2024 08:43:10,ross,GUARDA RESULTADOS,CREH=0.8
*************
09/08/2024 08:43:10,ross,GUARDA RESULTADOS,COLH=178.6
*************
09/08/2024 08:43:10,ross,GUARDA RESULTADOS,AHDLH=48
*************
09/08/2024 08:43:10,ross,GUARDA RESULTADOS,LDLH=94.98
*************
09/08/2024 08:43:10,ross,GUARDA RESULTADOS,TGLH=178.1
*************
09/08/2024 08:43:12,ross,VALIDACION RESULTADO,PEDIDO=14/400101
*************
09/08/2024 08:43:12,ross,VALIDACION RESULTADO,PEDIDO=14/400140
*************
09/08/2024 08:43:12,ross,VALIDACION RESULTADO,PEDIDO=14/400141
*************
09/08/2024 08:43:12,ross,VALIDACION RESULTADO,PEDIDO=14/400149
*************
09/08/2024 08:43:12,ross,VALIDACION RESULTADO,PEDIDO=14/400150
*************
09/08/2024 08:43:12,ross,VALIDACION RESULTADO,PEDIDO=14/400151
*************
09/08/2024 08:43:12,ross,VALIDACION RESULTADO,PEDIDO=14/400476
*************
09/08/2024 08:43:12,ross,VALIDACION RESULTADO,PEDIDO=14/401104
*************
09/08/2024 08:43:13,ross,Eliminar resultado AUX_HIS,
*************
09/08/2024 08:43:47,ross,GUARDA RESULTADOS,BHH=MEMO
*************
09/08/2024 08:43:47,ross,GUARDA RESULTADOS,GLUCH=112.3
*************
09/08/2024 08:43:47,ross,GUARDA RESULTADOS,UREH=34.8
*************
09/08/2024 08:43:47,ross,GUARDA RESULTADOS,CREH=0.8
*************
09/08/2024 08:43:47,ross,GUARDA RESULTADOS,COLH=178.6
*************
09/08/2024 08:43:47,ross,GUARDA RESULTADOS,AHDLH=48
*************
09/08/2024 08:43:47,ross,GUARDA RESULTADOS,LDLH=94.98
*************
09/08/2024 08:43:47,ross,GUARDA RESULTADOS,TGLH=178.1
*************
09/08/2024 08:43:53,ross,Eliminar resultado AUX_HIS,
*************
09/08/2024 08:56:14,,Ingreso USUARIO,Busca tabla invitado
*************
09/08/2024 08:56:15,ross,Ingreso CONTRASEÑA,Busca tabla invitado
*************
09/08/2024 08:56:25,ross,GUARDA RESULTADOS,BHH=MEMO
*************
09/08/2024 08:56:25,ross,GUARDA RESULTADOS,GLUCH=112.3
*************
09/08/2024 08:56:25,ross,GUARDA RESULTADOS,UREH=34.8
*************
09/08/2024 08:56:25,ross,GUARDA RESULTADOS,CREH=0.8
*************
09/08/2024 08:56:25,ross,GUARDA RESULTADOS,COLH=178.6
*************
09/08/2024 08:56:25,ross,GUARDA RESULTADOS,AHDLH=48
*************
09/08/2024 08:56:25,ross,GUARDA RESULTADOS,LDLH=94.98
*************
09/08/2024 08:56:25,ross,GUARDA RESULTADOS,TGLH=178.1
*************
09/08/2024 08:56:30,ross,Eliminar resultado AUX_HIS,
*************
09/08/2024 09:01:37,,Ingreso USUARIO,Busca tabla invitado
*************
09/08/2024 09:01:38,ross,Ingreso CONTRASEÑA,Busca tabla invitado
*************
09/08/2024 09:01:46,ross,GUARDA RESULTADOS,BHH=MEMO
*************
09/08/2024 09:01:46,ross,GUARDA RESULTADOS,GLUCH=112.3
*************
09/08/2024 09:01:46,ross,GUARDA RESULTADOS,UREH=34.8
*************
09/08/2024 09:01:46,ross,GUARDA RESULTADOS,CREH=0.8
*************
09/08/2024 09:01:46,ross,GUARDA RESULTADOS,COLH=178.6
*************
09/08/2024 09:01:46,ross,GUARDA RESULTADOS,AHDLH=48
*************
09/08/2024 09:01:46,ross,GUARDA RESULTADOS,LDLH=94.98
*************
09/08/2024 09:01:46,ross,GUARDA RESULTADOS,TGLH=178.1
*************
09/08/2024 09:01:49,ross,Eliminar resultado AUX_HIS,
*************
09/08/2024 09:03:43,,Ingreso USUARIO,Busca tabla invitado
*************
09/08/2024 09:03:45,ross,Ingreso CONTRASEÑA,Busca tabla invitado
*************
09/08/2024 09:04:06,ross,GUARDA RESULTADOS,BHH=MEMO
*************
09/08/2024 09:04:06,ross,GUARDA RESULTADOS,GLUCH=112.3
*************
09/08/2024 09:04:06,ross,GUARDA RESULTADOS,UREH=34.8
*************
09/08/2024 09:04:06,ross,GUARDA RESULTADOS,CREH=0.8
*************
09/08/2024 09:04:06,ross,GUARDA RESULTADOS,COLH=178.6
*************
09/08/2024 09:04:06,ross,GUARDA RESULTADOS,AHDLH=48
*************
09/08/2024 09:04:06,ross,GUARDA RESULTADOS,LDLH=94.98
*************
09/08/2024 09:04:06,ross,GUARDA RESULTADOS,TGLH=178.1
*************
09/08/2024 09:04:12,ross,Eliminar resultado AUX_HIS,
*************
09/08/2024 09:45:28,,Ingreso USUARIO,Busca tabla invitado
*************
09/08/2024 09:45:28,ross,Ingreso CONTRASEÑA,Busca tabla invitado
*************
09/08/2024 09:45:43,ross,GUARDA RESULTADOS,BHH=MEMO
*************
09/08/2024 09:45:43,ross,GUARDA RESULTADOS,GLUCH=112.3
*************
09/08/2024 09:45:43,ross,GUARDA RESULTADOS,UREH=34.8
*************
09/08/2024 09:45:43,ross,GUARDA RESULTADOS,CREH=0.8
*************
09/08/2024 09:45:43,ross,GUARDA RESULTADOS,COLH=178.6
*************
09/08/2024 09:45:43,ross,GUARDA RESULTADOS,AHDLH=48
*************
09/08/2024 09:45:43,ross,GUARDA RESULTADOS,LDLH=94.98
*************
09/08/2024 09:45:43,ross,GUARDA RESULTADOS,TGLH=178.1
*************
09/08/2024 09:45:47,ross,Eliminar resultado AUX_HIS,
*************
09/08/2024 09:46:53,,Ingreso USUARIO,Busca tabla invitado
*************
09/08/2024 09:46:54,ross,Ingreso CONTRASEÑA,Busca tabla invitado
*************
09/08/2024 09:47:04,ross,GUARDA RESULTADOS,BHH=MEMO
*************
09/08/2024 09:47:04,ross,GUARDA RESULTADOS,GLUCH=112.3
*************
09/08/2024 09:47:04,ross,GUARDA RESULTADOS,UREH=34.8
*************
09/08/2024 09:47:04,ross,GUARDA RESULTADOS,CREH=0.8
*************
09/08/2024 09:47:04,ross,GUARDA RESULTADOS,COLH=178.6
*************
09/08/2024 09:47:04,ross,GUARDA RESULTADOS,AHDLH=48
*************
09/08/2024 09:47:04,ross,GUARDA RESULTADOS,LDLH=94.98
*************
09/08/2024 09:47:04,ross,GUARDA RESULTADOS,TGLH=178.1
*************
09/08/2024 09:47:07,ross,Eliminar resultado AUX_HIS,
*************
09/08/2024 10:01:22,,Ingreso USUARIO,Busca tabla invitado
*************
09/08/2024 10:01:23,ross,Ingreso CONTRASEÑA,Busca tabla invitado
*************
09/08/2024 10:01:33,ross,GUARDA RESULTADOS,BHH=MEMO
*************
09/08/2024 10:01:33,ross,GUARDA RESULTADOS,GLUCH=112.3
*************
09/08/2024 10:01:33,ross,GUARDA RESULTADOS,UREH=34.8
*************
09/08/2024 10:01:33,ross,GUARDA RESULTADOS,CREH=0.8
*************
09/08/2024 10:01:33,ross,GUARDA RESULTADOS,COLH=178.6
*************
09/08/2024 10:01:34,ross,GUARDA RESULTADOS,AHDLH=48
*************
09/08/2024 10:01:34,ross,GUARDA RESULTADOS,LDLH=94.98
*************
09/08/2024 10:01:34,ross,GUARDA RESULTADOS,TGLH=178.1
*************
09/08/2024 10:01:39,ross,Eliminar resultado AUX_HIS,
*************
09/08/2024 10:05:49,,Ingreso USUARIO,Busca tabla invitado
*************
09/08/2024 10:05:50,ross,Ingreso CONTRASEÑA,Busca tabla invitado
*************
09/08/2024 10:05:59,ross,GUARDA RESULTADOS,BHH=MEMO
*************
09/08/2024 10:05:59,ross,GUARDA RESULTADOS,GLUCH=112.3
*************
09/08/2024 10:05:59,ross,GUARDA RESULTADOS,UREH=34.8
*************
09/08/2024 10:05:59,ross,GUARDA RESULTADOS,CREH=0.8
*************
09/08/2024 10:05:59,ross,GUARDA RESULTADOS,COLH=178.6
*************
09/08/2024 10:05:59,ross,GUARDA RESULTADOS,AHDLH=48
*************
09/08/2024 10:05:59,ross,GUARDA RESULTADOS,LDLH=94.98
*************
09/08/2024 10:05:59,ross,GUARDA RESULTADOS,TGLH=178.1
*************
09/08/2024 10:06:00,ross,Eliminar resultado AUX_HIS,
*************
09/08/2024 15:06:04,,Ingreso USUARIO,Busca tabla invitado
*************
09/08/2024 15:06:05,ross,Ingreso CONTRASEÑA,Busca tabla invitado
*************
09/08/2024 15:12:40,,Ingreso USUARIO,Busca tabla invitado
*************
09/08/2024 15:12:40,ross,Ingreso CONTRASEÑA,Busca tabla invitado
*************
09/08/2024 15:25:49,,Ingreso USUARIO,Busca tabla invitado
*************
09/08/2024 15:25:49,ross,Ingreso CONTRASEÑA,Busca tabla invitado
*************
09/08/2024 15:37:44,ross,Nuevo Pedido PRE CARGA,NORMAL/15
*************
09/08/2024 15:37:44,ross,GUARDA ENCUESTA,557
*************
09/08/2024 16:10:47,,Ingreso USUARIO,Busca tabla invitado
*************
09/08/2024 16:10:48,ross,Ingreso CONTRASEÑA,Busca tabla invitado
*************
09/08/2024 16:17:03,,Ingreso USUARIO,Busca tabla invitado
*************
09/08/2024 16:17:04,ross,Ingreso CONTRASEÑA,Busca tabla invitado
*************
09/08/2024 17:21:26,,Ingreso USUARIO,Busca tabla invitado
*************
09/08/2024 17:21:27,ross,Ingreso CONTRASEÑA,Busca tabla invitado
*************
09/08/2024 17:23:07,,Ingreso USUARIO,Busca tabla invitado
*************
09/08/2024 17:23:08,ross,Ingreso CONTRASEÑA,Busca tabla invitado
*************
09/08/2024 17:25:30,,Ingreso USUARIO,Busca tabla invitado
*************
09/08/2024 17:25:31,ross,Ingreso CONTRASEÑA,Busca tabla invitado
*************
09/08/2024 17:28:11,,Ingreso USUARIO,Busca tabla invitado
*************
09/08/2024 17:28:12,ross,Ingreso CONTRASEÑA,Busca tabla invitado
*************
09/08/2024 17:29:22,,Ingreso USUARIO,Busca tabla invitado
*************
09/08/2024 17:29:23,ross,Ingreso CONTRASEÑA,Busca tabla invitado
*************
09/08/2024 17:30:28,,Ingreso USUARIO,Busca tabla invitado
*************
09/08/2024 17:30:33,ross,Ingreso CONTRASEÑA,Busca tabla invitado
*************
09/08/2024 17:43:10,,Ingreso USUARIO,Busca tabla invitado
*************
09/08/2024 17:43:12,ross,Ingreso CONTRASEÑA,Busca tabla invitado
*************
09/08/2024 17:49:48,,Ingreso USUARIO,Busca tabla invitado
*************
09/08/2024 17:49:51,ross,Ingreso CONTRASEÑA,Busca tabla invitado
*************
09/08/2024 17:52:07,,Ingreso USUARIO,Busca tabla invitado
*************
09/08/2024 17:52:08,ross,Ingreso CONTRASEÑA,Busca tabla invitado
*************
09/08/2024 17:56:19,,Ingreso USUARIO,Busca tabla invitado
*************
09/08/2024 17:56:20,ross,Ingreso CONTRASEÑA,Busca tabla invitado
*************
10/08/2024 10:45:34,,Ingreso USUARIO,Busca tabla invitado
*************
10/08/2024 10:45:35,ross,Ingreso CONTRASEÑA,Busca tabla invitado
*************
10/08/2024 10:55:53,,Ingreso USUARIO,Busca tabla invitado
*************
10/08/2024 10:55:54,ross,Ingreso CONTRASEÑA,Busca tabla invitado
*************
11/08/2024 14:59:59,,Ingreso USUARIO,Busca tabla invitado
*************
11/08/2024 14:59:59,ross,Ingreso CONTRASEÑA,Busca tabla invitado
*************
11/08/2024 15:09:22,,Ingreso USUARIO,Busca tabla invitado
*************
11/08/2024 15:09:23,ross,Ingreso CONTRASEÑA,Busca tabla invitado
*************
11/08/2024 15:44:48,,Ingreso USUARIO,Busca tabla invitado
*************
11/08/2024 15:44:49,ross,Ingreso CONTRASEÑA,Busca tabla invitado
*************
11/08/2024 16:00:41,,Ingreso USUARIO,Busca tabla invitado
*************
11/08/2024 16:00:42,ross,Ingreso CONTRASEÑA,Busca tabla invitado
*************
11/08/2024 16:05:11,,Ingreso USUARIO,Busca tabla invitado
*************
11/08/2024 16:05:12,ross,Ingreso CONTRASEÑA,Busca tabla invitado
*************
11/08/2024 16:07:54,ross,Operación de Movimiento Inventario,
*************
11/08/2024 16:07:54,ross,Inserción de detalle movimiento inventario,
*************
11/08/2024 16:11:40,,Ingreso USUARIO,Busca tabla invitado
*************
11/08/2024 16:11:41,ross,Ingreso CONTRASEÑA,Busca tabla invitado
*************
11/08/2024 16:12:07,ross,Operación de Movimiento Inventario,
*************
11/08/2024 16:12:07,ross,Inserción de detalle movimiento inventario,
*************
11/08/2024 16:15:12,,Ingreso USUARIO,Busca tabla invitado
*************
11/08/2024 16:15:13,ross,Ingreso CONTRASEÑA,Busca tabla invitado
*************
11/08/2024 17:49:47,,Ingreso USUARIO,Busca tabla invitado
*************
11/08/2024 17:49:54,,Ingreso CONTRASEÑA FALLIDO,
*************
11/08/2024 17:49:54,,Ingreso CONTRASEÑA,Busca tabla invitado
*************
11/08/2024 17:49:57,ross,Ingreso CONTRASEÑA,Busca tabla invitado
*************
11/08/2024 18:00:40,,Ingreso USUARIO,Busca tabla invitado
*************
11/08/2024 18:00:41,ross,Ingreso CONTRASEÑA,Busca tabla invitado
*************
11/08/2024 18:03:24,,Ingreso USUARIO,Busca tabla invitado
*************
11/08/2024 18:03:25,ross,Ingreso CONTRASEÑA,Busca tabla invitado
*************
11/08/2024 18:23:48,ross,Operación de Movimiento Inventario,
*************
11/08/2024 18:23:48,ross,Inserción de detalle movimiento inventario,
*************
11/08/2024 18:23:48,ross,Inserción de detalle movimiento inventario,
*************
11/08/2024 18:23:48,ross,Inserción de detalle movimiento inventario,
*************
11/08/2024 18:23:48,ross,Inserción de detalle movimiento inventario,
*************
11/08/2024 18:23:48,ross,Inserción de detalle movimiento inventario,
*************
11/08/2024 18:23:48,ross,Inserción de detalle movimiento inventario,
*************
11/08/2024 18:43:01,,Ingreso USUARIO,Busca tabla invitado
*************
11/08/2024 18:43:02,ross,Ingreso CONTRASEÑA,Busca tabla invitado
*************
11/08/2024 19:08:30,,Ingreso USUARIO,Busca tabla invitado
*************
11/08/2024 19:08:30,ross,Ingreso CONTRASEÑA,Busca tabla invitado
*************
11/08/2024 19:12:31,ross,Operación de Movimiento Inventario,
*************
11/08/2024 19:12:31,ross,Inserción de detalle movimiento inventario,
*************
11/08/2024 19:16:21,,Ingreso USUARIO,Busca tabla invitado
*************
11/08/2024 19:16:22,ross,Ingreso CONTRASEÑA,Busca tabla invitado
*************
11/08/2024 19:43:44,,Ingreso USUARIO,Busca tabla invitado
*************
11/08/2024 19:43:46,ross,Ingreso CONTRASEÑA,Busca tabla invitado
*************
11/08/2024 19:46:19,ross,Operación de Movimiento Inventario,
*************
11/08/2024 19:46:39,ross,Inserción de detalle movimiento inventario,
*************
11/08/2024 19:51:59,,Ingreso USUARIO,Busca tabla invitado
*************
11/08/2024 19:52:00,ross,Ingreso CONTRASEÑA,Busca tabla invitado
*************
11/08/2024 19:55:58,,Ingreso USUARIO,Busca tabla invitado
*************
11/08/2024 19:55:59,ross,Ingreso CONTRASEÑA,Busca tabla invitado
*************
11/08/2024 19:56:50,,Ingreso USUARIO,Busca tabla invitado
*************
11/08/2024 19:56:52,,Ingreso CONTRASEÑA FALLIDO,
*************
11/08/2024 19:56:52,,Ingreso CONTRASEÑA,Busca tabla invitado
*************
11/08/2024 19:56:55,ross,Ingreso CONTRASEÑA,Busca tabla invitado
*************
11/08/2024 19:57:57,,Ingreso USUARIO,Busca tabla invitado
*************
11/08/2024 19:57:58,ross,Ingreso CONTRASEÑA,Busca tabla invitado
*************
11/08/2024 20:02:21,,Ingreso USUARIO,Busca tabla invitado
*************
11/08/2024 20:02:23,ross,Ingreso CONTRASEÑA,Busca tabla invitado
*************
11/08/2024 20:04:56,,Ingreso USUARIO,Busca tabla invitado
*************
11/08/2024 20:04:57,ross,Ingreso CONTRASEÑA,Busca tabla invitado
*************
11/08/2024 20:09:14,,Ingreso USUARIO,Busca tabla invitado
*************
11/08/2024 20:09:15,ross,Ingreso CONTRASEÑA,Busca tabla invitado
*************
11/08/2024 20:15:03,,Ingreso USUARIO,Busca tabla invitado
*************
11/08/2024 20:15:04,ross,Ingreso CONTRASEÑA,Busca tabla invitado
*************
11/08/2024 20:18:32,,Ingreso USUARIO,Busca tabla invitado
*************
11/08/2024 20:18:33,ross,Ingreso CONTRASEÑA,Busca tabla invitado
*************
11/08/2024 20:21:41,,Ingreso USUARIO,Busca tabla invitado
*************
11/08/2024 20:21:42,ross,Ingreso CONTRASEÑA,Busca tabla invitado
*************
11/08/2024 20:23:32,ross,Operación de Movimiento Inventario,
*************
11/08/2024 20:23:32,ross,Inserción de detalle movimiento inventario,
*************
11/08/2024 20:25:25,,Ingreso USUARIO,Busca tabla invitado
*************
11/08/2024 20:25:26,ross,Ingreso CONTRASEÑA,Busca tabla invitado
*************
11/08/2024 20:27:22,,Ingreso USUARIO,Busca tabla invitado
*************
11/08/2024 20:27:23,ross,Ingreso CONTRASEÑA,Busca tabla invitado
*************
11/08/2024 20:28:22,,Ingreso USUARIO,Busca tabla invitado
*************
11/08/2024 20:28:23,ross,Ingreso CONTRASEÑA,Busca tabla invitado
*************
11/08/2024 20:32:29,,Ingreso USUARIO,Busca tabla invitado
*************
11/08/2024 20:32:30,ross,Ingreso CONTRASEÑA,Busca tabla invitado
*************
11/08/2024 20:33:26,ross,Operación de Movimiento Inventario,
*************
11/08/2024 20:33:26,ross,Inserción de detalle movimiento inventario,
*************
11/08/2024 20:44:12,,Ingreso USUARIO,Busca tabla invitado
*************
11/08/2024 20:44:13,ross,Ingreso CONTRASEÑA,Busca tabla invitado
*************
12/08/2024 21:04:47,,Ingreso USUARIO,Busca tabla invitado
*************
12/08/2024 21:04:48,ross,Ingreso CONTRASEÑA,Busca tabla invitado
*************
12/08/2024 21:05:15,ross,GUARDA RESULTADOS,BHH=MEMO
*************
12/08/2024 21:05:15,ross,GUARDA RESULTADOS,GLUCH=112.3
*************
12/08/2024 21:05:15,ross,GUARDA RESULTADOS,UREH=34.8
*************
12/08/2024 21:05:15,ross,GUARDA RESULTADOS,CREH=0.8
*************
12/08/2024 21:05:15,ross,GUARDA RESULTADOS,COLH=178.6
*************
12/08/2024 21:05:15,ross,GUARDA RESULTADOS,AHDLH=48
*************
12/08/2024 21:05:16,ross,GUARDA RESULTADOS,LDLH=94.98
*************
12/08/2024 21:05:16,ross,GUARDA RESULTADOS,TGLH=178.1
*************
12/08/2024 21:05:20,ross,Eliminar resultado AUX_HIS,
*************
12/08/2024 21:07:33,,Ingreso USUARIO,Busca tabla invitado
*************
12/08/2024 21:07:34,ross,Ingreso CONTRASEÑA,Busca tabla invitado
*************
12/08/2024 21:07:50,ross,GUARDA RESULTADOS,BHH=MEMO
*************
12/08/2024 21:07:50,ross,GUARDA RESULTADOS,GLUCH=112.3
*************
12/08/2024 21:07:50,ross,GUARDA RESULTADOS,UREH=34.8
*************
12/08/2024 21:07:50,ross,GUARDA RESULTADOS,CREH=0.8
*************
12/08/2024 21:07:50,ross,GUARDA RESULTADOS,COLH=178.6
*************
12/08/2024 21:07:50,ross,GUARDA RESULTADOS,AHDLH=48
*************
12/08/2024 21:07:50,ross,GUARDA RESULTADOS,LDLH=94.98
*************
12/08/2024 21:07:50,ross,GUARDA RESULTADOS,TGLH=178.1
*************
12/08/2024 21:07:56,ross,Eliminar resultado AUX_HIS,
*************
14/08/2024 06:52:54,,Ingreso USUARIO,Busca tabla invitado
*************
14/08/2024 06:52:55,ross,Ingreso CONTRASEÑA,Busca tabla invitado
*************
14/08/2024 06:53:25,ross,Operación de Movimiento Inventario,
*************
14/08/2024 06:53:25,ross,Inserción de detalle movimiento inventario,
*************
14/08/2024 06:58:00,ross,Operación de Movimiento Inventario,
*************
14/08/2024 06:58:00,ross,Inserción de detalle movimiento inventario,
*************
14/08/2024 06:58:37,ross,Operación de Movimiento Inventario,
*************
14/08/2024 06:58:37,ross,Inserción de detalle movimiento inventario,
*************
16/08/2024 22:20:00,,Ingreso USUARIO,Busca tabla invitado
*************
16/08/2024 22:20:04,ross,Ingreso CONTRASEÑA,Busca tabla invitado
*************
16/08/2024 22:21:14,ross,GUARDA RESULTADOS,BHH=MEMO
*************
16/08/2024 22:21:14,ross,GUARDA RESULTADOS,GLUCH=112.3
*************
16/08/2024 22:21:14,ross,GUARDA RESULTADOS,UREH=34.8
*************
16/08/2024 22:21:14,ross,GUARDA RESULTADOS,CREH=0.8
*************
16/08/2024 22:21:14,ross,GUARDA RESULTADOS,COLH=178.6
*************
16/08/2024 22:21:14,ross,GUARDA RESULTADOS,AHDLH=48
*************
16/08/2024 22:21:14,ross,GUARDA RESULTADOS,LDLH=94.98
*************
16/08/2024 22:21:14,ross,GUARDA RESULTADOS,TGLH=178.1
*************
16/08/2024 22:21:24,ross,Eliminar resultado AUX_HIS,
*************
16/08/2024 22:26:52,,Ingreso USUARIO,Busca tabla invitado
*************
16/08/2024 22:26:53,ross,Ingreso CONTRASEÑA,Busca tabla invitado
*************
16/08/2024 22:27:10,ross,GUARDA RESULTADOS,BHH=MEMO
*************
16/08/2024 22:27:10,ross,GUARDA RESULTADOS,GLUCH=112.3
*************
16/08/2024 22:27:10,ross,GUARDA RESULTADOS,UREH=34.8
*************
16/08/2024 22:27:10,ross,GUARDA RESULTADOS,CREH=0.8
*************
16/08/2024 22:27:10,ross,GUARDA RESULTADOS,COLH=178.6
*************
16/08/2024 22:27:10,ross,GUARDA RESULTADOS,AHDLH=48
*************
16/08/2024 22:27:10,ross,GUARDA RESULTADOS,LDLH=94.98
*************
16/08/2024 22:27:10,ross,GUARDA RESULTADOS,TGLH=178.1
*************
16/08/2024 22:27:13,ross,Eliminar resultado AUX_HIS,
*************
18/08/2024 18:58:53,,Ingreso USUARIO,Busca tabla invitado
*************
18/08/2024 18:58:54,ross,Ingreso CONTRASEÑA,Busca tabla invitado
*************
18/08/2024 18:59:09,ross,IMPRIME POR AREA,PEDIDO=14
*************
18/08/2024 19:06:38,,Ingreso USUARIO,Busca tabla invitado
*************
18/08/2024 19:06:50,ross,Ingreso CONTRASEÑA,Busca tabla invitado
*************
18/08/2024 19:15:40,ross,Generar Paciente,Paciente=GARCIA PESANTEZ MARIA PAZ
*************
18/08/2024 19:21:08,ross,Generar Paciente,Paciente=LOPEZ PEREZ PEDRO JUAN
*************
18/08/2024 19:28:04,ross,Actualizacon Medico,Medico=FLORES ANDRES
*************
18/08/2024 19:44:30,ross,01 GENERAR ORDEN  NORMAL EXAMENES: 400101,400150,400476,400151,400149,400230,400185,400186,400141,400244,,PEDIDO=16
*************
18/08/2024 19:46:34,ross,02 IMPRIMIR COD BARRAS,PEDIDO=16
*************
18/08/2024 19:55:12,ross,Actualiza FACTURA,FACTURA=25
*************
18/08/2024 19:55:12,ross,Ingresa FACTURA,FACTURA=25
*************
18/08/2024 19:55:12,ross,Insertar abono,Factura=25 Abono= 15
*************
18/08/2024 19:55:12,ross,Actualiza FACTURA,FACTURA=25/15
*************
18/08/2024 19:55:17,ross,Inserta usuario web,Paciente=126 LPEDRO
*************
18/08/2024 19:55:17,ross,Registra Tx Factura,Factura=25
*************
18/08/2024 19:55:43,ross,Registra Tx Factura,Factura=25
*************
18/08/2024 19:58:13,ross,Insertar abono,Factura=25 Abono= 12
*************
18/08/2024 19:58:13,ross,Actualiza FACTURA,FACTURA=25/12
*************
18/08/2024 19:58:22,ross,Registra Tx Factura,Factura=25
*************
18/08/2024 19:59:09,ross,03 IMPRIMIR PEDIDO,PEDIDO=16
*************
18/08/2024 20:09:30,ross,Actualizar Perfil,PERFIL=PERFIL FERROTOOLS
*************
18/08/2024 20:10:43,ross,Generar Paciente,Paciente=ARMIJOS MACHUCA MAYRA ALEJANDRA
*************
18/08/2024 20:10:44,ross,Nuevo Pedido IMPORTACION,FABRICA ACERO/17
*************
18/08/2024 20:10:44,ross,Generar Paciente,Paciente=BUENO GAÑAN BLANCA ARELIS
*************
18/08/2024 20:10:45,ross,Nuevo Pedido IMPORTACION,FABRICA ACERO/18
*************
18/08/2024 20:10:45,ross,Generar Paciente,Paciente=CONDE PACUSHCA MARIA DEL CARMEN
*************
18/08/2024 20:10:45,ross,Nuevo Pedido IMPORTACION,FABRICA ACERO/19
*************
18/08/2024 20:10:45,ross,Generar Paciente,Paciente=ESPINOSA CASA ANGELICA PIEDAD
*************
18/08/2024 20:10:46,ross,Nuevo Pedido IMPORTACION,FABRICA ACERO/20
*************
18/08/2024 20:10:46,ross,Generar Paciente,Paciente=GALLEGO JAUREGUI YULY ANDREA
*************
18/08/2024 20:10:46,ross,Nuevo Pedido IMPORTACION,FABRICA ACERO/21
*************
18/08/2024 20:10:46,ross,Generar Paciente,Paciente=GARRIDO MEDRANDA LORENA ELIZABETH
*************
18/08/2024 20:10:47,ross,Nuevo Pedido IMPORTACION,FABRICA ACERO/22
*************
18/08/2024 20:10:47,ross,Generar Paciente,Paciente=JIMENEZ GUERRERO MARIANA DE JE
*************
18/08/2024 20:10:47,ross,Nuevo Pedido IMPORTACION,FABRICA ACERO/23
*************
18/08/2024 20:10:47,ross,Generar Paciente,Paciente=LASCANO ERAZO JUAN CARLOS
*************
18/08/2024 20:10:48,ross,Nuevo Pedido IMPORTACION,FABRICA ACERO/24
*************
18/08/2024 20:10:48,ross,Generar Paciente,Paciente=MENDEZ SILVA DAVID RENE
*************
18/08/2024 20:10:49,ross,Nuevo Pedido IMPORTACION,FABRICA ACERO/25
*************
18/08/2024 20:10:49,ross,Generar Paciente,Paciente=NARANJO GONZALEZ LORENA ALEXAN
*************
18/08/2024 20:10:49,ross,Nuevo Pedido IMPORTACION,FABRICA ACERO/26
*************
18/08/2024 20:10:49,ross,Generar Paciente,Paciente=NUÑEZ PESANTEZ JENNY PAULINA
*************
18/08/2024 20:10:49,ross,Nuevo Pedido IMPORTACION,FABRICA ACERO/27
*************
18/08/2024 20:10:49,ross,Generar Paciente,Paciente=PAEZ PALLO ERIKA FERNANDA
*************
18/08/2024 20:10:50,ross,Nuevo Pedido IMPORTACION,FABRICA ACERO/28
*************
18/08/2024 20:10:50,ross,Generar Paciente,Paciente=PROAÑO GUIZADO CARLA PAOLA
*************
18/08/2024 20:10:50,ross,Nuevo Pedido IMPORTACION,FABRICA ACERO/29
*************
18/08/2024 20:10:50,ross,Generar Paciente,Paciente=RIVERA SORROZA IRENE YULLISSA
*************
18/08/2024 20:10:51,ross,Nuevo Pedido IMPORTACION,FABRICA ACERO/30
*************
18/08/2024 20:10:51,ross,Generar Paciente,Paciente=ROCA PESANTES LIGIA RAFAELLA
*************
18/08/2024 20:10:51,ross,Nuevo Pedido IMPORTACION,FABRICA ACERO/31
*************
18/08/2024 20:10:51,ross,Generar Paciente,Paciente=VASQUEZ CHASI KARINA ALEXANDRA
*************
18/08/2024 20:10:52,ross,Nuevo Pedido IMPORTACION,FABRICA ACERO/32
*************
18/08/2024 20:10:52,ross,Generar Paciente,Paciente=RUEDA GERMAN ANDREA ESTEFANIA
*************
18/08/2024 20:10:52,ross,Nuevo Pedido IMPORTACION,FABRICA ACERO/33
*************
18/08/2024 20:10:52,ross,Generar Paciente,Paciente=CURICHO TITUAÑA LUIS WLADIMIR
*************
18/08/2024 20:10:53,ross,Nuevo Pedido IMPORTACION,FABRICA ACERO/34
*************
18/08/2024 20:10:53,ross,Generar Paciente,Paciente=AVILES GUZMAN MARIA CRISTINA
*************
18/08/2024 20:10:53,ross,Nuevo Pedido IMPORTACION,FABRICA ACERO/35
*************
18/08/2024 20:10:54,ross,Nuevo Pedido IMPORTACION,FABRICA ACERO/36
*************
18/08/2024 20:10:54,ross,Generar Paciente,Paciente=MORALES OÑA MARLENE PAULINA
*************
18/08/2024 20:10:54,ross,Nuevo Pedido IMPORTACION,FABRICA ACERO/37
*************
18/08/2024 20:10:54,ross,Generar Paciente,Paciente=VELOZ CHAVEZ AMPARO ELIZABETH
*************
18/08/2024 20:10:55,ross,Nuevo Pedido IMPORTACION,FABRICA ACERO/38
*************
18/08/2024 20:10:55,ross,Generar Paciente,Paciente=BUNAY CARMEN ESTELA
*************
18/08/2024 20:10:55,ross,Nuevo Pedido IMPORTACION,FABRICA ACERO/39
*************
18/08/2024 20:15:34,ross,IMPRIMIR CONTRAORDEN,
*************
18/08/2024 20:16:09,ross,IMPRIMIR LISTA TRABAJO,
*************
18/08/2024 20:16:42,ross,IMPRIMIR HOJA TRABAJO,
*************
18/08/2024 20:25:29,ross,GUARDA RESULTADOS,WBCH=1
*************
18/08/2024 20:25:29,ross,GUARDA RESULTADOS,NEUH=1
*************
18/08/2024 20:25:29,ross,GUARDA RESULTADOS,LYMH=1
*************
18/08/2024 20:25:29,ross,GUARDA RESULTADOS,MONH=1
*************
18/08/2024 20:25:29,ross,GUARDA RESULTADOS,EOSH=1
*************
18/08/2024 20:25:29,ross,GUARDA RESULTADOS,BASOH=1
*************
18/08/2024 20:25:29,ross,GUARDA RESULTADOS,NEU%25H=1
*************
18/08/2024 20:25:29,ross,GUARDA RESULTADOS,LYM%25H=1
*************
18/08/2024 20:25:29,ross,GUARDA RESULTADOS,MON%25H=1
*************
18/08/2024 20:25:29,ross,GUARDA RESULTADOS,EOS%25H=1
*************
18/08/2024 20:25:29,ross,GUARDA RESULTADOS,BASO%25H=1
*************
18/08/2024 20:25:29,ross,GUARDA RESULTADOS,RBCH=1
*************
18/08/2024 20:25:29,ross,GUARDA RESULTADOS,HCTH=1
*************
18/08/2024 20:25:29,ross,GUARDA RESULTADOS,HGBH=1
*************
18/08/2024 20:25:29,ross,GUARDA RESULTADOS,MCVH=1
*************
18/08/2024 20:25:29,ross,GUARDA RESULTADOS,MCHH=1
*************
18/08/2024 20:25:29,ross,GUARDA RESULTADOS,MCHCH=100
*************
18/08/2024 20:25:29,ross,GUARDA RESULTADOS,RDW-CVH=
*************
18/08/2024 20:25:30,ross,GUARDA RESULTADOS,RDW-SDH=
*************
18/08/2024 20:25:30,ross,GUARDA RESULTADOS,PLTH=5
*************
18/08/2024 20:25:30,ross,GUARDA RESULTADOS,MPVH=5
*************
18/08/2024 20:25:30,ross,GUARDA RESULTADOS,PDWH=5
*************
18/08/2024 20:25:30,ross,GUARDA RESULTADOS,PCTH=5
*************
18/08/2024 20:25:30,ross,GUARDA RESULTADOS,P-LCRH=5
*************
18/08/2024 20:25:30,ross,GUARDA RESULTADOS,P-LCCH=5
*************
18/08/2024 20:26:00,ross,GUARDA RESULTADOS,WBCH=1
*************
18/08/2024 20:26:00,ross,GUARDA RESULTADOS,NEUH=1
*************
18/08/2024 20:26:00,ross,GUARDA RESULTADOS,LYMH=1
*************
18/08/2024 20:26:00,ross,GUARDA RESULTADOS,MONH=1
*************
18/08/2024 20:26:00,ross,GUARDA RESULTADOS,EOSH=1
*************
18/08/2024 20:26:00,ross,GUARDA RESULTADOS,BASOH=1
*************
18/08/2024 20:26:00,ross,GUARDA RESULTADOS,NEU%25H=1
*************
18/08/2024 20:26:00,ross,GUARDA RESULTADOS,LYM%25H=1
*************
18/08/2024 20:26:00,ross,GUARDA RESULTADOS,MON%25H=1
*************
18/08/2024 20:26:00,ross,GUARDA RESULTADOS,EOS%25H=1
*************
18/08/2024 20:26:00,ross,GUARDA RESULTADOS,BASO%25H=1
*************
18/08/2024 20:26:00,ross,GUARDA RESULTADOS,RBCH=1
*************
18/08/2024 20:26:00,ross,GUARDA RESULTADOS,HCTH=1
*************
18/08/2024 20:26:00,ross,GUARDA RESULTADOS,HGBH=1
*************
18/08/2024 20:26:01,ross,GUARDA RESULTADOS,MCVH=10
*************
18/08/2024 20:26:01,ross,GUARDA RESULTADOS,MCHH=1
*************
18/08/2024 20:26:01,ross,GUARDA RESULTADOS,MCHCH=100
*************
18/08/2024 20:26:01,ross,GUARDA RESULTADOS,RDW-CVH=
*************
18/08/2024 20:26:01,ross,GUARDA RESULTADOS,RDW-SDH=
*************
18/08/2024 20:26:01,ross,GUARDA RESULTADOS,PLTH=5000
*************
18/08/2024 20:26:01,ross,GUARDA RESULTADOS,MPVH=5
*************
18/08/2024 20:26:01,ross,GUARDA RESULTADOS,PDWH=5
*************
18/08/2024 20:26:01,ross,GUARDA RESULTADOS,PCTH=5
*************
18/08/2024 20:26:01,ross,GUARDA RESULTADOS,P-LCRH=5
*************
18/08/2024 20:26:01,ross,GUARDA RESULTADOS,P-LCCH=5
*************
18/08/2024 20:30:29,ross,GUARDA RESULTADOS,ANAQUI1=- EXAMEN FÍSICO -
*************
18/08/2024 20:30:29,ross,GUARDA RESULTADOS,COLOH=ROSADO
*************
18/08/2024 20:30:29,ross,GUARDA RESULTADOS,ASPOH=TURBIO
*************
18/08/2024 20:30:29,ross,GUARDA RESULTADOS,EMOQUI=-EXAMEN QUIMICO-
*************
18/08/2024 20:30:29,ross,GUARDA RESULTADOS,DENO=1.025
*************
18/08/2024 20:30:29,ross,GUARDA RESULTADOS,PHO=5
*************
18/08/2024 20:30:29,ross,GUARDA RESULTADOS,LEUOH=75
*************
18/08/2024 20:30:29,ross,GUARDA RESULTADOS,ELEUCOH=
*************
18/08/2024 20:30:29,ross,GUARDA RESULTADOS,ASCOH=
*************
18/08/2024 20:30:29,ross,GUARDA RESULTADOS,NITO=POSITIVO
*************
18/08/2024 20:30:29,ross,GUARDA RESULTADOS,PROTOH=NEGATIVO
*************
18/08/2024 20:30:29,ross,GUARDA RESULTADOS,GLUOH=NEGATIVO
*************
18/08/2024 20:30:29,ross,GUARDA RESULTADOS,CCETOH=NEGATIVO
*************
18/08/2024 20:30:29,ross,GUARDA RESULTADOS,UROOH=NEGATIVO
*************
18/08/2024 20:30:29,ross,GUARDA RESULTADOS,BILO=NEGATIVO
*************
18/08/2024 20:30:29,ross,GUARDA RESULTADOS,SANOH=NEGATIVO
*************
18/08/2024 20:30:29,ross,GUARDA RESULTADOS,HGBOH=
*************
18/08/2024 20:30:29,ross,GUARDA RESULTADOS,ANAMIC1=- EXAMEN MICROSCÓPICO -
*************
18/08/2024 20:30:29,ross,GUARDA RESULTADOS,CELPOH=1-2
*************
18/08/2024 20:30:29,ross,GUARDA RESULTADOS,CELEPH=+
*************
18/08/2024 20:30:29,ross,GUARDA RESULTADOS,CELCAOH=
*************
18/08/2024 20:30:29,ross,GUARDA RESULTADOS,LEUC_EMO1H=
*************
18/08/2024 20:30:29,ross,GUARDA RESULTADOS,PIOO=8-10
*************
18/08/2024 20:30:29,ross,GUARDA RESULTADOS,HEMOH=
*************
18/08/2024 20:30:29,ross,GUARDA RESULTADOS,BACOH=
*************
18/08/2024 20:30:29,ross,GUARDA RESULTADOS,MOCOH=
*************
18/08/2024 20:30:29,ross,GUARDA RESULTADOS,LEVA_ORINA=
*************
18/08/2024 20:30:29,ross,GUARDA RESULTADOS,URO=
*************
18/08/2024 20:30:29,ross,GUARDA RESULTADOS,FOO=++
*************
18/08/2024 20:30:29,ross,GUARDA RESULTADOS,OXAO=
*************
18/08/2024 20:30:29,ross,GUARDA RESULTADOS,CRIO=
*************
18/08/2024 20:30:29,ross,GUARDA RESULTADOS,CILO=
*************
18/08/2024 20:30:29,ross,GUARDA RESULTADOS,CIGO=
*************
18/08/2024 20:30:29,ross,GUARDA RESULTADOS,CILCE=
*************
18/08/2024 20:30:29,ross,GUARDA RESULTADOS,ESP=
*************
18/08/2024 20:30:29,ross,GUARDA RESULTADOS,OTROSO=
*************
18/08/2024 20:31:07,ross,GUARDA RESULTADOS,macros_copro=- DESCRIPCION MACROSCOPICA -
*************
18/08/2024 20:31:07,ross,GUARDA RESULTADOS,COLCH=MARRON
*************
18/08/2024 20:31:07,ross,GUARDA RESULTADOS,ASPECTO=MUCOIDE
*************
18/08/2024 20:31:07,ross,GUARDA RESULTADOS,CONSCH=LIQUIDA
*************
18/08/2024 20:31:07,ross,GUARDA RESULTADOS,Ph=
*************
18/08/2024 20:31:07,ross,GUARDA RESULTADOS,MOCCopro=
*************
18/08/2024 20:31:07,ross,GUARDA RESULTADOS,SANC2=
*************
18/08/2024 20:31:07,ross,GUARDA RESULTADOS,VMICC2=
*************
18/08/2024 20:31:07,ross,GUARDA RESULTADOS,MICROS_COPRO=- DESCRIPCION MICROSCOPICA -
*************
18/08/2024 20:31:07,ross,GUARDA RESULTADOS,RAC2=
*************
18/08/2024 20:31:07,ross,GUARDA RESULTADOS,RVCH=++
*************
18/08/2024 20:31:07,ross,GUARDA RESULTADOS,ALMIDONES=
*************
18/08/2024 20:31:07,ross,GUARDA RESULTADOS,LEVC2H=ESCASAS
*************
18/08/2024 20:31:07,ross,GUARDA RESULTADOS,HONCOPRO1=
*************
18/08/2024 20:31:07,ross,GUARDA RESULTADOS,FBACC2H=LIGERAMENTE AUMENTADA
*************
18/08/2024 20:31:07,ross,GUARDA RESULTADOS,PIOCH=
*************
18/08/2024 20:31:07,ross,GUARDA RESULTADOS,HMCRPH=
*************
18/08/2024 20:31:07,ross,GUARDA RESULTADOS,PMNCOP1=
*************
18/08/2024 20:31:07,ross,GUARDA RESULTADOS,INVPAC2H=-INV. DE PARASITOS-
*************
18/08/2024 20:31:07,ross,GUARDA RESULTADOS,OTRCCH=
*************
18/08/2024 20:31:07,ross,GUARDA RESULTADOS,AMBHC1=QUISTES +++
*************
18/08/2024 20:31:07,ross,GUARDA RESULTADOS,ACOLI=TROFOZOITOS +
*************
18/08/2024 20:31:07,ross,GUARDA RESULTADOS,CHILOMASTIX=
*************
18/08/2024 20:31:07,ross,GUARDA RESULTADOS,TENCP1=
*************
18/08/2024 20:31:07,ross,GUARDA RESULTADOS,LANDC1=
*************
18/08/2024 20:31:07,ross,GUARDA RESULTADOS,SANOCCOP1=
*************
18/08/2024 20:31:07,ross,GUARDA RESULTADOS,GLGRC1=
*************
18/08/2024 20:31:07,ross,GUARDA RESULTADOS,YODAMEBA=
*************
18/08/2024 20:31:07,ross,GUARDA RESULTADOS,EMBADOMONA=
*************
18/08/2024 20:31:07,ross,GUARDA RESULTADOS,STRONGILOIDES=
*************
18/08/2024 20:31:07,ross,GUARDA RESULTADOS,TRIHOMC1=
*************
18/08/2024 20:31:07,ross,GUARDA RESULTADOS,BACOLIC1=
*************
18/08/2024 20:31:07,ross,GUARDA RESULTADOS,LUMBC1=
*************
18/08/2024 20:31:08,ross,GUARDA RESULTADOS,UNCINARIAS=
*************
18/08/2024 20:31:08,ross,GUARDA RESULTADOS,NANAC1=
*************
18/08/2024 20:36:03,ross,GUARDA NOTA AREA,AREA EXAMEN =11/Observaciones: Suero lipemico
*************
18/08/2024 20:38:56,ross,GUARDA RESULTADOS,BHH=MEMO
*************
18/08/2024 20:38:56,ross,GUARDA RESULTADOS,CREH=1.2
*************
18/08/2024 20:38:56,ross,GUARDA RESULTADOS,COLH=178.3
*************
18/08/2024 20:38:56,ross,GUARDA RESULTADOS,AHDLH=43.4
*************
18/08/2024 20:38:56,ross,GUARDA RESULTADOS,LDLH=110.2
*************
18/08/2024 20:38:56,ross,GUARDA RESULTADOS,TGLH=123.5
*************
18/08/2024 20:38:56,ross,GUARDA RESULTADOS,ASTH=34.8
*************
18/08/2024 20:38:56,ross,GUARDA RESULTADOS,ALTH=22.6
*************
18/08/2024 20:38:56,ross,GUARDA RESULTADOS,EMOH=MEMO
*************
18/08/2024 20:38:56,ross,GUARDA RESULTADOS,COPRO1=MEMO
*************
18/08/2024 20:41:25,ross,VALIDACION RESULTADO,PEDIDO=16/400101
*************
18/08/2024 20:41:25,ross,VALIDACION RESULTADO,PEDIDO=16/400141
*************
18/08/2024 20:41:25,ross,VALIDACION RESULTADO,PEDIDO=16/400149
*************
18/08/2024 20:41:25,ross,VALIDACION RESULTADO,PEDIDO=16/400150
*************
18/08/2024 20:41:25,ross,VALIDACION RESULTADO,PEDIDO=16/400151
*************
18/08/2024 20:41:25,ross,VALIDACION RESULTADO,PEDIDO=16/400185
*************
18/08/2024 20:41:25,ross,VALIDACION RESULTADO,PEDIDO=16/400186
*************
18/08/2024 20:41:25,ross,VALIDACION RESULTADO,PEDIDO=16/400230
*************
18/08/2024 20:41:25,ross,VALIDACION RESULTADO,PEDIDO=16/400244
*************
18/08/2024 20:41:25,ross,VALIDACION RESULTADO,PEDIDO=16/400476
*************
18/08/2024 20:41:26,ross,Eliminar resultado AUX_HIS,
*************
18/08/2024 20:43:26,ross,IMPRIME POR AREA,PEDIDO=16
*************
18/08/2024 20:44:45,ross,IMPRIME POR AREA,PEDIDO=16
*************
18/08/2024 20:45:18,ross,IMPRIME TODO,PEDIDO=16
*************
18/08/2024 20:46:09,ross,IMPRIME POR AREA,PEDIDO=16
*************
18/08/2024 20:48:07,ross,IMPRIME POR EMAMEN,PEDIDO=16
*************
18/08/2024 20:49:44,ross,IMPRIME SOBRE,PEDIDO=16
*************
18/08/2024 20:57:11,ross,ERROR ENVIO CORREO PACIENTE,PEDIDO=16 EMAIL NO VALIDO
*************
18/08/2024 21:00:18,ross,Guardar Bonificacion,Bonificacion=BONO 30.5 30.5
*************
18/08/2024 21:00:41,ross,Actualizacon Medico,Medico=FLORES ANDRES
*************
18/08/2024 21:03:31,ross,Actualiza Paciente,Paciente=LOPEZ PEREZ PEDRO JUAN
*************
18/08/2024 21:07:23,ross,Actualizar Rango Unico,Test=400149 Rango=0-200
*************
18/08/2024 21:08:02,ross,Actualizar Rango Unico,Test=11 Rango=6-13
*************
18/08/2024 21:08:13,ross,Actualizar Rango Unico,Test=11 Rango=6.5-15
*************
18/08/2024 21:08:40,ross,Actualizar Rango Unico,Test=22 Rango=5-8
*************
18/08/2024 21:09:46,ross,Actualizar Rango Multiple,Test= 400172 Rango=Hombre adulto : 1.6 - 8.0
Mujeres 
Fase folicular : 2.5 - 10.0
Mitad del ciclo : 3.1 - 17.7
Fase lutea : 1.5 - 9.0
Postmenopausia : 23.0 -116.3
Niños : 0.5 - 3.3
*************
18/08/2024 21:10:31,ross,Actualizar Rango Unico,Test=400141 Rango=0.7-5.5
*************
18/08/2024 21:11:13,ross,Actualizar Rango Unico,Test=400141 Rango=0.8-6
*************
18/08/2024 21:12:27,ross,Actualizar Rango Unico,Test=400141 Rango=1-8
*************
18/08/2024 21:13:01,ross,Eliina Rango Multiple,Teq_id=2269
*************
18/08/2024 21:17:11,ross,01 GENERAR ORDEN  NORMAL EXAMENES: 401104,,PEDIDO=40
*************
18/08/2024 21:19:04,ross,Actualizar Rango Unico,Test=401104 Rango=80-200
*************
18/08/2024 21:27:11,ross,Nuevo Convenio,Convenio=COLEGIO ALEMAN
*************
18/08/2024 21:27:11,ross,Guardar secuencia,SECUENCIA=COLEGIO ALEMAN/1701/1900
*************
18/08/2024 21:28:38,ross,Elimina Lista de Precios,Lista Precio=COLEGIO ALEMAN
*************
18/08/2024 21:34:17,ross,IMPRIME POR AREA,PEDIDO=14
*************
19/08/2024 19:17:34,,Ingreso USUARIO,Busca tabla invitado
*************
19/08/2024 19:17:35,ross,Ingreso CONTRASEÑA,Busca tabla invitado
*************
19/08/2024 19:39:12,,Ingreso USUARIO,Busca tabla invitado
*************
19/08/2024 19:39:13,ross,Ingreso CONTRASEÑA,Busca tabla invitado
*************
19/08/2024 19:39:53,ross,Actualizacon Medico,Medico=FLORES ANDRES
*************
19/08/2024 19:41:58,,Ingreso USUARIO,Busca tabla invitado
*************
19/08/2024 19:41:59,ross,Ingreso CONTRASEÑA,Busca tabla invitado
*************
19/08/2024 19:53:00,,Ingreso USUARIO,Busca tabla invitado
*************
19/08/2024 19:53:01,ross,Ingreso CONTRASEÑA,Busca tabla invitado
*************
19/08/2024 19:56:31,,Ingreso USUARIO,Busca tabla invitado
*************
19/08/2024 19:56:32,,Ingreso CONTRASEÑA FALLIDO,
*************
19/08/2024 19:56:32,,Ingreso CONTRASEÑA,Busca tabla invitado
*************
19/08/2024 19:56:33,ross,Ingreso CONTRASEÑA,Busca tabla invitado
*************
19/08/2024 20:00:58,,Ingreso USUARIO,Busca tabla invitado
*************
19/08/2024 20:00:58,ross,Ingreso CONTRASEÑA,Busca tabla invitado
*************
19/08/2024 20:05:37,,Ingreso USUARIO,Busca tabla invitado
*************
19/08/2024 20:05:39,ross,Ingreso CONTRASEÑA,Busca tabla invitado
*************
19/08/2024 20:13:53,,Ingreso USUARIO,Busca tabla invitado
*************
19/08/2024 20:13:54,ross,Ingreso CONTRASEÑA,Busca tabla invitado
*************
19/08/2024 20:18:23,,Ingreso USUARIO,Busca tabla invitado
*************
19/08/2024 20:18:24,ross,Ingreso CONTRASEÑA,Busca tabla invitado
*************
19/08/2024 20:19:54,,Ingreso USUARIO,Busca tabla invitado
*************
19/08/2024 20:19:55,ross,Ingreso CONTRASEÑA,Busca tabla invitado
*************
19/08/2024 20:26:46,,Ingreso USUARIO,Busca tabla invitado
*************
19/08/2024 20:26:47,ross,Ingreso CONTRASEÑA,Busca tabla invitado
*************
19/08/2024 20:30:04,,Ingreso USUARIO,Busca tabla invitado
*************
19/08/2024 20:30:05,ross,Ingreso CONTRASEÑA,Busca tabla invitado
*************
19/08/2024 20:32:00,,Ingreso USUARIO,Busca tabla invitado
*************
19/08/2024 20:32:01,ross,Ingreso CONTRASEÑA,Busca tabla invitado
*************
19/08/2024 20:33:31,,Ingreso USUARIO,Busca tabla invitado
*************
19/08/2024 20:33:31,ross,Ingreso CONTRASEÑA,Busca tabla invitado
*************
20/08/2024 16:17:40,,Ingreso USUARIO,Busca tabla invitado
*************
20/08/2024 16:17:41,ross,Ingreso CONTRASEÑA,Busca tabla invitado
*************
20/08/2024 16:17:59,ross,GUARDA RESULTADOS,BHH=MEMO
*************
20/08/2024 16:17:59,ross,GUARDA RESULTADOS,GLUCH=112.3
*************
20/08/2024 16:17:59,ross,GUARDA RESULTADOS,UREH=34.8
*************
20/08/2024 16:17:59,ross,GUARDA RESULTADOS,CREH=0.8
*************
20/08/2024 16:17:59,ross,GUARDA RESULTADOS,COLH=178.6
*************
20/08/2024 16:17:59,ross,GUARDA RESULTADOS,AHDLH=48
*************
20/08/2024 16:17:59,ross,GUARDA RESULTADOS,LDLH=94.98
*************
20/08/2024 16:17:59,ross,GUARDA RESULTADOS,TGLH=178.1
*************
20/08/2024 16:18:02,ross,Eliminar resultado AUX_HIS,
*************
20/08/2024 16:27:15,,Ingreso USUARIO,Busca tabla invitado
*************
20/08/2024 16:27:16,ross,Ingreso CONTRASEÑA,Busca tabla invitado
*************
20/08/2024 16:27:36,ross,GUARDA RESULTADOS,BHH=MEMO
*************
20/08/2024 16:27:36,ross,GUARDA RESULTADOS,GLUCH=112.3
*************
20/08/2024 16:27:36,ross,GUARDA RESULTADOS,UREH=34.8
*************
20/08/2024 16:27:36,ross,GUARDA RESULTADOS,CREH=0.8
*************
20/08/2024 16:27:36,ross,GUARDA RESULTADOS,COLH=178.6
*************
20/08/2024 16:27:36,ross,GUARDA RESULTADOS,AHDLH=48
*************
20/08/2024 16:27:36,ross,GUARDA RESULTADOS,LDLH=94.98
*************
20/08/2024 16:27:36,ross,GUARDA RESULTADOS,TGLH=178.1
*************
20/08/2024 16:27:38,ross,Eliminar resultado AUX_HIS,
*************
20/08/2024 16:37:22,,Ingreso USUARIO,Busca tabla invitado
*************
20/08/2024 16:37:23,ross,Ingreso CONTRASEÑA,Busca tabla invitado
*************
20/08/2024 16:37:35,ross,GUARDA RESULTADOS,BHH=MEMO
*************
20/08/2024 16:37:35,ross,GUARDA RESULTADOS,GLUCH=112.3
*************
20/08/2024 16:37:35,ross,GUARDA RESULTADOS,UREH=34.8
*************
20/08/2024 16:37:35,ross,GUARDA RESULTADOS,CREH=0.8
*************
20/08/2024 16:37:35,ross,GUARDA RESULTADOS,COLH=178.6
*************
20/08/2024 16:37:35,ross,GUARDA RESULTADOS,AHDLH=48
*************
20/08/2024 16:37:35,ross,GUARDA RESULTADOS,LDLH=94.98
*************
20/08/2024 16:37:35,ross,GUARDA RESULTADOS,TGLH=178.1
*************
20/08/2024 16:37:37,ross,Eliminar resultado AUX_HIS,
*************
20/08/2024 21:02:48,,Ingreso USUARIO,Busca tabla invitado
*************
20/08/2024 21:02:49,ross,Ingreso CONTRASEÑA,Busca tabla invitado
*************
20/08/2024 21:14:51,,Ingreso USUARIO,Busca tabla invitado
*************
20/08/2024 21:14:52,ross,Ingreso CONTRASEÑA,Busca tabla invitado
*************
20/08/2024 21:15:35,ross,Operación de Movimiento Inventario,
*************
20/08/2024 21:15:35,ross,Inserción de detalle movimiento inventario,
*************
20/08/2024 21:21:56,,Ingreso USUARIO,Busca tabla invitado
*************
20/08/2024 21:21:57,ross,Ingreso CONTRASEÑA,Busca tabla invitado
*************
20/08/2024 21:22:19,ross,Nuevo Pedido PRE CARGA,NORMAL/43
*************
20/08/2024 21:22:19,ross,GUARDA ENCUESTA,959
*************
20/08/2024 21:44:37,,Ingreso USUARIO,Busca tabla invitado
*************
20/08/2024 21:44:38,ross,Ingreso CONTRASEÑA,Busca tabla invitado
*************
20/08/2024 21:51:58,,Ingreso USUARIO,Busca tabla invitado
*************
20/08/2024 21:51:59,ross,Ingreso CONTRASEÑA,Busca tabla invitado
*************
20/08/2024 21:53:03,,Ingreso USUARIO,Busca tabla invitado
*************
20/08/2024 21:53:04,ross,Ingreso CONTRASEÑA,Busca tabla invitado
*************
20/08/2024 22:06:24,,Ingreso USUARIO,Busca tabla invitado
*************
20/08/2024 22:06:25,ross,Ingreso CONTRASEÑA,Busca tabla invitado
*************
20/08/2024 22:11:21,,Ingreso USUARIO,Busca tabla invitado
*************
20/08/2024 22:11:22,ross,Ingreso CONTRASEÑA,Busca tabla invitado
*************
20/08/2024 22:18:20,,Ingreso USUARIO,Busca tabla invitado
*************
20/08/2024 22:18:21,ross,Ingreso CONTRASEÑA,Busca tabla invitado
*************
20/08/2024 22:21:11,,Ingreso USUARIO,Busca tabla invitado
*************
20/08/2024 22:21:12,ross,Ingreso CONTRASEÑA,Busca tabla invitado
*************
20/08/2024 22:29:49,,Ingreso USUARIO,Busca tabla invitado
*************
20/08/2024 22:29:50,ross,Ingreso CONTRASEÑA,Busca tabla invitado
*************
21/08/2024 11:09:49,,Ingreso USUARIO,Busca tabla invitado
*************
21/08/2024 11:09:50,ross,Ingreso CONTRASEÑA,Busca tabla invitado
*************
26/08/2024 20:46:03,,Ingreso USUARIO,Busca tabla invitado
*************
26/08/2024 20:46:04,ross,Ingreso CONTRASEÑA,Busca tabla invitado
*************
26/08/2024 20:46:37,ross,01 GENERAR ORDEN  NORMAL EXAMENES: 400101,400151,,PEDIDO=45
*************
26/08/2024 20:47:04,ross,GUARDA RESULTADOS,WBCH=4
*************
26/08/2024 20:47:04,ross,GUARDA RESULTADOS,NEUH=4
*************
26/08/2024 20:47:04,ross,GUARDA RESULTADOS,LYMH=4
*************
26/08/2024 20:47:04,ross,GUARDA RESULTADOS,MONH=4
*************
26/08/2024 20:47:04,ross,GUARDA RESULTADOS,EOSH=4
*************
26/08/2024 20:47:04,ross,GUARDA RESULTADOS,BASOH=4
*************
26/08/2024 20:47:04,ross,GUARDA RESULTADOS,NEU%25H=4
*************
26/08/2024 20:47:04,ross,GUARDA RESULTADOS,LYM%25H=4
*************
26/08/2024 20:47:04,ross,GUARDA RESULTADOS,MON%25H=4
*************
26/08/2024 20:47:04,ross,GUARDA RESULTADOS,EOS%25H=4
*************
26/08/2024 20:47:04,ross,GUARDA RESULTADOS,BASO%25H=4
*************
26/08/2024 20:47:04,ross,GUARDA RESULTADOS,RBCH=4
*************
26/08/2024 20:47:04,ross,GUARDA RESULTADOS,HCTH=4
*************
26/08/2024 20:47:04,ross,GUARDA RESULTADOS,HGBH=5
*************
26/08/2024 20:47:04,ross,GUARDA RESULTADOS,MCVH=5
*************
26/08/2024 20:47:04,ross,GUARDA RESULTADOS,MCHH=5
*************
26/08/2024 20:47:04,ross,GUARDA RESULTADOS,MCHCH=5
*************
26/08/2024 20:47:04,ross,GUARDA RESULTADOS,RDW-CVH=5
*************
26/08/2024 20:47:04,ross,GUARDA RESULTADOS,RDW-SDH=5
*************
26/08/2024 20:47:04,ross,GUARDA RESULTADOS,PLTH=5
*************
26/08/2024 20:47:04,ross,GUARDA RESULTADOS,MPVH=5
*************
26/08/2024 20:47:05,ross,GUARDA RESULTADOS,PDWH=5
*************
26/08/2024 20:47:05,ross,GUARDA RESULTADOS,PCTH=5
*************
26/08/2024 20:47:05,ross,GUARDA RESULTADOS,P-LCRH=5
*************
26/08/2024 20:47:05,ross,GUARDA RESULTADOS,P-LCCH=5
*************
26/08/2024 20:47:19,ross,GUARDA RESULTADOS,BHH=MEMO
*************
26/08/2024 20:47:19,ross,GUARDA RESULTADOS,TGLH=190
*************
26/08/2024 20:47:22,ross,VALIDACION RESULTADO,PEDIDO=45/400101
*************
26/08/2024 20:47:22,ross,VALIDACION RESULTADO,PEDIDO=45/400151
*************
26/08/2024 20:47:22,ross,Eliminar resultado AUX_HIS,
*************
28/08/2024 21:12:28,,Ingreso USUARIO,Busca tabla invitado
*************
28/08/2024 21:12:29,ross,Ingreso CONTRASEÑA,Busca tabla invitado
*************
28/08/2024 21:13:10,ross,Actualiza Test,Test=ACIDO URICO
*************
28/08/2024 21:13:37,,Ingreso USUARIO,Busca tabla invitado
*************
28/08/2024 21:13:38,ross,Ingreso CONTRASEÑA,Busca tabla invitado
*************
28/08/2024 21:14:19,ross,01 GENERAR ORDEN  NORMAL EXAMENES: 400141,401104,400148,,PEDIDO=46
*************
28/08/2024 21:14:54,ross,01 GENERAR ORDEN  NORMAL EXAMENES: 401104,400141,400148,,PEDIDO=47
*************
28/08/2024 21:21:13,ross,01 GENERAR ORDEN  NORMAL EXAMENES: 400141,400148,401104,,PEDIDO=48
*************
28/08/2024 21:26:45,,Ingreso USUARIO,Busca tabla invitado
*************
28/08/2024 21:26:46,ross,Ingreso CONTRASEÑA,Busca tabla invitado
*************
28/08/2024 21:27:37,ross,01 GENERAR ORDEN  NORMAL EXAMENES: 401104,400141,400151,400148,,PEDIDO=49
*************
30/08/2024 20:42:24,,SUPERADO INTENTOS FALLIDO USR,
*************
30/08/2024 20:54:08,,SUPERADO INTENTOS FALLIDO USR,
*************
30/08/2024 20:54:18,,Ingreso USUARIO,Busca tabla invitado
*************
30/08/2024 20:54:20,ross,Ingreso CONTRASEÑA,Busca tabla invitado
*************
30/08/2024 20:54:51,ross,IMPRIME POR AREA,PEDIDO=14
*************
30/08/2024 20:59:47,,Ingreso USUARIO,Busca tabla invitado
*************
30/08/2024 20:59:49,ross,Ingreso CONTRASEÑA,Busca tabla invitado
*************
30/08/2024 21:00:05,ross,IMPRIME POR AREA,PEDIDO=14
*************
30/08/2024 21:01:11,,Ingreso USUARIO,Busca tabla invitado
*************
30/08/2024 21:01:13,ross,Ingreso CONTRASEÑA,Busca tabla invitado
*************
30/08/2024 21:01:53,ross,IMPRIME POR AREA,PEDIDO=14
*************
30/08/2024 21:03:18,,Ingreso USUARIO,Busca tabla invitado
*************
30/08/2024 21:03:20,ross,Ingreso CONTRASEÑA,Busca tabla invitado
*************
30/08/2024 21:03:33,ross,IMPRIME POR AREA,PEDIDO=14
*************
30/08/2024 21:08:43,,Ingreso USUARIO,Busca tabla invitado
*************
30/08/2024 21:08:45,ross,Ingreso CONTRASEÑA,Busca tabla invitado
*************
30/08/2024 21:08:56,ross,IMPRIME POR AREA,PEDIDO=14
*************
30/08/2024 21:12:08,,Ingreso USUARIO,Busca tabla invitado
*************
30/08/2024 21:12:09,ross,Ingreso CONTRASEÑA,Busca tabla invitado
*************
30/08/2024 21:12:20,ross,IMPRIME POR AREA,PEDIDO=14
*************
30/08/2024 21:15:20,,Ingreso USUARIO,Busca tabla invitado
*************
30/08/2024 21:15:21,ross,Ingreso CONTRASEÑA,Busca tabla invitado
*************
30/08/2024 21:15:33,ross,IMPRIME POR AREA,PEDIDO=14
*************
30/08/2024 21:20:09,,Ingreso USUARIO,Busca tabla invitado
*************
30/08/2024 21:20:10,ross,Ingreso CONTRASEÑA,Busca tabla invitado
*************
30/08/2024 21:20:21,ross,IMPRIME POR AREA,PEDIDO=14
*************
30/08/2024 21:22:26,,Ingreso USUARIO,Busca tabla invitado
*************
30/08/2024 21:22:27,ross,Ingreso CONTRASEÑA,Busca tabla invitado
*************
30/08/2024 21:22:38,ross,IMPRIME POR AREA,PEDIDO=14
*************
30/08/2024 21:22:42,ross,IMPRIME POR AREA,PEDIDO=14
*************
30/08/2024 21:23:49,,Ingreso USUARIO,Busca tabla invitado
*************
30/08/2024 21:23:51,ross,Ingreso CONTRASEÑA,Busca tabla invitado
*************
30/08/2024 21:24:01,ross,IMPRIME POR AREA,PEDIDO=14
*************
30/08/2024 21:24:08,ross,IMPRIME POR AREA,PEDIDO=14
*************
30/08/2024 21:29:02,,Ingreso USUARIO,Busca tabla invitado
*************
30/08/2024 21:29:03,ross,Ingreso CONTRASEÑA,Busca tabla invitado
*************
30/08/2024 21:29:18,ross,IMPRIME POR AREA,PEDIDO=14
*************
30/08/2024 21:36:55,,Ingreso USUARIO,Busca tabla invitado
*************
30/08/2024 21:36:56,ross,Ingreso CONTRASEÑA,Busca tabla invitado
*************
30/08/2024 21:37:09,ross,IMPRIME POR AREA,PEDIDO=14
*************
30/08/2024 21:50:45,,Ingreso USUARIO,Busca tabla invitado
*************
30/08/2024 21:50:47,ross,Ingreso CONTRASEÑA,Busca tabla invitado
*************
30/08/2024 21:51:00,ross,IMPRIME TODO,PEDIDO=14
*************
30/08/2024 21:52:04,,Ingreso USUARIO,Busca tabla invitado
*************
30/08/2024 21:52:06,ross,Ingreso CONTRASEÑA,Busca tabla invitado
*************
30/08/2024 21:53:22,,Ingreso USUARIO,Busca tabla invitado
*************
30/08/2024 21:53:24,ross,Ingreso CONTRASEÑA,Busca tabla invitado
*************
30/08/2024 21:53:37,ross,IMPRIME TODO,PEDIDO=14
*************
30/08/2024 21:57:56,,Ingreso USUARIO,Busca tabla invitado
*************
30/08/2024 21:57:57,ross,Ingreso CONTRASEÑA,Busca tabla invitado
*************
30/08/2024 21:59:55,,Ingreso USUARIO,Busca tabla invitado
*************
30/08/2024 21:59:57,ross,Ingreso CONTRASEÑA,Busca tabla invitado
*************
30/08/2024 22:00:15,ross,Actualiza Test,Test=ELEMENTAL Y MICROSCOPICO (EMO)
*************
30/08/2024 22:00:26,ross,Actualiza Test,Test=COPROPARASITARIO
*************
30/08/2024 22:01:02,ross,01 GENERAR ORDEN  NORMAL EXAMENES: 400101,400149,400150,400476,400151,400295,400230,400244,,PEDIDO=50
*************
30/08/2024 22:26:06,,Ingreso USUARIO,Busca tabla invitado
*************
30/08/2024 22:26:08,ross,Ingreso CONTRASEÑA,Busca tabla invitado
*************
30/08/2024 22:29:48,,Ingreso USUARIO,Busca tabla invitado
*************
30/08/2024 22:29:50,ross,Ingreso CONTRASEÑA,Busca tabla invitado
*************
30/08/2024 22:31:42,,Ingreso USUARIO,Busca tabla invitado
*************
30/08/2024 22:31:43,ross,Ingreso CONTRASEÑA,Busca tabla invitado
*************
30/08/2024 22:33:21,,Ingreso USUARIO,Busca tabla invitado
*************
30/08/2024 22:33:22,ross,Ingreso CONTRASEÑA,Busca tabla invitado
*************
30/08/2024 22:36:49,,Ingreso USUARIO,Busca tabla invitado
*************
30/08/2024 22:36:51,ross,Ingreso CONTRASEÑA,Busca tabla invitado
*************
