04/09/2023 8:03:24,,Ingreso USUARIO,Busca tabla invitado
*************
04/09/2023 8:03:24,ross,Ingreso CONTRASEÑA,Busca tabla invitado
*************
04/09/2023 8:13:18,,Ingreso USUARIO,Busca tabla invitado
*************
04/09/2023 8:13:21,ross,Ingreso CONTRASEÑA,Busca tabla invitado
*************
04/09/2023 8:19:06,ross,Generar Paciente,Paciente=SALVATIERRA LARA GUSTAVO GAEL
*************
04/09/2023 8:19:42,ross,Nuevo Pedido PRE CARGA,NORMAL/103
*************
04/09/2023 8:19:49,ross,Nuevo Pedido PRE CARGA,NORMAL/104
*************
04/09/2023 8:20:44,ross,Nuevo Pedido PRE CARGA,NORMAL/105
*************
04/09/2023 8:32:07,ross,Generar Paciente,Paciente=QUINGA CUSTODIO ALINE SOFIA
*************
04/09/2023 8:32:26,ross,Nuevo Pedido PRE CARGA,NORMAL/106
*************
04/09/2023 8:50:52,ross,Generar Paciente,Paciente=NACIMBA LOACHAMIN VALERIA ALEJANDRA
*************
04/09/2023 8:51:10,ross,Nuevo Pedido PRE CARGA,NORMAL/107
*************
04/09/2023 9:08:09,ross,Generar Paciente,Paciente=NACIMBA LOACHAMIN LUCIANA MONSERRAT
*************
04/09/2023 9:08:25,ross,Nuevo Pedido PRE CARGA,NORMAL/108
*************
04/09/2023 9:32:21,ross,Generar Paciente,Paciente=LECHON NACMBA PAULA MILEN
*************
04/09/2023 9:33:09,ross,Nuevo Pedido PRE CARGA,NORMAL/109
*************
04/09/2023 9:47:32,ross,Generar Paciente,Paciente=GUALICHICO GUALOTUÑA ELENA SARAHI
*************
04/09/2023 9:47:52,ross,Nuevo Pedido PRE CARGA,NORMAL/110
*************
04/09/2023 10:12:32,ross,Generar Paciente,Paciente=LLUMIQUINGA TIPAN JOSE FRANCISCO
*************
04/09/2023 10:12:50,ross,Nuevo Pedido PRE CARGA,NORMAL/111
*************
04/09/2023 10:38:07,ross,Generar Paciente,Paciente=SUNTAXI NUÑEZ ANAYA NOEMI
*************
04/09/2023 11:00:52,ross,Generar Paciente,Paciente=PILATUÑA QUIHURI LISANDRO JOSUE
*************
04/09/2023 11:01:32,ross,Nuevo Pedido PRE CARGA,NORMAL/112
*************
04/09/2023 11:36:14,ross,Generar Paciente,Paciente=QUINGA TACO ISABELLA GABRIELA
*************
04/09/2023 11:36:25,ross,Nuevo Pedido PRE CARGA,NORMAL/113
*************
04/09/2023 11:49:02,ross,Generar Paciente,Paciente=QUISHPE NASIMBA SOFIA VALENTINA
*************
04/09/2023 11:49:18,ross,Nuevo Pedido PRE CARGA,NORMAL/114
*************
04/09/2023 14:21:01,,Ingreso USUARIO,Busca tabla invitado
*************
04/09/2023 14:21:03,ross,Ingreso CONTRASEÑA,Busca tabla invitado
*************
04/09/2023 14:23:27,ross,Generar Paciente,Paciente=MOGOLLON GUALOTUÑA CAMILA VALENTINA
*************
04/09/2023 14:23:52,ross,Nuevo Pedido PRE CARGA,NORMAL/115
*************
04/09/2023 14:37:05,ross,Generar Paciente,Paciente=PAUCAR SANGOQUIZA EMILY NOEMI
*************
04/09/2023 14:37:11,ross,Nuevo Pedido PRE CARGA,NORMAL/116
*************
04/09/2023 16:14:00,ross,Nuevo Pedido PRE CARGA,NORMAL/117
*************
04/09/2023 16:24:47,ross,Nuevo Pedido PRE CARGA,NORMAL/118
*************
04/09/2023 16:32:07,ross,Nuevo Pedido PRE CARGA,NORMAL/119
*************
04/09/2023 18:58:28,,Ingreso USUARIO,Busca tabla invitado
*************
04/09/2023 18:58:29,ross,Ingreso CONTRASEÑA,Busca tabla invitado
*************
04/09/2023 18:59:17,ross,Generar Paciente,Paciente=LOPEZ MALDONADO KLEBER JOEL
*************
04/09/2023 18:59:24,ross,Nuevo Pedido PRE CARGA,NORMAL/120
*************
04/09/2023 20:41:43,,Ingreso USUARIO,Busca tabla invitado
*************
04/09/2023 20:41:44,ross,Ingreso CONTRASEÑA,Busca tabla invitado
*************
04/09/2023 20:45:38,,Ingreso USUARIO,Busca tabla invitado
*************
04/09/2023 20:45:39,ross,Ingreso CONTRASEÑA,Busca tabla invitado
*************
04/09/2023 20:52:00,,Ingreso USUARIO,Busca tabla invitado
*************
04/09/2023 20:52:01,ross,Ingreso CONTRASEÑA,Busca tabla invitado
*************
04/09/2023 20:53:02,ross,Nuevo Pedido PRE CARGA,NORMAL/121
*************
04/09/2023 21:05:20,,Ingreso USUARIO,Busca tabla invitado
*************
04/09/2023 21:05:21,ross,Ingreso CONTRASEÑA,Busca tabla invitado
*************
04/09/2023 21:07:39,,Ingreso USUARIO,Busca tabla invitado
*************
04/09/2023 21:07:40,ross,Ingreso CONTRASEÑA,Busca tabla invitado
*************
04/09/2023 21:12:29,,Ingreso USUARIO,Busca tabla invitado
*************
04/09/2023 21:12:30,ross,Ingreso CONTRASEÑA,Busca tabla invitado
*************
04/09/2023 21:16:50,,Ingreso USUARIO,Busca tabla invitado
*************
04/09/2023 21:16:51,ross,Ingreso CONTRASEÑA,Busca tabla invitado
*************
04/09/2023 21:21:32,,Ingreso USUARIO,Busca tabla invitado
*************
04/09/2023 21:21:33,ross,Ingreso CONTRASEÑA,Busca tabla invitado
*************
04/09/2023 21:26:23,,Ingreso USUARIO,Busca tabla invitado
*************
04/09/2023 21:26:24,ross,Ingreso CONTRASEÑA,Busca tabla invitado
*************
04/09/2023 21:37:34,,Ingreso USUARIO,Busca tabla invitado
*************
04/09/2023 21:37:34,ross,Ingreso CONTRASEÑA,Busca tabla invitado
*************
04/09/2023 21:41:28,ross,GUARDA CUTANEAS,121
*************
04/09/2023 21:41:28,ross,GUARDA CUTANEAS,121
*************
04/09/2023 21:41:28,ross,GUARDA CUTANEAS,121
*************
04/09/2023 21:41:28,ross,GUARDA CUTANEAS,121
*************
04/09/2023 21:41:28,ross,GUARDA CUTANEAS,121
*************
04/09/2023 21:41:28,ross,GUARDA CUTANEAS,121
*************
04/09/2023 21:41:28,ross,GUARDA CUTANEAS,121
*************
04/09/2023 21:41:28,ross,GUARDA CUTANEAS,121
*************
04/09/2023 21:41:28,ross,GUARDA CUTANEAS,121
*************
04/09/2023 21:41:28,ross,GUARDA CUTANEAS,121
*************
04/09/2023 21:41:28,ross,GUARDA CUTANEAS,121
*************
04/09/2023 21:41:28,ross,GUARDA CUTANEAS,121
*************
04/09/2023 21:41:28,ross,GUARDA CUTANEAS,121
*************
04/09/2023 21:41:28,ross,GUARDA CUTANEAS,121
*************
04/09/2023 21:41:28,ross,GUARDA CUTANEAS,121
*************
04/09/2023 21:41:28,ross,GUARDA CUTANEAS,121
*************
04/09/2023 21:41:28,ross,GUARDA CUTANEAS,121
*************
04/09/2023 21:41:28,ross,GUARDA CUTANEAS,121
*************
04/09/2023 21:41:28,ross,GUARDA CUTANEAS,121
*************
04/09/2023 21:41:28,ross,GUARDA CUTANEAS,121
*************
04/09/2023 21:41:28,ross,GUARDA CUTANEAS,121
*************
04/09/2023 21:41:28,ross,GUARDA CUTANEAS,121
*************
04/09/2023 21:41:28,ross,GUARDA CUTANEAS,121
*************
04/09/2023 21:41:28,ross,GUARDA CUTANEAS,121
*************
04/09/2023 21:41:28,ross,GUARDA CUTANEAS,121
*************
04/09/2023 21:41:28,ross,GUARDA CUTANEAS,121
*************
04/09/2023 21:41:28,ross,GUARDA CUTANEAS,121
*************
04/09/2023 21:41:28,ross,GUARDA CUTANEAS,121
*************
04/09/2023 21:41:28,ross,GUARDA CUTANEAS,121
*************
04/09/2023 21:41:28,ross,GUARDA CUTANEAS,121
*************
04/09/2023 21:41:28,ross,GUARDA CUTANEAS,121
*************
04/09/2023 21:41:28,ross,GUARDA CUTANEAS,121
*************
04/09/2023 21:41:28,ross,GUARDA CUTANEAS,121
*************
04/09/2023 21:41:28,ross,GUARDA CUTANEAS,121
*************
04/09/2023 21:41:28,ross,GUARDA CUTANEAS,121
*************
04/09/2023 21:41:28,ross,GUARDA CUTANEAS,121
*************
04/09/2023 21:41:28,ross,GUARDA CUTANEAS,121
*************
04/09/2023 21:41:28,ross,GUARDA CUTANEAS,121
*************
04/09/2023 21:41:28,ross,GUARDA CUTANEAS,121
*************
04/09/2023 21:41:28,ross,GUARDA CUTANEAS,121
*************
04/09/2023 21:41:28,ross,GUARDA CUTANEAS,121
*************
04/09/2023 21:41:28,ross,GUARDA CUTANEAS,121
*************
04/09/2023 21:41:28,ross,GUARDA CUTANEAS,121
*************
04/09/2023 21:41:28,ross,GUARDA CUTANEAS,121
*************
04/09/2023 21:41:28,ross,GUARDA CUTANEAS,121
*************
04/09/2023 21:41:29,ross,GUARDA CUTANEAS,121
*************
04/09/2023 21:41:29,ross,GUARDA CUTANEAS,121
*************
04/09/2023 21:41:29,ross,GUARDA CUTANEAS,121
*************
04/09/2023 21:41:29,ross,GUARDA CUTANEAS,121
*************
04/09/2023 21:41:29,ross,GUARDA CUTANEAS,121
*************
04/09/2023 21:41:29,ross,GUARDA CUTANEAS,121
*************
04/09/2023 21:41:29,ross,GUARDA CUTANEAS,121
*************
04/09/2023 21:41:29,ross,GUARDA CUTANEAS,121
*************
04/09/2023 21:41:29,ross,GUARDA CUTANEAS,121
*************
04/09/2023 21:41:29,ross,GUARDA CUTANEAS,121
*************
04/09/2023 21:41:29,ross,GUARDA CUTANEAS,121
*************
04/09/2023 21:41:29,ross,GUARDA CUTANEAS,121
*************
04/09/2023 21:41:29,ross,GUARDA CUTANEAS,121
*************
04/09/2023 21:41:29,ross,GUARDA CUTANEAS,121
*************
04/09/2023 21:41:29,ross,GUARDA CUTANEAS,121
*************
04/09/2023 21:41:29,ross,GUARDA CUTANEAS,121
*************
04/09/2023 21:41:29,ross,GUARDA CUTANEAS,121
*************
04/09/2023 21:41:29,ross,GUARDA CUTANEAS,121
*************
04/09/2023 21:41:29,ross,GUARDA CUTANEAS,121
*************
04/09/2023 21:41:29,ross,GUARDA CUTANEAS,121
*************
04/09/2023 21:41:29,ross,GUARDA CUTANEAS,121
*************
04/09/2023 21:41:29,ross,GUARDA CUTANEAS,121
*************
04/09/2023 21:41:29,ross,GUARDA CUTANEAS,121
*************
04/09/2023 21:41:29,ross,GUARDA CUTANEAS,121
*************
04/09/2023 21:41:29,ross,GUARDA CUTANEAS,121
*************
04/09/2023 21:41:29,ross,GUARDA CUTANEAS,121
*************
04/09/2023 21:41:29,ross,GUARDA CUTANEAS,121
*************
04/09/2023 21:41:29,ross,GUARDA CUTANEAS,121
*************
04/09/2023 21:41:29,ross,GUARDA CUTANEAS,121
*************
04/09/2023 21:41:29,ross,GUARDA CUTANEAS,121
*************
04/09/2023 21:41:29,ross,GUARDA CUTANEAS,121
*************
04/09/2023 21:41:29,ross,GUARDA CUTANEAS,121
*************
04/09/2023 21:41:29,ross,GUARDA CUTANEAS,121
*************
04/09/2023 21:41:29,ross,GUARDA CUTANEAS,121
*************
04/09/2023 21:41:29,ross,GUARDA CUTANEAS,121
*************
04/09/2023 21:41:29,ross,GUARDA CUTANEAS,121
*************
04/09/2023 21:41:29,ross,GUARDA CUTANEAS,121
*************
04/09/2023 21:41:29,ross,GUARDA CUTANEAS,121
*************
04/09/2023 21:41:29,ross,GUARDA CUTANEAS,121
*************
04/09/2023 21:43:33,,Ingreso USUARIO,Busca tabla invitado
*************
04/09/2023 21:43:33,ross,Ingreso CONTRASEÑA,Busca tabla invitado
*************
04/09/2023 21:43:52,ross,Operación de Movimiento Inventario,
*************
04/09/2023 21:43:52,ross,Inserción de detalle movimiento inventario,
*************
04/09/2023 21:49:20,,Ingreso USUARIO,Busca tabla invitado
*************
04/09/2023 21:49:22,ross,Ingreso CONTRASEÑA,Busca tabla invitado
*************
04/09/2023 21:49:53,,Ingreso USUARIO,Busca tabla invitado
*************
04/09/2023 21:49:54,ross,Ingreso CONTRASEÑA,Busca tabla invitado
*************
06/09/2023 12:18:35,,Ingreso USUARIO,Busca tabla invitado
*************
06/09/2023 12:18:35,ross,Ingreso CONTRASEÑA,Busca tabla invitado
*************
11/09/2023 8:09:35,,Ingreso USUARIO,Busca tabla invitado
*************
11/09/2023 8:09:35,ross,Ingreso CONTRASEÑA,Busca tabla invitado
*************
11/09/2023 8:11:46,,Ingreso USUARIO,Busca tabla invitado
*************
11/09/2023 8:11:47,ross,Ingreso CONTRASEÑA,Busca tabla invitado
*************
11/09/2023 8:29:07,,Ingreso USUARIO,Busca tabla invitado
*************
11/09/2023 8:29:08,ross,Ingreso CONTRASEÑA,Busca tabla invitado
*************
11/09/2023 8:42:43,,Ingreso USUARIO,Busca tabla invitado
*************
11/09/2023 8:42:43,ross,Ingreso CONTRASEÑA,Busca tabla invitado
*************
11/09/2023 9:16:22,,Ingreso USUARIO,Busca tabla invitado
*************
11/09/2023 9:16:23,ross,Ingreso CONTRASEÑA,Busca tabla invitado
*************
11/09/2023 9:18:13,,Ingreso USUARIO,Busca tabla invitado
*************
11/09/2023 9:18:14,ross,Ingreso CONTRASEÑA,Busca tabla invitado
*************
11/09/2023 9:24:04,ross,Generar Paciente,Paciente=ÑATO LOYA JORDAN ALEXANDER
*************
11/09/2023 9:24:09,ross,Nuevo Pedido PRE CARGA,NORMAL/120
*************
11/09/2023 9:28:46,,Ingreso USUARIO,Busca tabla invitado
*************
11/09/2023 9:28:46,ross,Ingreso CONTRASEÑA,Busca tabla invitado
*************
11/09/2023 9:40:21,,Ingreso USUARIO,Busca tabla invitado
*************
11/09/2023 9:40:22,ross,Ingreso CONTRASEÑA,Busca tabla invitado
*************
11/09/2023 9:44:58,,Ingreso USUARIO,Busca tabla invitado
*************
11/09/2023 9:44:59,ross,Ingreso CONTRASEÑA,Busca tabla invitado
*************
11/09/2023 9:51:10,ross,Generar Paciente,Paciente=VELASQUEZ FIGUEROA CARLOS IGNACIO
*************
11/09/2023 9:51:47,ross,Nuevo Pedido PRE CARGA,NORMAL/121
*************
11/09/2023 10:20:58,,Ingreso USUARIO,Busca tabla invitado
*************
11/09/2023 10:20:58,ross,Ingreso CONTRASEÑA,Busca tabla invitado
*************
11/09/2023 10:31:55,,Ingreso USUARIO,Busca tabla invitado
*************
11/09/2023 10:31:55,ross,Ingreso CONTRASEÑA,Busca tabla invitado
*************
11/09/2023 10:35:42,,Ingreso USUARIO,Busca tabla invitado
*************
11/09/2023 10:35:42,ross,Ingreso CONTRASEÑA,Busca tabla invitado
*************
11/09/2023 10:36:07,ross,Nuevo Pedido PRE CARGA,NORMAL/122
*************
11/09/2023 10:44:47,,Ingreso USUARIO,Busca tabla invitado
*************
11/09/2023 10:44:48,ross,Ingreso CONTRASEÑA,Busca tabla invitado
*************
11/09/2023 10:59:29,,Ingreso USUARIO,Busca tabla invitado
*************
11/09/2023 10:59:30,ross,Ingreso CONTRASEÑA,Busca tabla invitado
*************
11/09/2023 10:59:53,ross,Nuevo Pedido PRE CARGA,NORMAL/123
*************
11/09/2023 11:12:11,,Ingreso USUARIO,Busca tabla invitado
*************
11/09/2023 11:12:12,ross,Ingreso CONTRASEÑA,Busca tabla invitado
*************
11/09/2023 11:14:34,ross,Nuevo Pedido PRE CARGA,NORMAL/124
*************
11/09/2023 11:18:07,,Ingreso USUARIO,Busca tabla invitado
*************
11/09/2023 11:18:08,ross,Ingreso CONTRASEÑA,Busca tabla invitado
*************
11/09/2023 11:19:03,ross,Nuevo Pedido PRE CARGA,NORMAL/125
*************
11/09/2023 12:05:20,,Ingreso USUARIO,Busca tabla invitado
*************
11/09/2023 12:05:21,ross,Ingreso CONTRASEÑA,Busca tabla invitado
*************
11/09/2023 12:10:00,,Ingreso USUARIO,Busca tabla invitado
*************
11/09/2023 12:10:01,ross,Ingreso CONTRASEÑA,Busca tabla invitado
*************
11/09/2023 12:18:59,,Ingreso USUARIO,Busca tabla invitado
*************
11/09/2023 12:19:01,ross,Ingreso CONTRASEÑA,Busca tabla invitado
*************
11/09/2023 12:23:21,,Ingreso USUARIO,Busca tabla invitado
*************
11/09/2023 12:23:22,ross,Ingreso CONTRASEÑA,Busca tabla invitado
*************
11/09/2023 12:28:44,,Ingreso USUARIO,Busca tabla invitado
*************
11/09/2023 12:28:44,ross,Ingreso CONTRASEÑA,Busca tabla invitado
*************
11/09/2023 12:29:57,ross,Operación de Movimiento Inventario,
*************
11/09/2023 12:29:57,ross,Inserción de detalle movimiento inventario,
*************
11/09/2023 12:30:46,ross,GUARDA CUTANEAS,122
*************
11/09/2023 12:30:46,ross,GUARDA CUTANEAS,122
*************
11/09/2023 12:30:46,ross,GUARDA CUTANEAS,122
*************
11/09/2023 12:30:46,ross,GUARDA CUTANEAS,122
*************
11/09/2023 12:30:46,ross,GUARDA CUTANEAS,122
*************
11/09/2023 12:30:46,ross,GUARDA CUTANEAS,122
*************
11/09/2023 12:30:46,ross,GUARDA CUTANEAS,122
*************
11/09/2023 12:30:46,ross,GUARDA CUTANEAS,122
*************
11/09/2023 12:30:46,ross,GUARDA CUTANEAS,122
*************
11/09/2023 12:30:46,ross,GUARDA CUTANEAS,122
*************
11/09/2023 12:30:46,ross,GUARDA CUTANEAS,122
*************
11/09/2023 12:30:46,ross,GUARDA CUTANEAS,122
*************
11/09/2023 12:30:46,ross,GUARDA CUTANEAS,122
*************
11/09/2023 12:30:46,ross,GUARDA CUTANEAS,122
*************
11/09/2023 12:30:46,ross,GUARDA CUTANEAS,122
*************
11/09/2023 12:30:46,ross,GUARDA CUTANEAS,122
*************
11/09/2023 12:30:46,ross,GUARDA CUTANEAS,122
*************
11/09/2023 12:30:46,ross,GUARDA CUTANEAS,122
*************
11/09/2023 12:30:46,ross,GUARDA CUTANEAS,122
*************
11/09/2023 12:30:46,ross,GUARDA CUTANEAS,122
*************
11/09/2023 12:30:46,ross,GUARDA CUTANEAS,122
*************
11/09/2023 12:30:46,ross,GUARDA CUTANEAS,122
*************
11/09/2023 12:30:46,ross,GUARDA CUTANEAS,122
*************
11/09/2023 12:30:46,ross,GUARDA CUTANEAS,122
*************
11/09/2023 12:30:46,ross,GUARDA CUTANEAS,122
*************
11/09/2023 12:30:46,ross,GUARDA CUTANEAS,122
*************
11/09/2023 12:30:46,ross,GUARDA CUTANEAS,122
*************
11/09/2023 12:30:46,ross,GUARDA CUTANEAS,122
*************
11/09/2023 12:30:46,ross,GUARDA CUTANEAS,122
*************
11/09/2023 12:30:46,ross,GUARDA CUTANEAS,122
*************
11/09/2023 12:30:46,ross,GUARDA CUTANEAS,122
*************
11/09/2023 12:30:46,ross,GUARDA CUTANEAS,122
*************
11/09/2023 12:30:46,ross,GUARDA CUTANEAS,122
*************
11/09/2023 12:30:46,ross,GUARDA CUTANEAS,122
*************
11/09/2023 12:30:46,ross,GUARDA CUTANEAS,122
*************
11/09/2023 12:30:46,ross,GUARDA CUTANEAS,122
*************
11/09/2023 12:30:46,ross,GUARDA CUTANEAS,122
*************
11/09/2023 12:30:46,ross,GUARDA CUTANEAS,122
*************
11/09/2023 12:30:46,ross,GUARDA CUTANEAS,122
*************
11/09/2023 12:30:46,ross,GUARDA CUTANEAS,122
*************
11/09/2023 12:30:46,ross,GUARDA CUTANEAS,122
*************
11/09/2023 12:30:46,ross,GUARDA CUTANEAS,122
*************
11/09/2023 12:30:46,ross,GUARDA CUTANEAS,122
*************
11/09/2023 12:30:46,ross,GUARDA CUTANEAS,122
*************
11/09/2023 12:30:46,ross,GUARDA CUTANEAS,122
*************
11/09/2023 12:30:46,ross,GUARDA CUTANEAS,122
*************
11/09/2023 12:30:46,ross,GUARDA CUTANEAS,122
*************
11/09/2023 12:30:46,ross,GUARDA CUTANEAS,122
*************
11/09/2023 12:30:46,ross,GUARDA CUTANEAS,122
*************
11/09/2023 12:30:46,ross,GUARDA CUTANEAS,122
*************
11/09/2023 12:30:46,ross,GUARDA CUTANEAS,122
*************
11/09/2023 12:30:46,ross,GUARDA CUTANEAS,122
*************
11/09/2023 12:30:46,ross,GUARDA CUTANEAS,122
*************
11/09/2023 12:30:46,ross,GUARDA CUTANEAS,122
*************
11/09/2023 12:30:46,ross,GUARDA CUTANEAS,122
*************
11/09/2023 12:30:46,ross,GUARDA CUTANEAS,122
*************
11/09/2023 12:30:46,ross,GUARDA CUTANEAS,122
*************
11/09/2023 12:30:46,ross,GUARDA CUTANEAS,122
*************
11/09/2023 12:30:46,ross,GUARDA CUTANEAS,122
*************
11/09/2023 12:30:46,ross,GUARDA CUTANEAS,122
*************
11/09/2023 12:30:46,ross,GUARDA CUTANEAS,122
*************
11/09/2023 12:30:46,ross,GUARDA CUTANEAS,122
*************
11/09/2023 12:30:46,ross,GUARDA CUTANEAS,122
*************
11/09/2023 12:30:46,ross,GUARDA CUTANEAS,122
*************
11/09/2023 12:30:46,ross,GUARDA CUTANEAS,122
*************
11/09/2023 12:30:46,ross,GUARDA CUTANEAS,122
*************
11/09/2023 12:30:46,ross,GUARDA CUTANEAS,122
*************
11/09/2023 12:30:46,ross,GUARDA CUTANEAS,122
*************
11/09/2023 12:30:46,ross,GUARDA CUTANEAS,122
*************
11/09/2023 12:30:46,ross,GUARDA CUTANEAS,122
*************
11/09/2023 12:30:46,ross,GUARDA CUTANEAS,122
*************
11/09/2023 12:30:46,ross,GUARDA CUTANEAS,122
*************
11/09/2023 12:30:46,ross,GUARDA CUTANEAS,122
*************
11/09/2023 12:30:46,ross,GUARDA CUTANEAS,122
*************
11/09/2023 12:30:46,ross,GUARDA CUTANEAS,122
*************
11/09/2023 12:30:46,ross,GUARDA CUTANEAS,122
*************
11/09/2023 12:30:46,ross,GUARDA CUTANEAS,122
*************
11/09/2023 12:30:46,ross,GUARDA CUTANEAS,122
*************
11/09/2023 12:30:46,ross,GUARDA CUTANEAS,122
*************
11/09/2023 12:30:46,ross,GUARDA CUTANEAS,122
*************
11/09/2023 12:30:46,ross,GUARDA CUTANEAS,122
*************
11/09/2023 12:30:46,ross,GUARDA CUTANEAS,122
*************
11/09/2023 12:30:46,ross,GUARDA CUTANEAS,122
*************
11/09/2023 12:30:46,ross,GUARDA CUTANEAS,122
*************
11/09/2023 12:30:51,ross,GUARDA CUTANEAS,122
*************
11/09/2023 12:30:51,ross,GUARDA CUTANEAS,122
*************
11/09/2023 12:30:51,ross,GUARDA CUTANEAS,122
*************
11/09/2023 12:30:51,ross,GUARDA CUTANEAS,122
*************
11/09/2023 12:30:51,ross,GUARDA CUTANEAS,122
*************
11/09/2023 12:30:51,ross,GUARDA CUTANEAS,122
*************
11/09/2023 12:30:51,ross,GUARDA CUTANEAS,122
*************
11/09/2023 12:30:51,ross,GUARDA CUTANEAS,122
*************
11/09/2023 12:30:51,ross,GUARDA CUTANEAS,122
*************
11/09/2023 12:30:51,ross,GUARDA CUTANEAS,122
*************
11/09/2023 12:30:51,ross,GUARDA CUTANEAS,122
*************
11/09/2023 12:30:51,ross,GUARDA CUTANEAS,122
*************
11/09/2023 12:30:51,ross,GUARDA CUTANEAS,122
*************
11/09/2023 12:30:51,ross,GUARDA CUTANEAS,122
*************
11/09/2023 12:30:51,ross,GUARDA CUTANEAS,122
*************
11/09/2023 12:30:51,ross,GUARDA CUTANEAS,122
*************
11/09/2023 12:30:51,ross,GUARDA CUTANEAS,122
*************
11/09/2023 12:30:51,ross,GUARDA CUTANEAS,122
*************
11/09/2023 12:30:51,ross,GUARDA CUTANEAS,122
*************
11/09/2023 12:30:51,ross,GUARDA CUTANEAS,122
*************
11/09/2023 12:30:51,ross,GUARDA CUTANEAS,122
*************
11/09/2023 12:30:51,ross,GUARDA CUTANEAS,122
*************
11/09/2023 12:30:51,ross,GUARDA CUTANEAS,122
*************
11/09/2023 12:30:51,ross,GUARDA CUTANEAS,122
*************
11/09/2023 12:30:51,ross,GUARDA CUTANEAS,122
*************
11/09/2023 12:30:51,ross,GUARDA CUTANEAS,122
*************
11/09/2023 12:30:51,ross,GUARDA CUTANEAS,122
*************
11/09/2023 12:30:51,ross,GUARDA CUTANEAS,122
*************
11/09/2023 12:30:51,ross,GUARDA CUTANEAS,122
*************
11/09/2023 12:30:51,ross,GUARDA CUTANEAS,122
*************
11/09/2023 12:30:51,ross,GUARDA CUTANEAS,122
*************
11/09/2023 12:30:51,ross,GUARDA CUTANEAS,122
*************
11/09/2023 12:30:51,ross,GUARDA CUTANEAS,122
*************
11/09/2023 12:30:51,ross,GUARDA CUTANEAS,122
*************
11/09/2023 12:30:51,ross,GUARDA CUTANEAS,122
*************
11/09/2023 12:30:51,ross,GUARDA CUTANEAS,122
*************
11/09/2023 12:30:51,ross,GUARDA CUTANEAS,122
*************
11/09/2023 12:30:51,ross,GUARDA CUTANEAS,122
*************
11/09/2023 12:30:51,ross,GUARDA CUTANEAS,122
*************
11/09/2023 12:30:51,ross,GUARDA CUTANEAS,122
*************
11/09/2023 12:30:51,ross,GUARDA CUTANEAS,122
*************
11/09/2023 12:30:51,ross,GUARDA CUTANEAS,122
*************
11/09/2023 12:30:51,ross,GUARDA CUTANEAS,122
*************
11/09/2023 12:30:51,ross,GUARDA CUTANEAS,122
*************
11/09/2023 12:30:51,ross,GUARDA CUTANEAS,122
*************
11/09/2023 12:30:51,ross,GUARDA CUTANEAS,122
*************
11/09/2023 12:30:51,ross,GUARDA CUTANEAS,122
*************
11/09/2023 12:30:51,ross,GUARDA CUTANEAS,122
*************
11/09/2023 12:30:51,ross,GUARDA CUTANEAS,122
*************
11/09/2023 12:30:51,ross,GUARDA CUTANEAS,122
*************
11/09/2023 12:30:51,ross,GUARDA CUTANEAS,122
*************
11/09/2023 12:30:51,ross,GUARDA CUTANEAS,122
*************
11/09/2023 12:30:51,ross,GUARDA CUTANEAS,122
*************
11/09/2023 12:30:51,ross,GUARDA CUTANEAS,122
*************
11/09/2023 12:30:51,ross,GUARDA CUTANEAS,122
*************
11/09/2023 12:30:51,ross,GUARDA CUTANEAS,122
*************
11/09/2023 12:30:51,ross,GUARDA CUTANEAS,122
*************
11/09/2023 12:30:51,ross,GUARDA CUTANEAS,122
*************
11/09/2023 12:30:51,ross,GUARDA CUTANEAS,122
*************
11/09/2023 12:30:51,ross,GUARDA CUTANEAS,122
*************
11/09/2023 12:30:51,ross,GUARDA CUTANEAS,122
*************
11/09/2023 12:30:51,ross,GUARDA CUTANEAS,122
*************
11/09/2023 12:30:51,ross,GUARDA CUTANEAS,122
*************
11/09/2023 12:30:51,ross,GUARDA CUTANEAS,122
*************
11/09/2023 12:30:51,ross,GUARDA CUTANEAS,122
*************
11/09/2023 12:30:51,ross,GUARDA CUTANEAS,122
*************
11/09/2023 12:30:51,ross,GUARDA CUTANEAS,122
*************
11/09/2023 12:30:51,ross,GUARDA CUTANEAS,122
*************
11/09/2023 12:30:51,ross,GUARDA CUTANEAS,122
*************
11/09/2023 12:30:51,ross,GUARDA CUTANEAS,122
*************
11/09/2023 12:30:51,ross,GUARDA CUTANEAS,122
*************
11/09/2023 12:30:51,ross,GUARDA CUTANEAS,122
*************
11/09/2023 12:30:51,ross,GUARDA CUTANEAS,122
*************
11/09/2023 12:30:51,ross,GUARDA CUTANEAS,122
*************
11/09/2023 12:30:51,ross,GUARDA CUTANEAS,122
*************
11/09/2023 12:30:51,ross,GUARDA CUTANEAS,122
*************
11/09/2023 12:30:51,ross,GUARDA CUTANEAS,122
*************
11/09/2023 12:30:51,ross,GUARDA CUTANEAS,122
*************
11/09/2023 12:30:51,ross,GUARDA CUTANEAS,122
*************
11/09/2023 12:30:51,ross,GUARDA CUTANEAS,122
*************
11/09/2023 12:30:51,ross,GUARDA CUTANEAS,122
*************
11/09/2023 12:30:51,ross,GUARDA CUTANEAS,122
*************
11/09/2023 12:30:51,ross,GUARDA CUTANEAS,122
*************
11/09/2023 12:30:51,ross,GUARDA CUTANEAS,122
*************
11/09/2023 12:35:30,,Ingreso USUARIO,Busca tabla invitado
*************
11/09/2023 12:35:31,ross,Ingreso CONTRASEÑA,Busca tabla invitado
*************
11/09/2023 15:11:28,,Ingreso USUARIO,Busca tabla invitado
*************
11/09/2023 15:11:29,ross,Ingreso CONTRASEÑA,Busca tabla invitado
*************
11/09/2023 15:27:00,,Ingreso USUARIO,Busca tabla invitado
*************
11/09/2023 15:27:01,ross,Ingreso CONTRASEÑA,Busca tabla invitado
*************
11/09/2023 15:31:46,,Ingreso USUARIO,Busca tabla invitado
*************
11/09/2023 15:31:47,ross,Ingreso CONTRASEÑA,Busca tabla invitado
*************
11/09/2023 15:41:43,,Ingreso USUARIO,Busca tabla invitado
*************
11/09/2023 15:41:43,ross,Ingreso CONTRASEÑA,Busca tabla invitado
*************
11/09/2023 16:13:33,,Ingreso USUARIO,Busca tabla invitado
*************
11/09/2023 16:13:34,ross,Ingreso CONTRASEÑA,Busca tabla invitado
*************
11/09/2023 16:20:36,,Ingreso USUARIO,Busca tabla invitado
*************
11/09/2023 16:20:37,ross,Ingreso CONTRASEÑA,Busca tabla invitado
*************
11/09/2023 16:32:31,,Ingreso USUARIO,Busca tabla invitado
*************
11/09/2023 16:32:32,ross,Ingreso CONTRASEÑA,Busca tabla invitado
*************
11/09/2023 16:44:45,,Ingreso USUARIO,Busca tabla invitado
*************
11/09/2023 16:44:45,ross,Ingreso CONTRASEÑA,Busca tabla invitado
*************
11/09/2023 17:04:55,,Ingreso USUARIO,Busca tabla invitado
*************
11/09/2023 17:04:56,ross,Ingreso CONTRASEÑA,Busca tabla invitado
*************
11/09/2023 17:08:43,,Ingreso USUARIO,Busca tabla invitado
*************
11/09/2023 17:08:43,ross,Ingreso CONTRASEÑA,Busca tabla invitado
*************
14/09/2023 11:37:12,,Ingreso USUARIO,Busca tabla invitado
*************
14/09/2023 11:37:13,ross,Ingreso CONTRASEÑA,Busca tabla invitado
*************
14/09/2023 11:39:27,,Ingreso USUARIO,Busca tabla invitado
*************
14/09/2023 11:39:27,ross,Ingreso CONTRASEÑA,Busca tabla invitado
*************
14/09/2023 11:57:25,,Ingreso USUARIO,Busca tabla invitado
*************
14/09/2023 11:57:25,ross,Ingreso CONTRASEÑA,Busca tabla invitado
*************
14/09/2023 12:01:34,,Ingreso USUARIO,Busca tabla invitado
*************
14/09/2023 12:01:35,ross,Ingreso CONTRASEÑA,Busca tabla invitado
*************
14/09/2023 12:07:37,,Ingreso USUARIO,Busca tabla invitado
*************
14/09/2023 12:07:39,ross,Ingreso CONTRASEÑA,Busca tabla invitado
*************
14/09/2023 12:11:38,,Ingreso USUARIO,Busca tabla invitado
*************
14/09/2023 12:11:39,ross,Ingreso CONTRASEÑA,Busca tabla invitado
*************
14/09/2023 20:41:00,,Ingreso USUARIO,Busca tabla invitado
*************
14/09/2023 20:41:00,ross,Ingreso CONTRASEÑA,Busca tabla invitado
*************
14/09/2023 20:43:17,ross,Nuevo Pedido PRE CARGA,NORMAL/122
*************
14/09/2023 20:45:14,ross,Nuevo Pedido PRE CARGA,NORMAL/123
*************
15/09/2023 8:22:59,,Ingreso USUARIO,Busca tabla invitado
*************
15/09/2023 8:23:00,ross,Ingreso CONTRASEÑA,Busca tabla invitado
*************
15/09/2023 12:01:37,,Ingreso USUARIO,Busca tabla invitado
*************
15/09/2023 12:01:38,ross,Ingreso CONTRASEÑA,Busca tabla invitado
*************
15/09/2023 12:04:14,ross,Actualiza Paciente,Paciente=PACHACAMA ÑATO THIAGO SEBASTIAN
*************
15/09/2023 12:06:51,ross,Generar Paciente,Paciente=VASQUEZ RODRIGUEZ AMELIA MAITE
*************
15/09/2023 12:07:15,ross,Nuevo Pedido PRE CARGA,NORMAL/124
*************
15/09/2023 12:09:32,ross,Generar Paciente,Paciente=LAFEBRE REASCOS VICTORIA SABRINA
*************
15/09/2023 12:09:38,ross,Nuevo Pedido PRE CARGA,NORMAL/125
*************
15/09/2023 12:11:17,ross,Generar Paciente,Paciente=ESCUDERO TEPUD JUAN JOSE
*************
15/09/2023 12:11:22,ross,Nuevo Pedido PRE CARGA,NORMAL/126
*************
15/09/2023 12:25:54,ross,Actualiza Paciente,Paciente=MENA GUALICHICO AMELIA CHRISTINE
*************
15/09/2023 12:26:05,ross,Nuevo Pedido PRE CARGA,NORMAL/127
*************
15/09/2023 12:28:21,ross,Actualiza Paciente,Paciente=MENA GUALLICHICO AMELIA CHRISTINE
*************
15/09/2023 15:07:06,,Ingreso USUARIO,Busca tabla invitado
*************
15/09/2023 15:07:06,ross,Ingreso CONTRASEÑA,Busca tabla invitado
*************
15/09/2023 15:28:43,,Ingreso USUARIO,Busca tabla invitado
*************
15/09/2023 15:28:44,ross,Ingreso CONTRASEÑA,Busca tabla invitado
*************
15/09/2023 15:44:39,,Ingreso USUARIO,Busca tabla invitado
*************
15/09/2023 15:44:40,ross,Ingreso CONTRASEÑA,Busca tabla invitado
*************
15/09/2023 15:47:51,,Ingreso USUARIO,Busca tabla invitado
*************
15/09/2023 15:47:51,ross,Ingreso CONTRASEÑA,Busca tabla invitado
*************
15/09/2023 15:54:17,,Ingreso USUARIO,Busca tabla invitado
*************
15/09/2023 15:54:18,ross,Ingreso CONTRASEÑA,Busca tabla invitado
*************
15/09/2023 15:59:18,ross,Nuevo Pedido PRE CARGA,NORMAL/128
*************
15/09/2023 16:31:56,,Ingreso USUARIO,Busca tabla invitado
*************
15/09/2023 16:31:57,ross,Ingreso CONTRASEÑA,Busca tabla invitado
*************
15/09/2023 16:41:19,,Ingreso USUARIO,Busca tabla invitado
*************
15/09/2023 16:41:19,ross,Ingreso CONTRASEÑA,Busca tabla invitado
*************
15/09/2023 17:20:32,,Ingreso USUARIO,Busca tabla invitado
*************
15/09/2023 17:20:32,ross,Ingreso CONTRASEÑA,Busca tabla invitado
*************
15/09/2023 17:38:03,,Ingreso USUARIO,Busca tabla invitado
*************
15/09/2023 17:38:04,ross,Ingreso CONTRASEÑA,Busca tabla invitado
*************
15/09/2023 18:30:08,,Ingreso USUARIO,Busca tabla invitado
*************
15/09/2023 18:30:09,ross,Ingreso CONTRASEÑA,Busca tabla invitado
*************
16/09/2023 9:39:29,,Ingreso USUARIO,Busca tabla invitado
*************
16/09/2023 9:39:29,ross,Ingreso CONTRASEÑA,Busca tabla invitado
*************
16/09/2023 9:45:11,ross,Nuevo Pedido PRE CARGA,NORMAL/129
*************
18/09/2023 8:44:52,,Ingreso USUARIO,Busca tabla invitado
*************
18/09/2023 8:44:53,ross,Ingreso CONTRASEÑA,Busca tabla invitado
*************
18/09/2023 9:50:39,,Ingreso USUARIO,Busca tabla invitado
*************
18/09/2023 9:50:39,ross,Ingreso CONTRASEÑA,Busca tabla invitado
*************
18/09/2023 9:54:29,,Ingreso USUARIO,Busca tabla invitado
*************
18/09/2023 9:54:30,ross,Ingreso CONTRASEÑA,Busca tabla invitado
*************
18/09/2023 10:21:04,,Ingreso USUARIO,Busca tabla invitado
*************
18/09/2023 10:21:04,ross,Ingreso CONTRASEÑA,Busca tabla invitado
*************
18/09/2023 10:30:27,,Ingreso USUARIO,Busca tabla invitado
*************
18/09/2023 10:30:28,ross,Ingreso CONTRASEÑA,Busca tabla invitado
*************
18/09/2023 19:14:02,,Ingreso USUARIO,Busca tabla invitado
*************
18/09/2023 19:16:06,,Ingreso CONTRASEÑA FALLIDO,
*************
18/09/2023 19:16:06,,Ingreso CONTRASEÑA,Busca tabla invitado
*************
18/09/2023 19:16:07,ross,Ingreso CONTRASEÑA,Busca tabla invitado
*************
18/09/2023 19:18:32,ross,Nuevo Pedido PRE CARGA,NORMAL/133
*************
18/09/2023 19:27:36,,Ingreso USUARIO,Busca tabla invitado
*************
18/09/2023 19:27:37,ross,Ingreso CONTRASEÑA,Busca tabla invitado
*************
18/09/2023 19:37:40,,Ingreso USUARIO,Busca tabla invitado
*************
18/09/2023 19:37:40,ross,Ingreso CONTRASEÑA,Busca tabla invitado
*************
18/09/2023 20:50:39,,Ingreso USUARIO,Busca tabla invitado
*************
18/09/2023 20:50:40,ross,Ingreso CONTRASEÑA,Busca tabla invitado
*************
18/09/2023 20:55:44,,Ingreso USUARIO,Busca tabla invitado
*************
18/09/2023 20:55:45,ross,Ingreso CONTRASEÑA,Busca tabla invitado
*************
18/09/2023 21:03:23,,Ingreso USUARIO,Busca tabla invitado
*************
18/09/2023 21:03:24,ross,Ingreso CONTRASEÑA,Busca tabla invitado
*************
18/09/2023 21:11:36,,Ingreso USUARIO,Busca tabla invitado
*************
18/09/2023 21:11:37,ross,Ingreso CONTRASEÑA,Busca tabla invitado
*************
18/09/2023 21:24:24,ross,Nuevo Pedido PRE CARGA,NORMAL/137
*************
18/09/2023 21:34:09,,Ingreso USUARIO,Busca tabla invitado
*************
18/09/2023 21:34:10,ross,Ingreso CONTRASEÑA,Busca tabla invitado
*************
18/09/2023 21:37:24,ross,Nuevo Pedido PRE CARGA,NORMAL/137
*************
18/09/2023 21:47:08,,Ingreso USUARIO,Busca tabla invitado
*************
18/09/2023 21:47:08,ross,Ingreso CONTRASEÑA,Busca tabla invitado
*************
18/09/2023 21:51:31,ross,Nuevo Pedido PRE CARGA,NORMAL/137
*************
18/09/2023 22:06:05,,Ingreso USUARIO,Busca tabla invitado
*************
18/09/2023 22:06:06,ross,Ingreso CONTRASEÑA,Busca tabla invitado
*************
18/09/2023 22:31:32,,Ingreso USUARIO,Busca tabla invitado
*************
18/09/2023 22:31:33,ross,Ingreso CONTRASEÑA,Busca tabla invitado
*************
18/09/2023 22:41:48,,Ingreso USUARIO,Busca tabla invitado
*************
18/09/2023 22:41:49,ross,Ingreso CONTRASEÑA,Busca tabla invitado
*************
18/09/2023 23:12:13,,Ingreso USUARIO,Busca tabla invitado
*************
18/09/2023 23:12:14,ross,Ingreso CONTRASEÑA,Busca tabla invitado
*************
18/09/2023 23:23:08,,Ingreso USUARIO,Busca tabla invitado
*************
18/09/2023 23:23:10,,Ingreso CONTRASEÑA FALLIDO,
*************
18/09/2023 23:23:10,,Ingreso CONTRASEÑA,Busca tabla invitado
*************
18/09/2023 23:23:11,ross,Ingreso CONTRASEÑA,Busca tabla invitado
*************
18/09/2023 23:26:44,ross,Nuevo Pedido PRE CARGA,NORMAL/136
*************
18/09/2023 23:28:40,ross,Nuevo Pedido PRE CARGA,NORMAL/134
*************
18/09/2023 23:29:05,ross,Nuevo Pedido PRE CARGA,NORMAL/134
*************
18/09/2023 23:30:46,ross,Actualiza Paciente,Paciente=PEDRO JOSE NAVAJA CRUZ
*************
19/09/2023 8:57:10,,Ingreso USUARIO,Busca tabla invitado
*************
19/09/2023 8:57:11,ross,Ingreso CONTRASEÑA,Busca tabla invitado
*************
19/09/2023 9:01:08,ross,GUARDA CUTANEAS,133
*************
19/09/2023 9:01:08,ross,GUARDA CUTANEAS,133
*************
19/09/2023 9:01:08,ross,GUARDA CUTANEAS,133
*************
19/09/2023 9:01:08,ross,GUARDA CUTANEAS,133
*************
19/09/2023 9:01:09,ross,GUARDA CUTANEAS,133
*************
19/09/2023 9:01:09,ross,GUARDA CUTANEAS,133
*************
19/09/2023 9:01:09,ross,GUARDA CUTANEAS,133
*************
19/09/2023 9:01:09,ross,GUARDA CUTANEAS,133
*************
19/09/2023 9:01:10,ross,GUARDA CUTANEAS,133
*************
19/09/2023 9:01:10,ross,GUARDA CUTANEAS,133
*************
19/09/2023 9:01:10,ross,GUARDA CUTANEAS,133
*************
19/09/2023 9:01:10,ross,GUARDA CUTANEAS,133
*************
19/09/2023 9:01:10,ross,GUARDA CUTANEAS,133
*************
19/09/2023 9:01:11,ross,GUARDA CUTANEAS,133
*************
19/09/2023 9:01:11,ross,GUARDA CUTANEAS,133
*************
19/09/2023 9:01:11,ross,GUARDA CUTANEAS,133
*************
19/09/2023 9:01:11,ross,GUARDA CUTANEAS,133
*************
19/09/2023 9:01:11,ross,GUARDA CUTANEAS,133
*************
19/09/2023 9:01:11,ross,GUARDA CUTANEAS,133
*************
19/09/2023 9:01:12,ross,GUARDA CUTANEAS,133
*************
19/09/2023 9:01:12,ross,GUARDA CUTANEAS,133
*************
19/09/2023 9:01:12,ross,GUARDA CUTANEAS,133
*************
19/09/2023 9:01:12,ross,GUARDA CUTANEAS,133
*************
19/09/2023 9:01:12,ross,GUARDA CUTANEAS,133
*************
19/09/2023 9:01:13,ross,GUARDA CUTANEAS,133
*************
19/09/2023 9:01:13,ross,GUARDA CUTANEAS,133
*************
19/09/2023 9:01:13,ross,GUARDA CUTANEAS,133
*************
19/09/2023 9:01:13,ross,GUARDA CUTANEAS,133
*************
19/09/2023 9:01:13,ross,GUARDA CUTANEAS,133
*************
19/09/2023 9:01:14,ross,GUARDA CUTANEAS,133
*************
19/09/2023 9:01:14,ross,GUARDA CUTANEAS,133
*************
19/09/2023 9:01:14,ross,GUARDA CUTANEAS,133
*************
19/09/2023 9:01:14,ross,GUARDA CUTANEAS,133
*************
19/09/2023 9:01:14,ross,GUARDA CUTANEAS,133
*************
19/09/2023 9:01:15,ross,GUARDA CUTANEAS,133
*************
19/09/2023 9:01:15,ross,GUARDA CUTANEAS,133
*************
19/09/2023 9:01:15,ross,GUARDA CUTANEAS,133
*************
19/09/2023 9:01:15,ross,GUARDA CUTANEAS,133
*************
19/09/2023 9:01:15,ross,GUARDA CUTANEAS,133
*************
19/09/2023 9:01:16,ross,GUARDA CUTANEAS,133
*************
19/09/2023 9:01:16,ross,GUARDA CUTANEAS,133
*************
19/09/2023 9:01:16,ross,GUARDA CUTANEAS,133
*************
19/09/2023 9:01:16,ross,GUARDA CUTANEAS,133
*************
19/09/2023 9:01:17,ross,GUARDA CUTANEAS,133
*************
19/09/2023 9:01:17,ross,GUARDA CUTANEAS,133
*************
19/09/2023 9:01:17,ross,GUARDA CUTANEAS,133
*************
19/09/2023 9:01:17,ross,GUARDA CUTANEAS,133
*************
19/09/2023 9:01:17,ross,GUARDA CUTANEAS,133
*************
19/09/2023 9:01:18,ross,GUARDA CUTANEAS,133
*************
19/09/2023 9:01:18,ross,GUARDA CUTANEAS,133
*************
19/09/2023 9:01:18,ross,GUARDA CUTANEAS,133
*************
19/09/2023 9:01:18,ross,GUARDA CUTANEAS,133
*************
19/09/2023 9:01:19,ross,GUARDA CUTANEAS,133
*************
19/09/2023 9:01:19,ross,GUARDA CUTANEAS,133
*************
19/09/2023 9:01:19,ross,GUARDA CUTANEAS,133
*************
19/09/2023 9:01:19,ross,GUARDA CUTANEAS,133
*************
19/09/2023 9:01:19,ross,GUARDA CUTANEAS,133
*************
19/09/2023 9:01:19,ross,GUARDA CUTANEAS,133
*************
19/09/2023 9:01:20,ross,GUARDA CUTANEAS,133
*************
19/09/2023 9:01:20,ross,GUARDA CUTANEAS,133
*************
19/09/2023 9:01:20,ross,GUARDA CUTANEAS,133
*************
19/09/2023 9:01:21,ross,GUARDA CUTANEAS,133
*************
19/09/2023 9:01:21,ross,GUARDA CUTANEAS,133
*************
19/09/2023 9:01:21,ross,GUARDA CUTANEAS,133
*************
19/09/2023 9:01:21,ross,GUARDA CUTANEAS,133
*************
19/09/2023 9:01:21,ross,GUARDA CUTANEAS,133
*************
19/09/2023 9:01:22,ross,GUARDA CUTANEAS,133
*************
19/09/2023 9:01:22,ross,GUARDA CUTANEAS,133
*************
19/09/2023 9:01:22,ross,GUARDA CUTANEAS,133
*************
19/09/2023 9:01:22,ross,GUARDA CUTANEAS,133
*************
19/09/2023 9:01:23,ross,GUARDA CUTANEAS,133
*************
19/09/2023 9:01:23,ross,GUARDA CUTANEAS,133
*************
19/09/2023 9:01:23,ross,GUARDA CUTANEAS,133
*************
19/09/2023 9:01:23,ross,GUARDA CUTANEAS,133
*************
19/09/2023 9:01:23,ross,GUARDA CUTANEAS,133
*************
19/09/2023 9:01:24,ross,GUARDA CUTANEAS,133
*************
19/09/2023 9:01:24,ross,GUARDA CUTANEAS,133
*************
19/09/2023 9:01:24,ross,GUARDA CUTANEAS,133
*************
19/09/2023 9:01:24,ross,GUARDA CUTANEAS,133
*************
19/09/2023 9:01:24,ross,GUARDA CUTANEAS,133
*************
19/09/2023 9:01:25,ross,GUARDA CUTANEAS,133
*************
19/09/2023 9:01:25,ross,GUARDA CUTANEAS,133
*************
19/09/2023 9:01:25,ross,GUARDA CUTANEAS,133
*************
19/09/2023 9:01:25,ross,GUARDA CUTANEAS,133
*************
19/09/2023 9:02:56,ross,GUARDA CUTANEAS,133
*************
19/09/2023 9:02:56,ross,GUARDA CUTANEAS,133
*************
19/09/2023 9:02:56,ross,GUARDA CUTANEAS,133
*************
19/09/2023 9:02:57,ross,GUARDA CUTANEAS,133
*************
19/09/2023 9:02:57,ross,GUARDA CUTANEAS,133
*************
19/09/2023 9:02:57,ross,GUARDA CUTANEAS,133
*************
19/09/2023 9:02:57,ross,GUARDA CUTANEAS,133
*************
19/09/2023 9:02:57,ross,GUARDA CUTANEAS,133
*************
19/09/2023 9:02:57,ross,GUARDA CUTANEAS,133
*************
19/09/2023 9:02:57,ross,GUARDA CUTANEAS,133
*************
19/09/2023 9:02:58,ross,GUARDA CUTANEAS,133
*************
19/09/2023 9:02:58,ross,GUARDA CUTANEAS,133
*************
19/09/2023 9:02:58,ross,GUARDA CUTANEAS,133
*************
19/09/2023 9:02:58,ross,GUARDA CUTANEAS,133
*************
19/09/2023 9:02:58,ross,GUARDA CUTANEAS,133
*************
19/09/2023 9:02:59,ross,GUARDA CUTANEAS,133
*************
19/09/2023 9:02:59,ross,GUARDA CUTANEAS,133
*************
19/09/2023 9:02:59,ross,GUARDA CUTANEAS,133
*************
19/09/2023 9:02:59,ross,GUARDA CUTANEAS,133
*************
19/09/2023 9:02:59,ross,GUARDA CUTANEAS,133
*************
19/09/2023 9:03:00,ross,GUARDA CUTANEAS,133
*************
19/09/2023 9:03:00,ross,GUARDA CUTANEAS,133
*************
19/09/2023 9:03:00,ross,GUARDA CUTANEAS,133
*************
19/09/2023 9:03:00,ross,GUARDA CUTANEAS,133
*************
19/09/2023 9:03:00,ross,GUARDA CUTANEAS,133
*************
19/09/2023 9:03:01,ross,GUARDA CUTANEAS,133
*************
19/09/2023 9:03:01,ross,GUARDA CUTANEAS,133
*************
19/09/2023 9:03:01,ross,GUARDA CUTANEAS,133
*************
19/09/2023 9:03:01,ross,GUARDA CUTANEAS,133
*************
19/09/2023 9:03:02,ross,GUARDA CUTANEAS,133
*************
19/09/2023 9:03:02,ross,GUARDA CUTANEAS,133
*************
19/09/2023 9:03:02,ross,GUARDA CUTANEAS,133
*************
19/09/2023 9:03:02,ross,GUARDA CUTANEAS,133
*************
19/09/2023 9:03:02,ross,GUARDA CUTANEAS,133
*************
19/09/2023 9:03:03,ross,GUARDA CUTANEAS,133
*************
19/09/2023 9:03:03,ross,GUARDA CUTANEAS,133
*************
19/09/2023 9:03:03,ross,GUARDA CUTANEAS,133
*************
19/09/2023 9:03:03,ross,GUARDA CUTANEAS,133
*************
19/09/2023 9:03:03,ross,GUARDA CUTANEAS,133
*************
19/09/2023 9:03:04,ross,GUARDA CUTANEAS,133
*************
19/09/2023 9:03:04,ross,GUARDA CUTANEAS,133
*************
19/09/2023 9:03:04,ross,GUARDA CUTANEAS,133
*************
19/09/2023 9:03:04,ross,GUARDA CUTANEAS,133
*************
19/09/2023 9:03:05,ross,GUARDA CUTANEAS,133
*************
19/09/2023 9:03:05,ross,GUARDA CUTANEAS,133
*************
19/09/2023 9:03:05,ross,GUARDA CUTANEAS,133
*************
19/09/2023 9:03:05,ross,GUARDA CUTANEAS,133
*************
19/09/2023 9:03:05,ross,GUARDA CUTANEAS,133
*************
19/09/2023 9:03:06,ross,GUARDA CUTANEAS,133
*************
19/09/2023 9:03:06,ross,GUARDA CUTANEAS,133
*************
19/09/2023 9:03:06,ross,GUARDA CUTANEAS,133
*************
19/09/2023 9:03:06,ross,GUARDA CUTANEAS,133
*************
19/09/2023 9:03:06,ross,GUARDA CUTANEAS,133
*************
19/09/2023 9:03:07,ross,GUARDA CUTANEAS,133
*************
19/09/2023 9:03:07,ross,GUARDA CUTANEAS,133
*************
19/09/2023 9:03:07,ross,GUARDA CUTANEAS,133
*************
19/09/2023 9:03:07,ross,GUARDA CUTANEAS,133
*************
19/09/2023 9:03:07,ross,GUARDA CUTANEAS,133
*************
19/09/2023 9:03:08,ross,GUARDA CUTANEAS,133
*************
19/09/2023 9:03:08,ross,GUARDA CUTANEAS,133
*************
19/09/2023 9:03:08,ross,GUARDA CUTANEAS,133
*************
19/09/2023 9:03:08,ross,GUARDA CUTANEAS,133
*************
19/09/2023 9:03:08,ross,GUARDA CUTANEAS,133
*************
19/09/2023 9:03:09,ross,GUARDA CUTANEAS,133
*************
19/09/2023 9:03:09,ross,GUARDA CUTANEAS,133
*************
19/09/2023 9:03:09,ross,GUARDA CUTANEAS,133
*************
19/09/2023 9:03:09,ross,GUARDA CUTANEAS,133
*************
19/09/2023 9:03:10,ross,GUARDA CUTANEAS,133
*************
19/09/2023 9:03:10,ross,GUARDA CUTANEAS,133
*************
19/09/2023 9:03:10,ross,GUARDA CUTANEAS,133
*************
19/09/2023 9:03:10,ross,GUARDA CUTANEAS,133
*************
19/09/2023 9:03:11,ross,GUARDA CUTANEAS,133
*************
19/09/2023 9:03:11,ross,GUARDA CUTANEAS,133
*************
19/09/2023 9:03:11,ross,GUARDA CUTANEAS,133
*************
19/09/2023 9:03:11,ross,GUARDA CUTANEAS,133
*************
19/09/2023 9:03:11,ross,GUARDA CUTANEAS,133
*************
19/09/2023 9:03:12,ross,GUARDA CUTANEAS,133
*************
19/09/2023 9:03:12,ross,GUARDA CUTANEAS,133
*************
19/09/2023 9:03:12,ross,GUARDA CUTANEAS,133
*************
19/09/2023 9:03:12,ross,GUARDA CUTANEAS,133
*************
19/09/2023 9:03:12,ross,GUARDA CUTANEAS,133
*************
19/09/2023 9:03:13,ross,GUARDA CUTANEAS,133
*************
19/09/2023 9:03:13,ross,GUARDA CUTANEAS,133
*************
19/09/2023 9:03:13,ross,GUARDA CUTANEAS,133
*************
19/09/2023 9:09:55,,Ingreso USUARIO,Busca tabla invitado
*************
19/09/2023 9:09:56,ross,Ingreso CONTRASEÑA,Busca tabla invitado
*************
19/09/2023 9:17:28,,Ingreso USUARIO,Busca tabla invitado
*************
19/09/2023 9:17:29,ross,Ingreso CONTRASEÑA,Busca tabla invitado
*************
19/09/2023 9:22:23,,Ingreso USUARIO,Busca tabla invitado
*************
19/09/2023 9:22:24,ross,Ingreso CONTRASEÑA,Busca tabla invitado
*************
19/09/2023 9:27:55,,Ingreso USUARIO,Busca tabla invitado
*************
19/09/2023 9:27:56,ross,Ingreso CONTRASEÑA,Busca tabla invitado
*************
19/09/2023 9:29:13,ross,Actualiza Paciente,Paciente=NARVAEZ JACINTO JUANA PEPITA
*************
19/09/2023 9:37:48,,Ingreso USUARIO,Busca tabla invitado
*************
19/09/2023 9:37:49,ross,Ingreso CONTRASEÑA,Busca tabla invitado
*************
19/09/2023 9:43:13,,Ingreso USUARIO,Busca tabla invitado
*************
19/09/2023 9:43:14,ross,Ingreso CONTRASEÑA,Busca tabla invitado
*************
19/09/2023 17:09:35,,Ingreso USUARIO,Busca tabla invitado
*************
19/09/2023 17:09:35,ross,Ingreso CONTRASEÑA,Busca tabla invitado
*************
20/09/2023 5:56:20,,Ingreso USUARIO,Busca tabla invitado
*************
20/09/2023 5:56:21,ross,Ingreso CONTRASEÑA,Busca tabla invitado
*************
20/09/2023 5:57:53,,Ingreso USUARIO,Busca tabla invitado
*************
20/09/2023 5:57:53,ross,Ingreso CONTRASEÑA,Busca tabla invitado
*************
20/09/2023 6:02:16,,Ingreso USUARIO,Busca tabla invitado
*************
20/09/2023 6:02:17,ross,Ingreso CONTRASEÑA,Busca tabla invitado
*************
21/09/2023 15:34:10,,Ingreso USUARIO,Busca tabla invitado
*************
21/09/2023 15:34:10,ross,Ingreso CONTRASEÑA,Busca tabla invitado
*************
22/09/2023 16:28:16,,Ingreso USUARIO,Busca tabla invitado
*************
22/09/2023 16:28:17,ross,Ingreso CONTRASEÑA,Busca tabla invitado
*************
22/09/2023 16:28:49,,Ingreso USUARIO,Busca tabla invitado
*************
22/09/2023 16:28:50,ross,Ingreso CONTRASEÑA,Busca tabla invitado
*************
22/09/2023 16:30:39,,Ingreso USUARIO,Busca tabla invitado
*************
22/09/2023 16:30:40,,Ingreso CONTRASEÑA FALLIDO,
*************
22/09/2023 16:30:40,,Ingreso CONTRASEÑA,Busca tabla invitado
*************
22/09/2023 16:30:41,ross,Ingreso CONTRASEÑA,Busca tabla invitado
*************
22/09/2023 16:30:52,ross,Actualizacon Medico,Medico=GABRIELA MORALES
*************
22/09/2023 16:31:35,,Ingreso USUARIO,Busca tabla invitado
*************
22/09/2023 16:31:36,ross,Ingreso CONTRASEÑA,Busca tabla invitado
*************
22/09/2023 16:32:01,,Ingreso USUARIO,Busca tabla invitado
*************
22/09/2023 16:32:02,ross,Ingreso CONTRASEÑA,Busca tabla invitado
*************
22/09/2023 16:32:28,,Ingreso USUARIO,Busca tabla invitado
*************
22/09/2023 16:32:28,ross,Ingreso CONTRASEÑA,Busca tabla invitado
*************
22/09/2023 16:33:06,ross,Actualizacon Medico,Medico=GABRIELA MORALES
*************
22/09/2023 16:35:54,ross,Generar Paciente,Paciente=CASTILLO AVALOS MELANIE ANAHI
*************
22/09/2023 16:36:31,ross,Nuevo Pedido PRE CARGA,NORMAL/166
*************
22/09/2023 16:38:53,ross,Nuevo Pedido PRE CARGA,NORMAL/167
*************
22/09/2023 16:39:47,ross,Actualiza Paciente,Paciente=CASTILLO AVALOS MELANIE ANAHI
*************
22/09/2023 16:39:59,ross,Nuevo Pedido PRE CARGA,NORMAL/168
*************
22/09/2023 16:40:22,ross,Nuevo Pedido PRE CARGA,NORMAL/169
*************
25/09/2023 21:37:29,,Ingreso USUARIO,Busca tabla invitado
*************
25/09/2023 21:37:29,ross,Ingreso CONTRASEÑA,Busca tabla invitado
*************
25/09/2023 21:43:40,ross,Generar Paciente,Paciente=LOPEZ GUALOTUÑA JEAN PIERE
*************
25/09/2023 21:46:43,ross,Actualiza Paciente,Paciente=FLORES MORALES DANNA SOFIA
*************
25/09/2023 22:01:49,,Ingreso USUARIO,Busca tabla invitado
*************
25/09/2023 22:01:51,ross,Ingreso CONTRASEÑA,Busca tabla invitado
*************
25/09/2023 22:06:12,,Ingreso USUARIO,Busca tabla invitado
*************
25/09/2023 22:06:14,,Ingreso CONTRASEÑA FALLIDO,
*************
25/09/2023 22:06:14,,Ingreso CONTRASEÑA,Busca tabla invitado
*************
25/09/2023 22:06:24,ross,Ingreso CONTRASEÑA,Busca tabla invitado
*************
25/09/2023 22:07:19,ross,Nuevo Pedido PRE CARGA,NORMAL/170
*************
25/09/2023 22:09:27,ross,Nuevo Pedido PRE CARGA,NORMAL/171
*************
26/09/2023 6:59:30,,Ingreso USUARIO,Busca tabla invitado
*************
26/09/2023 6:59:30,ross,Ingreso CONTRASEÑA,Busca tabla invitado
*************
26/09/2023 7:00:49,ross,Generar Paciente,Paciente=PINARGOTI LUGUETTI MARTIN JOSUE
*************
26/09/2023 7:00:59,ross,Nuevo Pedido PRE CARGA,NORMAL/172
*************
26/09/2023 7:01:53,,Ingreso USUARIO,Busca tabla invitado
*************
26/09/2023 7:01:54,ross,Ingreso CONTRASEÑA,Busca tabla invitado
*************
27/09/2023 21:04:34,,Ingreso USUARIO,Busca tabla invitado
*************
27/09/2023 21:04:35,ross,Ingreso CONTRASEÑA,Busca tabla invitado
*************
27/09/2023 21:06:09,ross,Actualizacon Medico,Medico=ALERGOLOGIA 1
*************
27/09/2023 21:10:46,ross,Actualizacon Medico,Medico=ALERGOLOGIA 1
*************
27/09/2023 21:14:10,ross,Actualizacon Medico,Medico=ALERGOLOGIA 1
*************
27/09/2023 21:17:10,,Ingreso USUARIO,Busca tabla invitado
*************
27/09/2023 21:17:12,ross,Ingreso CONTRASEÑA,Busca tabla invitado
*************
27/09/2023 21:18:29,ross,Actualizacon Medico,Medico=ALERGOLOGIA 1
*************
27/09/2023 21:20:42,,Ingreso USUARIO,Busca tabla invitado
*************
27/09/2023 21:20:43,ross,Ingreso CONTRASEÑA,Busca tabla invitado
*************
27/09/2023 21:21:34,,Ingreso USUARIO,Busca tabla invitado
*************
27/09/2023 21:21:35,ross,Ingreso CONTRASEÑA,Busca tabla invitado
*************
27/09/2023 21:22:18,ross,Actualizacon Medico,Medico=ALERGOLOGIA 1
*************
27/09/2023 21:23:02,,Ingreso USUARIO,Busca tabla invitado
*************
27/09/2023 21:23:03,ross,Ingreso CONTRASEÑA,Busca tabla invitado
*************
27/09/2023 21:24:00,ross,Actualizacon Medico,Medico=ALERGOLOGIA 1
*************
27/09/2023 21:26:29,,Ingreso USUARIO,Busca tabla invitado
*************
27/09/2023 21:26:43,ross,Ingreso CONTRASEÑA,Busca tabla invitado
*************
27/09/2023 21:26:53,ross,Actualizacon Medico,Medico=ALERGOLOGIA 1
*************
27/09/2023 21:33:59,,Ingreso USUARIO,Busca tabla invitado
*************
27/09/2023 21:34:00,ross,Ingreso CONTRASEÑA,Busca tabla invitado
*************
27/09/2023 21:34:08,ross,Actualizacon Medico,Medico=ALERGOLOGIA 1
*************
27/09/2023 21:44:21,,Ingreso USUARIO,Busca tabla invitado
*************
27/09/2023 21:44:22,ross,Ingreso CONTRASEÑA,Busca tabla invitado
*************
27/09/2023 21:44:44,ross,Actualizacon Medico,Medico=ALERGOLOGIA 1
*************
27/09/2023 21:49:16,,Ingreso USUARIO,Busca tabla invitado
*************
27/09/2023 21:49:17,ross,Ingreso CONTRASEÑA,Busca tabla invitado
*************
27/09/2023 21:49:38,ross,Actualizacon Medico,Medico=ALERGOLOGIA 1
*************
27/09/2023 21:55:42,,Ingreso USUARIO,Busca tabla invitado
*************
27/09/2023 21:55:44,ross,Ingreso CONTRASEÑA,Busca tabla invitado
*************
27/09/2023 21:55:52,ross,Actualizacon Medico,Medico=ALERGOLOGIA 1
*************
27/09/2023 22:00:04,,Ingreso USUARIO,Busca tabla invitado
*************
27/09/2023 22:00:06,ross,Ingreso CONTRASEÑA,Busca tabla invitado
*************
27/09/2023 22:00:17,ross,Actualizacon Medico,Medico=ALERGOLOGIA 1
*************
27/09/2023 22:09:00,,Ingreso USUARIO,Busca tabla invitado
*************
27/09/2023 22:09:03,ross,Ingreso CONTRASEÑA,Busca tabla invitado
*************
27/09/2023 22:09:11,ross,Actualizacon Medico,Medico=ALERGOLOGIA 1
*************
27/09/2023 22:14:16,,Ingreso USUARIO,Busca tabla invitado
*************
27/09/2023 22:14:17,ross,Ingreso CONTRASEÑA,Busca tabla invitado
*************
27/09/2023 22:14:27,ross,Actualizacon Medico,Medico=ALERGOLOGIA 1
*************
27/09/2023 23:29:28,,Ingreso USUARIO,Busca tabla invitado
*************
27/09/2023 23:29:29,ross,Ingreso CONTRASEÑA,Busca tabla invitado
*************
27/09/2023 23:34:51,,Ingreso USUARIO,Busca tabla invitado
*************
27/09/2023 23:34:51,ross,Ingreso CONTRASEÑA,Busca tabla invitado
*************
28/09/2023 7:36:32,,Ingreso USUARIO,Busca tabla invitado
*************
28/09/2023 7:36:35,ross,Ingreso CONTRASEÑA,Busca tabla invitado
*************
28/09/2023 7:45:20,,Ingreso USUARIO,Busca tabla invitado
*************
28/09/2023 7:45:21,ross,Ingreso CONTRASEÑA,Busca tabla invitado
*************
28/09/2023 7:47:09,,Ingreso USUARIO,Busca tabla invitado
*************
28/09/2023 7:47:10,ross,Ingreso CONTRASEÑA,Busca tabla invitado
*************
