01/04/2024 7:27:16,,Ingreso USUARIO,Busca tabla invitado
*************
01/04/2024 7:27:17,ross,Ingreso CONTRASEÑA,Busca tabla invitado
*************
01/04/2024 8:06:17,,Ingreso USUARIO,Busca tabla invitado
*************
01/04/2024 8:06:18,ross,Ingreso CONTRASEÑA,Busca tabla invitado
*************
01/04/2024 8:06:51,ross,Nuevo Pedido PRE CARGA,NORMAL/12
*************
01/04/2024 8:13:03,,Ingreso USUARIO,Busca tabla invitado
*************
01/04/2024 8:13:04,ross,Ingreso CONTRASEÑA,Busca tabla invitado
*************
01/04/2024 8:13:31,ross,Nuevo Pedido PRE CARGA,NORMAL/13
*************
01/04/2024 8:26:46,,Ingreso USUARIO,Busca tabla invitado
*************
01/04/2024 8:26:47,ross,Ingreso CONTRASEÑA,Busca tabla invitado
*************
01/04/2024 8:35:06,,Ingreso USUARIO,Busca tabla invitado
*************
01/04/2024 8:35:06,ross,Ingreso CONTRASEÑA,Busca tabla invitado
*************
01/04/2024 8:38:58,,Ingreso USUARIO,Busca tabla invitado
*************
01/04/2024 8:38:59,ross,Ingreso CONTRASEÑA,Busca tabla invitado
*************
01/04/2024 8:42:10,,Ingreso USUARIO,Busca tabla invitado
*************
01/04/2024 8:42:11,ross,Ingreso CONTRASEÑA,Busca tabla invitado
*************
01/04/2024 8:45:09,,Ingreso USUARIO,Busca tabla invitado
*************
01/04/2024 8:45:10,ross,Ingreso CONTRASEÑA,Busca tabla invitado
*************
01/04/2024 9:18:09,,Ingreso USUARIO,Busca tabla invitado
*************
01/04/2024 9:18:10,ross,Ingreso CONTRASEÑA,Busca tabla invitado
*************
01/04/2024 9:44:15,,Ingreso USUARIO,Busca tabla invitado
*************
01/04/2024 9:44:15,ross,Ingreso CONTRASEÑA,Busca tabla invitado
*************
01/04/2024 9:47:00,,Ingreso USUARIO,Busca tabla invitado
*************
01/04/2024 9:47:01,ross,Ingreso CONTRASEÑA,Busca tabla invitado
*************
01/04/2024 9:52:13,,Ingreso USUARIO,Busca tabla invitado
*************
01/04/2024 9:52:14,ross,Ingreso CONTRASEÑA,Busca tabla invitado
*************
01/04/2024 9:58:57,,Ingreso USUARIO,Busca tabla invitado
*************
01/04/2024 9:58:57,ross,Ingreso CONTRASEÑA,Busca tabla invitado
*************
01/04/2024 9:59:27,ross,Nuevo Pedido PRE CARGA,NORMAL/14
*************
01/04/2024 12:41:01,,Ingreso USUARIO,Busca tabla invitado
*************
01/04/2024 12:41:02,ross,Ingreso CONTRASEÑA,Busca tabla invitado
*************
01/04/2024 12:44:10,,Ingreso USUARIO,Busca tabla invitado
*************
01/04/2024 12:44:11,ross,Ingreso CONTRASEÑA,Busca tabla invitado
*************
01/04/2024 13:04:29,,Ingreso USUARIO,Busca tabla invitado
*************
01/04/2024 13:04:29,ross,Ingreso CONTRASEÑA,Busca tabla invitado
*************
01/04/2024 13:22:40,,Ingreso USUARIO,Busca tabla invitado
*************
01/04/2024 13:23:24,,Ingreso CONTRASEÑA FALLIDO,
*************
01/04/2024 13:23:24,,Ingreso CONTRASEÑA,Busca tabla invitado
*************
01/04/2024 13:23:27,,Ingreso CONTRASEÑA FALLIDO,
*************
01/04/2024 13:23:27,,Ingreso CONTRASEÑA,Busca tabla invitado
*************
01/04/2024 13:23:28,ross,Ingreso CONTRASEÑA,Busca tabla invitado
*************
01/04/2024 14:08:36,,Ingreso USUARIO,Busca tabla invitado
*************
01/04/2024 14:08:36,ross,Ingreso CONTRASEÑA,Busca tabla invitado
*************
01/04/2024 14:10:02,,Ingreso USUARIO,Busca tabla invitado
*************
01/04/2024 14:10:03,ross,Ingreso CONTRASEÑA,Busca tabla invitado
*************
01/04/2024 14:11:06,,Ingreso USUARIO,Busca tabla invitado
*************
01/04/2024 14:11:07,ross,Ingreso CONTRASEÑA,Busca tabla invitado
*************
01/04/2024 14:34:19,,Ingreso USUARIO,Busca tabla invitado
*************
01/04/2024 14:34:20,ross,Ingreso CONTRASEÑA,Busca tabla invitado
*************
01/04/2024 14:39:23,,Ingreso USUARIO,Busca tabla invitado
*************
01/04/2024 14:39:24,ross,Ingreso CONTRASEÑA,Busca tabla invitado
*************
01/04/2024 15:47:24,,Ingreso USUARIO,Busca tabla invitado
*************
01/04/2024 15:47:25,ross,Ingreso CONTRASEÑA,Busca tabla invitado
*************
01/04/2024 16:26:23,,Ingreso USUARIO,Busca tabla invitado
*************
01/04/2024 16:26:24,ross,Ingreso CONTRASEÑA,Busca tabla invitado
*************
01/04/2024 20:01:51,,Ingreso USUARIO,Busca tabla invitado
*************
01/04/2024 20:01:52,ross,Ingreso CONTRASEÑA,Busca tabla invitado
*************
01/04/2024 20:07:25,,Ingreso USUARIO,Busca tabla invitado
*************
01/04/2024 20:07:26,ross,Ingreso CONTRASEÑA,Busca tabla invitado
*************
01/04/2024 20:50:10,,Ingreso USUARIO,Busca tabla invitado
*************
01/04/2024 20:50:11,ross,Ingreso CONTRASEÑA,Busca tabla invitado
*************
01/04/2024 21:05:39,,Ingreso USUARIO,Busca tabla invitado
*************
01/04/2024 21:05:40,ross,Ingreso CONTRASEÑA,Busca tabla invitado
*************
01/04/2024 21:17:32,,Ingreso USUARIO,Busca tabla invitado
*************
01/04/2024 21:17:33,ross,Ingreso CONTRASEÑA,Busca tabla invitado
*************
01/04/2024 21:22:41,,Ingreso USUARIO,Busca tabla invitado
*************
01/04/2024 21:22:43,ross,Ingreso CONTRASEÑA,Busca tabla invitado
*************
01/04/2024 21:24:50,,Ingreso USUARIO,Busca tabla invitado
*************
01/04/2024 21:24:51,ross,Ingreso CONTRASEÑA,Busca tabla invitado
*************
01/04/2024 21:26:11,,Ingreso USUARIO,Busca tabla invitado
*************
01/04/2024 21:26:12,ross,Ingreso CONTRASEÑA,Busca tabla invitado
*************
01/04/2024 21:35:05,,Ingreso USUARIO,Busca tabla invitado
*************
01/04/2024 21:35:06,ross,Ingreso CONTRASEÑA,Busca tabla invitado
*************
01/04/2024 21:38:47,,Ingreso USUARIO,Busca tabla invitado
*************
01/04/2024 21:38:48,ross,Ingreso CONTRASEÑA,Busca tabla invitado
*************
01/04/2024 21:41:10,,Ingreso USUARIO,Busca tabla invitado
*************
01/04/2024 21:41:11,ross,Ingreso CONTRASEÑA,Busca tabla invitado
*************
01/04/2024 21:47:08,,Ingreso USUARIO,Busca tabla invitado
*************
01/04/2024 21:47:08,ross,Ingreso CONTRASEÑA,Busca tabla invitado
*************
01/04/2024 21:57:29,,Ingreso USUARIO,Busca tabla invitado
*************
01/04/2024 21:57:30,ross,Ingreso CONTRASEÑA,Busca tabla invitado
*************
01/04/2024 22:06:53,,Ingreso USUARIO,Busca tabla invitado
*************
01/04/2024 22:06:54,ross,Ingreso CONTRASEÑA,Busca tabla invitado
*************
01/04/2024 22:07:56,ross,Nuevo Pedido PRE CARGA,NORMAL/15
*************
02/04/2024 9:58:56,,Ingreso USUARIO,Busca tabla invitado
*************
02/04/2024 9:58:56,ross,Ingreso CONTRASEÑA,Busca tabla invitado
*************
02/04/2024 9:59:21,ross,Nuevo Pedido PRE CARGA,NORMAL/16
*************
02/04/2024 15:53:48,,Ingreso USUARIO,Busca tabla invitado
*************
02/04/2024 15:53:49,ross,Ingreso CONTRASEÑA,Busca tabla invitado
*************
03/04/2024 7:35:33,ross,Nuevo Pedido PRE CARGA,NORMAL/17
*************
03/04/2024 7:39:49,ross,Actualiza Test,Test=FENIL ARIL ACÉTICOS (Diclofenaco, ketorolaco, etc)
*************
03/04/2024 7:40:17,ross,Actualiza Test,Test=ÁCIDO ACETIL SALICÍLICO (Aspirina, sulfasalazina, acetilsalicilato de lisina, etc)
*************
03/04/2024 7:40:35,ross,Actualiza Test,Test=PIRAZOLÓNICOS (Metamizol)
*************
03/04/2024 7:40:54,ross,Actualiza Test,Test=OXICAMS (Meloxicam)
*************
03/04/2024 7:41:22,ross,Actualiza Test,Test=INDOLACÉTICOS (Etodolaco)
*************
03/04/2024 7:42:07,ross,Actualiza Test,Test=COXIBS (Celecoxib, etoricoxib, etc)
*************
03/04/2024 7:42:39,ross,Actualiza Test,Test=PARAAMINOFENOL (Paracetamol, fenazopiridina, etc)
*************
03/04/2024 7:43:08,ross,Actualiza Test,Test=ÁCIDOS ARIL PROPIÓNICOS (Ibuprofeno, naproxeno, etc)
*************
03/04/2024 7:43:20,ross,Actualiza Test,Test=TRAMADOL
*************
03/04/2024 7:43:37,ross,Actualiza Test,Test=LIDOCAINA
*************
03/04/2024 7:43:59,ross,Actualiza Test,Test=MEPIVACAINA
*************
03/04/2024 12:13:50,,Ingreso USUARIO,Busca tabla invitado
*************
03/04/2024 12:13:51,ross,Ingreso CONTRASEÑA,Busca tabla invitado
*************
03/04/2024 12:14:29,ross,Nuevo Pedido PRE CARGA,NORMAL/18
*************
03/04/2024 12:25:46,,Ingreso USUARIO,Busca tabla invitado
*************
03/04/2024 12:25:46,ross,Ingreso CONTRASEÑA,Busca tabla invitado
*************
03/04/2024 12:39:50,,Ingreso USUARIO,Busca tabla invitado
*************
03/04/2024 12:39:51,ross,Ingreso CONTRASEÑA,Busca tabla invitado
*************
03/04/2024 12:42:02,,Ingreso USUARIO,Busca tabla invitado
*************
03/04/2024 12:42:03,ross,Ingreso CONTRASEÑA,Busca tabla invitado
*************
03/04/2024 13:00:33,,Ingreso USUARIO,Busca tabla invitado
*************
03/04/2024 13:00:34,ross,Ingreso CONTRASEÑA,Busca tabla invitado
*************
03/04/2024 17:17:43,,Ingreso USUARIO,Busca tabla invitado
*************
03/04/2024 17:17:43,ross,Ingreso CONTRASEÑA,Busca tabla invitado
*************
03/04/2024 17:27:19,,Ingreso USUARIO,Busca tabla invitado
*************
03/04/2024 17:27:20,ross,Ingreso CONTRASEÑA,Busca tabla invitado
*************
03/04/2024 17:42:32,,Ingreso USUARIO,Busca tabla invitado
*************
03/04/2024 17:42:33,ross,Ingreso CONTRASEÑA,Busca tabla invitado
*************
03/04/2024 17:44:54,,Ingreso USUARIO,Busca tabla invitado
*************
03/04/2024 17:44:55,ross,Ingreso CONTRASEÑA,Busca tabla invitado
*************
03/04/2024 17:47:49,,Ingreso USUARIO,Busca tabla invitado
*************
03/04/2024 17:47:50,ross,Ingreso CONTRASEÑA,Busca tabla invitado
*************
03/04/2024 17:52:39,,Ingreso USUARIO,Busca tabla invitado
*************
03/04/2024 17:52:40,ross,Ingreso CONTRASEÑA,Busca tabla invitado
*************
03/04/2024 17:53:35,,Ingreso USUARIO,Busca tabla invitado
*************
03/04/2024 17:53:36,ross,Ingreso CONTRASEÑA,Busca tabla invitado
*************
03/04/2024 17:57:27,,Ingreso USUARIO,Busca tabla invitado
*************
03/04/2024 17:57:28,ross,Ingreso CONTRASEÑA,Busca tabla invitado
*************
03/04/2024 18:02:45,,Ingreso USUARIO,Busca tabla invitado
*************
03/04/2024 18:02:46,ross,Ingreso CONTRASEÑA,Busca tabla invitado
*************
03/04/2024 18:13:05,,Ingreso USUARIO,Busca tabla invitado
*************
03/04/2024 18:13:06,ross,Ingreso CONTRASEÑA,Busca tabla invitado
*************
03/04/2024 18:14:54,,Ingreso USUARIO,Busca tabla invitado
*************
03/04/2024 18:14:55,ross,Ingreso CONTRASEÑA,Busca tabla invitado
*************
03/04/2024 18:23:57,,Ingreso USUARIO,Busca tabla invitado
*************
03/04/2024 18:23:59,,Ingreso CONTRASEÑA FALLIDO,
*************
03/04/2024 18:23:59,,Ingreso CONTRASEÑA,Busca tabla invitado
*************
03/04/2024 18:24:00,ross,Ingreso CONTRASEÑA,Busca tabla invitado
*************
03/04/2024 18:26:30,,Ingreso USUARIO,Busca tabla invitado
*************
03/04/2024 18:26:32,ross,Ingreso CONTRASEÑA,Busca tabla invitado
*************
03/04/2024 18:29:16,,Ingreso USUARIO,Busca tabla invitado
*************
03/04/2024 18:29:17,ross,Ingreso CONTRASEÑA,Busca tabla invitado
*************
03/04/2024 18:30:00,,Ingreso USUARIO,Busca tabla invitado
*************
03/04/2024 18:30:01,ross,Ingreso CONTRASEÑA,Busca tabla invitado
*************
03/04/2024 18:31:26,,Ingreso USUARIO,Busca tabla invitado
*************
03/04/2024 18:31:27,ross,Ingreso CONTRASEÑA,Busca tabla invitado
*************
03/04/2024 18:42:29,,Ingreso USUARIO,Busca tabla invitado
*************
03/04/2024 18:42:30,ross,Ingreso CONTRASEÑA,Busca tabla invitado
*************
03/04/2024 18:46:37,,Ingreso USUARIO,Busca tabla invitado
*************
03/04/2024 18:46:38,ross,Ingreso CONTRASEÑA,Busca tabla invitado
*************
03/04/2024 18:57:38,,Ingreso USUARIO,Busca tabla invitado
*************
03/04/2024 18:57:39,ross,Ingreso CONTRASEÑA,Busca tabla invitado
*************
03/04/2024 18:58:44,ross,Nuevo Pedido PRE CARGA,NORMAL/19
*************
03/04/2024 21:28:23,,Ingreso USUARIO,Busca tabla invitado
*************
03/04/2024 21:28:24,ross,Ingreso CONTRASEÑA,Busca tabla invitado
*************
04/04/2024 10:09:25,,Ingreso USUARIO,Busca tabla invitado
*************
04/04/2024 10:09:26,ross,Ingreso CONTRASEÑA,Busca tabla invitado
*************
07/04/2024 12:39:04,,Ingreso USUARIO,Busca tabla invitado
*************
07/04/2024 12:39:05,ross,Ingreso CONTRASEÑA,Busca tabla invitado
*************
07/04/2024 12:43:05,,Ingreso USUARIO,Busca tabla invitado
*************
07/04/2024 12:43:05,ross,Ingreso CONTRASEÑA,Busca tabla invitado
*************
07/04/2024 12:43:37,ross,Nuevo Pedido PRE CARGA,NORMAL/20
*************
07/04/2024 18:55:32,,Ingreso USUARIO,Busca tabla invitado
*************
07/04/2024 18:55:35,ross,Ingreso CONTRASEÑA,Busca tabla invitado
*************
07/04/2024 19:06:42,,Ingreso USUARIO,Busca tabla invitado
*************
07/04/2024 19:06:43,ross,Ingreso CONTRASEÑA,Busca tabla invitado
*************
08/04/2024 8:38:51,,Ingreso USUARIO,Busca tabla invitado
*************
08/04/2024 8:38:52,ross,Ingreso CONTRASEÑA,Busca tabla invitado
*************
07/04/2024 19:59:59,,Ingreso USUARIO,Busca tabla invitado
*************
07/04/2024 20:00:00,ross,Ingreso CONTRASEÑA,Busca tabla invitado
*************
07/04/2024 20:01:21,,Ingreso USUARIO,Busca tabla invitado
*************
07/04/2024 20:01:23,ross,Ingreso CONTRASEÑA,Busca tabla invitado
*************
07/04/2024 20:05:44,,Ingreso USUARIO,Busca tabla invitado
*************
07/04/2024 20:05:45,ross,Ingreso CONTRASEÑA,Busca tabla invitado
*************
07/04/2024 20:09:09,,Ingreso USUARIO,Busca tabla invitado
*************
07/04/2024 20:09:10,ross,Ingreso CONTRASEÑA,Busca tabla invitado
*************
07/04/2024 20:13:06,ross,CUTANEAS,AL_CERDOH
*************
07/04/2024 20:13:06,ross,CUTANEAS,AL_POLLOH
*************
07/04/2024 20:13:06,ross,CUTANEAS,AL_CORVINAH
*************
07/04/2024 20:13:06,ross,CUTANEAS,AL_ATUNH
*************
07/04/2024 20:13:06,ross,CUTANEAS,AL_LANGOSTAH
*************
07/04/2024 20:13:06,ross,CUTANEAS,AL_CAMARONH
*************
07/04/2024 20:13:06,ross,CUTANEAS,AL_LECHEH
*************
07/04/2024 20:13:06,ross,CUTANEAS,AL_HUEVOCIH
*************
07/04/2024 20:13:06,ross,CUTANEAS,AL_YEMAH
*************
07/04/2024 20:13:06,ross,CUTANEAS,AL_TRIGOH
*************
07/04/2024 20:13:06,ross,CUTANEAS,AL_MAIZH
*************
07/04/2024 20:13:06,ross,CUTANEAS,AL_ARROZH
*************
07/04/2024 20:13:06,ross,CUTANEAS,AL_FREJOLH
*************
07/04/2024 20:13:06,ross,CUTANEAS,AL_LENTEJAH
*************
07/04/2024 20:13:06,ross,CUTANEAS,AL_HABAH
*************
07/04/2024 20:13:06,ross,CUTANEAS,AL_TOMATEH
*************
07/04/2024 20:13:06,ross,CUTANEAS,AL_ZANAHORIAH
*************
07/04/2024 20:13:06,ross,CUTANEAS,AL_MANIH
*************
07/04/2024 20:13:06,ross,CUTANEAS,AL_CHOCOLATEH
*************
07/04/2024 20:13:06,ross,CUTANEAS,AL_NARANJAH
*************
07/04/2024 20:13:06,ross,CUTANEAS,AL_PIÑAH
*************
07/04/2024 20:13:06,ross,CUTANEAS,AL_FRUTILLAH
*************
07/04/2024 20:13:06,ross,CUTANEAS,AL_PARABENOSH
*************
07/04/2024 20:13:06,ross,CUTANEAS,AL_HISTAMINAH
*************
07/04/2024 20:13:06,ross,CUTANEAS,AL_INSECTH
*************
07/04/2024 20:13:06,ross,CUTANEAS,AL_CYNODONH
*************
07/04/2024 20:13:06,ross,CUTANEAS,AL_HOLCUSH
*************
07/04/2024 20:13:06,ross,CUTANEAS,AL_FENILARILH
*************
07/04/2024 20:13:06,ross,CUTANEAS,AL_ACACETILH
*************
07/04/2024 20:13:06,ross,CUTANEAS,AL_OXICANESH
*************
07/04/2024 20:13:06,ross,CUTANEAS,AL_INDOLACETICOSH
*************
07/04/2024 20:13:06,ross,CUTANEAS,AL_CLARITROMICINAH
*************
07/04/2024 20:13:06,ross,CUTANEAS,AL_IMIDAZOLICOSH
*************
07/04/2024 20:14:45,ross,CUTANEAS,AL_CERDOH
*************
07/04/2024 20:14:45,ross,CUTANEAS,AL_POLLOH
*************
07/04/2024 20:14:45,ross,CUTANEAS,AL_CORVINAH
*************
07/04/2024 20:14:45,ross,CUTANEAS,AL_ATUNH
*************
07/04/2024 20:14:45,ross,CUTANEAS,AL_LANGOSTAH
*************
07/04/2024 20:14:45,ross,CUTANEAS,AL_CAMARONH
*************
07/04/2024 20:14:45,ross,CUTANEAS,AL_LECHEH
*************
07/04/2024 20:14:45,ross,CUTANEAS,AL_HUEVOCIH
*************
07/04/2024 20:14:45,ross,CUTANEAS,AL_YEMAH
*************
07/04/2024 20:14:45,ross,CUTANEAS,AL_TRIGOH
*************
07/04/2024 20:14:45,ross,CUTANEAS,AL_MAIZH
*************
07/04/2024 20:14:45,ross,CUTANEAS,AL_ARROZH
*************
07/04/2024 20:14:45,ross,CUTANEAS,AL_FREJOLH
*************
07/04/2024 20:14:45,ross,CUTANEAS,AL_LENTEJAH
*************
07/04/2024 20:14:45,ross,CUTANEAS,AL_HABAH
*************
07/04/2024 20:14:45,ross,CUTANEAS,AL_TOMATEH
*************
07/04/2024 20:14:45,ross,CUTANEAS,AL_ZANAHORIAH
*************
07/04/2024 20:14:45,ross,CUTANEAS,AL_MANIH
*************
07/04/2024 20:14:45,ross,CUTANEAS,AL_CHOCOLATEH
*************
07/04/2024 20:14:45,ross,CUTANEAS,AL_NARANJAH
*************
07/04/2024 20:14:45,ross,CUTANEAS,AL_PIÑAH
*************
07/04/2024 20:14:45,ross,CUTANEAS,AL_FRUTILLAH
*************
07/04/2024 20:14:45,ross,CUTANEAS,AL_PARABENOSH
*************
07/04/2024 20:14:45,ross,CUTANEAS,AL_HISTAMINAH
*************
07/04/2024 20:14:45,ross,CUTANEAS,AL_INSECTH
*************
07/04/2024 20:14:46,ross,CUTANEAS,AL_CYNODONH
*************
07/04/2024 20:14:46,ross,CUTANEAS,AL_HOLCUSH
*************
07/04/2024 20:14:46,ross,CUTANEAS,AL_FENILARILH
*************
07/04/2024 20:14:46,ross,CUTANEAS,AL_ACACETILH
*************
07/04/2024 20:14:46,ross,CUTANEAS,AL_OXICANESH
*************
07/04/2024 20:14:46,ross,CUTANEAS,AL_INDOLACETICOSH
*************
07/04/2024 20:14:46,ross,CUTANEAS,AL_CLARITROMICINAH
*************
07/04/2024 20:14:46,ross,CUTANEAS,AL_IMIDAZOLICOSH
*************
07/04/2024 20:24:16,,Ingreso USUARIO,Busca tabla invitado
*************
07/04/2024 20:24:17,ross,Ingreso CONTRASEÑA,Busca tabla invitado
*************
07/04/2024 22:40:30,,Ingreso USUARIO,Busca tabla invitado
*************
07/04/2024 22:40:31,ross,Ingreso CONTRASEÑA,Busca tabla invitado
*************
07/04/2024 22:42:22,,Ingreso USUARIO,Busca tabla invitado
*************
07/04/2024 22:42:23,ross,Ingreso CONTRASEÑA,Busca tabla invitado
*************
07/04/2024 22:44:48,,Ingreso USUARIO,Busca tabla invitado
*************
07/04/2024 22:44:48,ross,Ingreso CONTRASEÑA,Busca tabla invitado
*************
07/04/2024 22:46:53,,Ingreso USUARIO,Busca tabla invitado
*************
07/04/2024 22:46:54,ross,Ingreso CONTRASEÑA,Busca tabla invitado
*************
07/04/2024 22:49:36,,Ingreso USUARIO,Busca tabla invitado
*************
07/04/2024 22:49:37,ross,Ingreso CONTRASEÑA,Busca tabla invitado
*************
07/04/2024 22:52:06,,Ingreso USUARIO,Busca tabla invitado
*************
07/04/2024 22:52:07,ross,Ingreso CONTRASEÑA,Busca tabla invitado
*************
07/04/2024 22:55:49,,Ingreso USUARIO,Busca tabla invitado
*************
07/04/2024 22:55:50,ross,Ingreso CONTRASEÑA,Busca tabla invitado
*************
07/04/2024 22:56:21,ross,Nuevo Pedido PRE CARGA,NORMAL/21
*************
07/04/2024 22:57:06,ross,Nuevo Pedido PRE CARGA,NORMAL/22
*************
08/04/2024 7:51:07,,Ingreso USUARIO,Busca tabla invitado
*************
08/04/2024 7:51:08,ross,Ingreso CONTRASEÑA,Busca tabla invitado
*************
08/04/2024 8:02:34,,Ingreso USUARIO,Busca tabla invitado
*************
08/04/2024 8:02:34,ross,Ingreso CONTRASEÑA,Busca tabla invitado
*************
08/04/2024 8:30:15,,Ingreso USUARIO,Busca tabla invitado
*************
08/04/2024 8:30:15,ross,Ingreso CONTRASEÑA,Busca tabla invitado
*************
08/04/2024 8:35:51,,Ingreso USUARIO,Busca tabla invitado
*************
08/04/2024 8:35:54,,Ingreso CONTRASEÑA FALLIDO,
*************
08/04/2024 8:35:54,,Ingreso CONTRASEÑA,Busca tabla invitado
*************
08/04/2024 8:35:57,ross,Ingreso CONTRASEÑA,Busca tabla invitado
*************
08/04/2024 11:56:42,,Ingreso USUARIO,Busca tabla invitado
*************
08/04/2024 11:56:43,ross,Ingreso CONTRASEÑA,Busca tabla invitado
*************
09/04/2024 12:41:59,,Ingreso USUARIO,Busca tabla invitado
*************
09/04/2024 12:42:05,ross,Ingreso CONTRASEÑA,Busca tabla invitado
*************
09/04/2024 12:47:10,ross,Generar Paciente,Paciente=ALAJO SARZOSA ELISA PATRICIA
*************
09/04/2024 12:50:19,ross,Actualizacon Medico,Medico=MUÑOZ PEDRO
*************
09/04/2024 12:52:59,ross,01 GENERAR ORDEN  NORMAL EXAMENES: 400101,400149,400150,400476,400151,400295,400230,,PEDIDO=28
*************
09/04/2024 13:00:36,ross,Actualiza FACTURA,FACTURA=19
*************
09/04/2024 13:00:36,ross,Ingresa FACTURA,FACTURA=19
*************
09/04/2024 13:00:36,ross,Insertar abono,Factura=19 Abono= 10
*************
09/04/2024 13:00:36,ross,Actualiza FACTURA,FACTURA=19/10
*************
09/04/2024 13:00:40,ross,Inserta usuario web,Paciente=118 AELISA
*************
09/04/2024 13:00:40,ross,Registra Tx Factura,Factura=19
*************
09/04/2024 13:01:16,ross,Registra Tx Factura,Factura=19
*************
09/04/2024 13:04:36,ross,Insertar abono,Factura=19 Abono= 10
*************
09/04/2024 13:04:36,ross,Actualiza FACTURA,FACTURA=19/10
*************
09/04/2024 13:04:39,ross,Registra Tx Factura,Factura=19
*************
09/04/2024 13:04:47,ross,Registra Tx Factura,Factura=19
*************
09/04/2024 13:11:30,ross,Nuevo Pedido IMPORTACION,FYBECA/29
*************
09/04/2024 13:11:30,ross,Nuevo Pedido IMPORTACION,FYBECA/30
*************
09/04/2024 13:11:30,ross,Nuevo Pedido IMPORTACION,FYBECA/31
*************
09/04/2024 13:11:30,ross,Nuevo Pedido IMPORTACION,FYBECA/32
*************
09/04/2024 13:11:30,ross,Nuevo Pedido IMPORTACION,FYBECA/33
*************
09/04/2024 13:11:31,ross,Nuevo Pedido IMPORTACION,FYBECA/34
*************
09/04/2024 13:11:31,ross,Nuevo Pedido IMPORTACION,FYBECA/35
*************
09/04/2024 13:11:31,ross,Nuevo Pedido IMPORTACION,FYBECA/36
*************
09/04/2024 13:11:31,ross,Nuevo Pedido IMPORTACION,FYBECA/37
*************
09/04/2024 13:11:31,ross,Nuevo Pedido IMPORTACION,FYBECA/38
*************
09/04/2024 13:11:31,ross,Nuevo Pedido IMPORTACION,FYBECA/39
*************
09/04/2024 13:11:31,ross,Nuevo Pedido IMPORTACION,FYBECA/40
*************
09/04/2024 13:11:31,ross,Nuevo Pedido IMPORTACION,FYBECA/41
*************
09/04/2024 13:15:09,ross,IMPRIMIR CONTRAORDEN,
*************
09/04/2024 13:15:37,ross,IMPRIMIR LISTA TRABAJO,
*************
09/04/2024 13:15:52,ross,IMPRIMIR HOJA TRABAJO,
*************
09/04/2024 13:17:37,ross,GUARDA RESULTADOS,WBCH=1
*************
09/04/2024 13:17:37,ross,GUARDA RESULTADOS,NEUH=1
*************
09/04/2024 13:17:37,ross,GUARDA RESULTADOS,LYMH=1
*************
09/04/2024 13:17:37,ross,GUARDA RESULTADOS,MONH=1
*************
09/04/2024 13:17:37,ross,GUARDA RESULTADOS,EOSH=1
*************
09/04/2024 13:17:37,ross,GUARDA RESULTADOS,BASOH=1
*************
09/04/2024 13:17:37,ross,GUARDA RESULTADOS,NEU%25H=1
*************
09/04/2024 13:17:37,ross,GUARDA RESULTADOS,LYM%25H=2
*************
09/04/2024 13:17:37,ross,GUARDA RESULTADOS,MON%25H=2
*************
09/04/2024 13:17:37,ross,GUARDA RESULTADOS,EOS%25H=
*************
09/04/2024 13:17:37,ross,GUARDA RESULTADOS,BASO%25H=22
*************
09/04/2024 13:17:37,ross,GUARDA RESULTADOS,RBCH=
*************
09/04/2024 13:17:37,ross,GUARDA RESULTADOS,HCTH=22
*************
09/04/2024 13:17:37,ross,GUARDA RESULTADOS,HGBH=2
*************
09/04/2024 13:17:37,ross,GUARDA RESULTADOS,MCVH=0
*************
09/04/2024 13:17:37,ross,GUARDA RESULTADOS,MCHH=2
*************
09/04/2024 13:17:37,ross,GUARDA RESULTADOS,MCHCH=2
*************
09/04/2024 13:17:37,ross,GUARDA RESULTADOS,RDW-CVH=2
*************
09/04/2024 13:17:37,ross,GUARDA RESULTADOS,RDW-SDH=2
*************
09/04/2024 13:17:37,ross,GUARDA RESULTADOS,PLTH=2
*************
09/04/2024 13:17:37,ross,GUARDA RESULTADOS,MPVH=2
*************
09/04/2024 13:17:37,ross,GUARDA RESULTADOS,PDWH=2
*************
09/04/2024 13:17:37,ross,GUARDA RESULTADOS,PCTH=2
*************
09/04/2024 13:17:37,ross,GUARDA RESULTADOS,P-LCRH=2
*************
09/04/2024 13:17:37,ross,GUARDA RESULTADOS,P-LCCH=2
*************
09/04/2024 13:19:21,ross,GUARDA RESULTADOS,ANAQUI1=- EXAMEN FÍSICO -
*************
09/04/2024 13:19:21,ross,GUARDA RESULTADOS,COLOH=AMBAR
*************
09/04/2024 13:19:21,ross,GUARDA RESULTADOS,ASPOH=TURBIO
*************
09/04/2024 13:19:21,ross,GUARDA RESULTADOS,EMOQUI=-EXAMEN QUIMICO-
*************
09/04/2024 13:19:21,ross,GUARDA RESULTADOS,DENO=1.020
*************
09/04/2024 13:19:21,ross,GUARDA RESULTADOS,PHO=5
*************
09/04/2024 13:19:21,ross,GUARDA RESULTADOS,LEUOH=NEGATIVO
*************
09/04/2024 13:19:21,ross,GUARDA RESULTADOS,ELEUCOH=
*************
09/04/2024 13:19:21,ross,GUARDA RESULTADOS,ASCOH=
*************
09/04/2024 13:19:21,ross,GUARDA RESULTADOS,NITO=NEGATIVO
*************
09/04/2024 13:19:21,ross,GUARDA RESULTADOS,PROTOH=++
*************
09/04/2024 13:19:21,ross,GUARDA RESULTADOS,GLUOH=NEGATIVO
*************
09/04/2024 13:19:21,ross,GUARDA RESULTADOS,CCETOH=1-2
*************
09/04/2024 13:19:21,ross,GUARDA RESULTADOS,UROOH=4
*************
09/04/2024 13:19:21,ross,GUARDA RESULTADOS,BILO=NEGATIVO
*************
09/04/2024 13:19:21,ross,GUARDA RESULTADOS,SANOH=NEGATIVO
*************
09/04/2024 13:19:21,ross,GUARDA RESULTADOS,HGBOH=
*************
09/04/2024 13:19:21,ross,GUARDA RESULTADOS,ANAMIC1=- EXAMEN MICROSCÓPICO -
*************
09/04/2024 13:19:21,ross,GUARDA RESULTADOS,CELPOH=
*************
09/04/2024 13:19:21,ross,GUARDA RESULTADOS,CELEPH=
*************
09/04/2024 13:19:21,ross,GUARDA RESULTADOS,CELCAOH=
*************
09/04/2024 13:19:21,ross,GUARDA RESULTADOS,LEUC_EMO1H=
*************
09/04/2024 13:19:21,ross,GUARDA RESULTADOS,PIOO=
*************
09/04/2024 13:19:21,ross,GUARDA RESULTADOS,HEMOH=
*************
09/04/2024 13:19:21,ross,GUARDA RESULTADOS,BACOH=ESCASAS
*************
09/04/2024 13:19:21,ross,GUARDA RESULTADOS,MOCOH=
*************
09/04/2024 13:19:21,ross,GUARDA RESULTADOS,LEVA_ORINA=
*************
09/04/2024 13:19:21,ross,GUARDA RESULTADOS,URO=
*************
09/04/2024 13:19:21,ross,GUARDA RESULTADOS,FOO=
*************
09/04/2024 13:19:21,ross,GUARDA RESULTADOS,OXAO=
*************
09/04/2024 13:19:21,ross,GUARDA RESULTADOS,CRIO=
*************
09/04/2024 13:19:21,ross,GUARDA RESULTADOS,CILO=
*************
09/04/2024 13:19:21,ross,GUARDA RESULTADOS,CIGO=
*************
09/04/2024 13:19:21,ross,GUARDA RESULTADOS,CILCE=
*************
09/04/2024 13:19:21,ross,GUARDA RESULTADOS,ESP=
*************
09/04/2024 13:19:21,ross,GUARDA RESULTADOS,OTROSO=
*************
09/04/2024 13:20:36,ross,GUARDA NOTA AREA,AREA EXAMEN =11/oBSERVACIONES: Suero lipemico
*************
09/04/2024 13:21:01,ross,GUARDA RESULTADOS,BHH=MEMO
*************
09/04/2024 13:21:01,ross,GUARDA RESULTADOS,COLH=189
*************
09/04/2024 13:21:01,ross,GUARDA RESULTADOS,AHDLH=45
*************
09/04/2024 13:21:01,ross,GUARDA RESULTADOS,LDLH=108.34
*************
09/04/2024 13:21:01,ross,GUARDA RESULTADOS,TGLH=178.3
*************
09/04/2024 13:21:02,ross,GUARDA RESULTADOS,EMOH=MEMO
*************
09/04/2024 13:21:06,ross,VALIDACION RESULTADO,PEDIDO=28/400101
*************
09/04/2024 13:21:06,ross,VALIDACION RESULTADO,PEDIDO=28/400149
*************
09/04/2024 13:21:06,ross,VALIDACION RESULTADO,PEDIDO=28/400150
*************
09/04/2024 13:21:06,ross,VALIDACION RESULTADO,PEDIDO=28/400151
*************
09/04/2024 13:21:06,ross,VALIDACION RESULTADO,PEDIDO=28/400230
*************
09/04/2024 13:21:07,ross,VALIDACION RESULTADO,PEDIDO=28/400476
*************
09/04/2024 13:21:08,ross,Eliminar resultado AUX_HIS,
*************
09/04/2024 13:22:05,ross,IMPRIME POR AREA,PEDIDO=28
*************
09/04/2024 13:23:20,ross,IMPRIME TODO,PEDIDO=28
*************
09/04/2024 15:00:36,,Ingreso USUARIO,Busca tabla invitado
*************
09/04/2024 15:00:37,ross,Ingreso CONTRASEÑA,Busca tabla invitado
*************
09/04/2024 15:01:01,ross,Nuevo Pedido PRE CARGA,NORMAL/23
*************
09/04/2024 15:24:18,,Ingreso USUARIO,Busca tabla invitado
*************
09/04/2024 15:24:19,ross,Ingreso CONTRASEÑA,Busca tabla invitado
*************
09/04/2024 15:29:30,,Ingreso USUARIO,Busca tabla invitado
*************
09/04/2024 15:29:31,ross,Ingreso CONTRASEÑA,Busca tabla invitado
*************
09/04/2024 15:32:49,,Ingreso USUARIO,Busca tabla invitado
*************
09/04/2024 15:32:50,ross,Ingreso CONTRASEÑA,Busca tabla invitado
*************
09/04/2024 15:33:15,ross,Actualiza Paciente,Paciente=FLORES RAMOS HECTOR EDUARDO
*************
09/04/2024 15:33:39,,Ingreso USUARIO,Busca tabla invitado
*************
09/04/2024 15:33:39,ross,Ingreso CONTRASEÑA,Busca tabla invitado
*************
09/04/2024 15:34:02,ross,Nuevo Pedido PRE CARGA,NORMAL/42
*************
09/04/2024 15:43:14,,Ingreso USUARIO,Busca tabla invitado
*************
09/04/2024 15:43:15,ross,Ingreso CONTRASEÑA,Busca tabla invitado
*************
09/04/2024 15:43:40,ross,Nuevo Pedido PRE CARGA,NORMAL/43
*************
09/04/2024 16:36:44,,Ingreso USUARIO,Busca tabla invitado
*************
09/04/2024 16:36:45,ross,Ingreso CONTRASEÑA,Busca tabla invitado
*************
09/04/2024 16:42:22,,Ingreso USUARIO,Busca tabla invitado
*************
09/04/2024 16:42:22,ross,Ingreso CONTRASEÑA,Busca tabla invitado
*************
10/04/2024 10:16:18,,Ingreso USUARIO,Busca tabla invitado
*************
10/04/2024 10:16:19,ross,Ingreso CONTRASEÑA,Busca tabla invitado
*************
10/04/2024 10:16:32,ross,Actualiza Paciente,Paciente=FLORES NARANJO ROSSVAN EMILIO
*************
10/04/2024 10:16:53,ross,Actualiza Paciente,Paciente=FLORES NARANJO ROSSVAN EMILIO
*************
10/04/2024 11:36:45,,Ingreso USUARIO,Busca tabla invitado
*************
10/04/2024 11:36:46,ross,Ingreso CONTRASEÑA,Busca tabla invitado
*************
10/04/2024 11:37:12,ross,Nuevo Pedido PRE CARGA,NORMAL/49
*************
10/04/2024 11:37:27,ross,GUARDA ENCUESTA,946
*************
10/04/2024 11:41:04,ross,Nuevo Pedido PRE CARGA,NORMAL/1
*************
10/04/2024 11:41:05,ross,GUARDA ENCUESTA,13
*************
10/04/2024 12:03:30,ross,GUARDA ENCUESTA,1474
*************
10/04/2024 12:04:57,ross,GUARDA ENCUESTA,3551
*************
10/04/2024 12:06:30,,Ingreso USUARIO,Busca tabla invitado
*************
10/04/2024 12:06:31,ross,Ingreso CONTRASEÑA,Busca tabla invitado
*************
10/04/2024 12:07:44,ross,Nuevo Pedido PRE CARGA,NORMAL/1
*************
10/04/2024 12:07:49,ross,GUARDA ENCUESTA,13
*************
10/04/2024 21:52:18,,Ingreso USUARIO,Busca tabla invitado
*************
10/04/2024 21:52:19,ross,Ingreso CONTRASEÑA,Busca tabla invitado
*************
10/04/2024 21:52:44,ross,Nuevo Pedido PRE CARGA,NORMAL/24
*************
10/04/2024 22:00:38,,Ingreso USUARIO,Busca tabla invitado
*************
10/04/2024 22:00:39,ross,Ingreso CONTRASEÑA,Busca tabla invitado
*************
10/04/2024 22:02:42,,Ingreso USUARIO,Busca tabla invitado
*************
10/04/2024 22:02:43,ross,Ingreso CONTRASEÑA,Busca tabla invitado
*************
10/04/2024 22:08:38,,Ingreso USUARIO,Busca tabla invitado
*************
10/04/2024 22:08:39,ross,Ingreso CONTRASEÑA,Busca tabla invitado
*************
10/04/2024 22:19:18,,Ingreso USUARIO,Busca tabla invitado
*************
10/04/2024 22:19:19,ross,Ingreso CONTRASEÑA,Busca tabla invitado
*************
10/04/2024 22:19:54,ross,Nuevo Pedido PRE CARGA,NORMAL/25
*************
10/04/2024 22:20:01,ross,GUARDA ENCUESTA,74
*************
10/04/2024 22:32:43,,Ingreso USUARIO,Busca tabla invitado
*************
10/04/2024 22:32:43,ross,Ingreso CONTRASEÑA,Busca tabla invitado
*************
10/04/2024 22:33:55,ross,Nuevo Pedido PRE CARGA,NORMAL/26
*************
10/04/2024 22:33:57,ross,GUARDA ENCUESTA,79
*************
10/04/2024 22:43:30,,Ingreso USUARIO,Busca tabla invitado
*************
10/04/2024 22:43:31,ross,Ingreso CONTRASEÑA,Busca tabla invitado
*************
10/04/2024 22:46:53,,Ingreso USUARIO,Busca tabla invitado
*************
10/04/2024 22:46:53,ross,Ingreso CONTRASEÑA,Busca tabla invitado
*************
10/04/2024 22:51:52,,Ingreso USUARIO,Busca tabla invitado
*************
10/04/2024 22:51:53,ross,Ingreso CONTRASEÑA,Busca tabla invitado
*************
10/04/2024 22:53:16,ross,Actualizacon Medico,Medico=ZURITA MAGDALENA
*************
10/04/2024 22:55:55,,Ingreso USUARIO,Busca tabla invitado
*************
10/04/2024 22:55:56,ross,Ingreso CONTRASEÑA,Busca tabla invitado
*************
10/04/2024 22:59:00,,Ingreso USUARIO,Busca tabla invitado
*************
10/04/2024 22:59:01,ross,Ingreso CONTRASEÑA,Busca tabla invitado
*************
11/04/2024 9:00:50,,Ingreso USUARIO,Busca tabla invitado
*************
11/04/2024 9:00:51,ross,Ingreso CONTRASEÑA,Busca tabla invitado
*************
11/04/2024 9:17:29,ross,Nuevo Pedido PRE CARGA,NORMAL/29
*************
11/04/2024 9:19:12,ross,Actualizacon Medico,Medico=NARANJO CRISTINA
*************
11/04/2024 9:45:09,,Ingreso USUARIO,Busca tabla invitado
*************
11/04/2024 9:45:09,ross,Ingreso CONTRASEÑA,Busca tabla invitado
*************
12/04/2024 15:09:19,,Ingreso USUARIO,Busca tabla invitado
*************
12/04/2024 15:09:20,ross,Ingreso CONTRASEÑA,Busca tabla invitado
*************
12/04/2024 15:09:43,ross,01 GENERAR ORDEN  NORMAL EXAMENES: 400101,400149,400150,400476,400151,400295,,PEDIDO=30
*************
12/04/2024 15:11:39,ross,GUARDA RESULTADOS,WBCH=8.6
*************
12/04/2024 15:11:39,ross,GUARDA RESULTADOS,NEUH=3.5
*************
12/04/2024 15:11:39,ross,GUARDA RESULTADOS,LYMH=1.9
*************
12/04/2024 15:11:39,ross,GUARDA RESULTADOS,MONH=2.7
*************
12/04/2024 15:11:39,ross,GUARDA RESULTADOS,EOSH=0.34
*************
12/04/2024 15:11:39,ross,GUARDA RESULTADOS,BASOH=0.03
*************
12/04/2024 15:11:39,ross,GUARDA RESULTADOS,NEU%25H=34.8
*************
12/04/2024 15:11:39,ross,GUARDA RESULTADOS,LYM%25H=41.4
*************
12/04/2024 15:11:39,ross,GUARDA RESULTADOS,MON%25H=7.4
*************
12/04/2024 15:11:39,ross,GUARDA RESULTADOS,EOS%25H=3.6
*************
12/04/2024 15:11:39,ross,GUARDA RESULTADOS,BASO%25H=0.89
*************
12/04/2024 15:11:39,ross,GUARDA RESULTADOS,RBCH=4.6
*************
12/04/2024 15:11:39,ross,GUARDA RESULTADOS,HCTH=51.2
*************
12/04/2024 15:11:39,ross,GUARDA RESULTADOS,HGBH=16.79
*************
12/04/2024 15:11:39,ross,GUARDA RESULTADOS,MCVH=111.3
*************
12/04/2024 15:11:39,ross,GUARDA RESULTADOS,MCHH=36.5
*************
12/04/2024 15:11:39,ross,GUARDA RESULTADOS,MCHCH=32.79
*************
12/04/2024 15:11:39,ross,GUARDA RESULTADOS,RDW-CVH=14.3
*************
12/04/2024 15:11:39,ross,GUARDA RESULTADOS,RDW-SDH=52.0
*************
12/04/2024 15:11:39,ross,GUARDA RESULTADOS,PLTH=290
*************
12/04/2024 15:11:39,ross,GUARDA RESULTADOS,MPVH=11.2
*************
12/04/2024 15:11:39,ross,GUARDA RESULTADOS,PDWH=17.8
*************
12/04/2024 15:11:39,ross,GUARDA RESULTADOS,PCTH=1.2
*************
12/04/2024 15:11:39,ross,GUARDA RESULTADOS,P-LCRH=13.2
*************
12/04/2024 15:11:39,ross,GUARDA RESULTADOS,P-LCCH=0.0.2
*************
12/04/2024 15:12:13,ross,GUARDA NOTA AREA,AREA EXAMEN =11/OBSERVACIONES: Valores confirmados
*************
12/04/2024 15:12:14,ross,GUARDA RESULTADOS,BHH=MEMO
*************
12/04/2024 15:12:14,ross,GUARDA RESULTADOS,COLH=189.2
*************
12/04/2024 15:12:14,ross,GUARDA RESULTADOS,AHDLH=51.2
*************
12/04/2024 15:12:14,ross,GUARDA RESULTADOS,LDLH=99.92
*************
12/04/2024 15:12:14,ross,GUARDA RESULTADOS,TGLH=190.4
*************
12/04/2024 15:12:16,ross,VALIDACION RESULTADO,PEDIDO=30/400101
*************
12/04/2024 15:12:16,ross,VALIDACION RESULTADO,PEDIDO=30/400149
*************
12/04/2024 15:12:16,ross,VALIDACION RESULTADO,PEDIDO=30/400150
*************
12/04/2024 15:12:16,ross,VALIDACION RESULTADO,PEDIDO=30/400151
*************
12/04/2024 15:12:16,ross,VALIDACION RESULTADO,PEDIDO=30/400476
*************
12/04/2024 15:12:16,ross,Eliminar resultado AUX_HIS,
*************
12/04/2024 15:12:28,ross,GUARDA RESULTADOS,BHH=MEMO
*************
12/04/2024 15:12:28,ross,GUARDA RESULTADOS,COLH=189.2
*************
12/04/2024 15:12:28,ross,GUARDA RESULTADOS,AHDLH=51.2
*************
12/04/2024 15:12:28,ross,GUARDA RESULTADOS,LDLH=99.92
*************
12/04/2024 15:12:28,ross,GUARDA RESULTADOS,TGLH=190.4
*************
12/04/2024 15:12:32,ross,Eliminar resultado AUX_HIS,
*************
12/04/2024 15:15:16,,Ingreso USUARIO,Busca tabla invitado
*************
12/04/2024 15:15:17,ross,Ingreso CONTRASEÑA,Busca tabla invitado
*************
12/04/2024 15:15:29,ross,GUARDA RESULTADOS,BHH=MEMO
*************
12/04/2024 15:15:29,ross,GUARDA RESULTADOS,COLH=189.2
*************
12/04/2024 15:15:29,ross,GUARDA RESULTADOS,AHDLH=51.2
*************
12/04/2024 15:15:29,ross,GUARDA RESULTADOS,LDLH=99.92
*************
12/04/2024 15:15:30,ross,GUARDA RESULTADOS,TGLH=190.4
*************
12/04/2024 15:15:34,ross,Eliminar resultado AUX_HIS,
*************
14/04/2024 16:37:34,,Ingreso USUARIO,Busca tabla invitado
*************
14/04/2024 16:37:34,ross,Ingreso CONTRASEÑA,Busca tabla invitado
*************
14/04/2024 16:38:28,ross,Nuevo Pedido PRE CARGA,NORMAL/31
*************
14/04/2024 16:38:29,ross,GUARDA ENCUESTA,381
*************
14/04/2024 17:24:52,,Ingreso USUARIO,Busca tabla invitado
*************
14/04/2024 17:24:53,ross,Ingreso CONTRASEÑA,Busca tabla invitado
*************
14/04/2024 17:29:33,,Ingreso USUARIO,Busca tabla invitado
*************
14/04/2024 17:29:34,ross,Ingreso CONTRASEÑA,Busca tabla invitado
*************
14/04/2024 17:35:40,,Ingreso USUARIO,Busca tabla invitado
*************
14/04/2024 17:35:41,ross,Ingreso CONTRASEÑA,Busca tabla invitado
*************
14/04/2024 17:38:12,,Ingreso USUARIO,Busca tabla invitado
*************
14/04/2024 17:38:13,ross,Ingreso CONTRASEÑA,Busca tabla invitado
*************
14/04/2024 17:43:02,,Ingreso USUARIO,Busca tabla invitado
*************
14/04/2024 17:43:04,ross,Ingreso CONTRASEÑA,Busca tabla invitado
*************
14/04/2024 17:46:56,,Ingreso USUARIO,Busca tabla invitado
*************
14/04/2024 17:46:57,ross,Ingreso CONTRASEÑA,Busca tabla invitado
*************
14/04/2024 18:24:35,,Ingreso USUARIO,Busca tabla invitado
*************
14/04/2024 18:24:35,ross,Ingreso CONTRASEÑA,Busca tabla invitado
*************
14/04/2024 18:27:17,,Ingreso USUARIO,Busca tabla invitado
*************
14/04/2024 18:27:18,ross,Ingreso CONTRASEÑA,Busca tabla invitado
*************
14/04/2024 18:35:00,ross,CUTANEAS,AL_CERDOH
*************
14/04/2024 18:35:00,ross,CUTANEAS,AL_POLLOH
*************
14/04/2024 18:35:00,ross,CUTANEAS,AL_CORVINAH
*************
14/04/2024 18:35:00,ross,CUTANEAS,AL_ATUNH
*************
14/04/2024 18:35:00,ross,CUTANEAS,AL_LANGOSTAH
*************
14/04/2024 18:35:00,ross,CUTANEAS,AL_CAMARONH
*************
14/04/2024 18:35:00,ross,CUTANEAS,AL_LECHEH
*************
14/04/2024 18:35:00,ross,CUTANEAS,AL_HUEVOCIH
*************
14/04/2024 18:35:00,ross,CUTANEAS,AL_YEMAH
*************
14/04/2024 18:35:00,ross,CUTANEAS,AL_TRIGOH
*************
14/04/2024 18:35:00,ross,CUTANEAS,AL_MAIZH
*************
14/04/2024 18:35:00,ross,CUTANEAS,AL_ARROZH
*************
14/04/2024 18:35:00,ross,CUTANEAS,AL_FREJOLH
*************
14/04/2024 18:35:00,ross,CUTANEAS,AL_LENTEJAH
*************
14/04/2024 18:35:00,ross,CUTANEAS,AL_HABAH
*************
14/04/2024 18:35:00,ross,CUTANEAS,AL_TOMATEH
*************
14/04/2024 18:35:00,ross,CUTANEAS,AL_ZANAHORIAH
*************
14/04/2024 18:35:00,ross,CUTANEAS,AL_MANIH
*************
14/04/2024 18:35:00,ross,CUTANEAS,AL_CHOCOLATEH
*************
14/04/2024 18:35:00,ross,CUTANEAS,AL_NARANJAH
*************
14/04/2024 18:35:00,ross,CUTANEAS,AL_PIÑAH
*************
14/04/2024 18:35:00,ross,CUTANEAS,AL_FRUTILLAH
*************
14/04/2024 18:35:00,ross,CUTANEAS,AL_TARTRAZINAH
*************
14/04/2024 18:35:00,ross,CUTANEAS,AL_PARABENOSH
*************
14/04/2024 18:35:00,ross,CUTANEAS,AL_INSECTH
*************
14/04/2024 18:35:00,ross,CUTANEAS,AL_CYNODONH
*************
14/04/2024 18:35:00,ross,CUTANEAS,AL_HOLCUSH
*************
14/04/2024 18:35:00,ross,CUTANEAS,AL_LOLIUMH
*************
14/04/2024 18:35:00,ross,CUTANEAS,AL_FENILARILH
*************
14/04/2024 18:35:00,ross,CUTANEAS,AL_ACACETILH
*************
14/04/2024 18:35:00,ross,CUTANEAS,AL_PIRAZOLONAH
*************
14/04/2024 18:35:04,ross,CUTANEAS,AL_CERDOH
*************
14/04/2024 18:35:04,ross,CUTANEAS,AL_POLLOH
*************
14/04/2024 18:35:04,ross,CUTANEAS,AL_CORVINAH
*************
14/04/2024 18:35:04,ross,CUTANEAS,AL_ATUNH
*************
14/04/2024 18:35:04,ross,CUTANEAS,AL_LANGOSTAH
*************
14/04/2024 18:35:04,ross,CUTANEAS,AL_CAMARONH
*************
14/04/2024 18:35:04,ross,CUTANEAS,AL_LECHEH
*************
14/04/2024 18:35:04,ross,CUTANEAS,AL_HUEVOCIH
*************
14/04/2024 18:35:04,ross,CUTANEAS,AL_YEMAH
*************
14/04/2024 18:35:04,ross,CUTANEAS,AL_TRIGOH
*************
14/04/2024 18:35:04,ross,CUTANEAS,AL_MAIZH
*************
14/04/2024 18:35:04,ross,CUTANEAS,AL_ARROZH
*************
14/04/2024 18:35:04,ross,CUTANEAS,AL_FREJOLH
*************
14/04/2024 18:35:04,ross,CUTANEAS,AL_LENTEJAH
*************
14/04/2024 18:35:04,ross,CUTANEAS,AL_HABAH
*************
14/04/2024 18:35:04,ross,CUTANEAS,AL_TOMATEH
*************
14/04/2024 18:35:04,ross,CUTANEAS,AL_ZANAHORIAH
*************
14/04/2024 18:35:04,ross,CUTANEAS,AL_MANIH
*************
14/04/2024 18:35:04,ross,CUTANEAS,AL_CHOCOLATEH
*************
14/04/2024 18:35:04,ross,CUTANEAS,AL_NARANJAH
*************
14/04/2024 18:35:04,ross,CUTANEAS,AL_PIÑAH
*************
14/04/2024 18:35:04,ross,CUTANEAS,AL_FRUTILLAH
*************
14/04/2024 18:35:05,ross,CUTANEAS,AL_TARTRAZINAH
*************
14/04/2024 18:35:05,ross,CUTANEAS,AL_PARABENOSH
*************
14/04/2024 18:35:05,ross,CUTANEAS,AL_INSECTH
*************
14/04/2024 18:35:05,ross,CUTANEAS,AL_CYNODONH
*************
14/04/2024 18:35:05,ross,CUTANEAS,AL_HOLCUSH
*************
14/04/2024 18:35:05,ross,CUTANEAS,AL_LOLIUMH
*************
14/04/2024 18:35:05,ross,CUTANEAS,AL_FENILARILH
*************
14/04/2024 18:35:05,ross,CUTANEAS,AL_ACACETILH
*************
14/04/2024 18:35:05,ross,CUTANEAS,AL_PIRAZOLONAH
*************
14/04/2024 18:39:15,,Ingreso USUARIO,Busca tabla invitado
*************
14/04/2024 18:39:15,ross,Ingreso CONTRASEÑA,Busca tabla invitado
*************
14/04/2024 18:39:44,ross,CUTANEAS,AL_CERDOH
*************
14/04/2024 18:39:44,ross,CUTANEAS,AL_POLLOH
*************
14/04/2024 18:39:44,ross,CUTANEAS,AL_CORVINAH
*************
14/04/2024 18:39:44,ross,CUTANEAS,AL_ATUNH
*************
14/04/2024 18:39:44,ross,CUTANEAS,AL_LANGOSTAH
*************
14/04/2024 18:39:44,ross,CUTANEAS,AL_CAMARONH
*************
14/04/2024 18:39:44,ross,CUTANEAS,AL_LECHEH
*************
14/04/2024 18:39:44,ross,CUTANEAS,AL_HUEVOCIH
*************
14/04/2024 18:39:44,ross,CUTANEAS,AL_YEMAH
*************
14/04/2024 18:39:44,ross,CUTANEAS,AL_TRIGOH
*************
14/04/2024 18:39:44,ross,CUTANEAS,AL_MAIZH
*************
14/04/2024 18:39:44,ross,CUTANEAS,AL_ARROZH
*************
14/04/2024 18:39:44,ross,CUTANEAS,AL_FREJOLH
*************
14/04/2024 18:39:44,ross,CUTANEAS,AL_LENTEJAH
*************
14/04/2024 18:39:44,ross,CUTANEAS,AL_HABAH
*************
14/04/2024 18:39:44,ross,CUTANEAS,AL_TOMATEH
*************
14/04/2024 18:39:44,ross,CUTANEAS,AL_ZANAHORIAH
*************
14/04/2024 18:39:44,ross,CUTANEAS,AL_MANIH
*************
14/04/2024 18:39:44,ross,CUTANEAS,AL_CHOCOLATEH
*************
14/04/2024 18:39:44,ross,CUTANEAS,AL_NARANJAH
*************
14/04/2024 18:39:44,ross,CUTANEAS,AL_PIÑAH
*************
14/04/2024 18:39:44,ross,CUTANEAS,AL_FRUTILLAH
*************
14/04/2024 18:39:44,ross,CUTANEAS,AL_TARTRAZINAH
*************
14/04/2024 18:39:44,ross,CUTANEAS,AL_PARABENOSH
*************
14/04/2024 18:39:44,ross,CUTANEAS,AL_INSECTH
*************
14/04/2024 18:39:44,ross,CUTANEAS,AL_CYNODONH
*************
14/04/2024 18:39:44,ross,CUTANEAS,AL_HOLCUSH
*************
14/04/2024 18:39:44,ross,CUTANEAS,AL_LOLIUMH
*************
14/04/2024 18:39:44,ross,CUTANEAS,AL_FENILARILH
*************
14/04/2024 18:39:44,ross,CUTANEAS,AL_ACACETILH
*************
14/04/2024 18:39:44,ross,CUTANEAS,AL_PIRAZOLONAH
*************
14/04/2024 18:39:44,ross,CUTANEAS,AL_QUINOLONASH
*************
14/04/2024 18:39:44,ross,CUTANEAS,AL_YODOH
*************
14/04/2024 18:41:00,ross,Actualizacon Medico,Medico=NARANJO CRISTINA
*************
14/04/2024 18:43:23,,Ingreso USUARIO,Busca tabla invitado
*************
14/04/2024 18:43:24,ross,Ingreso CONTRASEÑA,Busca tabla invitado
*************
14/04/2024 18:56:43,,Ingreso USUARIO,Busca tabla invitado
*************
14/04/2024 18:56:43,ross,Ingreso CONTRASEÑA,Busca tabla invitado
*************
14/04/2024 18:58:21,ross,Actualiza Test,Test=BETALACTAMICOS a) Penicilinas (Amoxicilina, ampicilina, dicloxacilina, etc)
*************
14/04/2024 18:59:02,ross,Actualiza Test,Test=BETALACTAMICOS b) Cefalosporinas
*************
14/04/2024 18:59:33,ross,Actualiza Test,Test=MACRÓLIDOS (Azitromicina, Claritromicina, eritromicina, etc)
*************
14/04/2024 19:00:18,ross,Actualiza Test,Test=QUINOLONAS (Ciprofloxacino, Levofloxaciono, etc)
*************
14/04/2024 19:00:38,ross,Actualiza Test,Test=TETRACICLINAS (Tetraciclina, doxiciclina, tigeciclina, ect)
*************
14/04/2024 19:01:06,ross,Actualiza Test,Test=SULFAMIDAS (Trimetroprim-sulfametoxazol)
*************
14/04/2024 19:01:36,ross,Actualiza Test,Test=AMINOGLUCÓSIDOS (Amikacina, gentamicina, tobramicina, etc)
*************
14/04/2024 19:02:07,ross,Actualiza Test,Test=LINCOSAMIDAS (Clindamicina, lincomicina, etc)
*************
14/04/2024 19:02:42,ross,Actualiza Test,Test=GLICOPÉPTIDOS (Vancomicina, teicoplanina, etc)
*************
14/04/2024 19:04:36,ross,Nuevo Test en Lista de Precios,Test=1345 0  NORMAL
*************
14/04/2024 19:04:36,ross,Nuevo Test en Lista de Precios,Test=1345 0  URGENCIA
*************
14/04/2024 19:04:36,ross,Nuevo Test en Lista de Precios,Test=1345 0  FYBECA
*************
14/04/2024 19:04:36,ross,Nuevo Test en Lista de Precios,Test=1345 0  JACINTO
*************
14/04/2024 19:04:36,ross,Nuevo Test en Lista de Precios,Test=1345 0  DRA. SAMI MENDOZA
*************
14/04/2024 19:04:36,ross,Nuevo Test en Lista de Precios,Test=1345 0  CEMEDEFA
*************
14/04/2024 19:04:36,ross,Nuevo Test en Lista de Precios,Test=1345 0  MEDES
*************
14/04/2024 19:04:36,ross,Nuevo Test en Lista de Precios,Test=1345 0  RENALVIDA
*************
14/04/2024 19:04:36,ross,Nuevo Test en Lista de Precios,Test=1345 0  MUNDO
*************
14/04/2024 19:04:36,ross,Actualiza Test,Test=NITROFURANOS (Nitrofurantoina)
*************
14/04/2024 19:04:36,ross,INGRESA TEST,TEST=NITROFURANOS (Nitrofurantoina)
*************
14/04/2024 19:05:56,ross,Nuevo Pedido PRE CARGA,NORMAL/32
*************
14/04/2024 19:05:56,ross,GUARDA ENCUESTA,384
*************
14/04/2024 19:08:04,ross,CUTANEAS,AL_CERDOH
*************
14/04/2024 19:08:04,ross,CUTANEAS,AL_POLLOH
*************
14/04/2024 19:08:04,ross,CUTANEAS,AL_CORVINAH
*************
14/04/2024 19:08:04,ross,CUTANEAS,AL_ATUNH
*************
14/04/2024 19:08:04,ross,CUTANEAS,AL_LANGOSTAH
*************
14/04/2024 19:08:04,ross,CUTANEAS,AL_CAMARONH
*************
14/04/2024 19:08:04,ross,CUTANEAS,AL_LECHEH
*************
14/04/2024 19:08:04,ross,CUTANEAS,AL_HUEVOCIH
*************
14/04/2024 19:08:04,ross,CUTANEAS,AL_YEMAH
*************
14/04/2024 19:08:04,ross,CUTANEAS,AL_TRIGOH
*************
14/04/2024 19:08:04,ross,CUTANEAS,AL_MAIZH
*************
14/04/2024 19:08:04,ross,CUTANEAS,AL_ARROZH
*************
14/04/2024 19:08:04,ross,CUTANEAS,AL_FREJOLH
*************
14/04/2024 19:08:04,ross,CUTANEAS,AL_LENTEJAH
*************
14/04/2024 19:08:04,ross,CUTANEAS,AL_HABAH
*************
14/04/2024 19:08:04,ross,CUTANEAS,AL_TOMATEH
*************
14/04/2024 19:08:04,ross,CUTANEAS,AL_ZANAHORIAH
*************
14/04/2024 19:08:04,ross,CUTANEAS,AL_MANIH
*************
14/04/2024 19:08:04,ross,CUTANEAS,AL_CHOCOLATEH
*************
14/04/2024 19:08:04,ross,CUTANEAS,AL_NARANJAH
*************
14/04/2024 19:08:04,ross,CUTANEAS,AL_PIÑAH
*************
14/04/2024 19:08:04,ross,CUTANEAS,AL_FRUTILLAH
*************
14/04/2024 19:08:04,ross,CUTANEAS,AL_TARTRAZINAH
*************
14/04/2024 19:08:04,ross,CUTANEAS,AL_PARABENOSH
*************
14/04/2024 19:08:04,ross,CUTANEAS,AL_HISTAMINAH
*************
14/04/2024 19:08:04,ross,CUTANEAS,AL_CYNODONH
*************
14/04/2024 19:08:04,ross,CUTANEAS,AL_LOLIUMH
*************
14/04/2024 19:08:04,ross,CUTANEAS,AL_AGROSTISH
*************
14/04/2024 19:08:04,ross,CUTANEAS,AL_FENILARILH
*************
14/04/2024 19:08:04,ross,CUTANEAS,AL_ACACETILH
*************
14/04/2024 19:08:04,ross,CUTANEAS,AL_PIRAZOLONAH
*************
14/04/2024 19:08:04,ross,CUTANEAS,AL_OXICANESH
*************
14/04/2024 19:08:04,ross,CUTANEAS,AL_INDOLACETICOSH
*************
14/04/2024 19:08:04,ross,CUTANEAS,AL_COXIBSH
*************
14/04/2024 19:08:04,ross,CUTANEAS,AL_PARAAMINOFENOLH
*************
14/04/2024 19:08:04,ross,CUTANEAS,AL_ACARILH
*************
14/04/2024 19:08:04,ross,CUTANEAS,AL_KETOROLACOH
*************
14/04/2024 19:08:04,ross,CUTANEAS,AL_GLUCOSIDOSH
*************
14/04/2024 19:08:04,ross,CUTANEAS,AL_LINCOSAMIDASH
*************
14/04/2024 19:08:04,ross,CUTANEAS,AL_GLICOPEPTIDOSH
*************
14/04/2024 19:08:04,ross,CUTANEAS,CUT_NITROFURANOSH
*************
14/04/2024 19:08:54,ross,Nuevo Pedido PRE CARGA,NORMAL/33
*************
14/04/2024 19:08:54,ross,GUARDA ENCUESTA,387
*************
14/04/2024 19:16:06,,Ingreso USUARIO,Busca tabla invitado
*************
14/04/2024 19:16:07,ross,Ingreso CONTRASEÑA,Busca tabla invitado
*************
14/04/2024 19:22:42,,Ingreso USUARIO,Busca tabla invitado
*************
14/04/2024 19:22:43,ross,Ingreso CONTRASEÑA,Busca tabla invitado
*************
14/04/2024 19:31:49,,Ingreso USUARIO,Busca tabla invitado
*************
14/04/2024 19:31:49,ross,Ingreso CONTRASEÑA,Busca tabla invitado
*************
14/04/2024 19:34:20,ross,Nuevo Pedido PRE CARGA,NORMAL/34
*************
14/04/2024 19:34:20,ross,GUARDA ENCUESTA,396
*************
14/04/2024 19:41:12,,Ingreso USUARIO,Busca tabla invitado
*************
14/04/2024 19:41:13,ross,Ingreso CONTRASEÑA,Busca tabla invitado
*************
14/04/2024 19:41:35,ross,Nuevo Pedido PRE CARGA,NORMAL/35
*************
14/04/2024 19:41:35,ross,GUARDA ENCUESTA,372
*************
14/04/2024 19:44:35,,Ingreso USUARIO,Busca tabla invitado
*************
14/04/2024 19:44:36,ross,Ingreso CONTRASEÑA,Busca tabla invitado
*************
14/04/2024 19:47:04,,Ingreso USUARIO,Busca tabla invitado
*************
14/04/2024 19:47:05,ross,Ingreso CONTRASEÑA,Busca tabla invitado
*************
14/04/2024 19:53:36,,Ingreso USUARIO,Busca tabla invitado
*************
14/04/2024 19:53:37,ross,Ingreso CONTRASEÑA,Busca tabla invitado
*************
14/04/2024 19:54:03,ross,Nuevo Pedido PRE CARGA,NORMAL/36
*************
14/04/2024 19:54:03,ross,GUARDA ENCUESTA,377
*************
14/04/2024 21:14:04,,Ingreso USUARIO,Busca tabla invitado
*************
14/04/2024 21:14:05,ross,Ingreso CONTRASEÑA,Busca tabla invitado
*************
14/04/2024 21:14:48,ross,CUTANEAS,AL_CERDOH
*************
14/04/2024 21:14:49,ross,CUTANEAS,AL_POLLOH
*************
14/04/2024 21:14:49,ross,CUTANEAS,AL_CORVINAH
*************
14/04/2024 21:14:49,ross,CUTANEAS,AL_ATUNH
*************
14/04/2024 21:14:49,ross,CUTANEAS,AL_LANGOSTAH
*************
14/04/2024 21:14:49,ross,CUTANEAS,AL_CAMARONH
*************
14/04/2024 21:14:49,ross,CUTANEAS,AL_LECHEH
*************
14/04/2024 21:14:50,ross,CUTANEAS,AL_HUEVOCIH
*************
14/04/2024 21:14:50,ross,CUTANEAS,AL_YEMAH
*************
14/04/2024 21:14:50,ross,CUTANEAS,AL_TRIGOH
*************
14/04/2024 21:14:50,ross,CUTANEAS,AL_MAIZH
*************
14/04/2024 21:14:50,ross,CUTANEAS,AL_ARROZH
*************
14/04/2024 21:14:50,ross,CUTANEAS,AL_FREJOLH
*************
14/04/2024 21:14:51,ross,CUTANEAS,AL_LENTEJAH
*************
14/04/2024 21:14:51,ross,CUTANEAS,AL_HABAH
*************
14/04/2024 21:14:51,ross,CUTANEAS,AL_TOMATEH
*************
14/04/2024 21:14:51,ross,CUTANEAS,AL_ZANAHORIAH
*************
14/04/2024 21:14:51,ross,CUTANEAS,AL_MANIH
*************
14/04/2024 21:14:51,ross,CUTANEAS,AL_CHOCOLATEH
*************
14/04/2024 21:14:51,ross,CUTANEAS,AL_NARANJAH
*************
14/04/2024 21:14:52,ross,CUTANEAS,AL_PIÑAH
*************
14/04/2024 21:14:52,ross,CUTANEAS,AL_FRUTILLAH
*************
14/04/2024 21:14:52,ross,CUTANEAS,AL_FENILARILH
*************
14/04/2024 21:14:52,ross,CUTANEAS,AL_ACACETILH
*************
14/04/2024 21:14:53,ross,CUTANEAS,AL_PIRAZOLONAH
*************
14/04/2024 21:14:53,ross,CUTANEAS,AL_OXICANESH
*************
14/04/2024 21:14:53,ross,CUTANEAS,AL_INDOLACETICOSH
*************
14/04/2024 21:14:53,ross,CUTANEAS,AL_COXIBSH
*************
14/04/2024 21:14:53,ross,CUTANEAS,AL_PARAAMINOFENOLH
*************
14/04/2024 21:14:54,ross,CUTANEAS,AL_ACARILH
*************
14/04/2024 21:19:18,,Ingreso USUARIO,Busca tabla invitado
*************
14/04/2024 21:19:19,ross,Ingreso CONTRASEÑA,Busca tabla invitado
*************
14/04/2024 21:33:14,,Ingreso USUARIO,Busca tabla invitado
*************
14/04/2024 21:33:16,ross,Ingreso CONTRASEÑA,Busca tabla invitado
*************
14/04/2024 21:34:32,ross,Operación de Movimiento Inventario,
*************
14/04/2024 21:34:32,ross,Inserción de detalle movimiento inventario,
*************
14/04/2024 21:37:40,,Ingreso USUARIO,Busca tabla invitado
*************
14/04/2024 21:37:41,ross,Ingreso CONTRASEÑA,Busca tabla invitado
*************
14/04/2024 21:49:48,,Ingreso USUARIO,Busca tabla invitado
*************
14/04/2024 21:49:49,ross,Ingreso CONTRASEÑA,Busca tabla invitado
*************
14/04/2024 21:53:38,,Ingreso USUARIO,Busca tabla invitado
*************
14/04/2024 21:53:39,ross,Ingreso CONTRASEÑA,Busca tabla invitado
*************
14/04/2024 21:55:28,,Ingreso USUARIO,Busca tabla invitado
*************
14/04/2024 21:55:29,ross,Ingreso CONTRASEÑA,Busca tabla invitado
*************
14/04/2024 21:57:56,ross,Operación de Movimiento Inventario,
*************
14/04/2024 21:58:24,ross,Inserción de detalle movimiento inventario,
*************
14/04/2024 22:04:45,,Ingreso USUARIO,Busca tabla invitado
*************
14/04/2024 22:04:46,ross,Ingreso CONTRASEÑA,Busca tabla invitado
*************
14/04/2024 22:07:23,,Ingreso USUARIO,Busca tabla invitado
*************
14/04/2024 22:07:24,ross,Ingreso CONTRASEÑA,Busca tabla invitado
*************
14/04/2024 22:09:10,,Ingreso USUARIO,Busca tabla invitado
*************
14/04/2024 22:09:11,ross,Ingreso CONTRASEÑA,Busca tabla invitado
*************
14/04/2024 22:09:58,ross,Operación de Movimiento Inventario,
*************
14/04/2024 22:09:58,ross,Inserción de detalle movimiento inventario,
*************
14/04/2024 22:11:15,,Ingreso USUARIO,Busca tabla invitado
*************
14/04/2024 22:11:15,ross,Ingreso CONTRASEÑA,Busca tabla invitado
*************
14/04/2024 22:15:50,ross,Operación de Movimiento Inventario,
*************
14/04/2024 22:15:50,ross,Inserción de detalle movimiento inventario,
*************
14/04/2024 22:18:31,,Ingreso USUARIO,Busca tabla invitado
*************
14/04/2024 22:18:32,ross,Ingreso CONTRASEÑA,Busca tabla invitado
*************
14/04/2024 22:18:57,ross,Operación de Movimiento Inventario,
*************
14/04/2024 22:18:57,ross,Inserción de detalle movimiento inventario,
*************
15/04/2024 10:10:46,,Ingreso USUARIO,Busca tabla invitado
*************
15/04/2024 10:10:47,ross,Ingreso CONTRASEÑA,Busca tabla invitado
*************
15/04/2024 10:16:16,,Ingreso USUARIO,Busca tabla invitado
*************
15/04/2024 10:16:17,ross,Ingreso CONTRASEÑA,Busca tabla invitado
*************
15/04/2024 20:14:52,,Ingreso USUARIO,Busca tabla invitado
*************
15/04/2024 20:14:53,ross,Ingreso CONTRASEÑA,Busca tabla invitado
*************
16/04/2024 21:01:06,,Ingreso USUARIO,Busca tabla invitado
*************
16/04/2024 21:01:07,ross,Ingreso CONTRASEÑA,Busca tabla invitado
*************
16/04/2024 21:01:37,ross,Nuevo Pedido PRE CARGA,NORMAL/37
*************
16/04/2024 21:01:37,ross,GUARDA ENCUESTA,3671
*************
16/04/2024 21:02:57,ross,Nuevo Pedido PRE CARGA,NORMAL/38
*************
16/04/2024 21:02:58,ross,GUARDA ENCUESTA,3702
*************
16/04/2024 21:20:57,,Ingreso USUARIO,Busca tabla invitado
*************
16/04/2024 21:20:58,ross,Ingreso CONTRASEÑA,Busca tabla invitado
*************
16/04/2024 21:21:18,ross,Nuevo Pedido PRE CARGA,NORMAL/39
*************
16/04/2024 21:21:18,ross,GUARDA ENCUESTA,518
*************
16/04/2024 21:24:08,,Ingreso USUARIO,Busca tabla invitado
*************
16/04/2024 21:24:09,ross,Ingreso CONTRASEÑA,Busca tabla invitado
*************
16/04/2024 21:28:52,,Ingreso USUARIO,Busca tabla invitado
*************
16/04/2024 21:28:52,ross,Ingreso CONTRASEÑA,Busca tabla invitado
*************
17/04/2024 14:45:48,,Ingreso USUARIO,Busca tabla invitado
*************
17/04/2024 14:45:49,ross,Ingreso CONTRASEÑA,Busca tabla invitado
*************
17/04/2024 14:49:17,ross,Generar Paciente,Paciente=LOPEZ MARCILLO JUANPEDRO
*************
17/04/2024 14:50:26,ross,01 GENERAR ORDEN  NORMAL EXAMENES: 400524,400191,400836,400197,400101,,PEDIDO=40
*************
17/04/2024 14:51:46,ross,1 ANULA ORDEN,PEDIDO=40BIOMETRIA HEMATICA ºDHEASºCK-MB ºCREATIN FOSFOCINASA ºTROPONINA Iº MOTIVO: PACIENTE NO VINO
*************
17/04/2024 14:54:30,ross,01 GENERAR ORDEN  NORMAL EXAMENES: 400149,400150,400476,400151,400295,,PEDIDO=41
*************
17/04/2024 14:56:09,ross,Actualiza FACTURA,FACTURA=20
*************
17/04/2024 14:56:10,ross,Ingresa FACTURA,FACTURA=20
*************
17/04/2024 14:56:13,ross,Insertar abono,Factura=20 Abono= 10
*************
17/04/2024 14:56:13,ross,Actualiza FACTURA,FACTURA=20/10
*************
17/04/2024 14:56:16,ross,Registra Tx Factura,Factura=20
*************
17/04/2024 14:56:45,ross,03 IMPRIMIR PEDIDO,PEDIDO=41
*************
17/04/2024 14:57:58,ross,IMPRIMIR CONTRAORDEN,
*************
17/04/2024 14:58:10,ross,IMPRIMIR LISTA TRABAJO,
*************
17/04/2024 15:02:02,ross,GUARDA NOTA AREA,AREA EXAMEN =11/VALORES CONFIRMADOS
*************
17/04/2024 15:02:05,ross,GUARDA RESULTADOS,COLH=198.2
*************
17/04/2024 15:02:05,ross,GUARDA RESULTADOS,AHDLH=56
*************
17/04/2024 15:02:05,ross,GUARDA RESULTADOS,LDLH=135.24
*************
17/04/2024 15:02:05,ross,GUARDA RESULTADOS,TGLH=34.8
*************
17/04/2024 15:03:44,ross,GUARDA RESULTADOS,COLH=198.2
*************
17/04/2024 15:03:44,ross,GUARDA RESULTADOS,AHDLH=56
*************
17/04/2024 15:03:44,ross,GUARDA RESULTADOS,LDLH=135.24
*************
17/04/2024 15:03:44,ross,GUARDA RESULTADOS,TGLH=34.8
*************
17/04/2024 15:03:49,ross,VALIDACION RESULTADO,PEDIDO=41/400149
*************
17/04/2024 15:03:49,ross,VALIDACION RESULTADO,PEDIDO=41/400150
*************
17/04/2024 15:03:49,ross,VALIDACION RESULTADO,PEDIDO=41/400151
*************
17/04/2024 15:03:49,ross,VALIDACION RESULTADO,PEDIDO=41/400476
*************
17/04/2024 15:03:50,ross,Eliminar resultado AUX_HIS,
*************
17/04/2024 15:04:10,ross,IMPRIME POR AREA,PEDIDO=41
*************
17/04/2024 15:06:46,ross,IMPRIME POR EMAMEN,PEDIDO=41
*************
17/04/2024 15:07:17,ross,IMPRIME EMCABEZADO HOJA,PEDIDO=41
*************
17/04/2024 15:07:34,ross,IMPRIME SOBRE,PEDIDO=41
*************
17/04/2024 15:19:56,ross,01 GENERAR ORDEN  NORMAL EXAMENES: 400151,,PEDIDO=42
*************
17/04/2024 15:25:15,ross,Guardar Bonificacion,Bonificacion=BONO 10 10
*************
17/04/2024 15:25:26,ross,Guardar Bonificacion,Bonificacion=BONO 5 5
*************
17/04/2024 15:25:37,ross,Guardar Bonificacion,Bonificacion=BONO 15 15
*************
17/04/2024 15:26:11,ross,Actualizacon Medico,Medico=MUÑOZ PEDRO
*************
17/04/2024 15:26:41,ross,Actualiza FACTURA,FACTURA=21
*************
17/04/2024 15:26:41,ross,Ingresa FACTURA,FACTURA=21
*************
17/04/2024 15:26:42,ross,Insertar abono,Factura=21 Abono= 2
*************
17/04/2024 15:26:42,ross,Actualiza FACTURA,FACTURA=21/2
*************
17/04/2024 15:29:36,ross,01 GENERAR ORDEN  DRA. SAMI MENDOZA EXAMENES: 400524,400191,400836,400197,,PEDIDO=43
*************
17/04/2024 15:29:42,ross,Actualiza FACTURA,FACTURA=22
*************
17/04/2024 15:29:42,ross,Ingresa FACTURA,FACTURA=22
*************
17/04/2024 15:29:43,ross,Insertar abono,Factura=22 Abono= 84.2
*************
17/04/2024 15:29:43,ross,Actualiza FACTURA,FACTURA=22/84.2
*************
17/04/2024 15:38:06,ross,Actualizar Rango Unico,Test=400149 Rango=0-200
*************
17/04/2024 15:38:42,ross,Actualizar Rango Unico,Test=400151 Rango=0-150
*************
17/04/2024 15:39:16,ross,Actualizar Rango Unico,Test=11 Rango=5.5-12
*************
17/04/2024 15:39:59,ross,Eliina Rango Multiple,Teq_id=2073
*************
17/04/2024 15:45:36,ross,Ingreso o Actualizacion Permisos de Usuario,
*************
17/04/2024 15:45:36,ross,Ingreso o Actualizacion Permisos de Usuario,
*************
17/04/2024 15:45:36,ross,Ingreso o Actualizacion Permisos de Usuario,
*************
17/04/2024 15:45:36,ross,Ingreso o Actualizacion Permisos de Usuario,
*************
17/04/2024 15:45:36,ross,Ingreso o Actualizacion Permisos de Usuario,
*************
17/04/2024 15:45:36,ross,Ingreso o Actualizacion Permisos de Usuario,
*************
17/04/2024 15:45:36,ross,Ingreso o Actualizacion Permisos de Usuario,
*************
17/04/2024 15:45:36,ross,Ingreso o Actualizacion Permisos de Usuario,
*************
17/04/2024 15:45:36,ross,Ingreso o Actualizacion Permisos de Usuario,
*************
17/04/2024 15:45:36,ross,Ingreso o Actualizacion Permisos de Usuario,
*************
17/04/2024 15:45:36,ross,Ingreso o Actualizacion Permisos de Usuario,
*************
17/04/2024 15:45:36,ross,Ingreso o Actualizacion Permisos de Usuario,
*************
17/04/2024 15:45:36,ross,Ingreso o Actualizacion Permisos de Usuario,
*************
17/04/2024 15:45:36,ross,Ingreso o Actualizacion Permisos de Usuario,
*************
17/04/2024 15:45:36,ross,Ingreso o Actualizacion Permisos de Usuario,
*************
17/04/2024 15:45:36,ross,Ingreso o Actualizacion Permisos de Usuario,
*************
17/04/2024 15:45:36,ross,Ingreso o Actualizacion Permisos de Usuario,
*************
17/04/2024 15:45:36,ross,Ingreso o Actualizacion Permisos de Usuario,
*************
17/04/2024 15:45:36,ross,Ingreso o Actualizacion Permisos de Usuario,
*************
17/04/2024 15:45:36,ross,Ingreso o Actualizacion Permisos de Usuario,
*************
17/04/2024 15:45:36,ross,Ingreso o Actualizacion Permisos de Usuario,
*************
17/04/2024 15:45:36,ross,Ingreso o Actualizacion Permisos de Usuario,
*************
17/04/2024 15:45:36,ross,Ingreso o Actualizacion Permisos de Usuario,
*************
17/04/2024 15:45:36,ross,Ingreso o Actualizacion Permisos de Usuario,
*************
17/04/2024 15:45:36,ross,Ingreso o Actualizacion Permisos de Usuario,
*************
17/04/2024 15:45:36,ross,Ingreso o Actualizacion Permisos de Usuario,
*************
17/04/2024 15:45:36,ross,Ingreso o Actualizacion Permisos de Usuario,
*************
17/04/2024 15:45:36,ross,Ingreso o Actualizacion Permisos de Usuario,
*************
17/04/2024 15:45:36,ross,Ingreso o Actualizacion Permisos de Usuario,
*************
17/04/2024 15:45:36,ross,Ingreso o Actualizacion Permisos de Usuario,
*************
17/04/2024 15:45:36,ross,Ingreso o Actualizacion Permisos de Usuario,
*************
17/04/2024 15:45:36,ross,Ingreso o Actualizacion Permisos de Usuario,
*************
17/04/2024 15:45:36,ross,Ingreso o Actualizacion Permisos de Usuario,
*************
17/04/2024 15:45:36,ross,Ingreso o Actualizacion Permisos de Usuario,
*************
17/04/2024 15:45:36,ross,Ingreso o Actualizacion Permisos de Usuario,
*************
17/04/2024 15:45:36,ross,Ingreso o Actualizacion Permisos de Usuario,
*************
17/04/2024 15:45:36,ross,Ingreso o Actualizacion Permisos de Usuario,
*************
17/04/2024 15:45:36,ross,Ingreso o Actualizacion Permisos de Usuario,
*************
17/04/2024 15:45:36,ross,Ingreso o Actualizacion Permisos de Usuario,
*************
17/04/2024 15:45:36,ross,Ingreso o Actualizacion Permisos de Usuario,
*************
17/04/2024 15:45:36,ross,Ingreso o Actualizacion Permisos de Usuario,
*************
17/04/2024 15:45:36,ross,Ingreso o Actualizacion Permisos de Usuario,
*************
17/04/2024 15:45:51,,Ingreso USUARIO,Busca tabla invitado
*************
17/04/2024 15:45:56,12345,Ingreso CONTRASEÑA,Busca tabla invitado
*************
19/04/2024 15:50:40,,Ingreso USUARIO,Busca tabla invitado
*************
19/04/2024 15:50:41,ross,Ingreso CONTRASEÑA,Busca tabla invitado
*************
19/04/2024 15:53:16,,Ingreso USUARIO,Busca tabla invitado
*************
19/04/2024 15:53:17,ross,Ingreso CONTRASEÑA,Busca tabla invitado
*************
19/04/2024 16:13:47,ross,01 GENERAR ORDEN  NORMAL EXAMENES: 400149,400150,400476,400151,400295,400101,,PEDIDO=1
*************
20/04/2024 9:38:16,,Ingreso USUARIO,Busca tabla invitado
*************
20/04/2024 9:38:17,ross,Ingreso CONTRASEÑA,Busca tabla invitado
*************
20/04/2024 9:41:50,,Ingreso USUARIO,Busca tabla invitado
*************
20/04/2024 9:41:52,ross,Ingreso CONTRASEÑA,Busca tabla invitado
*************
20/04/2024 9:44:27,,Ingreso USUARIO,Busca tabla invitado
*************
20/04/2024 9:44:28,ross,Ingreso CONTRASEÑA,Busca tabla invitado
*************
20/04/2024 11:24:56,,Ingreso USUARIO,Busca tabla invitado
*************
20/04/2024 11:24:56,ross,Ingreso CONTRASEÑA,Busca tabla invitado
*************
20/04/2024 11:29:01,,Ingreso USUARIO,Busca tabla invitado
*************
20/04/2024 11:29:02,ross,Ingreso CONTRASEÑA,Busca tabla invitado
*************
20/04/2024 11:34:41,,Ingreso USUARIO,Busca tabla invitado
*************
20/04/2024 11:34:44,ross,Ingreso CONTRASEÑA,Busca tabla invitado
*************
20/04/2024 11:40:32,,Ingreso USUARIO,Busca tabla invitado
*************
20/04/2024 11:40:32,ross,Ingreso CONTRASEÑA,Busca tabla invitado
*************
20/04/2024 11:42:43,ross,Actualizacon Medico,Medico=GABRIELA MORALES
*************
20/04/2024 11:43:54,,Ingreso USUARIO,Busca tabla invitado
*************
20/04/2024 11:43:55,ross,Ingreso CONTRASEÑA,Busca tabla invitado
*************
20/04/2024 11:46:17,,Ingreso USUARIO,Busca tabla invitado
*************
20/04/2024 11:46:18,ross,Ingreso CONTRASEÑA,Busca tabla invitado
*************
20/04/2024 11:49:15,,Ingreso USUARIO,Busca tabla invitado
*************
20/04/2024 11:49:17,ross,Ingreso CONTRASEÑA,Busca tabla invitado
*************
20/04/2024 11:52:21,,Ingreso USUARIO,Busca tabla invitado
*************
20/04/2024 11:52:22,ross,Ingreso CONTRASEÑA,Busca tabla invitado
*************
20/04/2024 11:52:48,ross,Nuevo Pedido PRE CARGA,NORMAL/13
*************
20/04/2024 11:52:48,ross,GUARDA ENCUESTA,80
*************
20/04/2024 11:59:32,,Ingreso USUARIO,Busca tabla invitado
*************
20/04/2024 11:59:33,ross,Ingreso CONTRASEÑA,Busca tabla invitado
*************
20/04/2024 12:03:27,,Ingreso USUARIO,Busca tabla invitado
*************
20/04/2024 12:03:28,ross,Ingreso CONTRASEÑA,Busca tabla invitado
*************
20/04/2024 12:13:04,,Ingreso USUARIO,Busca tabla invitado
*************
20/04/2024 12:13:05,ross,Ingreso CONTRASEÑA,Busca tabla invitado
*************
20/04/2024 12:14:37,,Ingreso USUARIO,Busca tabla invitado
*************
20/04/2024 12:14:38,ross,Ingreso CONTRASEÑA,Busca tabla invitado
*************
20/04/2024 12:22:14,,Ingreso USUARIO,Busca tabla invitado
*************
20/04/2024 12:22:16,,Ingreso CONTRASEÑA FALLIDO,
*************
20/04/2024 12:22:16,,Ingreso CONTRASEÑA,Busca tabla invitado
*************
20/04/2024 12:22:17,ross,Ingreso CONTRASEÑA,Busca tabla invitado
*************
20/04/2024 12:26:38,,Ingreso USUARIO,Busca tabla invitado
*************
20/04/2024 12:26:39,ross,Ingreso CONTRASEÑA,Busca tabla invitado
*************
20/04/2024 15:06:05,,Ingreso USUARIO,Busca tabla invitado
*************
20/04/2024 15:06:06,ross,Ingreso CONTRASEÑA,Busca tabla invitado
*************
20/04/2024 15:11:51,,Ingreso USUARIO,Busca tabla invitado
*************
20/04/2024 15:11:52,ross,Ingreso CONTRASEÑA,Busca tabla invitado
*************
20/04/2024 15:16:48,,Ingreso USUARIO,Busca tabla invitado
*************
20/04/2024 15:16:49,ross,Ingreso CONTRASEÑA,Busca tabla invitado
*************
20/04/2024 15:20:02,,Ingreso USUARIO,Busca tabla invitado
*************
20/04/2024 15:20:03,ross,Ingreso CONTRASEÑA,Busca tabla invitado
*************
20/04/2024 15:25:56,,Ingreso USUARIO,Busca tabla invitado
*************
20/04/2024 15:25:57,ross,Ingreso CONTRASEÑA,Busca tabla invitado
*************
20/04/2024 15:29:19,,Ingreso USUARIO,Busca tabla invitado
*************
20/04/2024 15:29:20,ross,Ingreso CONTRASEÑA,Busca tabla invitado
*************
20/04/2024 17:24:35,,Ingreso USUARIO,Busca tabla invitado
*************
20/04/2024 17:24:36,ross,Ingreso CONTRASEÑA,Busca tabla invitado
*************
20/04/2024 17:25:17,ross,Actualizacon Medico,Medico=ACOSTA JOSUE
*************
20/04/2024 17:31:31,,Ingreso USUARIO,Busca tabla invitado
*************
20/04/2024 17:31:32,ross,Ingreso CONTRASEÑA,Busca tabla invitado
*************
20/04/2024 17:45:32,,Ingreso USUARIO,Busca tabla invitado
*************
20/04/2024 17:45:33,ross,Ingreso CONTRASEÑA,Busca tabla invitado
*************
20/04/2024 17:46:30,,Ingreso USUARIO,Busca tabla invitado
*************
20/04/2024 17:46:30,ross,Ingreso CONTRASEÑA,Busca tabla invitado
*************
20/04/2024 17:49:42,,Ingreso USUARIO,Busca tabla invitado
*************
20/04/2024 17:49:43,ross,Ingreso CONTRASEÑA,Busca tabla invitado
*************
22/04/2024 9:51:19,,Ingreso USUARIO,Busca tabla invitado
*************
22/04/2024 9:51:19,ross,Ingreso CONTRASEÑA,Busca tabla invitado
*************
22/04/2024 9:53:07,ross,Actualizar Producto,
*************
23/04/2024 8:12:16,,Ingreso USUARIO,Busca tabla invitado
*************
23/04/2024 8:12:17,ross,Ingreso CONTRASEÑA,Busca tabla invitado
*************
23/04/2024 8:21:31,,Ingreso USUARIO,Busca tabla invitado
*************
23/04/2024 8:21:32,ross,Ingreso CONTRASEÑA,Busca tabla invitado
*************
23/04/2024 8:24:06,,Ingreso USUARIO,Busca tabla invitado
*************
23/04/2024 8:24:08,,Ingreso CONTRASEÑA FALLIDO,
*************
23/04/2024 8:24:08,,Ingreso CONTRASEÑA,Busca tabla invitado
*************
23/04/2024 8:24:09,ross,Ingreso CONTRASEÑA,Busca tabla invitado
*************
23/04/2024 8:24:53,,Ingreso USUARIO,Busca tabla invitado
*************
23/04/2024 8:24:54,ross,Ingreso CONTRASEÑA,Busca tabla invitado
*************
23/04/2024 8:25:29,ross,Nuevo Pedido PRE CARGA,NORMAL/18
*************
23/04/2024 8:25:29,ross,GUARDA ENCUESTA,276
*************
23/04/2024 8:28:31,ross,Actualizar Producto,
*************
23/04/2024 8:33:57,ross,Operación de Movimiento Inventario,
*************
23/04/2024 8:33:57,ross,Inserción de detalle movimiento inventario,
*************
23/04/2024 8:33:57,ross,Inserción de detalle movimiento inventario,
*************
23/04/2024 8:34:35,ross,Operación de Movimiento Inventario,
*************
23/04/2024 8:34:35,ross,Inserción de detalle movimiento inventario,
*************
23/04/2024 8:34:46,ross,Operación de Movimiento Inventario,
*************
23/04/2024 8:34:46,ross,Inserción de detalle movimiento inventario,
*************
23/04/2024 8:41:27,ross,Nuevo Pedido PRE CARGA,NORMAL/19
*************
23/04/2024 9:41:05,,Ingreso USUARIO,Busca tabla invitado
*************
23/04/2024 9:41:05,ross,Ingreso CONTRASEÑA,Busca tabla invitado
*************
23/04/2024 10:40:55,,Ingreso USUARIO,Busca tabla invitado
*************
23/04/2024 10:40:55,ross,Ingreso CONTRASEÑA,Busca tabla invitado
*************
23/04/2024 12:21:14,,Ingreso USUARIO,Busca tabla invitado
*************
23/04/2024 12:21:15,ross,Ingreso CONTRASEÑA,Busca tabla invitado
*************
23/04/2024 12:23:52,ross,Generar Paciente,Paciente=LOPEZ GARRIDO JUAN CARLOS
*************
23/04/2024 12:25:15,ross,01 GENERAR ORDEN  NORMAL EXAMENES: 400101,400149,400150,400476,400151,400295,400230,,PEDIDO=23
*************
23/04/2024 12:25:55,ross,1 MODIFICA ORDEN NORMAL EXAMENES: 400295,,PEDIDO=23
*************
23/04/2024 12:26:16,ross,Actualiza FACTURA,FACTURA=23
*************
23/04/2024 12:26:16,ross,Ingresa FACTURA,FACTURA=23
*************
23/04/2024 12:26:16,ross,Insertar abono,Factura=23 Abono= 10
*************
23/04/2024 12:26:16,ross,Actualiza FACTURA,FACTURA=23/10
*************
23/04/2024 12:26:32,ross,Insertar abono,Factura=23 Abono= 13.5
*************
23/04/2024 12:26:32,ross,Actualiza FACTURA,FACTURA=23/13.5
*************
23/04/2024 12:26:35,ross,Inserta usuario web,Paciente=120 LJUAN
*************
23/04/2024 12:26:35,ross,Registra Tx Factura,Factura=23
*************
23/04/2024 12:26:43,ross,Registra Tx Factura,Factura=23
*************
23/04/2024 12:29:40,ross,IMPRIMIR CONTRAORDEN,
*************
23/04/2024 12:30:08,ross,IMPRIMIR LISTA TRABAJO,
*************
23/04/2024 12:30:21,ross,IMPRIMIR HOJA TRABAJO,
*************
23/04/2024 12:32:12,ross,GUARDA RESULTADOS,WBCH=2
*************
23/04/2024 12:32:12,ross,GUARDA RESULTADOS,NEUH=2
*************
23/04/2024 12:32:12,ross,GUARDA RESULTADOS,LYMH=2
*************
23/04/2024 12:32:12,ross,GUARDA RESULTADOS,MONH2=2
*************
23/04/2024 12:32:12,ross,GUARDA RESULTADOS,EOSH=2
*************
23/04/2024 12:32:12,ross,GUARDA RESULTADOS,BASOH=2
*************
23/04/2024 12:32:12,ross,GUARDA RESULTADOS,NEU%25H=2
*************
23/04/2024 12:32:12,ross,GUARDA RESULTADOS,LYM%25H=2
*************
23/04/2024 12:32:12,ross,GUARDA RESULTADOS,MON%25H=2
*************
23/04/2024 12:32:12,ross,GUARDA RESULTADOS,EOS%25H=2
*************
23/04/2024 12:32:12,ross,GUARDA RESULTADOS,BASO%25H=2
*************
23/04/2024 12:32:12,ross,GUARDA RESULTADOS,RBCH=2
*************
23/04/2024 12:32:12,ross,GUARDA RESULTADOS,HCTH=2
*************
23/04/2024 12:32:12,ross,GUARDA RESULTADOS,HGBH=2
*************
23/04/2024 12:32:12,ross,GUARDA RESULTADOS,MCVH=2
*************
23/04/2024 12:32:12,ross,GUARDA RESULTADOS,MCHH=2
*************
23/04/2024 12:32:12,ross,GUARDA RESULTADOS,MCHCH=2
*************
23/04/2024 12:32:12,ross,GUARDA RESULTADOS,RDW-CVH=2
*************
23/04/2024 12:32:12,ross,GUARDA RESULTADOS,RDW-SDH=2
*************
23/04/2024 12:32:12,ross,GUARDA RESULTADOS,PLTH=
*************
23/04/2024 12:32:12,ross,GUARDA RESULTADOS,MPVH=2
*************
23/04/2024 12:32:12,ross,GUARDA RESULTADOS,PDWH=2
*************
23/04/2024 12:32:12,ross,GUARDA RESULTADOS,PCTH=2
*************
23/04/2024 12:32:12,ross,GUARDA RESULTADOS,P-LCRH=2
*************
23/04/2024 12:32:12,ross,GUARDA RESULTADOS,P-LCCH=2
*************
23/04/2024 12:32:41,ross,GUARDA RESULTADOS,ANAQUI1=- EXAMEN FÍSICO -
*************
23/04/2024 12:32:41,ross,GUARDA RESULTADOS,COLOH=ROJO
*************
23/04/2024 12:32:41,ross,GUARDA RESULTADOS,ASPOH=TURBIO
*************
23/04/2024 12:32:41,ross,GUARDA RESULTADOS,EMOQUI=-EXAMEN QUIMICO-
*************
23/04/2024 12:32:41,ross,GUARDA RESULTADOS,DENO=1.015
*************
23/04/2024 12:32:41,ross,GUARDA RESULTADOS,PHO=5
*************
23/04/2024 12:32:41,ross,GUARDA RESULTADOS,LEUOH=NEGATIVO
*************
23/04/2024 12:32:42,ross,GUARDA RESULTADOS,ELEUCOH=
*************
23/04/2024 12:32:42,ross,GUARDA RESULTADOS,ASCOH=
*************
23/04/2024 12:32:42,ross,GUARDA RESULTADOS,NITO=NEGATIVO
*************
23/04/2024 12:32:42,ross,GUARDA RESULTADOS,PROTOH=NEGATIVO
*************
23/04/2024 12:32:42,ross,GUARDA RESULTADOS,GLUOH=NEGATIVO
*************
23/04/2024 12:32:42,ross,GUARDA RESULTADOS,CCETOH=NEGATIVO
*************
23/04/2024 12:32:42,ross,GUARDA RESULTADOS,UROOH=NEGATIVO
*************
23/04/2024 12:32:42,ross,GUARDA RESULTADOS,BILO=NEGATIVO
*************
23/04/2024 12:32:42,ross,GUARDA RESULTADOS,SANOH=NEGATIVO
*************
23/04/2024 12:32:42,ross,GUARDA RESULTADOS,HGBOH=
*************
23/04/2024 12:32:42,ross,GUARDA RESULTADOS,ANAMIC1=- EXAMEN MICROSCÓPICO -
*************
23/04/2024 12:32:42,ross,GUARDA RESULTADOS,CELPOH=
*************
23/04/2024 12:32:42,ross,GUARDA RESULTADOS,CELEPH=1-2
*************
23/04/2024 12:32:42,ross,GUARDA RESULTADOS,CELCAOH=++
*************
23/04/2024 12:32:42,ross,GUARDA RESULTADOS,LEUC_EMO1H=+++
*************
23/04/2024 12:32:42,ross,GUARDA RESULTADOS,PIOO=
*************
23/04/2024 12:32:42,ross,GUARDA RESULTADOS,HEMOH=8-10
*************
23/04/2024 12:32:42,ross,GUARDA RESULTADOS,BACOH=
*************
23/04/2024 12:32:42,ross,GUARDA RESULTADOS,MOCOH=
*************
23/04/2024 12:32:42,ross,GUARDA RESULTADOS,LEVA_ORINA=
*************
23/04/2024 12:32:42,ross,GUARDA RESULTADOS,URO=
*************
23/04/2024 12:32:42,ross,GUARDA RESULTADOS,FOO=
*************
23/04/2024 12:32:42,ross,GUARDA RESULTADOS,OXAO=
*************
23/04/2024 12:32:42,ross,GUARDA RESULTADOS,CRIO=
*************
23/04/2024 12:32:42,ross,GUARDA RESULTADOS,CILO=
*************
23/04/2024 12:32:42,ross,GUARDA RESULTADOS,CIGO=
*************
23/04/2024 12:32:42,ross,GUARDA RESULTADOS,CILCE=
*************
23/04/2024 12:32:42,ross,GUARDA RESULTADOS,ESP=
*************
23/04/2024 12:32:42,ross,GUARDA RESULTADOS,OTROSO=
*************
23/04/2024 12:33:39,ross,GUARDA NOTA AREA,AREA EXAMEN =10/OBSERVACIONES; Valores confirmados
*************
23/04/2024 12:33:52,ross,GUARDA NOTA AREA,AREA EXAMEN =11/SUERO LIPEMICO
*************
23/04/2024 12:34:20,ross,GUARDA RESULTADOS,BHH=MEMO
*************
23/04/2024 12:34:20,ross,GUARDA RESULTADOS,COLH=189
*************
23/04/2024 12:34:20,ross,GUARDA RESULTADOS,AHDLH=78
*************
23/04/2024 12:34:20,ross,GUARDA RESULTADOS,LDLH=98
*************
23/04/2024 12:34:20,ross,GUARDA RESULTADOS,TGLH=65
*************
23/04/2024 12:34:20,ross,GUARDA RESULTADOS,ASTH=23
*************
23/04/2024 12:34:20,ross,GUARDA RESULTADOS,ALTH=34
*************
23/04/2024 12:34:20,ross,GUARDA RESULTADOS,EMOH=MEMO
*************
23/04/2024 12:34:28,ross,VALIDACION RESULTADO,PEDIDO=23/400101
*************
23/04/2024 12:34:28,ross,VALIDACION RESULTADO,PEDIDO=23/400149
*************
23/04/2024 12:34:28,ross,VALIDACION RESULTADO,PEDIDO=23/400150
*************
23/04/2024 12:34:28,ross,VALIDACION RESULTADO,PEDIDO=23/400151
*************
23/04/2024 12:34:28,ross,VALIDACION RESULTADO,PEDIDO=23/400185
*************
23/04/2024 12:34:28,ross,VALIDACION RESULTADO,PEDIDO=23/400186
*************
23/04/2024 12:34:28,ross,VALIDACION RESULTADO,PEDIDO=23/400230
*************
23/04/2024 12:34:28,ross,VALIDACION RESULTADO,PEDIDO=23/400476
*************
23/04/2024 12:34:29,ross,Eliminar resultado AUX_HIS,
*************
23/04/2024 12:34:49,ross,IMPRIME POR AREA,PEDIDO=23
*************
23/04/2024 13:00:00,ross,01 GENERAR ORDEN  NORMAL EXAMENES: 400819,,PEDIDO=24
*************
23/04/2024 13:00:47,ross,01 GENERAR ORDEN  NORMAL EXAMENES: 400819,,PEDIDO=25
*************
23/04/2024 13:02:36,ross,GUARDA RESULTADOS,MUECULORI=ORINA
*************
23/04/2024 13:02:36,ross,GUARDA RESULTADOS,GERAISORI=Eschericha Coli
*************
23/04/2024 13:02:36,ross,GUARDA RESULTADOS,CONCOLORI=100.000
*************
23/04/2024 13:02:36,ross,GUARDA RESULTADOS,OBSCULORI=NA
*************
23/04/2024 13:02:36,ross,GUARDA RESULTADOS,ANTI=-ANTIBIOGRAMA-
*************
23/04/2024 13:02:36,ross,GUARDA RESULTADOS,TINGRAMH=
*************
23/04/2024 13:02:36,ross,GUARDA ANTIBIOGRANA,AMIKACINA=Sensible
*************
23/04/2024 13:02:36,ross,GUARDA ANTIBIOGRANA,GENTAMICINA=Sensible
*************
23/04/2024 13:02:36,ross,GUARDA ANTIBIOGRANA,AMOX. + AC. CLAVULANICO=Sensible
*************
23/04/2024 13:02:36,ross,GUARDA ANTIBIOGRANA,PENICILINA=Resistente
*************
23/04/2024 13:02:36,ross,GUARDA ANTIBIOGRANA,CEFTAZIDIMA=Intermedio
*************
23/04/2024 13:02:42,ross,GUARDA RESULTADOS,C_ORINAH=MEMO
*************
23/04/2024 13:02:43,ross,VALIDACION RESULTADO,PEDIDO=25/400819
*************
23/04/2024 13:02:43,ross,Eliminar resultado AUX_HIS,
*************
23/04/2024 13:02:53,ross,IMPRIME POR AREA,PEDIDO=25
*************
24/04/2024 19:19:40,,Ingreso USUARIO,Busca tabla invitado
*************
24/04/2024 19:19:41,ross,Ingreso CONTRASEÑA,Busca tabla invitado
*************
24/04/2024 19:20:10,ross,01 GENERAR ORDEN  NORMAL EXAMENES: 400101,400149,400150,400476,400151,400295,,PEDIDO=26
*************
24/04/2024 19:20:43,ross,GUARDA RESULTADOS,WBCH=1
*************
24/04/2024 19:20:43,ross,GUARDA RESULTADOS,NEUH=2
*************
24/04/2024 19:20:43,ross,GUARDA RESULTADOS,LYMH=3
*************
24/04/2024 19:20:43,ross,GUARDA RESULTADOS,MONH=4
*************
24/04/2024 19:20:43,ross,GUARDA RESULTADOS,EOSH=5
*************
24/04/2024 19:20:43,ross,GUARDA RESULTADOS,BASOH=6
*************
24/04/2024 19:20:43,ross,GUARDA RESULTADOS,NEU%25H=7
*************
24/04/2024 19:20:43,ross,GUARDA RESULTADOS,LYM%25H=8
*************
24/04/2024 19:20:43,ross,GUARDA RESULTADOS,MON%25H=9
*************
24/04/2024 19:20:43,ross,GUARDA RESULTADOS,EOS%25H=0
*************
24/04/2024 19:20:43,ross,GUARDA RESULTADOS,BASO%25H=1
*************
24/04/2024 19:20:43,ross,GUARDA RESULTADOS,RBCH=2
*************
24/04/2024 19:20:43,ross,GUARDA RESULTADOS,HCTH=3
*************
24/04/2024 19:20:43,ross,GUARDA RESULTADOS,HGBH=4
*************
24/04/2024 19:20:43,ross,GUARDA RESULTADOS,MCVH=5
*************
24/04/2024 19:20:43,ross,GUARDA RESULTADOS,MCHH=6
*************
24/04/2024 19:20:43,ross,GUARDA RESULTADOS,MCHCH=7
*************
24/04/2024 19:20:43,ross,GUARDA RESULTADOS,RDW-CVH=8
*************
24/04/2024 19:20:43,ross,GUARDA RESULTADOS,RDW-SDH=9
*************
24/04/2024 19:20:43,ross,GUARDA RESULTADOS,PLTH=0
*************
24/04/2024 19:20:43,ross,GUARDA RESULTADOS,MPVH=1
*************
24/04/2024 19:20:43,ross,GUARDA RESULTADOS,PDWH=2
*************
24/04/2024 19:20:43,ross,GUARDA RESULTADOS,PCTH=3
*************
24/04/2024 19:20:43,ross,GUARDA RESULTADOS,P-LCRH=4
*************
24/04/2024 19:20:43,ross,GUARDA RESULTADOS,P-LCCH=5
*************
24/04/2024 19:21:20,ross,GUARDA NOTA AREA,AREA EXAMEN =11/Observaciones: Suero lipémico
*************
24/04/2024 19:21:22,ross,GUARDA RESULTADOS,BHH=MEMO
*************
24/04/2024 19:21:22,ross,GUARDA RESULTADOS,COLH=202.4
*************
24/04/2024 19:21:22,ross,GUARDA RESULTADOS,AHDLH=47.3
*************
24/04/2024 19:21:22,ross,GUARDA RESULTADOS,LDLH=121.64
*************
24/04/2024 19:21:22,ross,GUARDA RESULTADOS,TGLH=167.3
*************
24/04/2024 19:21:24,ross,VALIDACION RESULTADO,PEDIDO=26/400101
*************
24/04/2024 19:21:24,ross,VALIDACION RESULTADO,PEDIDO=26/400149
*************
24/04/2024 19:21:24,ross,VALIDACION RESULTADO,PEDIDO=26/400150
*************
24/04/2024 19:21:24,ross,VALIDACION RESULTADO,PEDIDO=26/400151
*************
24/04/2024 19:21:24,ross,VALIDACION RESULTADO,PEDIDO=26/400476
*************
24/04/2024 19:21:24,ross,Eliminar resultado AUX_HIS,
*************
24/04/2024 19:21:35,ross,GUARDA RESULTADOS,BHH=MEMO
*************
24/04/2024 19:21:35,ross,GUARDA RESULTADOS,COLH=202.4
*************
24/04/2024 19:21:35,ross,GUARDA RESULTADOS,AHDLH=47.3
*************
24/04/2024 19:21:35,ross,GUARDA RESULTADOS,LDLH=121.64
*************
24/04/2024 19:21:35,ross,GUARDA RESULTADOS,TGLH=167.3
*************
24/04/2024 19:21:39,ross,Eliminar resultado AUX_HIS,
*************
24/04/2024 20:02:11,,Ingreso USUARIO,Busca tabla invitado
*************
24/04/2024 20:02:12,ross,Ingreso CONTRASEÑA,Busca tabla invitado
*************
27/04/2024 10:01:58,,Ingreso USUARIO,Busca tabla invitado
*************
27/04/2024 10:01:59,ross,Ingreso CONTRASEÑA,Busca tabla invitado
*************
27/04/2024 10:06:00,ross,Nuevo Test en Lista de Precios,Test=401330 12  NORMAL
*************
27/04/2024 10:06:00,ross,Nuevo Test en Lista de Precios,Test=401330 12  URGENCIA
*************
27/04/2024 10:06:00,ross,Nuevo Test en Lista de Precios,Test=401330 12  FYBECA
*************
27/04/2024 10:06:00,ross,Nuevo Test en Lista de Precios,Test=401330 12  JACINTO
*************
27/04/2024 10:06:00,ross,Nuevo Test en Lista de Precios,Test=401330 12  DRA. SAMI MENDOZA
*************
27/04/2024 10:06:00,ross,Nuevo Test en Lista de Precios,Test=401330 12  CEMEDEFA
*************
27/04/2024 10:06:00,ross,Nuevo Test en Lista de Precios,Test=401330 12  MEDES
*************
27/04/2024 10:06:00,ross,Nuevo Test en Lista de Precios,Test=401330 12  RENALVIDA
*************
27/04/2024 10:06:00,ross,Nuevo Test en Lista de Precios,Test=401330 12  MUNDO
*************
27/04/2024 10:06:00,ross,Actualiza Test,Test=CULTIVO DE PIEL
*************
27/04/2024 10:06:00,ross,INGRESA TEST,TEST=CULTIVO DE PIEL
*************
27/04/2024 10:08:00,ross,Nuevo Test en Lista de Precios,Test=1346 0  NORMAL
*************
27/04/2024 10:08:00,ross,Nuevo Test en Lista de Precios,Test=1346 0  URGENCIA
*************
27/04/2024 10:08:00,ross,Nuevo Test en Lista de Precios,Test=1346 0  FYBECA
*************
27/04/2024 10:08:00,ross,Nuevo Test en Lista de Precios,Test=1346 0  JACINTO
*************
27/04/2024 10:08:00,ross,Nuevo Test en Lista de Precios,Test=1346 0  DRA. SAMI MENDOZA
*************
27/04/2024 10:08:00,ross,Nuevo Test en Lista de Precios,Test=1346 0  CEMEDEFA
*************
27/04/2024 10:08:00,ross,Nuevo Test en Lista de Precios,Test=1346 0  MEDES
*************
27/04/2024 10:08:00,ross,Nuevo Test en Lista de Precios,Test=1346 0  RENALVIDA
*************
27/04/2024 10:08:00,ross,Nuevo Test en Lista de Precios,Test=1346 0  MUNDO
*************
27/04/2024 10:08:00,ross,Actualiza Test,Test=MUESTRA
*************
27/04/2024 10:08:00,ross,INGRESA TEST,TEST=MUESTRA
*************
27/04/2024 10:08:52,ross,Nuevo Test en Lista de Precios,Test=1347 0  NORMAL
*************
27/04/2024 10:08:52,ross,Nuevo Test en Lista de Precios,Test=1347 0  URGENCIA
*************
27/04/2024 10:08:52,ross,Nuevo Test en Lista de Precios,Test=1347 0  FYBECA
*************
27/04/2024 10:08:52,ross,Nuevo Test en Lista de Precios,Test=1347 0  JACINTO
*************
27/04/2024 10:08:52,ross,Nuevo Test en Lista de Precios,Test=1347 0  DRA. SAMI MENDOZA
*************
27/04/2024 10:08:52,ross,Nuevo Test en Lista de Precios,Test=1347 0  CEMEDEFA
*************
27/04/2024 10:08:52,ross,Nuevo Test en Lista de Precios,Test=1347 0  MEDES
*************
27/04/2024 10:08:52,ross,Nuevo Test en Lista de Precios,Test=1347 0  RENALVIDA
*************
27/04/2024 10:08:52,ross,Nuevo Test en Lista de Precios,Test=1347 0  MUNDO
*************
27/04/2024 10:08:52,ross,Actualiza Test,Test=GERMEN AISLADO
*************
27/04/2024 10:08:52,ross,INGRESA TEST,TEST=GERMEN AISLADO
*************
27/04/2024 10:09:54,ross,Nuevo Test en Lista de Precios,Test=1348 0  NORMAL
*************
27/04/2024 10:09:54,ross,Nuevo Test en Lista de Precios,Test=1348 0  URGENCIA
*************
27/04/2024 10:09:54,ross,Nuevo Test en Lista de Precios,Test=1348 0  FYBECA
*************
27/04/2024 10:09:54,ross,Nuevo Test en Lista de Precios,Test=1348 0  JACINTO
*************
27/04/2024 10:09:54,ross,Nuevo Test en Lista de Precios,Test=1348 0  DRA. SAMI MENDOZA
*************
27/04/2024 10:09:54,ross,Nuevo Test en Lista de Precios,Test=1348 0  CEMEDEFA
*************
27/04/2024 10:09:54,ross,Nuevo Test en Lista de Precios,Test=1348 0  MEDES
*************
27/04/2024 10:09:54,ross,Nuevo Test en Lista de Precios,Test=1348 0  RENALVIDA
*************
27/04/2024 10:09:54,ross,Nuevo Test en Lista de Precios,Test=1348 0  MUNDO
*************
27/04/2024 10:09:54,ross,Actualiza Test,Test=CONTAJE DE COLONIAS
*************
27/04/2024 10:09:54,ross,INGRESA TEST,TEST=CONTAJE DE COLONIAS
*************
27/04/2024 10:10:25,ross,Nuevo Test en Lista de Precios,Test=1349 0  NORMAL
*************
27/04/2024 10:10:25,ross,Nuevo Test en Lista de Precios,Test=1349 0  URGENCIA
*************
27/04/2024 10:10:25,ross,Nuevo Test en Lista de Precios,Test=1349 0  FYBECA
*************
27/04/2024 10:10:25,ross,Nuevo Test en Lista de Precios,Test=1349 0  JACINTO
*************
27/04/2024 10:10:25,ross,Nuevo Test en Lista de Precios,Test=1349 0  DRA. SAMI MENDOZA
*************
27/04/2024 10:10:25,ross,Nuevo Test en Lista de Precios,Test=1349 0  CEMEDEFA
*************
27/04/2024 10:10:25,ross,Nuevo Test en Lista de Precios,Test=1349 0  MEDES
*************
27/04/2024 10:10:25,ross,Nuevo Test en Lista de Precios,Test=1349 0  RENALVIDA
*************
27/04/2024 10:10:25,ross,Nuevo Test en Lista de Precios,Test=1349 0  MUNDO
*************
27/04/2024 10:10:25,ross,Actualiza Test,Test=OBSERVACIONES
*************
27/04/2024 10:10:25,ross,INGRESA TEST,TEST=OBSERVACIONES
*************
27/04/2024 10:11:01,ross,Nuevo Test en Lista de Precios,Test=1350 0  NORMAL
*************
27/04/2024 10:11:01,ross,Nuevo Test en Lista de Precios,Test=1350 0  URGENCIA
*************
27/04/2024 10:11:01,ross,Nuevo Test en Lista de Precios,Test=1350 0  FYBECA
*************
27/04/2024 10:11:01,ross,Nuevo Test en Lista de Precios,Test=1350 0  JACINTO
*************
27/04/2024 10:11:01,ross,Nuevo Test en Lista de Precios,Test=1350 0  DRA. SAMI MENDOZA
*************
27/04/2024 10:11:01,ross,Nuevo Test en Lista de Precios,Test=1350 0  CEMEDEFA
*************
27/04/2024 10:11:01,ross,Nuevo Test en Lista de Precios,Test=1350 0  MEDES
*************
27/04/2024 10:11:01,ross,Nuevo Test en Lista de Precios,Test=1350 0  RENALVIDA
*************
27/04/2024 10:11:01,ross,Nuevo Test en Lista de Precios,Test=1350 0  MUNDO
*************
27/04/2024 10:11:01,ross,Actualiza Test,Test=ANTIBIOGRAMA
*************
27/04/2024 10:11:01,ross,INGRESA TEST,TEST=ANTIBIOGRAMA
*************
27/04/2024 10:12:05,ross,Actualiza Test,Test=CULTIVO DE PIEL
*************
27/04/2024 10:12:24,ross,01 GENERAR ORDEN  NORMAL EXAMENES: 401330,,PEDIDO=27
*************
27/04/2024 10:13:43,ross,Actualiza Test,Test=CULTIVO DE PIEL
*************
27/04/2024 10:13:53,ross,1 ANULA ORDEN,PEDIDO=27CULTIVO DE PIELº MOTIVO: tere
*************
27/04/2024 10:14:05,ross,01 GENERAR ORDEN  NORMAL EXAMENES: 401330,,PEDIDO=28
*************
27/04/2024 10:17:58,ross,Nuevo Test en Lista de Precios,Test=401331 12  NORMAL
*************
27/04/2024 10:17:58,ross,Nuevo Test en Lista de Precios,Test=401331 12  URGENCIA
*************
27/04/2024 10:17:58,ross,Nuevo Test en Lista de Precios,Test=401331 12  FYBECA
*************
27/04/2024 10:17:58,ross,Nuevo Test en Lista de Precios,Test=401331 12  JACINTO
*************
27/04/2024 10:17:58,ross,Nuevo Test en Lista de Precios,Test=401331 12  DRA. SAMI MENDOZA
*************
27/04/2024 10:17:58,ross,Nuevo Test en Lista de Precios,Test=401331 12  CEMEDEFA
*************
27/04/2024 10:17:58,ross,Nuevo Test en Lista de Precios,Test=401331 12  MEDES
*************
27/04/2024 10:17:58,ross,Nuevo Test en Lista de Precios,Test=401331 12  RENALVIDA
*************
27/04/2024 10:17:58,ross,Nuevo Test en Lista de Precios,Test=401331 12  MUNDO
*************
27/04/2024 10:17:58,ross,Actualiza Test,Test=CULTIVO DE UÑA
*************
27/04/2024 10:17:58,ross,INGRESA TEST,TEST=CULTIVO DE UÑA
*************
27/04/2024 10:19:23,ross,Nuevo Test en Lista de Precios,Test=1351 0  NORMAL
*************
27/04/2024 10:19:23,ross,Nuevo Test en Lista de Precios,Test=1351 0  URGENCIA
*************
27/04/2024 10:19:23,ross,Nuevo Test en Lista de Precios,Test=1351 0  FYBECA
*************
27/04/2024 10:19:23,ross,Nuevo Test en Lista de Precios,Test=1351 0  JACINTO
*************
27/04/2024 10:19:23,ross,Nuevo Test en Lista de Precios,Test=1351 0  DRA. SAMI MENDOZA
*************
27/04/2024 10:19:23,ross,Nuevo Test en Lista de Precios,Test=1351 0  CEMEDEFA
*************
27/04/2024 10:19:23,ross,Nuevo Test en Lista de Precios,Test=1351 0  MEDES
*************
27/04/2024 10:19:23,ross,Nuevo Test en Lista de Precios,Test=1351 0  RENALVIDA
*************
27/04/2024 10:19:23,ross,Nuevo Test en Lista de Precios,Test=1351 0  MUNDO
*************
27/04/2024 10:19:23,ross,Actualiza Test,Test=MUESTRA
*************
27/04/2024 10:19:23,ross,INGRESA TEST,TEST=MUESTRA
*************
27/04/2024 10:20:14,ross,Nuevo Test en Lista de Precios,Test=1352 0  NORMAL
*************
27/04/2024 10:20:14,ross,Nuevo Test en Lista de Precios,Test=1352 0  URGENCIA
*************
27/04/2024 10:20:14,ross,Nuevo Test en Lista de Precios,Test=1352 0  FYBECA
*************
27/04/2024 10:20:14,ross,Nuevo Test en Lista de Precios,Test=1352 0  JACINTO
*************
27/04/2024 10:20:14,ross,Nuevo Test en Lista de Precios,Test=1352 0  DRA. SAMI MENDOZA
*************
27/04/2024 10:20:14,ross,Nuevo Test en Lista de Precios,Test=1352 0  CEMEDEFA
*************
27/04/2024 10:20:14,ross,Nuevo Test en Lista de Precios,Test=1352 0  MEDES
*************
27/04/2024 10:20:14,ross,Nuevo Test en Lista de Precios,Test=1352 0  RENALVIDA
*************
27/04/2024 10:20:14,ross,Nuevo Test en Lista de Precios,Test=1352 0  MUNDO
*************
27/04/2024 10:20:14,ross,Actualiza Test,Test=GERMEN AISLADO
*************
27/04/2024 10:20:14,ross,INGRESA TEST,TEST=GERMEN AISLADO
*************
27/04/2024 10:20:44,ross,Nuevo Test en Lista de Precios,Test=1353 0  NORMAL
*************
27/04/2024 10:20:44,ross,Nuevo Test en Lista de Precios,Test=1353 0  URGENCIA
*************
27/04/2024 10:20:44,ross,Nuevo Test en Lista de Precios,Test=1353 0  FYBECA
*************
27/04/2024 10:20:44,ross,Nuevo Test en Lista de Precios,Test=1353 0  JACINTO
*************
27/04/2024 10:20:44,ross,Nuevo Test en Lista de Precios,Test=1353 0  DRA. SAMI MENDOZA
*************
27/04/2024 10:20:44,ross,Nuevo Test en Lista de Precios,Test=1353 0  CEMEDEFA
*************
27/04/2024 10:20:44,ross,Nuevo Test en Lista de Precios,Test=1353 0  MEDES
*************
27/04/2024 10:20:44,ross,Nuevo Test en Lista de Precios,Test=1353 0  RENALVIDA
*************
27/04/2024 10:20:44,ross,Nuevo Test en Lista de Precios,Test=1353 0  MUNDO
*************
27/04/2024 10:20:44,ross,Actualiza Test,Test=CONTAJE DE COLONIAS
*************
27/04/2024 10:20:44,ross,INGRESA TEST,TEST=CONTAJE DE COLONIAS
*************
27/04/2024 10:21:09,ross,Nuevo Test en Lista de Precios,Test=1354 0  NORMAL
*************
27/04/2024 10:21:09,ross,Nuevo Test en Lista de Precios,Test=1354 0  URGENCIA
*************
27/04/2024 10:21:09,ross,Nuevo Test en Lista de Precios,Test=1354 0  FYBECA
*************
27/04/2024 10:21:09,ross,Nuevo Test en Lista de Precios,Test=1354 0  JACINTO
*************
27/04/2024 10:21:09,ross,Nuevo Test en Lista de Precios,Test=1354 0  DRA. SAMI MENDOZA
*************
27/04/2024 10:21:09,ross,Nuevo Test en Lista de Precios,Test=1354 0  CEMEDEFA
*************
27/04/2024 10:21:09,ross,Nuevo Test en Lista de Precios,Test=1354 0  MEDES
*************
27/04/2024 10:21:09,ross,Nuevo Test en Lista de Precios,Test=1354 0  RENALVIDA
*************
27/04/2024 10:21:09,ross,Nuevo Test en Lista de Precios,Test=1354 0  MUNDO
*************
27/04/2024 10:21:09,ross,Actualiza Test,Test=OBSERVACIONES
*************
27/04/2024 10:21:09,ross,INGRESA TEST,TEST=OBSERVACIONES
*************
27/04/2024 10:21:40,ross,Nuevo Test en Lista de Precios,Test=1355 0  NORMAL
*************
27/04/2024 10:21:40,ross,Nuevo Test en Lista de Precios,Test=1355 0  URGENCIA
*************
27/04/2024 10:21:40,ross,Nuevo Test en Lista de Precios,Test=1355 0  FYBECA
*************
27/04/2024 10:21:40,ross,Nuevo Test en Lista de Precios,Test=1355 0  JACINTO
*************
27/04/2024 10:21:40,ross,Nuevo Test en Lista de Precios,Test=1355 0  DRA. SAMI MENDOZA
*************
27/04/2024 10:21:40,ross,Nuevo Test en Lista de Precios,Test=1355 0  CEMEDEFA
*************
27/04/2024 10:21:40,ross,Nuevo Test en Lista de Precios,Test=1355 0  MEDES
*************
27/04/2024 10:21:40,ross,Nuevo Test en Lista de Precios,Test=1355 0  RENALVIDA
*************
27/04/2024 10:21:40,ross,Nuevo Test en Lista de Precios,Test=1355 0  MUNDO
*************
27/04/2024 10:21:40,ross,Actualiza Test,Test=ANTIBIOGRAMA
*************
27/04/2024 10:21:40,ross,INGRESA TEST,TEST=ANTIBIOGRAMA
*************
27/04/2024 10:22:24,ross,Actualiza Test,Test=CONTAJE DE COLONIAS
*************
27/04/2024 10:23:24,ross,01 GENERAR ORDEN  NORMAL EXAMENES: 401331,,PEDIDO=29
*************
27/04/2024 10:24:11,ross,GUARDA RESULTADOS,CUÑA_MUESTRAH=PIEL DE DEDO DERECHO
*************
27/04/2024 10:24:11,ross,GUARDA RESULTADOS,CUÑA_GERMENH=ESCHERICHA COLI
*************
27/04/2024 10:24:11,ross,GUARDA RESULTADOS,CUÑA_OBSH=NA
*************
27/04/2024 10:24:11,ross,GUARDA RESULTADOS,CUÑA_ABH=
*************
27/04/2024 10:24:11,ross,GUARDA RESULTADOS,CUÑA_CONTAJEH=100.000
*************
27/04/2024 10:24:11,ross,GUARDA ANTIBIOGRANA,AMIKACINA=Sensible
*************
27/04/2024 10:24:11,ross,GUARDA ANTIBIOGRANA,GENTAMICINA=Resistente
*************
27/04/2024 10:24:11,ross,GUARDA ANTIBIOGRANA,AMOX. + AC. CLAVULANICO=Intermedio
*************
27/04/2024 10:24:16,ross,GUARDA RESULTADOS,C_UÑAH=MEMO
*************
27/04/2024 10:24:17,ross,VALIDACION RESULTADO,PEDIDO=29/401331
*************
27/04/2024 10:24:18,ross,Eliminar resultado AUX_HIS,
*************
27/04/2024 10:24:29,ross,IMPRIME POR AREA,PEDIDO=29
*************
27/04/2024 10:27:06,ross,IMPRIME POR AREA,PEDIDO=29
*************
27/04/2024 11:28:38,,Ingreso USUARIO,Busca tabla invitado
*************
27/04/2024 11:28:38,ross,Ingreso CONTRASEÑA,Busca tabla invitado
*************
27/04/2024 11:29:48,ross,Actualizacon Medico,Medico=ALERGOLOGIA 1
*************
27/04/2024 11:36:49,ross,Nuevo Pedido PRE CARGA,NORMAL/30
*************
27/04/2024 12:03:46,ross,Nuevo Pedido PRE CARGA,NORMAL/31
*************
27/04/2024 12:03:46,ross,GUARDA ENCUESTA,1554
*************
27/04/2024 12:11:12,ross,Nuevo Pedido PRE CARGA,NORMAL/32
*************
27/04/2024 12:11:12,ross,GUARDA ENCUESTA,1586
*************
29/04/2024 12:24:29,,Ingreso USUARIO,Busca tabla invitado
*************
29/04/2024 12:24:30,ross,Ingreso CONTRASEÑA,Busca tabla invitado
*************
30/04/2024 7:48:59,,Ingreso USUARIO,Busca tabla invitado
*************
30/04/2024 7:49:00,ross,Ingreso CONTRASEÑA,Busca tabla invitado
*************
30/04/2024 7:50:18,ross,Actualizacon Medico,Medico=DESPACHO A MEDICOS
*************
30/04/2024 7:52:21,ross,Nuevo Pedido PRE CARGA,NORMAL/58
*************
30/04/2024 11:01:35,,Ingreso USUARIO,Busca tabla invitado
*************
30/04/2024 11:01:36,ross,Ingreso CONTRASEÑA,Busca tabla invitado
*************
30/04/2024 11:09:41,,Ingreso USUARIO,Busca tabla invitado
*************
30/04/2024 11:09:41,ross,Ingreso CONTRASEÑA,Busca tabla invitado
*************
30/04/2024 11:12:47,,Ingreso USUARIO,Busca tabla invitado
*************
30/04/2024 11:12:49,ross,Ingreso CONTRASEÑA,Busca tabla invitado
*************
30/04/2024 11:13:38,ross,03 IMPRIMIR PEDIDO,PEDIDO=58
*************
30/04/2024 11:45:10,ross,01 GENERAR ORDEN  NORMAL EXAMENES: 400101,400149,400150,400476,400151,400295,,PEDIDO=61
*************
30/04/2024 14:40:29,ross,01 GENERAR ORDEN  NORMAL EXAMENES: 400149,400150,400476,400151,400295,,PEDIDO=62
*************
