01/10/2024 0:08:24,,Ingreso USUARIO,Busca tabla invitado
*************
01/10/2024 0:08:25,ross,Ingreso CONTRASEÑA,Busca tabla invitado
*************
01/10/2024 0:11:25,,Ingreso USUARIO,Busca tabla invitado
*************
01/10/2024 0:11:26,ross,Ingreso CONTRASEÑA,Busca tabla invitado
*************
01/10/2024 0:15:24,,Ingreso USUARIO,Busca tabla invitado
*************
01/10/2024 0:15:25,ross,Ingreso CONTRASEÑA,Busca tabla invitado
*************
01/10/2024 0:19:21,,Ingreso USUARIO,Busca tabla invitado
*************
01/10/2024 0:19:21,ross,Ingreso CONTRASEÑA,Busca tabla invitado
*************
01/10/2024 0:30:14,,Ingreso USUARIO,Busca tabla invitado
*************
01/10/2024 0:30:14,ross,Ingreso CONTRASEÑA,Busca tabla invitado
*************
01/10/2024 0:39:10,,Ingreso USUARIO,Busca tabla invitado
*************
01/10/2024 0:39:11,ross,Ingreso CONTRASEÑA,Busca tabla invitado
*************
01/10/2024 0:42:30,,Ingreso USUARIO,Busca tabla invitado
*************
01/10/2024 0:42:31,ross,Ingreso CONTRASEÑA,Busca tabla invitado
*************
01/10/2024 0:45:43,,Ingreso USUARIO,Busca tabla invitado
*************
01/10/2024 0:45:44,ross,Ingreso CONTRASEÑA,Busca tabla invitado
*************
01/10/2024 0:48:22,,Ingreso USUARIO,Busca tabla invitado
*************
01/10/2024 0:48:23,ross,Ingreso CONTRASEÑA,Busca tabla invitado
*************
01/10/2024 0:51:54,,Ingreso USUARIO,Busca tabla invitado
*************
01/10/2024 0:51:55,ross,Ingreso CONTRASEÑA,Busca tabla invitado
*************
01/10/2024 0:54:40,,Ingreso USUARIO,Busca tabla invitado
*************
01/10/2024 0:54:41,ross,Ingreso CONTRASEÑA,Busca tabla invitado
*************
01/10/2024 0:57:30,,Ingreso USUARIO,Busca tabla invitado
*************
01/10/2024 0:57:31,ross,Ingreso CONTRASEÑA,Busca tabla invitado
*************
01/10/2024 0:57:42,ross,ELIMINA EXISTENCIA TEMP,0
*************
01/10/2024 0:57:42,ross,GUARDA EXISTENCIA TEMP,0
*************
01/10/2024 0:57:42,ross,GUARDA EXISTENCIA TEMP,0
*************
01/10/2024 0:59:46,,Ingreso USUARIO,Busca tabla invitado
*************
01/10/2024 0:59:47,ross,Ingreso CONTRASEÑA,Busca tabla invitado
*************
01/10/2024 1:08:43,,Ingreso USUARIO,Busca tabla invitado
*************
01/10/2024 1:08:45,ross,Ingreso CONTRASEÑA,Busca tabla invitado
*************
01/10/2024 1:14:38,,Ingreso USUARIO,Busca tabla invitado
*************
01/10/2024 1:14:40,ross,Ingreso CONTRASEÑA,Busca tabla invitado
*************
01/10/2024 9:31:46,,Ingreso USUARIO,Busca tabla invitado
*************
01/10/2024 9:31:48,ross,Ingreso CONTRASEÑA,Busca tabla invitado
*************
01/10/2024 10:19:03,,Ingreso USUARIO,Busca tabla invitado
*************
01/10/2024 10:19:04,ross,Ingreso CONTRASEÑA,Busca tabla invitado
*************
01/10/2024 12:41:22,,Ingreso USUARIO,Busca tabla invitado
*************
01/10/2024 12:41:23,ross,Ingreso CONTRASEÑA,Busca tabla invitado
*************
01/10/2024 12:58:10,ross,Nuevo Pedido PRE CARGA,NORMAL/60
*************
01/10/2024 12:58:10,ross,GUARDA ENCUESTA,2169
*************
01/10/2024 12:58:41,ross,Operación de Movimiento Inventario,
*************
01/10/2024 12:58:41,ross,Inserción de detalle movimiento inventario,
*************
01/10/2024 13:03:47,ross,Nuevo Pedido PRE CARGA,NORMAL/61
*************
01/10/2024 13:03:47,ross,GUARDA ENCUESTA,2172
*************
01/10/2024 13:15:26,ross,Operación de Movimiento Inventario,
*************
01/10/2024 13:15:26,ross,Inserción de detalle movimiento inventario,
*************
01/10/2024 16:36:50,,Ingreso USUARIO,Busca tabla invitado
*************
01/10/2024 16:36:51,ross,Ingreso CONTRASEÑA,Busca tabla invitado
*************
01/10/2024 17:30:57,,Ingreso USUARIO,Busca tabla invitado
*************
01/10/2024 17:30:57,ross,Ingreso CONTRASEÑA,Busca tabla invitado
*************
01/10/2024 17:49:28,,Ingreso USUARIO,Busca tabla invitado
*************
01/10/2024 17:49:29,ross,Ingreso CONTRASEÑA,Busca tabla invitado
*************
01/10/2024 17:51:31,,Ingreso USUARIO,Busca tabla invitado
*************
01/10/2024 17:51:32,ross,Ingreso CONTRASEÑA,Busca tabla invitado
*************
01/10/2024 19:13:38,,Ingreso USUARIO,Busca tabla invitado
*************
01/10/2024 19:13:38,ross,Ingreso CONTRASEÑA,Busca tabla invitado
*************
01/10/2024 19:18:20,,Ingreso USUARIO,Busca tabla invitado
*************
01/10/2024 19:18:21,ross,Ingreso CONTRASEÑA,Busca tabla invitado
*************
01/10/2024 19:21:25,,Ingreso USUARIO,Busca tabla invitado
*************
01/10/2024 19:21:25,ross,Ingreso CONTRASEÑA,Busca tabla invitado
*************
01/10/2024 19:44:56,,Ingreso USUARIO,Busca tabla invitado
*************
01/10/2024 19:44:57,ross,Ingreso CONTRASEÑA,Busca tabla invitado
*************
02/10/2024 7:54:59,,Ingreso USUARIO,Busca tabla invitado
*************
02/10/2024 7:55:00,ross,Ingreso CONTRASEÑA,Busca tabla invitado
*************
02/10/2024 8:57:42,ross,Nuevo Producto,
*************
02/10/2024 9:08:52,,Ingreso USUARIO,Busca tabla invitado
*************
02/10/2024 9:08:52,ross,Ingreso CONTRASEÑA,Busca tabla invitado
*************
02/10/2024 9:19:24,,Ingreso USUARIO,Busca tabla invitado
*************
02/10/2024 9:19:25,ross,Ingreso CONTRASEÑA,Busca tabla invitado
*************
02/10/2024 9:20:04,ross,Nuevo Pedido PRE CARGA,NORMAL/62
*************
02/10/2024 9:20:04,ross,GUARDA ENCUESTA,2823
*************
02/10/2024 9:22:02,,Ingreso USUARIO,Busca tabla invitado
*************
02/10/2024 9:22:03,ross,Ingreso CONTRASEÑA,Busca tabla invitado
*************
02/10/2024 21:51:59,,Ingreso USUARIO,Busca tabla invitado
*************
02/10/2024 21:52:01,ross,Ingreso CONTRASEÑA,Busca tabla invitado
*************
02/10/2024 21:57:44,,Ingreso USUARIO,Busca tabla invitado
*************
02/10/2024 21:57:47,ross,Ingreso CONTRASEÑA,Busca tabla invitado
*************
02/10/2024 22:12:37,,Ingreso USUARIO,Busca tabla invitado
*************
02/10/2024 22:12:42,ross,Ingreso CONTRASEÑA,Busca tabla invitado
*************
07/10/2024 22:57:29,,Ingreso USUARIO,Busca tabla invitado
*************
07/10/2024 22:57:31,ross,Ingreso CONTRASEÑA,Busca tabla invitado
*************
07/10/2024 23:11:21,,Ingreso USUARIO,Busca tabla invitado
*************
07/10/2024 23:11:22,ross,Ingreso CONTRASEÑA,Busca tabla invitado
*************
07/10/2024 23:13:45,,Ingreso USUARIO,Busca tabla invitado
*************
07/10/2024 23:13:46,ross,Ingreso CONTRASEÑA,Busca tabla invitado
*************
07/10/2024 23:37:06,,Ingreso USUARIO,Busca tabla invitado
*************
07/10/2024 23:37:07,ross,Ingreso CONTRASEÑA,Busca tabla invitado
*************
07/10/2024 23:42:57,,Ingreso USUARIO,Busca tabla invitado
*************
07/10/2024 23:42:57,ross,Ingreso CONTRASEÑA,Busca tabla invitado
*************
