01-11-2017 10:18:10,,Ingreso USUARIO,Busca tabla invitado
*************
01-11-2017 10:18:12,ross,Ingreso CONTRASEÑA,Busca tabla invitado
*************
01-11-2017 10:18:53,ross,IMPRIME TODO,PEDIDO=1
*************
01-11-2017 10:30:50,,Ingreso USUARIO,Busca tabla invitado
*************
01-11-2017 10:30:51,ross,Ingreso CONTRASEÑA,Busca tabla invitado
*************
01-11-2017 10:31:00,ross,IMPRIME POR AREA,PEDIDO=1
*************
01-11-2017 10:31:15,ross,IMPRIME TODO,PEDIDO=1
*************
01-11-2017 10:33:41,,Ingreso USUARIO,Busca tabla invitado
*************
01-11-2017 10:33:42,ross,Ingreso CONTRASEÑA,Busca tabla invitado
*************
01-11-2017 10:33:51,ross,IMPRIME POR AREA,PEDIDO=1
*************
01-11-2017 10:34:25,ross,IMPRIME TODO,PEDIDO=1
*************
01-11-2017 10:38:08,,Ingreso USUARIO,Busca tabla invitado
*************
01-11-2017 10:38:09,ross,Ingreso CONTRASEÑA,Busca tabla invitado
*************
01-11-2017 10:38:20,ross,IMPRIME TODO,PEDIDO=1
*************
01-11-2017 10:38:43,ross,IMPRIME POR AREA,PEDIDO=1
*************
01-11-2017 10:44:53,,Ingreso USUARIO,Busca tabla invitado
*************
01-11-2017 10:44:55,ross,Ingreso CONTRASEÑA,Busca tabla invitado
*************
01-11-2017 10:45:10,ross,IMPRIME TODO,PEDIDO=1
*************
01-11-2017 10:45:24,ross,IMPRIME POR AREA,PEDIDO=1
*************
01-11-2017 10:50:50,,Ingreso USUARIO,Busca tabla invitado
*************
01-11-2017 10:50:51,ross,Ingreso CONTRASEÑA,Busca tabla invitado
*************
01-11-2017 10:50:59,ross,IMPRIME POR AREA,PEDIDO=1
*************
01-11-2017 10:53:43,,Ingreso USUARIO,Busca tabla invitado
*************
01-11-2017 10:53:44,ross,Ingreso CONTRASEÑA,Busca tabla invitado
*************
01-11-2017 10:53:54,ross,IMPRIME TODO,PEDIDO=1
*************
01-11-2017 10:54:13,ross,IMPRIME POR AREA,PEDIDO=1
*************
01-11-2017 10:54:21,ross,IMPRIME TODO,PEDIDO=1
*************
01-11-2017 10:57:45,,Ingreso USUARIO,Busca tabla invitado
*************
01-11-2017 10:57:49,ross,Ingreso CONTRASEÑA,Busca tabla invitado
*************
01-11-2017 10:58:19,ross,IMPRIME TODO,PEDIDO=1
*************
01-11-2017 10:58:31,ross,IMPRIME POR AREA,PEDIDO=1
*************
01-11-2017 11:01:06,,Ingreso USUARIO,Busca tabla invitado
*************
01-11-2017 11:01:06,,Ingreso CONTRASEÑA FALLIDO,
*************
01-11-2017 11:01:06,,Ingreso CONTRASEÑA,Busca tabla invitado
*************
01-11-2017 11:01:08,,Ingreso CONTRASEÑA FALLIDO,
*************
01-11-2017 11:01:08,,Ingreso CONTRASEÑA,Busca tabla invitado
*************
01-11-2017 11:01:09,ross,Ingreso CONTRASEÑA,Busca tabla invitado
*************
01-11-2017 11:01:17,ross,IMPRIME TODO,PEDIDO=1
*************
01-11-2017 11:01:35,ross,IMPRIME POR AREA,PEDIDO=1
*************
01-11-2017 11:02:14,ross,GUARDA NOTA AREA,AREA=1/VALORES CONFIRMADOS                                                                                                                                                                                                        
*************
01-11-2017 11:02:22,ross,IMPRIME TODO,PEDIDO=1
*************
01-11-2017 11:02:35,ross,IMPRIME POR AREA,PEDIDO=1
*************
01-11-2017 11:02:51,ross,IMPRIME SOBRE,PEDIDO=1
*************
01-11-2017 11:02:58,ross,IMPRIME TODO,PEDIDO=1
*************
01-11-2017 11:12:50,,Ingreso USUARIO,Busca tabla invitado
*************
01-11-2017 11:12:51,ross,Ingreso CONTRASEÑA,Busca tabla invitado
*************
01-11-2017 11:12:57,ross,IMPRIME TODO,PEDIDO=1
*************
01-11-2017 11:13:05,ross,IMPRIME POR AREA,PEDIDO=1
*************
01-11-2017 11:13:36,ross,IMPRIME TODO,PEDIDO=1
*************
01-11-2017 11:36:36,,Ingreso USUARIO,Busca tabla invitado
*************
01-11-2017 11:36:36,ross,Ingreso CONTRASEÑA,Busca tabla invitado
*************
01-11-2017 11:36:59,ross,IMPRIME TODO,PEDIDO=1
*************
01-11-2017 11:40:41,,Ingreso USUARIO,Busca tabla invitado
*************
01-11-2017 11:40:42,ross,Ingreso CONTRASEÑA,Busca tabla invitado
*************
01-11-2017 11:40:54,ross,IMPRIME POR AREA,PEDIDO=1
*************
01-11-2017 14:51:34,,Ingreso USUARIO,Busca tabla invitado
*************
01-11-2017 14:51:36,ross,Ingreso CONTRASEÑA,Busca tabla invitado
*************
01-11-2017 14:52:10,ross,IMPRIME TODO,PEDIDO=1
*************
01-11-2017 15:10:31,,Ingreso USUARIO,Busca tabla invitado
*************
01-11-2017 15:10:32,ross,Ingreso CONTRASEÑA,Busca tabla invitado
*************
01-11-2017 15:13:38,,Ingreso USUARIO,Busca tabla invitado
*************
01-11-2017 15:13:39,ross,Ingreso CONTRASEÑA,Busca tabla invitado
*************
01-11-2017 15:15:15,,Ingreso USUARIO,Busca tabla invitado
*************
01-11-2017 15:15:16,ross,Ingreso CONTRASEÑA,Busca tabla invitado
*************
01-11-2017 15:18:44,ross,Actualizar Laboratorio,Laboratorio=LABORATORIO BIOTEC
*************
01-11-2017 15:19:05,ross,Eliminar Convenio,Convenio0ENLACE
*************
01-11-2017 15:19:05,ross,Elimina Lista de Precios,Lista Precio=ENLACE
*************
01-11-2017 15:19:09,ross,Eliminar Convenio,Convenio0URGENCIAS
*************
01-11-2017 15:19:10,ross,Elimina Lista de Precios,Lista Precio=URGENCIAS
*************
01-11-2017 15:20:26,ross,Nuevo Convenio,Convenio=BIOTEC
*************
01-11-2017 15:21:00,ross,Nuevo Convenio,Convenio=URGENCIAS
*************
01-11-2017 15:28:09,,Ingreso USUARIO,Busca tabla invitado
*************
01-11-2017 15:28:11,ross,Ingreso CONTRASEÑA,Busca tabla invitado
*************
01-11-2017 15:28:46,ross,Actualizacón Médico,Medico=GONZALEZ PAREDES GALO
*************
01-11-2017 15:32:15,,Ingreso USUARIO,Busca tabla invitado
*************
01-11-2017 15:32:16,ross,Ingreso CONTRASEÑA,Busca tabla invitado
*************
01-11-2017 15:32:43,ross,Elimina USR,USR=8
*************
01-11-2017 15:32:49,ross,Elimina USR,USR=9
*************
01-11-2017 15:37:04,,Ingreso USUARIO,Busca tabla invitado
*************
01-11-2017 15:37:06,ross,Ingreso CONTRASEÑA,Busca tabla invitado
*************
01-11-2017 15:38:24,,Ingreso USUARIO,Busca tabla invitado
*************
01-11-2017 15:38:25,ross,Ingreso CONTRASEÑA,Busca tabla invitado
*************
01-11-2017 15:43:01,,Ingreso USUARIO,Busca tabla invitado
*************
01-11-2017 15:43:02,ross,Ingreso CONTRASEÑA,Busca tabla invitado
*************
01-11-2017 15:47:30,,Ingreso USUARIO,Busca tabla invitado
*************
01-11-2017 15:47:31,ross,Ingreso CONTRASEÑA,Busca tabla invitado
*************
01-11-2017 15:49:19,ross,Ingreso o Actualización Permisos de Usuario,
*************
01-11-2017 15:49:19,ross,Ingreso o Actualización Permisos de Usuario,
*************
01-11-2017 15:49:19,ross,Ingreso o Actualización Permisos de Usuario,
*************
01-11-2017 15:49:19,ross,Ingreso o Actualización Permisos de Usuario,
*************
01-11-2017 15:49:19,ross,Ingreso o Actualización Permisos de Usuario,
*************
01-11-2017 15:49:19,ross,Ingreso o Actualización Permisos de Usuario,
*************
01-11-2017 15:49:19,ross,Ingreso o Actualización Permisos de Usuario,
*************
01-11-2017 15:49:19,ross,Ingreso o Actualización Permisos de Usuario,
*************
01-11-2017 15:49:19,ross,Ingreso o Actualización Permisos de Usuario,
*************
01-11-2017 15:49:19,ross,Ingreso o Actualización Permisos de Usuario,
*************
01-11-2017 15:49:19,ross,Ingreso o Actualización Permisos de Usuario,
*************
01-11-2017 15:49:19,ross,Ingreso o Actualización Permisos de Usuario,
*************
01-11-2017 15:49:19,ross,Ingreso o Actualización Permisos de Usuario,
*************
01-11-2017 15:49:19,ross,Ingreso o Actualización Permisos de Usuario,
*************
01-11-2017 15:49:19,ross,Ingreso o Actualización Permisos de Usuario,
*************
01-11-2017 15:49:19,ross,Ingreso o Actualización Permisos de Usuario,
*************
01-11-2017 15:49:19,ross,Ingreso o Actualización Permisos de Usuario,
*************
01-11-2017 15:49:19,ross,Ingreso o Actualización Permisos de Usuario,
*************
01-11-2017 15:49:19,ross,Ingreso o Actualización Permisos de Usuario,
*************
01-11-2017 15:49:19,ross,Ingreso o Actualización Permisos de Usuario,
*************
01-11-2017 15:49:19,ross,Ingreso o Actualización Permisos de Usuario,
*************
01-11-2017 15:49:19,ross,Ingreso o Actualización Permisos de Usuario,
*************
01-11-2017 15:49:19,ross,Ingreso o Actualización Permisos de Usuario,
*************
01-11-2017 15:49:19,ross,Ingreso o Actualización Permisos de Usuario,
*************
01-11-2017 15:49:19,ross,Ingreso o Actualización Permisos de Usuario,
*************
01-11-2017 15:49:19,ross,Ingreso o Actualización Permisos de Usuario,
*************
01-11-2017 15:49:19,ross,Ingreso o Actualización Permisos de Usuario,
*************
01-11-2017 15:49:19,ross,Ingreso o Actualización Permisos de Usuario,
*************
01-11-2017 15:49:19,ross,Ingreso o Actualización Permisos de Usuario,
*************
01-11-2017 15:49:19,ross,Ingreso o Actualización Permisos de Usuario,
*************
01-11-2017 15:49:19,ross,Ingreso o Actualización Permisos de Usuario,
*************
01-11-2017 15:49:19,ross,Ingreso o Actualización Permisos de Usuario,
*************
01-11-2017 15:49:19,ross,Ingreso o Actualización Permisos de Usuario,
*************
01-11-2017 15:49:19,ross,Ingreso o Actualización Permisos de Usuario,
*************
01-11-2017 15:49:19,ross,Ingreso o Actualización Permisos de Usuario,
*************
01-11-2017 15:49:20,ross,Ingreso o Actualización Permisos de Usuario,
*************
01-11-2017 15:49:20,ross,Ingreso o Actualización Permisos de Usuario,
*************
01-11-2017 15:49:20,ross,Ingreso o Actualización Permisos de Usuario,
*************
01-11-2017 15:49:20,ross,Ingreso o Actualización Permisos de Usuario,
*************
01-11-2017 15:50:21,,Ingreso USUARIO,Busca tabla invitado
*************
01-11-2017 15:50:23,cmolina,Ingreso CONTRASEÑA,Busca tabla invitado
*************
01-11-2017 15:51:16,cmolina,1 GENERAR ORDEN,PEDIDO=2
*************
01-11-2017 15:51:48,cmolina,GUARDA RESULTADOS,WBC=4
*************
01-11-2017 15:51:48,cmolina,GUARDA RESULTADOS,NEU=4
*************
01-11-2017 15:51:48,cmolina,GUARDA RESULTADOS,LYM=4
*************
01-11-2017 15:51:48,cmolina,GUARDA RESULTADOS,MONO=4
*************
01-11-2017 15:51:48,cmolina,GUARDA RESULTADOS,EOS=4
*************
01-11-2017 15:51:48,cmolina,GUARDA RESULTADOS,BASO=4
*************
01-11-2017 15:51:48,cmolina,GUARDA RESULTADOS,NEU%25=4
*************
01-11-2017 15:51:48,cmolina,GUARDA RESULTADOS,LYM%25=4
*************
01-11-2017 15:51:48,cmolina,GUARDA RESULTADOS,MONO%25=4
*************
01-11-2017 15:51:48,cmolina,GUARDA RESULTADOS,EOS%25=4
*************
01-11-2017 15:51:48,cmolina,GUARDA RESULTADOS,BASO%25=4
*************
01-11-2017 15:51:48,cmolina,GUARDA RESULTADOS,RBC=4
*************
01-11-2017 15:51:48,cmolina,GUARDA RESULTADOS,HCT=4
*************
01-11-2017 15:51:48,cmolina,GUARDA RESULTADOS,HGB=4
*************
01-11-2017 15:51:48,cmolina,GUARDA RESULTADOS,MCV=4
*************
01-11-2017 15:51:48,cmolina,GUARDA RESULTADOS,MCH=4
*************
01-11-2017 15:51:48,cmolina,GUARDA RESULTADOS,MCHC=4
*************
01-11-2017 15:51:48,cmolina,GUARDA RESULTADOS,PLT=4
*************
01-11-2017 15:51:48,cmolina,GUARDA RESULTADOS,PDW=4
*************
01-11-2017 15:51:48,cmolina,GUARDA RESULTADOS,MPV=4
*************
01-11-2017 15:51:48,cmolina,GUARDA RESULTADOS,PCT=4
*************
01-11-2017 15:51:48,cmolina,GUARDA RESULTADOS,RDW_SD=4
*************
01-11-2017 15:51:48,cmolina,GUARDA RESULTADOS,RDW_CV=4
*************
01-11-2017 15:52:59,cmolina,GUARDA RESULTADOS,COLO=AMARILLO
*************
01-11-2017 15:52:59,cmolina,GUARDA RESULTADOS,ASPO=TRANSPARENTE
*************
01-11-2017 15:52:59,cmolina,GUARDA RESULTADOS,DENO=1.010
*************
01-11-2017 15:52:59,cmolina,GUARDA RESULTADOS,PH=6.5
*************
01-11-2017 15:52:59,cmolina,GUARDA RESULTADOS,LEUO=NEGATIVO
*************
01-11-2017 15:52:59,cmolina,GUARDA RESULTADOS,ESO=+
*************
01-11-2017 15:52:59,cmolina,GUARDA RESULTADOS,NITO=+
*************
01-11-2017 15:52:59,cmolina,GUARDA RESULTADOS,GLUO=NEGATIVO
*************
01-11-2017 15:52:59,cmolina,GUARDA RESULTADOS,UROO=NEGATIVO
*************
01-11-2017 15:52:59,cmolina,GUARDA RESULTADOS,BACTO=ESCASAS
*************
01-11-2017 15:53:29,cmolina,GUARDA RESULTADOS,COLOR=CAFE
*************
01-11-2017 15:53:30,cmolina,GUARDA RESULTADOS,ASPECTO=HOMOGÉNEO
*************
01-11-2017 15:53:30,cmolina,GUARDA RESULTADOS,CONSISTENCIA=BLANDA
*************
01-11-2017 15:53:30,cmolina,GUARDA RESULTADOS,Ph=1.06
*************
01-11-2017 15:53:30,cmolina,GUARDA RESULTADOS,MOCO=ESCASO
*************
01-11-2017 15:53:30,cmolina,GUARDA RESULTADOS,RESTOS ALIMENTARIOS=+
*************
01-11-2017 15:53:30,cmolina,GUARDA RESULTADOS,FLORA BACTERIANA=NORMAL
*************
01-11-2017 15:53:30,cmolina,GUARDA RESULTADOS,LEVADURAS=++
*************
01-11-2017 15:53:30,cmolina,GUARDA RESULTADOS,POLIMORFONUCLEARES=2
*************
01-11-2017 15:53:30,cmolina,GUARDA RESULTADOS,ALMIDONES=+
*************
01-11-2017 15:53:30,cmolina,GUARDA RESULTADOS,GRASAS=+
*************
01-11-2017 15:53:52,cmolina,GUARDA RESULTADOS,BIOMETRIA HEMATICA=MEMO
*************
01-11-2017 15:53:52,cmolina,GUARDA RESULTADOS,EMO=MEMO
*************
01-11-2017 15:53:52,cmolina,GUARDA RESULTADOS,COPROPARASITARIO=MEMO
*************
01-11-2017 15:53:52,cmolina,GUARDA RESULTADOS,CHOL=156
*************
01-11-2017 15:53:52,cmolina,GUARDA RESULTADOS,AHDL=54
*************
01-11-2017 15:53:52,cmolina,GUARDA RESULTADOS,LDL=125
*************
01-11-2017 15:53:52,cmolina,GUARDA RESULTADOS,TGL=180
*************
01-11-2017 15:53:54,cmolina,VALIDACION RESULTADO,PEDIDO=2/400101
*************
01-11-2017 15:53:54,cmolina,VALIDACION RESULTADO,PEDIDO=2/400149
*************
01-11-2017 15:53:54,cmolina,VALIDACION RESULTADO,PEDIDO=2/400150
*************
01-11-2017 15:53:54,cmolina,VALIDACION RESULTADO,PEDIDO=2/400151
*************
01-11-2017 15:53:55,cmolina,VALIDACION RESULTADO,PEDIDO=2/400230
*************
01-11-2017 15:53:55,cmolina,VALIDACION RESULTADO,PEDIDO=2/400244
*************
01-11-2017 15:53:55,cmolina,VALIDACION RESULTADO,PEDIDO=2/400476
*************
01-11-2017 15:54:13,cmolina,GUARDA NOTA AREA,AREA=1/                                                                VALORES CONFIRMAADOS                                                                                                                                        
*************
01-11-2017 15:54:41,cmolina,IMPRIME TODO,PEDIDO=2
*************
01-11-2017 15:57:11,,Ingreso USUARIO,Busca tabla invitado
*************
01-11-2017 15:57:13,cmolina,Ingreso CONTRASEÑA,Busca tabla invitado
*************
01-11-2017 15:57:35,cmolina,GUARDA NOTA AREA,AREA=1/VALOR CONFIRMADO
*************
01-11-2017 15:57:50,cmolina,IMPRIME TODO,PEDIDO=2
*************
01-11-2017 15:57:56,cmolina,IMPRIME POR AREA,PEDIDO=2
*************
01-11-2017 16:03:48,,Ingreso USUARIO,Busca tabla invitado
*************
01-11-2017 16:03:49,ross,Ingreso CONTRASEÑA,Busca tabla invitado
*************
01-11-2017 16:04:01,ross,IMPRIME POR AREA,PEDIDO=2
*************
01-11-2017 16:06:49,,Ingreso USUARIO,Busca tabla invitado
*************
01-11-2017 16:06:51,ross,Ingreso CONTRASEÑA,Busca tabla invitado
*************
01-11-2017 16:07:00,ross,IMPRIME POR AREA,PEDIDO=2
*************
01-11-2017 16:13:11,,Ingreso USUARIO,Busca tabla invitado
*************
01-11-2017 16:13:15,ross,Ingreso CONTRASEÑA,Busca tabla invitado
*************
01-11-2017 16:13:23,ross,IMPRIME POR AREA,PEDIDO=2
*************
01-11-2017 16:13:50,ross,IMPRIME TODO,PEDIDO=2
*************
01-11-2017 16:18:05,,Ingreso USUARIO,Busca tabla invitado
*************
01-11-2017 16:18:06,ross,Ingreso CONTRASEÑA,Busca tabla invitado
*************
01-11-2017 16:18:14,ross,IMPRIME POR AREA,PEDIDO=2
*************
01-11-2017 16:21:36,,Ingreso USUARIO,Busca tabla invitado
*************
01-11-2017 16:21:38,ross,Ingreso CONTRASEÑA,Busca tabla invitado
*************
01-11-2017 16:21:45,ross,IMPRIME POR AREA,PEDIDO=2
*************
01-11-2017 16:22:04,ross,IMPRIME TODO,PEDIDO=2
*************
01-11-2017 16:23:54,,Ingreso USUARIO,Busca tabla invitado
*************
01-11-2017 16:23:56,ross,Ingreso CONTRASEÑA,Busca tabla invitado
*************
01-11-2017 16:24:03,ross,IMPRIME POR AREA,PEDIDO=2
*************
01-11-2017 16:33:00,,Ingreso USUARIO,Busca tabla invitado
*************
01-11-2017 16:33:01,ross,Ingreso CONTRASEÑA,Busca tabla invitado
*************
01-11-2017 16:33:08,ross,IMPRIME POR AREA,PEDIDO=2
*************
01-11-2017 16:34:16,ross,IMPRIME TODO,PEDIDO=2
*************
01-11-2017 16:34:28,ross,IMPRIME SOBRE,PEDIDO=2
*************
01-11-2017 16:40:32,ross,1 GENERAR ORDEN,PEDIDO=3
*************
01-11-2017 16:40:54,ross,GUARDA RESULTADOS,WBCH=5
*************
01-11-2017 16:40:54,ross,GUARDA RESULTADOS,NEUH=5
*************
01-11-2017 16:40:54,ross,GUARDA RESULTADOS,LYMH=5
*************
01-11-2017 16:40:54,ross,GUARDA RESULTADOS,MONOH=5
*************
01-11-2017 16:40:54,ross,GUARDA RESULTADOS,EOSH=5
*************
01-11-2017 16:40:54,ross,GUARDA RESULTADOS,BASOH=5
*************
01-11-2017 16:40:54,ross,GUARDA RESULTADOS,NEU%25H=5
*************
01-11-2017 16:40:54,ross,GUARDA RESULTADOS,LYM%25H=5
*************
01-11-2017 16:40:54,ross,GUARDA RESULTADOS,MONO%25H=5
*************
01-11-2017 16:40:54,ross,GUARDA RESULTADOS,EOS%25H=5
*************
01-11-2017 16:40:54,ross,GUARDA RESULTADOS,BASO%25H=5
*************
01-11-2017 16:40:54,ross,GUARDA RESULTADOS,RBCH=5
*************
01-11-2017 16:40:54,ross,GUARDA RESULTADOS,HCTH=5
*************
01-11-2017 16:40:54,ross,GUARDA RESULTADOS,HGBH=5
*************
01-11-2017 16:40:55,ross,GUARDA RESULTADOS,MCVH=5
*************
01-11-2017 16:40:55,ross,GUARDA RESULTADOS,MCHH=5
*************
01-11-2017 16:40:55,ross,GUARDA RESULTADOS,MCHCH=5
*************
01-11-2017 16:40:55,ross,GUARDA RESULTADOS,PLTH=5
*************
01-11-2017 16:40:55,ross,GUARDA RESULTADOS,PDWH=5
*************
01-11-2017 16:40:55,ross,GUARDA RESULTADOS,MPVH=5
*************
01-11-2017 16:40:55,ross,GUARDA RESULTADOS,PCTH=5
*************
01-11-2017 16:40:55,ross,GUARDA RESULTADOS,RDW_SDH=5
*************
01-11-2017 16:40:55,ross,GUARDA RESULTADOS,RDW_CVH=5
*************
01-11-2017 16:41:15,ross,GUARDA NOTA AREA,AREA=1/Valor confirmado
*************
01-11-2017 16:41:17,ross,GUARDA RESULTADOS,BIOMETRIA HEMATICA=MEMO
*************
01-11-2017 16:41:18,ross,VALIDACION RESULTADO,PEDIDO=3/400101
*************
01-11-2017 16:41:25,ross,IMPRIME POR AREA,PEDIDO=3
*************
01-11-2017 16:47:05,,Ingreso USUARIO,Busca tabla invitado
*************
01-11-2017 16:47:07,ross,Ingreso CONTRASEÑA,Busca tabla invitado
*************
06-11-2017 16:19:10,,Ingreso USUARIO,Busca tabla invitado
*************
06-11-2017 16:19:12,ross,Ingreso CONTRASEÑA,Busca tabla invitado
*************
06-11-2017 16:26:09,,Ingreso USUARIO,Busca tabla invitado
*************
06-11-2017 16:26:10,ross,Ingreso CONTRASEÑA,Busca tabla invitado
*************
06-11-2017 16:28:10,,Ingreso USUARIO,Busca tabla invitado
*************
06-11-2017 16:28:11,ross,Ingreso CONTRASEÑA,Busca tabla invitado
*************
06-11-2017 16:32:17,,Ingreso USUARIO,Busca tabla invitado
*************
06-11-2017 16:32:19,ross,Ingreso CONTRASEÑA,Busca tabla invitado
*************
06-11-2017 16:32:31,ross,IMPRIME TODO,PEDIDO=2
*************
06-11-2017 16:32:42,ross,IMPRIME POR AREA,PEDIDO=2
*************
06-11-2017 16:36:41,,Ingreso USUARIO,Busca tabla invitado
*************
06-11-2017 16:36:43,ross,Ingreso CONTRASEÑA,Busca tabla invitado
*************
06-11-2017 16:47:57,,Ingreso USUARIO,Busca tabla invitado
*************
06-11-2017 16:47:58,ross,Ingreso CONTRASEÑA,Busca tabla invitado
*************
06-11-2017 16:48:13,ross,IMPRIME POR AREA,PEDIDO=2
*************
06-11-2017 16:58:24,,Ingreso USUARIO,Busca tabla invitado
*************
06-11-2017 16:58:25,ross,Ingreso CONTRASEÑA,Busca tabla invitado
*************
06-11-2017 20:29:40,,Ingreso USUARIO,Busca tabla invitado
*************
06-11-2017 20:31:43,ross,Ingreso CONTRASEÑA,Busca tabla invitado
*************
06-11-2017 20:32:05,ross,IMPRIME POR AREA,PEDIDO=3
*************
06-11-2017 20:36:06,,Ingreso USUARIO,Busca tabla invitado
*************
06-11-2017 20:36:08,ross,Ingreso CONTRASEÑA,Busca tabla invitado
*************
06-11-2017 20:36:24,ross,IMPRIME POR AREA,PEDIDO=2
*************
06-11-2017 20:38:50,,Ingreso USUARIO,Busca tabla invitado
*************
06-11-2017 20:38:52,ross,Ingreso CONTRASEÑA,Busca tabla invitado
*************
06-11-2017 20:39:01,ross,IMPRIME SOBRE,PEDIDO=2
*************
06-11-2017 20:39:15,ross,IMPRIME POR AREA,PEDIDO=2
*************
06-11-2017 20:43:30,,Ingreso USUARIO,Busca tabla invitado
*************
06-11-2017 20:43:32,ross,Ingreso CONTRASEÑA,Busca tabla invitado
*************
06-11-2017 20:43:43,ross,IMPRIME POR AREA,PEDIDO=2
*************
06-11-2017 20:45:20,,Ingreso USUARIO,Busca tabla invitado
*************
06-11-2017 20:45:22,ross,Ingreso CONTRASEÑA,Busca tabla invitado
*************
06-11-2017 20:45:37,ross,IMPRIME POR AREA,PEDIDO=2
*************
06-11-2017 20:47:35,ross,Generar Paciente,Paciente=PACIENTE DE PRUEBA
*************
06-11-2017 20:48:05,ross,Nuevo Pedido PRE CARGA,BIOTEC/4
*************
06-11-2017 20:48:09,ross,Nuevo Pedido PRE CARGA,BIOTEC/5
*************
06-11-2017 20:48:12,ross,Nuevo Pedido PRE CARGA,BIOTEC/6
*************
06-11-2017 20:48:15,ross,Nuevo Pedido PRE CARGA,BIOTEC/7
*************
06-11-2017 20:48:19,ross,Nuevo Pedido PRE CARGA,BIOTEC/8
*************
06-11-2017 20:48:23,ross,Nuevo Pedido PRE CARGA,BIOTEC/9
*************
06-11-2017 20:48:26,ross,Nuevo Pedido PRE CARGA,BIOTEC/10
*************
06-11-2017 20:48:30,ross,Nuevo Pedido PRE CARGA,BIOTEC/11
*************
06-11-2017 20:48:32,ross,Nuevo Pedido PRE CARGA,BIOTEC/12
*************
06-11-2017 20:48:35,ross,Nuevo Pedido PRE CARGA,BIOTEC/13
*************
06-11-2017 20:48:39,ross,Nuevo Pedido PRE CARGA,BIOTEC/14
*************
06-11-2017 20:49:21,,Ingreso USUARIO,Busca tabla invitado
*************
06-11-2017 20:49:22,ross,Ingreso CONTRASEÑA,Busca tabla invitado
*************
06-11-2017 20:50:10,ross,GUARDA RESULTADOS,WBCN=4
*************
06-11-2017 20:50:10,ross,GUARDA RESULTADOS,NEUN=4
*************
06-11-2017 20:50:10,ross,GUARDA RESULTADOS,LYMN=4
*************
06-11-2017 20:50:10,ross,GUARDA RESULTADOS,MONON=4
*************
06-11-2017 20:50:11,ross,GUARDA RESULTADOS,EOSN=4
*************
06-11-2017 20:50:11,ross,GUARDA RESULTADOS,BASON=4
*************
06-11-2017 20:50:11,ross,GUARDA RESULTADOS,NEU%25N=4
*************
06-11-2017 20:50:11,ross,GUARDA RESULTADOS,LYM%25N=4
*************
06-11-2017 20:50:11,ross,GUARDA RESULTADOS,MONO%25N=4
*************
06-11-2017 20:50:11,ross,GUARDA RESULTADOS,EOS%25N=4
*************
06-11-2017 20:50:11,ross,GUARDA RESULTADOS,BASO%25N=4
*************
06-11-2017 20:50:11,ross,GUARDA RESULTADOS,RBCN=4
*************
06-11-2017 20:50:11,ross,GUARDA RESULTADOS,HCTN=4
*************
06-11-2017 20:50:11,ross,GUARDA RESULTADOS,HGBN=4
*************
06-11-2017 20:50:11,ross,GUARDA RESULTADOS,MCVN=4
*************
06-11-2017 20:50:11,ross,GUARDA RESULTADOS,MCHN=4
*************
06-11-2017 20:50:11,ross,GUARDA RESULTADOS,MCHCN=4
*************
06-11-2017 20:50:11,ross,GUARDA RESULTADOS,PLTN=4
*************
06-11-2017 20:50:11,ross,GUARDA RESULTADOS,PDWN=4
*************
06-11-2017 20:50:11,ross,GUARDA RESULTADOS,MPVN=4
*************
06-11-2017 20:50:11,ross,GUARDA RESULTADOS,PCTN=4
*************
06-11-2017 20:50:11,ross,GUARDA RESULTADOS,RDW_SDN=4
*************
06-11-2017 20:50:11,ross,GUARDA RESULTADOS,RDW_CVN=4
*************
06-11-2017 20:51:30,ross,GUARDA RESULTADOS,COLO=AMARILLO
*************
06-11-2017 20:51:30,ross,GUARDA RESULTADOS,ASPO=TRANSPARENTE
*************
06-11-2017 20:51:30,ross,GUARDA RESULTADOS,DENO=1.010
*************
06-11-2017 20:51:30,ross,GUARDA RESULTADOS,PH=5.5
*************
06-11-2017 20:51:30,ross,GUARDA RESULTADOS,ESO=++
*************
06-11-2017 20:51:30,ross,GUARDA RESULTADOS,NITO=+
*************
06-11-2017 20:51:30,ross,GUARDA RESULTADOS,PROO=++
*************
06-11-2017 20:51:30,ross,GUARDA RESULTADOS,GLUO=NEGATIVO
*************
06-11-2017 20:51:30,ross,GUARDA RESULTADOS,BILO=+
*************
06-11-2017 20:51:30,ross,GUARDA RESULTADOS,BACTO=ESCASAS
*************
06-11-2017 20:51:33,ross,GUARDA RESULTADOS,COLOR=CAFE
*************
06-11-2017 20:51:33,ross,GUARDA RESULTADOS,ASPECTO=HOMOGÉNEO
*************
06-11-2017 20:51:33,ross,GUARDA RESULTADOS,CONSISTENCIA=BLANDA
*************
06-11-2017 20:51:34,ross,GUARDA RESULTADOS,RESTOS ALIMENTARIOS=+
*************
06-11-2017 20:51:34,ross,GUARDA RESULTADOS,FLORA BACTERIANA=NORMAL
*************
06-11-2017 20:51:34,ross,GUARDA RESULTADOS,ALMIDONES=+
*************
06-11-2017 20:51:34,ross,GUARDA RESULTADOS,GRASAS=+
*************
06-11-2017 20:51:50,ross,GUARDA NOTA AREA,AREA=1/VALORES CONFIRMADOS
*************
06-11-2017 20:52:28,ross,GUARDA RESULTADOS,BIOMETRIA HEMATICA=MEMO
*************
06-11-2017 20:52:28,ross,GUARDA RESULTADOS,EMO=MEMO
*************
06-11-2017 20:52:28,ross,GUARDA RESULTADOS,COPROPARASITARIO=MEMO
*************
06-11-2017 20:52:30,ross,VALIDACION RESULTADO,PEDIDO=4/400101
*************
06-11-2017 20:52:30,ross,VALIDACION RESULTADO,PEDIDO=4/400230
*************
06-11-2017 20:52:30,ross,VALIDACION RESULTADO,PEDIDO=4/400244
*************
06-11-2017 20:52:42,ross,IMPRIME POR AREA,PEDIDO=4
*************
11-11-2017 11:48:51,,Ingreso USUARIO,Busca tabla invitado
*************
11-11-2017 11:48:52,ross,Ingreso CONTRASEÑA,Busca tabla invitado
*************
11-11-2017 11:49:15,ross,IMPRIME TODO,PEDIDO=4
*************
12-11-2017 13:54:29,,Ingreso USUARIO,Busca tabla invitado
*************
12-11-2017 13:54:30,,Ingreso CONTRASEÑA FALLIDO,
*************
12-11-2017 13:54:30,,Ingreso CONTRASEÑA,Busca tabla invitado
*************
12-11-2017 13:54:31,ross,Ingreso CONTRASEÑA,Busca tabla invitado
*************
12-11-2017 13:54:58,ross,1 GENERAR ORDEN,PEDIDO=15
*************
14-11-2017 12:31:37,,Ingreso USUARIO,Busca tabla invitado
*************
14-11-2017 12:31:38,ross,Ingreso CONTRASEÑA,Busca tabla invitado
*************
14-11-2017 12:32:30,ross,1 GENERAR ORDEN,PEDIDO=16
*************
14-11-2017 12:34:00,ross,GUARDA RESULTADOS,COLO=AMARILLO
*************
14-11-2017 12:34:00,ross,GUARDA RESULTADOS,ASPO=LIG. TURBIO
*************
14-11-2017 12:34:00,ross,GUARDA RESULTADOS,DENO=1.005
*************
14-11-2017 12:34:00,ross,GUARDA RESULTADOS,PH=5.5
*************
14-11-2017 12:34:00,ross,GUARDA RESULTADOS,LEUO=NEGATIVO
*************
14-11-2017 12:34:00,ross,GUARDA RESULTADOS,GLUO=NEGATIVO
*************
14-11-2017 12:34:00,ross,GUARDA RESULTADOS,BACTO=ESCASAS
*************
14-11-2017 12:34:11,ross,GUARDA RESULTADOS,COLOR=CAFE
*************
14-11-2017 12:34:11,ross,GUARDA RESULTADOS,ASPECTO=HOMOGÉNEO
*************
14-11-2017 12:34:11,ross,GUARDA RESULTADOS,CONSISTENCIA=BLANDA
*************
14-11-2017 12:34:11,ross,GUARDA RESULTADOS,Ph=NEUTRO
*************
14-11-2017 12:34:11,ross,GUARDA RESULTADOS,RESTOS ALIMENTARIOS=+
*************
14-11-2017 12:34:11,ross,GUARDA RESULTADOS,FLORA BACTERIANA=NORMAL
*************
14-11-2017 12:34:11,ross,GUARDA RESULTADOS,ALMIDONES=+
*************
14-11-2017 12:34:11,ross,GUARDA RESULTADOS,GRASAS=+
*************
14-11-2017 12:34:31,ross,GUARDA RESULTADOS,WBCH=4
*************
14-11-2017 12:34:31,ross,GUARDA RESULTADOS,NEUH=4
*************
14-11-2017 12:34:31,ross,GUARDA RESULTADOS,LYMH=4
*************
14-11-2017 12:34:31,ross,GUARDA RESULTADOS,MONOH=4
*************
14-11-2017 12:34:31,ross,GUARDA RESULTADOS,EOSH=4
*************
14-11-2017 12:34:31,ross,GUARDA RESULTADOS,BASOH=4
*************
14-11-2017 12:34:31,ross,GUARDA RESULTADOS,NEU%25H=4
*************
14-11-2017 12:34:31,ross,GUARDA RESULTADOS,LYM%25H=4
*************
14-11-2017 12:34:31,ross,GUARDA RESULTADOS,MONO%25H=4
*************
14-11-2017 12:34:31,ross,GUARDA RESULTADOS,EOS%25H=3
*************
14-11-2017 12:34:31,ross,GUARDA RESULTADOS,BASO%25H=3
*************
14-11-2017 12:34:31,ross,GUARDA RESULTADOS,RBCH=3
*************
14-11-2017 12:34:31,ross,GUARDA RESULTADOS,HCTH=3
*************
14-11-2017 12:34:31,ross,GUARDA RESULTADOS,HGBH=3
*************
14-11-2017 12:34:31,ross,GUARDA RESULTADOS,MCVH=12
*************
14-11-2017 12:34:31,ross,GUARDA RESULTADOS,MCHH=21
*************
14-11-2017 12:34:31,ross,GUARDA RESULTADOS,MCHCH=13
*************
14-11-2017 12:34:31,ross,GUARDA RESULTADOS,PLTH=5
*************
14-11-2017 12:34:31,ross,GUARDA RESULTADOS,PDWH=5
*************
14-11-2017 12:34:31,ross,GUARDA RESULTADOS,MPVH=5
*************
14-11-2017 12:34:31,ross,GUARDA RESULTADOS,PCTH=5
*************
14-11-2017 12:34:31,ross,GUARDA RESULTADOS,RDW_SDH=5
*************
14-11-2017 12:34:31,ross,GUARDA RESULTADOS,RDW_CVH=5
*************
14-11-2017 12:34:46,ross,GUARDA RESULTADOS,BIOMETRIA HEMATICA=MEMO
*************
14-11-2017 12:34:46,ross,GUARDA RESULTADOS,EMO=MEMO
*************
14-11-2017 12:34:46,ross,GUARDA RESULTADOS,COPROPARASITARIO=MEMO
*************
14-11-2017 12:34:46,ross,GUARDA RESULTADOS,CHOL=201
*************
14-11-2017 12:34:46,ross,GUARDA RESULTADOS,AHDL=23
*************
14-11-2017 12:34:46,ross,GUARDA RESULTADOS,LDL=125
*************
14-11-2017 12:34:46,ross,GUARDA RESULTADOS,TGL=120
*************
14-11-2017 12:34:48,ross,VALIDACION RESULTADO,PEDIDO=16/400101
*************
14-11-2017 12:34:48,ross,VALIDACION RESULTADO,PEDIDO=16/400149
*************
14-11-2017 12:34:48,ross,VALIDACION RESULTADO,PEDIDO=16/400150
*************
14-11-2017 12:34:48,ross,VALIDACION RESULTADO,PEDIDO=16/400151
*************
14-11-2017 12:34:48,ross,VALIDACION RESULTADO,PEDIDO=16/400230
*************
14-11-2017 12:34:48,ross,VALIDACION RESULTADO,PEDIDO=16/400244
*************
14-11-2017 12:34:48,ross,VALIDACION RESULTADO,PEDIDO=16/400476
*************
14-11-2017 12:35:06,ross,IMPRIME TODO,PEDIDO=16
*************
18-11-2017 12:52:25,,Ingreso USUARIO,Busca tabla invitado
*************
18-11-2017 12:53:42,,Ingreso USUARIO,Busca tabla invitado
*************
18-11-2017 12:59:56,,SUPERADO INTENTOS FALLIDO USR,
*************
18-11-2017 13:03:29,,SUPERADO INTENTOS FALLIDO USR,
*************
18-11-2017 13:14:49,,Ingreso USUARIO,Busca tabla invitado
*************
18-11-2017 13:24:49,,Ingreso USUARIO,Busca tabla invitado
*************
18-11-2017 13:26:31,,SUPERADO INTENTOS FALLIDO USR,
*************
19-11-2017 11:08:31,,Ingreso USUARIO,Busca tabla invitado
*************
20-11-2017 9:04:44,,Ingreso USUARIO,Busca tabla invitado
*************
20-11-2017 9:04:48,ross,Ingreso CONTRASEÑA,Busca tabla invitado
*************
20-11-2017 9:05:56,ross,Generar Paciente,Paciente=PACIENTE PRUEBA
*************
20-11-2017 9:07:52,ross,Actualiza Paciente,Paciente=PACIENTE PRUEBA
*************
20-11-2017 11:26:56,,Ingreso USUARIO,Busca tabla invitado
*************
20-11-2017 11:33:50,,Ingreso USUARIO,Busca tabla invitado
*************
20-11-2017 11:33:53,ross,Ingreso CONTRASEÑA,Busca tabla invitado
*************
27/11/2017 16:11:01,,SUPERADO INTENTOS FALLIDO USR,
*************
27/11/2017 16:26:44,,Ingreso USUARIO,Busca tabla invitado
*************
27/11/2017 16:26:51,ross,Ingreso CONTRASEÑA,Busca tabla invitado
*************
27/11/2017 21:21:39,,Ingreso USUARIO,Busca tabla invitado
*************
27/11/2017 21:22:03,ross,Ingreso CONTRASEÑA,Busca tabla invitado
*************
27/11/2017 21:32:55,,Ingreso USUARIO,Busca tabla invitado
*************
27/11/2017 21:33:03,,Ingreso CONTRASEÑA FALLIDO,
*************
27/11/2017 21:33:03,,Ingreso CONTRASEÑA,Busca tabla invitado
*************
27/11/2017 21:33:04,ross,Ingreso CONTRASEÑA,Busca tabla invitado
*************
27/11/2017 21:33:36,ross,Ingreso o Actualización Permisos de Usuario,
*************
27/11/2017 21:33:36,ross,Ingreso o Actualización Permisos de Usuario,
*************
27/11/2017 21:33:36,ross,Ingreso o Actualización Permisos de Usuario,
*************
27/11/2017 21:33:36,ross,Ingreso o Actualización Permisos de Usuario,
*************
27/11/2017 21:33:36,ross,Ingreso o Actualización Permisos de Usuario,
*************
27/11/2017 21:33:36,ross,Ingreso o Actualización Permisos de Usuario,
*************
27/11/2017 21:33:36,ross,Ingreso o Actualización Permisos de Usuario,
*************
27/11/2017 21:33:36,ross,Ingreso o Actualización Permisos de Usuario,
*************
27/11/2017 21:33:36,ross,Ingreso o Actualización Permisos de Usuario,
*************
27/11/2017 21:33:36,ross,Ingreso o Actualización Permisos de Usuario,
*************
27/11/2017 21:33:36,ross,Ingreso o Actualización Permisos de Usuario,
*************
27/11/2017 21:33:36,ross,Ingreso o Actualización Permisos de Usuario,
*************
27/11/2017 21:33:36,ross,Ingreso o Actualización Permisos de Usuario,
*************
27/11/2017 21:33:36,ross,Ingreso o Actualización Permisos de Usuario,
*************
27/11/2017 21:33:36,ross,Ingreso o Actualización Permisos de Usuario,
*************
27/11/2017 21:33:36,ross,Ingreso o Actualización Permisos de Usuario,
*************
27/11/2017 21:33:37,ross,Ingreso o Actualización Permisos de Usuario,
*************
27/11/2017 21:33:37,ross,Ingreso o Actualización Permisos de Usuario,
*************
27/11/2017 21:33:37,ross,Ingreso o Actualización Permisos de Usuario,
*************
27/11/2017 21:33:37,ross,Ingreso o Actualización Permisos de Usuario,
*************
27/11/2017 21:33:37,ross,Ingreso o Actualización Permisos de Usuario,
*************
27/11/2017 21:33:37,ross,Ingreso o Actualización Permisos de Usuario,
*************
27/11/2017 21:33:37,ross,Ingreso o Actualización Permisos de Usuario,
*************
27/11/2017 21:33:37,ross,Ingreso o Actualización Permisos de Usuario,
*************
27/11/2017 21:33:37,ross,Ingreso o Actualización Permisos de Usuario,
*************
27/11/2017 21:33:37,ross,Ingreso o Actualización Permisos de Usuario,
*************
27/11/2017 21:33:37,ross,Ingreso o Actualización Permisos de Usuario,
*************
27/11/2017 21:33:37,ross,Ingreso o Actualización Permisos de Usuario,
*************
27/11/2017 21:33:37,ross,Ingreso o Actualización Permisos de Usuario,
*************
27/11/2017 21:33:37,ross,Ingreso o Actualización Permisos de Usuario,
*************
27/11/2017 21:33:37,ross,Ingreso o Actualización Permisos de Usuario,
*************
27/11/2017 21:33:37,ross,Ingreso o Actualización Permisos de Usuario,
*************
27/11/2017 21:33:37,ross,Ingreso o Actualización Permisos de Usuario,
*************
27/11/2017 21:33:37,ross,Ingreso o Actualización Permisos de Usuario,
*************
27/11/2017 21:33:37,ross,Ingreso o Actualización Permisos de Usuario,
*************
27/11/2017 21:33:37,ross,Ingreso o Actualización Permisos de Usuario,
*************
27/11/2017 21:33:37,ross,Ingreso o Actualización Permisos de Usuario,
*************
27/11/2017 21:33:37,ross,Ingreso o Actualización Permisos de Usuario,
*************
27/11/2017 21:33:37,ross,Ingreso o Actualización Permisos de Usuario,
*************
27/11/2017 21:33:37,ross,Ingreso o Actualización Permisos de Usuario,
*************
27/11/2017 21:33:57,,Ingreso USUARIO,Busca tabla invitado
*************
27/11/2017 21:33:59,ross,Ingreso CONTRASEÑA,Busca tabla invitado
*************
28/11/2017 12:28:59,,Ingreso USUARIO,Busca tabla invitado
*************
28/11/2017 12:29:07,ross,Ingreso CONTRASEÑA,Busca tabla invitado
*************
28/11/2017 12:29:27,,Ingreso USUARIO,Busca tabla invitado
*************
28/11/2017 12:29:28,ross,Ingreso CONTRASEÑA,Busca tabla invitado
*************
28/11/2017 14:58:43,,Ingreso USUARIO,Busca tabla invitado
*************
28/11/2017 14:58:47,ross,Ingreso CONTRASEÑA,Busca tabla invitado
*************
28/11/2017 15:18:52,,Ingreso USUARIO,Busca tabla invitado
*************
28/11/2017 15:18:53,ross,Ingreso CONTRASEÑA,Busca tabla invitado
*************
28/11/2017 15:45:15,,Ingreso USUARIO,Busca tabla invitado
*************
28/11/2017 15:45:16,ross,Ingreso CONTRASEÑA,Busca tabla invitado
*************
28/11/2017 15:48:54,,Ingreso USUARIO,Busca tabla invitado
*************
28/11/2017 15:48:55,ross,Ingreso CONTRASEÑA,Busca tabla invitado
*************
28/11/2017 15:52:35,,Ingreso USUARIO,Busca tabla invitado
*************
28/11/2017 15:52:37,ross,Ingreso CONTRASEÑA,Busca tabla invitado
*************
28/11/2017 15:54:24,,Ingreso USUARIO,Busca tabla invitado
*************
28/11/2017 15:54:26,ross,Ingreso CONTRASEÑA,Busca tabla invitado
*************
