23/10/2017 15:57:07,,Ingreso USUARIO,Busca tabla invitado
*************
23/10/2017 15:57:08,ross,Ingreso CONTRASEÑA,Busca tabla invitado
*************
23/10/2017 15:58:20,ross,Nuevo Pedido PRE CARGA,ENLACE/606
*************
23/10/2017 15:58:21,ross,Nuevo Pedido PRE CARGA,ENLACE/607
*************
23/10/2017 15:58:23,ross,Nuevo Pedido PRE CARGA,ENLACE/608
*************
23/10/2017 15:58:24,ross,Nuevo Pedido PRE CARGA,ENLACE/609
*************
23/10/2017 15:58:26,ross,Nuevo Pedido PRE CARGA,ENLACE/610
*************
23/10/2017 15:58:27,ross,Nuevo Pedido PRE CARGA,ENLACE/611
*************
23/10/2017 15:58:29,ross,Nuevo Pedido PRE CARGA,ENLACE/612
*************
23/10/2017 15:58:30,ross,Nuevo Pedido PRE CARGA,ENLACE/613
*************
23/10/2017 15:58:32,ross,Nuevo Pedido PRE CARGA,ENLACE/614
*************
23/10/2017 15:58:34,ross,Nuevo Pedido PRE CARGA,ENLACE/615
*************
23/10/2017 15:58:37,ross,Nuevo Pedido PRE CARGA,ENLACE/616
*************
23/10/2017 16:04:09,,Ingreso USUARIO,Busca tabla invitado
*************
23/10/2017 16:04:11,ross,Ingreso CONTRASEÑA,Busca tabla invitado
*************
23/10/2017 16:05:18,ross,Nuevo Pedido PRE CARGA,ENLACE/617
*************
23/10/2017 16:05:19,ross,Nuevo Pedido PRE CARGA,ENLACE/618
*************
23/10/2017 16:05:21,ross,Nuevo Pedido PRE CARGA,ENLACE/619
*************
23/10/2017 16:05:23,ross,Nuevo Pedido PRE CARGA,ENLACE/620
*************
23/10/2017 16:05:24,ross,Nuevo Pedido PRE CARGA,ENLACE/621
*************
23/10/2017 16:08:02,,Ingreso USUARIO,Busca tabla invitado
*************
23/10/2017 16:08:03,ross,Ingreso CONTRASEÑA,Busca tabla invitado
*************
23/10/2017 16:08:26,ross,Nuevo Pedido PRE CARGA,ENLACE/622
*************
23/10/2017 16:08:27,ross,Nuevo Pedido PRE CARGA,ENLACE/623
*************
23/10/2017 16:08:28,ross,Nuevo Pedido PRE CARGA,ENLACE/624
*************
23/10/2017 16:08:30,ross,Nuevo Pedido PRE CARGA,ENLACE/625
*************
23/10/2017 16:08:31,ross,Nuevo Pedido PRE CARGA,ENLACE/626
*************
23/10/2017 16:11:57,,Ingreso USUARIO,Busca tabla invitado
*************
23/10/2017 16:11:58,ross,Ingreso CONTRASEÑA,Busca tabla invitado
*************
23/10/2017 16:12:27,ross,Nuevo Pedido PRE CARGA,ENLACE/627
*************
23/10/2017 16:12:29,ross,Nuevo Pedido PRE CARGA,ENLACE/628
*************
23/10/2017 16:12:30,ross,Nuevo Pedido PRE CARGA,ENLACE/629
*************
23/10/2017 16:12:31,ross,Nuevo Pedido PRE CARGA,ENLACE/630
*************
23/10/2017 16:20:06,,Ingreso USUARIO,Busca tabla invitado
*************
23/10/2017 16:20:08,ross,Ingreso CONTRASEÑA,Busca tabla invitado
*************
23/10/2017 16:21:14,,Ingreso USUARIO,Busca tabla invitado
*************
23/10/2017 16:21:15,ross,Ingreso CONTRASEÑA,Busca tabla invitado
*************
23/10/2017 16:21:43,ross,Nuevo Pedido PRE CARGA,ENLACE/631
*************
23/10/2017 16:21:44,ross,Nuevo Pedido PRE CARGA,ENLACE/632
*************
23/10/2017 16:21:46,ross,Nuevo Pedido PRE CARGA,ENLACE/633
*************
23/10/2017 16:21:47,ross,Nuevo Pedido PRE CARGA,ENLACE/634
*************
23/10/2017 16:26:21,,Ingreso USUARIO,Busca tabla invitado
*************
23/10/2017 16:26:22,ross,Ingreso CONTRASEÑA,Busca tabla invitado
*************
23/10/2017 16:26:52,ross,Nuevo Pedido PRE CARGA,ENLACE/635
*************
23/10/2017 16:26:54,ross,Nuevo Pedido PRE CARGA,ENLACE/636
*************
23/10/2017 16:26:55,ross,Nuevo Pedido PRE CARGA,ENLACE/637
*************
23/10/2017 16:35:13,,Ingreso USUARIO,Busca tabla invitado
*************
23/10/2017 16:35:15,ross,Ingreso CONTRASEÑA,Busca tabla invitado
*************
23/10/2017 16:35:43,ross,Nuevo Pedido PRE CARGA,ENLACE/638
*************
23/10/2017 16:35:45,ross,Nuevo Pedido PRE CARGA,ENLACE/639
*************
23/10/2017 16:35:46,ross,Nuevo Pedido PRE CARGA,ENLACE/640
*************
23/10/2017 16:35:47,ross,Nuevo Pedido PRE CARGA,ENLACE/641
*************
23/10/2017 16:55:35,,Ingreso USUARIO,Busca tabla invitado
*************
23/10/2017 16:55:37,ross,Ingreso CONTRASEÑA,Busca tabla invitado
*************
23/10/2017 16:56:05,ross,Nuevo Pedido PRE CARGA,ENLACE/642
*************
23/10/2017 16:56:06,ross,Nuevo Pedido PRE CARGA,ENLACE/643
*************
23/10/2017 16:56:07,ross,Nuevo Pedido PRE CARGA,ENLACE/644
*************
23/10/2017 16:59:33,,Ingreso USUARIO,Busca tabla invitado
*************
23/10/2017 16:59:35,ross,Ingreso CONTRASEÑA,Busca tabla invitado
*************
23/10/2017 16:59:52,ross,Nuevo Pedido PRE CARGA,ENLACE/645
*************
23/10/2017 16:59:53,ross,Nuevo Pedido PRE CARGA,ENLACE/646
*************
23/10/2017 16:59:55,ross,Nuevo Pedido PRE CARGA,ENLACE/647
*************
24/10/2017 12:17:29,,Ingreso USUARIO,Busca tabla invitado
*************
24/10/2017 12:17:30,ross,Ingreso CONTRASEÑA,Busca tabla invitado
*************
25/10/2017 9:52:18,,Ingreso USUARIO,Busca tabla invitado
*************
25/10/2017 9:56:32,,Ingreso USUARIO,Busca tabla invitado
*************
25/10/2017 9:56:35,ross,Ingreso CONTRASEÑA,Busca tabla invitado
*************
25/10/2017 9:59:04,,Ingreso USUARIO,Busca tabla invitado
*************
25/10/2017 9:59:07,ross,Ingreso CONTRASEÑA,Busca tabla invitado
*************
25/10/2017 10:00:54,ross,Ingreso o Actualización Permisos de Usuario,
*************
25/10/2017 10:00:54,ross,Ingreso o Actualización Permisos de Usuario,
*************
25/10/2017 10:00:54,ross,Ingreso o Actualización Permisos de Usuario,
*************
25/10/2017 10:00:54,ross,Ingreso o Actualización Permisos de Usuario,
*************
25/10/2017 10:00:54,ross,Ingreso o Actualización Permisos de Usuario,
*************
25/10/2017 10:00:54,ross,Ingreso o Actualización Permisos de Usuario,
*************
25/10/2017 10:00:54,ross,Ingreso o Actualización Permisos de Usuario,
*************
25/10/2017 10:00:54,ross,Ingreso o Actualización Permisos de Usuario,
*************
25/10/2017 10:00:54,ross,Ingreso o Actualización Permisos de Usuario,
*************
25/10/2017 10:00:54,ross,Ingreso o Actualización Permisos de Usuario,
*************
25/10/2017 10:00:54,ross,Ingreso o Actualización Permisos de Usuario,
*************
25/10/2017 10:00:54,ross,Ingreso o Actualización Permisos de Usuario,
*************
25/10/2017 10:00:54,ross,Ingreso o Actualización Permisos de Usuario,
*************
25/10/2017 10:00:54,ross,Ingreso o Actualización Permisos de Usuario,
*************
25/10/2017 10:00:54,ross,Ingreso o Actualización Permisos de Usuario,
*************
25/10/2017 10:00:54,ross,Ingreso o Actualización Permisos de Usuario,
*************
25/10/2017 10:00:54,ross,Ingreso o Actualización Permisos de Usuario,
*************
25/10/2017 10:00:54,ross,Ingreso o Actualización Permisos de Usuario,
*************
25/10/2017 10:00:54,ross,Ingreso o Actualización Permisos de Usuario,
*************
25/10/2017 10:00:54,ross,Ingreso o Actualización Permisos de Usuario,
*************
25/10/2017 10:00:54,ross,Ingreso o Actualización Permisos de Usuario,
*************
25/10/2017 10:00:54,ross,Ingreso o Actualización Permisos de Usuario,
*************
25/10/2017 10:00:54,ross,Ingreso o Actualización Permisos de Usuario,
*************
25/10/2017 10:00:54,ross,Ingreso o Actualización Permisos de Usuario,
*************
25/10/2017 10:00:54,ross,Ingreso o Actualización Permisos de Usuario,
*************
25/10/2017 10:00:54,ross,Ingreso o Actualización Permisos de Usuario,
*************
25/10/2017 10:00:54,ross,Ingreso o Actualización Permisos de Usuario,
*************
25/10/2017 10:00:54,ross,Ingreso o Actualización Permisos de Usuario,
*************
25/10/2017 10:00:54,ross,Ingreso o Actualización Permisos de Usuario,
*************
25/10/2017 10:00:54,ross,Ingreso o Actualización Permisos de Usuario,
*************
25/10/2017 10:00:54,ross,Ingreso o Actualización Permisos de Usuario,
*************
25/10/2017 10:00:54,ross,Ingreso o Actualización Permisos de Usuario,
*************
25/10/2017 10:00:54,ross,Ingreso o Actualización Permisos de Usuario,
*************
25/10/2017 10:00:54,ross,Ingreso o Actualización Permisos de Usuario,
*************
25/10/2017 10:00:54,ross,Ingreso o Actualización Permisos de Usuario,
*************
25/10/2017 10:00:54,ross,Ingreso o Actualización Permisos de Usuario,
*************
25/10/2017 10:00:55,ross,Ingreso o Actualización Permisos de Usuario,
*************
25/10/2017 10:00:55,ross,Ingreso o Actualización Permisos de Usuario,
*************
25/10/2017 10:00:55,ross,Ingreso o Actualización Permisos de Usuario,
*************
25/10/2017 17:01:17,,Ingreso USUARIO,Busca tabla invitado
*************
25/10/2017 17:01:21,,Ingreso CONTRASEÑA FALLIDO,
*************
25/10/2017 17:01:21,,Ingreso CONTRASEÑA,Busca tabla invitado
*************
25/10/2017 17:01:22,ross,Ingreso CONTRASEÑA,Busca tabla invitado
*************
27/10/2017 13:29:33,,Ingreso USUARIO,Busca tabla invitado
*************
27/10/2017 13:29:38,,Ingreso CONTRASEÑA FALLIDO,
*************
27/10/2017 13:29:38,,Ingreso CONTRASEÑA,Busca tabla invitado
*************
27/10/2017 13:30:38,ross,Ingreso CONTRASEÑA,Busca tabla invitado
*************
27/10/2017 13:45:27,,Ingreso USUARIO,Busca tabla invitado
*************
27/10/2017 13:45:28,ross,Ingreso CONTRASEÑA,Busca tabla invitado
*************
27/10/2017 13:53:50,,Ingreso USUARIO,Busca tabla invitado
*************
27/10/2017 13:53:51,ross,Ingreso CONTRASEÑA,Busca tabla invitado
*************
27/10/2017 15:29:43,,Ingreso USUARIO,Busca tabla invitado
*************
27/10/2017 15:29:44,ross,Ingreso CONTRASEÑA,Busca tabla invitado
*************
27/10/2017 15:32:28,,Ingreso USUARIO,Busca tabla invitado
*************
27/10/2017 15:32:30,ross,Ingreso CONTRASEÑA,Busca tabla invitado
*************
