02/12/2018 12:13:04,,Ingreso USUARIO,Busca tabla invitado
*************
02/12/2018 12:13:10,ross,Ingreso CONTRASEÑA,Busca tabla invitado
*************
02/12/2018 12:17:37,ross,Nuevo Pedido PRE CARGA,TRAMACO/6
*************
02/12/2018 12:17:37,ross,Nuevo Pedido PRE CARGA,TRAMACO/7
*************
02/12/2018 12:17:37,ross,Nuevo Pedido PRE CARGA,TRAMACO/8
*************
02/12/2018 12:17:37,ross,Nuevo Pedido PRE CARGA,TRAMACO/9
*************
02/12/2018 12:17:37,ross,Nuevo Pedido PRE CARGA,TRAMACO/10
*************
02/12/2018 12:17:37,ross,Nuevo Pedido PRE CARGA,TRAMACO/11
*************
02/12/2018 12:17:37,ross,Nuevo Pedido PRE CARGA,TRAMACO/12
*************
02/12/2018 12:17:37,ross,Nuevo Pedido PRE CARGA,TRAMACO/13
*************
02/12/2018 12:17:37,ross,Nuevo Pedido PRE CARGA,TRAMACO/14
*************
02/12/2018 12:17:37,ross,Nuevo Pedido PRE CARGA,TRAMACO/15
*************
02/12/2018 12:17:37,ross,Nuevo Pedido PRE CARGA,TRAMACO/16
*************
02/12/2018 12:17:38,ross,Nuevo Pedido PRE CARGA,TRAMACO/17
*************
02/12/2018 12:17:38,ross,Nuevo Pedido PRE CARGA,TRAMACO/18
*************
02/12/2018 12:17:38,ross,Nuevo Pedido PRE CARGA,TRAMACO/19
*************
02/12/2018 12:17:38,ross,Nuevo Pedido PRE CARGA,TRAMACO/20
*************
02/12/2018 12:17:38,ross,Nuevo Pedido PRE CARGA,TRAMACO/21
*************
02/12/2018 12:17:38,ross,Nuevo Pedido PRE CARGA,TRAMACO/22
*************
02/12/2018 12:17:38,ross,Nuevo Pedido PRE CARGA,TRAMACO/23
*************
02/12/2018 12:17:38,ross,Nuevo Pedido PRE CARGA,TRAMACO/24
*************
02/12/2018 12:17:38,ross,Nuevo Pedido PRE CARGA,TRAMACO/25
*************
02/12/2018 12:17:38,ross,Nuevo Pedido PRE CARGA,TRAMACO/26
*************
02/12/2018 12:17:38,ross,Nuevo Pedido PRE CARGA,TRAMACO/27
*************
02/12/2018 12:17:38,ross,Nuevo Pedido PRE CARGA,TRAMACO/28
*************
02/12/2018 12:17:39,ross,Nuevo Pedido PRE CARGA,TRAMACO/29
*************
02/12/2018 12:17:39,ross,Nuevo Pedido PRE CARGA,TRAMACO/30
*************
02/12/2018 12:17:39,ross,Nuevo Pedido PRE CARGA,TRAMACO/31
*************
02/12/2018 12:17:39,ross,Nuevo Pedido PRE CARGA,TRAMACO/32
*************
02/12/2018 12:17:39,ross,Nuevo Pedido PRE CARGA,TRAMACO/33
*************
02/12/2018 12:17:39,ross,Nuevo Pedido PRE CARGA,TRAMACO/34
*************
02/12/2018 12:17:39,ross,Nuevo Pedido PRE CARGA,TRAMACO/35
*************
02/12/2018 12:18:32,ross,GUARDA RESULTADOS,AHDL=23
*************
02/12/2018 12:18:32,ross,GUARDA RESULTADOS,TGL=45
*************
02/12/2018 12:18:32,ross,GUARDA RESULTADOS,LDL=54
*************
02/12/2018 12:18:32,ross,GUARDA RESULTADOS,CHOL=67
*************
02/12/2018 12:18:58,ross,VALIDACION RESULTADO,PEDIDO=6/400149
*************
02/12/2018 12:18:58,ross,VALIDACION RESULTADO,PEDIDO=6/400150
*************
02/12/2018 12:18:58,ross,VALIDACION RESULTADO,PEDIDO=6/400151
*************
02/12/2018 12:18:58,ross,VALIDACION RESULTADO,PEDIDO=6/400476
*************
03/12/2018 11:42:07,,Ingreso USUARIO,Busca tabla invitado
*************
03/12/2018 11:42:08,ross,Ingreso CONTRASEÑA,Busca tabla invitado
*************
03/12/2018 11:42:27,ross,GUARDA RESULTADOS,BIOMETRIA HEMATICA=MEMO
*************
03/12/2018 11:42:27,ross,GUARDA RESULTADOS,CHOL=9
*************
03/12/2018 11:42:27,ross,GUARDA RESULTADOS,AHDL=9
*************
03/12/2018 11:42:27,ross,GUARDA RESULTADOS,LDL=9
*************
03/12/2018 11:42:27,ross,GUARDA RESULTADOS,TGL=9
*************
03/12/2018 11:43:13,ross,Inserta usuario web,Paciente=3 RFLORES
*************
03/12/2018 11:44:28,,Ingreso USUARIO,Busca tabla invitado
*************
03/12/2018 11:44:29,ross,Ingreso CONTRASEÑA,Busca tabla invitado
*************
03/12/2018 11:44:57,ross,GUARDA RESULTADOS,BIOMETRIA HEMATICA=MEMO
*************
03/12/2018 11:44:57,ross,GUARDA RESULTADOS,CHOL=9
*************
03/12/2018 11:44:57,ross,GUARDA RESULTADOS,AHDL=9
*************
03/12/2018 11:44:57,ross,GUARDA RESULTADOS,LDL=9
*************
03/12/2018 11:44:57,ross,GUARDA RESULTADOS,TGL=9
*************
03/12/2018 11:45:18,ross,Inserta usuario web,Paciente=3 RFLORES
*************
03/12/2018 12:04:35,,Ingreso USUARIO,Busca tabla invitado
*************
03/12/2018 12:04:38,ross,Ingreso CONTRASEÑA,Busca tabla invitado
*************
03/12/2018 12:05:34,ross,Nuevo Convenio,Convenio=GLOBAL
*************
03/12/2018 12:05:34,ross,Guardar secuencia,SECUENCIA=GLOBAL/2000/2999
*************
03/12/2018 12:09:26,,Ingreso USUARIO,Busca tabla invitado
*************
03/12/2018 12:09:27,ross,Ingreso CONTRASEÑA,Busca tabla invitado
*************
03/12/2018 12:10:06,ross,Nuevo Convenio,Convenio=GLOBAL
*************
03/12/2018 12:10:06,ross,Guardar secuencia,SECUENCIA=GLOBAL/2000/2999
*************
03/12/2018 15:58:01,,Ingreso USUARIO,Busca tabla invitado
*************
03/12/2018 15:58:03,,Ingreso CONTRASEÑA FALLIDO,
*************
03/12/2018 15:58:03,,Ingreso CONTRASEÑA,Busca tabla invitado
*************
03/12/2018 15:58:05,ross,Ingreso CONTRASEÑA,Busca tabla invitado
*************
03/12/2018 15:59:52,ross,Nuevo Pedido PRE CARGA,GLOBAL/36
*************
03/12/2018 15:59:52,ross,Nuevo Pedido PRE CARGA,GLOBAL/37
*************
03/12/2018 15:59:52,ross,Nuevo Pedido PRE CARGA,GLOBAL/38
*************
03/12/2018 15:59:52,ross,Nuevo Pedido PRE CARGA,GLOBAL/39
*************
03/12/2018 15:59:52,ross,Nuevo Pedido PRE CARGA,GLOBAL/40
*************
03/12/2018 15:59:52,ross,Nuevo Pedido PRE CARGA,GLOBAL/41
*************
03/12/2018 15:59:52,ross,Nuevo Pedido PRE CARGA,GLOBAL/42
*************
03/12/2018 15:59:52,ross,Nuevo Pedido PRE CARGA,GLOBAL/43
*************
03/12/2018 15:59:53,ross,Nuevo Pedido PRE CARGA,GLOBAL/44
*************
03/12/2018 15:59:53,ross,Nuevo Pedido PRE CARGA,GLOBAL/45
*************
03/12/2018 15:59:53,ross,Nuevo Pedido PRE CARGA,GLOBAL/46
*************
03/12/2018 15:59:53,ross,Nuevo Pedido PRE CARGA,GLOBAL/47
*************
03/12/2018 15:59:53,ross,Nuevo Pedido PRE CARGA,GLOBAL/48
*************
03/12/2018 15:59:53,ross,Nuevo Pedido PRE CARGA,GLOBAL/49
*************
03/12/2018 15:59:53,ross,Nuevo Pedido PRE CARGA,GLOBAL/50
*************
03/12/2018 15:59:53,ross,Nuevo Pedido PRE CARGA,GLOBAL/51
*************
03/12/2018 15:59:54,ross,Nuevo Pedido PRE CARGA,GLOBAL/52
*************
03/12/2018 15:59:54,ross,Nuevo Pedido PRE CARGA,GLOBAL/53
*************
03/12/2018 15:59:54,ross,Nuevo Pedido PRE CARGA,GLOBAL/54
*************
03/12/2018 15:59:54,ross,Nuevo Pedido PRE CARGA,GLOBAL/55
*************
03/12/2018 15:59:54,ross,Nuevo Pedido PRE CARGA,GLOBAL/56
*************
03/12/2018 15:59:54,ross,Nuevo Pedido PRE CARGA,GLOBAL/57
*************
03/12/2018 15:59:54,ross,Nuevo Pedido PRE CARGA,GLOBAL/58
*************
03/12/2018 15:59:54,ross,Nuevo Pedido PRE CARGA,GLOBAL/59
*************
03/12/2018 15:59:54,ross,Nuevo Pedido PRE CARGA,GLOBAL/60
*************
03/12/2018 15:59:54,ross,Nuevo Pedido PRE CARGA,GLOBAL/61
*************
03/12/2018 15:59:54,ross,Nuevo Pedido PRE CARGA,GLOBAL/62
*************
03/12/2018 15:59:54,ross,Nuevo Pedido PRE CARGA,GLOBAL/63
*************
03/12/2018 15:59:54,ross,Nuevo Pedido PRE CARGA,GLOBAL/64
*************
03/12/2018 15:59:54,ross,Nuevo Pedido PRE CARGA,GLOBAL/65
*************
03/12/2018 16:00:13,ross,GUARDA RESULTADOS,CHOL=5
*************
03/12/2018 16:00:13,ross,GUARDA RESULTADOS,AHDL=5
*************
03/12/2018 16:00:13,ross,GUARDA RESULTADOS,LDL=5
*************
03/12/2018 16:00:13,ross,GUARDA RESULTADOS,TGL=5
*************
03/12/2018 16:00:16,ross,VALIDACION RESULTADO,PEDIDO=43/400149
*************
03/12/2018 16:00:16,ross,VALIDACION RESULTADO,PEDIDO=43/400150
*************
03/12/2018 16:00:16,ross,VALIDACION RESULTADO,PEDIDO=43/400151
*************
03/12/2018 16:00:16,ross,VALIDACION RESULTADO,PEDIDO=43/400476
*************
03/12/2018 16:00:24,ross,GUARDA RESULTADOS,CHOL=4
*************
03/12/2018 16:00:24,ross,GUARDA RESULTADOS,AHDL=4
*************
03/12/2018 16:00:24,ross,GUARDA RESULTADOS,LDL=4
*************
03/12/2018 16:00:24,ross,GUARDA RESULTADOS,TGL=4
*************
03/12/2018 16:00:25,ross,VALIDACION RESULTADO,PEDIDO=38/400149
*************
03/12/2018 16:00:25,ross,VALIDACION RESULTADO,PEDIDO=38/400150
*************
03/12/2018 16:00:25,ross,VALIDACION RESULTADO,PEDIDO=38/400151
*************
03/12/2018 16:00:25,ross,VALIDACION RESULTADO,PEDIDO=38/400476
*************
03/12/2018 16:00:39,ross,GUARDA RESULTADOS,CHOL=1
*************
03/12/2018 16:00:39,ross,GUARDA RESULTADOS,AHDL=1
*************
03/12/2018 16:00:39,ross,GUARDA RESULTADOS,LDL=1
*************
03/12/2018 16:00:39,ross,GUARDA RESULTADOS,TGL=1
*************
03/12/2018 16:00:40,ross,VALIDACION RESULTADO,PEDIDO=40/400149
*************
03/12/2018 16:00:40,ross,VALIDACION RESULTADO,PEDIDO=40/400150
*************
03/12/2018 16:00:40,ross,VALIDACION RESULTADO,PEDIDO=40/400151
*************
03/12/2018 16:00:40,ross,VALIDACION RESULTADO,PEDIDO=40/400476
*************
04/12/2018 15:38:31,,Ingreso USUARIO,Busca tabla invitado
*************
04/12/2018 15:38:33,ross,Ingreso CONTRASEÑA,Busca tabla invitado
*************
04/12/2018 15:39:23,ross,1 GENERAR ORDEN,PEDIDO=66
*************
04/12/2018 15:39:24,ross,2 IMPRIMIR COD BARRAS,PEDIDO=66
*************
10/12/2018 11:49:29,,Ingreso USUARIO,Busca tabla invitado
*************
10/12/2018 11:49:30,ross,Ingreso CONTRASEÑA,Busca tabla invitado
*************
10/12/2018 11:49:55,ross,1 GENERAR ORDEN,PEDIDO=1
*************
10/12/2018 11:49:57,ross,2 IMPRIMIR COD BARRAS,PEDIDO=01
*************
10/12/2018 12:06:00,ross,IMPRIMIR HOJA TRABAJO,
*************
10/12/2018 12:28:10,,Ingreso USUARIO,Busca tabla invitado
*************
10/12/2018 12:28:11,ross,Ingreso CONTRASEÑA,Busca tabla invitado
*************
10/12/2018 13:56:16,,Ingreso USUARIO,Busca tabla invitado
*************
10/12/2018 13:56:18,ross,Ingreso CONTRASEÑA,Busca tabla invitado
*************
10/12/2018 14:07:42,,Ingreso USUARIO,Busca tabla invitado
*************
10/12/2018 14:07:43,ross,Ingreso CONTRASEÑA,Busca tabla invitado
*************
10/12/2018 14:08:36,,Ingreso USUARIO,Busca tabla invitado
*************
10/12/2018 14:08:36,ross,Ingreso CONTRASEÑA,Busca tabla invitado
*************
10/12/2018 14:21:16,,Ingreso USUARIO,Busca tabla invitado
*************
10/12/2018 14:21:17,ross,Ingreso CONTRASEÑA,Busca tabla invitado
*************
10/12/2018 14:32:40,,Ingreso USUARIO,Busca tabla invitado
*************
10/12/2018 14:32:41,ross,Ingreso CONTRASEÑA,Busca tabla invitado
*************
10/12/2018 14:42:17,,Ingreso USUARIO,Busca tabla invitado
*************
10/12/2018 14:42:18,ross,Ingreso CONTRASEÑA,Busca tabla invitado
*************
10/12/2018 14:50:19,,Ingreso USUARIO,Busca tabla invitado
*************
10/12/2018 14:50:20,ross,Ingreso CONTRASEÑA,Busca tabla invitado
*************
10/12/2018 14:59:51,,Ingreso USUARIO,Busca tabla invitado
*************
10/12/2018 14:59:52,ross,Ingreso CONTRASEÑA,Busca tabla invitado
*************
10/12/2018 15:03:06,,Ingreso USUARIO,Busca tabla invitado
*************
10/12/2018 15:03:07,ross,Ingreso CONTRASEÑA,Busca tabla invitado
*************
10/12/2018 15:04:04,ross,1 GENERAR ORDEN,PEDIDO=1
*************
10/12/2018 15:04:07,ross,2 IMPRIMIR COD BARRAS,PEDIDO=01
*************
10/12/2018 15:06:33,,Ingreso USUARIO,Busca tabla invitado
*************
10/12/2018 15:06:34,ross,Ingreso CONTRASEÑA,Busca tabla invitado
*************
10/12/2018 15:09:56,,Ingreso USUARIO,Busca tabla invitado
*************
10/12/2018 15:09:57,ross,Ingreso CONTRASEÑA,Busca tabla invitado
*************
10/12/2018 15:13:18,,Ingreso USUARIO,Busca tabla invitado
*************
10/12/2018 15:13:19,ross,Ingreso CONTRASEÑA,Busca tabla invitado
*************
10/12/2018 15:19:40,,Ingreso USUARIO,Busca tabla invitado
*************
10/12/2018 15:19:41,ross,Ingreso CONTRASEÑA,Busca tabla invitado
*************
10/12/2018 15:20:44,ross,Nuevo Pedido PRE CARGA,NORMAL/4
*************
10/12/2018 15:21:13,ross,Nuevo Pedido PRE CARGA,NORMAL/5
*************
10/12/2018 15:23:37,,Ingreso USUARIO,Busca tabla invitado
*************
10/12/2018 15:23:38,ross,Ingreso CONTRASEÑA,Busca tabla invitado
*************
10/12/2018 15:23:50,ross,Nuevo Pedido PRE CARGA,NORMAL/1
*************
10/12/2018 15:23:50,ross,Nuevo Pedido PRE CARGA,NORMAL/2
*************
10/12/2018 15:23:50,ross,Nuevo Pedido PRE CARGA,NORMAL/3
*************
10/12/2018 15:23:50,ross,Nuevo Pedido PRE CARGA,NORMAL/4
*************
10/12/2018 15:23:50,ross,Nuevo Pedido PRE CARGA,NORMAL/5
*************
10/12/2018 15:23:50,ross,Nuevo Pedido PRE CARGA,NORMAL/6
*************
10/12/2018 15:23:50,ross,Nuevo Pedido PRE CARGA,NORMAL/7
*************
10/12/2018 15:23:50,ross,Nuevo Pedido PRE CARGA,NORMAL/8
*************
10/12/2018 15:23:50,ross,Nuevo Pedido PRE CARGA,NORMAL/9
*************
10/12/2018 15:23:50,ross,Nuevo Pedido PRE CARGA,NORMAL/10
*************
10/12/2018 15:23:50,ross,Nuevo Pedido PRE CARGA,NORMAL/11
*************
10/12/2018 15:23:50,ross,Nuevo Pedido PRE CARGA,NORMAL/12
*************
10/12/2018 15:23:50,ross,Nuevo Pedido PRE CARGA,NORMAL/13
*************
10/12/2018 15:23:50,ross,Nuevo Pedido PRE CARGA,NORMAL/14
*************
10/12/2018 15:23:50,ross,Nuevo Pedido PRE CARGA,NORMAL/15
*************
10/12/2018 15:23:50,ross,Nuevo Pedido PRE CARGA,NORMAL/16
*************
10/12/2018 15:23:50,ross,Nuevo Pedido PRE CARGA,NORMAL/17
*************
10/12/2018 15:23:50,ross,Nuevo Pedido PRE CARGA,NORMAL/18
*************
10/12/2018 15:23:50,ross,Nuevo Pedido PRE CARGA,NORMAL/19
*************
10/12/2018 15:23:51,ross,Nuevo Pedido PRE CARGA,NORMAL/20
*************
10/12/2018 15:23:51,ross,Nuevo Pedido PRE CARGA,NORMAL/21
*************
10/12/2018 15:23:51,ross,Nuevo Pedido PRE CARGA,NORMAL/22
*************
10/12/2018 15:23:51,ross,Nuevo Pedido PRE CARGA,NORMAL/23
*************
10/12/2018 15:23:51,ross,Nuevo Pedido PRE CARGA,NORMAL/24
*************
10/12/2018 15:23:51,ross,Nuevo Pedido PRE CARGA,NORMAL/25
*************
10/12/2018 15:23:51,ross,Nuevo Pedido PRE CARGA,NORMAL/26
*************
10/12/2018 15:23:51,ross,Nuevo Pedido PRE CARGA,NORMAL/27
*************
10/12/2018 15:23:51,ross,Nuevo Pedido PRE CARGA,NORMAL/28
*************
10/12/2018 15:23:51,ross,Nuevo Pedido PRE CARGA,NORMAL/29
*************
10/12/2018 15:23:51,ross,Nuevo Pedido PRE CARGA,NORMAL/30
*************
10/12/2018 15:35:02,,Ingreso USUARIO,Busca tabla invitado
*************
10/12/2018 15:35:04,ross,Ingreso CONTRASEÑA,Busca tabla invitado
*************
10/12/2018 15:35:32,ross,Nuevo Pedido PRE CARGA,NORMAL/31
*************
10/12/2018 15:35:32,ross,Nuevo Pedido PRE CARGA,NORMAL/32
*************
10/12/2018 15:35:32,ross,Nuevo Pedido PRE CARGA,NORMAL/33
*************
10/12/2018 15:35:32,ross,Nuevo Pedido PRE CARGA,NORMAL/34
*************
10/12/2018 15:35:32,ross,Nuevo Pedido PRE CARGA,NORMAL/35
*************
10/12/2018 15:35:32,ross,Nuevo Pedido PRE CARGA,NORMAL/36
*************
10/12/2018 15:35:32,ross,Nuevo Pedido PRE CARGA,NORMAL/37
*************
10/12/2018 15:35:33,ross,Nuevo Pedido PRE CARGA,NORMAL/38
*************
10/12/2018 15:35:33,ross,Nuevo Pedido PRE CARGA,NORMAL/39
*************
10/12/2018 15:35:33,ross,Nuevo Pedido PRE CARGA,NORMAL/40
*************
10/12/2018 15:35:33,ross,Nuevo Pedido PRE CARGA,NORMAL/41
*************
10/12/2018 15:35:33,ross,Nuevo Pedido PRE CARGA,NORMAL/42
*************
10/12/2018 15:35:33,ross,Nuevo Pedido PRE CARGA,NORMAL/43
*************
10/12/2018 15:35:33,ross,Nuevo Pedido PRE CARGA,NORMAL/44
*************
10/12/2018 15:35:33,ross,Nuevo Pedido PRE CARGA,NORMAL/45
*************
10/12/2018 15:35:33,ross,Nuevo Pedido PRE CARGA,NORMAL/46
*************
10/12/2018 15:35:33,ross,Nuevo Pedido PRE CARGA,NORMAL/47
*************
10/12/2018 15:35:33,ross,Nuevo Pedido PRE CARGA,NORMAL/48
*************
10/12/2018 15:35:33,ross,Nuevo Pedido PRE CARGA,NORMAL/49
*************
10/12/2018 15:35:33,ross,Nuevo Pedido PRE CARGA,NORMAL/50
*************
10/12/2018 15:35:33,ross,Nuevo Pedido PRE CARGA,NORMAL/51
*************
10/12/2018 15:35:33,ross,Nuevo Pedido PRE CARGA,NORMAL/52
*************
10/12/2018 15:35:33,ross,Nuevo Pedido PRE CARGA,NORMAL/53
*************
10/12/2018 15:35:33,ross,Nuevo Pedido PRE CARGA,NORMAL/54
*************
10/12/2018 15:35:33,ross,Nuevo Pedido PRE CARGA,NORMAL/55
*************
10/12/2018 15:35:33,ross,Nuevo Pedido PRE CARGA,NORMAL/56
*************
10/12/2018 15:35:33,ross,Nuevo Pedido PRE CARGA,NORMAL/57
*************
10/12/2018 15:35:33,ross,Nuevo Pedido PRE CARGA,NORMAL/58
*************
10/12/2018 15:35:33,ross,Nuevo Pedido PRE CARGA,NORMAL/59
*************
10/12/2018 15:35:33,ross,Nuevo Pedido PRE CARGA,NORMAL/60
*************
10/12/2018 15:39:13,,Ingreso USUARIO,Busca tabla invitado
*************
10/12/2018 15:39:14,ross,Ingreso CONTRASEÑA,Busca tabla invitado
*************
10/12/2018 15:39:33,ross,Nuevo Pedido PRE CARGA,NORMAL/1
*************
10/12/2018 15:39:33,ross,Nuevo Pedido PRE CARGA,NORMAL/2
*************
10/12/2018 15:39:33,ross,Nuevo Pedido PRE CARGA,NORMAL/3
*************
10/12/2018 15:39:33,ross,Nuevo Pedido PRE CARGA,NORMAL/4
*************
10/12/2018 15:39:33,ross,Nuevo Pedido PRE CARGA,NORMAL/5
*************
10/12/2018 15:39:33,ross,Nuevo Pedido PRE CARGA,NORMAL/6
*************
10/12/2018 15:39:33,ross,Nuevo Pedido PRE CARGA,NORMAL/7
*************
10/12/2018 15:39:33,ross,Nuevo Pedido PRE CARGA,NORMAL/8
*************
10/12/2018 15:39:33,ross,Nuevo Pedido PRE CARGA,NORMAL/9
*************
10/12/2018 15:39:33,ross,Nuevo Pedido PRE CARGA,NORMAL/10
*************
10/12/2018 15:39:33,ross,Nuevo Pedido PRE CARGA,NORMAL/11
*************
10/12/2018 15:39:34,ross,Nuevo Pedido PRE CARGA,NORMAL/12
*************
10/12/2018 15:39:34,ross,Nuevo Pedido PRE CARGA,NORMAL/13
*************
10/12/2018 15:39:34,ross,Nuevo Pedido PRE CARGA,NORMAL/14
*************
10/12/2018 15:39:34,ross,Nuevo Pedido PRE CARGA,NORMAL/15
*************
10/12/2018 15:39:34,ross,Nuevo Pedido PRE CARGA,NORMAL/16
*************
10/12/2018 15:39:34,ross,Nuevo Pedido PRE CARGA,NORMAL/17
*************
10/12/2018 15:39:34,ross,Nuevo Pedido PRE CARGA,NORMAL/18
*************
10/12/2018 15:39:34,ross,Nuevo Pedido PRE CARGA,NORMAL/19
*************
10/12/2018 15:39:34,ross,Nuevo Pedido PRE CARGA,NORMAL/20
*************
10/12/2018 15:39:34,ross,Nuevo Pedido PRE CARGA,NORMAL/21
*************
10/12/2018 15:39:34,ross,Nuevo Pedido PRE CARGA,NORMAL/22
*************
10/12/2018 15:39:34,ross,Nuevo Pedido PRE CARGA,NORMAL/23
*************
10/12/2018 15:39:34,ross,Nuevo Pedido PRE CARGA,NORMAL/24
*************
10/12/2018 15:39:34,ross,Nuevo Pedido PRE CARGA,NORMAL/25
*************
10/12/2018 15:39:34,ross,Nuevo Pedido PRE CARGA,NORMAL/26
*************
10/12/2018 15:39:34,ross,Nuevo Pedido PRE CARGA,NORMAL/27
*************
10/12/2018 15:39:34,ross,Nuevo Pedido PRE CARGA,NORMAL/28
*************
10/12/2018 15:39:34,ross,Nuevo Pedido PRE CARGA,NORMAL/29
*************
10/12/2018 15:39:34,ross,Nuevo Pedido PRE CARGA,NORMAL/30
*************
10/12/2018 15:44:58,,Ingreso USUARIO,Busca tabla invitado
*************
10/12/2018 15:44:59,ross,Ingreso CONTRASEÑA,Busca tabla invitado
*************
10/12/2018 15:49:58,,Ingreso USUARIO,Busca tabla invitado
*************
10/12/2018 15:50:04,ross,Ingreso CONTRASEÑA,Busca tabla invitado
*************
10/12/2018 15:55:27,,Ingreso USUARIO,Busca tabla invitado
*************
10/12/2018 15:55:28,ross,Ingreso CONTRASEÑA,Busca tabla invitado
*************
10/12/2018 15:57:18,,Ingreso USUARIO,Busca tabla invitado
*************
10/12/2018 15:57:21,ross,Ingreso CONTRASEÑA,Busca tabla invitado
*************
10/12/2018 15:57:55,ross,Nuevo Pedido PRE CARGA,NORMAL                                            /1   /999/31
*************
10/12/2018 15:57:55,ross,Nuevo Pedido PRE CARGA,NORMAL                                            /1   /999/32
*************
10/12/2018 15:57:55,ross,Nuevo Pedido PRE CARGA,NORMAL                                            /1   /999/33
*************
10/12/2018 15:57:56,ross,Nuevo Pedido PRE CARGA,NORMAL                                            /1   /999/34
*************
10/12/2018 15:57:56,ross,Nuevo Pedido PRE CARGA,NORMAL                                            /1   /999/35
*************
10/12/2018 15:57:56,ross,Nuevo Pedido PRE CARGA,NORMAL                                            /1   /999/36
*************
10/12/2018 15:57:56,ross,Nuevo Pedido PRE CARGA,NORMAL                                            /1   /999/37
*************
10/12/2018 15:57:56,ross,Nuevo Pedido PRE CARGA,NORMAL                                            /1   /999/38
*************
10/12/2018 15:57:56,ross,Nuevo Pedido PRE CARGA,NORMAL                                            /1   /999/39
*************
10/12/2018 16:31:24,,Ingreso USUARIO,Busca tabla invitado
*************
10/12/2018 16:31:25,ross,Ingreso CONTRASEÑA,Busca tabla invitado
*************
10/12/2018 16:31:43,ross,Nuevo Pedido PRE CARGA,NORMAL/1
*************
10/12/2018 16:31:43,ross,Nuevo Pedido PRE CARGA,NORMAL/2
*************
10/12/2018 16:31:43,ross,Nuevo Pedido PRE CARGA,NORMAL/3
*************
10/12/2018 16:31:43,ross,Nuevo Pedido PRE CARGA,NORMAL/4
*************
10/12/2018 16:31:43,ross,Nuevo Pedido PRE CARGA,NORMAL/5
*************
10/12/2018 16:31:43,ross,Nuevo Pedido PRE CARGA,NORMAL/6
*************
10/12/2018 16:31:43,ross,Nuevo Pedido PRE CARGA,NORMAL/7
*************
10/12/2018 16:31:43,ross,Nuevo Pedido PRE CARGA,NORMAL/8
*************
10/12/2018 16:31:43,ross,Nuevo Pedido PRE CARGA,NORMAL/9
*************
10/12/2018 16:31:43,ross,Nuevo Pedido PRE CARGA,NORMAL/10
*************
10/12/2018 16:31:43,ross,Nuevo Pedido PRE CARGA,NORMAL/11
*************
10/12/2018 16:31:43,ross,Nuevo Pedido PRE CARGA,NORMAL/12
*************
10/12/2018 16:31:43,ross,Nuevo Pedido PRE CARGA,NORMAL/13
*************
10/12/2018 16:31:43,ross,Nuevo Pedido PRE CARGA,NORMAL/14
*************
10/12/2018 16:31:43,ross,Nuevo Pedido PRE CARGA,NORMAL/15
*************
10/12/2018 16:31:43,ross,Nuevo Pedido PRE CARGA,NORMAL/16
*************
10/12/2018 16:31:43,ross,Nuevo Pedido PRE CARGA,NORMAL/17
*************
10/12/2018 16:31:43,ross,Nuevo Pedido PRE CARGA,NORMAL/18
*************
10/12/2018 16:31:43,ross,Nuevo Pedido PRE CARGA,NORMAL/19
*************
10/12/2018 16:31:43,ross,Nuevo Pedido PRE CARGA,NORMAL/20
*************
10/12/2018 16:31:43,ross,Nuevo Pedido PRE CARGA,NORMAL/21
*************
10/12/2018 16:31:44,ross,Nuevo Pedido PRE CARGA,NORMAL/22
*************
10/12/2018 16:31:44,ross,Nuevo Pedido PRE CARGA,NORMAL/23
*************
10/12/2018 16:31:44,ross,Nuevo Pedido PRE CARGA,NORMAL/24
*************
10/12/2018 16:31:44,ross,Nuevo Pedido PRE CARGA,NORMAL/25
*************
10/12/2018 16:31:44,ross,Nuevo Pedido PRE CARGA,NORMAL/26
*************
10/12/2018 16:31:44,ross,Nuevo Pedido PRE CARGA,NORMAL/27
*************
10/12/2018 16:31:44,ross,Nuevo Pedido PRE CARGA,NORMAL/28
*************
10/12/2018 16:31:44,ross,Nuevo Pedido PRE CARGA,NORMAL/29
*************
10/12/2018 16:31:44,ross,Nuevo Pedido PRE CARGA,NORMAL/30
*************
11/12/2018 13:58:37,,Ingreso USUARIO,Busca tabla invitado
*************
11/12/2018 13:58:38,ross,Ingreso CONTRASEÑA,Busca tabla invitado
*************
11/12/2018 14:01:17,ross,1 GENERAR ORDEN,PEDIDO=31
*************
11/12/2018 14:01:19,ross,2 IMPRIMIR COD BARRAS,PEDIDO=31
*************
11/12/2018 14:01:47,ross,GUARDA RESULTADOS,CHOL=1
*************
11/12/2018 14:01:48,ross,GUARDA RESULTADOS,AHDL=2
*************
11/12/2018 14:01:48,ross,GUARDA RESULTADOS,LDL=3
*************
11/12/2018 14:01:48,ross,GUARDA RESULTADOS,TGL=4
*************
11/12/2018 14:01:49,ross,VALIDACION RESULTADO,PEDIDO=31/400149
*************
11/12/2018 14:01:49,ross,VALIDACION RESULTADO,PEDIDO=31/400150
*************
11/12/2018 14:01:49,ross,VALIDACION RESULTADO,PEDIDO=31/400151
*************
11/12/2018 14:01:49,ross,VALIDACION RESULTADO,PEDIDO=31/400476
*************
11/12/2018 14:02:04,ross,IMPRIME TODO,PEDIDO=31
*************
11/12/2018 14:34:56,,Ingreso USUARIO,Busca tabla invitado
*************
11/12/2018 14:34:59,,Ingreso CONTRASEÑA FALLIDO,
*************
11/12/2018 14:34:59,,Ingreso CONTRASEÑA,Busca tabla invitado
*************
11/12/2018 14:35:00,ross,Ingreso CONTRASEÑA,Busca tabla invitado
*************
11/12/2018 14:35:20,ross,Nuevo Convenio,Convenio=CMEC
*************
11/12/2018 14:35:20,ross,Guardar secuencia,SECUENCIA=CMEC/1000/1999
*************
11/12/2018 14:42:33,,Ingreso USUARIO,Busca tabla invitado
*************
11/12/2018 14:42:34,ross,Ingreso CONTRASEÑA,Busca tabla invitado
*************
11/12/2018 14:51:31,,Ingreso USUARIO,Busca tabla invitado
*************
11/12/2018 14:51:32,ross,Ingreso CONTRASEÑA,Busca tabla invitado
*************
11/12/2018 14:53:16,ross,Nuevo Test en Lista de Precios,Test=400913 0  NORMAL
*************
11/12/2018 14:53:36,ross,Nuevo Test en Lista de Precios,Test=400913 0  NORMAL
*************
11/12/2018 14:53:38,ross,Nuevo Test en Lista de Precios,Test=400913 0  URGENCIA
*************
11/12/2018 14:53:39,ross,Nuevo Test en Lista de Precios,Test=400913 0  CMEC
*************
11/12/2018 14:53:40,ross,INGERSA TEST,TEST=MI EXAMEN
*************
11/12/2018 14:53:41,ross,Actualiza Test,Test=MI EXAMEN
*************
12/12/2018 10:32:56,,Ingreso USUARIO,Busca tabla invitado
*************
12/12/2018 10:33:00,,Ingreso CONTRASEÑA FALLIDO,
*************
12/12/2018 10:33:00,,Ingreso CONTRASEÑA,Busca tabla invitado
*************
12/12/2018 10:33:01,ross,Ingreso CONTRASEÑA,Busca tabla invitado
*************
12/12/2018 10:34:15,ross,Actualizacón Médico,Medico=FLORES DANNA
*************
12/12/2018 10:34:22,ross,1 GENERAR ORDEN,PEDIDO=32
*************
12/12/2018 10:34:25,ross,2 IMPRIMIR COD BARRAS,PEDIDO=32
*************
12/12/2018 10:35:20,ross,1 GENERAR ORDEN,PEDIDO=33
*************
12/12/2018 10:35:21,ross,2 IMPRIMIR COD BARRAS,PEDIDO=33
*************
12/12/2018 10:36:03,ross,PROFORMAR,PEDIDO=34
*************
12/12/2018 10:36:18,ross,IMPRIMIR PROFORMA,Proforma=34
*************
12/12/2018 11:59:06,ross,1 GENERAR ORDEN,PEDIDO=35
*************
12/12/2018 11:59:08,ross,2 IMPRIMIR COD BARRAS,PEDIDO=35
*************
12/12/2018 12:19:36,,Ingreso USUARIO,Busca tabla invitado
*************
12/12/2018 12:19:40,,Ingreso CONTRASEÑA FALLIDO,
*************
12/12/2018 12:19:40,,Ingreso CONTRASEÑA,Busca tabla invitado
*************
12/12/2018 12:19:42,,Ingreso CONTRASEÑA FALLIDO,
*************
12/12/2018 12:19:42,,Ingreso CONTRASEÑA,Busca tabla invitado
*************
12/12/2018 12:19:44,ross,Ingreso CONTRASEÑA,Busca tabla invitado
*************
12/12/2018 12:29:32,,Ingreso USUARIO,Busca tabla invitado
*************
12/12/2018 12:29:33,ross,Ingreso CONTRASEÑA,Busca tabla invitado
*************
12/12/2018 12:42:19,,Ingreso USUARIO,Busca tabla invitado
*************
12/12/2018 12:42:20,ross,Ingreso CONTRASEÑA,Busca tabla invitado
*************
12/12/2018 12:44:40,,Ingreso USUARIO,Busca tabla invitado
*************
12/12/2018 12:44:41,ross,Ingreso CONTRASEÑA,Busca tabla invitado
*************
12/12/2018 12:48:22,,Ingreso USUARIO,Busca tabla invitado
*************
12/12/2018 12:48:23,ross,Ingreso CONTRASEÑA,Busca tabla invitado
*************
12/12/2018 13:17:42,,Ingreso USUARIO,Busca tabla invitado
*************
12/12/2018 13:17:43,ross,Ingreso CONTRASEÑA,Busca tabla invitado
*************
12/12/2018 13:22:48,,Ingreso USUARIO,Busca tabla invitado
*************
12/12/2018 13:22:49,ross,Ingreso CONTRASEÑA,Busca tabla invitado
*************
12/12/2018 13:27:07,,Ingreso USUARIO,Busca tabla invitado
*************
12/12/2018 13:27:08,ross,Ingreso CONTRASEÑA,Busca tabla invitado
*************
12/12/2018 13:27:39,,Ingreso USUARIO,Busca tabla invitado
*************
12/12/2018 13:27:40,ross,Ingreso CONTRASEÑA,Busca tabla invitado
*************
12/12/2018 14:01:22,,Ingreso USUARIO,Busca tabla invitado
*************
12/12/2018 14:01:24,,Ingreso CONTRASEÑA FALLIDO,
*************
12/12/2018 14:01:24,,Ingreso CONTRASEÑA,Busca tabla invitado
*************
12/12/2018 14:01:25,ross,Ingreso CONTRASEÑA,Busca tabla invitado
*************
12/12/2018 14:06:42,,Ingreso USUARIO,Busca tabla invitado
*************
12/12/2018 14:06:43,ross,Ingreso CONTRASEÑA,Busca tabla invitado
*************
12/12/2018 14:18:51,ross,IMPRIME TODO,PEDIDO=31
*************
12/12/2018 14:19:23,ross,GUARDA RESULTADOS,GLUC=12
*************
12/12/2018 14:19:23,ross,GUARDA RESULTADOS,UREA=13
*************
12/12/2018 14:19:23,ross,GUARDA RESULTADOS,CREA=15
*************
12/12/2018 14:19:26,ross,VALIDACION RESULTADO,PEDIDO=32/400140
*************
12/12/2018 14:19:26,ross,VALIDACION RESULTADO,PEDIDO=32/400141
*************
12/12/2018 14:19:26,ross,VALIDACION RESULTADO,PEDIDO=32/400142
*************
12/12/2018 14:20:05,ross,IMPRIME TODO,PEDIDO=32
*************
12/12/2018 14:21:11,ross,GUARDA NOTA AREA,AREA=2/SUERO LIPEMICO
*************
12/12/2018 16:18:38,,Ingreso USUARIO,Busca tabla invitado
*************
12/12/2018 16:18:39,ross,Ingreso CONTRASEÑA,Busca tabla invitado
*************
15/12/2018 12:43:52,,Ingreso USUARIO,Busca tabla invitado
*************
15/12/2018 12:43:54,ross,Ingreso CONTRASEÑA,Busca tabla invitado
*************
15/12/2018 12:44:41,ross,Nuevo Convenio,Convenio=CEMEC
*************
15/12/2018 12:44:41,ross,Guardar secuencia,SECUENCIA=CEMEC/1000/1999
*************
15/12/2018 12:46:07,ross,Nuevo Perfil,PERFIL=PERFIL CMEC
*************
15/12/2018 12:46:23,ross,1 GENERAR ORDEN,PEDIDO=1
*************
15/12/2018 12:46:25,ross,2 IMPRIMIR COD BARRAS,PEDIDO=01
*************
15/12/2018 12:47:05,ross,Nuevo Convenio,Convenio=CMEC
*************
15/12/2018 12:48:37,ross,Nuevo Convenio,Convenio=CMEC
*************
15/12/2018 12:48:37,ross,Guardar secuencia,SECUENCIA=CMEC/1000/1999
*************
15/12/2018 12:48:55,ross,Generar Paciente,Paciente=AMORES MONTENEGRO CARLOS IVAN
*************
15/12/2018 12:48:55,ross,Nuevo Pedido PRE CARGA,CMEC/1
*************
15/12/2018 12:48:55,ross,Generar Paciente,Paciente=ARGUELLO HERRERA CESAR ANDRES
*************
15/12/2018 12:48:55,ross,Nuevo Pedido PRE CARGA,CMEC/2
*************
15/12/2018 12:48:55,ross,Generar Paciente,Paciente=AYOVI PALMA IVONNE DEL ROCIO
*************
15/12/2018 12:48:56,ross,Nuevo Pedido PRE CARGA,CMEC/3
*************
15/12/2018 12:48:56,ross,Generar Paciente,Paciente=CHAVEZ BEDON TATIANA KARINA
*************
15/12/2018 12:48:56,ross,Nuevo Pedido PRE CARGA,CMEC/4
*************
15/12/2018 12:48:56,ross,Generar Paciente,Paciente=CHICAIZA SANTOS MARCO ANTONIO
*************
15/12/2018 12:48:56,ross,Nuevo Pedido PRE CARGA,CMEC/5
*************
15/12/2018 12:48:56,ross,Generar Paciente,Paciente=ESCANDON PATIÑO ADRIANA PAOLA
*************
15/12/2018 12:48:56,ross,Nuevo Pedido PRE CARGA,CMEC/6
*************
15/12/2018 12:48:56,ross,Generar Paciente,Paciente=GRANDA PALADINES RONAL PAVEL
*************
15/12/2018 12:48:56,ross,Nuevo Pedido PRE CARGA,CMEC/7
*************
15/12/2018 12:48:56,ross,Generar Paciente,Paciente=QUIÑONEZ ORTIZ FELIX MEDARDO
*************
15/12/2018 12:48:56,ross,Nuevo Pedido PRE CARGA,CMEC/8
*************
15/12/2018 12:48:56,ross,Generar Paciente,Paciente=SANTANDER VASQUEZ PAMELA EVELIN
*************
15/12/2018 12:48:56,ross,Nuevo Pedido PRE CARGA,CMEC/9
*************
15/12/2018 12:48:56,ross,Generar Paciente,Paciente=SANTIN AGUIRRE ANDREA MABEL
*************
15/12/2018 12:48:56,ross,Nuevo Pedido PRE CARGA,CMEC/10
*************
15/12/2018 12:48:56,ross,Generar Paciente,Paciente=SILVA CAMPOVERDE GISSELA MARELY
*************
15/12/2018 12:48:56,ross,Nuevo Pedido PRE CARGA,CMEC/11
*************
15/12/2018 12:48:56,ross,Generar Paciente,Paciente=SHUALO MAYRA
*************
15/12/2018 12:48:56,ross,Nuevo Pedido PRE CARGA,CMEC/12
*************
15/12/2018 12:48:56,ross,Generar Paciente,Paciente=VALLE ROSERO JORGE ENRIQUE
*************
15/12/2018 12:48:56,ross,Nuevo Pedido PRE CARGA,CMEC/13
*************
15/12/2018 12:48:56,ross,Generar Paciente,Paciente=VALVERDE CHAVEZ JOSE LUIS
*************
15/12/2018 12:48:56,ross,Nuevo Pedido PRE CARGA,CMEC/14
*************
15/12/2018 12:48:56,ross,Generar Paciente,Paciente=RODRIGUEZ PARRA CARLOS JAVIER
*************
15/12/2018 12:48:56,ross,Nuevo Pedido PRE CARGA,CMEC/15
*************
15/12/2018 12:48:56,ross,Generar Paciente,Paciente=ALVAREZ JACOME GENNY DEL ROCIO
*************
15/12/2018 12:48:56,ross,Nuevo Pedido PRE CARGA,CMEC/16
*************
15/12/2018 12:48:56,ross,Generar Paciente,Paciente=BRIONES ALCIVAR JAVIER ANTONIO
*************
15/12/2018 12:48:56,ross,Nuevo Pedido PRE CARGA,CMEC/17
*************
15/12/2018 12:48:56,ross,Generar Paciente,Paciente=RODRIGUEZ BAQUE LEONEL RICARDO
*************
15/12/2018 12:48:56,ross,Nuevo Pedido PRE CARGA,CMEC/18
*************
15/12/2018 12:48:56,ross,Generar Paciente,Paciente=MONTENRGRO JEREZ MAX VLADIMIR
*************
15/12/2018 12:48:56,ross,Nuevo Pedido PRE CARGA,CMEC/19
*************
15/12/2018 12:51:50,,Ingreso USUARIO,Busca tabla invitado
*************
15/12/2018 12:51:51,ross,Ingreso CONTRASEÑA,Busca tabla invitado
*************
15/12/2018 12:52:15,ross,Nuevo Pedido PRE CARGA,CMEC/1
*************
15/12/2018 12:53:57,,Ingreso USUARIO,Busca tabla invitado
*************
15/12/2018 12:53:58,ross,Ingreso CONTRASEÑA,Busca tabla invitado
*************
15/12/2018 12:56:41,,Ingreso USUARIO,Busca tabla invitado
*************
15/12/2018 12:56:42,ross,Ingreso CONTRASEÑA,Busca tabla invitado
*************
15/12/2018 13:00:50,,Ingreso USUARIO,Busca tabla invitado
*************
15/12/2018 13:00:51,ross,Ingreso CONTRASEÑA,Busca tabla invitado
*************
15/12/2018 13:04:25,,Ingreso USUARIO,Busca tabla invitado
*************
15/12/2018 13:04:26,ross,Ingreso CONTRASEÑA,Busca tabla invitado
*************
15/12/2018 13:04:49,ross,Nuevo Pedido PRE CARGA,CMEC/1
*************
15/12/2018 13:04:53,ross,Nuevo Pedido PRE CARGA,CMEC/2
*************
15/12/2018 13:04:55,ross,Nuevo Pedido PRE CARGA,CMEC/3
*************
15/12/2018 13:04:58,ross,Nuevo Pedido PRE CARGA,CMEC/4
*************
15/12/2018 13:05:00,ross,Nuevo Pedido PRE CARGA,CMEC/5
*************
15/12/2018 13:05:01,ross,Nuevo Pedido PRE CARGA,CMEC/6
*************
15/12/2018 13:05:02,ross,Nuevo Pedido PRE CARGA,CMEC/7
*************
15/12/2018 13:05:04,ross,Nuevo Pedido PRE CARGA,CMEC/8
*************
15/12/2018 13:05:05,ross,Nuevo Pedido PRE CARGA,CMEC/9
*************
15/12/2018 13:05:06,ross,Nuevo Pedido PRE CARGA,CMEC/10
*************
15/12/2018 13:05:07,ross,Nuevo Pedido PRE CARGA,CMEC/11
*************
15/12/2018 13:05:09,ross,Nuevo Pedido PRE CARGA,CMEC/12
*************
15/12/2018 13:05:10,ross,Nuevo Pedido PRE CARGA,CMEC/13
*************
15/12/2018 13:05:11,ross,Nuevo Pedido PRE CARGA,CMEC/14
*************
15/12/2018 13:05:13,ross,Nuevo Pedido PRE CARGA,CMEC/15
*************
15/12/2018 13:05:14,ross,Nuevo Pedido PRE CARGA,CMEC/16
*************
15/12/2018 13:05:15,ross,Nuevo Pedido PRE CARGA,CMEC/17
*************
15/12/2018 13:05:16,ross,Nuevo Pedido PRE CARGA,CMEC/18
*************
15/12/2018 13:05:18,ross,Nuevo Pedido PRE CARGA,CMEC/19
*************
15/12/2018 13:23:40,,Ingreso USUARIO,Busca tabla invitado
*************
15/12/2018 13:23:41,ross,Ingreso CONTRASEÑA,Busca tabla invitado
*************
15/12/2018 13:27:11,ross,Nuevo Pedido PRE CARGA,CMEC/39
*************
15/12/2018 13:28:37,,Ingreso USUARIO,Busca tabla invitado
*************
15/12/2018 13:28:38,ross,Ingreso CONTRASEÑA,Busca tabla invitado
*************
15/12/2018 13:31:20,,Ingreso USUARIO,Busca tabla invitado
*************
15/12/2018 13:31:29,,Ingreso CONTRASEÑA FALLIDO,
*************
15/12/2018 13:31:29,,Ingreso CONTRASEÑA,Busca tabla invitado
*************
15/12/2018 13:31:30,ross,Ingreso CONTRASEÑA,Busca tabla invitado
*************
15/12/2018 14:26:00,,Ingreso USUARIO,Busca tabla invitado
*************
15/12/2018 14:26:01,ross,Ingreso CONTRASEÑA,Busca tabla invitado
*************
15/12/2018 14:31:02,,Ingreso USUARIO,Busca tabla invitado
*************
15/12/2018 14:31:03,ross,Ingreso CONTRASEÑA,Busca tabla invitado
*************
15/12/2018 14:32:02,,Ingreso USUARIO,Busca tabla invitado
*************
15/12/2018 14:32:03,ross,Ingreso CONTRASEÑA,Busca tabla invitado
*************
15/12/2018 14:34:00,,Ingreso USUARIO,Busca tabla invitado
*************
15/12/2018 14:34:01,ross,Ingreso CONTRASEÑA,Busca tabla invitado
*************
15/12/2018 14:38:12,,Ingreso USUARIO,Busca tabla invitado
*************
15/12/2018 14:38:13,ross,Ingreso CONTRASEÑA,Busca tabla invitado
*************
15/12/2018 14:48:32,,Ingreso USUARIO,Busca tabla invitado
*************
15/12/2018 14:48:33,ross,Ingreso CONTRASEÑA,Busca tabla invitado
*************
15/12/2018 14:56:27,,Ingreso USUARIO,Busca tabla invitado
*************
15/12/2018 14:56:28,ross,Ingreso CONTRASEÑA,Busca tabla invitado
*************
15/12/2018 15:06:40,,Ingreso USUARIO,Busca tabla invitado
*************
15/12/2018 15:06:41,ross,Ingreso CONTRASEÑA,Busca tabla invitado
*************
15/12/2018 15:07:09,ross,Nuevo Pedido PRE CARGA,CMEC/1
*************
15/12/2018 15:07:13,ross,Nuevo Pedido PRE CARGA,CMEC/2
*************
15/12/2018 15:07:17,ross,Nuevo Pedido PRE CARGA,CMEC/3
*************
15/12/2018 15:07:21,ross,Nuevo Pedido PRE CARGA,CMEC/4
*************
15/12/2018 15:07:24,ross,Nuevo Pedido PRE CARGA,CMEC/5
*************
15/12/2018 15:07:29,ross,Nuevo Pedido PRE CARGA,CMEC/6
*************
15/12/2018 15:07:33,ross,Nuevo Pedido PRE CARGA,CMEC/7
*************
15/12/2018 15:07:38,ross,Nuevo Pedido PRE CARGA,CMEC/8
*************
15/12/2018 15:07:39,ross,Nuevo Pedido PRE CARGA,CMEC/9
*************
15/12/2018 15:07:39,ross,Nuevo Pedido PRE CARGA,CMEC/10
*************
15/12/2018 15:07:40,ross,Nuevo Pedido PRE CARGA,CMEC/11
*************
15/12/2018 15:07:40,ross,Nuevo Pedido PRE CARGA,CMEC/12
*************
15/12/2018 15:07:40,ross,Nuevo Pedido PRE CARGA,CMEC/13
*************
15/12/2018 15:07:40,ross,Nuevo Pedido PRE CARGA,CMEC/14
*************
15/12/2018 15:07:40,ross,Nuevo Pedido PRE CARGA,CMEC/15
*************
15/12/2018 15:07:40,ross,Nuevo Pedido PRE CARGA,CMEC/16
*************
15/12/2018 15:07:40,ross,Nuevo Pedido PRE CARGA,CMEC/17
*************
15/12/2018 15:07:40,ross,Nuevo Pedido PRE CARGA,CMEC/18
*************
15/12/2018 15:07:41,ross,Nuevo Pedido PRE CARGA,CMEC/19
*************
15/12/2018 16:33:07,,Ingreso USUARIO,Busca tabla invitado
*************
15/12/2018 16:33:08,ross,Ingreso CONTRASEÑA,Busca tabla invitado
*************
15/12/2018 16:34:11,ross,GUARDA RESULTADOS,WBCH=54
*************
15/12/2018 16:34:11,ross,GUARDA RESULTADOS,NEUH=5
*************
15/12/2018 16:34:11,ross,GUARDA RESULTADOS,LYMH=5
*************
15/12/2018 16:34:11,ross,GUARDA RESULTADOS,MONOH=5
*************
15/12/2018 16:34:11,ross,GUARDA RESULTADOS,EOSH=5
*************
15/12/2018 16:34:11,ross,GUARDA RESULTADOS,BASOH=5
*************
15/12/2018 16:34:11,ross,GUARDA RESULTADOS,NEU%25H=5
*************
15/12/2018 16:34:11,ross,GUARDA RESULTADOS,LYM%25H=5
*************
15/12/2018 16:34:11,ross,GUARDA RESULTADOS,MONO%25H=5
*************
15/12/2018 16:34:11,ross,GUARDA RESULTADOS,EOS%25H=5
*************
15/12/2018 16:34:11,ross,GUARDA RESULTADOS,BASO%25H=5
*************
15/12/2018 16:34:11,ross,GUARDA RESULTADOS,RBCH=5
*************
15/12/2018 16:34:11,ross,GUARDA RESULTADOS,HCTH=55
*************
15/12/2018 16:34:11,ross,GUARDA RESULTADOS,HGBH=5
*************
15/12/2018 16:34:11,ross,GUARDA RESULTADOS,MCVH=5
*************
15/12/2018 16:34:11,ross,GUARDA RESULTADOS,MCHH=5
*************
15/12/2018 16:34:11,ross,GUARDA RESULTADOS,MCHCH=5
*************
15/12/2018 16:34:11,ross,GUARDA RESULTADOS,PLTH=5
*************
15/12/2018 16:34:11,ross,GUARDA RESULTADOS,PDWH=5
*************
15/12/2018 16:34:11,ross,GUARDA RESULTADOS,MPVH=5
*************
15/12/2018 16:34:11,ross,GUARDA RESULTADOS,PCTH=5
*************
15/12/2018 16:34:12,ross,GUARDA RESULTADOS,RDW_SDH=5
*************
15/12/2018 16:34:12,ross,GUARDA RESULTADOS,RDW_CVH=555
*************
15/12/2018 16:44:21,,Ingreso USUARIO,Busca tabla invitado
*************
15/12/2018 16:44:22,ross,Ingreso CONTRASEÑA,Busca tabla invitado
*************
15/12/2018 16:44:44,ross,GUARDA RESULTADOS,BIOMETRIA HEMATICA=MEMO
*************
15/12/2018 16:44:46,ross,VALIDACION RESULTADO,PEDIDO=1/400101
*************
15/12/2018 16:44:55,ross,IMPRIME TODO,PEDIDO=1
*************
15/12/2018 16:48:03,,Ingreso USUARIO,Busca tabla invitado
*************
15/12/2018 16:48:03,ross,Ingreso CONTRASEÑA,Busca tabla invitado
*************
15/12/2018 16:48:10,ross,IMPRIME TODO,PEDIDO=1
*************
15/12/2018 16:49:27,,Ingreso USUARIO,Busca tabla invitado
*************
15/12/2018 16:49:28,ross,Ingreso CONTRASEÑA,Busca tabla invitado
*************
17/12/2018 9:54:29,,Ingreso USUARIO,Busca tabla invitado
*************
17/12/2018 9:54:30,ross,Ingreso CONTRASEÑA,Busca tabla invitado
*************
17/12/2018 9:54:54,ross,Nuevo Pedido PRE CARGA,CMEC/20
*************
17/12/2018 9:54:54,ross,Nuevo Pedido PRE CARGA,CMEC/21
*************
17/12/2018 9:54:55,ross,Nuevo Pedido PRE CARGA,CMEC/22
*************
17/12/2018 9:54:55,ross,Nuevo Pedido PRE CARGA,CMEC/23
*************
17/12/2018 9:54:55,ross,Nuevo Pedido PRE CARGA,CMEC/24
*************
17/12/2018 9:54:55,ross,Nuevo Pedido PRE CARGA,CMEC/25
*************
17/12/2018 9:54:55,ross,Nuevo Pedido PRE CARGA,CMEC/26
*************
17/12/2018 9:54:55,ross,Nuevo Pedido PRE CARGA,CMEC/27
*************
17/12/2018 9:54:55,ross,Nuevo Pedido PRE CARGA,CMEC/28
*************
17/12/2018 9:54:56,ross,Nuevo Pedido PRE CARGA,CMEC/29
*************
17/12/2018 9:54:56,ross,Nuevo Pedido PRE CARGA,CMEC/30
*************
17/12/2018 9:54:56,ross,Nuevo Pedido PRE CARGA,CMEC/31
*************
17/12/2018 9:54:56,ross,Nuevo Pedido PRE CARGA,CMEC/32
*************
17/12/2018 9:54:56,ross,Nuevo Pedido PRE CARGA,CMEC/33
*************
17/12/2018 9:54:56,ross,Nuevo Pedido PRE CARGA,CMEC/34
*************
17/12/2018 9:54:56,ross,Nuevo Pedido PRE CARGA,CMEC/35
*************
17/12/2018 9:54:56,ross,Nuevo Pedido PRE CARGA,CMEC/36
*************
17/12/2018 9:54:57,ross,Nuevo Pedido PRE CARGA,CMEC/37
*************
17/12/2018 9:54:57,ross,Nuevo Pedido PRE CARGA,CMEC/38
*************
17/12/2018 10:07:33,,Ingreso USUARIO,Busca tabla invitado
*************
17/12/2018 10:07:34,,Ingreso CONTRASEÑA FALLIDO,
*************
17/12/2018 10:07:34,,Ingreso CONTRASEÑA,Busca tabla invitado
*************
17/12/2018 10:07:36,ross,Ingreso CONTRASEÑA,Busca tabla invitado
*************
17/12/2018 10:28:09,,Ingreso USUARIO,Busca tabla invitado
*************
17/12/2018 10:28:11,ross,Ingreso CONTRASEÑA,Busca tabla invitado
*************
17/12/2018 10:28:38,,Ingreso USUARIO,Busca tabla invitado
*************
17/12/2018 10:28:39,ross,Ingreso CONTRASEÑA,Busca tabla invitado
*************
17/12/2018 10:29:23,,Ingreso USUARIO,Busca tabla invitado
*************
17/12/2018 10:29:24,ross,Ingreso CONTRASEÑA,Busca tabla invitado
*************
17/12/2018 10:32:53,,Ingreso USUARIO,Busca tabla invitado
*************
17/12/2018 10:32:54,ross,Ingreso CONTRASEÑA,Busca tabla invitado
*************
17/12/2018 10:49:40,,Ingreso USUARIO,Busca tabla invitado
*************
17/12/2018 10:49:41,ross,Ingreso CONTRASEÑA,Busca tabla invitado
*************
17/12/2018 10:55:08,,Ingreso USUARIO,Busca tabla invitado
*************
17/12/2018 10:55:09,ross,Ingreso CONTRASEÑA,Busca tabla invitado
*************
17/12/2018 10:58:45,,Ingreso USUARIO,Busca tabla invitado
*************
17/12/2018 10:58:46,ross,Ingreso CONTRASEÑA,Busca tabla invitado
*************
17/12/2018 11:33:12,,Ingreso USUARIO,Busca tabla invitado
*************
17/12/2018 11:33:14,ross,Ingreso CONTRASEÑA,Busca tabla invitado
*************
17/12/2018 11:36:39,,Ingreso USUARIO,Busca tabla invitado
*************
17/12/2018 11:36:41,ross,Ingreso CONTRASEÑA,Busca tabla invitado
*************
17/12/2018 11:54:39,,Ingreso USUARIO,Busca tabla invitado
*************
17/12/2018 11:55:02,,Ingreso CONTRASEÑA FALLIDO,
*************
17/12/2018 11:55:02,,Ingreso CONTRASEÑA,Busca tabla invitado
*************
17/12/2018 11:55:06,,Ingreso CONTRASEÑA FALLIDO,
*************
17/12/2018 11:55:06,,Ingreso CONTRASEÑA,Busca tabla invitado
*************
17/12/2018 11:55:07,ross,Ingreso CONTRASEÑA,Busca tabla invitado
*************
17/12/2018 11:59:00,,Ingreso USUARIO,Busca tabla invitado
*************
17/12/2018 11:59:01,ross,Ingreso CONTRASEÑA,Busca tabla invitado
*************
17/12/2018 12:07:30,,Ingreso USUARIO,Busca tabla invitado
*************
17/12/2018 12:07:32,ross,Ingreso CONTRASEÑA,Busca tabla invitado
*************
17/12/2018 12:14:22,,Ingreso USUARIO,Busca tabla invitado
*************
17/12/2018 12:14:24,,Ingreso CONTRASEÑA FALLIDO,
*************
17/12/2018 12:14:24,,Ingreso CONTRASEÑA,Busca tabla invitado
*************
17/12/2018 12:14:26,ross,Ingreso CONTRASEÑA,Busca tabla invitado
*************
17/12/2018 12:19:11,,Ingreso USUARIO,Busca tabla invitado
*************
17/12/2018 12:19:12,ross,Ingreso CONTRASEÑA,Busca tabla invitado
*************
17/12/2018 12:36:07,,Ingreso USUARIO,Busca tabla invitado
*************
17/12/2018 12:36:08,ross,Ingreso CONTRASEÑA,Busca tabla invitado
*************
17/12/2018 14:04:16,ross,GUARDA RESULTADOS,WBCH=4
*************
17/12/2018 14:04:16,ross,GUARDA RESULTADOS,NEUH=4
*************
17/12/2018 14:04:16,ross,GUARDA RESULTADOS,LYMH=4
*************
17/12/2018 14:04:16,ross,GUARDA RESULTADOS,MONOH=4
*************
17/12/2018 14:04:16,ross,GUARDA RESULTADOS,EOSH=4
*************
17/12/2018 14:04:16,ross,GUARDA RESULTADOS,BASOH=4
*************
17/12/2018 14:04:16,ross,GUARDA RESULTADOS,NEU%25H=4
*************
17/12/2018 14:04:16,ross,GUARDA RESULTADOS,LYM%25H=4
*************
17/12/2018 14:04:16,ross,GUARDA RESULTADOS,MONO%25H=4
*************
17/12/2018 14:04:16,ross,GUARDA RESULTADOS,EOS%25H=4
*************
17/12/2018 14:04:17,ross,GUARDA RESULTADOS,BASO%25H=4
*************
17/12/2018 14:04:17,ross,GUARDA RESULTADOS,RBCH=4
*************
17/12/2018 14:04:17,ross,GUARDA RESULTADOS,HCTH=4
*************
17/12/2018 14:04:17,ross,GUARDA RESULTADOS,HGBH=4
*************
17/12/2018 14:04:17,ross,GUARDA RESULTADOS,MCVH=4
*************
17/12/2018 14:04:17,ross,GUARDA RESULTADOS,MCHH=4
*************
17/12/2018 14:04:17,ross,GUARDA RESULTADOS,MCHCH=4
*************
17/12/2018 14:04:17,ross,GUARDA RESULTADOS,PLTH=4
*************
17/12/2018 14:04:17,ross,GUARDA RESULTADOS,PDWH=44
*************
17/12/2018 14:04:17,ross,GUARDA RESULTADOS,MPVH=4
*************
17/12/2018 14:04:17,ross,GUARDA RESULTADOS,PCTH=4
*************
17/12/2018 14:04:17,ross,GUARDA RESULTADOS,RDW_SDH=4
*************
17/12/2018 14:04:17,ross,GUARDA RESULTADOS,RDW_CVH=4
*************
17/12/2018 14:04:29,ross,GUARDA RESULTADOS,BIOMETRIA HEMATICA=MEMO
*************
17/12/2018 14:04:31,ross,VALIDACION RESULTADO,PEDIDO=20/400101
*************
17/12/2018 14:05:03,ross,Actualiza Mail Paciente,Paciente=39 rossvanflores@hotmail.com
*************
17/12/2018 14:06:07,ross,GUARDA RESULTADOS,BIOMETRIA HEMATICA=MEMO
*************
17/12/2018 14:06:12,ross,Inserta usuario web,Paciente=39 CAMORES
*************
17/12/2018 14:11:24,,Ingreso USUARIO,Busca tabla invitado
*************
17/12/2018 14:11:25,ross,Ingreso CONTRASEÑA,Busca tabla invitado
*************
17/12/2018 14:11:55,ross,Nuevo Pedido PRE CARGA,CMEC/1
*************
17/12/2018 14:11:55,ross,Nuevo Pedido PRE CARGA,CMEC/2
*************
17/12/2018 14:11:55,ross,Nuevo Pedido PRE CARGA,CMEC/3
*************
17/12/2018 14:11:56,ross,Nuevo Pedido PRE CARGA,CMEC/4
*************
17/12/2018 14:11:56,ross,Nuevo Pedido PRE CARGA,CMEC/5
*************
17/12/2018 14:11:56,ross,Nuevo Pedido PRE CARGA,CMEC/6
*************
17/12/2018 14:11:56,ross,Nuevo Pedido PRE CARGA,CMEC/7
*************
17/12/2018 14:11:56,ross,Nuevo Pedido PRE CARGA,CMEC/8
*************
17/12/2018 14:11:56,ross,Nuevo Pedido PRE CARGA,CMEC/9
*************
17/12/2018 14:11:56,ross,Nuevo Pedido PRE CARGA,CMEC/10
*************
17/12/2018 14:11:57,ross,Nuevo Pedido PRE CARGA,CMEC/11
*************
17/12/2018 14:11:57,ross,Nuevo Pedido PRE CARGA,CMEC/12
*************
17/12/2018 14:11:57,ross,Nuevo Pedido PRE CARGA,CMEC/13
*************
17/12/2018 14:11:57,ross,Nuevo Pedido PRE CARGA,CMEC/14
*************
17/12/2018 14:11:57,ross,Nuevo Pedido PRE CARGA,CMEC/15
*************
17/12/2018 14:11:57,ross,Nuevo Pedido PRE CARGA,CMEC/16
*************
17/12/2018 14:11:57,ross,Nuevo Pedido PRE CARGA,CMEC/17
*************
17/12/2018 14:11:57,ross,Nuevo Pedido PRE CARGA,CMEC/18
*************
17/12/2018 14:11:57,ross,Nuevo Pedido PRE CARGA,CMEC/19
*************
17/12/2018 14:12:34,ross,GUARDA RESULTADOS,WBCH=6
*************
17/12/2018 14:12:34,ross,GUARDA RESULTADOS,NEUH=6
*************
17/12/2018 14:12:34,ross,GUARDA RESULTADOS,LYMH=6
*************
17/12/2018 14:12:34,ross,GUARDA RESULTADOS,MONOH=6
*************
17/12/2018 14:12:34,ross,GUARDA RESULTADOS,EOSH=6
*************
17/12/2018 14:12:34,ross,GUARDA RESULTADOS,BASOH=6
*************
17/12/2018 14:12:34,ross,GUARDA RESULTADOS,NEU%25H=6
*************
17/12/2018 14:12:34,ross,GUARDA RESULTADOS,LYM%25H=6
*************
17/12/2018 14:12:34,ross,GUARDA RESULTADOS,MONO%25H=6
*************
17/12/2018 14:12:34,ross,GUARDA RESULTADOS,EOS%25H=6
*************
17/12/2018 14:12:34,ross,GUARDA RESULTADOS,BASO%25H=6
*************
17/12/2018 14:12:34,ross,GUARDA RESULTADOS,RBCH=6
*************
17/12/2018 14:12:34,ross,GUARDA RESULTADOS,HCTH=6
*************
17/12/2018 14:12:34,ross,GUARDA RESULTADOS,HGBH=6
*************
17/12/2018 14:12:34,ross,GUARDA RESULTADOS,MCVH=6
*************
17/12/2018 14:12:34,ross,GUARDA RESULTADOS,MCHH=6
*************
17/12/2018 14:12:34,ross,GUARDA RESULTADOS,MCHCH=6
*************
17/12/2018 14:12:34,ross,GUARDA RESULTADOS,PLTH=6
*************
17/12/2018 14:12:34,ross,GUARDA RESULTADOS,PDWH=6
*************
17/12/2018 14:12:34,ross,GUARDA RESULTADOS,MPVH=6
*************
17/12/2018 14:12:34,ross,GUARDA RESULTADOS,PCTH=6
*************
17/12/2018 14:12:34,ross,GUARDA RESULTADOS,RDW_SDH=6
*************
17/12/2018 14:12:34,ross,GUARDA RESULTADOS,RDW_CVH=6
*************
17/12/2018 14:12:40,ross,GUARDA RESULTADOS,BIOMETRIA HEMATICA=MEMO
*************
17/12/2018 14:12:44,ross,VALIDACION RESULTADO,PEDIDO=1/400101
*************
17/12/2018 14:29:35,ross,1 GENERAR ORDEN,PEDIDO=20
*************
17/12/2018 14:29:36,ross,2 IMPRIMIR COD BARRAS,PEDIDO=20
*************
17/12/2018 14:30:01,ross,GUARDA RESULTADOS,VDRL=NEGATIVO
*************
17/12/2018 14:30:01,ross,GUARDA RESULTADOS,CREA=3
*************
17/12/2018 14:30:01,ross,GUARDA RESULTADOS,CHOL=4
*************
17/12/2018 14:30:01,ross,GUARDA RESULTADOS,TGL=5
*************
17/12/2018 14:30:03,ross,VALIDACION RESULTADO,PEDIDO=20/400141
*************
17/12/2018 14:30:03,ross,VALIDACION RESULTADO,PEDIDO=20/400149
*************
17/12/2018 14:30:03,ross,VALIDACION RESULTADO,PEDIDO=20/400151
*************
17/12/2018 14:30:03,ross,VALIDACION RESULTADO,PEDIDO=20/400781
*************
17/12/2018 14:38:55,,Ingreso USUARIO,Busca tabla invitado
*************
17/12/2018 14:38:58,ross,Ingreso CONTRASEÑA,Busca tabla invitado
*************
17/12/2018 14:40:07,,Ingreso USUARIO,Busca tabla invitado
*************
17/12/2018 14:40:08,ross,Ingreso CONTRASEÑA,Busca tabla invitado
*************
17/12/2018 14:48:56,,Ingreso USUARIO,Busca tabla invitado
*************
17/12/2018 14:48:57,ross,Ingreso CONTRASEÑA,Busca tabla invitado
*************
17/12/2018 14:56:46,,Ingreso USUARIO,Busca tabla invitado
*************
17/12/2018 14:56:48,ross,Ingreso CONTRASEÑA,Busca tabla invitado
*************
17/12/2018 15:05:08,,Ingreso USUARIO,Busca tabla invitado
*************
17/12/2018 15:05:09,ross,Ingreso CONTRASEÑA,Busca tabla invitado
*************
17/12/2018 15:38:14,,Ingreso USUARIO,Busca tabla invitado
*************
17/12/2018 15:38:15,ross,Ingreso CONTRASEÑA,Busca tabla invitado
*************
17/12/2018 15:40:00,ross,GUARDA RESULTADOS,WBCH=8
*************
17/12/2018 15:40:00,ross,GUARDA RESULTADOS,NEUH=8
*************
17/12/2018 15:40:00,ross,GUARDA RESULTADOS,LYMH=8
*************
17/12/2018 15:40:00,ross,GUARDA RESULTADOS,MONOH=8
*************
17/12/2018 15:40:00,ross,GUARDA RESULTADOS,EOSH=8
*************
17/12/2018 15:40:00,ross,GUARDA RESULTADOS,BASOH=8
*************
17/12/2018 15:40:00,ross,GUARDA RESULTADOS,NEU%25H=8
*************
17/12/2018 15:40:00,ross,GUARDA RESULTADOS,LYM%25H=8
*************
17/12/2018 15:40:00,ross,GUARDA RESULTADOS,MONO%25H=8
*************
17/12/2018 15:40:00,ross,GUARDA RESULTADOS,EOS%25H=8
*************
17/12/2018 15:40:00,ross,GUARDA RESULTADOS,BASO%25H=8
*************
17/12/2018 15:40:00,ross,GUARDA RESULTADOS,RBCH=8
*************
17/12/2018 15:40:00,ross,GUARDA RESULTADOS,HCTH=8
*************
17/12/2018 15:40:00,ross,GUARDA RESULTADOS,HGBH=8
*************
17/12/2018 15:40:00,ross,GUARDA RESULTADOS,MCVH=8
*************
17/12/2018 15:40:00,ross,GUARDA RESULTADOS,MCHH=8
*************
17/12/2018 15:40:00,ross,GUARDA RESULTADOS,MCHCH=8
*************
17/12/2018 15:40:00,ross,GUARDA RESULTADOS,PLTH=8
*************
17/12/2018 15:40:00,ross,GUARDA RESULTADOS,PDWH=8
*************
17/12/2018 15:40:00,ross,GUARDA RESULTADOS,MPVH=8
*************
17/12/2018 15:40:00,ross,GUARDA RESULTADOS,PCTH=8
*************
17/12/2018 15:40:00,ross,GUARDA RESULTADOS,RDW_SDH=8
*************
17/12/2018 15:40:00,ross,GUARDA RESULTADOS,RDW_CVH=8
*************
17/12/2018 15:42:03,,Ingreso USUARIO,Busca tabla invitado
*************
17/12/2018 15:42:06,ross,Ingreso CONTRASEÑA,Busca tabla invitado
*************
17/12/2018 15:47:08,,Ingreso USUARIO,Busca tabla invitado
*************
17/12/2018 15:47:09,ross,Ingreso CONTRASEÑA,Busca tabla invitado
*************
17/12/2018 15:47:34,ross,GUARDA RESULTADOS,WBCH=0
*************
17/12/2018 15:47:34,ross,GUARDA RESULTADOS,NEUH=0
*************
17/12/2018 15:47:34,ross,GUARDA RESULTADOS,LYMH=0
*************
17/12/2018 15:47:34,ross,GUARDA RESULTADOS,MONOH=0
*************
17/12/2018 15:47:34,ross,GUARDA RESULTADOS,EOSH=0
*************
17/12/2018 15:47:34,ross,GUARDA RESULTADOS,BASOH=0
*************
17/12/2018 15:47:34,ross,GUARDA RESULTADOS,NEU%25H=0
*************
17/12/2018 15:47:34,ross,GUARDA RESULTADOS,LYM%25H=0
*************
17/12/2018 15:47:34,ross,GUARDA RESULTADOS,MONO%25H=0
*************
17/12/2018 15:47:34,ross,GUARDA RESULTADOS,EOS%25H=0
*************
17/12/2018 15:47:34,ross,GUARDA RESULTADOS,BASO%25H=0
*************
17/12/2018 15:47:34,ross,GUARDA RESULTADOS,RBCH=0
*************
17/12/2018 15:47:34,ross,GUARDA RESULTADOS,HCTH=0
*************
17/12/2018 15:47:34,ross,GUARDA RESULTADOS,HGBH=0
*************
17/12/2018 15:47:34,ross,GUARDA RESULTADOS,MCVH=0
*************
17/12/2018 15:47:34,ross,GUARDA RESULTADOS,MCHH=0
*************
17/12/2018 15:47:34,ross,GUARDA RESULTADOS,MCHCH=0
*************
17/12/2018 15:47:34,ross,GUARDA RESULTADOS,PLTH=0
*************
17/12/2018 15:47:34,ross,GUARDA RESULTADOS,PDWH=0
*************
17/12/2018 15:47:34,ross,GUARDA RESULTADOS,MPVH=0
*************
17/12/2018 15:47:34,ross,GUARDA RESULTADOS,PCTH=0
*************
17/12/2018 15:47:34,ross,GUARDA RESULTADOS,RDW_SDH=0
*************
17/12/2018 15:47:34,ross,GUARDA RESULTADOS,RDW_CVH=0
*************
17/12/2018 15:47:48,ross,GUARDA RESULTADOS,WBCH=1
*************
17/12/2018 15:47:48,ross,GUARDA RESULTADOS,NEUH=1
*************
17/12/2018 15:47:48,ross,GUARDA RESULTADOS,LYMH=1
*************
17/12/2018 15:47:48,ross,GUARDA RESULTADOS,MONOH=1
*************
17/12/2018 15:47:48,ross,GUARDA RESULTADOS,EOSH=1
*************
17/12/2018 15:47:48,ross,GUARDA RESULTADOS,BASOH=1
*************
17/12/2018 15:47:48,ross,GUARDA RESULTADOS,NEU%25H=1
*************
17/12/2018 15:47:48,ross,GUARDA RESULTADOS,LYM%25H=1
*************
17/12/2018 15:47:48,ross,GUARDA RESULTADOS,MONO%25H=1
*************
17/12/2018 15:47:48,ross,GUARDA RESULTADOS,EOS%25H=1
*************
17/12/2018 15:47:48,ross,GUARDA RESULTADOS,BASO%25H=1
*************
17/12/2018 15:47:48,ross,GUARDA RESULTADOS,RBCH=1
*************
17/12/2018 15:47:48,ross,GUARDA RESULTADOS,HCTH=1
*************
17/12/2018 15:47:48,ross,GUARDA RESULTADOS,HGBH=1
*************
17/12/2018 15:47:48,ross,GUARDA RESULTADOS,MCVH=1
*************
17/12/2018 15:47:48,ross,GUARDA RESULTADOS,MCHH=1
*************
17/12/2018 15:47:48,ross,GUARDA RESULTADOS,MCHCH=1
*************
17/12/2018 15:47:48,ross,GUARDA RESULTADOS,PLTH=1
*************
17/12/2018 15:47:48,ross,GUARDA RESULTADOS,PDWH=1
*************
17/12/2018 15:47:48,ross,GUARDA RESULTADOS,MPVH=1
*************
17/12/2018 15:47:48,ross,GUARDA RESULTADOS,PCTH=1
*************
17/12/2018 15:47:48,ross,GUARDA RESULTADOS,RDW_SDH=1
*************
17/12/2018 15:47:48,ross,GUARDA RESULTADOS,RDW_CVH=1
*************
17/12/2018 15:53:58,,Ingreso USUARIO,Busca tabla invitado
*************
17/12/2018 15:54:00,ross,Ingreso CONTRASEÑA,Busca tabla invitado
*************
17/12/2018 15:54:44,ross,GUARDA RESULTADOS,WBCH=18
*************
17/12/2018 15:54:44,ross,GUARDA RESULTADOS,NEUH=18
*************
17/12/2018 15:54:44,ross,GUARDA RESULTADOS,LYMH=18
*************
17/12/2018 15:54:44,ross,GUARDA RESULTADOS,MONOH=18
*************
17/12/2018 15:54:44,ross,GUARDA RESULTADOS,EOSH=18
*************
17/12/2018 15:54:44,ross,GUARDA RESULTADOS,BASOH=18
*************
17/12/2018 15:54:44,ross,GUARDA RESULTADOS,NEU%25H=18
*************
17/12/2018 15:54:44,ross,GUARDA RESULTADOS,LYM%25H=18
*************
17/12/2018 15:54:44,ross,GUARDA RESULTADOS,MONO%25H=18
*************
17/12/2018 15:54:44,ross,GUARDA RESULTADOS,EOS%25H=18
*************
17/12/2018 15:54:44,ross,GUARDA RESULTADOS,BASO%25H=18
*************
17/12/2018 15:54:44,ross,GUARDA RESULTADOS,RBCH=18
*************
17/12/2018 15:54:44,ross,GUARDA RESULTADOS,HCTH=18
*************
17/12/2018 15:54:45,ross,GUARDA RESULTADOS,HGBH=18
*************
17/12/2018 15:54:45,ross,GUARDA RESULTADOS,MCVH=18
*************
17/12/2018 15:54:45,ross,GUARDA RESULTADOS,MCHH=18
*************
17/12/2018 15:54:45,ross,GUARDA RESULTADOS,MCHCH=18
*************
17/12/2018 15:54:45,ross,GUARDA RESULTADOS,PLTH=18
*************
17/12/2018 15:54:45,ross,GUARDA RESULTADOS,PDWH=18
*************
17/12/2018 15:54:45,ross,GUARDA RESULTADOS,MPVH=18
*************
17/12/2018 15:54:45,ross,GUARDA RESULTADOS,PCTH=18
*************
17/12/2018 15:54:45,ross,GUARDA RESULTADOS,RDW_SDH=18
*************
17/12/2018 15:54:45,ross,GUARDA RESULTADOS,RDW_CVH=18
*************
17/12/2018 16:03:41,,Ingreso USUARIO,Busca tabla invitado
*************
17/12/2018 16:03:43,ross,Ingreso CONTRASEÑA,Busca tabla invitado
*************
17/12/2018 16:07:18,,Ingreso USUARIO,Busca tabla invitado
*************
17/12/2018 16:07:19,ross,Ingreso CONTRASEÑA,Busca tabla invitado
*************
17/12/2018 16:08:23,ross,1 GENERAR ORDEN,PEDIDO=21
*************
17/12/2018 16:08:26,ross,2 IMPRIMIR COD BARRAS,PEDIDO=21
*************
17/12/2018 16:14:14,,Ingreso USUARIO,Busca tabla invitado
*************
17/12/2018 16:14:16,ross,Ingreso CONTRASEÑA,Busca tabla invitado
*************
17/12/2018 16:15:05,,Ingreso USUARIO,Busca tabla invitado
*************
17/12/2018 16:15:06,ross,Ingreso CONTRASEÑA,Busca tabla invitado
*************
17/12/2018 16:17:10,,Ingreso USUARIO,Busca tabla invitado
*************
17/12/2018 16:17:11,ross,Ingreso CONTRASEÑA,Busca tabla invitado
*************
17/12/2018 16:19:25,,Ingreso USUARIO,Busca tabla invitado
*************
17/12/2018 16:19:26,ross,Ingreso CONTRASEÑA,Busca tabla invitado
*************
17/12/2018 16:19:48,ross,GUARDA RESULTADOS,WBC=5
*************
17/12/2018 16:19:48,ross,GUARDA RESULTADOS,NEU=5
*************
17/12/2018 16:19:48,ross,GUARDA RESULTADOS,LYM=5
*************
17/12/2018 16:19:48,ross,GUARDA RESULTADOS,MONO=5
*************
17/12/2018 16:19:48,ross,GUARDA RESULTADOS,EOS=5
*************
17/12/2018 16:19:48,ross,GUARDA RESULTADOS,BASO=5
*************
17/12/2018 16:19:48,ross,GUARDA RESULTADOS,NEU%25=5
*************
17/12/2018 16:19:48,ross,GUARDA RESULTADOS,LYM%25=5
*************
17/12/2018 16:19:48,ross,GUARDA RESULTADOS,MONO%25=5
*************
17/12/2018 16:19:48,ross,GUARDA RESULTADOS,EOS%25=5
*************
17/12/2018 16:19:48,ross,GUARDA RESULTADOS,BASO%25=5
*************
17/12/2018 16:19:48,ross,GUARDA RESULTADOS,RBC=5
*************
17/12/2018 16:19:48,ross,GUARDA RESULTADOS,HCT=5
*************
17/12/2018 16:19:48,ross,GUARDA RESULTADOS,HGB=5
*************
17/12/2018 16:19:48,ross,GUARDA RESULTADOS,MCV=5
*************
17/12/2018 16:19:48,ross,GUARDA RESULTADOS,MCH=5
*************
17/12/2018 16:19:48,ross,GUARDA RESULTADOS,MCHC=5
*************
17/12/2018 16:19:48,ross,GUARDA RESULTADOS,PLT=5
*************
17/12/2018 16:19:48,ross,GUARDA RESULTADOS,PDW=5
*************
17/12/2018 16:19:48,ross,GUARDA RESULTADOS,MPV=5
*************
17/12/2018 16:19:48,ross,GUARDA RESULTADOS,PCT=5
*************
17/12/2018 16:19:48,ross,GUARDA RESULTADOS,RDW_SD=5
*************
17/12/2018 16:19:48,ross,GUARDA RESULTADOS,RDW_CV=5
*************
17/12/2018 16:22:30,,Ingreso USUARIO,Busca tabla invitado
*************
17/12/2018 16:22:31,ross,Ingreso CONTRASEÑA,Busca tabla invitado
*************
17/12/2018 16:24:00,,Ingreso USUARIO,Busca tabla invitado
*************
17/12/2018 16:24:01,ross,Ingreso CONTRASEÑA,Busca tabla invitado
*************
17/12/2018 16:28:45,,Ingreso USUARIO,Busca tabla invitado
*************
17/12/2018 16:28:47,ross,Ingreso CONTRASEÑA,Busca tabla invitado
*************
17/12/2018 16:45:44,,Ingreso USUARIO,Busca tabla invitado
*************
17/12/2018 16:45:45,ross,Ingreso CONTRASEÑA,Busca tabla invitado
*************
17/12/2018 16:45:54,ross,IMPRIME TODO,PEDIDO=1
*************
18/12/2018 11:21:13,,Ingreso USUARIO,Busca tabla invitado
*************
18/12/2018 11:21:15,ross,Ingreso CONTRASEÑA,Busca tabla invitado
*************
18/12/2018 15:15:46,,Ingreso USUARIO,Busca tabla invitado
*************
18/12/2018 15:15:48,ross,Ingreso CONTRASEÑA,Busca tabla invitado
*************
18/12/2018 15:16:11,ross,IMPRIME TODO,PEDIDO=1
*************
27/12/2018 11:57:13,,Ingreso USUARIO,Busca tabla invitado
*************
27/12/2018 11:57:15,ross,Ingreso CONTRASEÑA,Busca tabla invitado
*************
27/12/2018 11:57:57,ross,1 GENERAR ORDEN,PEDIDO=22
*************
27/12/2018 11:58:03,ross,2 IMPRIMIR COD BARRAS,PEDIDO=22
*************
27/12/2018 12:35:43,,Ingreso USUARIO,Busca tabla invitado
*************
27/12/2018 12:35:47,ross,Ingreso CONTRASEÑA,Busca tabla invitado
*************
27/12/2018 12:58:23,ross,Nuevo Convenio,Convenio=FYBECA
*************
27/12/2018 12:58:23,ross,Guardar secuencia,SECUENCIA=FYBECA/1000/1999
*************
27/12/2018 12:59:24,ross,Nuevo Convenio,Convenio=FYBECA
*************
27/12/2018 12:59:24,ross,Guardar secuencia,SECUENCIA=FYBECA/1000/1999
*************
27/12/2018 13:05:54,ross,Generar Paciente,Paciente=PILLAJO HURTADO LUIS LEONARDO
*************
27/12/2018 13:15:38,ross,1 GENERAR ORDEN,PEDIDO=1
*************
27/12/2018 13:15:44,ross,2 IMPRIMIR COD BARRAS,PEDIDO=01
*************
27/12/2018 13:17:18,ross,IMPRIMIR HOJA TRABAJO,
*************
27/12/2018 13:18:14,ross,IMPRIMIR HOJA TRABAJO,
*************
27/12/2018 13:19:49,ross,IMPRIMIR HOJA TRABAJO,
*************
27/12/2018 13:24:24,ross,1 MODIFICA ORDEN,PEDIDO=1
*************
27/12/2018 13:29:44,ross,GUARDA RESULTADOS,WBCH=3
*************
27/12/2018 13:29:44,ross,GUARDA RESULTADOS,NEUH=3
*************
27/12/2018 13:29:44,ross,GUARDA RESULTADOS,LYMH=3
*************
27/12/2018 13:29:44,ross,GUARDA RESULTADOS,MONOH=3
*************
27/12/2018 13:29:44,ross,GUARDA RESULTADOS,EOSH=3
*************
27/12/2018 13:29:44,ross,GUARDA RESULTADOS,BASOH=3
*************
27/12/2018 13:29:44,ross,GUARDA RESULTADOS,NEU%25H=3
*************
27/12/2018 13:29:44,ross,GUARDA RESULTADOS,LYM%25H=3
*************
27/12/2018 13:29:44,ross,GUARDA RESULTADOS,MONO%25H=3
*************
27/12/2018 13:29:44,ross,GUARDA RESULTADOS,EOS%25H=3
*************
27/12/2018 13:29:44,ross,GUARDA RESULTADOS,BASO%25H=3
*************
27/12/2018 13:29:44,ross,GUARDA RESULTADOS,RBCH=3
*************
27/12/2018 13:29:44,ross,GUARDA RESULTADOS,HCTH=3
*************
27/12/2018 13:29:44,ross,GUARDA RESULTADOS,HGBH=3
*************
27/12/2018 13:29:44,ross,GUARDA RESULTADOS,MCVH=3
*************
27/12/2018 13:29:44,ross,GUARDA RESULTADOS,MCHH=3
*************
27/12/2018 13:29:44,ross,GUARDA RESULTADOS,MCHCH=3
*************
27/12/2018 13:29:44,ross,GUARDA RESULTADOS,PLTH=3
*************
27/12/2018 13:29:44,ross,GUARDA RESULTADOS,PDWH=3
*************
27/12/2018 13:29:44,ross,GUARDA RESULTADOS,MPVH=3
*************
27/12/2018 13:29:44,ross,GUARDA RESULTADOS,PCTH=3
*************
27/12/2018 13:29:44,ross,GUARDA RESULTADOS,RDW_SDH=33
*************
27/12/2018 13:29:44,ross,GUARDA RESULTADOS,RDW_CVH=3
*************
27/12/2018 13:35:29,ross,GUARDA RESULTADOS,COLO=AMARILLO
*************
27/12/2018 13:35:29,ross,GUARDA RESULTADOS,ASPO=TURBIO
*************
27/12/2018 13:35:29,ross,GUARDA RESULTADOS,DENO=
*************
27/12/2018 13:35:29,ross,GUARDA RESULTADOS,PH=
*************
27/12/2018 13:35:29,ross,GUARDA RESULTADOS,LEUO=
*************
27/12/2018 13:35:29,ross,GUARDA RESULTADOS,ESO=
*************
27/12/2018 13:35:29,ross,GUARDA RESULTADOS,NITO=
*************
27/12/2018 13:35:29,ross,GUARDA RESULTADOS,PROO=
*************
27/12/2018 13:35:29,ross,GUARDA RESULTADOS,CCETO=
*************
27/12/2018 13:35:29,ross,GUARDA RESULTADOS,GLUO=NEGATIVO
*************
27/12/2018 13:35:29,ross,GUARDA RESULTADOS,ACAS=NEGATIVO
*************
27/12/2018 13:35:29,ross,GUARDA RESULTADOS,BILO=
*************
27/12/2018 13:35:29,ross,GUARDA RESULTADOS,UROO=
*************
27/12/2018 13:35:29,ross,GUARDA RESULTADOS,SANO=
*************
27/12/2018 13:35:29,ross,GUARDA RESULTADOS,HBGO=
*************
27/12/2018 13:35:29,ross,GUARDA RESULTADOS,CEPO=
*************
27/12/2018 13:35:29,ross,GUARDA RESULTADOS,CEEP=
*************
27/12/2018 13:35:29,ross,GUARDA RESULTADOS,PIOO=
*************
27/12/2018 13:35:29,ross,GUARDA RESULTADOS,HEO=
*************
27/12/2018 13:35:29,ross,GUARDA RESULTADOS,BACTO=
*************
27/12/2018 13:35:29,ross,GUARDA RESULTADOS,MOCO=
*************
27/12/2018 13:35:29,ross,GUARDA RESULTADOS,OXAO=
*************
27/12/2018 13:35:29,ross,GUARDA RESULTADOS,CILO=
*************
27/12/2018 13:35:29,ross,GUARDA RESULTADOS,CETOR=
*************
27/12/2018 13:35:29,ross,GUARDA RESULTADOS,CIGO=
*************
27/12/2018 13:35:29,ross,GUARDA RESULTADOS,CILCE=
*************
27/12/2018 13:35:29,ross,GUARDA RESULTADOS,ESP=
*************
27/12/2018 13:35:29,ross,GUARDA RESULTADOS,URO=
*************
27/12/2018 13:35:29,ross,GUARDA RESULTADOS,CECA=
*************
27/12/2018 13:35:29,ross,GUARDA RESULTADOS,FOO=
*************
27/12/2018 13:35:29,ross,GUARDA RESULTADOS,CRIO=
*************
27/12/2018 13:35:29,ross,GUARDA RESULTADOS,OTROSO=
*************
27/12/2018 13:36:23,ross,GUARDA RESULTADOS,COLOR=VERDOSA
*************
27/12/2018 13:36:23,ross,GUARDA RESULTADOS,ASPECTO=HETEROGENEA
*************
27/12/2018 13:36:23,ross,GUARDA RESULTADOS,CONSISTENCIA=SEMILIQUIDA
*************
27/12/2018 13:36:23,ross,GUARDA RESULTADOS,Ph=1.005
*************
27/12/2018 13:36:23,ross,GUARDA RESULTADOS,MOCO=
*************
27/12/2018 13:36:23,ross,GUARDA RESULTADOS,RESTOS ALIMENTARIOS=
*************
27/12/2018 13:36:23,ross,GUARDA RESULTADOS,SANGRE MACROSCOPICA=
*************
27/12/2018 13:36:23,ross,GUARDA RESULTADOS,VERMES MICROSCOPICOS=
*************
27/12/2018 13:36:23,ross,GUARDA RESULTADOS,FLORA BACTERIANA=
*************
27/12/2018 13:36:23,ross,GUARDA RESULTADOS,LEVADURAS=
*************
27/12/2018 13:36:23,ross,GUARDA RESULTADOS,GLOBULOS GRASOS=
*************
27/12/2018 13:36:23,ross,GUARDA RESULTADOS,INV. DE PARASITOS=
*************
27/12/2018 13:36:23,ross,GUARDA RESULTADOS,TRICOMONA HOMINIS=
*************
27/12/2018 13:36:23,ross,GUARDA RESULTADOS,BALANTIDIUM COLI=
*************
27/12/2018 13:36:23,ross,GUARDA RESULTADOS,ASCARIS LUMBRICOIDES=
*************
27/12/2018 13:36:23,ross,GUARDA RESULTADOS,UNCINARIAS=
*************
27/12/2018 13:36:23,ross,GUARDA RESULTADOS,OXIUROS=
*************
27/12/2018 13:36:23,ross,GUARDA RESULTADOS,PIOCITOS=
*************
27/12/2018 13:36:23,ross,GUARDA RESULTADOS,POLIMORFONUCLEARES=
*************
27/12/2018 13:36:23,ross,GUARDA RESULTADOS,STRONGILOIDES=
*************
27/12/2018 13:36:23,ross,GUARDA RESULTADOS,SANGRE OCULTA=
*************
27/12/2018 13:36:23,ross,GUARDA RESULTADOS,TENIA SOLIUM=
*************
27/12/2018 13:36:23,ross,GUARDA RESULTADOS,HIM. NANA=
*************
27/12/2018 13:36:23,ross,GUARDA RESULTADOS,ALMIDONES=
*************
27/12/2018 13:36:23,ross,GUARDA RESULTADOS,OTROS=
*************
27/12/2018 13:36:23,ross,GUARDA RESULTADOS,GRASAS=
*************
27/12/2018 13:36:23,ross,GUARDA RESULTADOS,HONGOS=
*************
27/12/2018 13:36:23,ross,GUARDA RESULTADOS,AMEBA HISTOLITICA=
*************
27/12/2018 13:36:23,ross,GUARDA RESULTADOS,ACOLI=
*************
27/12/2018 13:36:23,ross,GUARDA RESULTADOS,YODAMEBA=
*************
27/12/2018 13:36:23,ross,GUARDA RESULTADOS,EMBADOMONA=
*************
27/12/2018 13:36:23,ross,GUARDA RESULTADOS,CHILOMASTIX=
*************
27/12/2018 13:36:23,ross,GUARDA RESULTADOS,GIARDIA LAMDIA=
*************
27/12/2018 13:36:57,ross,GUARDA RESULTADOS,BIOMETRIA HEMATICA=MEMO
*************
27/12/2018 13:36:57,ross,GUARDA RESULTADOS,EMO=MEMO
*************
27/12/2018 13:36:57,ross,GUARDA RESULTADOS,COPROPARASITARIO=MEMO
*************
27/12/2018 13:36:57,ross,GUARDA RESULTADOS,CHOL=205
*************
27/12/2018 13:36:57,ross,GUARDA RESULTADOS,TGL=155
*************
27/12/2018 13:39:43,ross,GUARDA RESULTADOS,BIOMETRIA HEMATICA=MEMO
*************
27/12/2018 13:39:43,ross,GUARDA RESULTADOS,EMO=MEMO
*************
27/12/2018 13:39:43,ross,GUARDA RESULTADOS,COPROPARASITARIO=MEMO
*************
27/12/2018 13:39:43,ross,GUARDA RESULTADOS,CHOL=205
*************
27/12/2018 13:39:44,ross,GUARDA RESULTADOS,TGL=15.5
*************
27/12/2018 13:40:58,ross,GUARDA NOTA AREA,AREA=2/VALOR CONFIRMADO
*************
27/12/2018 13:41:16,ross,GUARDA NOTA AREA,AREA=2/VALOR CONFIRMADO             SUERO LIPEMICO
*************
27/12/2018 13:42:21,ross,GUARDA RESULTADOS,BIOMETRIA HEMATICA=MEMO
*************
27/12/2018 13:42:21,ross,GUARDA RESULTADOS,EMO=MEMO
*************
27/12/2018 13:42:21,ross,GUARDA RESULTADOS,COPROPARASITARIO=MEMO
*************
27/12/2018 13:42:21,ross,GUARDA RESULTADOS,CHOL=205
*************
27/12/2018 13:42:21,ross,GUARDA RESULTADOS,TGL=15.5
*************
27/12/2018 13:42:49,ross,VALIDACION RESULTADO,PEDIDO=1/400101
*************
27/12/2018 13:42:49,ross,VALIDACION RESULTADO,PEDIDO=1/400149
*************
27/12/2018 13:42:49,ross,VALIDACION RESULTADO,PEDIDO=1/400151
*************
27/12/2018 13:42:49,ross,VALIDACION RESULTADO,PEDIDO=1/400230
*************
27/12/2018 13:42:49,ross,VALIDACION RESULTADO,PEDIDO=1/400244
*************
27/12/2018 13:42:50,ross,Inserta usuario web,Paciente=57 LPILLAJO
*************
27/12/2018 13:50:40,ross,Nuevo Convenio,Convenio=XYZ
*************
27/12/2018 13:50:40,ross,Guardar secuencia,SECUENCIA=XYZ/2000/2999
*************
27/12/2018 13:52:38,ross,1 GENERAR ORDEN,PEDIDO=2
*************
27/12/2018 13:52:40,ross,2 IMPRIMIR COD BARRAS,PEDIDO=02
*************
27/12/2018 13:52:58,ross,GUARDA RESULTADOS,TGL=140
*************
27/12/2018 13:53:02,ross,VALIDACION RESULTADO,PEDIDO=2/400151
*************
27/12/2018 14:15:25,ross,IMPRIME SOBRE,PEDIDO=1
*************
27/12/2018 14:16:23,ross,IMPRIME TODO,PEDIDO=1
*************
