01/08/2023 8:50:07,,Ingreso USUARIO,Busca tabla invitado
*************
01/08/2023 8:50:08,ross,Ingreso CONTRASEÑA,Busca tabla invitado
*************
01/08/2023 13:15:09,,Ingreso USUARIO,Busca tabla invitado
*************
01/08/2023 13:15:09,ross,Ingreso CONTRASEÑA,Busca tabla invitado
*************
01/08/2023 14:50:34,,Ingreso USUARIO,Busca tabla invitado
*************
01/08/2023 14:50:35,ross,Ingreso CONTRASEÑA,Busca tabla invitado
*************
01/08/2023 14:51:28,ross,Operación de Movimiento Inventario,
*************
01/08/2023 14:51:28,ross,Inserción de detalle movimiento inventario,
*************
01/08/2023 16:29:50,,Ingreso USUARIO,Busca tabla invitado
*************
01/08/2023 16:29:51,ross,Ingreso CONTRASEÑA,Busca tabla invitado
*************
01/08/2023 17:23:54,,Ingreso USUARIO,Busca tabla invitado
*************
01/08/2023 17:23:57,ross,Ingreso CONTRASEÑA,Busca tabla invitado
*************
01/08/2023 17:57:34,,Ingreso USUARIO,Busca tabla invitado
*************
01/08/2023 17:57:35,ross,Ingreso CONTRASEÑA,Busca tabla invitado
*************
01/08/2023 18:03:45,ross,Operación de Movimiento Inventario,
*************
01/08/2023 18:03:45,ross,Inserción de detalle movimiento inventario,
*************
01/08/2023 18:03:45,ross,Inserción de detalle movimiento inventario,
*************
01/08/2023 18:03:45,ross,Inserción de detalle movimiento inventario,
*************
01/08/2023 18:03:45,ross,Inserción de detalle movimiento inventario,
*************
01/08/2023 18:03:45,ross,Inserción de detalle movimiento inventario,
*************
01/08/2023 18:03:45,ross,Inserción de detalle movimiento inventario,
*************
01/08/2023 18:04:53,,Ingreso USUARIO,Busca tabla invitado
*************
01/08/2023 18:04:54,ross,Ingreso CONTRASEÑA,Busca tabla invitado
*************
01/08/2023 19:36:23,,Ingreso USUARIO,Busca tabla invitado
*************
01/08/2023 19:36:25,,Ingreso CONTRASEÑA FALLIDO,
*************
01/08/2023 19:36:25,,Ingreso CONTRASEÑA,Busca tabla invitado
*************
01/08/2023 19:36:26,ross,Ingreso CONTRASEÑA,Busca tabla invitado
*************
01/08/2023 19:40:25,ross,Nuevo Pedido PRE CARGA,NORMAL/17
*************
01/08/2023 19:40:54,ross,Nuevo Pedido PRE CARGA,NORMAL/18
*************
01/08/2023 19:41:17,ross,Nuevo Pedido PRE CARGA,NORMAL/19
*************
01/08/2023 19:41:49,ross,Nuevo Pedido PRE CARGA,NORMAL/20
*************
01/08/2023 19:42:36,ross,Operación de Movimiento Inventario,
*************
01/08/2023 19:42:36,ross,Inserción de detalle movimiento inventario,
*************
01/08/2023 19:43:03,ross,Operación de Movimiento Inventario,
*************
01/08/2023 19:43:03,ross,Inserción de detalle movimiento inventario,
*************
01/08/2023 19:43:37,ross,Operación de Movimiento Inventario,
*************
01/08/2023 19:43:37,ross,Inserción de detalle movimiento inventario,
*************
01/08/2023 22:16:27,,Ingreso USUARIO,Busca tabla invitado
*************
01/08/2023 22:16:27,ross,Ingreso CONTRASEÑA,Busca tabla invitado
*************
01/08/2023 22:40:28,,Ingreso USUARIO,Busca tabla invitado
*************
01/08/2023 22:40:29,ross,Ingreso CONTRASEÑA,Busca tabla invitado
*************
01/08/2023 23:19:49,,Ingreso USUARIO,Busca tabla invitado
*************
01/08/2023 23:19:50,ross,Ingreso CONTRASEÑA,Busca tabla invitado
*************
01/08/2023 23:32:40,,Ingreso USUARIO,Busca tabla invitado
*************
01/08/2023 23:32:41,ross,Ingreso CONTRASEÑA,Busca tabla invitado
*************
01/08/2023 23:44:47,,Ingreso USUARIO,Busca tabla invitado
*************
01/08/2023 23:44:48,ross,Ingreso CONTRASEÑA,Busca tabla invitado
*************
02/08/2023 8:02:25,,Ingreso USUARIO,Busca tabla invitado
*************
02/08/2023 8:02:25,ross,Ingreso CONTRASEÑA,Busca tabla invitado
*************
02/08/2023 8:08:54,ross,Nuevo Pedido PRE CARGA,NORMAL/34
*************
02/08/2023 8:10:15,ross,Operación de Movimiento Inventario,
*************
02/08/2023 8:10:15,ross,Inserción de detalle movimiento inventario,
*************
02/08/2023 8:13:27,,Ingreso USUARIO,Busca tabla invitado
*************
02/08/2023 8:13:28,ross,Ingreso CONTRASEÑA,Busca tabla invitado
*************
02/08/2023 8:16:11,ross,Operación de Movimiento Inventario,
*************
02/08/2023 8:16:11,ross,Inserción de detalle movimiento inventario,
*************
02/08/2023 10:38:56,,Ingreso USUARIO,Busca tabla invitado
*************
02/08/2023 10:38:56,ross,Ingreso CONTRASEÑA,Busca tabla invitado
*************
02/08/2023 10:40:02,ross,Nuevo Pedido PRE CARGA,NORMAL/35
*************
02/08/2023 10:54:29,,Ingreso USUARIO,Busca tabla invitado
*************
02/08/2023 10:54:30,ross,Ingreso CONTRASEÑA,Busca tabla invitado
*************
02/08/2023 10:55:06,ross,Nuevo Pedido PRE CARGA,NORMAL/36
*************
02/08/2023 11:23:03,,Ingreso USUARIO,Busca tabla invitado
*************
02/08/2023 11:23:04,ross,Ingreso CONTRASEÑA,Busca tabla invitado
*************
02/08/2023 11:29:21,ross,Nuevo Pedido PRE CARGA,NORMAL/37
*************
02/08/2023 12:40:54,,Ingreso USUARIO,Busca tabla invitado
*************
02/08/2023 12:40:54,ross,Ingreso CONTRASEÑA,Busca tabla invitado
*************
02/08/2023 12:43:59,ross,Nuevo Pedido PRE CARGA,NORMAL/38
*************
02/08/2023 13:02:50,,Ingreso USUARIO,Busca tabla invitado
*************
02/08/2023 13:02:50,ross,Ingreso CONTRASEÑA,Busca tabla invitado
*************
02/08/2023 13:08:51,,Ingreso USUARIO,Busca tabla invitado
*************
02/08/2023 13:08:52,ross,Ingreso CONTRASEÑA,Busca tabla invitado
*************
02/08/2023 13:20:46,,Ingreso USUARIO,Busca tabla invitado
*************
02/08/2023 13:20:46,ross,Ingreso CONTRASEÑA,Busca tabla invitado
*************
02/08/2023 13:24:50,,Ingreso USUARIO,Busca tabla invitado
*************
02/08/2023 13:24:51,ross,Ingreso CONTRASEÑA,Busca tabla invitado
*************
02/08/2023 13:29:42,,Ingreso USUARIO,Busca tabla invitado
*************
02/08/2023 13:29:43,ross,Ingreso CONTRASEÑA,Busca tabla invitado
*************
02/08/2023 13:36:32,,Ingreso USUARIO,Busca tabla invitado
*************
02/08/2023 13:36:34,ross,Ingreso CONTRASEÑA,Busca tabla invitado
*************
02/08/2023 13:59:28,,Ingreso USUARIO,Busca tabla invitado
*************
02/08/2023 13:59:29,ross,Ingreso CONTRASEÑA,Busca tabla invitado
*************
02/08/2023 14:19:49,,Ingreso USUARIO,Busca tabla invitado
*************
02/08/2023 14:19:50,ross,Ingreso CONTRASEÑA,Busca tabla invitado
*************
02/08/2023 14:22:04,,Ingreso USUARIO,Busca tabla invitado
*************
02/08/2023 14:22:05,ross,Ingreso CONTRASEÑA,Busca tabla invitado
*************
02/08/2023 14:27:01,,Ingreso USUARIO,Busca tabla invitado
*************
02/08/2023 14:27:02,ross,Ingreso CONTRASEÑA,Busca tabla invitado
*************
02/08/2023 14:43:21,,Ingreso USUARIO,Busca tabla invitado
*************
02/08/2023 14:43:22,ross,Ingreso CONTRASEÑA,Busca tabla invitado
*************
02/08/2023 14:49:25,,Ingreso USUARIO,Busca tabla invitado
*************
02/08/2023 14:49:26,ross,Ingreso CONTRASEÑA,Busca tabla invitado
*************
02/08/2023 14:54:18,,Ingreso USUARIO,Busca tabla invitado
*************
02/08/2023 14:54:19,ross,Ingreso CONTRASEÑA,Busca tabla invitado
*************
02/08/2023 15:00:51,,Ingreso USUARIO,Busca tabla invitado
*************
02/08/2023 15:00:52,ross,Ingreso CONTRASEÑA,Busca tabla invitado
*************
02/08/2023 15:10:51,,Ingreso USUARIO,Busca tabla invitado
*************
02/08/2023 15:10:52,ross,Ingreso CONTRASEÑA,Busca tabla invitado
*************
02/08/2023 15:25:43,,Ingreso USUARIO,Busca tabla invitado
*************
02/08/2023 15:25:43,ross,Ingreso CONTRASEÑA,Busca tabla invitado
*************
03/08/2023 17:08:43,,Ingreso USUARIO,Busca tabla invitado
*************
03/08/2023 17:08:44,ross,Ingreso CONTRASEÑA,Busca tabla invitado
*************
03/08/2023 17:18:58,,Ingreso USUARIO,Busca tabla invitado
*************
03/08/2023 17:18:59,ross,Ingreso CONTRASEÑA,Busca tabla invitado
*************
03/08/2023 17:26:11,,Ingreso USUARIO,Busca tabla invitado
*************
03/08/2023 17:26:12,ross,Ingreso CONTRASEÑA,Busca tabla invitado
*************
03/08/2023 17:47:05,,Ingreso USUARIO,Busca tabla invitado
*************
03/08/2023 17:47:06,ross,Ingreso CONTRASEÑA,Busca tabla invitado
*************
03/08/2023 18:07:27,,Ingreso USUARIO,Busca tabla invitado
*************
03/08/2023 18:07:29,ross,Ingreso CONTRASEÑA,Busca tabla invitado
*************
03/08/2023 18:15:38,,Ingreso USUARIO,Busca tabla invitado
*************
03/08/2023 18:15:39,ross,Ingreso CONTRASEÑA,Busca tabla invitado
*************
04/08/2023 9:32:29,,Ingreso USUARIO,Busca tabla invitado
*************
04/08/2023 9:32:30,ross,Ingreso CONTRASEÑA,Busca tabla invitado
*************
04/08/2023 15:11:45,,Ingreso USUARIO,Busca tabla invitado
*************
04/08/2023 15:11:46,ross,Ingreso CONTRASEÑA,Busca tabla invitado
*************
04/08/2023 15:19:32,,Ingreso USUARIO,Busca tabla invitado
*************
04/08/2023 15:19:34,,Ingreso CONTRASEÑA FALLIDO,
*************
04/08/2023 15:19:34,,Ingreso CONTRASEÑA,Busca tabla invitado
*************
04/08/2023 15:19:34,ross,Ingreso CONTRASEÑA,Busca tabla invitado
*************
04/08/2023 15:33:48,,Ingreso USUARIO,Busca tabla invitado
*************
04/08/2023 15:33:49,ross,Ingreso CONTRASEÑA,Busca tabla invitado
*************
04/08/2023 18:02:39,,Ingreso USUARIO,Busca tabla invitado
*************
04/08/2023 18:02:39,ross,Ingreso CONTRASEÑA,Busca tabla invitado
*************
04/08/2023 18:15:54,,Ingreso USUARIO,Busca tabla invitado
*************
04/08/2023 18:15:55,ross,Ingreso CONTRASEÑA,Busca tabla invitado
*************
04/08/2023 18:44:14,,Ingreso USUARIO,Busca tabla invitado
*************
04/08/2023 18:44:15,ross,Ingreso CONTRASEÑA,Busca tabla invitado
*************
04/08/2023 18:47:30,,Ingreso USUARIO,Busca tabla invitado
*************
04/08/2023 18:47:31,ross,Ingreso CONTRASEÑA,Busca tabla invitado
*************
04/08/2023 18:50:18,,Ingreso USUARIO,Busca tabla invitado
*************
04/08/2023 18:50:18,ross,Ingreso CONTRASEÑA,Busca tabla invitado
*************
04/08/2023 18:52:48,,Ingreso USUARIO,Busca tabla invitado
*************
04/08/2023 18:52:49,ross,Ingreso CONTRASEÑA,Busca tabla invitado
*************
04/08/2023 18:57:38,,Ingreso USUARIO,Busca tabla invitado
*************
04/08/2023 18:57:39,ross,Ingreso CONTRASEÑA,Busca tabla invitado
*************
04/08/2023 19:04:52,,Ingreso USUARIO,Busca tabla invitado
*************
04/08/2023 19:04:53,ross,Ingreso CONTRASEÑA,Busca tabla invitado
*************
04/08/2023 19:08:45,,Ingreso USUARIO,Busca tabla invitado
*************
04/08/2023 19:08:46,ross,Ingreso CONTRASEÑA,Busca tabla invitado
*************
04/08/2023 19:23:36,,Ingreso USUARIO,Busca tabla invitado
*************
04/08/2023 19:23:37,ross,Ingreso CONTRASEÑA,Busca tabla invitado
*************
04/08/2023 19:28:34,,Ingreso USUARIO,Busca tabla invitado
*************
04/08/2023 19:28:35,ross,Ingreso CONTRASEÑA,Busca tabla invitado
*************
04/08/2023 19:33:31,,Ingreso USUARIO,Busca tabla invitado
*************
04/08/2023 19:33:32,ross,Ingreso CONTRASEÑA,Busca tabla invitado
*************
04/08/2023 19:49:37,,Ingreso USUARIO,Busca tabla invitado
*************
04/08/2023 19:49:38,ross,Ingreso CONTRASEÑA,Busca tabla invitado
*************
04/08/2023 20:09:34,,Ingreso USUARIO,Busca tabla invitado
*************
04/08/2023 20:09:35,ross,Ingreso CONTRASEÑA,Busca tabla invitado
*************
04/08/2023 20:38:02,,Ingreso USUARIO,Busca tabla invitado
*************
04/08/2023 20:38:03,ross,Ingreso CONTRASEÑA,Busca tabla invitado
*************
04/08/2023 20:46:12,,Ingreso USUARIO,Busca tabla invitado
*************
04/08/2023 20:46:12,ross,Ingreso CONTRASEÑA,Busca tabla invitado
*************
04/08/2023 20:53:57,,Ingreso USUARIO,Busca tabla invitado
*************
04/08/2023 20:53:58,ross,Ingreso CONTRASEÑA,Busca tabla invitado
*************
04/08/2023 20:57:38,,Ingreso USUARIO,Busca tabla invitado
*************
04/08/2023 20:57:39,ross,Ingreso CONTRASEÑA,Busca tabla invitado
*************
04/08/2023 21:04:15,,Ingreso USUARIO,Busca tabla invitado
*************
04/08/2023 21:04:16,ross,Ingreso CONTRASEÑA,Busca tabla invitado
*************
04/08/2023 21:21:22,,Ingreso USUARIO,Busca tabla invitado
*************
04/08/2023 21:21:23,ross,Ingreso CONTRASEÑA,Busca tabla invitado
*************
04/08/2023 21:25:57,,Ingreso USUARIO,Busca tabla invitado
*************
04/08/2023 21:25:58,ross,Ingreso CONTRASEÑA,Busca tabla invitado
*************
04/08/2023 21:29:17,,Ingreso USUARIO,Busca tabla invitado
*************
04/08/2023 21:29:18,ross,Ingreso CONTRASEÑA,Busca tabla invitado
*************
04/08/2023 21:33:00,,Ingreso USUARIO,Busca tabla invitado
*************
04/08/2023 21:33:00,ross,Ingreso CONTRASEÑA,Busca tabla invitado
*************
04/08/2023 21:38:16,,Ingreso USUARIO,Busca tabla invitado
*************
04/08/2023 21:38:17,ross,Ingreso CONTRASEÑA,Busca tabla invitado
*************
04/08/2023 21:45:54,,Ingreso USUARIO,Busca tabla invitado
*************
04/08/2023 21:45:55,ross,Ingreso CONTRASEÑA,Busca tabla invitado
*************
05/08/2023 8:23:48,,Ingreso USUARIO,Busca tabla invitado
*************
05/08/2023 8:23:49,ross,Ingreso CONTRASEÑA,Busca tabla invitado
*************
05/08/2023 8:51:46,,Ingreso USUARIO,Busca tabla invitado
*************
05/08/2023 8:51:50,ross,Ingreso CONTRASEÑA,Busca tabla invitado
*************
05/08/2023 8:54:02,ross,Operación de Movimiento Inventario,
*************
05/08/2023 8:54:02,ross,Inserción de detalle movimiento inventario,
*************
05/08/2023 9:02:54,,Ingreso USUARIO,Busca tabla invitado
*************
05/08/2023 9:02:55,ross,Ingreso CONTRASEÑA,Busca tabla invitado
*************
05/08/2023 9:05:56,ross,Actualiza Paciente,Paciente=IZA ORTEGA JORGE LUIS
*************
05/08/2023 9:11:34,,Ingreso USUARIO,Busca tabla invitado
*************
05/08/2023 9:11:35,ross,Ingreso CONTRASEÑA,Busca tabla invitado
*************
05/08/2023 9:37:43,,Ingreso USUARIO,Busca tabla invitado
*************
05/08/2023 9:37:44,ross,Ingreso CONTRASEÑA,Busca tabla invitado
*************
05/08/2023 9:39:14,,Ingreso USUARIO,Busca tabla invitado
*************
05/08/2023 9:39:15,,Ingreso CONTRASEÑA FALLIDO,
*************
05/08/2023 9:39:15,,Ingreso CONTRASEÑA,Busca tabla invitado
*************
05/08/2023 9:39:16,ross,Ingreso CONTRASEÑA,Busca tabla invitado
*************
05/08/2023 9:50:21,,Ingreso USUARIO,Busca tabla invitado
*************
05/08/2023 9:50:21,ross,Ingreso CONTRASEÑA,Busca tabla invitado
*************
05/08/2023 11:14:55,,Ingreso USUARIO,Busca tabla invitado
*************
05/08/2023 11:14:55,ross,Ingreso CONTRASEÑA,Busca tabla invitado
*************
05/08/2023 11:21:13,,Ingreso USUARIO,Busca tabla invitado
*************
05/08/2023 11:21:14,ross,Ingreso CONTRASEÑA,Busca tabla invitado
*************
05/08/2023 11:31:15,,Ingreso USUARIO,Busca tabla invitado
*************
05/08/2023 11:31:16,ross,Ingreso CONTRASEÑA,Busca tabla invitado
*************
05/08/2023 11:35:21,,Ingreso USUARIO,Busca tabla invitado
*************
05/08/2023 11:35:22,ross,Ingreso CONTRASEÑA,Busca tabla invitado
*************
05/08/2023 11:41:17,,Ingreso USUARIO,Busca tabla invitado
*************
05/08/2023 11:41:18,ross,Ingreso CONTRASEÑA,Busca tabla invitado
*************
05/08/2023 11:46:15,,Ingreso USUARIO,Busca tabla invitado
*************
05/08/2023 11:46:16,ross,Ingreso CONTRASEÑA,Busca tabla invitado
*************
05/08/2023 11:48:18,,Ingreso USUARIO,Busca tabla invitado
*************
05/08/2023 11:48:19,ross,Ingreso CONTRASEÑA,Busca tabla invitado
*************
05/08/2023 12:00:01,,Ingreso USUARIO,Busca tabla invitado
*************
05/08/2023 12:00:03,ross,Ingreso CONTRASEÑA,Busca tabla invitado
*************
05/08/2023 12:48:00,,Ingreso USUARIO,Busca tabla invitado
*************
05/08/2023 12:48:01,ross,Ingreso CONTRASEÑA,Busca tabla invitado
*************
05/08/2023 12:52:29,,Ingreso USUARIO,Busca tabla invitado
*************
05/08/2023 12:52:30,ross,Ingreso CONTRASEÑA,Busca tabla invitado
*************
05/08/2023 13:33:08,,Ingreso USUARIO,Busca tabla invitado
*************
05/08/2023 13:33:09,ross,Ingreso CONTRASEÑA,Busca tabla invitado
*************
05/08/2023 13:34:46,,Ingreso USUARIO,Busca tabla invitado
*************
05/08/2023 13:34:46,ross,Ingreso CONTRASEÑA,Busca tabla invitado
*************
05/08/2023 13:42:13,,Ingreso USUARIO,Busca tabla invitado
*************
05/08/2023 13:42:14,ross,Ingreso CONTRASEÑA,Busca tabla invitado
*************
05/08/2023 14:19:05,,Ingreso USUARIO,Busca tabla invitado
*************
05/08/2023 14:19:06,ross,Ingreso CONTRASEÑA,Busca tabla invitado
*************
05/08/2023 14:50:58,,Ingreso USUARIO,Busca tabla invitado
*************
05/08/2023 14:50:59,ross,Ingreso CONTRASEÑA,Busca tabla invitado
*************
05/08/2023 14:58:24,,Ingreso USUARIO,Busca tabla invitado
*************
05/08/2023 14:58:25,ross,Ingreso CONTRASEÑA,Busca tabla invitado
*************
05/08/2023 15:01:42,,Ingreso USUARIO,Busca tabla invitado
*************
05/08/2023 15:01:43,ross,Ingreso CONTRASEÑA,Busca tabla invitado
*************
05/08/2023 15:12:30,,Ingreso USUARIO,Busca tabla invitado
*************
05/08/2023 15:12:31,ross,Ingreso CONTRASEÑA,Busca tabla invitado
*************
05/08/2023 16:37:02,,Ingreso USUARIO,Busca tabla invitado
*************
05/08/2023 16:37:03,ross,Ingreso CONTRASEÑA,Busca tabla invitado
*************
05/08/2023 16:44:59,,Ingreso USUARIO,Busca tabla invitado
*************
05/08/2023 16:45:01,ross,Ingreso CONTRASEÑA,Busca tabla invitado
*************
05/08/2023 16:57:39,,Ingreso USUARIO,Busca tabla invitado
*************
05/08/2023 16:57:40,ross,Ingreso CONTRASEÑA,Busca tabla invitado
*************
05/08/2023 17:18:01,,Ingreso USUARIO,Busca tabla invitado
*************
05/08/2023 17:18:02,ross,Ingreso CONTRASEÑA,Busca tabla invitado
*************
05/08/2023 17:40:55,,Ingreso USUARIO,Busca tabla invitado
*************
05/08/2023 17:40:56,ross,Ingreso CONTRASEÑA,Busca tabla invitado
*************
05/08/2023 17:47:48,,Ingreso USUARIO,Busca tabla invitado
*************
05/08/2023 17:47:49,ross,Ingreso CONTRASEÑA,Busca tabla invitado
*************
05/08/2023 18:00:45,,Ingreso USUARIO,Busca tabla invitado
*************
05/08/2023 18:00:46,ross,Ingreso CONTRASEÑA,Busca tabla invitado
*************
05/08/2023 18:12:48,,Ingreso USUARIO,Busca tabla invitado
*************
05/08/2023 18:13:27,ross,Ingreso CONTRASEÑA,Busca tabla invitado
*************
06/08/2023 15:49:24,,Ingreso USUARIO,Busca tabla invitado
*************
06/08/2023 15:49:25,ross,Ingreso CONTRASEÑA,Busca tabla invitado
*************
06/08/2023 15:53:05,,Ingreso USUARIO,Busca tabla invitado
*************
06/08/2023 15:53:06,ross,Ingreso CONTRASEÑA,Busca tabla invitado
*************
06/08/2023 16:00:02,,Ingreso USUARIO,Busca tabla invitado
*************
06/08/2023 16:00:03,ross,Ingreso CONTRASEÑA,Busca tabla invitado
*************
06/08/2023 16:03:46,,Ingreso USUARIO,Busca tabla invitado
*************
06/08/2023 16:03:47,ross,Ingreso CONTRASEÑA,Busca tabla invitado
*************
06/08/2023 16:07:45,,Ingreso USUARIO,Busca tabla invitado
*************
06/08/2023 16:07:47,,Ingreso CONTRASEÑA FALLIDO,
*************
06/08/2023 16:07:47,,Ingreso CONTRASEÑA,Busca tabla invitado
*************
06/08/2023 16:07:48,ross,Ingreso CONTRASEÑA,Busca tabla invitado
*************
06/08/2023 16:13:09,,Ingreso USUARIO,Busca tabla invitado
*************
06/08/2023 16:13:10,ross,Ingreso CONTRASEÑA,Busca tabla invitado
*************
06/08/2023 16:18:37,,Ingreso USUARIO,Busca tabla invitado
*************
06/08/2023 16:18:38,ross,Ingreso CONTRASEÑA,Busca tabla invitado
*************
06/08/2023 16:22:06,,Ingreso USUARIO,Busca tabla invitado
*************
06/08/2023 16:22:07,ross,Ingreso CONTRASEÑA,Busca tabla invitado
*************
06/08/2023 16:38:13,,Ingreso USUARIO,Busca tabla invitado
*************
06/08/2023 16:38:14,ross,Ingreso CONTRASEÑA,Busca tabla invitado
*************
06/08/2023 16:49:06,,Ingreso USUARIO,Busca tabla invitado
*************
06/08/2023 16:49:07,ross,Ingreso CONTRASEÑA,Busca tabla invitado
*************
06/08/2023 16:57:36,,Ingreso USUARIO,Busca tabla invitado
*************
06/08/2023 16:57:37,ross,Ingreso CONTRASEÑA,Busca tabla invitado
*************
06/08/2023 17:01:37,,Ingreso USUARIO,Busca tabla invitado
*************
06/08/2023 17:01:38,ross,Ingreso CONTRASEÑA,Busca tabla invitado
*************
06/08/2023 17:05:30,,Ingreso USUARIO,Busca tabla invitado
*************
06/08/2023 17:05:31,ross,Ingreso CONTRASEÑA,Busca tabla invitado
*************
06/08/2023 17:42:15,,Ingreso USUARIO,Busca tabla invitado
*************
06/08/2023 17:42:16,ross,Ingreso CONTRASEÑA,Busca tabla invitado
*************
06/08/2023 17:50:41,,Ingreso USUARIO,Busca tabla invitado
*************
06/08/2023 17:50:42,ross,Ingreso CONTRASEÑA,Busca tabla invitado
*************
06/08/2023 17:59:59,,Ingreso USUARIO,Busca tabla invitado
*************
06/08/2023 17:59:59,ross,Ingreso CONTRASEÑA,Busca tabla invitado
*************
06/08/2023 18:02:21,,Ingreso USUARIO,Busca tabla invitado
*************
06/08/2023 18:02:22,ross,Ingreso CONTRASEÑA,Busca tabla invitado
*************
06/08/2023 18:07:09,,Ingreso USUARIO,Busca tabla invitado
*************
06/08/2023 18:07:10,ross,Ingreso CONTRASEÑA,Busca tabla invitado
*************
06/08/2023 18:12:00,,Ingreso USUARIO,Busca tabla invitado
*************
06/08/2023 18:12:01,ross,Ingreso CONTRASEÑA,Busca tabla invitado
*************
06/08/2023 18:29:14,,Ingreso USUARIO,Busca tabla invitado
*************
06/08/2023 18:29:14,ross,Ingreso CONTRASEÑA,Busca tabla invitado
*************
06/08/2023 18:30:00,ross,Nuevo Pedido PRE CARGA,NORMAL/39
*************
06/08/2023 18:41:23,ross,GUARDA CUTANEAS,39
*************
06/08/2023 18:41:23,ross,GUARDA CUTANEAS,39
*************
06/08/2023 18:41:23,ross,GUARDA CUTANEAS,39
*************
06/08/2023 18:41:23,ross,GUARDA CUTANEAS,39
*************
06/08/2023 18:41:23,ross,GUARDA CUTANEAS,39
*************
06/08/2023 18:41:23,ross,GUARDA CUTANEAS,39
*************
06/08/2023 18:41:23,ross,GUARDA CUTANEAS,39
*************
06/08/2023 18:41:23,ross,GUARDA CUTANEAS,39
*************
06/08/2023 18:41:23,ross,GUARDA CUTANEAS,39
*************
06/08/2023 18:41:23,ross,GUARDA CUTANEAS,39
*************
06/08/2023 18:41:23,ross,GUARDA CUTANEAS,39
*************
06/08/2023 18:41:23,ross,GUARDA CUTANEAS,39
*************
06/08/2023 18:41:23,ross,GUARDA CUTANEAS,39
*************
06/08/2023 18:41:23,ross,GUARDA CUTANEAS,39
*************
06/08/2023 18:41:23,ross,GUARDA CUTANEAS,39
*************
06/08/2023 18:41:23,ross,GUARDA CUTANEAS,39
*************
06/08/2023 18:41:23,ross,GUARDA CUTANEAS,39
*************
06/08/2023 18:41:23,ross,GUARDA CUTANEAS,39
*************
06/08/2023 18:41:23,ross,GUARDA CUTANEAS,39
*************
06/08/2023 18:41:23,ross,GUARDA CUTANEAS,39
*************
06/08/2023 18:41:23,ross,GUARDA CUTANEAS,39
*************
06/08/2023 18:41:23,ross,GUARDA CUTANEAS,39
*************
06/08/2023 18:41:23,ross,GUARDA CUTANEAS,39
*************
06/08/2023 18:41:23,ross,GUARDA CUTANEAS,39
*************
06/08/2023 18:41:23,ross,GUARDA CUTANEAS,39
*************
06/08/2023 18:41:23,ross,GUARDA CUTANEAS,39
*************
06/08/2023 18:41:23,ross,GUARDA CUTANEAS,39
*************
06/08/2023 18:41:23,ross,GUARDA CUTANEAS,39
*************
06/08/2023 18:41:23,ross,GUARDA CUTANEAS,39
*************
06/08/2023 18:41:23,ross,GUARDA CUTANEAS,39
*************
06/08/2023 18:41:23,ross,GUARDA CUTANEAS,39
*************
06/08/2023 18:41:23,ross,GUARDA CUTANEAS,39
*************
06/08/2023 18:41:23,ross,GUARDA CUTANEAS,39
*************
06/08/2023 18:41:23,ross,GUARDA CUTANEAS,39
*************
06/08/2023 18:41:23,ross,GUARDA CUTANEAS,39
*************
06/08/2023 18:41:23,ross,GUARDA CUTANEAS,39
*************
06/08/2023 18:41:23,ross,GUARDA CUTANEAS,39
*************
06/08/2023 18:41:23,ross,GUARDA CUTANEAS,39
*************
06/08/2023 18:41:23,ross,GUARDA CUTANEAS,39
*************
06/08/2023 18:41:23,ross,GUARDA CUTANEAS,39
*************
06/08/2023 18:41:23,ross,GUARDA CUTANEAS,39
*************
06/08/2023 18:41:23,ross,GUARDA CUTANEAS,39
*************
06/08/2023 18:41:23,ross,GUARDA CUTANEAS,39
*************
06/08/2023 18:41:23,ross,GUARDA CUTANEAS,39
*************
06/08/2023 18:41:23,ross,GUARDA CUTANEAS,39
*************
06/08/2023 18:41:23,ross,GUARDA CUTANEAS,39
*************
06/08/2023 18:41:23,ross,GUARDA CUTANEAS,39
*************
06/08/2023 18:41:23,ross,GUARDA CUTANEAS,39
*************
06/08/2023 18:41:23,ross,GUARDA CUTANEAS,39
*************
06/08/2023 18:41:23,ross,GUARDA CUTANEAS,39
*************
06/08/2023 18:41:23,ross,GUARDA CUTANEAS,39
*************
06/08/2023 18:41:23,ross,GUARDA CUTANEAS,39
*************
06/08/2023 18:41:24,ross,GUARDA CUTANEAS,39
*************
06/08/2023 18:41:24,ross,GUARDA CUTANEAS,39
*************
06/08/2023 18:41:24,ross,GUARDA CUTANEAS,39
*************
06/08/2023 18:41:24,ross,GUARDA CUTANEAS,39
*************
06/08/2023 18:41:24,ross,GUARDA CUTANEAS,39
*************
06/08/2023 18:41:24,ross,GUARDA CUTANEAS,39
*************
06/08/2023 18:41:24,ross,GUARDA CUTANEAS,39
*************
06/08/2023 18:41:24,ross,GUARDA CUTANEAS,39
*************
06/08/2023 18:41:24,ross,GUARDA CUTANEAS,39
*************
06/08/2023 18:41:24,ross,GUARDA CUTANEAS,39
*************
06/08/2023 18:41:24,ross,GUARDA CUTANEAS,39
*************
06/08/2023 18:41:24,ross,GUARDA CUTANEAS,39
*************
06/08/2023 18:41:24,ross,GUARDA CUTANEAS,39
*************
06/08/2023 18:41:24,ross,GUARDA CUTANEAS,39
*************
06/08/2023 18:41:24,ross,GUARDA CUTANEAS,39
*************
06/08/2023 18:41:24,ross,GUARDA CUTANEAS,39
*************
06/08/2023 18:41:24,ross,GUARDA CUTANEAS,39
*************
06/08/2023 18:41:24,ross,GUARDA CUTANEAS,39
*************
06/08/2023 18:41:24,ross,GUARDA CUTANEAS,39
*************
06/08/2023 18:41:24,ross,GUARDA CUTANEAS,39
*************
06/08/2023 18:41:24,ross,GUARDA CUTANEAS,39
*************
06/08/2023 18:41:24,ross,GUARDA CUTANEAS,39
*************
06/08/2023 18:41:24,ross,GUARDA CUTANEAS,39
*************
06/08/2023 18:41:24,ross,GUARDA CUTANEAS,39
*************
06/08/2023 18:41:24,ross,GUARDA CUTANEAS,39
*************
06/08/2023 18:41:24,ross,GUARDA CUTANEAS,39
*************
06/08/2023 18:41:24,ross,GUARDA CUTANEAS,39
*************
06/08/2023 18:41:24,ross,GUARDA CUTANEAS,39
*************
06/08/2023 18:41:24,ross,GUARDA CUTANEAS,39
*************
06/08/2023 18:41:24,ross,GUARDA CUTANEAS,39
*************
06/08/2023 18:41:24,ross,GUARDA CUTANEAS,39
*************
06/08/2023 18:41:24,ross,GUARDA CUTANEAS,39
*************
06/08/2023 19:03:06,,Ingreso USUARIO,Busca tabla invitado
*************
06/08/2023 19:03:07,ross,Ingreso CONTRASEÑA,Busca tabla invitado
*************
06/08/2023 19:37:27,,Ingreso USUARIO,Busca tabla invitado
*************
06/08/2023 19:37:27,ross,Ingreso CONTRASEÑA,Busca tabla invitado
*************
06/08/2023 20:40:14,,Ingreso USUARIO,Busca tabla invitado
*************
06/08/2023 20:40:15,ross,Ingreso CONTRASEÑA,Busca tabla invitado
*************
06/08/2023 20:48:20,,Ingreso USUARIO,Busca tabla invitado
*************
06/08/2023 20:48:21,ross,Ingreso CONTRASEÑA,Busca tabla invitado
*************
06/08/2023 20:52:58,,Ingreso USUARIO,Busca tabla invitado
*************
06/08/2023 20:52:59,ross,Ingreso CONTRASEÑA,Busca tabla invitado
*************
06/08/2023 21:04:52,ross,Operación de Movimiento Inventario,
*************
06/08/2023 21:04:52,ross,Inserción de detalle movimiento inventario,
*************
06/08/2023 21:22:19,,Ingreso USUARIO,Busca tabla invitado
*************
06/08/2023 21:22:20,ross,Ingreso CONTRASEÑA,Busca tabla invitado
*************
07/08/2023 19:58:27,,Ingreso USUARIO,Busca tabla invitado
*************
07/08/2023 19:58:27,ross,Ingreso CONTRASEÑA,Busca tabla invitado
*************
07/08/2023 20:32:20,,Ingreso USUARIO,Busca tabla invitado
*************
07/08/2023 20:32:21,ross,Ingreso CONTRASEÑA,Busca tabla invitado
*************
07/08/2023 20:36:37,,Ingreso USUARIO,Busca tabla invitado
*************
07/08/2023 20:36:38,ross,Ingreso CONTRASEÑA,Busca tabla invitado
*************
07/08/2023 20:37:53,ross,GUARDA EXISTENCIA TEMP,0
*************
07/08/2023 20:37:56,ross,GUARDA EXISTENCIA TEMP,0
*************
07/08/2023 20:37:57,ross,GUARDA EXISTENCIA TEMP,0
*************
07/08/2023 20:38:33,ross,GUARDA EXISTENCIA TEMP,0
*************
07/08/2023 20:38:33,ross,GUARDA EXISTENCIA TEMP,0
*************
07/08/2023 20:38:33,ross,GUARDA EXISTENCIA TEMP,0
*************
07/08/2023 20:38:33,ross,GUARDA EXISTENCIA TEMP,0
*************
07/08/2023 20:38:33,ross,GUARDA EXISTENCIA TEMP,0
*************
07/08/2023 20:38:33,ross,GUARDA EXISTENCIA TEMP,0
*************
07/08/2023 20:49:26,,Ingreso USUARIO,Busca tabla invitado
*************
07/08/2023 20:49:27,ross,Ingreso CONTRASEÑA,Busca tabla invitado
*************
07/08/2023 21:18:38,,Ingreso USUARIO,Busca tabla invitado
*************
07/08/2023 21:18:39,ross,Ingreso CONTRASEÑA,Busca tabla invitado
*************
07/08/2023 21:36:56,,Ingreso USUARIO,Busca tabla invitado
*************
07/08/2023 21:36:57,ross,Ingreso CONTRASEÑA,Busca tabla invitado
*************
07/08/2023 21:43:05,,Ingreso USUARIO,Busca tabla invitado
*************
07/08/2023 21:43:06,ross,Ingreso CONTRASEÑA,Busca tabla invitado
*************
07/08/2023 21:52:18,,Ingreso USUARIO,Busca tabla invitado
*************
07/08/2023 21:52:18,ross,Ingreso CONTRASEÑA,Busca tabla invitado
*************
07/08/2023 21:57:16,,Ingreso USUARIO,Busca tabla invitado
*************
07/08/2023 21:57:17,ross,Ingreso CONTRASEÑA,Busca tabla invitado
*************
07/08/2023 22:00:34,,Ingreso USUARIO,Busca tabla invitado
*************
07/08/2023 22:00:36,ross,Ingreso CONTRASEÑA,Busca tabla invitado
*************
07/08/2023 22:07:17,,Ingreso USUARIO,Busca tabla invitado
*************
07/08/2023 22:07:18,ross,Ingreso CONTRASEÑA,Busca tabla invitado
*************
07/08/2023 22:11:36,,Ingreso USUARIO,Busca tabla invitado
*************
07/08/2023 22:11:37,ross,Ingreso CONTRASEÑA,Busca tabla invitado
*************
07/08/2023 22:20:03,,Ingreso USUARIO,Busca tabla invitado
*************
07/08/2023 22:20:04,ross,Ingreso CONTRASEÑA,Busca tabla invitado
*************
07/08/2023 22:26:06,,Ingreso USUARIO,Busca tabla invitado
*************
07/08/2023 22:26:07,ross,Ingreso CONTRASEÑA,Busca tabla invitado
*************
07/08/2023 22:34:43,,Ingreso USUARIO,Busca tabla invitado
*************
07/08/2023 22:34:44,ross,Ingreso CONTRASEÑA,Busca tabla invitado
*************
07/08/2023 22:40:33,,Ingreso USUARIO,Busca tabla invitado
*************
07/08/2023 22:40:34,ross,Ingreso CONTRASEÑA,Busca tabla invitado
*************
07/08/2023 22:45:40,,Ingreso USUARIO,Busca tabla invitado
*************
07/08/2023 22:45:41,ross,Ingreso CONTRASEÑA,Busca tabla invitado
*************
07/08/2023 22:52:57,,Ingreso USUARIO,Busca tabla invitado
*************
07/08/2023 22:52:58,ross,Ingreso CONTRASEÑA,Busca tabla invitado
*************
07/08/2023 22:57:51,,Ingreso USUARIO,Busca tabla invitado
*************
07/08/2023 22:57:51,ross,Ingreso CONTRASEÑA,Busca tabla invitado
*************
07/08/2023 23:04:34,,Ingreso USUARIO,Busca tabla invitado
*************
07/08/2023 23:04:35,ross,Ingreso CONTRASEÑA,Busca tabla invitado
*************
07/08/2023 23:10:18,,Ingreso USUARIO,Busca tabla invitado
*************
07/08/2023 23:10:19,ross,Ingreso CONTRASEÑA,Busca tabla invitado
*************
07/08/2023 23:15:54,,Ingreso USUARIO,Busca tabla invitado
*************
07/08/2023 23:15:55,ross,Ingreso CONTRASEÑA,Busca tabla invitado
*************
07/08/2023 23:20:43,,Ingreso USUARIO,Busca tabla invitado
*************
07/08/2023 23:20:43,ross,Ingreso CONTRASEÑA,Busca tabla invitado
*************
07/08/2023 23:24:41,,Ingreso USUARIO,Busca tabla invitado
*************
07/08/2023 23:24:41,ross,Ingreso CONTRASEÑA,Busca tabla invitado
*************
08/08/2023 12:44:06,,Ingreso USUARIO,Busca tabla invitado
*************
08/08/2023 12:44:06,ross,Ingreso CONTRASEÑA,Busca tabla invitado
*************
08/08/2023 13:06:26,,Ingreso USUARIO,Busca tabla invitado
*************
08/08/2023 13:06:27,ross,Ingreso CONTRASEÑA,Busca tabla invitado
*************
08/08/2023 13:13:06,,Ingreso USUARIO,Busca tabla invitado
*************
08/08/2023 13:13:06,ross,Ingreso CONTRASEÑA,Busca tabla invitado
*************
08/08/2023 13:26:38,,Ingreso USUARIO,Busca tabla invitado
*************
08/08/2023 13:26:39,ross,Ingreso CONTRASEÑA,Busca tabla invitado
*************
08/08/2023 13:34:05,,Ingreso USUARIO,Busca tabla invitado
*************
08/08/2023 13:34:06,ross,Ingreso CONTRASEÑA,Busca tabla invitado
*************
08/08/2023 13:39:22,,Ingreso USUARIO,Busca tabla invitado
*************
08/08/2023 13:39:23,ross,Ingreso CONTRASEÑA,Busca tabla invitado
*************
08/08/2023 16:54:43,,Ingreso USUARIO,Busca tabla invitado
*************
08/08/2023 16:54:43,ross,Ingreso CONTRASEÑA,Busca tabla invitado
*************
08/08/2023 17:11:46,,Ingreso USUARIO,Busca tabla invitado
*************
08/08/2023 17:11:46,ross,Ingreso CONTRASEÑA,Busca tabla invitado
*************
08/08/2023 17:16:25,,Ingreso USUARIO,Busca tabla invitado
*************
08/08/2023 17:16:26,ross,Ingreso CONTRASEÑA,Busca tabla invitado
*************
08/08/2023 17:26:44,,Ingreso USUARIO,Busca tabla invitado
*************
08/08/2023 17:26:45,ross,Ingreso CONTRASEÑA,Busca tabla invitado
*************
08/08/2023 17:28:49,ross,GUARDA EXISTENCIA TEMP,0
*************
08/08/2023 17:28:49,ross,GUARDA EXISTENCIA TEMP,0
*************
08/08/2023 17:28:49,ross,GUARDA EXISTENCIA TEMP,0
*************
08/08/2023 17:28:50,ross,GUARDA EXISTENCIA TEMP,0
*************
08/08/2023 17:28:50,ross,GUARDA EXISTENCIA TEMP,0
*************
08/08/2023 17:28:50,ross,GUARDA EXISTENCIA TEMP,0
*************
08/08/2023 17:28:50,ross,GUARDA EXISTENCIA TEMP,0
*************
08/08/2023 17:28:50,ross,GUARDA EXISTENCIA TEMP,0
*************
08/08/2023 17:28:50,ross,GUARDA EXISTENCIA TEMP,0
*************
08/08/2023 17:36:05,,Ingreso USUARIO,Busca tabla invitado
*************
08/08/2023 17:36:07,,Ingreso CONTRASEÑA FALLIDO,
*************
08/08/2023 17:36:07,,Ingreso CONTRASEÑA,Busca tabla invitado
*************
08/08/2023 17:36:07,ross,Ingreso CONTRASEÑA,Busca tabla invitado
*************
08/08/2023 17:36:58,ross,ELIMINA EXISTENCIA TEMP,0
*************
08/08/2023 17:37:13,ross,GUARDA EXISTENCIA TEMP,0
*************
08/08/2023 17:37:13,ross,GUARDA EXISTENCIA TEMP,0
*************
08/08/2023 17:37:13,ross,GUARDA EXISTENCIA TEMP,0
*************
08/08/2023 17:37:13,ross,ELIMINA EXISTENCIA TEMP,0
*************
08/08/2023 17:37:13,ross,GUARDA EXISTENCIA TEMP,0
*************
08/08/2023 17:37:13,ross,GUARDA EXISTENCIA TEMP,0
*************
08/08/2023 17:37:13,ross,GUARDA EXISTENCIA TEMP,0
*************
08/08/2023 17:37:13,ross,GUARDA EXISTENCIA TEMP,0
*************
08/08/2023 17:37:13,ross,GUARDA EXISTENCIA TEMP,0
*************
08/08/2023 17:37:13,ross,GUARDA EXISTENCIA TEMP,0
*************
08/08/2023 17:46:12,,Ingreso USUARIO,Busca tabla invitado
*************
08/08/2023 17:46:13,ross,Ingreso CONTRASEÑA,Busca tabla invitado
*************
08/08/2023 17:50:57,,Ingreso USUARIO,Busca tabla invitado
*************
08/08/2023 17:50:58,ross,Ingreso CONTRASEÑA,Busca tabla invitado
*************
08/08/2023 17:58:24,,Ingreso USUARIO,Busca tabla invitado
*************
08/08/2023 17:58:25,ross,Ingreso CONTRASEÑA,Busca tabla invitado
*************
09/08/2023 9:06:12,,Ingreso USUARIO,Busca tabla invitado
*************
09/08/2023 9:06:12,ross,Ingreso CONTRASEÑA,Busca tabla invitado
*************
09/08/2023 9:34:11,ross,ELIMINA EXISTENCIA TEMP,0
*************
09/08/2023 9:34:11,ross,GUARDA EXISTENCIA TEMP,0
*************
09/08/2023 9:34:11,ross,GUARDA EXISTENCIA TEMP,0
*************
09/08/2023 9:34:11,ross,GUARDA EXISTENCIA TEMP,0
*************
09/08/2023 9:34:11,ross,ELIMINA EXISTENCIA TEMP,0
*************
09/08/2023 9:34:11,ross,GUARDA EXISTENCIA TEMP,0
*************
09/08/2023 9:34:11,ross,GUARDA EXISTENCIA TEMP,0
*************
09/08/2023 9:34:11,ross,GUARDA EXISTENCIA TEMP,0
*************
09/08/2023 9:34:11,ross,GUARDA EXISTENCIA TEMP,0
*************
09/08/2023 9:34:11,ross,GUARDA EXISTENCIA TEMP,0
*************
09/08/2023 9:34:11,ross,GUARDA EXISTENCIA TEMP,0
*************
09/08/2023 9:34:19,ross,ELIMINA EXISTENCIA TEMP,0
*************
09/08/2023 9:34:19,ross,GUARDA EXISTENCIA TEMP,0
*************
09/08/2023 9:34:19,ross,GUARDA EXISTENCIA TEMP,0
*************
09/08/2023 9:34:19,ross,GUARDA EXISTENCIA TEMP,0
*************
09/08/2023 9:34:19,ross,ELIMINA EXISTENCIA TEMP,0
*************
09/08/2023 9:34:19,ross,GUARDA EXISTENCIA TEMP,0
*************
09/08/2023 9:34:19,ross,GUARDA EXISTENCIA TEMP,0
*************
09/08/2023 9:34:19,ross,GUARDA EXISTENCIA TEMP,0
*************
09/08/2023 9:34:19,ross,GUARDA EXISTENCIA TEMP,0
*************
09/08/2023 9:34:19,ross,GUARDA EXISTENCIA TEMP,0
*************
09/08/2023 9:34:19,ross,GUARDA EXISTENCIA TEMP,0
*************
09/08/2023 9:43:01,ross,ELIMINA EXISTENCIA TEMP,0
*************
09/08/2023 9:45:09,ross,GUARDA EXISTENCIA TEMP,0
*************
09/08/2023 9:45:10,ross,GUARDA EXISTENCIA TEMP,0
*************
09/08/2023 9:45:10,ross,GUARDA EXISTENCIA TEMP,0
*************
09/08/2023 9:48:30,ross,ELIMINA EXISTENCIA TEMP,0
*************
09/08/2023 10:03:34,,Ingreso USUARIO,Busca tabla invitado
*************
09/08/2023 10:03:35,ross,Ingreso CONTRASEÑA,Busca tabla invitado
*************
09/08/2023 10:09:48,,Ingreso USUARIO,Busca tabla invitado
*************
09/08/2023 10:09:49,ross,Ingreso CONTRASEÑA,Busca tabla invitado
*************
09/08/2023 10:10:49,ross,ELIMINA EXISTENCIA TEMP,0
*************
09/08/2023 10:10:50,ross,GUARDA EXISTENCIA TEMP,0
*************
09/08/2023 10:10:50,ross,GUARDA EXISTENCIA TEMP,0
*************
09/08/2023 10:10:50,ross,GUARDA EXISTENCIA TEMP,0
*************
09/08/2023 10:11:01,ross,ELIMINA EXISTENCIA TEMP,0
*************
09/08/2023 10:11:01,ross,GUARDA EXISTENCIA TEMP,0
*************
09/08/2023 10:11:01,ross,GUARDA EXISTENCIA TEMP,0
*************
09/08/2023 10:11:01,ross,GUARDA EXISTENCIA TEMP,0
*************
09/08/2023 10:11:01,ross,GUARDA EXISTENCIA TEMP,0
*************
09/08/2023 10:11:01,ross,GUARDA EXISTENCIA TEMP,0
*************
09/08/2023 10:11:01,ross,GUARDA EXISTENCIA TEMP,0
*************
09/08/2023 10:19:02,,Ingreso USUARIO,Busca tabla invitado
*************
09/08/2023 10:19:03,ross,Ingreso CONTRASEÑA,Busca tabla invitado
*************
09/08/2023 12:03:58,,Ingreso USUARIO,Busca tabla invitado
*************
09/08/2023 12:03:58,ross,Ingreso CONTRASEÑA,Busca tabla invitado
*************
09/08/2023 12:05:53,ross,Operación de Movimiento Inventario,
*************
09/08/2023 12:05:53,ross,Inserción de detalle movimiento inventario,
*************
09/08/2023 12:07:55,ross,GUARDA CUTANEAS,36
*************
09/08/2023 12:07:55,ross,GUARDA CUTANEAS,36
*************
09/08/2023 12:07:55,ross,GUARDA CUTANEAS,36
*************
09/08/2023 12:07:55,ross,GUARDA CUTANEAS,36
*************
09/08/2023 12:07:55,ross,GUARDA CUTANEAS,36
*************
09/08/2023 12:07:55,ross,GUARDA CUTANEAS,36
*************
09/08/2023 12:07:55,ross,GUARDA CUTANEAS,36
*************
09/08/2023 12:07:55,ross,GUARDA CUTANEAS,36
*************
09/08/2023 12:07:55,ross,GUARDA CUTANEAS,36
*************
09/08/2023 12:07:55,ross,GUARDA CUTANEAS,36
*************
09/08/2023 12:07:55,ross,GUARDA CUTANEAS,36
*************
09/08/2023 12:07:55,ross,GUARDA CUTANEAS,36
*************
09/08/2023 12:07:55,ross,GUARDA CUTANEAS,36
*************
09/08/2023 12:07:55,ross,GUARDA CUTANEAS,36
*************
09/08/2023 12:07:55,ross,GUARDA CUTANEAS,36
*************
09/08/2023 12:07:55,ross,GUARDA CUTANEAS,36
*************
09/08/2023 12:07:55,ross,GUARDA CUTANEAS,36
*************
09/08/2023 12:07:55,ross,GUARDA CUTANEAS,36
*************
09/08/2023 12:07:55,ross,GUARDA CUTANEAS,36
*************
09/08/2023 12:07:55,ross,GUARDA CUTANEAS,36
*************
09/08/2023 12:07:55,ross,GUARDA CUTANEAS,36
*************
09/08/2023 12:07:55,ross,GUARDA CUTANEAS,36
*************
09/08/2023 12:07:55,ross,GUARDA CUTANEAS,36
*************
09/08/2023 12:07:55,ross,GUARDA CUTANEAS,36
*************
09/08/2023 12:07:55,ross,GUARDA CUTANEAS,36
*************
09/08/2023 12:07:55,ross,GUARDA CUTANEAS,36
*************
09/08/2023 12:07:55,ross,GUARDA CUTANEAS,36
*************
09/08/2023 12:07:55,ross,GUARDA CUTANEAS,36
*************
09/08/2023 12:07:55,ross,GUARDA CUTANEAS,36
*************
09/08/2023 12:07:55,ross,GUARDA CUTANEAS,36
*************
09/08/2023 12:07:55,ross,GUARDA CUTANEAS,36
*************
09/08/2023 12:07:55,ross,GUARDA CUTANEAS,36
*************
09/08/2023 12:07:55,ross,GUARDA CUTANEAS,36
*************
09/08/2023 12:07:55,ross,GUARDA CUTANEAS,36
*************
09/08/2023 12:07:55,ross,GUARDA CUTANEAS,36
*************
09/08/2023 12:07:55,ross,GUARDA CUTANEAS,36
*************
09/08/2023 12:07:55,ross,GUARDA CUTANEAS,36
*************
09/08/2023 12:07:55,ross,GUARDA CUTANEAS,36
*************
09/08/2023 12:07:55,ross,GUARDA CUTANEAS,36
*************
09/08/2023 12:07:55,ross,GUARDA CUTANEAS,36
*************
09/08/2023 12:07:55,ross,GUARDA CUTANEAS,36
*************
09/08/2023 12:07:55,ross,GUARDA CUTANEAS,36
*************
09/08/2023 12:07:55,ross,GUARDA CUTANEAS,36
*************
09/08/2023 12:07:55,ross,GUARDA CUTANEAS,36
*************
09/08/2023 12:07:55,ross,GUARDA CUTANEAS,36
*************
09/08/2023 12:07:55,ross,GUARDA CUTANEAS,36
*************
09/08/2023 12:07:55,ross,GUARDA CUTANEAS,36
*************
09/08/2023 12:07:55,ross,GUARDA CUTANEAS,36
*************
09/08/2023 12:07:55,ross,GUARDA CUTANEAS,36
*************
09/08/2023 12:07:55,ross,GUARDA CUTANEAS,36
*************
09/08/2023 12:07:55,ross,GUARDA CUTANEAS,36
*************
09/08/2023 12:07:55,ross,GUARDA CUTANEAS,36
*************
09/08/2023 12:07:55,ross,GUARDA CUTANEAS,36
*************
09/08/2023 12:07:55,ross,GUARDA CUTANEAS,36
*************
09/08/2023 12:07:55,ross,GUARDA CUTANEAS,36
*************
09/08/2023 12:07:55,ross,GUARDA CUTANEAS,36
*************
09/08/2023 12:07:55,ross,GUARDA CUTANEAS,36
*************
09/08/2023 12:07:55,ross,GUARDA CUTANEAS,36
*************
09/08/2023 12:07:55,ross,GUARDA CUTANEAS,36
*************
09/08/2023 12:07:55,ross,GUARDA CUTANEAS,36
*************
09/08/2023 12:07:55,ross,GUARDA CUTANEAS,36
*************
09/08/2023 12:07:55,ross,GUARDA CUTANEAS,36
*************
09/08/2023 12:07:55,ross,GUARDA CUTANEAS,36
*************
09/08/2023 12:07:55,ross,GUARDA CUTANEAS,36
*************
09/08/2023 12:07:55,ross,GUARDA CUTANEAS,36
*************
09/08/2023 12:07:55,ross,GUARDA CUTANEAS,36
*************
09/08/2023 12:07:55,ross,GUARDA CUTANEAS,36
*************
09/08/2023 12:07:55,ross,GUARDA CUTANEAS,36
*************
09/08/2023 12:07:55,ross,GUARDA CUTANEAS,36
*************
09/08/2023 12:07:55,ross,GUARDA CUTANEAS,36
*************
09/08/2023 12:07:55,ross,GUARDA CUTANEAS,36
*************
09/08/2023 12:07:55,ross,GUARDA CUTANEAS,36
*************
09/08/2023 12:07:55,ross,GUARDA CUTANEAS,36
*************
09/08/2023 12:07:55,ross,GUARDA CUTANEAS,36
*************
09/08/2023 12:07:55,ross,GUARDA CUTANEAS,36
*************
09/08/2023 12:07:55,ross,GUARDA CUTANEAS,36
*************
09/08/2023 12:07:55,ross,GUARDA CUTANEAS,36
*************
09/08/2023 12:07:55,ross,GUARDA CUTANEAS,36
*************
09/08/2023 12:07:55,ross,GUARDA CUTANEAS,36
*************
09/08/2023 12:07:55,ross,GUARDA CUTANEAS,36
*************
09/08/2023 12:07:55,ross,GUARDA CUTANEAS,36
*************
09/08/2023 12:07:55,ross,GUARDA CUTANEAS,36
*************
09/08/2023 12:07:55,ross,GUARDA CUTANEAS,36
*************
09/08/2023 12:07:55,ross,GUARDA CUTANEAS,36
*************
10/08/2023 17:02:32,,Ingreso USUARIO,Busca tabla invitado
*************
10/08/2023 17:02:33,ross,Ingreso CONTRASEÑA,Busca tabla invitado
*************
10/08/2023 17:03:08,ross,Nuevo Pedido PRE CARGA,NORMAL/40
*************
10/08/2023 17:03:29,ross,Nuevo Pedido PRE CARGA,NORMAL/41
*************
10/08/2023 17:03:57,ross,Nuevo Pedido PRE CARGA,NORMAL/42
*************
10/08/2023 17:04:28,ross,Nuevo Pedido PRE CARGA,NORMAL/43
*************
10/08/2023 17:04:52,ross,Nuevo Pedido PRE CARGA,NORMAL/44
*************
12/08/2023 11:57:15,,Ingreso USUARIO,Busca tabla invitado
*************
12/08/2023 11:57:15,ross,Ingreso CONTRASEÑA,Busca tabla invitado
*************
12/08/2023 19:51:08,,Ingreso USUARIO,Busca tabla invitado
*************
12/08/2023 19:51:09,ross,Ingreso CONTRASEÑA,Busca tabla invitado
*************
12/08/2023 19:51:33,ross,Nuevo Pedido PRE CARGA,NORMAL/45
*************
12/08/2023 19:52:13,ross,Nuevo Pedido PRE CARGA,NORMAL/46
*************
12/08/2023 21:00:15,,Ingreso USUARIO,Busca tabla invitado
*************
12/08/2023 21:00:16,ross,Ingreso CONTRASEÑA,Busca tabla invitado
*************
13/08/2023 16:56:25,,Ingreso USUARIO,Busca tabla invitado
*************
13/08/2023 16:56:26,ross,Ingreso CONTRASEÑA,Busca tabla invitado
*************
13/08/2023 21:39:07,ross,GUARDA CUTANEAS,41
*************
13/08/2023 21:39:07,ross,GUARDA CUTANEAS,41
*************
13/08/2023 21:39:07,ross,GUARDA CUTANEAS,41
*************
13/08/2023 21:39:07,ross,GUARDA CUTANEAS,41
*************
13/08/2023 21:39:07,ross,GUARDA CUTANEAS,41
*************
13/08/2023 21:39:07,ross,GUARDA CUTANEAS,41
*************
13/08/2023 21:39:07,ross,GUARDA CUTANEAS,41
*************
13/08/2023 21:39:07,ross,GUARDA CUTANEAS,41
*************
13/08/2023 21:39:07,ross,GUARDA CUTANEAS,41
*************
13/08/2023 21:39:07,ross,GUARDA CUTANEAS,41
*************
13/08/2023 21:39:07,ross,GUARDA CUTANEAS,41
*************
13/08/2023 21:39:07,ross,GUARDA CUTANEAS,41
*************
13/08/2023 21:39:07,ross,GUARDA CUTANEAS,41
*************
13/08/2023 21:39:07,ross,GUARDA CUTANEAS,41
*************
13/08/2023 21:39:07,ross,GUARDA CUTANEAS,41
*************
13/08/2023 21:39:07,ross,GUARDA CUTANEAS,41
*************
13/08/2023 21:39:07,ross,GUARDA CUTANEAS,41
*************
13/08/2023 21:39:07,ross,GUARDA CUTANEAS,41
*************
13/08/2023 21:39:07,ross,GUARDA CUTANEAS,41
*************
13/08/2023 21:39:07,ross,GUARDA CUTANEAS,41
*************
13/08/2023 21:39:07,ross,GUARDA CUTANEAS,41
*************
13/08/2023 21:39:07,ross,GUARDA CUTANEAS,41
*************
13/08/2023 21:39:07,ross,GUARDA CUTANEAS,41
*************
13/08/2023 21:39:07,ross,GUARDA CUTANEAS,41
*************
13/08/2023 21:39:07,ross,GUARDA CUTANEAS,41
*************
13/08/2023 21:39:07,ross,GUARDA CUTANEAS,41
*************
13/08/2023 21:39:07,ross,GUARDA CUTANEAS,41
*************
13/08/2023 21:39:07,ross,GUARDA CUTANEAS,41
*************
13/08/2023 21:39:07,ross,GUARDA CUTANEAS,41
*************
13/08/2023 21:39:07,ross,GUARDA CUTANEAS,41
*************
13/08/2023 21:39:07,ross,GUARDA CUTANEAS,41
*************
13/08/2023 21:39:07,ross,GUARDA CUTANEAS,41
*************
13/08/2023 21:39:07,ross,GUARDA CUTANEAS,41
*************
13/08/2023 21:39:07,ross,GUARDA CUTANEAS,41
*************
13/08/2023 21:39:07,ross,GUARDA CUTANEAS,41
*************
13/08/2023 21:39:07,ross,GUARDA CUTANEAS,41
*************
13/08/2023 21:39:07,ross,GUARDA CUTANEAS,41
*************
13/08/2023 21:39:07,ross,GUARDA CUTANEAS,41
*************
13/08/2023 21:39:07,ross,GUARDA CUTANEAS,41
*************
13/08/2023 21:39:07,ross,GUARDA CUTANEAS,41
*************
13/08/2023 21:39:07,ross,GUARDA CUTANEAS,41
*************
13/08/2023 21:39:07,ross,GUARDA CUTANEAS,41
*************
13/08/2023 21:39:07,ross,GUARDA CUTANEAS,41
*************
13/08/2023 21:39:07,ross,GUARDA CUTANEAS,41
*************
13/08/2023 21:39:07,ross,GUARDA CUTANEAS,41
*************
13/08/2023 21:39:07,ross,GUARDA CUTANEAS,41
*************
13/08/2023 21:39:07,ross,GUARDA CUTANEAS,41
*************
13/08/2023 21:39:07,ross,GUARDA CUTANEAS,41
*************
13/08/2023 21:39:07,ross,GUARDA CUTANEAS,41
*************
13/08/2023 21:39:07,ross,GUARDA CUTANEAS,41
*************
13/08/2023 21:39:07,ross,GUARDA CUTANEAS,41
*************
13/08/2023 21:39:07,ross,GUARDA CUTANEAS,41
*************
13/08/2023 21:39:07,ross,GUARDA CUTANEAS,41
*************
13/08/2023 21:39:07,ross,GUARDA CUTANEAS,41
*************
13/08/2023 21:39:07,ross,GUARDA CUTANEAS,41
*************
13/08/2023 21:39:07,ross,GUARDA CUTANEAS,41
*************
13/08/2023 21:39:07,ross,GUARDA CUTANEAS,41
*************
13/08/2023 21:39:07,ross,GUARDA CUTANEAS,41
*************
13/08/2023 21:39:07,ross,GUARDA CUTANEAS,41
*************
13/08/2023 21:39:07,ross,GUARDA CUTANEAS,41
*************
13/08/2023 21:39:07,ross,GUARDA CUTANEAS,41
*************
13/08/2023 21:39:07,ross,GUARDA CUTANEAS,41
*************
13/08/2023 21:39:07,ross,GUARDA CUTANEAS,41
*************
13/08/2023 21:39:07,ross,GUARDA CUTANEAS,41
*************
13/08/2023 21:39:07,ross,GUARDA CUTANEAS,41
*************
13/08/2023 21:39:07,ross,GUARDA CUTANEAS,41
*************
13/08/2023 21:39:07,ross,GUARDA CUTANEAS,41
*************
13/08/2023 21:39:07,ross,GUARDA CUTANEAS,41
*************
13/08/2023 21:39:07,ross,GUARDA CUTANEAS,41
*************
13/08/2023 21:39:07,ross,GUARDA CUTANEAS,41
*************
13/08/2023 21:39:08,ross,GUARDA CUTANEAS,41
*************
13/08/2023 21:39:08,ross,GUARDA CUTANEAS,41
*************
13/08/2023 21:39:08,ross,GUARDA CUTANEAS,41
*************
13/08/2023 21:39:08,ross,GUARDA CUTANEAS,41
*************
13/08/2023 21:39:08,ross,GUARDA CUTANEAS,41
*************
13/08/2023 21:39:08,ross,GUARDA CUTANEAS,41
*************
13/08/2023 21:39:08,ross,GUARDA CUTANEAS,41
*************
13/08/2023 21:39:08,ross,GUARDA CUTANEAS,41
*************
13/08/2023 21:39:08,ross,GUARDA CUTANEAS,41
*************
13/08/2023 21:39:08,ross,GUARDA CUTANEAS,41
*************
13/08/2023 21:39:08,ross,GUARDA CUTANEAS,41
*************
13/08/2023 21:39:08,ross,GUARDA CUTANEAS,41
*************
13/08/2023 21:39:08,ross,GUARDA CUTANEAS,41
*************
13/08/2023 21:39:08,ross,GUARDA CUTANEAS,41
*************
13/08/2023 21:39:28,ross,Operación de Movimiento Inventario,
*************
13/08/2023 21:39:28,ross,Inserción de detalle movimiento inventario,
*************
13/08/2023 21:46:04,ross,Nuevo Pedido PRE CARGA,NORMAL/47
*************
13/08/2023 21:46:36,ross,Nuevo Pedido PRE CARGA,NORMAL/48
*************
14/08/2023 10:54:08,,Ingreso USUARIO,Busca tabla invitado
*************
14/08/2023 10:54:09,ross,Ingreso CONTRASEÑA,Busca tabla invitado
*************
14/08/2023 10:57:00,ross,Nuevo Pedido PRE CARGA,NORMAL/49
*************
16/08/2023 13:43:06,,Ingreso USUARIO,Busca tabla invitado
*************
16/08/2023 13:43:06,ross,Ingreso CONTRASEÑA,Busca tabla invitado
*************
16/08/2023 21:46:00,,Ingreso USUARIO,Busca tabla invitado
*************
16/08/2023 21:46:01,,Ingreso CONTRASEÑA FALLIDO,
*************
16/08/2023 21:46:01,,Ingreso CONTRASEÑA,Busca tabla invitado
*************
16/08/2023 21:46:04,ross,Ingreso CONTRASEÑA,Busca tabla invitado
*************
16/08/2023 21:46:44,ross,Elimina Medico,Medico=15
*************
16/08/2023 21:46:50,ross,Elimina Medico,Medico=9
*************
16/08/2023 21:46:53,ross,Elimina Medico,Medico=7
*************
16/08/2023 21:46:57,ross,Elimina Medico,Medico=8
*************
16/08/2023 21:47:02,ross,Elimina Medico,Medico=17
*************
16/08/2023 21:48:39,ross,Actualizacon Medico,Medico=MARIA DEL CARMEN MORALES
*************
16/08/2023 21:49:15,ross,Actualizacon Medico,Medico=GABRIELA MORALES
*************
16/08/2023 21:50:32,ross,Actualizacon Medico,Medico=GRUPO PEDIATRIA
*************
16/08/2023 21:50:40,ross,Actualizacon Medico,Medico=GABRIELA MORALES
*************
16/08/2023 21:50:49,ross,Actualizacon Medico,Medico=MARIA DEL CARMEN MORALES
*************
16/08/2023 21:55:23,ross,Nuevo Pedido PRE CARGA,NORMAL/50
*************
16/08/2023 22:20:05,,Ingreso USUARIO,Busca tabla invitado
*************
16/08/2023 22:20:05,ross,Ingreso CONTRASEÑA,Busca tabla invitado
*************
16/08/2023 22:33:33,,Ingreso USUARIO,Busca tabla invitado
*************
16/08/2023 22:33:33,ross,Ingreso CONTRASEÑA,Busca tabla invitado
*************
16/08/2023 22:35:25,,Ingreso USUARIO,Busca tabla invitado
*************
16/08/2023 22:35:28,ross,Ingreso CONTRASEÑA,Busca tabla invitado
*************
16/08/2023 22:41:00,,Ingreso USUARIO,Busca tabla invitado
*************
16/08/2023 22:41:01,ross,Ingreso CONTRASEÑA,Busca tabla invitado
*************
17/08/2023 10:41:22,,Ingreso USUARIO,Busca tabla invitado
*************
17/08/2023 10:41:23,ross,Ingreso CONTRASEÑA,Busca tabla invitado
*************
17/08/2023 10:42:39,ross,Nuevo Pedido PRE CARGA,NORMAL/50
*************
17/08/2023 17:31:42,,Ingreso USUARIO,Busca tabla invitado
*************
17/08/2023 17:31:43,ross,Ingreso CONTRASEÑA,Busca tabla invitado
*************
18/08/2023 7:22:50,,Ingreso USUARIO,Busca tabla invitado
*************
18/08/2023 7:22:53,ross,Ingreso CONTRASEÑA,Busca tabla invitado
*************
18/08/2023 7:28:02,ross,Nuevo Pedido PRE CARGA,NORMAL/51
*************
18/08/2023 8:04:05,,Ingreso USUARIO,Busca tabla invitado
*************
18/08/2023 8:04:06,ross,Ingreso CONTRASEÑA,Busca tabla invitado
*************
18/08/2023 8:08:45,,Ingreso USUARIO,Busca tabla invitado
*************
18/08/2023 8:08:46,ross,Ingreso CONTRASEÑA,Busca tabla invitado
*************
18/08/2023 21:08:34,,Ingreso USUARIO,Busca tabla invitado
*************
18/08/2023 21:08:35,ross123,Ingreso CONTRASEÑA,Busca tabla invitado
*************
18/08/2023 21:31:40,,Ingreso USUARIO,Busca tabla invitado
*************
18/08/2023 21:31:41,ross,Ingreso CONTRASEÑA,Busca tabla invitado
*************
18/08/2023 21:36:09,,Ingreso USUARIO,Busca tabla invitado
*************
18/08/2023 21:36:10,ross,Ingreso CONTRASEÑA,Busca tabla invitado
*************
18/08/2023 21:37:11,ross,Nuevo Pedido IMPORTACION,NORMAL/52
*************
18/08/2023 21:37:44,ross,Nuevo Pedido IMPORTACION,NORMAL/53
*************
18/08/2023 21:42:01,,Ingreso USUARIO,Busca tabla invitado
*************
18/08/2023 21:42:02,ross,Ingreso CONTRASEÑA,Busca tabla invitado
*************
18/08/2023 21:42:52,ross,Nuevo Pedido IMPORTACION,NORMAL/54
*************
18/08/2023 21:43:18,ross,Nuevo Pedido IMPORTACION,NORMAL/55
*************
18/08/2023 21:47:13,,Ingreso USUARIO,Busca tabla invitado
*************
18/08/2023 21:47:14,ross,Ingreso CONTRASEÑA,Busca tabla invitado
*************
18/08/2023 21:47:59,ross,Nuevo Pedido IMPORTACION,NORMAL/56
*************
18/08/2023 21:48:00,ross,Generar Paciente,Paciente=VELASQUEZ FIGUEROA CARLOS IGNACIO
*************
18/08/2023 21:48:00,ross,Nuevo Pedido IMPORTACION,NORMAL/57
*************
18/08/2023 21:48:01,ross,Nuevo Pedido IMPORTACION,NORMAL/58
*************
18/08/2023 21:48:01,ross,Generar Paciente,Paciente=PAUCAR LLUMIQUINGA SCARLETT YAMILETH
*************
18/08/2023 21:48:02,ross,Nuevo Pedido IMPORTACION,NORMAL/59
*************
18/08/2023 21:48:02,ross,Generar Paciente,Paciente=GONZALEZ MORALES ANA PAULA
*************
18/08/2023 21:48:03,ross,Nuevo Pedido IMPORTACION,NORMAL/60
*************
18/08/2023 21:48:03,ross,Generar Paciente,Paciente=ANASI GUASUMBA GENESIS AIDE
*************
18/08/2023 21:48:04,ross,Nuevo Pedido IMPORTACION,NORMAL/61
*************
18/08/2023 21:48:05,ross,Generar Paciente,Paciente=LLUMIQUINGA MOREIRA DYLAN JULIAN
*************
18/08/2023 21:48:06,ross,Nuevo Pedido IMPORTACION,NORMAL/62
*************
18/08/2023 21:48:07,ross,Generar Paciente,Paciente=LLUMIQUINGA MOREIRA JOHAN DAMIAN
*************
18/08/2023 21:48:08,ross,Nuevo Pedido IMPORTACION,NORMAL/63
*************
18/08/2023 21:48:08,ross,Generar Paciente,Paciente=QUINGA VALENTIN EMILIANO CUSTODIO
*************
18/08/2023 21:48:09,ross,Nuevo Pedido IMPORTACION,NORMAL/64
*************
18/08/2023 21:48:09,ross,Generar Paciente,Paciente=SUAREZ SUNTAXI YAMILETH VALENTINA
*************
18/08/2023 21:48:10,ross,Nuevo Pedido IMPORTACION,NORMAL/65
*************
18/08/2023 21:48:10,ross,Generar Paciente,Paciente=MAYORGA AMAGUA MATIAS JOEL
*************
18/08/2023 21:48:10,ross,Nuevo Pedido IMPORTACION,NORMAL/66
*************
18/08/2023 21:48:10,ross,Generar Paciente,Paciente=GUANOLUIZA CASAMIN DAYANA LISETH
*************
18/08/2023 21:48:10,ross,Nuevo Pedido IMPORTACION,NORMAL/67
*************
18/08/2023 21:48:10,ross,Generar Paciente,Paciente=GUANOLUIZA CASAMIN DAVID ALEJANDRO
*************
18/08/2023 21:48:10,ross,Nuevo Pedido IMPORTACION,NORMAL/68
*************
18/08/2023 21:48:10,ross,Generar Paciente,Paciente=LOPEZ ALBAN EMILY JULAYNA
*************
18/08/2023 21:48:10,ross,Nuevo Pedido IMPORTACION,NORMAL/69
*************
18/08/2023 21:48:10,ross,Generar Paciente,Paciente=LOACHAMIN GUALOTUÑA CAMILA VALENTINA
*************
18/08/2023 21:48:10,ross,Nuevo Pedido IMPORTACION,NORMAL/70
*************
18/08/2023 21:48:10,ross,Generar Paciente,Paciente=ANASI CHAVEZ ESTEBAN ALEXEI
*************
18/08/2023 21:48:10,ross,Nuevo Pedido IMPORTACION,NORMAL/71
*************
18/08/2023 21:48:10,ross,Generar Paciente,Paciente=FIGUEROA ROMERO LUCIANA VALENTINA
*************
18/08/2023 21:48:10,ross,Nuevo Pedido IMPORTACION,NORMAL/72
*************
18/08/2023 21:48:10,ross,Generar Paciente,Paciente=FIGUEROA ROMERO GABRIEL FERNANDO
*************
18/08/2023 21:48:10,ross,Nuevo Pedido IMPORTACION,NORMAL/73
*************
18/08/2023 21:48:10,ross,Generar Paciente,Paciente=GUASUMBA COLLAGUAZO DALIT JOSSEPH
*************
18/08/2023 21:48:10,ross,Nuevo Pedido IMPORTACION,NORMAL/74
*************
18/08/2023 21:48:10,ross,Generar Paciente,Paciente=NACIMBA TIPAN DANIELA ANAHI
*************
18/08/2023 21:48:10,ross,Nuevo Pedido IMPORTACION,NORMAL/75
*************
18/08/2023 21:48:10,ross,Generar Paciente,Paciente=Antony Joaquín Simbaña Loya
*************
18/08/2023 21:48:10,ross,Nuevo Pedido IMPORTACION,NORMAL/76
*************
18/08/2023 21:55:49,,Ingreso USUARIO,Busca tabla invitado
*************
18/08/2023 21:55:50,ross123,Ingreso CONTRASEÑA,Busca tabla invitado
*************
18/08/2023 21:57:28,ross123,Generar Paciente,Paciente=FLORES MORALES ANDRES SEBASTIAN
*************
18/08/2023 22:18:24,,Ingreso USUARIO,Busca tabla invitado
*************
18/08/2023 22:18:29,ross123,Ingreso CONTRASEÑA,Busca tabla invitado
*************
18/08/2023 22:25:39,,Ingreso USUARIO,Busca tabla invitado
*************
18/08/2023 22:25:40,,Ingreso CONTRASEÑA FALLIDO,
*************
18/08/2023 22:25:40,,Ingreso CONTRASEÑA,Busca tabla invitado
*************
18/08/2023 22:25:42,ross123,Ingreso CONTRASEÑA,Busca tabla invitado
*************
20/08/2023 18:04:36,,Ingreso USUARIO,Busca tabla invitado
*************
20/08/2023 18:04:37,ross,Ingreso CONTRASEÑA,Busca tabla invitado
*************
20/08/2023 18:05:28,ross,Generar Paciente,Paciente=RODRIGUEZ LOPEZ JOAQUIN ALEJANDRO
*************
20/08/2023 18:05:28,ross,Nuevo Pedido IMPORTACION,NORMAL/77
*************
20/08/2023 18:05:28,ross,Generar Paciente,Paciente=RODRIGUEZ LOPEZ DAVID ESTEBAN
*************
20/08/2023 18:05:28,ross,Nuevo Pedido IMPORTACION,NORMAL/78
*************
20/08/2023 18:05:28,ross,Generar Paciente,Paciente=SANGOQUIZA PAUCAR ADRIAN EMILIANO
*************
20/08/2023 18:05:28,ross,Nuevo Pedido IMPORTACION,NORMAL/79
*************
20/08/2023 18:05:28,ross,Generar Paciente,Paciente=SANGOQUIZA PAUCAR ANTHONY JAHIR
*************
20/08/2023 18:05:29,ross,Nuevo Pedido IMPORTACION,NORMAL/80
*************
20/08/2023 18:05:29,ross,Generar Paciente,Paciente=GIRON BARRIONUEVO FRANCISCO JOSE
*************
20/08/2023 18:05:29,ross,Nuevo Pedido IMPORTACION,NORMAL/81
*************
20/08/2023 18:05:29,ross,Generar Paciente,Paciente=GIRON BARRIONUEVO JOSSELINE GUADALUPE
*************
20/08/2023 18:05:29,ross,Nuevo Pedido IMPORTACION,NORMAL/82
*************
20/08/2023 18:05:29,ross,Generar Paciente,Paciente=HUACHO ROMERO MONICA LOFENA
*************
20/08/2023 18:05:29,ross,Nuevo Pedido IMPORTACION,NORMAL/83
*************
20/08/2023 18:05:29,ross,Generar Paciente,Paciente=QUINGA FATIMA
*************
20/08/2023 18:05:29,ross,Nuevo Pedido IMPORTACION,NORMAL/84
*************
20/08/2023 18:05:29,ross,Generar Paciente,Paciente=BARRAGAN BORJA LUIS ARIAN
*************
20/08/2023 18:05:29,ross,Nuevo Pedido IMPORTACION,NORMAL/85
*************
20/08/2023 18:05:29,ross,Generar Paciente,Paciente=PAUCAR MEDINA RENATA VALESKA
*************
20/08/2023 18:05:29,ross,Nuevo Pedido IMPORTACION,NORMAL/86
*************
20/08/2023 18:05:29,ross,Generar Paciente,Paciente=DELGADO GAVILEMA CAMILA RAFAELA
*************
20/08/2023 18:05:29,ross,Nuevo Pedido IMPORTACION,NORMAL/87
*************
20/08/2023 18:05:29,ross,Generar Paciente,Paciente=SANCHEZ GAVILEMA LEONEL ALEXANDER
*************
20/08/2023 18:05:29,ross,Nuevo Pedido IMPORTACION,NORMAL/88
*************
20/08/2023 18:05:29,ross,Generar Paciente,Paciente=Molina  Quishpe Scarlett Samantha
*************
20/08/2023 18:05:29,ross,Nuevo Pedido IMPORTACION,NORMAL/89
*************
20/08/2023 18:05:29,ross,Generar Paciente,Paciente=ARCOS CARRION MARIA EDUARDA
*************
20/08/2023 18:05:29,ross,Nuevo Pedido IMPORTACION,NORMAL/90
*************
20/08/2023 18:05:29,ross,Generar Paciente,Paciente=GUALLICHICO QUINGA SOFIA ANALY
*************
20/08/2023 18:05:29,ross,Nuevo Pedido IMPORTACION,NORMAL/91
*************
20/08/2023 18:05:29,ross,Generar Paciente,Paciente=GALARZA PINZA FERNANDOJOSUE
*************
20/08/2023 18:05:29,ross,Nuevo Pedido IMPORTACION,NORMAL/92
*************
20/08/2023 18:05:58,ross,Nuevo Convenio,Convenio=JACINTO
*************
20/08/2023 18:05:58,ross,Guardar secuencia,SECUENCIA=JACINTO/1201/1300
*************
20/08/2023 18:13:02,ross,Nuevo Perfil,PERFIL=JACINTO
*************
20/08/2023 18:15:22,ross,Nuevo Pedido IMPORTACION,NORMAL/77
*************
20/08/2023 18:15:23,ross,Nuevo Pedido IMPORTACION,NORMAL/78
*************
20/08/2023 18:15:24,ross,Nuevo Pedido IMPORTACION,NORMAL/79
*************
20/08/2023 18:15:25,ross,Nuevo Pedido IMPORTACION,NORMAL/80
*************
20/08/2023 18:15:26,ross,Nuevo Pedido IMPORTACION,NORMAL/81
*************
20/08/2023 18:15:27,ross,Nuevo Pedido IMPORTACION,NORMAL/82
*************
20/08/2023 18:15:28,ross,Nuevo Pedido IMPORTACION,NORMAL/83
*************
20/08/2023 18:15:29,ross,Nuevo Pedido IMPORTACION,NORMAL/84
*************
20/08/2023 18:15:29,ross,Nuevo Pedido IMPORTACION,NORMAL/85
*************
20/08/2023 18:15:30,ross,Nuevo Pedido IMPORTACION,NORMAL/86
*************
20/08/2023 18:15:30,ross,Nuevo Pedido IMPORTACION,NORMAL/87
*************
20/08/2023 18:15:30,ross,Nuevo Pedido IMPORTACION,NORMAL/88
*************
20/08/2023 18:15:31,ross,Nuevo Pedido IMPORTACION,NORMAL/89
*************
20/08/2023 18:15:31,ross,Nuevo Pedido IMPORTACION,NORMAL/90
*************
20/08/2023 18:15:32,ross,Nuevo Pedido IMPORTACION,NORMAL/91
*************
20/08/2023 18:15:32,ross,Nuevo Pedido IMPORTACION,NORMAL/92
*************
23/08/2023 10:59:45,,Ingreso USUARIO,Busca tabla invitado
*************
23/08/2023 10:59:47,,Ingreso CONTRASEÑA FALLIDO,
*************
23/08/2023 10:59:47,,Ingreso CONTRASEÑA,Busca tabla invitado
*************
23/08/2023 10:59:49,ross123,Ingreso CONTRASEÑA,Busca tabla invitado
*************
23/08/2023 11:02:52,,Ingreso USUARIO,Busca tabla invitado
*************
23/08/2023 11:02:54,,Ingreso CONTRASEÑA FALLIDO,
*************
23/08/2023 11:02:54,,Ingreso CONTRASEÑA,Busca tabla invitado
*************
23/08/2023 11:02:55,ross123,Ingreso CONTRASEÑA,Busca tabla invitado
*************
23/08/2023 12:27:10,,Ingreso USUARIO,Busca tabla invitado
*************
23/08/2023 12:27:11,ross,Ingreso CONTRASEÑA,Busca tabla invitado
*************
23/08/2023 12:49:57,,Ingreso USUARIO,Busca tabla invitado
*************
23/08/2023 12:49:58,ross,Ingreso CONTRASEÑA,Busca tabla invitado
*************
23/08/2023 13:05:15,,Ingreso USUARIO,Busca tabla invitado
*************
23/08/2023 13:05:18,,Ingreso CONTRASEÑA FALLIDO,
*************
23/08/2023 13:05:18,,Ingreso CONTRASEÑA,Busca tabla invitado
*************
23/08/2023 13:05:18,ross,Ingreso CONTRASEÑA,Busca tabla invitado
*************
23/08/2023 15:27:11,,Ingreso USUARIO,Busca tabla invitado
*************
23/08/2023 15:27:11,ross,Ingreso CONTRASEÑA,Busca tabla invitado
*************
23/08/2023 15:28:49,ross,Nuevo Pedido PRE CARGA,NORMAL/93
*************
23/08/2023 15:30:11,ross,Nuevo Pedido PRE CARGA,NORMAL/94
*************
23/08/2023 15:50:04,ross,Nuevo Pedido PRE CARGA,NORMAL/95
*************
23/08/2023 18:09:37,,Ingreso USUARIO,Busca tabla invitado
*************
23/08/2023 18:09:38,ross,Ingreso CONTRASEÑA,Busca tabla invitado
*************
23/08/2023 18:10:28,ross,Nuevo Pedido PRE CARGA,NORMAL/51
*************
23/08/2023 18:15:51,,Ingreso USUARIO,Busca tabla invitado
*************
23/08/2023 18:15:52,ross,Ingreso CONTRASEÑA,Busca tabla invitado
*************
23/08/2023 21:54:28,,Ingreso USUARIO,Busca tabla invitado
*************
23/08/2023 21:54:29,ross,Ingreso CONTRASEÑA,Busca tabla invitado
*************
23/08/2023 22:14:24,,Ingreso USUARIO,Busca tabla invitado
*************
23/08/2023 22:14:24,ross,Ingreso CONTRASEÑA,Busca tabla invitado
*************
23/08/2023 22:16:48,,Ingreso USUARIO,Busca tabla invitado
*************
23/08/2023 22:16:49,ross,Ingreso CONTRASEÑA,Busca tabla invitado
*************
23/08/2023 22:41:44,,Ingreso USUARIO,Busca tabla invitado
*************
23/08/2023 22:41:45,ross,Ingreso CONTRASEÑA,Busca tabla invitado
*************
23/08/2023 22:48:52,,Ingreso USUARIO,Busca tabla invitado
*************
23/08/2023 22:48:53,ross,Ingreso CONTRASEÑA,Busca tabla invitado
*************
24/08/2023 17:13:21,,Ingreso USUARIO,Busca tabla invitado
*************
24/08/2023 17:13:21,ross,Ingreso CONTRASEÑA,Busca tabla invitado
*************
24/08/2023 17:14:19,ross,Nuevo Pedido PRE CARGA,NORMAL/52
*************
24/08/2023 17:33:35,,Ingreso USUARIO,Busca tabla invitado
*************
24/08/2023 17:33:35,ross,Ingreso CONTRASEÑA,Busca tabla invitado
*************
24/08/2023 17:38:50,,Ingreso USUARIO,Busca tabla invitado
*************
24/08/2023 17:38:51,ross,Ingreso CONTRASEÑA,Busca tabla invitado
*************
24/08/2023 17:42:07,,Ingreso USUARIO,Busca tabla invitado
*************
24/08/2023 17:42:08,ross,Ingreso CONTRASEÑA,Busca tabla invitado
*************
24/08/2023 17:44:04,,Ingreso USUARIO,Busca tabla invitado
*************
24/08/2023 17:44:06,,Ingreso CONTRASEÑA FALLIDO,
*************
24/08/2023 17:44:06,,Ingreso CONTRASEÑA,Busca tabla invitado
*************
24/08/2023 17:44:06,ross,Ingreso CONTRASEÑA,Busca tabla invitado
*************
24/08/2023 17:44:59,ross,Nuevo Pedido PRE CARGA,NORMAL/53
*************
24/08/2023 17:59:29,,Ingreso USUARIO,Busca tabla invitado
*************
24/08/2023 17:59:30,ross,Ingreso CONTRASEÑA,Busca tabla invitado
*************
24/08/2023 18:04:41,,Ingreso USUARIO,Busca tabla invitado
*************
24/08/2023 18:04:42,ross,Ingreso CONTRASEÑA,Busca tabla invitado
*************
25/08/2023 7:14:59,,Ingreso USUARIO,Busca tabla invitado
*************
25/08/2023 7:15:05,ross,Ingreso CONTRASEÑA,Busca tabla invitado
*************
25/08/2023 7:19:52,,Ingreso USUARIO,Busca tabla invitado
*************
25/08/2023 7:20:02,ross,Ingreso CONTRASEÑA,Busca tabla invitado
*************
25/08/2023 9:51:41,ross,Elimina Medico,Medico=5
*************
25/08/2023 10:04:47,,Ingreso USUARIO,Busca tabla invitado
*************
25/08/2023 10:04:49,,Ingreso CONTRASEÑA FALLIDO,
*************
25/08/2023 10:04:49,,Ingreso CONTRASEÑA,Busca tabla invitado
*************
25/08/2023 10:04:50,ross,Ingreso CONTRASEÑA,Busca tabla invitado
*************
25/08/2023 10:06:27,ross,Actualizacon Medico,Medico=MARIA DEL CARMEN MORALES
*************
25/08/2023 10:07:11,ross,Nuevo Pedido PRE CARGA,NORMAL/54
*************
25/08/2023 19:24:41,,Ingreso USUARIO,Busca tabla invitado
*************
25/08/2023 19:24:41,ross,Ingreso CONTRASEÑA,Busca tabla invitado
*************
25/08/2023 19:35:26,,Ingreso USUARIO,Busca tabla invitado
*************
25/08/2023 19:35:27,ross,Ingreso CONTRASEÑA,Busca tabla invitado
*************
25/08/2023 19:39:39,,Ingreso USUARIO,Busca tabla invitado
*************
25/08/2023 19:39:40,ross,Ingreso CONTRASEÑA,Busca tabla invitado
*************
25/08/2023 19:45:14,,Ingreso USUARIO,Busca tabla invitado
*************
25/08/2023 19:45:15,ross,Ingreso CONTRASEÑA,Busca tabla invitado
*************
25/08/2023 19:48:19,,Ingreso USUARIO,Busca tabla invitado
*************
25/08/2023 19:48:19,ross,Ingreso CONTRASEÑA,Busca tabla invitado
*************
25/08/2023 20:00:02,,Ingreso USUARIO,Busca tabla invitado
*************
25/08/2023 20:00:02,ross,Ingreso CONTRASEÑA,Busca tabla invitado
*************
25/08/2023 20:56:00,,Ingreso USUARIO,Busca tabla invitado
*************
25/08/2023 20:56:01,ross,Ingreso CONTRASEÑA,Busca tabla invitado
*************
25/08/2023 21:02:33,,Ingreso USUARIO,Busca tabla invitado
*************
25/08/2023 21:02:34,ross,Ingreso CONTRASEÑA,Busca tabla invitado
*************
25/08/2023 21:07:02,,Ingreso USUARIO,Busca tabla invitado
*************
25/08/2023 21:07:03,ross,Ingreso CONTRASEÑA,Busca tabla invitado
*************
25/08/2023 21:12:05,,Ingreso USUARIO,Busca tabla invitado
*************
25/08/2023 21:12:06,ross,Ingreso CONTRASEÑA,Busca tabla invitado
*************
25/08/2023 21:20:49,,Ingreso USUARIO,Busca tabla invitado
*************
25/08/2023 21:20:49,ross,Ingreso CONTRASEÑA,Busca tabla invitado
*************
25/08/2023 21:35:03,,Ingreso USUARIO,Busca tabla invitado
*************
25/08/2023 21:35:04,ross,Ingreso CONTRASEÑA,Busca tabla invitado
*************
25/08/2023 21:42:51,,Ingreso USUARIO,Busca tabla invitado
*************
25/08/2023 21:42:52,ross,Ingreso CONTRASEÑA,Busca tabla invitado
*************
25/08/2023 21:51:00,,Ingreso USUARIO,Busca tabla invitado
*************
25/08/2023 21:51:01,ross,Ingreso CONTRASEÑA,Busca tabla invitado
*************
25/08/2023 21:57:48,,Ingreso USUARIO,Busca tabla invitado
*************
25/08/2023 21:57:49,ross,Ingreso CONTRASEÑA,Busca tabla invitado
*************
25/08/2023 22:08:53,,Ingreso USUARIO,Busca tabla invitado
*************
25/08/2023 22:08:54,ross,Ingreso CONTRASEÑA,Busca tabla invitado
*************
25/08/2023 22:14:53,,Ingreso USUARIO,Busca tabla invitado
*************
25/08/2023 22:14:54,ross,Ingreso CONTRASEÑA,Busca tabla invitado
*************
25/08/2023 22:22:19,,Ingreso USUARIO,Busca tabla invitado
*************
25/08/2023 22:22:20,ross,Ingreso CONTRASEÑA,Busca tabla invitado
*************
28/08/2023 7:44:02,,Ingreso USUARIO,Busca tabla invitado
*************
28/08/2023 7:44:02,ross,Ingreso CONTRASEÑA,Busca tabla invitado
*************
28/08/2023 7:44:16,ross,Elimina Medico,Medico=2
*************
28/08/2023 7:45:04,ross,Actualizacon Medico,Medico=GABRIELA MORALES
*************
28/08/2023 9:46:05,,Ingreso USUARIO,Busca tabla invitado
*************
28/08/2023 9:46:05,ross,Ingreso CONTRASEÑA,Busca tabla invitado
*************
28/08/2023 9:46:41,ross,Operación de Movimiento Inventario,
*************
28/08/2023 9:46:41,ross,Inserción de detalle movimiento inventario,
*************
28/08/2023 9:48:52,,Ingreso USUARIO,Busca tabla invitado
*************
28/08/2023 9:48:53,ross,Ingreso CONTRASEÑA,Busca tabla invitado
*************
28/08/2023 9:51:07,,Ingreso USUARIO,Busca tabla invitado
*************
28/08/2023 9:51:07,ross,Ingreso CONTRASEÑA,Busca tabla invitado
*************
28/08/2023 9:54:56,ross,Operación de Movimiento Inventario,
*************
28/08/2023 9:54:56,ross,Inserción de detalle movimiento inventario,
*************
28/08/2023 10:04:25,,Ingreso USUARIO,Busca tabla invitado
*************
28/08/2023 10:04:26,ross,Ingreso CONTRASEÑA,Busca tabla invitado
*************
28/08/2023 10:05:45,ross,Generar Paciente,Paciente=PAUCAR LLUMIQUINGA SCARLETT YAMILETH
*************
28/08/2023 10:05:59,ross,Nuevo Pedido PRE CARGA,NORMAL/2
*************
28/08/2023 10:06:41,,Ingreso USUARIO,Busca tabla invitado
*************
28/08/2023 10:06:42,ross,Ingreso CONTRASEÑA,Busca tabla invitado
*************
28/08/2023 10:12:40,,Ingreso USUARIO,Busca tabla invitado
*************
28/08/2023 10:12:41,ross,Ingreso CONTRASEÑA,Busca tabla invitado
*************
28/08/2023 10:14:43,ross,Generar Paciente,Paciente=GIRON BARRIONUEVO FRANCISCO
*************
28/08/2023 10:14:56,ross,Nuevo Pedido PRE CARGA,NORMAL/3
*************
28/08/2023 10:18:22,,Ingreso USUARIO,Busca tabla invitado
*************
28/08/2023 10:18:23,ross,Ingreso CONTRASEÑA,Busca tabla invitado
*************
28/08/2023 10:21:30,,Ingreso USUARIO,Busca tabla invitado
*************
28/08/2023 10:21:31,ross,Ingreso CONTRASEÑA,Busca tabla invitado
*************
28/08/2023 10:23:34,,Ingreso USUARIO,Busca tabla invitado
*************
28/08/2023 10:23:35,ross,Ingreso CONTRASEÑA,Busca tabla invitado
*************
28/08/2023 10:24:49,ross,Generar Paciente,Paciente=GIRON BARRIONUEVO JOSSELINE GUADALUPE
*************
28/08/2023 10:25:01,ross,Nuevo Pedido PRE CARGA,NORMAL/4
*************
28/08/2023 10:36:48,,Ingreso USUARIO,Busca tabla invitado
*************
28/08/2023 10:36:49,ross,Ingreso CONTRASEÑA,Busca tabla invitado
*************
28/08/2023 10:38:24,ross,Generar Paciente,Paciente=ESCOBAR LOACHAMIN SOFIA YAMILETH
*************
28/08/2023 10:38:45,ross,Nuevo Pedido PRE CARGA,NORMAL/5
*************
28/08/2023 10:39:42,ross,Generar Paciente,Paciente=ESCOBAR LOACHAMIN JULIETH CAMILA
*************
28/08/2023 10:40:52,ross,Generar Paciente,Paciente=FLORES LOACHAMIN ANTHONY VLADIMIR
*************
28/08/2023 10:41:16,ross,Nuevo Pedido PRE CARGA,NORMAL/6
*************
28/08/2023 10:41:29,ross,Nuevo Pedido PRE CARGA,NORMAL/7
*************
28/08/2023 10:51:44,,Ingreso USUARIO,Busca tabla invitado
*************
28/08/2023 10:51:45,ross,Ingreso CONTRASEÑA,Busca tabla invitado
*************
28/08/2023 10:55:43,,Ingreso USUARIO,Busca tabla invitado
*************
28/08/2023 10:55:44,ross,Ingreso CONTRASEÑA,Busca tabla invitado
*************
28/08/2023 10:57:10,ross,Generar Paciente,Paciente=LLERENA MARTIN NICOLAS
*************
28/08/2023 10:59:09,,Ingreso USUARIO,Busca tabla invitado
*************
28/08/2023 10:59:09,ross,Ingreso CONTRASEÑA,Busca tabla invitado
*************
28/08/2023 11:07:21,,Ingreso USUARIO,Busca tabla invitado
*************
28/08/2023 11:07:22,ross,Ingreso CONTRASEÑA,Busca tabla invitado
*************
28/08/2023 11:12:46,,Ingreso USUARIO,Busca tabla invitado
*************
28/08/2023 11:12:46,ross,Ingreso CONTRASEÑA,Busca tabla invitado
*************
28/08/2023 11:54:52,,Ingreso USUARIO,Busca tabla invitado
*************
28/08/2023 11:54:52,ross,Ingreso CONTRASEÑA,Busca tabla invitado
*************
28/08/2023 11:55:47,ross,Generar Paciente,Paciente=PILALUISA LEMA LIAH FERNANDA
*************
28/08/2023 11:56:02,ross,Nuevo Pedido PRE CARGA,NORMAL/8
*************
28/08/2023 12:16:13,,Ingreso USUARIO,Busca tabla invitado
*************
28/08/2023 12:16:14,ross,Ingreso CONTRASEÑA,Busca tabla invitado
*************
28/08/2023 12:18:20,,Ingreso USUARIO,Busca tabla invitado
*************
28/08/2023 12:18:20,ross,Ingreso CONTRASEÑA,Busca tabla invitado
*************
28/08/2023 12:28:00,,Ingreso USUARIO,Busca tabla invitado
*************
28/08/2023 12:28:01,ross,Ingreso CONTRASEÑA,Busca tabla invitado
*************
28/08/2023 12:39:42,ross,Generar Paciente,Paciente=PACHACAMA ÑATO MARIA SALOME
*************
28/08/2023 12:40:31,ross,Actualiza Paciente,Paciente=PACHACAMA ÑATO MARIA SALOME
*************
28/08/2023 12:41:28,ross,Generar Paciente,Paciente=PACHACAMA ÑACATO TIAGO SEBASTIAN
*************
28/08/2023 12:41:52,ross,Nuevo Pedido PRE CARGA,NORMAL/9
*************
28/08/2023 12:42:04,ross,Nuevo Pedido PRE CARGA,NORMAL/10
*************
28/08/2023 12:53:05,,Ingreso USUARIO,Busca tabla invitado
*************
28/08/2023 12:53:05,ross,Ingreso CONTRASEÑA,Busca tabla invitado
*************
28/08/2023 12:54:12,ross,Generar Paciente,Paciente=IZ QUISHPE ESTEFANI GEOMATA
*************
28/08/2023 12:54:41,ross,Actualiza Paciente,Paciente=IZ QUISHPE ESTEFANI GEOMARA
*************
28/08/2023 12:54:50,ross,Actualiza Paciente,Paciente=IZA QUISHPE ESTEFANI GEOMARA
*************
28/08/2023 12:55:00,ross,Nuevo Pedido PRE CARGA,NORMAL/11
*************
28/08/2023 13:01:56,,Ingreso USUARIO,Busca tabla invitado
*************
28/08/2023 13:01:57,ross,Ingreso CONTRASEÑA,Busca tabla invitado
*************
28/08/2023 13:08:32,,Ingreso USUARIO,Busca tabla invitado
*************
28/08/2023 13:08:33,ross,Ingreso CONTRASEÑA,Busca tabla invitado
*************
28/08/2023 13:12:19,,Ingreso USUARIO,Busca tabla invitado
*************
28/08/2023 13:12:19,ross,Ingreso CONTRASEÑA,Busca tabla invitado
*************
28/08/2023 13:19:48,ross,Nuevo Pedido PRE CARGA,NORMAL/12
*************
28/08/2023 13:20:47,ross,Generar Paciente,Paciente=BARRAGAN BORJA LUIS ADRIAN
*************
28/08/2023 13:21:07,ross,Nuevo Pedido PRE CARGA,NORMAL/13
*************
28/08/2023 13:22:35,ross,Generar Paciente,Paciente=GUASUMBA COLLAGUAZO DALIT JOSSEPH
*************
28/08/2023 13:23:25,ross,Generar Paciente,Paciente=ALULEMA NACIMBA AYLIN JULIETH
*************
28/08/2023 13:24:13,ross,Generar Paciente,Paciente=AMAGUA MOREIRA MATIAS JOSUE
*************
28/08/2023 13:24:56,ross,Generar Paciente,Paciente=GOMEZARIAS EDSION MATIAS
*************
28/08/2023 13:26:06,ross,Generar Paciente,Paciente=QUINGA PERALBO ETHAN JOSEF
*************
28/08/2023 13:27:03,ross,Generar Paciente,Paciente=SUHULI PERALBO LIAN EMILIO
*************
28/08/2023 13:29:59,ross,Generar Paciente,Paciente=MENA GUALICHICO AMELIA CRISTIAN
*************
28/08/2023 13:32:17,ross,Generar Paciente,Paciente=OBANDO ENRIQUEZ ADAMARIS ESTEFABIA
*************
28/08/2023 13:33:09,ross,Generar Paciente,Paciente=CAIZA CUEVA JUAN PABLO
*************
28/08/2023 13:34:17,ross,Generar Paciente,Paciente=CAÑIZARES GUANDIQUIN JORDAN JAVIER
*************
28/08/2023 13:35:14,ross,Generar Paciente,Paciente=CAÑIZARES GONOLIQUIN JORGE GAEL
*************
28/08/2023 13:36:02,ross,Generar Paciente,Paciente=SANGOQUIZA PAUCAR ANTHONY JAHIR
*************
28/08/2023 13:36:47,ross,Generar Paciente,Paciente=SANGOQUIZA PAUCAR ADRIAN EMILIANO
*************
28/08/2023 13:37:38,ross,Generar Paciente,Paciente=FIGUEROA ROMERO GABRIEL FERNANDO
*************
28/08/2023 13:38:24,ross,Generar Paciente,Paciente=LOPEZ ALBAN EMILY JULYNA
*************
28/08/2023 13:50:49,ross,Generar Paciente,Paciente=MANCHENO TORRES DANNA VALENTINA
*************
28/08/2023 13:51:40,ross,Generar Paciente,Paciente=LOACHAMI QUISHPE MATEO ALENJANDRO
*************
28/08/2023 13:52:54,ross,Generar Paciente,Paciente=GUANOLUIZA SACAMIN DAVID AÑEJANDRO
*************
28/08/2023 14:37:42,ross,Generar Paciente,Paciente=GUANOLUIZA CASAMIN DAYANA LIZETH
*************
28/08/2023 14:38:26,ross,Generar Paciente,Paciente=CAÑIZARES MENDOZA YAEL ALIZEE
*************
28/08/2023 14:39:18,ross,Generar Paciente,Paciente=FIGUEROA ROMERO LUCIANA VALENTINA
*************
28/08/2023 14:45:22,,Ingreso USUARIO,Busca tabla invitado
*************
28/08/2023 14:45:23,ross,Ingreso CONTRASEÑA,Busca tabla invitado
*************
28/08/2023 14:45:55,ross,Nuevo Pedido PRE CARGA,NORMAL/14
*************
28/08/2023 14:50:29,,Ingreso USUARIO,Busca tabla invitado
*************
28/08/2023 14:50:31,ross,Ingreso CONTRASEÑA,Busca tabla invitado
*************
28/08/2023 14:54:14,ross,Actualiza Paciente,Paciente=SHUGULI PERALBO LIAN EMILIO
*************
28/08/2023 14:54:28,ross,Nuevo Pedido PRE CARGA,NORMAL/15
*************
28/08/2023 15:07:47,ross,Nuevo Pedido PRE CARGA,NORMAL/16
*************
28/08/2023 15:16:20,ross,Actualiza Paciente,Paciente=QUINGA PERALBO ETHAN JOSEPH
*************
28/08/2023 15:18:13,ross,Nuevo Pedido PRE CARGA,NORMAL/17
*************
28/08/2023 15:23:37,,Ingreso USUARIO,Busca tabla invitado
*************
28/08/2023 15:23:40,ross,Ingreso CONTRASEÑA,Busca tabla invitado
*************
28/08/2023 15:27:00,ross,Nuevo Pedido PRE CARGA,NORMAL/18
*************
28/08/2023 15:48:40,ross,Nuevo Pedido PRE CARGA,NORMAL/19
*************
28/08/2023 16:00:12,ross,Nuevo Pedido PRE CARGA,NORMAL/20
*************
28/08/2023 16:13:03,ross,Nuevo Pedido PRE CARGA,NORMAL/21
*************
28/08/2023 16:16:53,ross,Nuevo Pedido PRE CARGA,NORMAL/22
*************
28/08/2023 16:32:21,ross,Nuevo Pedido PRE CARGA,NORMAL/23
*************
28/08/2023 16:44:18,ross,Nuevo Pedido PRE CARGA,NORMAL/24
*************
28/08/2023 16:55:18,ross,Nuevo Pedido PRE CARGA,NORMAL/25
*************
28/08/2023 17:13:29,ross,Generar Paciente,Paciente=VELASQUEZ MOREJN ABBY MILENA
*************
28/08/2023 17:13:54,ross,Nuevo Pedido PRE CARGA,NORMAL/26
*************
28/08/2023 17:34:32,ross,Generar Paciente,Paciente=NAVARRO CARVAJAL JOSE MARTIN
*************
28/08/2023 17:35:04,ross,Generar Paciente,Paciente=NAVARRO CARVAJAL EMMA ISABELLA
*************
28/08/2023 17:35:39,ross,Nuevo Pedido PRE CARGA,NORMAL/27
*************
28/08/2023 17:49:11,ross,Nuevo Pedido PRE CARGA,NORMAL/28
*************
28/08/2023 18:04:12,ross,Actualiza Paciente,Paciente=OBANDO ENRIQUEZ ADAMARIS ESTEFANIA
*************
28/08/2023 18:07:58,ross,Nuevo Pedido PRE CARGA,NORMAL/29
*************
28/08/2023 18:15:02,ross,Nuevo Pedido PRE CARGA,NORMAL/30
*************
28/08/2023 18:27:24,ross,Actualiza Paciente,Paciente=GUANOLUIZA SACAMIN DAVID ALEJANDRO
*************
28/08/2023 18:27:43,ross,Actualiza Paciente,Paciente=GUANOLUIZA CASAMIN DAVID ALEJANDRO
*************
28/08/2023 18:28:06,ross,Nuevo Pedido PRE CARGA,NORMAL/31
*************
28/08/2023 18:45:38,ross,Nuevo Pedido PRE CARGA,NORMAL/32
*************
28/08/2023 18:54:29,ross,Nuevo Pedido PRE CARGA,NORMAL/33
*************
28/08/2023 19:05:06,ross,Actualizacon Medico,Medico=GABRIELA MORALES
*************
29/08/2023 5:57:45,,Ingreso USUARIO,Busca tabla invitado
*************
29/08/2023 5:57:46,ross,Ingreso CONTRASEÑA,Busca tabla invitado
*************
29/08/2023 6:01:50,ross,Actualizacon Medico,Medico=MARIA DEL CARMEN MORALES
*************
29/08/2023 7:19:16,,Ingreso USUARIO,Busca tabla invitado
*************
29/08/2023 7:19:17,ross,Ingreso CONTRASEÑA,Busca tabla invitado
*************
29/08/2023 7:20:06,ross,Actualizacon Medico,Medico=GABRIELA MORALES
*************
29/08/2023 7:25:48,ross,Generar Paciente,Paciente=LLUMIQUINGA MOREIRA DYLAN JULIAN
*************
29/08/2023 7:26:02,ross,Nuevo Pedido PRE CARGA,NORMAL/60
*************
29/08/2023 7:32:29,ross,Generar Paciente,Paciente=LLUMIQUINGA MOREIRA JOHAN DAMIAN
*************
29/08/2023 7:32:41,ross,Nuevo Pedido PRE CARGA,NORMAL/61
*************
29/08/2023 7:56:27,ross,Generar Paciente,Paciente=GONZALEZ MORALES ANA PAULA
*************
29/08/2023 7:56:47,ross,Nuevo Pedido PRE CARGA,NORMAL/62
*************
29/08/2023 8:05:24,ross,Generar Paciente,Paciente=RODRIGUEZ LOPEZ DAVID ESTEBAN
*************
29/08/2023 8:06:46,ross,Generar Paciente,Paciente=RODRIGUEZ LOPEZ JOAQUIN ALEJANDRO
*************
29/08/2023 8:06:59,ross,Nuevo Pedido PRE CARGA,NORMAL/63
*************
29/08/2023 8:07:12,ross,Nuevo Pedido PRE CARGA,NORMAL/64
*************
29/08/2023 8:08:39,ross,Generar Paciente,Paciente=SIMBAÑA LOYA ANTONY JOAQUIN
*************
29/08/2023 8:08:54,ross,Nuevo Pedido PRE CARGA,NORMAL/65
*************
29/08/2023 9:02:40,ross,Generar Paciente,Paciente=MILINA QUISHPE SCARLETT SAMANTHA
*************
29/08/2023 9:04:53,ross,Generar Paciente,Paciente=SUNTAXI CAÑIZARES CAMILA ANAHI
*************
29/08/2023 9:05:46,ross,Generar Paciente,Paciente=SUNTAI CAÑIZARES EMILY MAITE
*************
29/08/2023 9:06:28,ross,Generar Paciente,Paciente=SUNTAXI CAÑIZARE CARLOS DAMINAN
*************
29/08/2023 9:07:12,ross,Generar Paciente,Paciente=SUNTAXI TIPAN LEONELA FERNANDA
*************
29/08/2023 9:07:59,ross,Generar Paciente,Paciente=SUNTAXI TIPAN SAMANTHA VALENTINA
*************
29/08/2023 9:09:17,ross,Generar Paciente,Paciente=CEVALLOS ALVAREZ JOSTIN JOMAR
*************
29/08/2023 9:09:59,ross,Generar Paciente,Paciente=VINUEZA ERAZO PAULA SOFIA
*************
29/08/2023 9:20:25,ross,Nuevo Pedido PRE CARGA,NORMAL/66
*************
29/08/2023 9:36:48,ross,Actualiza Paciente,Paciente=SUNTAXI CAÑIZARES EMILY MAITE
*************
29/08/2023 9:36:58,ross,Nuevo Pedido PRE CARGA,NORMAL/67
*************
29/08/2023 9:37:22,ross,Actualiza Paciente,Paciente=SUNTAXI CAÑIZARE CARLOS DAMIAN
*************
29/08/2023 9:37:31,ross,Nuevo Pedido PRE CARGA,NORMAL/68
*************
29/08/2023 9:46:02,ross,Nuevo Pedido PRE CARGA,NORMAL/69
*************
29/08/2023 9:56:42,ross,Nuevo Pedido PRE CARGA,NORMAL/70
*************
29/08/2023 10:08:34,ross,Nuevo Pedido PRE CARGA,NORMAL/71
*************
29/08/2023 10:34:12,ross,Generar Paciente,Paciente=ANCHAPAXI CHILUIZA ANGEL BENJAMIN
*************
29/08/2023 10:34:52,ross,Generar Paciente,Paciente=SANCHEZ TOPON ALEJANDRA VALENTINA
*************
29/08/2023 10:35:29,ross,Generar Paciente,Paciente=GUALICHICO QUINGA SOFA ANALY
*************
29/08/2023 10:36:06,ross,Generar Paciente,Paciente=ARCOS CARRION MARIA EDUARDA
*************
29/08/2023 10:37:09,ross,Generar Paciente,Paciente=PAUCAR MEDINA RENATA VALESKA
*************
29/08/2023 10:38:27,ross,Generar Paciente,Paciente=QUINGA TOAPANTA FATIMA ISABEL
*************
29/08/2023 10:39:58,ross,Generar Paciente,Paciente=NIETO GUALOTUÑA EMILIA GABRIELA
*************
29/08/2023 10:41:15,ross,Generar Paciente,Paciente=SUNTAXI QUISHPE GABRIEL ESTAFANO
*************
29/08/2023 10:42:02,ross,Generar Paciente,Paciente=PILATAXI CHANGO VICTORIA ABRIL
*************
29/08/2023 10:42:43,ross,Generar Paciente,Paciente=SUAREZ SUNTAXI YAMILETH VALENTINA
*************
29/08/2023 10:43:54,ross,Generar Paciente,Paciente=SANGOLQUIZA SIGCHO MIGUEL ANGEL
*************
29/08/2023 10:44:38,ross,Generar Paciente,Paciente=GALARZA PINZA FERNANDO JOSUE
*************
29/08/2023 10:47:12,ross,Generar Paciente,Paciente=SANCHEZ GAVILEMA LEONEL ALEXANDER
*************
29/08/2023 10:48:11,ross,Nuevo Pedido PRE CARGA,NORMAL/72
*************
29/08/2023 11:07:49,ross,Generar Paciente,Paciente=GUALOTUÑA QUISHPE LADY SELENA
*************
29/08/2023 11:08:33,ross,Generar Paciente,Paciente=VILLACIS OCAMPO FRANCHESKA ANTONELA
*************
29/08/2023 11:09:14,ross,Generar Paciente,Paciente=QUIÑONEZ PACHACAMA CAMILA NICOL
*************
29/08/2023 11:10:04,ross,Generar Paciente,Paciente=GUALOTUÑA NACIMBA EDUARDO SEBASTIAN
*************
29/08/2023 11:10:53,ross,Generar Paciente,Paciente=NACIMBA TIPAN DANIELA ANAHI
*************
29/08/2023 11:11:47,ross,Actualiza Paciente,Paciente=SUNTAXI CAÑIZARES CARLOS DAMIAN
*************
29/08/2023 11:19:12,,Ingreso USUARIO,Busca tabla invitado
*************
29/08/2023 11:19:13,ross,Ingreso CONTRASEÑA,Busca tabla invitado
*************
29/08/2023 11:19:35,ross,Nuevo Pedido PRE CARGA,NORMAL/73
*************
29/08/2023 11:31:12,ross,Nuevo Pedido PRE CARGA,NORMAL/74
*************
29/08/2023 11:51:00,ross,Nuevo Pedido PRE CARGA,NORMAL/75
*************
29/08/2023 12:05:53,ross,Nuevo Pedido PRE CARGA,NORMAL/76
*************
29/08/2023 12:16:35,ross,Actualiza Paciente,Paciente=GUALICHICO QUINGA SOFIA ANALY
*************
29/08/2023 12:17:05,ross,Nuevo Pedido PRE CARGA,NORMAL/77
*************
29/08/2023 12:34:39,ross,Generar Paciente,Paciente=MOLINA QUSHPE SCARLETT SAMAMTHA
*************
29/08/2023 12:35:11,ross,Nuevo Pedido PRE CARGA,NORMAL/78
*************
29/08/2023 12:44:41,ross,Nuevo Pedido PRE CARGA,NORMAL/79
*************
29/08/2023 12:54:18,,Ingreso USUARIO,Busca tabla invitado
*************
29/08/2023 12:54:19,ross,Ingreso CONTRASEÑA,Busca tabla invitado
*************
29/08/2023 13:10:04,ross,Nuevo Pedido PRE CARGA,NORMAL/80
*************
29/08/2023 14:08:52,ross,Nuevo Pedido PRE CARGA,NORMAL/81
*************
29/08/2023 14:17:42,ross,Nuevo Pedido PRE CARGA,NORMAL/82
*************
29/08/2023 14:32:40,ross,Generar Paciente,Paciente=LOACHAMIN GUALOTUÑA CAMILA VALENTINA
*************
29/08/2023 14:33:00,ross,Nuevo Pedido PRE CARGA,NORMAL/83
*************
29/08/2023 14:46:00,ross,Nuevo Pedido PRE CARGA,NORMAL/84
*************
29/08/2023 15:03:48,ross,Nuevo Pedido PRE CARGA,NORMAL/85
*************
29/08/2023 15:24:44,ross,Generar Paciente,Paciente=DELGADO GAVILEMA CAMILA RAFAELA
*************
29/08/2023 15:24:56,ross,Nuevo Pedido PRE CARGA,NORMAL/86
*************
29/08/2023 15:31:51,ross,Nuevo Pedido PRE CARGA,NORMAL/87
*************
29/08/2023 15:42:40,ross,Nuevo Pedido PRE CARGA,NORMAL/88
*************
29/08/2023 16:23:18,ross,Nuevo Pedido PRE CARGA,NORMAL/89
*************
29/08/2023 16:26:09,,Ingreso USUARIO,Busca tabla invitado
*************
29/08/2023 16:26:11,ross,Ingreso CONTRASEÑA,Busca tabla invitado
*************
29/08/2023 16:29:22,ross,Generar Paciente,Paciente=LEANO GUALOTUÑA JOSUE JOEL
*************
29/08/2023 16:29:37,ross,Nuevo Pedido PRE CARGA,NORMAL/90
*************
29/08/2023 16:44:37,ross,Generar Paciente,Paciente=ANASI CHAVEZ ESTEBAN ALEXEI
*************
29/08/2023 16:44:55,ross,Nuevo Pedido PRE CARGA,NORMAL/91
*************
29/08/2023 16:47:28,ross,Generar Paciente,Paciente=HUACHO ROMERO MONICA LORENA
*************
29/08/2023 16:47:42,ross,Nuevo Pedido PRE CARGA,NORMAL/92
*************
29/08/2023 16:49:15,ross,Nuevo Pedido PRE CARGA,NORMAL/93
*************
29/08/2023 16:57:17,ross,Actualiza Paciente,Paciente=VILLACIS OCAMPO FRANSHESKA ANTONELA
*************
29/08/2023 16:59:50,ross,Generar Paciente,Paciente=MAYORGA AMAGUA MATIAS JOEL
*************
29/08/2023 17:00:05,ross,Nuevo Pedido PRE CARGA,NORMAL/94
*************
29/08/2023 17:11:55,ross,Nuevo Pedido PRE CARGA,NORMAL/95
*************
29/08/2023 17:28:15,ross,Nuevo Pedido PRE CARGA,NORMAL/96
*************
29/08/2023 17:30:21,ross,Actualiza Paciente,Paciente=QUINGA CUSTODIO EMILIANO
*************
29/08/2023 17:32:25,ross,Actualiza Paciente,Paciente=PACHACAMA ÑATO TIAGO SEBASTIAN
*************
29/08/2023 17:38:21,ross,Nuevo Pedido PRE CARGA,NORMAL/97
*************
29/08/2023 17:55:59,ross,Nuevo Pedido PRE CARGA,NORMAL/98
*************
29/08/2023 19:23:26,,Ingreso USUARIO,Busca tabla invitado
*************
29/08/2023 19:23:27,ross,Ingreso CONTRASEÑA,Busca tabla invitado
*************
29/08/2023 19:43:14,,Ingreso USUARIO,Busca tabla invitado
*************
29/08/2023 19:43:15,ross,Ingreso CONTRASEÑA,Busca tabla invitado
*************
29/08/2023 19:47:48,,Ingreso USUARIO,Busca tabla invitado
*************
29/08/2023 19:47:49,ross,Ingreso CONTRASEÑA,Busca tabla invitado
*************
31/08/2023 10:22:08,,Ingreso USUARIO,Busca tabla invitado
*************
31/08/2023 10:22:08,ross,Ingreso CONTRASEÑA,Busca tabla invitado
*************
31/08/2023 10:58:08,ross,Generar Paciente,Paciente=PACIENTE GENERICO ADULTO MUJER
*************
31/08/2023 11:12:09,,Ingreso USUARIO,Busca tabla invitado
*************
31/08/2023 11:12:09,ross,Ingreso CONTRASEÑA,Busca tabla invitado
*************
31/08/2023 11:18:54,ross,Generar Paciente,Paciente=PACIENTE RECIEN PRUEBA HIJO
*************
31/08/2023 11:41:55,ross,Generar Paciente,Paciente=HINOJOSA PAREDES JUANA MARIA
*************
31/08/2023 12:23:27,,Ingreso USUARIO,Busca tabla invitado
*************
31/08/2023 12:23:30,ross,Ingreso CONTRASEÑA,Busca tabla invitado
*************
31/08/2023 12:53:38,,Ingreso USUARIO,Busca tabla invitado
*************
31/08/2023 12:53:39,ross,Ingreso CONTRASEÑA,Busca tabla invitado
*************
31/08/2023 12:54:30,ross,Nuevo Pedido PRE CARGA,NORMAL/99
*************
31/08/2023 12:55:03,ross,Generar Paciente,Paciente=PACIENTE DE PRUEBA AGENDA
*************
31/08/2023 13:16:25,,Ingreso USUARIO,Busca tabla invitado
*************
31/08/2023 13:16:28,,Ingreso CONTRASEÑA FALLIDO,
*************
31/08/2023 13:16:28,,Ingreso CONTRASEÑA,Busca tabla invitado
*************
31/08/2023 13:16:29,ross,Ingreso CONTRASEÑA,Busca tabla invitado
*************
31/08/2023 13:18:31,ross,Generar Paciente,Paciente=ANASI GUASUMBA GENESIS AIDE
*************
31/08/2023 13:18:52,ross,Nuevo Pedido PRE CARGA,NORMAL/100
*************
31/08/2023 13:25:01,ross,Nuevo Pedido PRE CARGA,NORMAL/101
*************
31/08/2023 14:09:11,,Ingreso USUARIO,Busca tabla invitado
*************
31/08/2023 14:09:12,ross,Ingreso CONTRASEÑA,Busca tabla invitado
*************
31/08/2023 14:09:50,ross,Generar Paciente,Paciente=PACIENTE MASCULINO DE PRUEBA
*************
31/08/2023 14:10:16,ross,Nuevo Pedido PRE CARGA,NORMAL/102
*************
