05/10/2021 8:13:40,,Ingreso USUARIO,Busca tabla invitado
*************
05/10/2021 8:13:40,ross,Ingreso CONTRASEÑA,Busca tabla invitado
*************
05/10/2021 8:14:09,ross,01 GENERAR ORDEN  NORMAL EXAMENES: 400151,,PEDIDO=234
*************
05/10/2021 8:14:10,ross,02 IMPRIMIR COD BARRAS,PEDIDO=234
*************
05/10/2021 15:36:07,,Ingreso USUARIO,Busca tabla invitado
*************
05/10/2021 15:37:36,,Ingreso USUARIO,Busca tabla invitado
*************
05/10/2021 15:37:37,ross,Ingreso CONTRASEÑA,Busca tabla invitado
*************
05/10/2021 15:37:53,ross,Modifica USR,USR=3
*************
05/10/2021 15:38:02,ross,Modifica USR,USR=3
*************
05/10/2021 15:38:19,ross,Modifica USR,USR=4
*************
05/10/2021 15:39:07,ross,Ingreso o Actualizacion Permisos de Usuario,
*************
05/10/2021 15:39:07,ross,Ingreso o Actualizacion Permisos de Usuario,
*************
05/10/2021 15:39:07,ross,Ingreso o Actualizacion Permisos de Usuario,
*************
05/10/2021 15:39:07,ross,Ingreso o Actualizacion Permisos de Usuario,
*************
05/10/2021 15:39:07,ross,Ingreso o Actualizacion Permisos de Usuario,
*************
05/10/2021 15:39:07,ross,Ingreso o Actualizacion Permisos de Usuario,
*************
05/10/2021 15:39:07,ross,Ingreso o Actualizacion Permisos de Usuario,
*************
05/10/2021 15:39:07,ross,Ingreso o Actualizacion Permisos de Usuario,
*************
05/10/2021 15:39:07,ross,Ingreso o Actualizacion Permisos de Usuario,
*************
05/10/2021 15:39:07,ross,Ingreso o Actualizacion Permisos de Usuario,
*************
05/10/2021 15:39:07,ross,Ingreso o Actualizacion Permisos de Usuario,
*************
05/10/2021 15:39:07,ross,Ingreso o Actualizacion Permisos de Usuario,
*************
05/10/2021 15:39:07,ross,Ingreso o Actualizacion Permisos de Usuario,
*************
05/10/2021 15:39:07,ross,Ingreso o Actualizacion Permisos de Usuario,
*************
05/10/2021 15:39:07,ross,Ingreso o Actualizacion Permisos de Usuario,
*************
05/10/2021 15:39:07,ross,Ingreso o Actualizacion Permisos de Usuario,
*************
05/10/2021 15:39:07,ross,Ingreso o Actualizacion Permisos de Usuario,
*************
05/10/2021 15:39:07,ross,Ingreso o Actualizacion Permisos de Usuario,
*************
05/10/2021 15:39:07,ross,Ingreso o Actualizacion Permisos de Usuario,
*************
05/10/2021 15:39:07,ross,Ingreso o Actualizacion Permisos de Usuario,
*************
05/10/2021 15:39:07,ross,Ingreso o Actualizacion Permisos de Usuario,
*************
05/10/2021 15:39:07,ross,Ingreso o Actualizacion Permisos de Usuario,
*************
05/10/2021 15:39:07,ross,Ingreso o Actualizacion Permisos de Usuario,
*************
05/10/2021 15:39:07,ross,Ingreso o Actualizacion Permisos de Usuario,
*************
05/10/2021 15:39:07,ross,Ingreso o Actualizacion Permisos de Usuario,
*************
05/10/2021 15:39:07,ross,Ingreso o Actualizacion Permisos de Usuario,
*************
05/10/2021 15:39:07,ross,Ingreso o Actualizacion Permisos de Usuario,
*************
05/10/2021 15:39:07,ross,Ingreso o Actualizacion Permisos de Usuario,
*************
05/10/2021 15:39:07,ross,Ingreso o Actualizacion Permisos de Usuario,
*************
05/10/2021 15:39:07,ross,Ingreso o Actualizacion Permisos de Usuario,
*************
05/10/2021 15:39:07,ross,Ingreso o Actualizacion Permisos de Usuario,
*************
05/10/2021 15:39:07,ross,Ingreso o Actualizacion Permisos de Usuario,
*************
05/10/2021 15:39:07,ross,Ingreso o Actualizacion Permisos de Usuario,
*************
05/10/2021 15:39:07,ross,Ingreso o Actualizacion Permisos de Usuario,
*************
05/10/2021 15:39:07,ross,Ingreso o Actualizacion Permisos de Usuario,
*************
05/10/2021 15:39:23,,Ingreso USUARIO,Busca tabla invitado
*************
05/10/2021 15:39:24,321,Ingreso CONTRASEÑA,Busca tabla invitado
*************
05/10/2021 15:39:39,321,Modifica USR,USR=3
*************
05/10/2021 15:39:48,321,Modifica USR,USR=4
*************
05/10/2021 15:39:53,,Ingreso USUARIO,Busca tabla invitado
*************
05/10/2021 15:39:54,cvillano,Ingreso CONTRASEÑA,Busca tabla invitado
*************
05/10/2021 15:40:04,cvillano,01 GENERAR ORDEN  NORMAL EXAMENES: 400151,,PEDIDO=236
*************
05/10/2021 15:40:04,cvillano,02 IMPRIMIR COD BARRAS,PEDIDO=236
*************
05/10/2021 15:40:19,cvillano,VALIDACION RESULTADO,PEDIDO=236/400151
*************
05/10/2021 15:40:36,cvillano,IMPRIME POR AREA,PEDIDO=236
*************
05/10/2021 15:40:48,cvillano,IMPRIME TODO,PEDIDO=236
*************
05/10/2021 15:40:58,cvillano,IMPRIME POR AREA,PEDIDO=236
*************
05/10/2021 15:52:29,,Ingreso USUARIO,Busca tabla invitado
*************
05/10/2021 15:52:29,hcarvajal,Ingreso CONTRASEÑA,Busca tabla invitado
*************
05/10/2021 15:52:48,hcarvajal,01 GENERAR ORDEN  NORMAL EXAMENES: 400149,,PEDIDO=237
*************
05/10/2021 15:52:48,hcarvajal,02 IMPRIMIR COD BARRAS,PEDIDO=237
*************
05/10/2021 15:53:01,hcarvajal,VALIDACION RESULTADO,PEDIDO=237/400149
*************
05/10/2021 15:53:11,hcarvajal,IMPRIME POR AREA,PEDIDO=237
*************
05/10/2021 15:55:39,,Ingreso USUARIO,Busca tabla invitado
*************
05/10/2021 15:55:41,hcarvajal,Ingreso CONTRASEÑA,Busca tabla invitado
*************
05/10/2021 15:55:46,hcarvajal,IMPRIME POR AREA,PEDIDO=237
*************
05/10/2021 15:56:02,hcarvajal,Modifica USR,USR=8
*************
05/10/2021 15:56:55,hcarvajal,1 ANULA ORDEN,PEDIDO=237COLESTEROL TOTAL º MOTIVO: test
*************
05/10/2021 15:57:10,hcarvajal,Modifica USR,USR=8
*************
05/10/2021 15:57:22,,Ingreso USUARIO,Busca tabla invitado
*************
05/10/2021 15:57:23,hcarvajal,Ingreso CONTRASEÑA,Busca tabla invitado
*************
05/10/2021 15:57:38,hcarvajal,01 GENERAR ORDEN  NORMAL EXAMENES: 400151,,PEDIDO=238
*************
05/10/2021 15:57:39,hcarvajal,02 IMPRIMIR COD BARRAS,PEDIDO=238
*************
05/10/2021 15:57:51,hcarvajal,VALIDACION RESULTADO,PEDIDO=238/400151
*************
05/10/2021 15:58:01,hcarvajal,IMPRIME POR AREA,PEDIDO=238
*************
05/10/2021 15:58:08,hcarvajal,IMPRIME TODO,PEDIDO=238
*************
05/10/2021 18:43:28,,Ingreso USUARIO,Busca tabla invitado
*************
05/10/2021 18:43:29,ross,Ingreso CONTRASEÑA,Busca tabla invitado
*************
05/10/2021 18:43:55,ross,01 GENERAR ORDEN  NORMAL EXAMENES: 401141,,PEDIDO=239
*************
05/10/2021 18:43:55,ross,02 IMPRIMIR COD BARRAS,PEDIDO=239
*************
05/10/2021 18:44:11,ross,VALIDACION RESULTADO,PEDIDO=239/401141
*************
05/10/2021 18:44:56,,Ingreso USUARIO,Busca tabla invitado
*************
05/10/2021 18:45:00,hcarvajal,Ingreso CONTRASEÑA,Busca tabla invitado
*************
05/10/2021 18:45:11,hcarvajal,1 MODIFICA ORDEN NORMAL EXAMENES: 401141,,PEDIDO=239
*************
05/10/2021 18:45:27,hcarvajal,VALIDACION RESULTADO,PEDIDO=239/401141
*************
06/10/2021 16:40:06,,Ingreso USUARIO,Busca tabla invitado
*************
06/10/2021 16:40:06,ross,Ingreso CONTRASEÑA,Busca tabla invitado
*************
06/10/2021 16:41:26,ross,01 GENERAR ORDEN  NORMAL EXAMENES: 400149,400150,400476,400151,400101,,PEDIDO=240
*************
06/10/2021 16:41:27,ross,02 IMPRIMIR COD BARRAS,PEDIDO=240
*************
06/10/2021 16:41:52,ross,GUARDA RESULTADOS,WBCH=4
*************
06/10/2021 16:41:52,ross,GUARDA RESULTADOS,NEUH=4
*************
06/10/2021 16:41:52,ross,GUARDA RESULTADOS,LYMH=4
*************
06/10/2021 16:41:52,ross,GUARDA RESULTADOS,MONH=4
*************
06/10/2021 16:41:52,ross,GUARDA RESULTADOS,EOSH=4
*************
06/10/2021 16:41:52,ross,GUARDA RESULTADOS,BASOH=5
*************
06/10/2021 16:41:52,ross,GUARDA RESULTADOS,NEU%25H=5
*************
06/10/2021 16:41:52,ross,GUARDA RESULTADOS,LYM%25H=5
*************
06/10/2021 16:41:52,ross,GUARDA RESULTADOS,MON%25H=5
*************
06/10/2021 16:41:52,ross,GUARDA RESULTADOS,EOS%25H=5
*************
06/10/2021 16:41:52,ross,GUARDA RESULTADOS,BASO%25H=6
*************
06/10/2021 16:41:52,ross,GUARDA RESULTADOS,RBCH=6
*************
06/10/2021 16:41:52,ross,GUARDA RESULTADOS,HCTH=6
*************
06/10/2021 16:41:52,ross,GUARDA RESULTADOS,HGBH=6
*************
06/10/2021 16:41:52,ross,GUARDA RESULTADOS,MCVH=2
*************
06/10/2021 16:41:52,ross,GUARDA RESULTADOS,MCHH=7
*************
06/10/2021 16:41:52,ross,GUARDA RESULTADOS,MCHCH=7
*************
06/10/2021 16:41:52,ross,GUARDA RESULTADOS,RDW-CVH=7
*************
06/10/2021 16:41:52,ross,GUARDA RESULTADOS,RDW-SDH=7
*************
06/10/2021 16:41:52,ross,GUARDA RESULTADOS,PLTH=8
*************
06/10/2021 16:41:52,ross,GUARDA RESULTADOS,MPVH=8
*************
06/10/2021 16:41:52,ross,GUARDA RESULTADOS,PDWH=8
*************
06/10/2021 16:41:52,ross,GUARDA RESULTADOS,PCTH=8
*************
06/10/2021 16:41:52,ross,GUARDA RESULTADOS,P-LCRH=8
*************
06/10/2021 16:41:52,ross,GUARDA RESULTADOS,P-LCCH=8
*************
06/10/2021 16:42:09,ross,VALIDACION RESULTADO,PEDIDO=240/400149
*************
06/10/2021 16:42:09,ross,VALIDACION RESULTADO,PEDIDO=240/400150
*************
06/10/2021 16:42:09,ross,VALIDACION RESULTADO,PEDIDO=240/400151
*************
06/10/2021 16:42:10,ross,VALIDACION RESULTADO,PEDIDO=240/400476
*************
06/10/2021 16:42:22,ross,IMPRIME POR AREA,PEDIDO=240
*************
06/10/2021 16:42:31,ross,IMPRIME TODO,PEDIDO=240
*************
06/10/2021 16:49:14,,Ingreso USUARIO,Busca tabla invitado
*************
06/10/2021 16:49:16,ross,Ingreso CONTRASEÑA,Busca tabla invitado
*************
06/10/2021 16:53:25,ross,IMPRIME TODO,PEDIDO=240
*************
06/10/2021 17:02:03,,Ingreso USUARIO,Busca tabla invitado
*************
06/10/2021 17:02:04,ross,Ingreso CONTRASEÑA,Busca tabla invitado
*************
06/10/2021 17:02:28,ross,IMPRIME TODO,PEDIDO=240
*************
06/10/2021 17:02:34,ross,IMPRIME TODO,PEDIDO=240
*************
06/10/2021 17:04:53,,Ingreso USUARIO,Busca tabla invitado
*************
06/10/2021 17:04:54,ross,Ingreso CONTRASEÑA,Busca tabla invitado
*************
06/10/2021 17:05:02,ross,IMPRIME POR AREA,PEDIDO=240
*************
06/10/2021 17:05:11,ross,IMPRIME POR AREA,PEDIDO=240
*************
06/10/2021 18:33:43,,Ingreso USUARIO,Busca tabla invitado
*************
06/10/2021 18:33:44,ross,Ingreso CONTRASEÑA,Busca tabla invitado
*************
06/10/2021 18:34:48,ross,Actualiza Test,Test=PCR CUANTITATIVO
*************
06/10/2021 18:34:51,ross,01 GENERAR ORDEN  NORMAL EXAMENES: 400140,400141,400195,400484,,PEDIDO=241
*************
06/10/2021 18:34:52,ross,02 IMPRIMIR COD BARRAS,PEDIDO=241
*************
06/10/2021 18:35:57,ross,Actualiza Test,Test=UREA
*************
06/10/2021 18:56:13,ross,Actualiza Test,Test=UREA
*************
06/10/2021 18:56:26,ross,Actualiza Test,Test=CREATININA
*************
06/10/2021 18:56:36,ross,Actualiza Test,Test=PCR CUANTITATIVO
*************
08/10/2021 12:25:19,,Ingreso USUARIO,Busca tabla invitado
*************
08/10/2021 12:25:20,ross,Ingreso CONTRASEÑA,Busca tabla invitado
*************
08/10/2021 12:25:53,ross,Actualizacon Medico,Medico=GONZALEZ ANA PAULA
*************
08/10/2021 17:03:13,,Ingreso USUARIO,Busca tabla invitado
*************
08/10/2021 17:03:13,ross,Ingreso CONTRASEÑA,Busca tabla invitado
*************
08/10/2021 17:08:23,,Ingreso USUARIO,Busca tabla invitado
*************
08/10/2021 17:08:24,ross,Ingreso CONTRASEÑA,Busca tabla invitado
*************
08/10/2021 17:13:32,,Ingreso USUARIO,Busca tabla invitado
*************
08/10/2021 17:13:32,ross,Ingreso CONTRASEÑA,Busca tabla invitado
*************
08/10/2021 18:22:11,,Ingreso USUARIO,Busca tabla invitado
*************
08/10/2021 18:22:12,ross,Ingreso CONTRASEÑA,Busca tabla invitado
*************
08/10/2021 19:15:47,,Ingreso USUARIO,Busca tabla invitado
*************
08/10/2021 19:15:48,ross,Ingreso CONTRASEÑA,Busca tabla invitado
*************
08/10/2021 19:33:43,,Ingreso USUARIO,Busca tabla invitado
*************
08/10/2021 19:33:43,ross,Ingreso CONTRASEÑA,Busca tabla invitado
*************
08/10/2021 19:37:20,,Ingreso USUARIO,Busca tabla invitado
*************
08/10/2021 19:37:21,ross,Ingreso CONTRASEÑA,Busca tabla invitado
*************
08/10/2021 19:43:36,,Ingreso USUARIO,Busca tabla invitado
*************
08/10/2021 19:43:37,ross,Ingreso CONTRASEÑA,Busca tabla invitado
*************
08/10/2021 19:54:13,,Ingreso USUARIO,Busca tabla invitado
*************
08/10/2021 19:54:14,ross,Ingreso CONTRASEÑA,Busca tabla invitado
*************
09/10/2021 11:45:53,,Ingreso USUARIO,Busca tabla invitado
*************
09/10/2021 11:45:53,ross,Ingreso CONTRASEÑA,Busca tabla invitado
*************
09/10/2021 13:03:19,,Ingreso USUARIO,Busca tabla invitado
*************
09/10/2021 13:03:21,ross,Ingreso CONTRASEÑA,Busca tabla invitado
*************
09/10/2021 13:04:19,ross,01 GENERAR ORDEN  NORMAL EXAMENES: 400151,400149,,PEDIDO=244
*************
09/10/2021 13:04:20,ross,02 IMPRIMIR COD BARRAS,PEDIDO=244
*************
09/10/2021 17:05:36,,Ingreso USUARIO,Busca tabla invitado
*************
09/10/2021 17:05:36,ross,Ingreso CONTRASEÑA,Busca tabla invitado
*************
09/10/2021 17:23:59,,Ingreso USUARIO,Busca tabla invitado
*************
09/10/2021 17:24:05,ross,Ingreso CONTRASEÑA,Busca tabla invitado
*************
09/10/2021 17:25:51,ross,01 GENERAR ORDEN  NORMAL EXAMENES: 400151,,PEDIDO=246
*************
09/10/2021 17:25:52,ross,02 IMPRIMIR COD BARRAS,PEDIDO=246
*************
09/10/2021 20:18:41,ross,03 IMPRIMIR PEDIDO,PEDIDO=1
*************
09/10/2021 20:20:18,ross,03 IMPRIMIR PEDIDO,PEDIDO=2
*************
10/10/2021 16:50:50,,Ingreso USUARIO,Busca tabla invitado
*************
10/10/2021 16:50:51,ross,Ingreso CONTRASEÑA,Busca tabla invitado
*************
10/10/2021 16:51:54,ross,Generar Paciente,Paciente=FLORES NARANJO ROSSVAN EMILIO
*************
10/10/2021 16:52:04,ross,01 GENERAR ORDEN  NORMAL EXAMENES: 400149,400150,400476,400151,400101,,PEDIDO=6
*************
10/10/2021 16:52:04,ross,02 IMPRIMIR COD BARRAS,PEDIDO=06
*************
10/10/2021 16:52:48,ross,GUARDA RESULTADOS,WBCH=3
*************
10/10/2021 16:52:48,ross,GUARDA RESULTADOS,NEUH=4
*************
10/10/2021 16:52:48,ross,GUARDA RESULTADOS,LYMH=4
*************
10/10/2021 16:52:48,ross,GUARDA RESULTADOS,MONH=5
*************
10/10/2021 16:52:48,ross,GUARDA RESULTADOS,EOSH=2
*************
10/10/2021 16:52:48,ross,GUARDA RESULTADOS,BASOH=6
*************
10/10/2021 16:52:48,ross,GUARDA RESULTADOS,NEU%25H=6
*************
10/10/2021 16:52:49,ross,GUARDA RESULTADOS,LYM%25H=7
*************
10/10/2021 16:52:49,ross,GUARDA RESULTADOS,MON%25H=8
*************
10/10/2021 16:52:49,ross,GUARDA RESULTADOS,EOS%25H=9
*************
10/10/2021 16:52:49,ross,GUARDA RESULTADOS,BASO%25H=3
*************
10/10/2021 16:52:49,ross,GUARDA RESULTADOS,RBCH=4
*************
10/10/2021 16:52:49,ross,GUARDA RESULTADOS,HCTH=7
*************
10/10/2021 16:52:49,ross,GUARDA RESULTADOS,HGBH=6
*************
10/10/2021 16:52:49,ross,GUARDA RESULTADOS,MCVH=4
*************
10/10/2021 16:52:49,ross,GUARDA RESULTADOS,MCHH=4
*************
10/10/2021 16:52:49,ross,GUARDA RESULTADOS,MCHCH=4
*************
10/10/2021 16:52:49,ross,GUARDA RESULTADOS,RDW-CVH=4
*************
10/10/2021 16:52:49,ross,GUARDA RESULTADOS,RDW-SDH=4
*************
10/10/2021 16:52:49,ross,GUARDA RESULTADOS,PLTH=4
*************
10/10/2021 16:52:49,ross,GUARDA RESULTADOS,MPVH=4
*************
10/10/2021 16:52:49,ross,GUARDA RESULTADOS,PDWH=4
*************
10/10/2021 16:52:49,ross,GUARDA RESULTADOS,PCTH=4
*************
10/10/2021 16:52:49,ross,GUARDA RESULTADOS,P-LCRH=5
*************
10/10/2021 16:52:49,ross,GUARDA RESULTADOS,P-LCCH=5
*************
10/10/2021 16:52:55,ross,VALIDACION RESULTADO,PEDIDO=6/400149
*************
10/10/2021 16:52:55,ross,VALIDACION RESULTADO,PEDIDO=6/400150
*************
10/10/2021 16:52:55,ross,VALIDACION RESULTADO,PEDIDO=6/400151
*************
10/10/2021 16:52:55,ross,VALIDACION RESULTADO,PEDIDO=6/400476
*************
10/10/2021 16:54:01,ross,IMPRIME POR AREA,PEDIDO=6
*************
10/10/2021 17:07:08,,Ingreso USUARIO,Busca tabla invitado
*************
10/10/2021 17:07:23,ross,Ingreso CONTRASEÑA,Busca tabla invitado
*************
10/10/2021 17:11:47,ross,Generar Paciente,Paciente=MALDONADO GUALPA JHOANA CAROLA
*************
10/10/2021 17:17:46,ross,01 GENERAR ORDEN  NORMAL EXAMENES: 400101,401104,400149,400150,400476,400151,401141,,PEDIDO=7
*************
10/10/2021 17:17:46,ross,02 IMPRIMIR COD BARRAS,PEDIDO=07
*************
10/10/2021 17:23:39,ross,Actualiza FACTURA,FACTURA=1
*************
10/10/2021 17:23:39,ross,Ingresa FACTURA,FACTURA=1
*************
10/10/2021 17:23:39,ross,Insertar abono,Factura=1 Abono= 10
*************
10/10/2021 17:23:39,ross,Actualiza FACTURA,FACTURA=1/10
*************
10/10/2021 17:24:21,ross,Registra Tx Factura,Factura=1
*************
10/10/2021 17:24:58,ross,Registra Tx Factura,Factura=1
*************
10/10/2021 17:26:11,ross,Insertar abono,Factura=1 Abono= 10
*************
10/10/2021 17:26:11,ross,Cancela FACTURA,FACTURA=1
*************
10/10/2021 17:26:14,ross,Registra Tx Factura,Factura=1
*************
10/10/2021 17:26:20,ross,Registra Tx Factura,Factura=1
*************
10/10/2021 17:26:23,ross,Registra Tx Factura,Factura=1
*************
10/10/2021 17:27:18,ross,03 IMPRIMIR PEDIDO,PEDIDO=7
*************
10/10/2021 17:27:24,ross,03 IMPRIMIR PEDIDO,PEDIDO=7
*************
10/10/2021 17:28:09,ross,02 IMPRIMIR COD BARRAS,PEDIDO=07
*************
10/10/2021 17:31:36,ross,Generar Paciente,Paciente=BALSECA MORA GLADYS MARIBEL
*************
10/10/2021 17:31:36,ross,Nuevo Pedido IMPORTACION,KIA/8
*************
10/10/2021 17:31:36,ross,Generar Paciente,Paciente=BRAVO GARCIA JENNY ISABEL
*************
10/10/2021 17:31:37,ross,Nuevo Pedido IMPORTACION,KIA/9
*************
10/10/2021 17:31:37,ross,Generar Paciente,Paciente=CAMACHO VIZCAINO MAURO FELIX
*************
10/10/2021 17:31:37,ross,Nuevo Pedido IMPORTACION,KIA/10
*************
10/10/2021 17:31:37,ross,Generar Paciente,Paciente=CAIZATOA CORAQUILLA MARIA ASENCIA
*************
10/10/2021 17:31:37,ross,Nuevo Pedido IMPORTACION,KIA/11
*************
10/10/2021 17:31:37,ross,Generar Paciente,Paciente=CARTAGENA ESPINOSA ANGEL EDUARDO
*************
10/10/2021 17:31:37,ross,Nuevo Pedido IMPORTACION,KIA/12
*************
10/10/2021 17:31:37,ross,Generar Paciente,Paciente=CORNEJO MENDOZA ANGELO JESUS
*************
10/10/2021 17:31:37,ross,Nuevo Pedido IMPORTACION,KIA/13
*************
10/10/2021 17:31:37,ross,Generar Paciente,Paciente=CHICAIZA GUAITA OSWALDO
*************
10/10/2021 17:31:37,ross,Nuevo Pedido IMPORTACION,KIA/14
*************
10/10/2021 17:31:37,ross,Generar Paciente,Paciente=CRUZ HIDALGO MARIA ESTHELA
*************
10/10/2021 17:31:37,ross,Nuevo Pedido IMPORTACION,KIA/15
*************
10/10/2021 17:31:37,ross,Generar Paciente,Paciente=ESCOBAR CATOTA MARTHA CECILIA
*************
10/10/2021 17:31:37,ross,Nuevo Pedido IMPORTACION,KIA/16
*************
10/10/2021 17:31:37,ross,Generar Paciente,Paciente=FIGUEROA ROCHE JULIO ANTONIO
*************
10/10/2021 17:31:37,ross,Nuevo Pedido IMPORTACION,KIA/17
*************
10/10/2021 17:31:37,ross,Generar Paciente,Paciente=LEMA GUZÑAY MARIA INES
*************
10/10/2021 17:31:37,ross,Nuevo Pedido IMPORTACION,KIA/18
*************
10/10/2021 17:31:37,ross,Generar Paciente,Paciente=MALDONADO GALARZA CELSO ENRIQUE
*************
10/10/2021 17:31:38,ross,Nuevo Pedido IMPORTACION,KIA/19
*************
10/10/2021 17:31:38,ross,Generar Paciente,Paciente=MORA CAMUENDO LUIS ALBERTO
*************
10/10/2021 17:31:38,ross,Nuevo Pedido IMPORTACION,KIA/20
*************
10/10/2021 17:31:38,ross,Generar Paciente,Paciente=OLMEDO ANDRADE SELESTE ELVIRA
*************
10/10/2021 17:31:38,ross,Nuevo Pedido IMPORTACION,KIA/21
*************
10/10/2021 17:31:38,ross,Generar Paciente,Paciente=PACHECO ARMENDARIZ PATRICIO GUSTAVO
*************
10/10/2021 17:31:38,ross,Nuevo Pedido IMPORTACION,KIA/22
*************
10/10/2021 17:31:38,ross,Generar Paciente,Paciente=PAREDES ROMAN RAFAEL MARIA
*************
10/10/2021 17:31:38,ross,Nuevo Pedido IMPORTACION,KIA/23
*************
10/10/2021 17:31:38,ross,Generar Paciente,Paciente=PILATASIG CHITALOGRO ANACLETO
*************
10/10/2021 17:31:38,ross,Nuevo Pedido IMPORTACION,KIA/24
*************
10/10/2021 17:31:38,ross,Generar Paciente,Paciente=PILLAJO SIMBAÑA MARIA HORTENCIA
*************
10/10/2021 17:31:38,ross,Nuevo Pedido IMPORTACION,KIA/25
*************
10/10/2021 17:31:38,ross,Generar Paciente,Paciente=PINTO MERA VERNY MIGUEL
*************
10/10/2021 17:31:38,ross,Nuevo Pedido IMPORTACION,KIA/26
*************
10/10/2021 17:31:38,ross,Generar Paciente,Paciente=QUIJANO QUILLUPANGUI MANUEL DE JESUS
*************
10/10/2021 17:31:39,ross,Nuevo Pedido IMPORTACION,KIA/27
*************
10/10/2021 17:31:39,ross,Generar Paciente,Paciente=SANGUCHO PILLAJO MARIA ANGELA
*************
10/10/2021 17:31:39,ross,Nuevo Pedido IMPORTACION,KIA/28
*************
10/10/2021 17:31:39,ross,Generar Paciente,Paciente=TIPAN TACURI JOSE RAMIRO
*************
10/10/2021 17:31:39,ross,Nuevo Pedido IMPORTACION,KIA/29
*************
10/10/2021 17:31:39,ross,Generar Paciente,Paciente=TOAPANTA VEGA LUIS CRISTOBAL
*************
10/10/2021 17:31:39,ross,Nuevo Pedido IMPORTACION,KIA/30
*************
10/10/2021 17:31:39,ross,Generar Paciente,Paciente=TORRES CARRASCO JHONNY ENRIQUE
*************
10/10/2021 17:31:39,ross,Nuevo Pedido IMPORTACION,KIA/31
*************
10/10/2021 17:32:55,ross,IMPRIMIR CONTRAORDEN,
*************
10/10/2021 17:33:25,ross,IMPRIMIR LISTA TRABAJO,
*************
10/10/2021 17:33:58,ross,IMPRIMIR HOJA TRABAJO,
*************
10/10/2021 17:42:07,ross,GUARDA RESULTADOS,WBC=4
*************
10/10/2021 17:42:07,ross,GUARDA RESULTADOS,NEU=4
*************
10/10/2021 17:42:07,ross,GUARDA RESULTADOS,LYM=4
*************
10/10/2021 17:42:07,ross,GUARDA RESULTADOS,MON=4
*************
10/10/2021 17:42:07,ross,GUARDA RESULTADOS,EOS=4
*************
10/10/2021 17:42:07,ross,GUARDA RESULTADOS,BASO=4
*************
10/10/2021 17:42:07,ross,GUARDA RESULTADOS,NEU%25=4
*************
10/10/2021 17:42:07,ross,GUARDA RESULTADOS,LYM%25=4
*************
10/10/2021 17:42:07,ross,GUARDA RESULTADOS,MON%25=4
*************
10/10/2021 17:42:07,ross,GUARDA RESULTADOS,EOS%25=4
*************
10/10/2021 17:42:07,ross,GUARDA RESULTADOS,BASO%25=4
*************
10/10/2021 17:42:07,ross,GUARDA RESULTADOS,RBC=4
*************
10/10/2021 17:42:07,ross,GUARDA RESULTADOS,HCT=4
*************
10/10/2021 17:42:07,ross,GUARDA RESULTADOS,HGB=4
*************
10/10/2021 17:42:07,ross,GUARDA RESULTADOS,MCV=4
*************
10/10/2021 17:42:07,ross,GUARDA RESULTADOS,MCH=4
*************
10/10/2021 17:42:07,ross,GUARDA RESULTADOS,MCHC=4
*************
10/10/2021 17:42:07,ross,GUARDA RESULTADOS,RDW-CV=4
*************
10/10/2021 17:42:07,ross,GUARDA RESULTADOS,RDW-SD=4
*************
10/10/2021 17:42:07,ross,GUARDA RESULTADOS,PLT=4
*************
10/10/2021 17:42:07,ross,GUARDA RESULTADOS,MPV=4
*************
10/10/2021 17:42:07,ross,GUARDA RESULTADOS,PDW=4
*************
10/10/2021 17:42:07,ross,GUARDA RESULTADOS,PCT=4
*************
10/10/2021 17:42:07,ross,GUARDA RESULTADOS,P-LCR=5
*************
10/10/2021 17:42:07,ross,GUARDA RESULTADOS,P-LCC=5
*************
10/10/2021 17:44:21,ross,GUARDA NOTA AREA,AREA EXAMEN =11/COMENTARIO: Suero lipemico
*************
10/10/2021 17:46:50,ross,VALIDACION RESULTADO,PEDIDO=7/400149
*************
10/10/2021 17:46:50,ross,VALIDACION RESULTADO,PEDIDO=7/400150
*************
10/10/2021 17:46:50,ross,VALIDACION RESULTADO,PEDIDO=7/400151
*************
10/10/2021 17:46:50,ross,VALIDACION RESULTADO,PEDIDO=7/400476
*************
10/10/2021 17:46:50,ross,VALIDACION RESULTADO,PEDIDO=7/401104
*************
10/10/2021 17:46:50,ross,VALIDACION RESULTADO,PEDIDO=7/401141
*************
10/10/2021 17:50:55,ross,IMPRIME POR AREA,PEDIDO=7
*************
10/10/2021 17:52:55,ross,IMPRIME POR AREA,PEDIDO=7
*************
10/10/2021 17:54:26,ross,IMPRIME TODO,PEDIDO=7
*************
10/10/2021 17:55:02,ross,IMPRIME POR EMAMEN,PEDIDO=7
*************
10/10/2021 17:55:32,ross,IMPRIME SOBRE,PEDIDO=7
*************
11/10/2021 10:42:14,,Ingreso USUARIO,Busca tabla invitado
*************
11/10/2021 10:42:15,ross,Ingreso CONTRASEÑA,Busca tabla invitado
*************
11/10/2021 14:43:49,,Ingreso USUARIO,Busca tabla invitado
*************
11/10/2021 14:43:50,ross,Ingreso CONTRASEÑA,Busca tabla invitado
*************
11/10/2021 15:05:21,,Ingreso USUARIO,Busca tabla invitado
*************
11/10/2021 15:05:23,ross,Ingreso CONTRASEÑA,Busca tabla invitado
*************
14/10/2021 17:56:48,,Ingreso USUARIO,Busca tabla invitado
*************
14/10/2021 17:56:50,LABORATORIO,Ingreso CONTRASEÑA,Busca tabla invitado
*************
14/10/2021 19:04:34,,Ingreso USUARIO,Busca tabla invitado
*************
14/10/2021 19:04:35,ross,Ingreso CONTRASEÑA,Busca tabla invitado
*************
14/10/2021 19:04:59,ross,01 GENERAR ORDEN  NORMAL EXAMENES: 400151,,PEDIDO=32
*************
14/10/2021 19:05:00,ross,02 IMPRIMIR COD BARRAS,PEDIDO=32
*************
14/10/2021 19:07:57,ross,VALIDACION RESULTADO,PEDIDO=32/400151
*************
14/10/2021 19:08:23,ross,IMPRIME TODO,PEDIDO=32
*************
15/10/2021 9:41:27,,Ingreso USUARIO,Busca tabla invitado
*************
15/10/2021 9:41:27,LABORATORIO,Ingreso CONTRASEÑA,Busca tabla invitado
*************
15/10/2021 9:44:12,LABORATORIO,01 GENERAR ORDEN  NORMAL EXAMENES: 400230,401104,401154,401120,401115,401184,400101,,PEDIDO=8123
*************
15/10/2021 9:44:14,LABORATORIO,02 IMPRIMIR COD BARRAS,PEDIDO=8123
*************
15/10/2021 9:53:06,LABORATORIO,GUARDA RESULTADOS,WBC=2
*************
15/10/2021 9:53:07,LABORATORIO,GUARDA RESULTADOS,LYM%25=2
*************
15/10/2021 9:53:09,LABORATORIO,GUARDA RESULTADOS,MON%25=2
*************
15/10/2021 9:53:10,LABORATORIO,GUARDA RESULTADOS,NEU%25=2
*************
15/10/2021 9:53:11,LABORATORIO,GUARDA RESULTADOS,EOS%25=2
*************
15/10/2021 9:53:12,LABORATORIO,GUARDA RESULTADOS,BASO%25=2
*************
15/10/2021 9:53:13,LABORATORIO,GUARDA RESULTADOS,LYM=2
*************
15/10/2021 9:53:15,LABORATORIO,GUARDA RESULTADOS,MON=3
*************
15/10/2021 9:53:16,LABORATORIO,GUARDA RESULTADOS,NEU=3
*************
15/10/2021 9:53:18,LABORATORIO,GUARDA RESULTADOS,EOS=
*************
15/10/2021 9:53:19,LABORATORIO,GUARDA RESULTADOS,BASO=3
*************
15/10/2021 9:53:20,LABORATORIO,GUARDA RESULTADOS,RBC=3
*************
15/10/2021 9:53:21,LABORATORIO,GUARDA RESULTADOS,HGB=3
*************
15/10/2021 9:53:22,LABORATORIO,GUARDA RESULTADOS,HCT=3
*************
15/10/2021 9:53:23,LABORATORIO,GUARDA RESULTADOS,MCV=44
*************
15/10/2021 9:53:25,LABORATORIO,GUARDA RESULTADOS,MCH=6
*************
15/10/2021 9:53:26,LABORATORIO,GUARDA RESULTADOS,MCHC=44
*************
15/10/2021 9:53:27,LABORATORIO,GUARDA RESULTADOS,RDW_CV=4
*************
15/10/2021 9:53:28,LABORATORIO,GUARDA RESULTADOS,RDW_SD=5
*************
15/10/2021 9:53:29,LABORATORIO,GUARDA RESULTADOS,PLT=5
*************
15/10/2021 9:53:31,LABORATORIO,GUARDA RESULTADOS,MPV=5
*************
15/10/2021 9:53:33,LABORATORIO,GUARDA RESULTADOS,PDW=5
*************
15/10/2021 9:53:36,LABORATORIO,GUARDA RESULTADOS,PCT=5
*************
15/10/2021 9:53:38,LABORATORIO,GUARDA RESULTADOS,P_LCR=6
*************
15/10/2021 9:53:39,LABORATORIO,GUARDA RESULTADOS,P_LCC=6
*************
15/10/2021 9:56:52,LABORATORIO,GUARDA RESULTADOS,ANAQUI1=- EXAMEN FÍSICO -
*************
15/10/2021 9:56:54,LABORATORIO,GUARDA RESULTADOS,COLO=AMARILLO
*************
15/10/2021 9:56:55,LABORATORIO,GUARDA RESULTADOS,ASPOH=TRANSPARENTE
*************
15/10/2021 9:56:56,LABORATORIO,GUARDA RESULTADOS,EMOQUI=-EXAMEN QUIMICO-
*************
15/10/2021 9:56:57,LABORATORIO,GUARDA RESULTADOS,DENOH=1.020
*************
15/10/2021 9:56:58,LABORATORIO,GUARDA RESULTADOS,PHO=5
*************
15/10/2021 9:57:00,LABORATORIO,GUARDA RESULTADOS,LEUOH=NEGATIVO
*************
15/10/2021 9:57:01,LABORATORIO,GUARDA RESULTADOS,NITOH=NEGATIVO
*************
15/10/2021 9:57:02,LABORATORIO,GUARDA RESULTADOS,PROTOH=NEGATIVO
*************
15/10/2021 9:57:04,LABORATORIO,GUARDA RESULTADOS,GLUO=NEGATIVO
*************
15/10/2021 9:57:05,LABORATORIO,GUARDA RESULTADOS,CETOR=NEGATIVO
*************
15/10/2021 9:57:06,LABORATORIO,GUARDA RESULTADOS,UROOH=
*************
15/10/2021 9:57:08,LABORATORIO,GUARDA RESULTADOS,BILO=NEGATIVO
*************
15/10/2021 9:57:09,LABORATORIO,GUARDA RESULTADOS,SANOH=NEGATIVO
*************
15/10/2021 9:57:11,LABORATORIO,GUARDA RESULTADOS,ANAMIC1=- EXAMEN MICROSCÓPICO -
*************
15/10/2021 9:57:12,LABORATORIO,GUARDA RESULTADOS,CELPOH=0
*************
15/10/2021 9:57:14,LABORATORIO,GUARDA RESULTADOS,CELEPH=0-2
*************
15/10/2021 9:57:15,LABORATORIO,GUARDA RESULTADOS,LEUC_EMO1H=0-2
*************
15/10/2021 9:57:16,LABORATORIO,GUARDA RESULTADOS,CELCAOH=
*************
15/10/2021 9:57:17,LABORATORIO,GUARDA RESULTADOS,PIOO=
*************
15/10/2021 9:57:19,LABORATORIO,GUARDA RESULTADOS,HEMOH=
*************
15/10/2021 9:57:20,LABORATORIO,GUARDA RESULTADOS,BACOH=ESCASAS
*************
15/10/2021 9:57:21,LABORATORIO,GUARDA RESULTADOS,MOCOH=+
*************
15/10/2021 9:57:23,LABORATORIO,GUARDA RESULTADOS,LEVA_ORINA=
*************
15/10/2021 9:57:24,LABORATORIO,GUARDA RESULTADOS,URO=
*************
15/10/2021 9:57:25,LABORATORIO,GUARDA RESULTADOS,FOO=
*************
15/10/2021 9:57:27,LABORATORIO,GUARDA RESULTADOS,OXAO=
*************
15/10/2021 9:57:28,LABORATORIO,GUARDA RESULTADOS,CRIO=
*************
15/10/2021 9:57:29,LABORATORIO,GUARDA RESULTADOS,CILO=
*************
15/10/2021 9:57:30,LABORATORIO,GUARDA RESULTADOS,CIGO=
*************
15/10/2021 9:57:32,LABORATORIO,GUARDA RESULTADOS,CILCE=
*************
15/10/2021 9:57:33,LABORATORIO,GUARDA RESULTADOS,ESP=
*************
15/10/2021 9:57:34,LABORATORIO,GUARDA RESULTADOS,ELEUCOH=
*************
15/10/2021 9:57:36,LABORATORIO,GUARDA RESULTADOS,ASCOH=
*************
15/10/2021 9:57:37,LABORATORIO,GUARDA RESULTADOS,OTROSO=
*************
15/10/2021 9:57:38,LABORATORIO,GUARDA RESULTADOS,CCETO=
*************
15/10/2021 9:58:36,LABORATORIO,VALIDACION RESULTADO,PEDIDO=8123/401104
*************
15/10/2021 10:17:30,,Ingreso USUARIO,Busca tabla invitado
*************
15/10/2021 10:17:40,ross,Ingreso CONTRASEÑA,Busca tabla invitado
*************
15/10/2021 10:23:33,ross,GUARDA RESULTADOS,AUDIOMETRIAH=
*************
16/10/2021 16:13:18,,Ingreso USUARIO,Busca tabla invitado
*************
16/10/2021 16:13:18,ross,Ingreso CONTRASEÑA,Busca tabla invitado
*************
16/10/2021 16:13:30,ross,01 GENERAR ORDEN  NORMAL EXAMENES: 400151,,PEDIDO=33
*************
16/10/2021 16:13:31,ross,02 IMPRIMIR COD BARRAS,PEDIDO=33
*************
16/10/2021 16:18:05,ross,VALIDACION RESULTADO,PEDIDO=33/400151
*************
16/10/2021 16:18:59,ross,01 GENERAR ORDEN  NORMAL EXAMENES: 400101,,PEDIDO=34
*************
16/10/2021 16:18:59,ross,02 IMPRIMIR COD BARRAS,PEDIDO=34
*************
16/10/2021 16:19:43,ross,GUARDA RESULTADOS,WBCH=3
*************
16/10/2021 16:19:43,ross,GUARDA RESULTADOS,NEUH=3
*************
16/10/2021 16:19:43,ross,GUARDA RESULTADOS,LYMH=3
*************
16/10/2021 16:19:43,ross,GUARDA RESULTADOS,MONH=3
*************
16/10/2021 16:19:43,ross,GUARDA RESULTADOS,EOSH=3
*************
16/10/2021 16:19:43,ross,GUARDA RESULTADOS,BASOH=3
*************
16/10/2021 16:19:43,ross,GUARDA RESULTADOS,NEU%25H=3
*************
16/10/2021 16:19:43,ross,GUARDA RESULTADOS,LYM%25H=3
*************
16/10/2021 16:19:43,ross,GUARDA RESULTADOS,MON%25H=3
*************
16/10/2021 16:19:43,ross,GUARDA RESULTADOS,EOS%25H=3
*************
16/10/2021 16:19:43,ross,GUARDA RESULTADOS,BASO%25H=3
*************
16/10/2021 16:19:43,ross,GUARDA RESULTADOS,RBCH=3
*************
16/10/2021 16:19:43,ross,GUARDA RESULTADOS,HCTH=3
*************
16/10/2021 16:19:43,ross,GUARDA RESULTADOS,HGBH=3
*************
16/10/2021 16:19:43,ross,GUARDA RESULTADOS,MCVH=3
*************
16/10/2021 16:19:43,ross,GUARDA RESULTADOS,MCHH=3
*************
16/10/2021 16:19:43,ross,GUARDA RESULTADOS,MCHCH=3
*************
16/10/2021 16:19:43,ross,GUARDA RESULTADOS,RDW-CVH=3
*************
16/10/2021 16:19:43,ross,GUARDA RESULTADOS,RDW-SDH=3
*************
16/10/2021 16:19:43,ross,GUARDA RESULTADOS,PLTH=3
*************
16/10/2021 16:19:43,ross,GUARDA RESULTADOS,MPVH=3
*************
16/10/2021 16:19:43,ross,GUARDA RESULTADOS,PDWH=3
*************
16/10/2021 16:19:43,ross,GUARDA RESULTADOS,PCTH=3
*************
16/10/2021 16:19:43,ross,GUARDA RESULTADOS,P-LCRH=3
*************
16/10/2021 16:19:43,ross,GUARDA RESULTADOS,P-LCCH=3
*************
16/10/2021 16:26:58,,Ingreso USUARIO,Busca tabla invitado
*************
16/10/2021 16:26:59,ross,Ingreso CONTRASEÑA,Busca tabla invitado
*************
16/10/2021 16:27:27,ross,01 GENERAR ORDEN  NORMAL EXAMENES: 400151,,PEDIDO=35
*************
16/10/2021 16:27:27,ross,02 IMPRIMIR COD BARRAS,PEDIDO=35
*************
16/10/2021 16:27:38,ross,1 MODIFICA ORDENNORMAL,PEDIDO=35
*************
16/10/2021 16:27:41,ross,02 IMPRIMIR COD BARRAS,PEDIDO=35
*************
16/10/2021 16:28:22,ross,GUARDA RESULTADOS,WBC=4
*************
16/10/2021 16:31:27,,Ingreso USUARIO,Busca tabla invitado
*************
16/10/2021 16:31:27,ross,Ingreso CONTRASEÑA,Busca tabla invitado
*************
16/10/2021 16:31:51,ross,GUARDA RESULTADOS,WBC=4
*************
16/10/2021 16:31:51,ross,GUARDA RESULTADOS,NEU=2
*************
16/10/2021 16:31:51,ross,GUARDA RESULTADOS,LYM=2
*************
16/10/2021 16:31:51,ross,GUARDA RESULTADOS,MON=2
*************
16/10/2021 16:31:51,ross,GUARDA RESULTADOS,EOS=2
*************
16/10/2021 16:31:51,ross,GUARDA RESULTADOS,BASO=
*************
16/10/2021 16:31:51,ross,GUARDA RESULTADOS,NEU%25=2
*************
16/10/2021 16:31:51,ross,GUARDA RESULTADOS,LYM%25=2
*************
16/10/2021 16:31:51,ross,GUARDA RESULTADOS,MON%25=2
*************
16/10/2021 16:31:51,ross,GUARDA RESULTADOS,EOS%25=2
*************
16/10/2021 16:31:51,ross,GUARDA RESULTADOS,BASO%25=2
*************
16/10/2021 16:31:51,ross,GUARDA RESULTADOS,RBC=2
*************
16/10/2021 16:31:51,ross,GUARDA RESULTADOS,HCT=2
*************
16/10/2021 16:31:51,ross,GUARDA RESULTADOS,HGB=2
*************
16/10/2021 16:31:51,ross,GUARDA RESULTADOS,MCV=
*************
16/10/2021 16:31:51,ross,GUARDA RESULTADOS,MCH=2
*************
16/10/2021 16:31:51,ross,GUARDA RESULTADOS,MCHC=2
*************
16/10/2021 16:31:51,ross,GUARDA RESULTADOS,RDW-CV=2
*************
16/10/2021 16:31:52,ross,GUARDA RESULTADOS,RDW-SD=2
*************
16/10/2021 16:31:52,ross,GUARDA RESULTADOS,PLT=2
*************
16/10/2021 16:31:52,ross,GUARDA RESULTADOS,MPV=2
*************
16/10/2021 16:31:52,ross,GUARDA RESULTADOS,PDW=2
*************
16/10/2021 16:31:52,ross,GUARDA RESULTADOS,PCT=
*************
16/10/2021 16:31:52,ross,GUARDA RESULTADOS,P-LCR=22
*************
16/10/2021 16:31:52,ross,GUARDA RESULTADOS,P-LCC=
*************
16/10/2021 16:37:50,ross,01 GENERAR ORDEN  NORMAL EXAMENES: 400101,,PEDIDO=36
*************
16/10/2021 16:37:50,ross,02 IMPRIMIR COD BARRAS,PEDIDO=36
*************
16/10/2021 16:38:05,ross,GUARDA RESULTADOS,WBCH=2
*************
16/10/2021 16:38:05,ross,GUARDA RESULTADOS,NEUH=2
*************
16/10/2021 16:38:05,ross,GUARDA RESULTADOS,LYMH=2
*************
16/10/2021 16:38:05,ross,GUARDA RESULTADOS,MONH=2
*************
16/10/2021 16:38:05,ross,GUARDA RESULTADOS,EOSH=2
*************
16/10/2021 16:38:06,ross,GUARDA RESULTADOS,BASOH=2
*************
16/10/2021 16:38:06,ross,GUARDA RESULTADOS,NEU%25H=
*************
16/10/2021 16:38:06,ross,GUARDA RESULTADOS,LYM%25H=2
*************
16/10/2021 16:38:06,ross,GUARDA RESULTADOS,MON%25H=2
*************
16/10/2021 16:38:06,ross,GUARDA RESULTADOS,EOS%25H=2
*************
16/10/2021 16:38:06,ross,GUARDA RESULTADOS,BASO%25H=2
*************
16/10/2021 16:38:06,ross,GUARDA RESULTADOS,RBCH=
*************
16/10/2021 16:38:06,ross,GUARDA RESULTADOS,HCTH=2
*************
16/10/2021 16:38:06,ross,GUARDA RESULTADOS,HGBH=2
*************
16/10/2021 16:38:06,ross,GUARDA RESULTADOS,MCVH=2
*************
16/10/2021 16:38:06,ross,GUARDA RESULTADOS,MCHH=
*************
16/10/2021 16:38:06,ross,GUARDA RESULTADOS,MCHCH=2
*************
16/10/2021 16:38:06,ross,GUARDA RESULTADOS,RDW-CVH=2
*************
16/10/2021 16:38:06,ross,GUARDA RESULTADOS,RDW-SDH=2
*************
16/10/2021 16:38:06,ross,GUARDA RESULTADOS,PLTH=
*************
16/10/2021 16:38:06,ross,GUARDA RESULTADOS,MPVH=
*************
16/10/2021 16:38:06,ross,GUARDA RESULTADOS,PDWH=
*************
16/10/2021 16:38:06,ross,GUARDA RESULTADOS,PCTH=
*************
16/10/2021 16:38:06,ross,GUARDA RESULTADOS,P-LCRH=
*************
16/10/2021 16:38:06,ross,GUARDA RESULTADOS,P-LCCH=
*************
16/10/2021 16:38:27,ross,GUARDA RESULTADOS,WBCH=2
*************
16/10/2021 16:38:27,ross,GUARDA RESULTADOS,NEUH=2
*************
16/10/2021 16:38:27,ross,GUARDA RESULTADOS,LYMH=2
*************
16/10/2021 16:38:27,ross,GUARDA RESULTADOS,MONH=2
*************
16/10/2021 16:38:27,ross,GUARDA RESULTADOS,EOSH=2
*************
16/10/2021 16:38:27,ross,GUARDA RESULTADOS,BASOH=2
*************
16/10/2021 16:38:27,ross,GUARDA RESULTADOS,NEU%25H=
*************
16/10/2021 16:38:27,ross,GUARDA RESULTADOS,LYM%25H=2
*************
16/10/2021 16:38:27,ross,GUARDA RESULTADOS,MON%25H=2
*************
16/10/2021 16:38:27,ross,GUARDA RESULTADOS,EOS%25H=2
*************
16/10/2021 16:38:27,ross,GUARDA RESULTADOS,BASO%25H=2
*************
16/10/2021 16:38:28,ross,GUARDA RESULTADOS,RBCH=
*************
16/10/2021 16:38:28,ross,GUARDA RESULTADOS,HCTH=2
*************
16/10/2021 16:38:28,ross,GUARDA RESULTADOS,HGBH=2
*************
16/10/2021 16:38:28,ross,GUARDA RESULTADOS,MCVH=2
*************
16/10/2021 16:38:28,ross,GUARDA RESULTADOS,MCHH=
*************
16/10/2021 16:38:28,ross,GUARDA RESULTADOS,MCHCH=2
*************
16/10/2021 16:38:28,ross,GUARDA RESULTADOS,RDW-CVH=2
*************
16/10/2021 16:38:28,ross,GUARDA RESULTADOS,RDW-SDH=2
*************
16/10/2021 16:38:28,ross,GUARDA RESULTADOS,PLTH=
*************
16/10/2021 16:38:28,ross,GUARDA RESULTADOS,MPVH=
*************
16/10/2021 16:38:28,ross,GUARDA RESULTADOS,PDWH=
*************
16/10/2021 16:38:28,ross,GUARDA RESULTADOS,PCTH=
*************
16/10/2021 16:38:29,ross,GUARDA RESULTADOS,P-LCRH=
*************
16/10/2021 16:38:29,ross,GUARDA RESULTADOS,P-LCCH=
*************
16/10/2021 16:47:02,,Ingreso USUARIO,Busca tabla invitado
*************
16/10/2021 16:47:03,ross,Ingreso CONTRASEÑA,Busca tabla invitado
*************
16/10/2021 16:51:03,,Ingreso USUARIO,Busca tabla invitado
*************
16/10/2021 16:51:04,ross,Ingreso CONTRASEÑA,Busca tabla invitado
*************
16/10/2021 16:56:02,,Ingreso USUARIO,Busca tabla invitado
*************
16/10/2021 16:56:03,ross,Ingreso CONTRASEÑA,Busca tabla invitado
*************
16/10/2021 16:59:49,,Ingreso USUARIO,Busca tabla invitado
*************
16/10/2021 16:59:50,ross,Ingreso CONTRASEÑA,Busca tabla invitado
*************
16/10/2021 17:09:27,,Ingreso USUARIO,Busca tabla invitado
*************
16/10/2021 17:09:28,ross,Ingreso CONTRASEÑA,Busca tabla invitado
*************
16/10/2021 17:16:37,,Ingreso USUARIO,Busca tabla invitado
*************
16/10/2021 17:16:38,ross,Ingreso CONTRASEÑA,Busca tabla invitado
*************
16/10/2021 17:16:54,ross,GUARDA RESULTADOS,WBCH=2
*************
16/10/2021 17:16:54,ross,GUARDA RESULTADOS,NEUH=2
*************
16/10/2021 17:16:54,ross,GUARDA RESULTADOS,LYMH=2
*************
16/10/2021 17:16:54,ross,GUARDA RESULTADOS,MONH=2
*************
16/10/2021 17:16:54,ross,GUARDA RESULTADOS,EOSH=2
*************
16/10/2021 17:16:54,ross,GUARDA RESULTADOS,BASOH=2
*************
16/10/2021 17:16:54,ross,GUARDA RESULTADOS,NEU%25H=
*************
16/10/2021 17:16:54,ross,GUARDA RESULTADOS,LYM%25H=2
*************
16/10/2021 17:16:54,ross,GUARDA RESULTADOS,MON%25H=2
*************
16/10/2021 17:16:54,ross,GUARDA RESULTADOS,EOS%25H=2
*************
16/10/2021 17:16:54,ross,GUARDA RESULTADOS,BASO%25H=2
*************
16/10/2021 17:16:54,ross,GUARDA RESULTADOS,RBCH=
*************
16/10/2021 17:16:54,ross,GUARDA RESULTADOS,HCTH=2
*************
16/10/2021 17:16:54,ross,GUARDA RESULTADOS,HGBH=2
*************
16/10/2021 17:16:54,ross,GUARDA RESULTADOS,MCVH=2
*************
16/10/2021 17:16:54,ross,GUARDA RESULTADOS,MCHH=
*************
16/10/2021 17:16:54,ross,GUARDA RESULTADOS,MCHCH=2
*************
16/10/2021 17:16:54,ross,GUARDA RESULTADOS,RDW-CVH=2
*************
16/10/2021 17:16:54,ross,GUARDA RESULTADOS,RDW-SDH=2
*************
16/10/2021 17:16:54,ross,GUARDA RESULTADOS,PLTH=
*************
16/10/2021 17:16:54,ross,GUARDA RESULTADOS,MPVH=
*************
16/10/2021 17:16:54,ross,GUARDA RESULTADOS,PDWH=
*************
16/10/2021 17:16:54,ross,GUARDA RESULTADOS,PCTH=
*************
16/10/2021 17:16:54,ross,GUARDA RESULTADOS,P-LCRH=
*************
16/10/2021 17:16:54,ross,GUARDA RESULTADOS,P-LCCH=
*************
16/10/2021 17:18:02,ross,01 GENERAR ORDEN  NORMAL EXAMENES: 400101,400151,,PEDIDO=37
*************
16/10/2021 17:18:02,ross,02 IMPRIMIR COD BARRAS,PEDIDO=37
*************
16/10/2021 17:18:20,ross,GUARDA RESULTADOS,WBCH=4
*************
16/10/2021 17:18:20,ross,GUARDA RESULTADOS,NEUH=
*************
16/10/2021 17:18:20,ross,GUARDA RESULTADOS,LYMH=4
*************
16/10/2021 17:18:20,ross,GUARDA RESULTADOS,MONH=4
*************
16/10/2021 17:18:20,ross,GUARDA RESULTADOS,EOSH=4
*************
16/10/2021 17:18:20,ross,GUARDA RESULTADOS,BASOH=4
*************
16/10/2021 17:18:20,ross,GUARDA RESULTADOS,NEU%25H=
*************
16/10/2021 17:18:21,ross,GUARDA RESULTADOS,LYM%25H=
*************
16/10/2021 17:18:21,ross,GUARDA RESULTADOS,MON%25H=
*************
16/10/2021 17:18:21,ross,GUARDA RESULTADOS,EOS%25H=
*************
16/10/2021 17:18:21,ross,GUARDA RESULTADOS,BASO%25H=
*************
16/10/2021 17:18:21,ross,GUARDA RESULTADOS,RBCH=
*************
16/10/2021 17:18:21,ross,GUARDA RESULTADOS,HCTH=
*************
16/10/2021 17:18:21,ross,GUARDA RESULTADOS,HGBH=
*************
16/10/2021 17:18:21,ross,GUARDA RESULTADOS,MCVH=
*************
16/10/2021 17:18:21,ross,GUARDA RESULTADOS,MCHH=
*************
16/10/2021 17:18:21,ross,GUARDA RESULTADOS,MCHCH=
*************
16/10/2021 17:18:21,ross,GUARDA RESULTADOS,RDW-CVH=
*************
16/10/2021 17:18:21,ross,GUARDA RESULTADOS,RDW-SDH=
*************
16/10/2021 17:18:21,ross,GUARDA RESULTADOS,PLTH=
*************
16/10/2021 17:18:21,ross,GUARDA RESULTADOS,MPVH=
*************
16/10/2021 17:18:21,ross,GUARDA RESULTADOS,PDWH=
*************
16/10/2021 17:18:21,ross,GUARDA RESULTADOS,PCTH=
*************
16/10/2021 17:18:21,ross,GUARDA RESULTADOS,P-LCRH=
*************
16/10/2021 17:18:21,ross,GUARDA RESULTADOS,P-LCCH=
*************
16/10/2021 17:19:42,ross,VALIDACION RESULTADO,PEDIDO=37/400151
*************
16/10/2021 17:20:23,ross,IMPRIME POR AREA,PEDIDO=37
*************
16/10/2021 17:24:32,,Ingreso USUARIO,Busca tabla invitado
*************
16/10/2021 17:24:33,ross,Ingreso CONTRASEÑA,Busca tabla invitado
*************
16/10/2021 17:30:24,ross,01 GENERAR ORDEN  NORMAL EXAMENES: 400151,400101,,PEDIDO=38
*************
16/10/2021 17:30:24,ross,02 IMPRIMIR COD BARRAS,PEDIDO=38
*************
16/10/2021 17:30:58,ross,GUARDA RESULTADOS,WBCH=2
*************
16/10/2021 17:30:58,ross,GUARDA RESULTADOS,NEUH=2
*************
16/10/2021 17:30:58,ross,GUARDA RESULTADOS,LYMH=2
*************
16/10/2021 17:30:58,ross,GUARDA RESULTADOS,MONH=2
*************
16/10/2021 17:30:58,ross,GUARDA RESULTADOS,EOSH=2
*************
16/10/2021 17:30:58,ross,GUARDA RESULTADOS,BASOH=2
*************
16/10/2021 17:30:58,ross,GUARDA RESULTADOS,NEU%25H=2
*************
16/10/2021 17:30:58,ross,GUARDA RESULTADOS,LYM%25H=2
*************
16/10/2021 17:30:58,ross,GUARDA RESULTADOS,MON%25H=2
*************
16/10/2021 17:30:58,ross,GUARDA RESULTADOS,EOS%25H=2
*************
16/10/2021 17:30:58,ross,GUARDA RESULTADOS,BASO%25H=2
*************
16/10/2021 17:30:58,ross,GUARDA RESULTADOS,RBCH=2
*************
16/10/2021 17:30:58,ross,GUARDA RESULTADOS,HCTH=2
*************
16/10/2021 17:30:58,ross,GUARDA RESULTADOS,HGBH=2
*************
16/10/2021 17:30:58,ross,GUARDA RESULTADOS,MCVH=2
*************
16/10/2021 17:30:58,ross,GUARDA RESULTADOS,MCHH=2
*************
16/10/2021 17:30:58,ross,GUARDA RESULTADOS,MCHCH=2
*************
16/10/2021 17:30:58,ross,GUARDA RESULTADOS,RDW-CVH=2
*************
16/10/2021 17:30:58,ross,GUARDA RESULTADOS,RDW-SDH=2
*************
16/10/2021 17:30:58,ross,GUARDA RESULTADOS,PLTH=2
*************
16/10/2021 17:30:58,ross,GUARDA RESULTADOS,MPVH=2
*************
16/10/2021 17:30:59,ross,GUARDA RESULTADOS,PDWH=2
*************
16/10/2021 17:30:59,ross,GUARDA RESULTADOS,PCTH=2
*************
16/10/2021 17:30:59,ross,GUARDA RESULTADOS,P-LCRH=2
*************
16/10/2021 17:30:59,ross,GUARDA RESULTADOS,P-LCCH=2
*************
16/10/2021 17:34:52,,Ingreso USUARIO,Busca tabla invitado
*************
16/10/2021 17:34:53,ross,Ingreso CONTRASEÑA,Busca tabla invitado
*************
16/10/2021 17:38:13,,Ingreso USUARIO,Busca tabla invitado
*************
16/10/2021 17:38:15,ross,Ingreso CONTRASEÑA,Busca tabla invitado
*************
16/10/2021 17:39:50,ross,01 GENERAR ORDEN  NORMAL EXAMENES: 400101,400151,,PEDIDO=39
*************
16/10/2021 17:39:51,ross,02 IMPRIMIR COD BARRAS,PEDIDO=39
*************
16/10/2021 17:40:16,ross,GUARDA RESULTADOS,WBCH=4
*************
16/10/2021 17:40:16,ross,GUARDA RESULTADOS,NEUH=4
*************
16/10/2021 17:40:16,ross,GUARDA RESULTADOS,LYMH=4
*************
16/10/2021 17:40:16,ross,GUARDA RESULTADOS,MONH=4
*************
16/10/2021 17:40:16,ross,GUARDA RESULTADOS,EOSH=4
*************
16/10/2021 17:40:16,ross,GUARDA RESULTADOS,BASOH=
*************
16/10/2021 17:40:16,ross,GUARDA RESULTADOS,NEU%25H=44
*************
16/10/2021 17:40:16,ross,GUARDA RESULTADOS,LYM%25H=
*************
16/10/2021 17:40:16,ross,GUARDA RESULTADOS,MON%25H=4
*************
16/10/2021 17:40:16,ross,GUARDA RESULTADOS,EOS%25H=4
*************
16/10/2021 17:40:16,ross,GUARDA RESULTADOS,BASO%25H=4
*************
16/10/2021 17:40:16,ross,GUARDA RESULTADOS,RBCH=4
*************
16/10/2021 17:40:16,ross,GUARDA RESULTADOS,HCTH=4
*************
16/10/2021 17:40:16,ross,GUARDA RESULTADOS,HGBH=
*************
16/10/2021 17:40:16,ross,GUARDA RESULTADOS,MCVH=
*************
16/10/2021 17:40:16,ross,GUARDA RESULTADOS,MCHH=
*************
16/10/2021 17:40:16,ross,GUARDA RESULTADOS,MCHCH=
*************
16/10/2021 17:40:16,ross,GUARDA RESULTADOS,RDW-CVH=
*************
16/10/2021 17:40:17,ross,GUARDA RESULTADOS,RDW-SDH=
*************
16/10/2021 17:40:17,ross,GUARDA RESULTADOS,PLTH=
*************
16/10/2021 17:40:17,ross,GUARDA RESULTADOS,MPVH=
*************
16/10/2021 17:40:17,ross,GUARDA RESULTADOS,PDWH=
*************
16/10/2021 17:40:17,ross,GUARDA RESULTADOS,PCTH=
*************
16/10/2021 17:40:17,ross,GUARDA RESULTADOS,P-LCRH=
*************
16/10/2021 17:40:17,ross,GUARDA RESULTADOS,P-LCCH=
*************
16/10/2021 17:45:11,,Ingreso USUARIO,Busca tabla invitado
*************
16/10/2021 17:45:12,ross,Ingreso CONTRASEÑA,Busca tabla invitado
*************
16/10/2021 17:53:27,,Ingreso USUARIO,Busca tabla invitado
*************
16/10/2021 17:53:28,ross,Ingreso CONTRASEÑA,Busca tabla invitado
*************
16/10/2021 17:56:13,,Ingreso USUARIO,Busca tabla invitado
*************
16/10/2021 17:56:14,ross,Ingreso CONTRASEÑA,Busca tabla invitado
*************
16/10/2021 17:57:20,,Ingreso USUARIO,Busca tabla invitado
*************
16/10/2021 17:57:21,ross,Ingreso CONTRASEÑA,Busca tabla invitado
*************
16/10/2021 17:59:50,,Ingreso USUARIO,Busca tabla invitado
*************
16/10/2021 17:59:51,ross,Ingreso CONTRASEÑA,Busca tabla invitado
*************
16/10/2021 18:00:36,,Ingreso USUARIO,Busca tabla invitado
*************
16/10/2021 18:00:37,ross,Ingreso CONTRASEÑA,Busca tabla invitado
*************
16/10/2021 18:03:30,,Ingreso USUARIO,Busca tabla invitado
*************
16/10/2021 18:03:31,ross,Ingreso CONTRASEÑA,Busca tabla invitado
*************
17/10/2021 10:35:18,,Ingreso USUARIO,Busca tabla invitado
*************
17/10/2021 10:35:18,ross,Ingreso CONTRASEÑA,Busca tabla invitado
*************
17/10/2021 10:35:44,ross,01 GENERAR ORDEN  NORMAL EXAMENES: 400101,400151,,PEDIDO=40
*************
17/10/2021 10:35:44,ross,02 IMPRIMIR COD BARRAS,PEDIDO=40
*************
17/10/2021 10:36:01,ross,1 MODIFICA ORDENNORMAL,PEDIDO=40
*************
17/10/2021 10:37:08,ross,GUARDA RESULTADOS,WBCH=
*************
17/10/2021 10:37:08,ross,GUARDA RESULTADOS,NEUH=
*************
17/10/2021 10:37:08,ross,GUARDA RESULTADOS,LYMH=
*************
17/10/2021 10:37:08,ross,GUARDA RESULTADOS,MONH=
*************
17/10/2021 10:37:08,ross,GUARDA RESULTADOS,EOSH=
*************
17/10/2021 10:37:08,ross,GUARDA RESULTADOS,BASOH=
*************
17/10/2021 10:37:08,ross,GUARDA RESULTADOS,NEU%25H=
*************
17/10/2021 10:37:08,ross,GUARDA RESULTADOS,LYM%25H=
*************
17/10/2021 10:37:08,ross,GUARDA RESULTADOS,MON%25H=
*************
17/10/2021 10:37:08,ross,GUARDA RESULTADOS,EOS%25H=
*************
17/10/2021 10:37:08,ross,GUARDA RESULTADOS,BASO%25H=
*************
17/10/2021 10:37:08,ross,GUARDA RESULTADOS,RBCH=
*************
17/10/2021 10:37:08,ross,GUARDA RESULTADOS,HCTH=
*************
17/10/2021 10:37:08,ross,GUARDA RESULTADOS,HGBH=
*************
17/10/2021 10:37:08,ross,GUARDA RESULTADOS,MCVH=
*************
17/10/2021 10:37:09,ross,GUARDA RESULTADOS,MCHH=
*************
17/10/2021 10:37:09,ross,GUARDA RESULTADOS,MCHCH=
*************
17/10/2021 10:37:09,ross,GUARDA RESULTADOS,RDW-CVH=
*************
17/10/2021 10:37:09,ross,GUARDA RESULTADOS,RDW-SDH=
*************
17/10/2021 10:37:09,ross,GUARDA RESULTADOS,PLTH=
*************
17/10/2021 10:37:09,ross,GUARDA RESULTADOS,MPVH=
*************
17/10/2021 10:37:09,ross,GUARDA RESULTADOS,PDWH=
*************
17/10/2021 10:37:09,ross,GUARDA RESULTADOS,PCTH=
*************
17/10/2021 10:37:09,ross,GUARDA RESULTADOS,P-LCRH=
*************
17/10/2021 10:37:10,ross,GUARDA RESULTADOS,P-LCCH=
*************
17/10/2021 10:39:21,,Ingreso USUARIO,Busca tabla invitado
*************
17/10/2021 10:39:22,ross,Ingreso CONTRASEÑA,Busca tabla invitado
*************
17/10/2021 10:45:14,ross,GUARDA RESULTADOS,AUDIOMETRIAH=
*************
17/10/2021 10:45:24,ross,GUARDA RESULTADOS,ESPIROMETRIAH=
*************
17/10/2021 10:45:37,ross,VALIDACION RESULTADO,PEDIDO=40/401115
*************
17/10/2021 10:45:37,ross,VALIDACION RESULTADO,PEDIDO=40/401119
*************
17/10/2021 10:45:58,ross,IMPRIME POR AREA,PEDIDO=40
*************
17/10/2021 10:46:21,ross,IMPRIME POR EMAMEN,PEDIDO=40
*************
17/10/2021 10:46:31,ross,IMPRIME TODO,PEDIDO=40
*************
17/10/2021 10:46:44,ross,IMPRIME TODO,PEDIDO=40
*************
17/10/2021 10:49:55,,Ingreso USUARIO,Busca tabla invitado
*************
17/10/2021 10:49:56,ross,Ingreso CONTRASEÑA,Busca tabla invitado
*************
17/10/2021 10:50:07,ross,IMPRIME POR AREA,PEDIDO=40
*************
17/10/2021 10:55:25,ross,IMPRIME POR AREA,PEDIDO=40
*************
17/10/2021 10:55:49,ross,IMPRIME POR AREA,PEDIDO=40
*************
17/10/2021 11:09:02,ross,IMPRIME POR AREA,PEDIDO=40
*************
17/10/2021 11:09:43,ross,GUARDA RESULTADOS,WBCH=5
*************
17/10/2021 11:09:43,ross,GUARDA RESULTADOS,NEUH=5
*************
17/10/2021 11:09:43,ross,GUARDA RESULTADOS,LYMH=5
*************
17/10/2021 11:09:43,ross,GUARDA RESULTADOS,MONH=5
*************
17/10/2021 11:09:43,ross,GUARDA RESULTADOS,EOSH=5
*************
17/10/2021 11:09:43,ross,GUARDA RESULTADOS,BASOH=5
*************
17/10/2021 11:09:43,ross,GUARDA RESULTADOS,NEU%25H=5
*************
17/10/2021 11:09:43,ross,GUARDA RESULTADOS,LYM%25H=5
*************
17/10/2021 11:09:43,ross,GUARDA RESULTADOS,MON%25H=5
*************
17/10/2021 11:09:43,ross,GUARDA RESULTADOS,EOS%25H=5
*************
17/10/2021 11:09:43,ross,GUARDA RESULTADOS,BASO%25H=5
*************
17/10/2021 11:09:43,ross,GUARDA RESULTADOS,RBCH=5
*************
17/10/2021 11:09:43,ross,GUARDA RESULTADOS,HCTH=5
*************
17/10/2021 11:09:43,ross,GUARDA RESULTADOS,HGBH=5
*************
17/10/2021 11:09:43,ross,GUARDA RESULTADOS,MCVH=5
*************
17/10/2021 11:09:43,ross,GUARDA RESULTADOS,MCHH=5
*************
17/10/2021 11:09:43,ross,GUARDA RESULTADOS,MCHCH=5
*************
17/10/2021 11:09:43,ross,GUARDA RESULTADOS,RDW-CVH=5
*************
17/10/2021 11:09:43,ross,GUARDA RESULTADOS,RDW-SDH=5
*************
17/10/2021 11:09:43,ross,GUARDA RESULTADOS,PLTH=5
*************
17/10/2021 11:09:43,ross,GUARDA RESULTADOS,MPVH=5
*************
17/10/2021 11:09:43,ross,GUARDA RESULTADOS,PDWH=5
*************
17/10/2021 11:09:43,ross,GUARDA RESULTADOS,PCTH=5
*************
17/10/2021 11:09:43,ross,GUARDA RESULTADOS,P-LCRH=5
*************
17/10/2021 11:09:43,ross,GUARDA RESULTADOS,P-LCCH=5
*************
17/10/2021 11:10:36,ross,IMPRIME POR AREA,PEDIDO=40
*************
17/10/2021 11:14:29,ross,Generar Paciente,Paciente=MORALES FREIRE MARIA DEL CARMEN
*************
17/10/2021 11:14:41,ross,01 GENERAR ORDEN  NORMAL EXAMENES: 400101,400151,,PEDIDO=41
*************
17/10/2021 11:14:41,ross,02 IMPRIMIR COD BARRAS,PEDIDO=41
*************
17/10/2021 11:15:01,ross,GUARDA RESULTADOS,WBC=5
*************
17/10/2021 11:15:01,ross,GUARDA RESULTADOS,NEU=5
*************
17/10/2021 11:15:01,ross,GUARDA RESULTADOS,LYM=5
*************
17/10/2021 11:15:01,ross,GUARDA RESULTADOS,MON=5
*************
17/10/2021 11:15:01,ross,GUARDA RESULTADOS,EOS=5
*************
17/10/2021 11:15:01,ross,GUARDA RESULTADOS,BASO=5
*************
17/10/2021 11:15:01,ross,GUARDA RESULTADOS,NEU%25=5
*************
17/10/2021 11:15:01,ross,GUARDA RESULTADOS,LYM%25=5
*************
17/10/2021 11:15:01,ross,GUARDA RESULTADOS,MON%25=5
*************
17/10/2021 11:15:01,ross,GUARDA RESULTADOS,EOS%25=5
*************
17/10/2021 11:15:01,ross,GUARDA RESULTADOS,BASO%25=5
*************
17/10/2021 11:15:01,ross,GUARDA RESULTADOS,RBC=5
*************
17/10/2021 11:15:01,ross,GUARDA RESULTADOS,HCT=5
*************
17/10/2021 11:15:01,ross,GUARDA RESULTADOS,HGB=5
*************
17/10/2021 11:15:01,ross,GUARDA RESULTADOS,MCV=6
*************
17/10/2021 11:15:01,ross,GUARDA RESULTADOS,MCH=6
*************
17/10/2021 11:15:01,ross,GUARDA RESULTADOS,MCHC=6
*************
17/10/2021 11:15:01,ross,GUARDA RESULTADOS,RDW-CV=6
*************
17/10/2021 11:15:01,ross,GUARDA RESULTADOS,RDW-SD=6
*************
17/10/2021 11:15:01,ross,GUARDA RESULTADOS,PLT=6
*************
17/10/2021 11:15:01,ross,GUARDA RESULTADOS,MPV=7
*************
17/10/2021 11:15:01,ross,GUARDA RESULTADOS,PDW=7
*************
17/10/2021 11:15:01,ross,GUARDA RESULTADOS,PCT=7
*************
17/10/2021 11:15:01,ross,GUARDA RESULTADOS,P-LCR=7
*************
17/10/2021 11:15:01,ross,GUARDA RESULTADOS,P-LCC=7
*************
17/10/2021 11:21:32,,Ingreso USUARIO,Busca tabla invitado
*************
17/10/2021 11:21:33,ross,Ingreso CONTRASEÑA,Busca tabla invitado
*************
17/10/2021 11:36:49,,Ingreso USUARIO,Busca tabla invitado
*************
17/10/2021 11:36:49,ross,Ingreso CONTRASEÑA,Busca tabla invitado
*************
17/10/2021 11:54:18,,Ingreso USUARIO,Busca tabla invitado
*************
17/10/2021 11:54:19,ross,Ingreso CONTRASEÑA,Busca tabla invitado
*************
17/10/2021 11:54:57,ross,GUARDA RESULTADOS,WBC=5
*************
17/10/2021 11:54:57,ross,GUARDA RESULTADOS,NEU=5
*************
17/10/2021 11:54:57,ross,GUARDA RESULTADOS,LYM=5
*************
17/10/2021 11:54:57,ross,GUARDA RESULTADOS,MON=5
*************
17/10/2021 11:54:57,ross,GUARDA RESULTADOS,EOS=5
*************
17/10/2021 11:54:57,ross,GUARDA RESULTADOS,BASO=5
*************
17/10/2021 11:54:57,ross,GUARDA RESULTADOS,NEU%25=5
*************
17/10/2021 11:54:57,ross,GUARDA RESULTADOS,LYM%25=5
*************
17/10/2021 11:54:57,ross,GUARDA RESULTADOS,MON%25=5
*************
17/10/2021 11:54:57,ross,GUARDA RESULTADOS,EOS%25=5
*************
17/10/2021 11:54:57,ross,GUARDA RESULTADOS,BASO%25=5
*************
17/10/2021 11:54:57,ross,GUARDA RESULTADOS,RBC=5
*************
17/10/2021 11:54:57,ross,GUARDA RESULTADOS,HCT=5
*************
17/10/2021 11:54:57,ross,GUARDA RESULTADOS,HGB=5
*************
17/10/2021 11:54:57,ross,GUARDA RESULTADOS,MCV=6
*************
17/10/2021 11:54:57,ross,GUARDA RESULTADOS,MCH=6
*************
17/10/2021 11:54:57,ross,GUARDA RESULTADOS,MCHC=6
*************
17/10/2021 11:54:57,ross,GUARDA RESULTADOS,RDW-CV=6
*************
17/10/2021 11:54:57,ross,GUARDA RESULTADOS,RDW-SD=6
*************
17/10/2021 11:54:57,ross,GUARDA RESULTADOS,PLT=6
*************
17/10/2021 11:54:57,ross,GUARDA RESULTADOS,MPV=7
*************
17/10/2021 11:54:57,ross,GUARDA RESULTADOS,PDW=7
*************
17/10/2021 11:54:57,ross,GUARDA RESULTADOS,PCT=7
*************
17/10/2021 11:54:57,ross,GUARDA RESULTADOS,P-LCR=7
*************
17/10/2021 11:54:57,ross,GUARDA RESULTADOS,P-LCC=7
*************
17/10/2021 11:58:06,ross,GUARDA RESULTADOS,WBC=5
*************
17/10/2021 11:58:06,ross,GUARDA RESULTADOS,NEU=5
*************
17/10/2021 11:58:06,ross,GUARDA RESULTADOS,LYM=5
*************
17/10/2021 11:58:06,ross,GUARDA RESULTADOS,MON=5
*************
17/10/2021 11:58:06,ross,GUARDA RESULTADOS,EOS=5
*************
17/10/2021 11:58:06,ross,GUARDA RESULTADOS,BASO=5
*************
17/10/2021 11:58:06,ross,GUARDA RESULTADOS,NEU%25=5
*************
17/10/2021 11:58:06,ross,GUARDA RESULTADOS,LYM%25=5
*************
17/10/2021 11:58:06,ross,GUARDA RESULTADOS,MON%25=5
*************
17/10/2021 11:58:06,ross,GUARDA RESULTADOS,EOS%25=5
*************
17/10/2021 11:58:06,ross,GUARDA RESULTADOS,BASO%25=5
*************
17/10/2021 11:58:06,ross,GUARDA RESULTADOS,RBC=5
*************
17/10/2021 11:58:06,ross,GUARDA RESULTADOS,HCT=5
*************
17/10/2021 11:58:06,ross,GUARDA RESULTADOS,HGB=5
*************
17/10/2021 11:58:06,ross,GUARDA RESULTADOS,MCV=6
*************
17/10/2021 11:58:06,ross,GUARDA RESULTADOS,MCH=6
*************
17/10/2021 11:58:06,ross,GUARDA RESULTADOS,MCHC=6
*************
17/10/2021 11:58:06,ross,GUARDA RESULTADOS,RDW-CV=6
*************
17/10/2021 11:58:06,ross,GUARDA RESULTADOS,RDW-SD=6
*************
17/10/2021 11:58:06,ross,GUARDA RESULTADOS,PLT=6
*************
17/10/2021 11:58:06,ross,GUARDA RESULTADOS,MPV=7
*************
17/10/2021 11:58:06,ross,GUARDA RESULTADOS,PDW=7
*************
17/10/2021 11:58:06,ross,GUARDA RESULTADOS,PCT=7
*************
17/10/2021 11:58:06,ross,GUARDA RESULTADOS,P-LCR=7
*************
17/10/2021 11:58:06,ross,GUARDA RESULTADOS,P-LCC=7
*************
17/10/2021 11:58:28,ross,01 GENERAR ORDEN  NORMAL EXAMENES: 400101,400149,,PEDIDO=42
*************
17/10/2021 11:58:28,ross,02 IMPRIMIR COD BARRAS,PEDIDO=42
*************
17/10/2021 12:00:15,ross,GUARDA RESULTADOS,WBCH=8
*************
17/10/2021 12:00:42,ross,GUARDA RESULTADOS,NEUH=8
*************
17/10/2021 12:00:52,ross,GUARDA RESULTADOS,LYMH=8
*************
17/10/2021 12:02:02,ross,GUARDA RESULTADOS,MONH=8
*************
17/10/2021 12:02:19,ross,GUARDA RESULTADOS,EOSH=8
*************
17/10/2021 12:02:42,ross,GUARDA RESULTADOS,BASOH=8
*************
17/10/2021 12:02:43,ross,GUARDA RESULTADOS,NEU%25H=8
*************
17/10/2021 12:02:44,ross,GUARDA RESULTADOS,LYM%25H=8
*************
17/10/2021 12:02:45,ross,GUARDA RESULTADOS,MON%25H=8
*************
17/10/2021 12:02:45,ross,GUARDA RESULTADOS,EOS%25H=8
*************
17/10/2021 12:02:46,ross,GUARDA RESULTADOS,BASO%25H=8
*************
17/10/2021 12:02:47,ross,GUARDA RESULTADOS,RBCH=8
*************
17/10/2021 12:02:48,ross,GUARDA RESULTADOS,HCTH=8
*************
17/10/2021 12:02:48,ross,GUARDA RESULTADOS,HGBH=9
*************
17/10/2021 12:02:48,ross,GUARDA RESULTADOS,MCVH=9
*************
17/10/2021 12:02:48,ross,GUARDA RESULTADOS,MCHH=9
*************
17/10/2021 12:02:49,ross,GUARDA RESULTADOS,MCHCH=9
*************
17/10/2021 12:02:49,ross,GUARDA RESULTADOS,RDW-CVH=9
*************
17/10/2021 12:02:50,ross,GUARDA RESULTADOS,RDW-SDH=9
*************
17/10/2021 12:02:50,ross,GUARDA RESULTADOS,PLTH=9
*************
17/10/2021 12:02:50,ross,GUARDA RESULTADOS,MPVH=9
*************
17/10/2021 12:02:53,ross,GUARDA RESULTADOS,PDWH=9
*************
17/10/2021 12:02:55,ross,GUARDA RESULTADOS,PCTH=9
*************
17/10/2021 12:02:55,ross,GUARDA RESULTADOS,P-LCRH=9
*************
17/10/2021 12:02:57,ross,GUARDA RESULTADOS,P-LCCH=9
*************
17/10/2021 12:07:02,,Ingreso USUARIO,Busca tabla invitado
*************
17/10/2021 12:07:03,ross,Ingreso CONTRASEÑA,Busca tabla invitado
*************
17/10/2021 12:07:26,ross,GUARDA RESULTADOS,WBCH=8
*************
17/10/2021 12:07:27,ross,GUARDA RESULTADOS,NEUH=8
*************
17/10/2021 12:07:28,ross,GUARDA RESULTADOS,LYMH=8
*************
17/10/2021 12:07:30,ross,GUARDA RESULTADOS,MONH=8
*************
17/10/2021 12:07:30,ross,GUARDA RESULTADOS,EOSH=8
*************
17/10/2021 12:07:30,ross,GUARDA RESULTADOS,BASOH=8
*************
17/10/2021 12:07:30,ross,GUARDA RESULTADOS,NEU%25H=8
*************
17/10/2021 12:07:30,ross,GUARDA RESULTADOS,LYM%25H=8
*************
17/10/2021 12:07:30,ross,GUARDA RESULTADOS,MON%25H=8
*************
17/10/2021 12:07:30,ross,GUARDA RESULTADOS,EOS%25H=8
*************
17/10/2021 12:07:30,ross,GUARDA RESULTADOS,BASO%25H=8
*************
17/10/2021 12:07:30,ross,GUARDA RESULTADOS,RBCH=8
*************
17/10/2021 12:07:30,ross,GUARDA RESULTADOS,HCTH=8
*************
17/10/2021 12:07:30,ross,GUARDA RESULTADOS,HGBH=9
*************
17/10/2021 12:07:30,ross,GUARDA RESULTADOS,MCVH=9
*************
17/10/2021 12:07:30,ross,GUARDA RESULTADOS,MCHH=9
*************
17/10/2021 12:07:30,ross,GUARDA RESULTADOS,MCHCH=9
*************
17/10/2021 12:07:30,ross,GUARDA RESULTADOS,RDW-CVH=9
*************
17/10/2021 12:07:30,ross,GUARDA RESULTADOS,RDW-SDH=9
*************
17/10/2021 12:07:30,ross,GUARDA RESULTADOS,PLTH=9
*************
17/10/2021 12:07:30,ross,GUARDA RESULTADOS,MPVH=9
*************
17/10/2021 12:07:30,ross,GUARDA RESULTADOS,PDWH=9
*************
17/10/2021 12:07:30,ross,GUARDA RESULTADOS,PCTH=9
*************
17/10/2021 12:07:30,ross,GUARDA RESULTADOS,P-LCRH=9
*************
17/10/2021 12:07:30,ross,GUARDA RESULTADOS,P-LCCH=9
*************
17/10/2021 12:09:53,ross,GUARDA RESULTADOS,WBC=5
*************
17/10/2021 12:09:53,ross,GUARDA RESULTADOS,NEU=5
*************
17/10/2021 12:09:53,ross,GUARDA RESULTADOS,LYM=5
*************
17/10/2021 12:09:54,ross,GUARDA RESULTADOS,MON=5
*************
17/10/2021 12:09:55,ross,GUARDA RESULTADOS,EOS=5
*************
17/10/2021 12:09:55,ross,GUARDA RESULTADOS,BASO=5
*************
17/10/2021 12:09:56,ross,GUARDA RESULTADOS,NEU%25=5
*************
17/10/2021 12:09:56,ross,GUARDA RESULTADOS,LYM%25=5
*************
17/10/2021 12:09:56,ross,GUARDA RESULTADOS,MON%25=5
*************
17/10/2021 12:09:56,ross,GUARDA RESULTADOS,EOS%25=5
*************
17/10/2021 12:09:56,ross,GUARDA RESULTADOS,BASO%25=5
*************
17/10/2021 12:09:56,ross,GUARDA RESULTADOS,RBC=5
*************
17/10/2021 12:09:56,ross,GUARDA RESULTADOS,HCT=5
*************
17/10/2021 12:09:56,ross,GUARDA RESULTADOS,HGB=5
*************
17/10/2021 12:09:56,ross,GUARDA RESULTADOS,MCV=6
*************
17/10/2021 12:09:56,ross,GUARDA RESULTADOS,MCH=6
*************
17/10/2021 12:09:56,ross,GUARDA RESULTADOS,MCHC=6
*************
17/10/2021 12:09:56,ross,GUARDA RESULTADOS,RDW-CV=6
*************
17/10/2021 12:09:56,ross,GUARDA RESULTADOS,RDW-SD=6
*************
17/10/2021 12:09:56,ross,GUARDA RESULTADOS,PLT=6
*************
17/10/2021 12:09:56,ross,GUARDA RESULTADOS,MPV=7
*************
17/10/2021 12:09:56,ross,GUARDA RESULTADOS,PDW=7
*************
17/10/2021 12:09:57,ross,GUARDA RESULTADOS,PCT=7
*************
17/10/2021 12:09:57,ross,GUARDA RESULTADOS,P-LCR=7
*************
17/10/2021 12:09:57,ross,GUARDA RESULTADOS,P-LCC=7
*************
17/10/2021 13:16:20,,Ingreso USUARIO,Busca tabla invitado
*************
17/10/2021 13:16:21,ross,Ingreso CONTRASEÑA,Busca tabla invitado
*************
17/10/2021 14:26:50,,Ingreso USUARIO,Busca tabla invitado
*************
17/10/2021 14:26:51,ross,Ingreso CONTRASEÑA,Busca tabla invitado
*************
17/10/2021 14:28:23,ross,GUARDA RESULTADOS,WBCH=8
*************
17/10/2021 14:29:19,ross,GUARDA RESULTADOS,NEUH=8
*************
17/10/2021 14:29:36,ross,GUARDA RESULTADOS,LYMH=8
*************
17/10/2021 14:29:36,ross,GUARDA RESULTADOS,MONH=8
*************
17/10/2021 14:29:36,ross,GUARDA RESULTADOS,EOSH=8
*************
17/10/2021 14:29:36,ross,GUARDA RESULTADOS,BASOH=8
*************
17/10/2021 14:29:36,ross,GUARDA RESULTADOS,NEU%25H=8
*************
17/10/2021 14:29:36,ross,GUARDA RESULTADOS,LYM%25H=8
*************
17/10/2021 14:29:36,ross,GUARDA RESULTADOS,MON%25H=8
*************
17/10/2021 14:29:36,ross,GUARDA RESULTADOS,EOS%25H=8
*************
17/10/2021 14:29:36,ross,GUARDA RESULTADOS,BASO%25H=8
*************
17/10/2021 14:29:36,ross,GUARDA RESULTADOS,RBCH=8
*************
17/10/2021 14:29:36,ross,GUARDA RESULTADOS,HCTH=8
*************
17/10/2021 14:29:36,ross,GUARDA RESULTADOS,HGBH=9
*************
17/10/2021 14:29:36,ross,GUARDA RESULTADOS,MCVH=9
*************
17/10/2021 14:29:36,ross,GUARDA RESULTADOS,MCHH=9
*************
17/10/2021 14:29:36,ross,GUARDA RESULTADOS,MCHCH=9
*************
17/10/2021 14:29:36,ross,GUARDA RESULTADOS,RDW-CVH=9
*************
17/10/2021 14:29:36,ross,GUARDA RESULTADOS,RDW-SDH=9
*************
17/10/2021 14:29:36,ross,GUARDA RESULTADOS,PLTH=9
*************
17/10/2021 14:29:36,ross,GUARDA RESULTADOS,MPVH=9
*************
17/10/2021 14:29:36,ross,GUARDA RESULTADOS,PDWH=9
*************
17/10/2021 14:29:36,ross,GUARDA RESULTADOS,PCTH=9
*************
17/10/2021 14:29:36,ross,GUARDA RESULTADOS,P-LCRH=9
*************
17/10/2021 14:29:36,ross,GUARDA RESULTADOS,P-LCCH=9
*************
17/10/2021 20:20:47,,Ingreso USUARIO,Busca tabla invitado
*************
17/10/2021 20:20:48,ross,Ingreso CONTRASEÑA,Busca tabla invitado
*************
17/10/2021 20:21:38,ross,GUARDA RESULTADOS,WBCH=8
*************
17/10/2021 20:21:50,ross,GUARDA RESULTADOS,NEUH=8
*************
17/10/2021 20:22:09,ross,GUARDA RESULTADOS,LYMH=8
*************
17/10/2021 20:22:31,ross,GUARDA RESULTADOS,MONH=8
*************
17/10/2021 20:22:31,ross,GUARDA RESULTADOS,EOSH=8
*************
17/10/2021 20:22:31,ross,GUARDA RESULTADOS,BASOH=8
*************
17/10/2021 20:22:31,ross,GUARDA RESULTADOS,NEU%25H=8
*************
17/10/2021 20:22:31,ross,GUARDA RESULTADOS,LYM%25H=8
*************
17/10/2021 20:22:31,ross,GUARDA RESULTADOS,MON%25H=8
*************
17/10/2021 20:22:31,ross,GUARDA RESULTADOS,EOS%25H=8
*************
17/10/2021 20:22:31,ross,GUARDA RESULTADOS,BASO%25H=8
*************
17/10/2021 20:22:31,ross,GUARDA RESULTADOS,RBCH=8
*************
17/10/2021 20:22:31,ross,GUARDA RESULTADOS,HCTH=8
*************
17/10/2021 20:22:31,ross,GUARDA RESULTADOS,HGBH=9
*************
17/10/2021 20:22:31,ross,GUARDA RESULTADOS,MCVH=9
*************
17/10/2021 20:22:31,ross,GUARDA RESULTADOS,MCHH=9
*************
17/10/2021 20:22:31,ross,GUARDA RESULTADOS,MCHCH=9
*************
17/10/2021 20:22:31,ross,GUARDA RESULTADOS,RDW-CVH=9
*************
17/10/2021 20:22:32,ross,GUARDA RESULTADOS,RDW-SDH=9
*************
17/10/2021 20:22:32,ross,GUARDA RESULTADOS,PLTH=9
*************
17/10/2021 20:22:32,ross,GUARDA RESULTADOS,MPVH=9
*************
17/10/2021 20:22:32,ross,GUARDA RESULTADOS,PDWH=9
*************
17/10/2021 20:22:32,ross,GUARDA RESULTADOS,PCTH=9
*************
17/10/2021 20:22:32,ross,GUARDA RESULTADOS,P-LCRH=9
*************
17/10/2021 20:22:32,ross,GUARDA RESULTADOS,P-LCCH=9
*************
17/10/2021 20:25:23,ross,01 GENERAR ORDEN  NORMAL EXAMENES: 400101,401104,,PEDIDO=43
*************
17/10/2021 20:25:23,ross,02 IMPRIMIR COD BARRAS,PEDIDO=43
*************
17/10/2021 20:28:21,ross,GUARDA RESULTADOS,WBC=5
*************
17/10/2021 20:28:29,ross,GUARDA RESULTADOS,NEU=5
*************
17/10/2021 20:28:37,ross,GUARDA RESULTADOS,LYM=5
*************
17/10/2021 20:28:37,ross,GUARDA RESULTADOS,MON=5
*************
17/10/2021 20:28:37,ross,GUARDA RESULTADOS,EOS=5
*************
17/10/2021 20:28:37,ross,GUARDA RESULTADOS,BASO=5
*************
17/10/2021 20:28:37,ross,GUARDA RESULTADOS,NEU%25=5
*************
17/10/2021 20:28:37,ross,GUARDA RESULTADOS,LYM%25=5
*************
17/10/2021 20:28:37,ross,GUARDA RESULTADOS,MON%25=5
*************
17/10/2021 20:28:37,ross,GUARDA RESULTADOS,EOS%25=5
*************
17/10/2021 20:28:37,ross,GUARDA RESULTADOS,BASO%25=5
*************
17/10/2021 20:28:37,ross,GUARDA RESULTADOS,RBC=5
*************
17/10/2021 20:28:37,ross,GUARDA RESULTADOS,HCT=5
*************
17/10/2021 20:28:38,ross,GUARDA RESULTADOS,HGB=5
*************
17/10/2021 20:28:38,ross,GUARDA RESULTADOS,MCV=5
*************
17/10/2021 20:28:38,ross,GUARDA RESULTADOS,MCH=5
*************
17/10/2021 20:28:38,ross,GUARDA RESULTADOS,MCHC=5
*************
17/10/2021 20:28:38,ross,GUARDA RESULTADOS,RDW-CV=5
*************
17/10/2021 20:28:38,ross,GUARDA RESULTADOS,RDW-SD=5
*************
17/10/2021 20:28:38,ross,GUARDA RESULTADOS,PLT=5
*************
17/10/2021 20:28:38,ross,GUARDA RESULTADOS,MPV=5
*************
17/10/2021 20:28:38,ross,GUARDA RESULTADOS,PDW=5
*************
17/10/2021 20:28:38,ross,GUARDA RESULTADOS,PCT=5
*************
17/10/2021 20:28:38,ross,GUARDA RESULTADOS,P-LCR=5
*************
17/10/2021 20:28:38,ross,GUARDA RESULTADOS,P-LCC=5
*************
17/10/2021 20:37:17,,Ingreso USUARIO,Busca tabla invitado
*************
17/10/2021 20:37:18,ross,Ingreso CONTRASEÑA,Busca tabla invitado
*************
17/10/2021 20:39:59,ross,GUARDA RESULTADOS,WBC=5
*************
17/10/2021 20:39:59,ross,GUARDA RESULTADOS,NEU=5
*************
17/10/2021 20:39:59,ross,GUARDA RESULTADOS,LYM=5
*************
17/10/2021 20:39:59,ross,GUARDA RESULTADOS,MON=5
*************
17/10/2021 20:39:59,ross,GUARDA RESULTADOS,EOS=5
*************
17/10/2021 20:39:59,ross,GUARDA RESULTADOS,BASO=5
*************
17/10/2021 20:40:00,ross,GUARDA RESULTADOS,NEU%25=5
*************
17/10/2021 20:40:00,ross,GUARDA RESULTADOS,LYM%25=5
*************
17/10/2021 20:40:00,ross,GUARDA RESULTADOS,MON%25=5
*************
17/10/2021 20:40:00,ross,GUARDA RESULTADOS,EOS%25=5
*************
17/10/2021 20:40:00,ross,GUARDA RESULTADOS,BASO%25=5
*************
17/10/2021 20:40:00,ross,GUARDA RESULTADOS,RBC=5
*************
17/10/2021 20:40:00,ross,GUARDA RESULTADOS,HCT=5
*************
17/10/2021 20:40:00,ross,GUARDA RESULTADOS,HGB=5
*************
17/10/2021 20:40:00,ross,GUARDA RESULTADOS,MCV=5
*************
17/10/2021 20:40:00,ross,GUARDA RESULTADOS,MCH=5
*************
17/10/2021 20:40:00,ross,GUARDA RESULTADOS,MCHC=5
*************
17/10/2021 20:40:00,ross,GUARDA RESULTADOS,RDW-CV=5
*************
17/10/2021 20:40:00,ross,GUARDA RESULTADOS,RDW-SD=5
*************
17/10/2021 20:40:00,ross,GUARDA RESULTADOS,PLT=5
*************
17/10/2021 20:40:00,ross,GUARDA RESULTADOS,MPV=5
*************
17/10/2021 20:40:00,ross,GUARDA RESULTADOS,PDW=5
*************
17/10/2021 20:40:00,ross,GUARDA RESULTADOS,PCT=5
*************
17/10/2021 20:40:00,ross,GUARDA RESULTADOS,P-LCR=5
*************
17/10/2021 20:40:00,ross,GUARDA RESULTADOS,P-LCC=5
*************
17/10/2021 20:49:40,,Ingreso USUARIO,Busca tabla invitado
*************
17/10/2021 20:49:42,ross,Ingreso CONTRASEÑA,Busca tabla invitado
*************
17/10/2021 20:50:10,ross,GUARDA RESULTADOS,WBC=5
*************
17/10/2021 20:50:10,ross,GUARDA RESULTADOS,NEU=5
*************
17/10/2021 20:50:10,ross,GUARDA RESULTADOS,LYM=5
*************
17/10/2021 20:50:10,ross,GUARDA RESULTADOS,MON=5
*************
17/10/2021 20:50:10,ross,GUARDA RESULTADOS,EOS=5
*************
17/10/2021 20:50:10,ross,GUARDA RESULTADOS,BASO=5
*************
17/10/2021 20:50:10,ross,GUARDA RESULTADOS,NEU%25=5
*************
17/10/2021 20:50:10,ross,GUARDA RESULTADOS,LYM%25=5
*************
17/10/2021 20:50:10,ross,GUARDA RESULTADOS,MON%25=5
*************
17/10/2021 20:50:10,ross,GUARDA RESULTADOS,EOS%25=5
*************
17/10/2021 20:50:10,ross,GUARDA RESULTADOS,BASO%25=5
*************
17/10/2021 20:50:10,ross,GUARDA RESULTADOS,RBC=5
*************
17/10/2021 20:50:10,ross,GUARDA RESULTADOS,HCT=5
*************
17/10/2021 20:50:10,ross,GUARDA RESULTADOS,HGB=5
*************
17/10/2021 20:50:10,ross,GUARDA RESULTADOS,MCV=5
*************
17/10/2021 20:50:10,ross,GUARDA RESULTADOS,MCH=5
*************
17/10/2021 20:50:10,ross,GUARDA RESULTADOS,MCHC=5
*************
17/10/2021 20:50:10,ross,GUARDA RESULTADOS,RDW-CV=5
*************
17/10/2021 20:50:10,ross,GUARDA RESULTADOS,RDW-SD=5
*************
17/10/2021 20:50:10,ross,GUARDA RESULTADOS,PLT=5
*************
17/10/2021 20:50:10,ross,GUARDA RESULTADOS,MPV=5
*************
17/10/2021 20:50:10,ross,GUARDA RESULTADOS,PDW=5
*************
17/10/2021 20:50:10,ross,GUARDA RESULTADOS,PCT=5
*************
17/10/2021 20:50:10,ross,GUARDA RESULTADOS,P-LCR=5
*************
17/10/2021 20:50:10,ross,GUARDA RESULTADOS,P-LCC=5
*************
17/10/2021 20:50:36,ross,GUARDA RESULTADOS,BHH=
*************
18/10/2021 9:42:21,,Ingreso USUARIO,Busca tabla invitado
*************
18/10/2021 9:42:22,ross,Ingreso CONTRASEÑA,Busca tabla invitado
*************
18/10/2021 10:28:56,,Ingreso USUARIO,Busca tabla invitado
*************
18/10/2021 10:28:57,ross,Ingreso CONTRASEÑA,Busca tabla invitado
*************
18/10/2021 10:29:30,ross,GUARDA RESULTADOS,WBC=5
*************
18/10/2021 10:29:30,ross,GUARDA RESULTADOS,NEU=5
*************
18/10/2021 10:29:30,ross,GUARDA RESULTADOS,LYM=5
*************
18/10/2021 10:29:30,ross,GUARDA RESULTADOS,MON=5
*************
18/10/2021 10:29:30,ross,GUARDA RESULTADOS,EOS=5
*************
18/10/2021 10:29:30,ross,GUARDA RESULTADOS,BASO=5
*************
18/10/2021 10:29:30,ross,GUARDA RESULTADOS,NEU%25=5
*************
18/10/2021 10:29:30,ross,GUARDA RESULTADOS,LYM%25=5
*************
18/10/2021 10:29:30,ross,GUARDA RESULTADOS,MON%25=5
*************
18/10/2021 10:29:30,ross,GUARDA RESULTADOS,EOS%25=5
*************
18/10/2021 10:29:30,ross,GUARDA RESULTADOS,BASO%25=5
*************
18/10/2021 10:29:30,ross,GUARDA RESULTADOS,RBC=5
*************
18/10/2021 10:29:30,ross,GUARDA RESULTADOS,HCT=5
*************
18/10/2021 10:29:30,ross,GUARDA RESULTADOS,HGB=5
*************
18/10/2021 10:29:30,ross,GUARDA RESULTADOS,MCV=5
*************
18/10/2021 10:29:30,ross,GUARDA RESULTADOS,MCH=5
*************
18/10/2021 10:29:31,ross,GUARDA RESULTADOS,MCHC=5
*************
18/10/2021 10:29:31,ross,GUARDA RESULTADOS,RDW-CV=5
*************
18/10/2021 10:29:31,ross,GUARDA RESULTADOS,RDW-SD=5
*************
18/10/2021 10:29:31,ross,GUARDA RESULTADOS,PLT=5
*************
18/10/2021 10:29:31,ross,GUARDA RESULTADOS,MPV=5
*************
18/10/2021 10:29:31,ross,GUARDA RESULTADOS,PDW=5
*************
18/10/2021 10:29:31,ross,GUARDA RESULTADOS,PCT=5
*************
18/10/2021 10:29:31,ross,GUARDA RESULTADOS,P-LCR=5
*************
18/10/2021 10:29:31,ross,GUARDA RESULTADOS,P-LCC=5
*************
18/10/2021 10:29:33,ross,GUARDA RESULTADOS,BHH=
*************
18/10/2021 10:35:04,ross,VALIDACION RESULTADO,PEDIDO=43/401104
*************
19/10/2021 6:46:56,,Ingreso USUARIO,Busca tabla invitado
*************
19/10/2021 6:46:56,ross,Ingreso CONTRASEÑA,Busca tabla invitado
*************
21/10/2021 7:59:59,,Ingreso USUARIO,Busca tabla invitado
*************
21/10/2021 7:59:59,ross,Ingreso CONTRASEÑA,Busca tabla invitado
*************
21/10/2021 8:00:45,ross,01 GENERAR ORDEN  NORMAL EXAMENES: 400151,,PEDIDO=44
*************
21/10/2021 8:00:46,ross,02 IMPRIMIR COD BARRAS,PEDIDO=44
*************
21/10/2021 8:01:25,ross,01 GENERAR ORDEN  NORMAL EXAMENES: 400149,,PEDIDO=45
*************
21/10/2021 8:01:25,ross,02 IMPRIMIR COD BARRAS,PEDIDO=45
*************
21/10/2021 8:01:47,ross,01 GENERAR ORDEN  NORMAL EXAMENES: 401104,,PEDIDO=46
*************
21/10/2021 8:01:47,ross,02 IMPRIMIR COD BARRAS,PEDIDO=46
*************
21/10/2021 8:02:57,ross,Actualiza FACTURA,FACTURA=2
*************
21/10/2021 8:02:57,ross,Ingresa FACTURA,FACTURA=2
*************
21/10/2021 8:02:58,ross,Insertar abono,Factura=2 Abono= 4
*************
21/10/2021 8:02:58,ross,Cancela FACTURA,FACTURA=2
*************
21/10/2021 8:03:11,ross,Actualiza FACTURA,FACTURA=3
*************
21/10/2021 8:03:11,ross,Ingresa FACTURA,FACTURA=3
*************
21/10/2021 8:03:11,ross,Insertar abono,Factura=3 Abono= 1
*************
21/10/2021 8:03:11,ross,Actualiza FACTURA,FACTURA=3/1
*************
21/10/2021 8:09:28,,Ingreso USUARIO,Busca tabla invitado
*************
21/10/2021 8:09:30,ross,Ingreso CONTRASEÑA,Busca tabla invitado
*************
21/10/2021 8:10:20,ross,Insertar abono,Factura=4 Abono= 0
*************
21/10/2021 8:10:20,ross,Pendiente FACTURA,FACTURA=4
*************
21/10/2021 8:30:16,,Ingreso USUARIO,Busca tabla invitado
*************
21/10/2021 8:30:17,ross,Ingreso CONTRASEÑA,Busca tabla invitado
*************
21/10/2021 8:30:52,ross,01 GENERAR ORDEN  NORMAL EXAMENES: 400149,400150,400476,400151,400101,401141,,PEDIDO=47
*************
21/10/2021 8:30:52,ross,02 IMPRIMIR COD BARRAS,PEDIDO=47
*************
21/10/2021 8:38:37,,Ingreso USUARIO,Busca tabla invitado
*************
21/10/2021 8:38:38,ross,Ingreso CONTRASEÑA,Busca tabla invitado
*************
21/10/2021 8:43:00,,Ingreso USUARIO,Busca tabla invitado
*************
21/10/2021 8:43:00,ross,Ingreso CONTRASEÑA,Busca tabla invitado
*************
21/10/2021 8:59:29,,Ingreso USUARIO,Busca tabla invitado
*************
21/10/2021 8:59:30,ross,Ingreso CONTRASEÑA,Busca tabla invitado
*************
21/10/2021 9:00:39,ross,01 GENERAR ORDEN  NORMAL EXAMENES: 400151,,PEDIDO=48
*************
21/10/2021 9:00:40,ross,02 IMPRIMIR COD BARRAS,PEDIDO=48
*************
21/10/2021 9:09:53,,Ingreso USUARIO,Busca tabla invitado
*************
21/10/2021 9:09:53,ross,Ingreso CONTRASEÑA,Busca tabla invitado
*************
21/10/2021 9:10:20,ross,Actualiza FACTURA,FACTURA=4
*************
21/10/2021 9:10:20,ross,Ingresa FACTURA,FACTURA=4
*************
21/10/2021 9:10:29,ross,Insertar abono,Factura=4 Abono= 19.5
*************
21/10/2021 9:10:29,ross,Cancela FACTURA,FACTURA=4
*************
21/10/2021 9:14:25,ross,Actualiza FACTURA,FACTURA=5
*************
21/10/2021 9:14:25,ross,Ingresa FACTURA,FACTURA=5
*************
21/10/2021 9:14:25,ross,Insertar abono,Factura=5 Abono= 1
*************
21/10/2021 9:14:25,ross,Actualiza FACTURA,FACTURA=5/1
*************
21/10/2021 9:17:44,ross,01 GENERAR ORDEN  NORMAL EXAMENES: 400524,400191,400836,400197,,PEDIDO=49
*************
21/10/2021 9:17:44,ross,02 IMPRIMIR COD BARRAS,PEDIDO=49
*************
21/10/2021 9:21:54,,Ingreso USUARIO,Busca tabla invitado
*************
21/10/2021 9:21:54,ross,Ingreso CONTRASEÑA,Busca tabla invitado
*************
21/10/2021 10:23:23,,Ingreso USUARIO,Busca tabla invitado
*************
21/10/2021 10:23:23,ross,Ingreso CONTRASEÑA,Busca tabla invitado
*************
21/10/2021 18:54:55,,Ingreso USUARIO,Busca tabla invitado
*************
21/10/2021 18:54:57,ross,Ingreso CONTRASEÑA,Busca tabla invitado
*************
21/10/2021 18:56:01,ross,01 GENERAR ORDEN  NOCHES EXAMENES: 400185,400186,400149,400141,401104,400150,400140,,PEDIDO=50
*************
21/10/2021 18:56:02,ross,02 IMPRIMIR COD BARRAS,PEDIDO=50
*************
26/10/2021 16:23:51,,Ingreso USUARIO,Busca tabla invitado
*************
26/10/2021 16:23:52,ross,Ingreso CONTRASEÑA,Busca tabla invitado
*************
26/10/2021 16:24:53,ross,01 GENERAR ORDEN  NORMAL EXAMENES: 401104,400141,400185,400186,400153,400296,400292,400140,,PEDIDO=51
*************
26/10/2021 16:24:54,ross,02 IMPRIMIR COD BARRAS,PEDIDO=51
*************
29/10/2021 13:50:42,,Ingreso USUARIO,Busca tabla invitado
*************
29/10/2021 13:50:45,ross,Ingreso CONTRASEÑA,Busca tabla invitado
*************
29/10/2021 14:21:50,,Ingreso USUARIO,Busca tabla invitado
*************
29/10/2021 14:21:50,ross,Ingreso CONTRASEÑA,Busca tabla invitado
*************
29/10/2021 14:22:34,ross,IMPRIME POR AREA,PEDIDO=29
*************
29/10/2021 14:26:32,,Ingreso USUARIO,Busca tabla invitado
*************
29/10/2021 14:26:34,ross,Ingreso CONTRASEÑA,Busca tabla invitado
*************
29/10/2021 14:27:06,ross,Actualiza Test,Test=INMUNOFENOTIPO
*************
29/10/2021 14:27:32,ross,Actualiza Test,Test=MUESTRA
*************
29/10/2021 14:29:49,ross,Actualiza Test,Test=INMUNOFENOTIPO
*************
29/10/2021 14:30:10,ross,Actualiza Test,Test=MUESTRA ANALIZADA
*************
29/10/2021 14:30:41,ross,Actualiza Test,Test=VALOR REFERENCIAL
*************
29/10/2021 14:31:05,ross,Actualiza Test,Test=TECNICA
*************
29/10/2021 14:43:36,,Ingreso USUARIO,Busca tabla invitado
*************
29/10/2021 14:43:36,ross,Ingreso CONTRASEÑA,Busca tabla invitado
*************
29/10/2021 14:43:51,ross,IMPRIME POR AREA,PEDIDO=29
*************
29/10/2021 14:44:15,ross,IMPRIME TODO,PEDIDO=29
*************
29/10/2021 14:45:01,ross,IMPRIME POR AREA,PEDIDO=29
*************
29/10/2021 14:51:29,,Ingreso USUARIO,Busca tabla invitado
*************
29/10/2021 14:51:30,ross,Ingreso CONTRASEÑA,Busca tabla invitado
*************
29/10/2021 14:51:44,ross,IMPRIME POR AREA,PEDIDO=29
*************
29/10/2021 14:53:09,,Ingreso USUARIO,Busca tabla invitado
*************
29/10/2021 14:53:09,ross,Ingreso CONTRASEÑA,Busca tabla invitado
*************
29/10/2021 14:53:18,ross,IMPRIME POR AREA,PEDIDO=30
*************
29/10/2021 14:55:25,,Ingreso USUARIO,Busca tabla invitado
*************
29/10/2021 14:55:26,ross,Ingreso CONTRASEÑA,Busca tabla invitado
*************
29/10/2021 14:55:36,ross,IMPRIME POR AREA,PEDIDO=29
*************
29/10/2021 14:57:32,ross,IMPRIME POR AREA,PEDIDO=29
*************
29/10/2021 14:58:20,,Ingreso USUARIO,Busca tabla invitado
*************
29/10/2021 14:58:21,ross,Ingreso CONTRASEÑA,Busca tabla invitado
*************
29/10/2021 14:58:32,ross,IMPRIME POR AREA,PEDIDO=29
*************
29/10/2021 15:00:45,,Ingreso USUARIO,Busca tabla invitado
*************
29/10/2021 15:00:45,ross,Ingreso CONTRASEÑA,Busca tabla invitado
*************
29/10/2021 15:00:55,ross,IMPRIME POR AREA,PEDIDO=29
*************
29/10/2021 15:01:15,ross,IMPRIME POR AREA,PEDIDO=30
*************
29/10/2021 15:03:08,,Ingreso USUARIO,Busca tabla invitado
*************
29/10/2021 15:03:09,ross,Ingreso CONTRASEÑA,Busca tabla invitado
*************
29/10/2021 15:04:35,ross,IMPRIME POR AREA,PEDIDO=29
*************
29/10/2021 15:07:08,,Ingreso USUARIO,Busca tabla invitado
*************
29/10/2021 15:07:08,ross,Ingreso CONTRASEÑA,Busca tabla invitado
*************
29/10/2021 15:07:20,ross,IMPRIME POR AREA,PEDIDO=29
*************
29/10/2021 15:09:06,,Ingreso USUARIO,Busca tabla invitado
*************
29/10/2021 15:09:07,ross,Ingreso CONTRASEÑA,Busca tabla invitado
*************
29/10/2021 15:09:19,ross,IMPRIME POR AREA,PEDIDO=29
*************
29/10/2021 15:09:32,ross,IMPRIME POR AREA,PEDIDO=30
*************
29/10/2021 15:12:01,,Ingreso USUARIO,Busca tabla invitado
*************
29/10/2021 15:12:02,ross,Ingreso CONTRASEÑA,Busca tabla invitado
*************
29/10/2021 15:12:11,ross,IMPRIME POR AREA,PEDIDO=29
*************
29/10/2021 15:12:29,ross,IMPRIME POR AREA,PEDIDO=30
*************
29/10/2021 15:15:32,,Ingreso USUARIO,Busca tabla invitado
*************
29/10/2021 15:15:33,,Ingreso CONTRASEÑA FALLIDO,
*************
29/10/2021 15:15:33,,Ingreso CONTRASEÑA,Busca tabla invitado
*************
29/10/2021 15:15:35,ross,Ingreso CONTRASEÑA,Busca tabla invitado
*************
29/10/2021 15:15:44,ross,IMPRIME POR AREA,PEDIDO=29
*************
29/10/2021 15:15:57,ross,IMPRIME POR AREA,PEDIDO=30
*************
29/10/2021 15:16:16,ross,IMPRIME POR AREA,PEDIDO=31
*************
29/10/2021 15:16:46,ross,IMPRIME POR AREA,PEDIDO=32
*************
29/10/2021 15:16:59,ross,IMPRIME POR AREA,PEDIDO=29
*************
29/10/2021 15:17:15,ross,IMPRIME POR AREA,PEDIDO=30
*************
29/10/2021 15:18:58,,Ingreso USUARIO,Busca tabla invitado
*************
29/10/2021 15:18:59,ross,Ingreso CONTRASEÑA,Busca tabla invitado
*************
29/10/2021 15:19:09,ross,IMPRIME POR AREA,PEDIDO=29
*************
29/10/2021 15:19:24,ross,IMPRIME POR AREA,PEDIDO=30
*************
29/10/2021 15:20:31,,Ingreso USUARIO,Busca tabla invitado
*************
29/10/2021 15:20:32,ross,Ingreso CONTRASEÑA,Busca tabla invitado
*************
29/10/2021 15:20:39,ross,IMPRIME POR AREA,PEDIDO=29
*************
29/10/2021 15:23:27,,Ingreso USUARIO,Busca tabla invitado
*************
29/10/2021 15:23:27,ross,Ingreso CONTRASEÑA,Busca tabla invitado
*************
29/10/2021 15:23:37,ross,IMPRIME POR AREA,PEDIDO=29
*************
29/10/2021 15:24:02,ross,IMPRIME POR AREA,PEDIDO=30
*************
29/10/2021 15:24:46,ross,IMPRIME POR AREA,PEDIDO=31
*************
29/10/2021 15:25:41,ross,Actualiza Test,Test=MUESTRA
*************
29/10/2021 15:26:00,ross,Actualiza Test,Test=TECNICA
*************
29/10/2021 15:28:20,ross,Actualiza Test,Test=VALOR REFERENCIAL
*************
29/10/2021 15:28:40,ross,Actualiza Test,Test=MUESTRA ANALIZADA
*************
29/10/2021 15:29:00,ross,IMPRIME POR AREA,PEDIDO=31
*************
29/10/2021 15:30:00,ross,IMPRIME POR AREA,PEDIDO=32
*************
29/10/2021 15:32:02,ross,Actualiza Test,Test=VALOR DE REFERENCIA
*************
29/10/2021 15:32:58,ross,Actualiza Test,Test=MUESTRA
*************
29/10/2021 15:33:39,ross,Actualiza Test,Test=AC. ANTI MÚSCULO LISO
*************
29/10/2021 15:34:17,ross,Actualiza Test,Test=TECNICA
*************
29/10/2021 15:34:41,ross,Actualiza Test,Test=VALOR DE REFERENCIA
*************
29/10/2021 15:35:04,ross,Actualiza Test,Test=RESULTADO
*************
29/10/2021 15:35:38,ross,IMPRIME POR AREA,PEDIDO=32
*************
31/10/2021 15:26:41,,Ingreso USUARIO,Busca tabla invitado
*************
31/10/2021 15:26:42,ross,Ingreso CONTRASEÑA,Busca tabla invitado
*************
31/10/2021 15:26:59,ross,01 GENERAR ORDEN  NORMAL EXAMENES: 400151,,PEDIDO=32
*************
31/10/2021 15:27:00,ross,02 IMPRIMIR COD BARRAS,PEDIDO=32
*************
31/10/2021 15:29:30,,Ingreso USUARIO,Busca tabla invitado
*************
31/10/2021 15:29:31,ross,Ingreso CONTRASEÑA,Busca tabla invitado
*************
31/10/2021 15:31:49,,Ingreso USUARIO,Busca tabla invitado
*************
31/10/2021 15:31:50,ross,Ingreso CONTRASEÑA,Busca tabla invitado
*************
31/10/2021 15:37:13,,Ingreso USUARIO,Busca tabla invitado
*************
31/10/2021 15:37:14,ross,Ingreso CONTRASEÑA,Busca tabla invitado
*************
31/10/2021 15:37:21,ross,Actualiza FACTURA,FACTURA=4
*************
31/10/2021 15:37:21,ross,Ingresa FACTURA,FACTURA=4
*************
31/10/2021 15:37:23,ross,Insertar abono,Factura=4 Abono= 1.5
*************
31/10/2021 15:37:23,ross,Cancela FACTURA,FACTURA=4
*************
31/10/2021 15:37:25,ross,Registra Tx Factura,Factura=4
*************
31/10/2021 15:37:43,ross,Registra Tx Factura,Factura=4
*************
31/10/2021 16:21:35,,Ingreso USUARIO,Busca tabla invitado
*************
31/10/2021 16:21:36,ross,Ingreso CONTRASEÑA,Busca tabla invitado
*************
31/10/2021 16:22:32,ross,Nuevo Pedido IMPORTACION,SOLCA/33
*************
31/10/2021 16:22:34,ross,Nuevo Pedido IMPORTACION,SOLCA/34
*************
31/10/2021 16:22:35,ross,Nuevo Pedido IMPORTACION,SOLCA/35
*************
31/10/2021 16:22:36,ross,Nuevo Pedido IMPORTACION,SOLCA/36
*************
31/10/2021 16:22:37,ross,Nuevo Pedido IMPORTACION,SOLCA/37
*************
31/10/2021 16:22:37,ross,Nuevo Pedido IMPORTACION,SOLCA/38
*************
31/10/2021 16:22:37,ross,Nuevo Pedido IMPORTACION,SOLCA/39
*************
31/10/2021 16:22:38,ross,Nuevo Pedido IMPORTACION,SOLCA/40
*************
31/10/2021 16:22:38,ross,Nuevo Pedido IMPORTACION,SOLCA/41
*************
31/10/2021 16:22:39,ross,Nuevo Pedido IMPORTACION,SOLCA/42
*************
31/10/2021 16:22:39,ross,Nuevo Pedido IMPORTACION,SOLCA/43
*************
31/10/2021 16:22:39,ross,Nuevo Pedido IMPORTACION,SOLCA/44
*************
31/10/2021 16:22:40,ross,Nuevo Pedido IMPORTACION,SOLCA/45
*************
31/10/2021 16:22:40,ross,Nuevo Pedido IMPORTACION,SOLCA/46
*************
31/10/2021 16:22:40,ross,Nuevo Pedido IMPORTACION,SOLCA/47
*************
31/10/2021 16:22:41,ross,Nuevo Pedido IMPORTACION,SOLCA/48
*************
31/10/2021 16:22:41,ross,Nuevo Pedido IMPORTACION,SOLCA/49
*************
31/10/2021 16:22:41,ross,Nuevo Pedido IMPORTACION,SOLCA/50
*************
31/10/2021 16:22:42,ross,Nuevo Pedido IMPORTACION,SOLCA/51
*************
31/10/2021 16:22:42,ross,Nuevo Pedido IMPORTACION,SOLCA/52
*************
31/10/2021 16:22:42,ross,Nuevo Pedido IMPORTACION,SOLCA/53
*************
31/10/2021 16:22:43,ross,Nuevo Pedido IMPORTACION,SOLCA/54
*************
31/10/2021 16:22:43,ross,Nuevo Pedido IMPORTACION,SOLCA/55
*************
31/10/2021 16:22:43,ross,Nuevo Pedido IMPORTACION,SOLCA/56
*************
