04/09/2018 15:43:45,,Ingreso USUARIO,Busca tabla invitado
*************
04/09/2018 15:43:46,ross,Ingreso CONTRASEÑA,Busca tabla invitado
*************
04/09/2018 15:53:23,,Ingreso USUARIO,Busca tabla invitado
*************
04/09/2018 15:53:24,ross,Ingreso CONTRASEÑA,Busca tabla invitado
*************
18/09/2018 16:37:52,,Ingreso USUARIO,Busca tabla invitado
*************
18/09/2018 16:37:53,ross,Ingreso CONTRASEÑA,Busca tabla invitado
*************
24/09/2018 12:17:00,,Ingreso USUARIO,Busca tabla invitado
*************
24/09/2018 12:17:01,ross,Ingreso CONTRASEÑA,Busca tabla invitado
*************
24/09/2018 14:30:44,,Ingreso USUARIO,Busca tabla invitado
*************
24/09/2018 14:30:45,ross,Ingreso CONTRASEÑA,Busca tabla invitado
*************
24/09/2018 14:32:37,ross,GUARDA RESULTADOS,a3=6
*************
24/09/2018 14:32:37,ross,GUARDA RESULTADOS,a4=6
*************
24/09/2018 14:32:38,ross,GUARDA RESULTADOS,a5=6
*************
24/09/2018 14:32:38,ross,GUARDA RESULTADOS,b0=6
*************
24/09/2018 14:32:41,ross,VALIDACION RESULTADO,PEDIDO=113/400149
*************
24/09/2018 14:32:41,ross,VALIDACION RESULTADO,PEDIDO=113/400150
*************
24/09/2018 14:32:41,ross,VALIDACION RESULTADO,PEDIDO=113/400151
*************
24/09/2018 14:32:41,ross,VALIDACION RESULTADO,PEDIDO=113/400476
*************
24/09/2018 14:35:37,,Ingreso USUARIO,Busca tabla invitado
*************
24/09/2018 14:35:40,ross,Ingreso CONTRASEÑA,Busca tabla invitado
*************
24/09/2018 14:35:58,ross,GUARDA RESULTADOS,a3=7
*************
24/09/2018 14:35:58,ross,GUARDA RESULTADOS,a4=7
*************
24/09/2018 14:35:58,ross,GUARDA RESULTADOS,a5=7
*************
24/09/2018 14:35:58,ross,GUARDA RESULTADOS,b0=7
*************
24/09/2018 14:41:19,,Ingreso USUARIO,Busca tabla invitado
*************
24/09/2018 14:41:21,ross,Ingreso CONTRASEÑA,Busca tabla invitado
*************
24/09/2018 14:41:33,ross,GUARDA RESULTADOS,a3=7
*************
24/09/2018 14:41:33,ross,GUARDA RESULTADOS,a4=7
*************
24/09/2018 14:41:33,ross,GUARDA RESULTADOS,a5=7
*************
24/09/2018 14:41:33,ross,GUARDA RESULTADOS,b0=7
*************
24/09/2018 15:51:51,,Ingreso USUARIO,Busca tabla invitado
*************
24/09/2018 15:51:52,ross,Ingreso CONTRASEÑA,Busca tabla invitado
*************
24/09/2018 15:52:19,ross,GUARDA RESULTADOS,a3=7
*************
24/09/2018 15:52:19,ross,GUARDA RESULTADOS,a4=7
*************
24/09/2018 15:52:19,ross,GUARDA RESULTADOS,a5=7
*************
24/09/2018 15:52:19,ross,GUARDA RESULTADOS,b0=7
*************
24/09/2018 15:54:54,,Ingreso USUARIO,Busca tabla invitado
*************
24/09/2018 15:54:55,ross,Ingreso CONTRASEÑA,Busca tabla invitado
*************
24/09/2018 15:55:11,ross,GUARDA RESULTADOS,a3=7
*************
24/09/2018 15:55:12,ross,GUARDA RESULTADOS,a4=7
*************
24/09/2018 15:55:12,ross,GUARDA RESULTADOS,a5=7
*************
24/09/2018 15:55:12,ross,GUARDA RESULTADOS,b0=7
*************
24/09/2018 15:55:26,ross,VALIDACION RESULTADO,PEDIDO=114/400149
*************
24/09/2018 15:55:26,ross,VALIDACION RESULTADO,PEDIDO=114/400150
*************
24/09/2018 15:55:26,ross,VALIDACION RESULTADO,PEDIDO=114/400151
*************
24/09/2018 15:55:26,ross,VALIDACION RESULTADO,PEDIDO=114/400476
*************
24/09/2018 15:56:06,ross,GUARDA RESULTADOS,a3=77
*************
24/09/2018 15:56:06,ross,GUARDA RESULTADOS,a4=77
*************
24/09/2018 15:56:07,ross,GUARDA RESULTADOS,a5=77
*************
24/09/2018 15:56:07,ross,GUARDA RESULTADOS,b0=77
*************
24/09/2018 15:56:42,ross,VALIDACION RESULTADO,PEDIDO=115/400149
*************
24/09/2018 15:56:42,ross,VALIDACION RESULTADO,PEDIDO=115/400150
*************
24/09/2018 15:56:43,ross,VALIDACION RESULTADO,PEDIDO=115/400151
*************
24/09/2018 15:56:43,ross,VALIDACION RESULTADO,PEDIDO=115/400476
*************
24/09/2018 16:04:32,,Ingreso USUARIO,Busca tabla invitado
*************
24/09/2018 16:04:33,ross,Ingreso CONTRASEÑA,Busca tabla invitado
*************
24/09/2018 16:06:13,ross,GUARDA RESULTADOS,a3=54
*************
24/09/2018 16:06:13,ross,GUARDA RESULTADOS,a4=54
*************
24/09/2018 16:06:14,ross,GUARDA RESULTADOS,a5=54
*************
24/09/2018 16:06:14,ross,GUARDA RESULTADOS,b0=54
*************
24/09/2018 16:06:16,ross,VALIDACION RESULTADO,PEDIDO=116/400149
*************
24/09/2018 16:06:16,ross,VALIDACION RESULTADO,PEDIDO=116/400150
*************
24/09/2018 16:06:16,ross,VALIDACION RESULTADO,PEDIDO=116/400151
*************
24/09/2018 16:06:16,ross,VALIDACION RESULTADO,PEDIDO=116/400476
*************
24/09/2018 16:08:46,,Ingreso USUARIO,Busca tabla invitado
*************
24/09/2018 16:08:48,ross,Ingreso CONTRASEÑA,Busca tabla invitado
*************
24/09/2018 16:09:08,ross,GUARDA RESULTADOS,a3=12
*************
24/09/2018 16:09:08,ross,GUARDA RESULTADOS,a4=12
*************
24/09/2018 16:09:08,ross,GUARDA RESULTADOS,a5=12
*************
24/09/2018 16:09:08,ross,GUARDA RESULTADOS,b0=12
*************
24/09/2018 16:09:10,ross,VALIDACION RESULTADO,PEDIDO=117/400149
*************
24/09/2018 16:09:10,ross,VALIDACION RESULTADO,PEDIDO=117/400150
*************
24/09/2018 16:09:10,ross,VALIDACION RESULTADO,PEDIDO=117/400151
*************
24/09/2018 16:09:10,ross,VALIDACION RESULTADO,PEDIDO=117/400476
*************
24/09/2018 16:19:18,ross,GUARDA RESULTADOS,a3=33
*************
24/09/2018 16:19:18,ross,GUARDA RESULTADOS,a4=33
*************
24/09/2018 16:19:18,ross,GUARDA RESULTADOS,a5=33
*************
24/09/2018 16:19:18,ross,GUARDA RESULTADOS,b0=33
*************
24/09/2018 16:19:19,ross,VALIDACION RESULTADO,PEDIDO=119/400149
*************
24/09/2018 16:19:19,ross,VALIDACION RESULTADO,PEDIDO=119/400150
*************
24/09/2018 16:19:19,ross,VALIDACION RESULTADO,PEDIDO=119/400151
*************
24/09/2018 16:19:19,ross,VALIDACION RESULTADO,PEDIDO=119/400476
*************
24/09/2018 16:36:02,,Ingreso USUARIO,Busca tabla invitado
*************
24/09/2018 16:36:03,ross,Ingreso CONTRASEÑA,Busca tabla invitado
*************
24/09/2018 16:38:52,,Ingreso USUARIO,Busca tabla invitado
*************
24/09/2018 16:38:53,ross,Ingreso CONTRASEÑA,Busca tabla invitado
*************
24/09/2018 16:41:30,ross,GUARDA RESULTADOS,a3=333
*************
24/09/2018 16:41:30,ross,GUARDA RESULTADOS,a4=333
*************
24/09/2018 16:41:30,ross,GUARDA RESULTADOS,a5=333
*************
24/09/2018 16:41:30,ross,GUARDA RESULTADOS,b0=333
*************
24/09/2018 16:41:32,ross,VALIDACION RESULTADO,PEDIDO=94/400149
*************
24/09/2018 16:41:32,ross,VALIDACION RESULTADO,PEDIDO=94/400150
*************
24/09/2018 16:41:32,ross,VALIDACION RESULTADO,PEDIDO=94/400151
*************
24/09/2018 16:41:32,ross,VALIDACION RESULTADO,PEDIDO=94/400476
*************
25/09/2018 10:22:25,,Ingreso USUARIO,Busca tabla invitado
*************
25/09/2018 10:22:26,ross,Ingreso CONTRASEÑA,Busca tabla invitado
*************
25/09/2018 10:25:51,ross,Nuevo Pedido PRE CARGA,ALES S.A./143
*************
25/09/2018 10:25:52,ross,Nuevo Pedido PRE CARGA,ALES S.A./144
*************
25/09/2018 10:25:52,ross,Nuevo Pedido PRE CARGA,ALES S.A./145
*************
25/09/2018 10:25:52,ross,Nuevo Pedido PRE CARGA,ALES S.A./146
*************
25/09/2018 10:25:52,ross,Nuevo Pedido PRE CARGA,ALES S.A./147
*************
25/09/2018 10:25:52,ross,Nuevo Pedido PRE CARGA,ALES S.A./148
*************
25/09/2018 10:25:52,ross,Nuevo Pedido PRE CARGA,ALES S.A./149
*************
25/09/2018 10:25:52,ross,Nuevo Pedido PRE CARGA,ALES S.A./150
*************
25/09/2018 10:25:52,ross,Nuevo Pedido PRE CARGA,ALES S.A./151
*************
25/09/2018 10:25:52,ross,Nuevo Pedido PRE CARGA,ALES S.A./152
*************
25/09/2018 10:25:52,ross,Nuevo Pedido PRE CARGA,ALES S.A./153
*************
25/09/2018 10:25:52,ross,Generar Paciente,Paciente=RENDON PUAS MERA SALAZAR
*************
25/09/2018 10:25:53,ross,Nuevo Pedido PRE CARGA,ALES S.A./154
*************
25/09/2018 10:25:53,ross,Nuevo Pedido PRE CARGA,ALES S.A./155
*************
25/09/2018 10:25:53,ross,Nuevo Pedido PRE CARGA,ALES S.A./156
*************
25/09/2018 10:25:53,ross,Generar Paciente,Paciente=SANCHEZ SANCHEZ MERA SALAZAR
*************
25/09/2018 10:25:53,ross,Nuevo Pedido PRE CARGA,ALES S.A./157
*************
25/09/2018 10:25:53,ross,Nuevo Pedido PRE CARGA,ALES S.A./158
*************
25/09/2018 10:25:58,ross,Nuevo Pedido PRE CARGA,ALES S.A./159
*************
25/09/2018 10:25:58,ross,Nuevo Pedido PRE CARGA,ALES S.A./160
*************
25/09/2018 10:25:58,ross,Nuevo Pedido PRE CARGA,ALES S.A./161
*************
25/09/2018 10:25:58,ross,Nuevo Pedido PRE CARGA,ALES S.A./162
*************
25/09/2018 10:25:58,ross,Nuevo Pedido PRE CARGA,ALES S.A./163
*************
25/09/2018 10:25:58,ross,Nuevo Pedido PRE CARGA,ALES S.A./164
*************
25/09/2018 10:25:58,ross,Nuevo Pedido PRE CARGA,ALES S.A./165
*************
25/09/2018 10:25:59,ross,Nuevo Pedido PRE CARGA,ALES S.A./166
*************
25/09/2018 10:25:59,ross,Nuevo Pedido PRE CARGA,ALES S.A./167
*************
25/09/2018 10:26:00,ross,Nuevo Pedido PRE CARGA,ALES S.A./168
*************
25/09/2018 10:26:00,ross,Generar Paciente,Paciente=MASABANDA CHERREZ MERA SALAZAR
*************
25/09/2018 10:26:00,ross,Nuevo Pedido PRE CARGA,ALES S.A./169
*************
25/09/2018 10:26:00,ross,Generar Paciente,Paciente=ALVAREZ TERAN MERA SALAZAR
*************
25/09/2018 10:26:00,ross,Nuevo Pedido PRE CARGA,ALES S.A./170
*************
25/09/2018 10:26:00,ross,Nuevo Pedido PRE CARGA,ALES S.A./171
*************
25/09/2018 10:26:00,ross,Nuevo Pedido PRE CARGA,ALES S.A./172
*************
25/09/2018 10:30:15,,Ingreso USUARIO,Busca tabla invitado
*************
25/09/2018 10:30:16,ross,Ingreso CONTRASEÑA,Busca tabla invitado
*************
25/09/2018 14:45:33,,Ingreso USUARIO,Busca tabla invitado
*************
25/09/2018 14:45:35,ross,Ingreso CONTRASEÑA,Busca tabla invitado
*************
25/09/2018 14:47:50,ross,Generar Paciente,Paciente=FUENTES GALARZA EMILIO JOSE
*************
25/09/2018 14:48:09,ross,Nuevo Pedido PRE CARGA,ALES S.A./1
*************
25/09/2018 14:48:14,ross,Generar Paciente,Paciente=GOMEZ PERALTA EDUARDO PATRICIO
*************
25/09/2018 14:48:19,ross,Nuevo Pedido PRE CARGA,ALES S.A./2
*************
25/09/2018 14:48:24,ross,Generar Paciente,Paciente=MERA SALAZAR CARLOS JOSE
*************
25/09/2018 14:48:24,ross,Nuevo Pedido PRE CARGA,ALES S.A./3
*************
25/09/2018 14:48:24,ross,Generar Paciente,Paciente=PUAS JIMENEZ FABRICIO RODRIGO
*************
25/09/2018 14:48:24,ross,Nuevo Pedido PRE CARGA,ALES S.A./4
*************
25/09/2018 14:48:24,ross,Generar Paciente,Paciente=SOLORSANO GOMEZ RENE MEDARDO
*************
25/09/2018 14:48:24,ross,Nuevo Pedido PRE CARGA,ALES S.A./5
*************
25/09/2018 14:48:24,ross,Generar Paciente,Paciente=AGUINAGA PERÑAFIEL GALO MEDARDO
*************
25/09/2018 14:48:24,ross,Nuevo Pedido PRE CARGA,ALES S.A./6
*************
25/09/2018 14:48:24,ross,Nuevo Pedido PRE CARGA,ALES S.A./7
*************
25/09/2018 14:48:24,ross,Generar Paciente,Paciente=GONZALEZ MORALES ANA PAULA
*************
25/09/2018 14:48:24,ross,Nuevo Pedido PRE CARGA,ALES S.A./8
*************
25/09/2018 14:48:24,ross,Generar Paciente,Paciente=ROJAS GOMEZ ISABEL JOSEFINA
*************
25/09/2018 14:48:24,ross,Nuevo Pedido PRE CARGA,ALES S.A./9
*************
25/09/2018 14:48:24,ross,Generar Paciente,Paciente=SANTILLAN RAMIREZ PEDRO JOSE
*************
25/09/2018 14:48:24,ross,Nuevo Pedido PRE CARGA,ALES S.A./10
*************
25/09/2018 14:48:25,ross,Generar Paciente,Paciente=CAMPOS HERNANDEZ ANDREA PILAR
*************
25/09/2018 14:48:25,ross,Nuevo Pedido PRE CARGA,ALES S.A./11
*************
25/09/2018 14:48:25,ross,Generar Paciente,Paciente=RENDON PUAS KARINA ALEXANDRA
*************
25/09/2018 14:48:25,ross,Nuevo Pedido PRE CARGA,ALES S.A./12
*************
25/09/2018 14:48:25,ross,Generar Paciente,Paciente=PILATAXI MONTERO JOSE ESTEBAN
*************
25/09/2018 14:48:25,ross,Nuevo Pedido PRE CARGA,ALES S.A./13
*************
25/09/2018 14:48:25,ross,Generar Paciente,Paciente=MORENO JIMENEZ PEDRO MARLON
*************
25/09/2018 14:48:25,ross,Nuevo Pedido PRE CARGA,ALES S.A./14
*************
25/09/2018 14:48:25,ross,Generar Paciente,Paciente=SANCHEZ SANCHEZ EDWIN JOSE
*************
25/09/2018 14:48:25,ross,Nuevo Pedido PRE CARGA,ALES S.A./15
*************
25/09/2018 14:48:25,ross,Generar Paciente,Paciente=HIDALGO PEREZ MARCO ANTONIO
*************
25/09/2018 14:48:25,ross,Nuevo Pedido PRE CARGA,ALES S.A./16
*************
25/09/2018 14:48:42,ross,Nuevo Pedido PRE CARGA,ALES S.A./17
*************
25/09/2018 14:48:42,ross,Generar Paciente,Paciente=CEDEÑO RENGIFO FRAN ALEJANDRO
*************
25/09/2018 14:48:42,ross,Nuevo Pedido PRE CARGA,ALES S.A./18
*************
25/09/2018 14:48:42,ross,Generar Paciente,Paciente=FLORES NARANJO ALDO MAURICIO
*************
25/09/2018 14:48:42,ross,Nuevo Pedido PRE CARGA,ALES S.A./19
*************
25/09/2018 14:48:42,ross,Generar Paciente,Paciente=GRIJALVA MAJARREZ RUTH MARINA
*************
25/09/2018 14:48:42,ross,Nuevo Pedido PRE CARGA,ALES S.A./20
*************
25/09/2018 14:48:42,ross,Generar Paciente,Paciente=GRIJALVA MONTESDEOCA JESSICA ALEXANDRA
*************
25/09/2018 14:48:42,ross,Nuevo Pedido PRE CARGA,ALES S.A./21
*************
25/09/2018 14:48:42,ross,Generar Paciente,Paciente=TORRES SANCHEZ CRISTIAN DAVID
*************
25/09/2018 14:48:42,ross,Nuevo Pedido PRE CARGA,ALES S.A./22
*************
25/09/2018 14:48:42,ross,Generar Paciente,Paciente=PEREZ MONTALVO FERNANDA PIALR
*************
25/09/2018 14:48:42,ross,Nuevo Pedido PRE CARGA,ALES S.A./23
*************
25/09/2018 14:48:42,ross,Generar Paciente,Paciente=TERAN ALVEAR PATRICIO EDUSRDO
*************
25/09/2018 14:48:43,ross,Nuevo Pedido PRE CARGA,ALES S.A./24
*************
25/09/2018 14:48:43,ross,Generar Paciente,Paciente=IBARRA IÑIGUEZ GONZALO PEPIN
*************
25/09/2018 14:48:43,ross,Nuevo Pedido PRE CARGA,ALES S.A./25
*************
25/09/2018 14:48:47,ross,Nuevo Pedido PRE CARGA,ALES S.A./26
*************
25/09/2018 14:48:47,ross,Generar Paciente,Paciente=MASABANDA CHERREZ MARCO ANTONIO
*************
25/09/2018 14:48:47,ross,Nuevo Pedido PRE CARGA,ALES S.A./27
*************
25/09/2018 14:48:47,ross,Generar Paciente,Paciente=ALVAREZ TERAN PATRICIO OSE
*************
25/09/2018 14:48:47,ross,Nuevo Pedido PRE CARGA,ALES S.A./28
*************
25/09/2018 14:48:47,ross,Generar Paciente,Paciente=LOPEZ ROMO JOSRGE LUIS
*************
25/09/2018 14:48:47,ross,Nuevo Pedido PRE CARGA,ALES S.A./29
*************
25/09/2018 14:48:47,ross,Generar Paciente,Paciente=AGUIRRE LARCO FERNANDO GREGORIO
*************
25/09/2018 14:48:47,ross,Nuevo Pedido PRE CARGA,ALES S.A./30
*************
25/09/2018 14:51:39,ross,Generar Paciente,Paciente=FUENTES GALARZA EMILIO JOSE
*************
25/09/2018 14:51:39,ross,Nuevo Pedido PRE CARGA,ALES S.A./1
*************
25/09/2018 14:51:39,ross,Generar Paciente,Paciente=GOMEZ PERALTA EDUARDO PATRICIO
*************
25/09/2018 14:51:39,ross,Nuevo Pedido PRE CARGA,ALES S.A./2
*************
25/09/2018 14:51:39,ross,Generar Paciente,Paciente=MERA SALAZAR CARLOS JOSE
*************
25/09/2018 14:51:40,ross,Nuevo Pedido PRE CARGA,ALES S.A./3
*************
25/09/2018 14:51:40,ross,Generar Paciente,Paciente=PUAS JIMENEZ FABRICIO RODRIGO
*************
25/09/2018 14:51:40,ross,Nuevo Pedido PRE CARGA,ALES S.A./4
*************
25/09/2018 14:51:40,ross,Generar Paciente,Paciente=SOLORSANO GOMEZ RENE MEDARDO
*************
25/09/2018 14:51:40,ross,Nuevo Pedido PRE CARGA,ALES S.A./5
*************
25/09/2018 14:51:40,ross,Generar Paciente,Paciente=AGUINAGA PERÑAFIEL GALO MEDARDO
*************
25/09/2018 14:51:40,ross,Nuevo Pedido PRE CARGA,ALES S.A./6
*************
25/09/2018 14:51:40,ross,Nuevo Pedido PRE CARGA,ALES S.A./7
*************
25/09/2018 14:51:40,ross,Generar Paciente,Paciente=GONZALEZ MORALES ANA PAULA
*************
25/09/2018 14:51:40,ross,Nuevo Pedido PRE CARGA,ALES S.A./8
*************
25/09/2018 14:51:40,ross,Generar Paciente,Paciente=ROJAS GOMEZ ISABEL JOSEFINA
*************
25/09/2018 14:51:40,ross,Nuevo Pedido PRE CARGA,ALES S.A./9
*************
25/09/2018 14:51:40,ross,Generar Paciente,Paciente=SANTILLAN RAMIREZ PEDRO JOSE
*************
25/09/2018 14:51:40,ross,Nuevo Pedido PRE CARGA,ALES S.A./10
*************
25/09/2018 14:51:40,ross,Generar Paciente,Paciente=CAMPOS HERNANDEZ ANDREA PILAR
*************
25/09/2018 14:51:40,ross,Nuevo Pedido PRE CARGA,ALES S.A./11
*************
25/09/2018 14:51:40,ross,Generar Paciente,Paciente=RENDON PUAS KARINA ALEXANDRA
*************
25/09/2018 14:51:40,ross,Nuevo Pedido PRE CARGA,ALES S.A./12
*************
25/09/2018 14:51:40,ross,Generar Paciente,Paciente=PILATAXI MONTERO JOSE ESTEBAN
*************
25/09/2018 14:51:40,ross,Nuevo Pedido PRE CARGA,ALES S.A./13
*************
25/09/2018 14:51:40,ross,Generar Paciente,Paciente=MORENO JIMENEZ PEDRO MARLON
*************
25/09/2018 14:51:40,ross,Nuevo Pedido PRE CARGA,ALES S.A./14
*************
25/09/2018 14:51:40,ross,Generar Paciente,Paciente=SANCHEZ SANCHEZ EDWIN JOSE
*************
25/09/2018 14:51:40,ross,Nuevo Pedido PRE CARGA,ALES S.A./15
*************
25/09/2018 14:51:40,ross,Generar Paciente,Paciente=HIDALGO PEREZ MARCO ANTONIO
*************
25/09/2018 14:51:40,ross,Nuevo Pedido PRE CARGA,ALES S.A./16
*************
25/09/2018 14:51:40,ross,Generar Paciente,Paciente=VALVERDE VALLESTERO DAVID PEPITO
*************
25/09/2018 14:51:40,ross,Nuevo Pedido PRE CARGA,ALES S.A./17
*************
25/09/2018 14:51:40,ross,Generar Paciente,Paciente=CEDEÑO RENGIFO FRAN ALEJANDRO
*************
25/09/2018 14:51:40,ross,Nuevo Pedido PRE CARGA,ALES S.A./18
*************
25/09/2018 14:51:40,ross,Generar Paciente,Paciente=FLORES NARANJO ALDO MAURICIO
*************
25/09/2018 14:51:40,ross,Nuevo Pedido PRE CARGA,ALES S.A./19
*************
25/09/2018 14:51:40,ross,Generar Paciente,Paciente=GRIJALVA MAJARREZ RUTH MARINA
*************
25/09/2018 14:51:40,ross,Nuevo Pedido PRE CARGA,ALES S.A./20
*************
25/09/2018 14:51:40,ross,Generar Paciente,Paciente=GRIJALVA MONTESDEOCA JESSICA ALEXANDRA
*************
25/09/2018 14:51:40,ross,Nuevo Pedido PRE CARGA,ALES S.A./21
*************
25/09/2018 14:51:40,ross,Generar Paciente,Paciente=TORRES SANCHEZ CRISTIAN DAVID
*************
25/09/2018 14:51:40,ross,Nuevo Pedido PRE CARGA,ALES S.A./22
*************
25/09/2018 14:51:40,ross,Generar Paciente,Paciente=PEREZ MONTALVO FERNANDA PIALR
*************
25/09/2018 14:51:40,ross,Nuevo Pedido PRE CARGA,ALES S.A./23
*************
25/09/2018 14:51:40,ross,Generar Paciente,Paciente=TERAN ALVEAR PATRICIO EDUSRDO
*************
25/09/2018 14:51:40,ross,Nuevo Pedido PRE CARGA,ALES S.A./24
*************
25/09/2018 14:51:40,ross,Generar Paciente,Paciente=IBARRA IÑIGUEZ GONZALO PEPIN
*************
25/09/2018 14:51:40,ross,Nuevo Pedido PRE CARGA,ALES S.A./25
*************
25/09/2018 14:51:40,ross,Generar Paciente,Paciente=MONTERO LOPEZ KARINA JOSEFINA
*************
25/09/2018 14:51:40,ross,Nuevo Pedido PRE CARGA,ALES S.A./26
*************
25/09/2018 14:51:41,ross,Generar Paciente,Paciente=MASABANDA CHERREZ MARCO ANTONIO
*************
25/09/2018 14:51:41,ross,Nuevo Pedido PRE CARGA,ALES S.A./27
*************
25/09/2018 14:51:41,ross,Generar Paciente,Paciente=ALVAREZ TERAN PATRICIO OSE
*************
25/09/2018 14:51:41,ross,Nuevo Pedido PRE CARGA,ALES S.A./28
*************
25/09/2018 14:51:41,ross,Generar Paciente,Paciente=LOPEZ ROMO JOSRGE LUIS
*************
25/09/2018 14:51:41,ross,Nuevo Pedido PRE CARGA,ALES S.A./29
*************
25/09/2018 14:51:41,ross,Generar Paciente,Paciente=AGUIRRE LARCO FERNANDO GREGORIO
*************
25/09/2018 14:51:41,ross,Nuevo Pedido PRE CARGA,ALES S.A./30
*************
25/09/2018 14:52:08,ross,GUARDA RESULTADOS,a3=10
*************
25/09/2018 14:52:08,ross,GUARDA RESULTADOS,a4=10
*************
25/09/2018 14:52:08,ross,GUARDA RESULTADOS,a5=10
*************
25/09/2018 14:52:08,ross,GUARDA RESULTADOS,b0=10
*************
25/09/2018 14:52:11,ross,VALIDACION RESULTADO,PEDIDO=1/400149
*************
25/09/2018 14:52:11,ross,VALIDACION RESULTADO,PEDIDO=1/400150
*************
25/09/2018 14:52:11,ross,VALIDACION RESULTADO,PEDIDO=1/400151
*************
25/09/2018 14:52:11,ross,VALIDACION RESULTADO,PEDIDO=1/400476
*************
25/09/2018 15:21:21,ross,GUARDA RESULTADOS,a3=3
*************
25/09/2018 15:21:21,ross,GUARDA RESULTADOS,a4=4
*************
25/09/2018 15:21:21,ross,GUARDA RESULTADOS,a5=5
*************
25/09/2018 15:21:21,ross,GUARDA RESULTADOS,b0=6
*************
25/09/2018 15:21:22,ross,VALIDACION RESULTADO,PEDIDO=2/400149
*************
25/09/2018 15:21:22,ross,VALIDACION RESULTADO,PEDIDO=2/400150
*************
25/09/2018 15:21:22,ross,VALIDACION RESULTADO,PEDIDO=2/400151
*************
25/09/2018 15:21:23,ross,VALIDACION RESULTADO,PEDIDO=2/400476
*************
25/09/2018 15:23:40,ross,GUARDA RESULTADOS,a3=4
*************
25/09/2018 15:23:40,ross,GUARDA RESULTADOS,a4=4
*************
25/09/2018 15:23:40,ross,GUARDA RESULTADOS,a5=4
*************
25/09/2018 15:23:40,ross,GUARDA RESULTADOS,b0=4
*************
25/09/2018 15:23:45,ross,VALIDACION RESULTADO,PEDIDO=4/400149
*************
25/09/2018 15:23:45,ross,VALIDACION RESULTADO,PEDIDO=4/400150
*************
25/09/2018 15:23:45,ross,VALIDACION RESULTADO,PEDIDO=4/400151
*************
25/09/2018 15:23:45,ross,VALIDACION RESULTADO,PEDIDO=4/400476
*************
25/09/2018 15:26:08,,Ingreso USUARIO,Busca tabla invitado
*************
25/09/2018 15:26:10,ross,Ingreso CONTRASEÑA,Busca tabla invitado
*************
25/09/2018 15:26:28,ross,GUARDA RESULTADOS,a3=5
*************
25/09/2018 15:26:28,ross,GUARDA RESULTADOS,a4=5
*************
25/09/2018 15:26:28,ross,GUARDA RESULTADOS,a5=5
*************
25/09/2018 15:26:28,ross,GUARDA RESULTADOS,b0=5
*************
25/09/2018 15:26:29,ross,VALIDACION RESULTADO,PEDIDO=3/400149
*************
25/09/2018 15:26:29,ross,VALIDACION RESULTADO,PEDIDO=3/400150
*************
25/09/2018 15:26:29,ross,VALIDACION RESULTADO,PEDIDO=3/400151
*************
25/09/2018 15:26:29,ross,VALIDACION RESULTADO,PEDIDO=3/400476
*************
25/09/2018 15:41:07,,Ingreso USUARIO,Busca tabla invitado
*************
25/09/2018 15:41:08,ross,Ingreso CONTRASEÑA,Busca tabla invitado
*************
25/09/2018 15:41:24,ross,GUARDA RESULTADOS,a3=7
*************
25/09/2018 15:41:24,ross,GUARDA RESULTADOS,a4=7
*************
25/09/2018 15:41:24,ross,GUARDA RESULTADOS,a5=7
*************
25/09/2018 15:41:24,ross,GUARDA RESULTADOS,b0=7
*************
25/09/2018 15:41:27,ross,VALIDACION RESULTADO,PEDIDO=5/400149
*************
25/09/2018 15:41:27,ross,VALIDACION RESULTADO,PEDIDO=5/400150
*************
25/09/2018 15:41:27,ross,VALIDACION RESULTADO,PEDIDO=5/400151
*************
25/09/2018 15:41:27,ross,VALIDACION RESULTADO,PEDIDO=5/400476
*************
25/09/2018 15:43:06,,Ingreso USUARIO,Busca tabla invitado
*************
25/09/2018 15:43:07,ross,Ingreso CONTRASEÑA,Busca tabla invitado
*************
25/09/2018 15:43:24,ross,GUARDA RESULTADOS,a3=4
*************
25/09/2018 15:43:24,ross,GUARDA RESULTADOS,a4=4
*************
25/09/2018 15:43:24,ross,GUARDA RESULTADOS,a5=4
*************
25/09/2018 15:43:24,ross,GUARDA RESULTADOS,b0=4
*************
25/09/2018 15:43:26,ross,VALIDACION RESULTADO,PEDIDO=6/400149
*************
25/09/2018 15:43:26,ross,VALIDACION RESULTADO,PEDIDO=6/400150
*************
25/09/2018 15:43:26,ross,VALIDACION RESULTADO,PEDIDO=6/400151
*************
25/09/2018 15:43:26,ross,VALIDACION RESULTADO,PEDIDO=6/400476
*************
25/09/2018 15:45:32,,Ingreso USUARIO,Busca tabla invitado
*************
25/09/2018 15:45:34,ross,Ingreso CONTRASEÑA,Busca tabla invitado
*************
25/09/2018 15:45:46,ross,GUARDA RESULTADOS,a3=9
*************
25/09/2018 15:45:46,ross,GUARDA RESULTADOS,a4=9
*************
25/09/2018 15:45:46,ross,GUARDA RESULTADOS,a5=9
*************
25/09/2018 15:45:46,ross,GUARDA RESULTADOS,b0=9
*************
25/09/2018 15:45:47,ross,VALIDACION RESULTADO,PEDIDO=7/400149
*************
25/09/2018 15:45:47,ross,VALIDACION RESULTADO,PEDIDO=7/400150
*************
25/09/2018 15:45:47,ross,VALIDACION RESULTADO,PEDIDO=7/400151
*************
25/09/2018 15:45:47,ross,VALIDACION RESULTADO,PEDIDO=7/400476
*************
25/09/2018 16:12:23,,Ingreso USUARIO,Busca tabla invitado
*************
25/09/2018 16:12:24,ross,Ingreso CONTRASEÑA,Busca tabla invitado
*************
25/09/2018 16:12:52,ross,GUARDA RESULTADOS,a3=66
*************
25/09/2018 16:12:52,ross,GUARDA RESULTADOS,a4=66
*************
25/09/2018 16:12:52,ross,GUARDA RESULTADOS,a5=66
*************
25/09/2018 16:12:52,ross,GUARDA RESULTADOS,b0=66
*************
25/09/2018 16:14:38,,Ingreso USUARIO,Busca tabla invitado
*************
25/09/2018 16:14:39,ross,Ingreso CONTRASEÑA,Busca tabla invitado
*************
25/09/2018 16:14:50,ross,GUARDA RESULTADOS,a3=66
*************
25/09/2018 16:14:50,ross,GUARDA RESULTADOS,a4=66
*************
25/09/2018 16:14:50,ross,GUARDA RESULTADOS,a5=66
*************
25/09/2018 16:14:50,ross,GUARDA RESULTADOS,b0=66
*************
25/09/2018 16:18:14,,Ingreso USUARIO,Busca tabla invitado
*************
25/09/2018 16:18:16,ross,Ingreso CONTRASEÑA,Busca tabla invitado
*************
25/09/2018 16:18:28,ross,GUARDA RESULTADOS,a3=66
*************
25/09/2018 16:18:28,ross,GUARDA RESULTADOS,a4=66
*************
25/09/2018 16:18:28,ross,GUARDA RESULTADOS,a5=66
*************
25/09/2018 16:18:28,ross,GUARDA RESULTADOS,b0=66
*************
25/09/2018 16:23:01,,Ingreso USUARIO,Busca tabla invitado
*************
25/09/2018 16:23:02,ross,Ingreso CONTRASEÑA,Busca tabla invitado
*************
25/09/2018 16:23:12,ross,GUARDA RESULTADOS,a3=66
*************
25/09/2018 16:23:12,ross,GUARDA RESULTADOS,a4=66
*************
25/09/2018 16:23:12,ross,GUARDA RESULTADOS,a5=66
*************
25/09/2018 16:23:12,ross,GUARDA RESULTADOS,b0=66
*************
25/09/2018 16:23:55,ross,GUARDA RESULTADOS,a3=66
*************
25/09/2018 16:23:55,ross,GUARDA RESULTADOS,a4=66
*************
25/09/2018 16:23:55,ross,GUARDA RESULTADOS,a5=66
*************
25/09/2018 16:23:55,ross,GUARDA RESULTADOS,b0=66
*************
25/09/2018 16:27:41,,Ingreso USUARIO,Busca tabla invitado
*************
25/09/2018 16:27:42,ross,Ingreso CONTRASEÑA,Busca tabla invitado
*************
25/09/2018 16:27:55,ross,GUARDA RESULTADOS,a3=66
*************
25/09/2018 16:27:55,ross,GUARDA RESULTADOS,a4=66
*************
25/09/2018 16:27:55,ross,GUARDA RESULTADOS,a5=66
*************
25/09/2018 16:27:55,ross,GUARDA RESULTADOS,b0=66
*************
25/09/2018 16:28:23,ross,VALIDACION RESULTADO,PEDIDO=8/400149
*************
25/09/2018 16:28:23,ross,VALIDACION RESULTADO,PEDIDO=8/400150
*************
25/09/2018 16:28:23,ross,VALIDACION RESULTADO,PEDIDO=8/400151
*************
25/09/2018 16:28:23,ross,VALIDACION RESULTADO,PEDIDO=8/400476
*************
25/09/2018 17:01:21,,Ingreso USUARIO,Busca tabla invitado
*************
25/09/2018 17:01:23,ross,Ingreso CONTRASEÑA,Busca tabla invitado
*************
25/09/2018 17:01:41,ross,GUARDA RESULTADOS,a3=5
*************
25/09/2018 17:01:41,ross,GUARDA RESULTADOS,a4=5
*************
25/09/2018 17:01:41,ross,GUARDA RESULTADOS,a5=5
*************
25/09/2018 17:01:41,ross,GUARDA RESULTADOS,b0=5
*************
25/09/2018 17:01:54,ross,VALIDACION RESULTADO,PEDIDO=9/400149
*************
25/09/2018 17:01:54,ross,VALIDACION RESULTADO,PEDIDO=9/400150
*************
25/09/2018 17:01:54,ross,VALIDACION RESULTADO,PEDIDO=9/400151
*************
25/09/2018 17:01:54,ross,VALIDACION RESULTADO,PEDIDO=9/400476
*************
26/09/2018 9:39:44,,Ingreso USUARIO,Busca tabla invitado
*************
26/09/2018 9:39:45,ross,Ingreso CONTRASEÑA,Busca tabla invitado
*************
26/09/2018 9:40:08,ross,GUARDA RESULTADOS,a3=8
*************
26/09/2018 9:40:08,ross,GUARDA RESULTADOS,a4=8
*************
26/09/2018 9:40:08,ross,GUARDA RESULTADOS,a5=8
*************
26/09/2018 9:40:08,ross,GUARDA RESULTADOS,b0=8
*************
26/09/2018 9:40:11,ross,VALIDACION RESULTADO,PEDIDO=10/400149
*************
26/09/2018 9:40:11,ross,VALIDACION RESULTADO,PEDIDO=10/400150
*************
26/09/2018 9:40:11,ross,VALIDACION RESULTADO,PEDIDO=10/400151
*************
26/09/2018 9:40:11,ross,VALIDACION RESULTADO,PEDIDO=10/400476
*************
26/09/2018 9:44:41,,Ingreso USUARIO,Busca tabla invitado
*************
26/09/2018 9:44:43,ross,Ingreso CONTRASEÑA,Busca tabla invitado
*************
26/09/2018 9:45:02,ross,GUARDA RESULTADOS,a3=4
*************
26/09/2018 9:45:02,ross,GUARDA RESULTADOS,a4=4
*************
26/09/2018 9:45:02,ross,GUARDA RESULTADOS,a5=4
*************
26/09/2018 9:45:02,ross,GUARDA RESULTADOS,b0=4
*************
26/09/2018 9:45:03,ross,VALIDACION RESULTADO,PEDIDO=11/400149
*************
26/09/2018 9:45:03,ross,VALIDACION RESULTADO,PEDIDO=11/400150
*************
26/09/2018 9:45:03,ross,VALIDACION RESULTADO,PEDIDO=11/400151
*************
26/09/2018 9:45:03,ross,VALIDACION RESULTADO,PEDIDO=11/400476
*************
26/09/2018 9:48:35,,Ingreso USUARIO,Busca tabla invitado
*************
26/09/2018 9:48:36,ross,Ingreso CONTRASEÑA,Busca tabla invitado
*************
26/09/2018 9:48:58,ross,GUARDA RESULTADOS,a3=11
*************
26/09/2018 9:48:58,ross,GUARDA RESULTADOS,a4=11
*************
26/09/2018 9:48:58,ross,GUARDA RESULTADOS,a5=11
*************
26/09/2018 9:48:58,ross,GUARDA RESULTADOS,b0=11
*************
26/09/2018 9:48:59,ross,VALIDACION RESULTADO,PEDIDO=12/400149
*************
26/09/2018 9:48:59,ross,VALIDACION RESULTADO,PEDIDO=12/400150
*************
26/09/2018 9:49:00,ross,VALIDACION RESULTADO,PEDIDO=12/400151
*************
26/09/2018 9:49:00,ross,VALIDACION RESULTADO,PEDIDO=12/400476
*************
26/09/2018 9:54:48,ross,Actualiza Mail Paciente,Paciente=14 rossvanflores@hotmail.com
*************
26/09/2018 10:10:47,,Ingreso USUARIO,Busca tabla invitado
*************
26/09/2018 10:10:49,ross,Ingreso CONTRASEÑA,Busca tabla invitado
*************
26/09/2018 10:11:09,ross,GUARDA RESULTADOS,a3=31
*************
26/09/2018 10:11:09,ross,GUARDA RESULTADOS,a4=31
*************
26/09/2018 10:11:09,ross,GUARDA RESULTADOS,a5=31
*************
26/09/2018 10:11:09,ross,GUARDA RESULTADOS,b0=31
*************
26/09/2018 10:11:10,ross,VALIDACION RESULTADO,PEDIDO=13/400149
*************
26/09/2018 10:11:10,ross,VALIDACION RESULTADO,PEDIDO=13/400150
*************
26/09/2018 10:11:11,ross,VALIDACION RESULTADO,PEDIDO=13/400151
*************
26/09/2018 10:11:11,ross,VALIDACION RESULTADO,PEDIDO=13/400476
*************
26/09/2018 10:12:41,ross,Actualiza Mail Paciente,Paciente=15 rossvanflores@hotmail.com
*************
26/09/2018 10:35:15,,Ingreso USUARIO,Busca tabla invitado
*************
26/09/2018 10:35:18,ross,Ingreso CONTRASEÑA,Busca tabla invitado
*************
26/09/2018 10:35:33,ross,GUARDA RESULTADOS,a3=12
*************
26/09/2018 10:35:33,ross,GUARDA RESULTADOS,a4=12
*************
26/09/2018 10:35:33,ross,GUARDA RESULTADOS,a5=12
*************
26/09/2018 10:35:33,ross,GUARDA RESULTADOS,b0=12
*************
26/09/2018 10:35:35,ross,VALIDACION RESULTADO,PEDIDO=14/400149
*************
26/09/2018 10:35:35,ross,VALIDACION RESULTADO,PEDIDO=14/400150
*************
26/09/2018 10:35:35,ross,VALIDACION RESULTADO,PEDIDO=14/400151
*************
26/09/2018 10:35:35,ross,VALIDACION RESULTADO,PEDIDO=14/400476
*************
26/09/2018 10:35:55,ross,Actualiza Mail Paciente,Paciente=16 rossvanflores@hotmail.com
*************
26/09/2018 11:59:02,,Ingreso USUARIO,Busca tabla invitado
*************
26/09/2018 11:59:03,ross,Ingreso CONTRASEÑA,Busca tabla invitado
*************
26/09/2018 11:59:23,ross,GUARDA RESULTADOS,a3=55
*************
26/09/2018 11:59:23,ross,GUARDA RESULTADOS,a4=55
*************
26/09/2018 11:59:23,ross,GUARDA RESULTADOS,a5=55
*************
26/09/2018 11:59:23,ross,GUARDA RESULTADOS,b0=55
*************
26/09/2018 11:59:26,ross,VALIDACION RESULTADO,PEDIDO=15/400149
*************
26/09/2018 11:59:26,ross,VALIDACION RESULTADO,PEDIDO=15/400150
*************
26/09/2018 11:59:26,ross,VALIDACION RESULTADO,PEDIDO=15/400151
*************
26/09/2018 11:59:26,ross,VALIDACION RESULTADO,PEDIDO=15/400476
*************
26/09/2018 11:59:57,ross,Actualiza Mail Paciente,Paciente=17 rossvanflores@hotmail.com
*************
26/09/2018 12:00:54,ross,Inserta usuario web,Paciente=17 SSANCHEZ
*************
26/09/2018 12:06:14,,Ingreso USUARIO,Busca tabla invitado
*************
26/09/2018 12:09:58,ross,Ingreso CONTRASEÑA,Busca tabla invitado
*************
26/09/2018 12:10:20,ross,GUARDA RESULTADOS,a3=4
*************
26/09/2018 12:10:20,ross,GUARDA RESULTADOS,a4=4
*************
26/09/2018 12:10:20,ross,GUARDA RESULTADOS,a5=4
*************
26/09/2018 12:10:20,ross,GUARDA RESULTADOS,b0=4
*************
26/09/2018 12:10:21,ross,VALIDACION RESULTADO,PEDIDO=16/400149
*************
26/09/2018 12:10:21,ross,VALIDACION RESULTADO,PEDIDO=16/400150
*************
26/09/2018 12:10:21,ross,VALIDACION RESULTADO,PEDIDO=16/400151
*************
26/09/2018 12:10:21,ross,VALIDACION RESULTADO,PEDIDO=16/400476
*************
26/09/2018 12:10:54,ross,Actualiza Mail Paciente,Paciente=18 rossvanflores@hotmail.com
*************
26/09/2018 12:10:56,ross,Inserta usuario web,Paciente=18 HHIDALGO
*************
26/09/2018 12:16:02,,Ingreso USUARIO,Busca tabla invitado
*************
26/09/2018 12:16:03,ross,Ingreso CONTRASEÑA,Busca tabla invitado
*************
26/09/2018 12:16:26,ross,GUARDA RESULTADOS,a3=53
*************
26/09/2018 12:16:26,ross,GUARDA RESULTADOS,a4=53
*************
26/09/2018 12:16:26,ross,GUARDA RESULTADOS,a5=53
*************
26/09/2018 12:16:26,ross,GUARDA RESULTADOS,b0=53
*************
26/09/2018 12:16:30,ross,VALIDACION RESULTADO,PEDIDO=17/400149
*************
26/09/2018 12:16:30,ross,VALIDACION RESULTADO,PEDIDO=17/400150
*************
26/09/2018 12:16:30,ross,VALIDACION RESULTADO,PEDIDO=17/400151
*************
26/09/2018 12:16:30,ross,VALIDACION RESULTADO,PEDIDO=17/400476
*************
26/09/2018 12:16:53,ross,Actualiza Mail Paciente,Paciente=19 rossvanflores@hotmail.com
*************
26/09/2018 12:16:53,ross,Inserta usuario web,Paciente=19 VVALVERDE
*************
26/09/2018 14:38:13,,Ingreso USUARIO,Busca tabla invitado
*************
26/09/2018 14:38:15,ross,Ingreso CONTRASEÑA,Busca tabla invitado
*************
26/09/2018 14:39:15,ross,Generar Paciente,Paciente=FLROES MORALES DANNA SOFIA
*************
26/09/2018 14:39:42,ross,1 GENERAR ORDEN,PEDIDO=31
*************
26/09/2018 14:39:50,ross,2 IMPRIMIR COD BARRAS,PEDIDO=31
*************
26/09/2018 14:42:45,ross,1 GENERAR ORDEN,PEDIDO=32
*************
26/09/2018 14:42:50,ross,2 IMPRIMIR COD BARRAS,PEDIDO=32
*************
26/09/2018 15:18:14,ross,1 GENERAR ORDEN,PEDIDO=33
*************
26/09/2018 15:18:17,ross,2 IMPRIMIR COD BARRAS,PEDIDO=33
*************
26/09/2018 15:22:40,ross,1 GENERAR ORDEN,PEDIDO=34
*************
26/09/2018 15:22:42,ross,2 IMPRIMIR COD BARRAS,PEDIDO=34
*************
26/09/2018 15:22:53,ross,1 ANULA ORDEN,PEDIDO=31
*************
26/09/2018 15:22:58,ross,1 ANULA ORDEN,PEDIDO=32
*************
26/09/2018 15:23:03,ross,1 ANULA ORDEN,PEDIDO=33
*************
26/09/2018 15:23:32,ross,GUARDA RESULTADOS,RDWCH=3
*************
26/09/2018 15:23:32,ross,GUARDA RESULTADOS,RDWSH=3
*************
26/09/2018 15:23:32,ross,GUARDA RESULTADOS,WBCH=3
*************
26/09/2018 15:23:32,ross,GUARDA RESULTADOS,NEU%25H=3
*************
26/09/2018 15:23:32,ross,GUARDA RESULTADOS,NEUH=3
*************
26/09/2018 15:23:32,ross,GUARDA RESULTADOS,LYM%25H=3
*************
26/09/2018 15:23:32,ross,GUARDA RESULTADOS,MONOH=3
*************
26/09/2018 15:23:32,ross,GUARDA RESULTADOS,EOSH=3
*************
26/09/2018 15:23:32,ross,GUARDA RESULTADOS,MONO%25H=3
*************
26/09/2018 15:23:32,ross,GUARDA RESULTADOS,BASOH=3
*************
26/09/2018 15:23:32,ross,GUARDA RESULTADOS,EOS%25H=3
*************
26/09/2018 15:23:32,ross,GUARDA RESULTADOS,BASO%2H=3
*************
26/09/2018 15:23:32,ross,GUARDA RESULTADOS,LYMH=3
*************
26/09/2018 15:23:32,ross,GUARDA RESULTADOS,RBCH=3
*************
26/09/2018 15:23:32,ross,GUARDA RESULTADOS,HCTH=3
*************
26/09/2018 15:23:32,ross,GUARDA RESULTADOS,HGBH=3
*************
26/09/2018 15:23:32,ross,GUARDA RESULTADOS,MCVH=3
*************
26/09/2018 15:23:32,ross,GUARDA RESULTADOS,MCHH=3
*************
26/09/2018 15:23:32,ross,GUARDA RESULTADOS,MCHCH=3
*************
26/09/2018 15:23:32,ross,GUARDA RESULTADOS,PLTH=3
*************
26/09/2018 15:23:32,ross,GUARDA RESULTADOS,MPVH=3
*************
26/09/2018 15:23:32,ross,GUARDA RESULTADOS,PDWH=3
*************
26/09/2018 15:23:32,ross,GUARDA RESULTADOS,PCTH=3
*************
26/09/2018 15:23:40,ross,GUARDA RESULTADOS,BIOMETRIA HEMATICA=MEMO
*************
26/09/2018 15:24:12,ross,VALIDACION RESULTADO,PEDIDO=34/400101
*************
26/09/2018 15:27:11,,Ingreso USUARIO,Busca tabla invitado
*************
26/09/2018 15:27:12,ross,Ingreso CONTRASEÑA,Busca tabla invitado
*************
26/09/2018 15:27:56,ross,GUARDA RESULTADOS,BIOMETRIA HEMATICA=MEMO
*************
26/09/2018 15:31:42,,Ingreso USUARIO,Busca tabla invitado
*************
26/09/2018 15:31:43,ross,Ingreso CONTRASEÑA,Busca tabla invitado
*************
26/09/2018 15:32:06,ross,1 GENERAR ORDEN,PEDIDO=35
*************
26/09/2018 15:32:09,ross,2 IMPRIMIR COD BARRAS,PEDIDO=35
*************
26/09/2018 15:34:25,ross,GUARDA RESULTADOS,HCGQ=NEGATIVO
*************
26/09/2018 15:34:30,ross,VALIDACION RESULTADO,PEDIDO=35/400571
*************
26/09/2018 15:51:22,,Ingreso USUARIO,Busca tabla invitado
*************
26/09/2018 15:51:23,ross,Ingreso CONTRASEÑA,Busca tabla invitado
*************
26/09/2018 15:53:12,ross,GUARDA RESULTADOS,a3=4
*************
26/09/2018 15:53:12,ross,GUARDA RESULTADOS,a4=4
*************
26/09/2018 15:53:12,ross,GUARDA RESULTADOS,a5=4
*************
26/09/2018 15:53:13,ross,GUARDA RESULTADOS,b0=4
*************
26/09/2018 15:53:14,ross,VALIDACION RESULTADO,PEDIDO=18/400149
*************
26/09/2018 15:53:14,ross,VALIDACION RESULTADO,PEDIDO=18/400150
*************
26/09/2018 15:53:14,ross,VALIDACION RESULTADO,PEDIDO=18/400151
*************
26/09/2018 15:53:14,ross,VALIDACION RESULTADO,PEDIDO=18/400476
*************
26/09/2018 15:53:33,ross,Actualiza Mail Paciente,Paciente=20 rossvanflores@hotmail.com
*************
26/09/2018 15:53:33,ross,Inserta usuario web,Paciente=20 CCEDEÑO
*************
26/09/2018 15:56:09,ross,GUARDA RESULTADOS,a3=4
*************
26/09/2018 15:56:09,ross,GUARDA RESULTADOS,a4=4
*************
26/09/2018 15:56:09,ross,GUARDA RESULTADOS,a5=4
*************
26/09/2018 15:56:09,ross,GUARDA RESULTADOS,b0=4
*************
27/09/2018 12:15:35,,Ingreso USUARIO,Busca tabla invitado
*************
27/09/2018 12:15:37,ross,Ingreso CONTRASEÑA,Busca tabla invitado
*************
27/09/2018 12:20:48,ross,Nuevo Convenio,Convenio=NORMAL
*************
27/09/2018 12:23:39,ross,Nuevo Convenio,Convenio=NORMAL
*************
27/09/2018 12:27:49,,Ingreso USUARIO,Busca tabla invitado
*************
27/09/2018 12:27:50,ross,Ingreso CONTRASEÑA,Busca tabla invitado
*************
27/09/2018 12:28:24,ross,Nuevo Convenio,Convenio=NORMAL
*************
27/09/2018 12:29:27,ross,Nuevo Convenio,Convenio=NORMAL
*************
27/09/2018 12:29:51,ross,Guardar secuencia,SECUENCIA=NORMAL/1/1000
*************
27/09/2018 13:22:35,,Ingreso USUARIO,Busca tabla invitado
*************
27/09/2018 13:22:36,ross,Ingreso CONTRASEÑA,Busca tabla invitado
*************
27/09/2018 13:23:02,ross,Nuevo Convenio,Convenio=NORMAL
*************
27/09/2018 13:23:30,ross,Guardar secuencia,SECUENCIA=NORMAL/1/1000
*************
27/09/2018 13:25:24,ross,Nuevo Convenio,Convenio=URGENCIA
*************
27/09/2018 13:25:26,ross,Guardar secuencia,SECUENCIA=URGENCIA/5000/6000
*************
27/09/2018 13:26:33,,Ingreso USUARIO,Busca tabla invitado
*************
27/09/2018 13:26:34,ross,Ingreso CONTRASEÑA,Busca tabla invitado
*************
27/09/2018 13:27:16,ross,Nuevo Convenio,Convenio=FYBECA
*************
27/09/2018 13:30:28,,Ingreso USUARIO,Busca tabla invitado
*************
27/09/2018 13:30:30,ross,Ingreso CONTRASEÑA,Busca tabla invitado
*************
27/09/2018 13:30:57,ross,Nuevo Convenio,Convenio=NORMAL
*************
27/09/2018 13:31:04,ross,Guardar secuencia,SECUENCIA=NORMAL/1/999
*************
27/09/2018 13:31:42,ross,Nuevo Convenio,Convenio=URGENCIA
*************
27/09/2018 13:31:42,ross,Guardar secuencia,SECUENCIA=URGENCIA/5000/5999
*************
27/09/2018 13:32:12,ross,Nuevo Convenio,Convenio=FYBECA
*************
27/09/2018 13:36:23,,Ingreso USUARIO,Busca tabla invitado
*************
27/09/2018 13:36:25,ross,Ingreso CONTRASEÑA,Busca tabla invitado
*************
27/09/2018 13:37:22,ross,Nuevo Convenio,Convenio=FYBECA
*************
27/09/2018 13:38:19,ross,Nuevo Convenio Web,Convenio=FYBECA
*************
27/09/2018 13:39:46,ross,Guardar secuencia,SECUENCIA=FYBECA/1000/1999
*************
28/09/2018 9:40:18,,Ingreso USUARIO,Busca tabla invitado
*************
28/09/2018 9:40:19,ross,Ingreso CONTRASEÑA,Busca tabla invitado
*************
28/09/2018 9:41:34,ross,Nuevo Convenio,Convenio=FYBECA
*************
28/09/2018 9:42:33,,Ingreso USUARIO,Busca tabla invitado
*************
28/09/2018 9:42:34,ross,Ingreso CONTRASEÑA,Busca tabla invitado
*************
28/09/2018 9:43:10,ross,Nuevo Convenio,Convenio=FYBECA
*************
28/09/2018 9:44:02,ross,Nuevo Convenio Web,Convenio=FYBECA
*************
28/09/2018 9:46:12,ross,Guardar secuencia,SECUENCIA=FYBECA/1000/1999
*************
28/09/2018 9:58:28,,Ingreso USUARIO,Busca tabla invitado
*************
28/09/2018 9:58:30,ross,Ingreso CONTRASEÑA,Busca tabla invitado
*************
28/09/2018 9:59:10,ross,Eliminar Convenio,Convenio0
*************
28/09/2018 9:59:10,ross,Elimina Lista de Precios,Lista Precio=
*************
28/09/2018 10:21:33,,Ingreso USUARIO,Busca tabla invitado
*************
28/09/2018 10:21:34,ross,Ingreso CONTRASEÑA,Busca tabla invitado
*************
28/09/2018 10:22:23,,Ingreso USUARIO,Busca tabla invitado
*************
28/09/2018 10:22:24,ross,Ingreso CONTRASEÑA,Busca tabla invitado
*************
28/09/2018 10:22:51,ross,Nuevo Convenio,Convenio=NORMAL
*************
28/09/2018 10:24:31,,Ingreso USUARIO,Busca tabla invitado
*************
28/09/2018 10:24:32,ross,Ingreso CONTRASEÑA,Busca tabla invitado
*************
28/09/2018 10:25:56,ross,Nuevo Convenio,Convenio=NORMAL
*************
28/09/2018 10:25:56,ross,Guardar secuencia,SECUENCIA=NORMAL/1/999
*************
28/09/2018 10:28:44,,Ingreso USUARIO,Busca tabla invitado
*************
28/09/2018 10:28:45,ross,Ingreso CONTRASEÑA,Busca tabla invitado
*************
28/09/2018 10:29:19,ross,Nuevo Convenio,Convenio=NORMAL
*************
28/09/2018 10:29:19,ross,Guardar secuencia,SECUENCIA=NORMAL/1/999
*************
28/09/2018 10:33:29,,Ingreso USUARIO,Busca tabla invitado
*************
28/09/2018 10:33:31,ross,Ingreso CONTRASEÑA,Busca tabla invitado
*************
28/09/2018 10:43:21,ross,Nuevo Convenio,Convenio=URGENCIA
*************
28/09/2018 10:43:21,ross,Guardar secuencia,SECUENCIA=URGENCIA/5000/6999
*************
28/09/2018 10:44:43,ross,Nuevo Convenio,Convenio=FYBECA
*************
28/09/2018 10:44:43,ross,Nuevo Convenio Web,Convenio=FYBECA
*************
28/09/2018 10:46:04,ross,Guardar secuencia,SECUENCIA=FYBECA/1000/1999
*************
28/09/2018 11:18:38,,Ingreso USUARIO,Busca tabla invitado
*************
28/09/2018 11:18:39,ross,Ingreso CONTRASEÑA,Busca tabla invitado
*************
28/09/2018 11:29:45,,Ingreso USUARIO,Busca tabla invitado
*************
28/09/2018 11:29:46,ross,Ingreso CONTRASEÑA,Busca tabla invitado
*************
28/09/2018 11:30:14,ross,Nuevo Convenio,Convenio=LABORATORIO
*************
28/09/2018 11:30:14,ross,Guardar secuencia,SECUENCIA=LABORATORIO/1/999
*************
28/09/2018 11:30:46,ross,Nuevo Convenio,Convenio=URGENCIA
*************
28/09/2018 11:30:46,ross,Guardar secuencia,SECUENCIA=URGENCIA/5000/5999
*************
28/09/2018 11:31:14,ross,Nuevo Convenio,Convenio=FYBECA
*************
28/09/2018 11:31:14,ross,Nuevo Convenio Web,Convenio=FYBECA
*************
28/09/2018 11:31:30,ross,Guardar secuencia,SECUENCIA=FYBECA/2000/2999
*************
28/09/2018 11:44:32,,Ingreso USUARIO,Busca tabla invitado
*************
28/09/2018 11:44:34,ross,Ingreso CONTRASEÑA,Busca tabla invitado
*************
28/09/2018 11:46:13,,Ingreso USUARIO,Busca tabla invitado
*************
28/09/2018 11:46:14,ross,Ingreso CONTRASEÑA,Busca tabla invitado
*************
28/09/2018 11:47:20,ross,Nuevo Convenio,Convenio=NORMAL
*************
28/09/2018 11:47:20,ross,Guardar secuencia,SECUENCIA=NORMAL/1/999
*************
28/09/2018 11:47:38,ross,Nuevo Convenio,Convenio=URGENCIA
*************
28/09/2018 11:47:38,ross,Guardar secuencia,SECUENCIA=URGENCIA/5000/5999
*************
28/09/2018 11:48:04,ross,Nuevo Convenio,Convenio=FYBECA
*************
28/09/2018 11:48:04,ross,Guardar secuencia,SECUENCIA=FYBECA/1000/1999
*************
28/09/2018 11:48:11,ross,Eliminar Convenio,Convenio0
*************
28/09/2018 11:48:11,ross,Elimina Lista de Precios,Lista Precio=
*************
28/09/2018 11:59:15,,Ingreso USUARIO,Busca tabla invitado
*************
28/09/2018 11:59:16,ross,Ingreso CONTRASEÑA,Busca tabla invitado
*************
28/09/2018 11:59:37,ross,Nuevo Convenio,Convenio=NORMAL
*************
28/09/2018 11:59:37,ross,Guardar secuencia,SECUENCIA=NORMAL/1/999
*************
28/09/2018 12:00:08,ross,Nuevo Convenio,Convenio=URGENCIA
*************
28/09/2018 12:00:08,ross,Guardar secuencia,SECUENCIA=URGENCIA/5000/5999
*************
28/09/2018 12:01:05,ross,Nuevo Convenio,Convenio=FYBECA
*************
28/09/2018 12:01:05,ross,Nuevo Convenio Web,Convenio=FYBECA
*************
28/09/2018 12:01:20,ross,Guardar secuencia,SECUENCIA=FYBECA/2000/2999
*************
28/09/2018 12:01:47,ross,Nuevo Convenio,Convenio=ALES SA
*************
28/09/2018 12:01:47,ross,Nuevo Convenio Web,Convenio=ALES SA
*************
28/09/2018 12:01:57,ross,Guardar secuencia,SECUENCIA=ALES SA/3000/3999
*************
28/09/2018 12:16:27,,Ingreso USUARIO,Busca tabla invitado
*************
28/09/2018 12:16:30,ross,Ingreso CONTRASEÑA,Busca tabla invitado
*************
28/09/2018 12:16:43,ross,Nuevo Convenio,Convenio=NORMAL
*************
28/09/2018 12:16:43,ross,Guardar secuencia,SECUENCIA=NORMAL/1/999
*************
28/09/2018 12:16:55,ross,Nuevo Convenio,Convenio=URGENCIA
*************
28/09/2018 12:16:55,ross,Guardar secuencia,SECUENCIA=URGENCIA/5000/5999
*************
28/09/2018 12:29:14,,Ingreso USUARIO,Busca tabla invitado
*************
28/09/2018 12:29:15,ross,Ingreso CONTRASEÑA,Busca tabla invitado
*************
28/09/2018 12:29:59,ross,Nuevo Convenio,Convenio=NORMAL
*************
28/09/2018 12:30:03,ross,Guardar secuencia,SECUENCIA=NORMAL/1/1999
*************
28/09/2018 12:33:53,,Ingreso USUARIO,Busca tabla invitado
*************
28/09/2018 12:33:54,ross,Ingreso CONTRASEÑA,Busca tabla invitado
*************
28/09/2018 12:34:27,ross,Nuevo Convenio,Convenio=NORMAL
*************
28/09/2018 12:34:27,ross,Guardar secuencia,SECUENCIA=NORMAL/1/999
*************
28/09/2018 12:34:38,ross,Nuevo Convenio,Convenio=URGENCIA
*************
28/09/2018 12:34:38,ross,Guardar secuencia,SECUENCIA=URGENCIA/5000/5999
*************
28/09/2018 12:35:14,ross,Nuevo Convenio,Convenio=FYBECA
*************
28/09/2018 12:35:14,ross,Nuevo Convenio Web,Convenio=FYBECA
*************
28/09/2018 12:35:31,ross,Guardar secuencia,SECUENCIA=FYBECA/2000/2999
*************
28/09/2018 12:38:28,,Ingreso USUARIO,Busca tabla invitado
*************
28/09/2018 12:38:29,ross,Ingreso CONTRASEÑA,Busca tabla invitado
*************
28/09/2018 12:38:45,ross,Nuevo Convenio,Convenio=NORMAL
*************
28/09/2018 12:38:45,ross,Guardar secuencia,SECUENCIA=NORMAL/1/999
*************
28/09/2018 12:38:57,ross,Nuevo Convenio,Convenio=URGENCIA
*************
28/09/2018 12:38:57,ross,Guardar secuencia,SECUENCIA=URGENCIA/5000/5999
*************
28/09/2018 12:39:21,ross,Nuevo Convenio,Convenio=FYBECA
*************
28/09/2018 12:39:21,ross,Nuevo Convenio Web,Convenio=FYBECA
*************
28/09/2018 12:41:20,ross,Guardar secuencia,SECUENCIA=FYBECA/2000/2999
*************
28/09/2018 12:42:08,ross,Nuevo Convenio,Convenio=ALES SA
*************
28/09/2018 12:42:08,ross,Nuevo Convenio Web,Convenio=ALES SA
*************
28/09/2018 12:42:50,ross,Guardar secuencia,SECUENCIA=ALES SA/3000/3999
*************
28/09/2018 14:39:55,,Ingreso USUARIO,Busca tabla invitado
*************
28/09/2018 14:39:57,ross,Ingreso CONTRASEÑA,Busca tabla invitado
*************
28/09/2018 14:42:18,,Ingreso USUARIO,Busca tabla invitado
*************
28/09/2018 14:42:19,ross,Ingreso CONTRASEÑA,Busca tabla invitado
*************
28/09/2018 14:46:43,,Ingreso USUARIO,Busca tabla invitado
*************
28/09/2018 14:46:44,ross,Ingreso CONTRASEÑA,Busca tabla invitado
*************
28/09/2018 15:07:10,,Ingreso USUARIO,Busca tabla invitado
*************
28/09/2018 15:07:12,ross,Ingreso CONTRASEÑA,Busca tabla invitado
*************
28/09/2018 15:13:07,,Ingreso USUARIO,Busca tabla invitado
*************
28/09/2018 15:13:09,ross,Ingreso CONTRASEÑA,Busca tabla invitado
*************
28/09/2018 15:14:38,,Ingreso USUARIO,Busca tabla invitado
*************
28/09/2018 15:14:39,ross,Ingreso CONTRASEÑA,Busca tabla invitado
*************
28/09/2018 15:17:47,,Ingreso USUARIO,Busca tabla invitado
*************
28/09/2018 15:17:49,ross,Ingreso CONTRASEÑA,Busca tabla invitado
*************
28/09/2018 15:19:11,,Ingreso USUARIO,Busca tabla invitado
*************
28/09/2018 15:19:13,ross,Ingreso CONTRASEÑA,Busca tabla invitado
*************
29/09/2018 14:48:01,,Ingreso USUARIO,Busca tabla invitado
*************
29/09/2018 14:48:02,ross,Ingreso CONTRASEÑA,Busca tabla invitado
*************
29/09/2018 15:57:35,,Ingreso USUARIO,Busca tabla invitado
*************
29/09/2018 15:57:42,ross,Ingreso CONTRASEÑA,Busca tabla invitado
*************
29/09/2018 15:58:20,ross,1 GENERAR ORDEN,PEDIDO=10506
*************
29/09/2018 15:58:22,ross,2 IMPRIMIR COD BARRAS,PEDIDO=10506
*************
29/09/2018 16:00:08,ross,GUARDA RESULTADOS,CHOL=12
*************
29/09/2018 16:00:12,ross,GUARDA RESULTADOS,TGL=13
*************
29/09/2018 16:07:00,,Ingreso USUARIO,Busca tabla invitado
*************
29/09/2018 16:07:01,ross,Ingreso CONTRASEÑA,Busca tabla invitado
*************
29/09/2018 16:07:21,ross,GUARDA RESULTADOS,COLO=AMARILLO
*************
29/09/2018 16:07:21,ross,GUARDA RESULTADOS,ASPO=
*************
29/09/2018 16:07:21,ross,GUARDA RESULTADOS,DENO=
*************
29/09/2018 16:07:22,ross,GUARDA RESULTADOS,PH=
*************
29/09/2018 16:07:22,ross,GUARDA RESULTADOS,LEUO=
*************
29/09/2018 16:07:22,ross,GUARDA RESULTADOS,ESO=
*************
29/09/2018 16:07:22,ross,GUARDA RESULTADOS,NITO=
*************
29/09/2018 16:07:22,ross,GUARDA RESULTADOS,PROO=
*************
29/09/2018 16:07:22,ross,GUARDA RESULTADOS,CCETO=
*************
29/09/2018 16:07:22,ross,GUARDA RESULTADOS,GLUO=NEGATIVO
*************
29/09/2018 16:07:22,ross,GUARDA RESULTADOS,ACAS=
*************
29/09/2018 16:07:23,ross,GUARDA RESULTADOS,BILO=
*************
29/09/2018 16:07:23,ross,GUARDA RESULTADOS,UROO=
*************
29/09/2018 16:07:23,ross,GUARDA RESULTADOS,SANO=
*************
29/09/2018 16:07:23,ross,GUARDA RESULTADOS,HBGO=
*************
29/09/2018 16:07:23,ross,GUARDA RESULTADOS,CEPO=
*************
29/09/2018 16:07:23,ross,GUARDA RESULTADOS,CEEP=
*************
29/09/2018 16:07:23,ross,GUARDA RESULTADOS,PIOO=
*************
29/09/2018 16:07:24,ross,GUARDA RESULTADOS,HEO=
*************
29/09/2018 16:07:24,ross,GUARDA RESULTADOS,BACTO=
*************
29/09/2018 16:07:24,ross,GUARDA RESULTADOS,MOCO=
*************
29/09/2018 16:07:24,ross,GUARDA RESULTADOS,OXAO=
*************
29/09/2018 16:07:24,ross,GUARDA RESULTADOS,CILO=
*************
29/09/2018 16:07:24,ross,GUARDA RESULTADOS,CETOR=
*************
29/09/2018 16:07:24,ross,GUARDA RESULTADOS,CIGO=
*************
29/09/2018 16:07:24,ross,GUARDA RESULTADOS,CILCE=
*************
29/09/2018 16:07:25,ross,GUARDA RESULTADOS,ESP=
*************
29/09/2018 16:07:25,ross,GUARDA RESULTADOS,URO=
*************
29/09/2018 16:07:25,ross,GUARDA RESULTADOS,CECA=
*************
29/09/2018 16:07:25,ross,GUARDA RESULTADOS,FOO=
*************
29/09/2018 16:07:25,ross,GUARDA RESULTADOS,CRIO=
*************
29/09/2018 16:07:25,ross,GUARDA RESULTADOS,OTROSO=
*************
29/09/2018 16:07:31,ross,GUARDA RESULTADOS,EMO=MEMO
*************
29/09/2018 16:07:31,ross,GUARDA RESULTADOS,CHOL=12
*************
29/09/2018 16:07:31,ross,GUARDA RESULTADOS,TGL=13
*************
29/09/2018 16:08:06,ross,GUARDA RESULTADOS,EMO=MEMO
*************
29/09/2018 16:08:14,ross,GUARDA RESULTADOS,CHOL=12
*************
29/09/2018 16:08:19,ross,GUARDA RESULTADOS,TGL=13
*************
29/09/2018 16:10:50,ross,Nuevo Convenio,Convenio=FYBECA
*************
29/09/2018 16:10:50,ross,Nuevo Convenio Web,Convenio=FYBECA
*************
29/09/2018 16:10:53,ross,Guardar secuencia,SECUENCIA=FYBECA/1001/1999
*************
29/09/2018 16:15:50,,Ingreso USUARIO,Busca tabla invitado
*************
29/09/2018 16:15:51,ross,Ingreso CONTRASEÑA,Busca tabla invitado
*************
29/09/2018 16:16:08,ross,1 GENERAR ORDEN,PEDIDO=1
*************
29/09/2018 16:16:11,ross,2 IMPRIMIR COD BARRAS,PEDIDO=01
*************
29/09/2018 16:16:29,ross,GUARDA RESULTADOS,a3=2
*************
29/09/2018 16:16:31,ross,GUARDA RESULTADOS,b0=2
*************
29/09/2018 16:22:15,,Ingreso USUARIO,Busca tabla invitado
*************
29/09/2018 16:22:16,ross,Ingreso CONTRASEÑA,Busca tabla invitado
*************
29/09/2018 16:23:06,ross,1 GENERAR ORDEN,PEDIDO=10507
*************
29/09/2018 16:23:07,ross,2 IMPRIMIR COD BARRAS,PEDIDO=10507
*************
29/09/2018 16:23:26,ross,GUARDA RESULTADOS,CHOL=44
*************
29/09/2018 16:23:26,ross,GUARDA RESULTADOS,TGL=55
*************
29/09/2018 16:29:35,,Ingreso USUARIO,Busca tabla invitado
*************
29/09/2018 16:29:36,ross,Ingreso CONTRASEÑA,Busca tabla invitado
*************
29/09/2018 16:29:49,ross,GUARDA RESULTADOS,CHOL=44
*************
29/09/2018 16:29:49,ross,GUARDA RESULTADOS,TGL=55
*************
29/09/2018 16:32:01,,Ingreso USUARIO,Busca tabla invitado
*************
29/09/2018 16:32:02,ross,Ingreso CONTRASEÑA,Busca tabla invitado
*************
29/09/2018 16:32:11,ross,GUARDA RESULTADOS,CHOL=44
*************
29/09/2018 16:32:11,ross,GUARDA RESULTADOS,TGL=55
*************
29/09/2018 16:32:22,ross,VALIDACION RESULTADO,PEDIDO=10507/400149
*************
29/09/2018 16:32:22,ross,VALIDACION RESULTADO,PEDIDO=10507/400151
*************
29/09/2018 16:32:53,ross,IMPRIME TODO,PEDIDO=10507
*************
