06/01/2024 21:10:46,,Ingreso USUARIO,Busca tabla invitado
*************
06/01/2024 21:10:46,ross,Ingreso CONTRASEÑA,Busca tabla invitado
*************
05/01/2024 21:30:26,,Ingreso USUARIO,Busca tabla invitado
*************
05/01/2024 21:30:28,ross,Ingreso CONTRASEÑA,Busca tabla invitado
*************
05/01/2024 21:36:34,,Ingreso USUARIO,Busca tabla invitado
*************
05/01/2024 21:36:34,ross,Ingreso CONTRASEÑA,Busca tabla invitado
*************
05/01/2024 21:47:17,,Ingreso USUARIO,Busca tabla invitado
*************
05/01/2024 21:47:18,ross,Ingreso CONTRASEÑA,Busca tabla invitado
*************
05/01/2024 22:32:12,,Ingreso USUARIO,Busca tabla invitado
*************
05/01/2024 22:32:13,ross,Ingreso CONTRASEÑA,Busca tabla invitado
*************
05/01/2024 22:36:39,,Ingreso USUARIO,Busca tabla invitado
*************
05/01/2024 22:36:40,ross,Ingreso CONTRASEÑA,Busca tabla invitado
*************
05/01/2024 22:44:31,,Ingreso USUARIO,Busca tabla invitado
*************
05/01/2024 22:44:32,ross,Ingreso CONTRASEÑA,Busca tabla invitado
*************
05/01/2024 22:48:25,,Ingreso USUARIO,Busca tabla invitado
*************
05/01/2024 22:48:27,ross,Ingreso CONTRASEÑA,Busca tabla invitado
*************
05/01/2024 22:59:04,,Ingreso USUARIO,Busca tabla invitado
*************
05/01/2024 22:59:05,ross,Ingreso CONTRASEÑA,Busca tabla invitado
*************
05/01/2024 23:10:04,,Ingreso USUARIO,Busca tabla invitado
*************
05/01/2024 23:10:05,ross,Ingreso CONTRASEÑA,Busca tabla invitado
*************
05/01/2024 23:12:49,,Ingreso USUARIO,Busca tabla invitado
*************
05/01/2024 23:12:50,ross,Ingreso CONTRASEÑA,Busca tabla invitado
*************
05/01/2024 23:22:14,,Ingreso USUARIO,Busca tabla invitado
*************
05/01/2024 23:22:15,ross,Ingreso CONTRASEÑA,Busca tabla invitado
*************
05/01/2024 23:23:07,,Ingreso USUARIO,Busca tabla invitado
*************
05/01/2024 23:23:08,ross,Ingreso CONTRASEÑA,Busca tabla invitado
*************
05/01/2024 23:30:09,,Ingreso USUARIO,Busca tabla invitado
*************
05/01/2024 23:30:10,ross,Ingreso CONTRASEÑA,Busca tabla invitado
*************
05/01/2024 23:31:08,ross,Nuevo Pedido PRE CARGA,NORMAL/14
*************
05/01/2024 23:35:02,,Ingreso USUARIO,Busca tabla invitado
*************
05/01/2024 23:35:02,ross,Ingreso CONTRASEÑA,Busca tabla invitado
*************
05/01/2024 23:52:33,,Ingreso USUARIO,Busca tabla invitado
*************
05/01/2024 23:52:34,ross,Ingreso CONTRASEÑA,Busca tabla invitado
*************
05/01/2024 23:55:29,,Ingreso USUARIO,Busca tabla invitado
*************
05/01/2024 23:55:30,ross,Ingreso CONTRASEÑA,Busca tabla invitado
*************
05/01/2024 23:59:24,,Ingreso USUARIO,Busca tabla invitado
*************
05/01/2024 23:59:25,ross,Ingreso CONTRASEÑA,Busca tabla invitado
*************
05/01/2024 0:07:39,,Ingreso USUARIO,Busca tabla invitado
*************
05/01/2024 0:07:39,ross,Ingreso CONTRASEÑA,Busca tabla invitado
*************
05/01/2024 0:09:09,,Ingreso USUARIO,Busca tabla invitado
*************
05/01/2024 0:09:10,ross,Ingreso CONTRASEÑA,Busca tabla invitado
*************
05/01/2024 0:13:11,,Ingreso USUARIO,Busca tabla invitado
*************
05/01/2024 0:13:12,ross,Ingreso CONTRASEÑA,Busca tabla invitado
*************
05/01/2024 0:15:35,,Ingreso USUARIO,Busca tabla invitado
*************
05/01/2024 0:15:36,ross,Ingreso CONTRASEÑA,Busca tabla invitado
*************
05/01/2024 12:00:57,,Ingreso USUARIO,Busca tabla invitado
*************
05/01/2024 12:02:22,,Ingreso CONTRASEÑA FALLIDO,
*************
05/01/2024 12:02:22,,Ingreso CONTRASEÑA,Busca tabla invitado
*************
05/01/2024 12:38:41,,Ingreso CONTRASEÑA FALLIDO,
*************
05/01/2024 12:38:41,,Ingreso CONTRASEÑA,Busca tabla invitado
*************
05/01/2024 12:38:43,ross,Ingreso CONTRASEÑA,Busca tabla invitado
*************
08/01/2024 12:29:54,,Ingreso USUARIO,Busca tabla invitado
*************
08/01/2024 12:29:55,ross,Ingreso CONTRASEÑA,Busca tabla invitado
*************
08/01/2024 12:30:48,ross,Nuevo Pedido PRE CARGA,NORMAL/1
*************
08/01/2024 12:35:21,,Ingreso USUARIO,Busca tabla invitado
*************
08/01/2024 12:35:22,ross,Ingreso CONTRASEÑA,Busca tabla invitado
*************
08/01/2024 12:36:11,ross,Nuevo Pedido PRE CARGA,NORMAL/2
*************
08/01/2024 12:37:41,ross,Actualizacon Medico,Medico=GABRIELA MORALES
*************
08/01/2024 12:38:16,ross,Nuevo Pedido PRE CARGA,NORMAL/3
*************
08/01/2024 15:34:18,,Ingreso USUARIO,Busca tabla invitado
*************
08/01/2024 15:34:18,,Ingreso CONTRASEÑA FALLIDO,
*************
08/01/2024 15:34:18,,Ingreso CONTRASEÑA,Busca tabla invitado
*************
08/01/2024 15:34:20,,Ingreso CONTRASEÑA FALLIDO,
*************
08/01/2024 15:34:20,,Ingreso CONTRASEÑA,Busca tabla invitado
*************
08/01/2024 15:34:21,ross,Ingreso CONTRASEÑA,Busca tabla invitado
*************
08/01/2024 17:50:23,,Ingreso USUARIO,Busca tabla invitado
*************
08/01/2024 17:50:23,ross,Ingreso CONTRASEÑA,Busca tabla invitado
*************
08/01/2024 18:17:07,,Ingreso USUARIO,Busca tabla invitado
*************
08/01/2024 18:17:08,ross,Ingreso CONTRASEÑA,Busca tabla invitado
*************
08/01/2024 18:18:29,ross,Generar Paciente,Paciente=PACIENTE DE PRUEBA 2_6
*************
08/01/2024 18:18:34,ross,01 GENERAR ORDEN  NORMAL EXAMENES: 400101,,PEDIDO=4
*************
08/01/2024 18:24:32,ross,Actualizar Rango Unico,Test=11 Rango=6.6-7.7
*************
08/01/2024 18:24:54,ross,Actualizar Rango Unico,Test=22 Rango=1.1-2.2
*************
08/01/2024 18:25:30,ross,Actualizar Rango Unico,Test=23 Rango=9.9-10.1
*************
08/01/2024 18:25:50,ross,Actualizar Rango Unico,Test=25 Rango=4.4-5.5
*************
08/01/2024 18:26:24,ross,Actualizar Rango Unico,Test=24 Rango=3.3-5.5
*************
08/01/2024 18:26:46,ross,01 GENERAR ORDEN  NORMAL EXAMENES: 400101,,PEDIDO=5
*************
08/01/2024 18:27:32,,Ingreso USUARIO,Busca tabla invitado
*************
08/01/2024 18:27:33,ross,Ingreso CONTRASEÑA,Busca tabla invitado
*************
08/01/2024 18:28:24,,Ingreso USUARIO,Busca tabla invitado
*************
08/01/2024 18:28:24,ross,Ingreso CONTRASEÑA,Busca tabla invitado
*************
08/01/2024 18:33:47,,Ingreso USUARIO,Busca tabla invitado
*************
08/01/2024 18:33:48,ross,Ingreso CONTRASEÑA,Busca tabla invitado
*************
08/01/2024 19:59:16,,Ingreso USUARIO,Busca tabla invitado
*************
08/01/2024 19:59:17,ross,Ingreso CONTRASEÑA,Busca tabla invitado
*************
08/01/2024 20:02:20,,Ingreso USUARIO,Busca tabla invitado
*************
08/01/2024 20:02:22,ross,Ingreso CONTRASEÑA,Busca tabla invitado
*************
08/01/2024 20:17:18,ross,Actualizar Rango Unico,Test=26 Rango=3-4
*************
08/01/2024 20:17:50,ross,Actualizar Rango Unico,Test=17 Rango=5-6
*************
08/01/2024 20:18:20,ross,Actualizar Rango Unico,Test=18 Rango=4-5
*************
08/01/2024 20:18:58,ross,Actualizar Rango Unico,Test=26 Rango=3-12
*************
08/01/2024 20:19:28,ross,Actualizar Rango Unico,Test=21 Rango=12-13
*************
08/01/2024 20:19:58,ross,Actualizar Rango Unico,Test=19 Rango=99-100
*************
08/01/2024 20:21:17,ross,01 GENERAR ORDEN  NORMAL EXAMENES: 400101,,PEDIDO=6
*************
08/01/2024 20:25:17,ross,01 GENERAR ORDEN  NORMAL EXAMENES: 400101,,PEDIDO=7
*************
08/01/2024 20:51:31,,Ingreso USUARIO,Busca tabla invitado
*************
08/01/2024 20:51:32,ross,Ingreso CONTRASEÑA,Busca tabla invitado
*************
08/01/2024 20:52:48,ross,01 GENERAR ORDEN  NORMAL EXAMENES: 400101,,PEDIDO=8
*************
08/01/2024 20:55:39,ross,01 GENERAR ORDEN  NORMAL EXAMENES: 400101,,PEDIDO=9
*************
10/01/2024 19:26:15,,Ingreso USUARIO,Busca tabla invitado
*************
10/01/2024 19:26:15,ross,Ingreso CONTRASEÑA,Busca tabla invitado
*************
10/01/2024 19:42:18,,Ingreso USUARIO,Busca tabla invitado
*************
10/01/2024 19:42:21,,Ingreso CONTRASEÑA FALLIDO,
*************
10/01/2024 19:42:21,,Ingreso CONTRASEÑA,Busca tabla invitado
*************
10/01/2024 19:42:25,ross123,Ingreso CONTRASEÑA,Busca tabla invitado
*************
10/01/2024 21:18:07,,Ingreso USUARIO,Busca tabla invitado
*************
10/01/2024 21:18:10,,Ingreso CONTRASEÑA FALLIDO,
*************
10/01/2024 21:18:10,,Ingreso CONTRASEÑA,Busca tabla invitado
*************
10/01/2024 21:18:12,ross123,Ingreso CONTRASEÑA,Busca tabla invitado
*************
10/01/2024 21:20:16,,Ingreso USUARIO,Busca tabla invitado
*************
10/01/2024 21:20:20,,Ingreso CONTRASEÑA FALLIDO,
*************
10/01/2024 21:20:20,,Ingreso CONTRASEÑA,Busca tabla invitado
*************
10/01/2024 21:20:23,ross123,Ingreso CONTRASEÑA,Busca tabla invitado
*************
10/01/2024 21:23:40,,Ingreso USUARIO,Busca tabla invitado
*************
10/01/2024 21:23:42,,Ingreso CONTRASEÑA FALLIDO,
*************
10/01/2024 21:23:42,,Ingreso CONTRASEÑA,Busca tabla invitado
*************
10/01/2024 21:23:44,ross123,Ingreso CONTRASEÑA,Busca tabla invitado
*************
10/01/2024 21:37:41,,Ingreso USUARIO,Busca tabla invitado
*************
10/01/2024 21:37:43,ross123,Ingreso CONTRASEÑA,Busca tabla invitado
*************
10/01/2024 21:39:17,ross123,GUARDA RESULTADOS,BHH=MEMO
*************
10/01/2024 21:39:17,ross123,GUARDA RESULTADOS,UREH=47.77
*************
10/01/2024 21:39:17,ross123,GUARDA RESULTADOS,CREH=0.39
*************
10/01/2024 21:39:17,ross123,GUARDA RESULTADOS,COLH=229.32
*************
10/01/2024 21:39:18,ross123,GUARDA RESULTADOS,TGLH=148.32
*************
10/01/2024 21:40:04,ross123,IMPRIME POR AREA,PEDIDO=4372
*************
11/01/2024 16:47:24,,Ingreso USUARIO,Busca tabla invitado
*************
11/01/2024 16:47:26,ross,Ingreso CONTRASEÑA,Busca tabla invitado
*************
11/01/2024 16:48:17,ross,Nuevo Pedido PRE CARGA,NORMAL/10
*************
11/01/2024 16:49:25,ross,CUTANEAS,AL_CERDOH
*************
11/01/2024 16:49:25,ross,CUTANEAS,AL_POLLOH
*************
11/01/2024 16:49:25,ross,CUTANEAS,AL_CORVINAH
*************
11/01/2024 16:49:25,ross,CUTANEAS,AL_ATUNH
*************
11/01/2024 16:49:25,ross,CUTANEAS,AL_LANGOSTAH
*************
11/01/2024 16:49:25,ross,CUTANEAS,AL_CAMARONH
*************
11/01/2024 16:49:25,ross,CUTANEAS,AL_LECHEH
*************
11/01/2024 16:49:25,ross,CUTANEAS,AL_HUEVOCIH
*************
11/01/2024 16:49:25,ross,CUTANEAS,AL_YEMAH
*************
11/01/2024 16:49:25,ross,CUTANEAS,AL_TRIGOH
*************
11/01/2024 16:49:25,ross,CUTANEAS,AL_MAIZH
*************
11/01/2024 16:49:25,ross,CUTANEAS,AL_ARROZH
*************
11/01/2024 16:49:25,ross,CUTANEAS,AL_FREJOLH
*************
11/01/2024 16:49:25,ross,CUTANEAS,AL_LENTEJAH
*************
11/01/2024 16:49:25,ross,CUTANEAS,AL_HABAH
*************
11/01/2024 16:49:25,ross,CUTANEAS,AL_TOMATEH
*************
11/01/2024 16:49:25,ross,CUTANEAS,AL_ZANAHORIAH
*************
11/01/2024 16:49:25,ross,CUTANEAS,AL_MANIH
*************
11/01/2024 16:49:25,ross,CUTANEAS,AL_CHOCOLATEH
*************
11/01/2024 16:49:25,ross,CUTANEAS,AL_NARANJAH
*************
11/01/2024 16:49:25,ross,CUTANEAS,AL_PIÑAH
*************
11/01/2024 16:49:25,ross,CUTANEAS,AL_FRUTILLAH
*************
11/01/2024 16:49:25,ross,CUTANEAS,AL_POAH
*************
11/01/2024 16:49:25,ross,CUTANEAS,AL_AGROSTISH
*************
11/01/2024 16:49:25,ross,CUTANEAS,AL_POLVOCPH
*************
11/01/2024 16:49:25,ross,CUTANEAS,AL_POLVOCSH
*************
11/01/2024 16:49:25,ross,CUTANEAS,AL_LANAPERROH
*************
11/01/2024 16:49:25,ross,CUTANEAS,AL_LANAGATOH
*************
11/01/2024 16:49:25,ross,CUTANEAS,AL_COXIBSH
*************
11/01/2024 16:49:25,ross,CUTANEAS,AL_ASPIRINAH
*************
11/01/2024 16:50:22,ross,Operación de Movimiento Inventario,
*************
11/01/2024 16:50:25,ross,Inserción de detalle movimiento inventario,
*************
12/01/2024 8:36:25,,Ingreso USUARIO,Busca tabla invitado
*************
12/01/2024 8:36:26,ross,Ingreso CONTRASEÑA,Busca tabla invitado
*************
12/01/2024 12:59:47,,Ingreso USUARIO,Busca tabla invitado
*************
12/01/2024 12:59:48,ross,Ingreso CONTRASEÑA,Busca tabla invitado
*************
12/01/2024 13:00:43,,Ingreso USUARIO,Busca tabla invitado
*************
12/01/2024 13:00:44,ross,Ingreso CONTRASEÑA,Busca tabla invitado
*************
13/01/2024 11:10:48,,Ingreso USUARIO,Busca tabla invitado
*************
13/01/2024 11:10:49,ross,Ingreso CONTRASEÑA,Busca tabla invitado
*************
13/01/2024 11:17:53,,Ingreso USUARIO,Busca tabla invitado
*************
13/01/2024 11:17:54,ross,Ingreso CONTRASEÑA,Busca tabla invitado
*************
13/01/2024 11:22:30,,Ingreso USUARIO,Busca tabla invitado
*************
13/01/2024 11:22:31,ross,Ingreso CONTRASEÑA,Busca tabla invitado
*************
13/01/2024 11:33:49,,Ingreso USUARIO,Busca tabla invitado
*************
13/01/2024 11:33:49,ross,Ingreso CONTRASEÑA,Busca tabla invitado
*************
13/01/2024 11:35:14,,Ingreso USUARIO,Busca tabla invitado
*************
13/01/2024 11:35:14,ross,Ingreso CONTRASEÑA,Busca tabla invitado
*************
15/01/2024 17:05:31,,Ingreso USUARIO,Busca tabla invitado
*************
15/01/2024 17:05:32,ross,Ingreso CONTRASEÑA,Busca tabla invitado
*************
15/01/2024 17:09:17,,Ingreso USUARIO,Busca tabla invitado
*************
15/01/2024 17:09:18,ross,Ingreso CONTRASEÑA,Busca tabla invitado
*************
15/01/2024 17:13:06,,Ingreso USUARIO,Busca tabla invitado
*************
15/01/2024 17:13:07,ross,Ingreso CONTRASEÑA,Busca tabla invitado
*************
15/01/2024 17:26:56,,Ingreso USUARIO,Busca tabla invitado
*************
15/01/2024 17:26:57,ross,Ingreso CONTRASEÑA,Busca tabla invitado
*************
15/01/2024 17:29:39,,Ingreso USUARIO,Busca tabla invitado
*************
15/01/2024 17:29:40,ross,Ingreso CONTRASEÑA,Busca tabla invitado
*************
15/01/2024 17:31:56,,Ingreso USUARIO,Busca tabla invitado
*************
15/01/2024 17:31:57,ross,Ingreso CONTRASEÑA,Busca tabla invitado
*************
15/01/2024 17:33:25,,Ingreso USUARIO,Busca tabla invitado
*************
15/01/2024 17:33:26,ross,Ingreso CONTRASEÑA,Busca tabla invitado
*************
15/01/2024 17:36:39,,Ingreso USUARIO,Busca tabla invitado
*************
15/01/2024 17:36:40,ross,Ingreso CONTRASEÑA,Busca tabla invitado
*************
15/01/2024 17:39:27,,Ingreso USUARIO,Busca tabla invitado
*************
15/01/2024 17:39:28,ross,Ingreso CONTRASEÑA,Busca tabla invitado
*************
15/01/2024 17:41:22,,Ingreso USUARIO,Busca tabla invitado
*************
15/01/2024 17:41:23,ross,Ingreso CONTRASEÑA,Busca tabla invitado
*************
15/01/2024 17:43:58,,Ingreso USUARIO,Busca tabla invitado
*************
15/01/2024 17:43:59,ross,Ingreso CONTRASEÑA,Busca tabla invitado
*************
15/01/2024 18:46:19,,Ingreso USUARIO,Busca tabla invitado
*************
15/01/2024 18:46:20,ross,Ingreso CONTRASEÑA,Busca tabla invitado
*************
15/01/2024 18:53:03,ross,Nuevo Pedido PRE CARGA,NORMAL/11
*************
15/01/2024 19:06:26,ross,Nuevo Pedido PRE CARGA,NORMAL/12
*************
15/01/2024 19:43:33,ross,Nuevo Pedido PRE CARGA,NORMAL/13
*************
15/01/2024 20:05:38,,Ingreso USUARIO,Busca tabla invitado
*************
15/01/2024 20:05:39,ross,Ingreso CONTRASEÑA,Busca tabla invitado
*************
15/01/2024 20:06:07,ross,Nuevo Pedido PRE CARGA,NORMAL/11
*************
15/01/2024 20:07:01,ross,Nuevo Pedido PRE CARGA,NORMAL/11
*************
15/01/2024 20:08:06,ross,Nuevo Pedido PRE CARGA,NORMAL/11
*************
15/01/2024 20:10:07,ross,Nuevo Pedido PRE CARGA,NORMAL/11
*************
15/01/2024 20:13:11,,Ingreso USUARIO,Busca tabla invitado
*************
15/01/2024 20:13:11,ross,Ingreso CONTRASEÑA,Busca tabla invitado
*************
15/01/2024 20:14:50,ross,Nuevo Pedido PRE CARGA,NORMAL/11
*************
15/01/2024 20:24:30,,Ingreso USUARIO,Busca tabla invitado
*************
15/01/2024 20:24:31,ross,Ingreso CONTRASEÑA,Busca tabla invitado
*************
15/01/2024 20:28:45,,Ingreso USUARIO,Busca tabla invitado
*************
15/01/2024 20:28:46,ross,Ingreso CONTRASEÑA,Busca tabla invitado
*************
15/01/2024 20:29:38,ross,Nuevo Pedido PRE CARGA,NORMAL/13
*************
15/01/2024 20:31:30,,Ingreso USUARIO,Busca tabla invitado
*************
15/01/2024 20:31:31,ross,Ingreso CONTRASEÑA,Busca tabla invitado
*************
15/01/2024 21:05:16,ross,Operación de Movimiento Inventario,
*************
15/01/2024 21:05:18,ross,Inserción de detalle movimiento inventario,
*************
15/01/2024 21:05:19,ross,Inserción de detalle movimiento inventario,
*************
15/01/2024 21:05:20,ross,Inserción de detalle movimiento inventario,
*************
15/01/2024 21:05:22,ross,Inserción de detalle movimiento inventario,
*************
15/01/2024 21:05:29,ross,Inserción de detalle movimiento inventario,
*************
15/01/2024 21:07:12,ross,Operación de Movimiento Inventario,
*************
15/01/2024 21:07:14,ross,Inserción de detalle movimiento inventario,
*************
15/01/2024 21:26:47,,Ingreso USUARIO,Busca tabla invitado
*************
15/01/2024 21:26:48,ross,Ingreso CONTRASEÑA,Busca tabla invitado
*************
20/01/2024 11:39:58,,Ingreso USUARIO,Busca tabla invitado
*************
20/01/2024 11:39:58,ross,Ingreso CONTRASEÑA,Busca tabla invitado
*************
20/01/2024 12:09:26,,Ingreso USUARIO,Busca tabla invitado
*************
20/01/2024 12:09:26,ross,Ingreso CONTRASEÑA,Busca tabla invitado
*************
22/01/2024 12:53:02,,Ingreso USUARIO,Busca tabla invitado
*************
22/01/2024 12:53:02,ross,Ingreso CONTRASEÑA,Busca tabla invitado
*************
23/01/2024 16:42:13,,Ingreso USUARIO,Busca tabla invitado
*************
23/01/2024 16:42:14,ross,Ingreso CONTRASEÑA,Busca tabla invitado
*************
23/01/2024 20:47:50,,Ingreso USUARIO,Busca tabla invitado
*************
23/01/2024 20:47:51,ross,Ingreso CONTRASEÑA,Busca tabla invitado
*************
23/01/2024 22:05:42,,Ingreso USUARIO,Busca tabla invitado
*************
23/01/2024 22:05:43,ross,Ingreso CONTRASEÑA,Busca tabla invitado
*************
22/01/2024 22:07:03,,Ingreso USUARIO,Busca tabla invitado
*************
22/01/2024 22:07:04,ross,Ingreso CONTRASEÑA,Busca tabla invitado
*************
22/01/2024 22:09:06,,Ingreso USUARIO,Busca tabla invitado
*************
22/01/2024 22:09:07,ross,Ingreso CONTRASEÑA,Busca tabla invitado
*************
22/01/2024 22:13:10,,Ingreso USUARIO,Busca tabla invitado
*************
22/01/2024 22:13:11,ross,Ingreso CONTRASEÑA,Busca tabla invitado
*************
22/01/2024 22:14:09,,Ingreso USUARIO,Busca tabla invitado
*************
22/01/2024 22:14:10,ross,Ingreso CONTRASEÑA,Busca tabla invitado
*************
22/01/2024 22:15:52,,Ingreso USUARIO,Busca tabla invitado
*************
22/01/2024 22:15:53,ross,Ingreso CONTRASEÑA,Busca tabla invitado
*************
22/01/2024 22:20:01,,Ingreso USUARIO,Busca tabla invitado
*************
22/01/2024 22:20:02,ross,Ingreso CONTRASEÑA,Busca tabla invitado
*************
22/01/2024 22:22:02,,Ingreso USUARIO,Busca tabla invitado
*************
22/01/2024 22:22:03,ross,Ingreso CONTRASEÑA,Busca tabla invitado
*************
22/01/2024 22:28:17,,Ingreso USUARIO,Busca tabla invitado
*************
22/01/2024 22:28:18,ross,Ingreso CONTRASEÑA,Busca tabla invitado
*************
22/01/2024 22:31:23,,Ingreso USUARIO,Busca tabla invitado
*************
22/01/2024 22:31:24,ross,Ingreso CONTRASEÑA,Busca tabla invitado
*************
22/01/2024 22:36:33,,Ingreso USUARIO,Busca tabla invitado
*************
22/01/2024 22:36:34,ross,Ingreso CONTRASEÑA,Busca tabla invitado
*************
22/01/2024 15:53:03,,Ingreso USUARIO,Busca tabla invitado
*************
22/01/2024 15:53:04,ross,Ingreso CONTRASEÑA,Busca tabla invitado
*************
22/01/2024 16:28:27,ross,Nuevo Pedido PRE CARGA,NORMAL/1
*************
22/01/2024 16:46:42,,Ingreso USUARIO,Busca tabla invitado
*************
22/01/2024 16:46:43,ross,Ingreso CONTRASEÑA,Busca tabla invitado
*************
22/01/2024 18:07:04,,Ingreso USUARIO,Busca tabla invitado
*************
22/01/2024 18:07:05,ross,Ingreso CONTRASEÑA,Busca tabla invitado
*************
22/01/2024 18:24:10,,Ingreso USUARIO,Busca tabla invitado
*************
22/01/2024 18:24:11,ross,Ingreso CONTRASEÑA,Busca tabla invitado
*************
22/01/2024 19:54:15,,Ingreso USUARIO,Busca tabla invitado
*************
22/01/2024 19:54:16,ross,Ingreso CONTRASEÑA,Busca tabla invitado
*************
22/01/2024 20:05:36,,Ingreso USUARIO,Busca tabla invitado
*************
22/01/2024 20:05:37,ross,Ingreso CONTRASEÑA,Busca tabla invitado
*************
22/01/2024 20:14:29,,Ingreso USUARIO,Busca tabla invitado
*************
22/01/2024 20:14:30,ross,Ingreso CONTRASEÑA,Busca tabla invitado
*************
22/01/2024 20:15:40,,Ingreso USUARIO,Busca tabla invitado
*************
22/01/2024 20:15:40,ross,Ingreso CONTRASEÑA,Busca tabla invitado
*************
22/01/2024 20:27:10,,Ingreso USUARIO,Busca tabla invitado
*************
22/01/2024 20:27:11,ross,Ingreso CONTRASEÑA,Busca tabla invitado
*************
22/01/2024 20:35:21,,Ingreso USUARIO,Busca tabla invitado
*************
22/01/2024 20:35:28,,Ingreso CONTRASEÑA FALLIDO,
*************
22/01/2024 20:35:28,,Ingreso CONTRASEÑA,Busca tabla invitado
*************
22/01/2024 20:35:29,ross,Ingreso CONTRASEÑA,Busca tabla invitado
*************
23/01/2024 12:29:18,,Ingreso USUARIO,Busca tabla invitado
*************
23/01/2024 12:29:19,ross,Ingreso CONTRASEÑA,Busca tabla invitado
*************
23/01/2024 12:30:27,,Ingreso USUARIO,Busca tabla invitado
*************
23/01/2024 12:30:28,ross,Ingreso CONTRASEÑA,Busca tabla invitado
*************
23/01/2024 12:33:07,,Ingreso USUARIO,Busca tabla invitado
*************
23/01/2024 12:33:07,ross,Ingreso CONTRASEÑA,Busca tabla invitado
*************
23/01/2024 12:43:44,,Ingreso USUARIO,Busca tabla invitado
*************
23/01/2024 12:43:44,ross,Ingreso CONTRASEÑA,Busca tabla invitado
*************
23/01/2024 12:45:20,ross,Nuevo Pedido PRE CARGA,NORMAL/2
*************
23/01/2024 12:46:29,,Ingreso USUARIO,Busca tabla invitado
*************
23/01/2024 12:46:30,ross,Ingreso CONTRASEÑA,Busca tabla invitado
*************
23/01/2024 15:19:09,,Ingreso USUARIO,Busca tabla invitado
*************
23/01/2024 15:19:21,ross,Ingreso CONTRASEÑA,Busca tabla invitado
*************
23/01/2024 15:37:15,ross,Nuevo Pedido IMPORTACION,FYBECA/3
*************
23/01/2024 15:37:15,ross,Nuevo Pedido IMPORTACION,FYBECA/4
*************
23/01/2024 15:37:15,ross,Nuevo Pedido IMPORTACION,FYBECA/5
*************
23/01/2024 15:37:15,ross,Nuevo Pedido IMPORTACION,FYBECA/6
*************
23/01/2024 15:37:15,ross,Nuevo Pedido IMPORTACION,FYBECA/7
*************
23/01/2024 15:37:15,ross,Nuevo Pedido IMPORTACION,FYBECA/8
*************
23/01/2024 15:37:15,ross,Nuevo Pedido IMPORTACION,FYBECA/9
*************
23/01/2024 15:37:15,ross,Nuevo Pedido IMPORTACION,FYBECA/10
*************
23/01/2024 15:37:15,ross,Nuevo Pedido IMPORTACION,FYBECA/11
*************
23/01/2024 15:37:15,ross,Nuevo Pedido IMPORTACION,FYBECA/12
*************
23/01/2024 15:37:15,ross,Nuevo Pedido IMPORTACION,FYBECA/13
*************
23/01/2024 15:37:15,ross,Nuevo Pedido IMPORTACION,FYBECA/14
*************
23/01/2024 15:37:15,ross,Nuevo Pedido IMPORTACION,FYBECA/15
*************
23/01/2024 15:48:29,ross,Nuevo Pedido IMPORTACION,JACINTO/16
*************
23/01/2024 15:48:29,ross,Nuevo Pedido IMPORTACION,JACINTO/17
*************
23/01/2024 15:48:29,ross,Nuevo Pedido IMPORTACION,JACINTO/18
*************
23/01/2024 15:48:30,ross,Nuevo Pedido IMPORTACION,JACINTO/19
*************
23/01/2024 15:48:30,ross,Nuevo Pedido IMPORTACION,JACINTO/20
*************
23/01/2024 15:48:30,ross,Nuevo Pedido IMPORTACION,JACINTO/21
*************
23/01/2024 15:48:30,ross,Nuevo Pedido IMPORTACION,JACINTO/22
*************
23/01/2024 15:48:30,ross,Nuevo Pedido IMPORTACION,JACINTO/23
*************
23/01/2024 15:48:30,ross,Nuevo Pedido IMPORTACION,JACINTO/24
*************
23/01/2024 15:48:30,ross,Nuevo Pedido IMPORTACION,JACINTO/25
*************
23/01/2024 15:48:30,ross,Nuevo Pedido IMPORTACION,JACINTO/26
*************
23/01/2024 15:48:31,ross,Nuevo Pedido IMPORTACION,JACINTO/27
*************
23/01/2024 15:48:31,ross,Nuevo Pedido IMPORTACION,JACINTO/28
*************
23/01/2024 15:49:56,ross,IMPRIMIR LISTA TRABAJO,
*************
23/01/2024 16:03:00,ross,01 GENERAR ORDEN  NORMAL EXAMENES: 400101,400149,400150,400476,400151,400295,400230,,PEDIDO=29
*************
23/01/2024 16:07:02,ross,03 IMPRIMIR PEDIDO,PEDIDO=29
*************
23/01/2024 16:18:20,ross,Actualiza FACTURA,FACTURA=18
*************
23/01/2024 16:18:20,ross,Ingresa FACTURA,FACTURA=18
*************
23/01/2024 16:18:20,ross,Insertar abono,Factura=18 Abono= 10
*************
23/01/2024 16:18:20,ross,Actualiza FACTURA,FACTURA=18/10
*************
23/01/2024 16:18:23,ross,Inserta usuario web,Paciente=3 MFREIRE
*************
23/01/2024 16:18:23,ross,Registra Tx Factura,Factura=18
*************
23/01/2024 16:18:39,ross,Registra Tx Factura,Factura=18
*************
23/01/2024 16:18:43,ross,Registra Tx Factura,Factura=18
*************
23/01/2024 16:20:15,ross,Insertar abono,Factura=18 Abono= 10
*************
23/01/2024 16:20:15,ross,Actualiza FACTURA,FACTURA=18/10
*************
23/01/2024 16:23:01,ross,IMPRIMIR CONTRAORDEN,
*************
23/01/2024 16:35:58,ross,GUARDA RESULTADOS,NEU%25H=2
*************
23/01/2024 16:35:58,ross,GUARDA RESULTADOS,LYM%25H=2
*************
23/01/2024 16:35:58,ross,GUARDA RESULTADOS,MON%25H=2
*************
23/01/2024 16:35:58,ross,GUARDA RESULTADOS,EOS%25H=2
*************
23/01/2024 16:35:58,ross,GUARDA RESULTADOS,BASO%25H=2
*************
23/01/2024 16:35:58,ross,GUARDA RESULTADOS,HCTH=
*************
23/01/2024 16:35:58,ross,GUARDA RESULTADOS,RDW-CVH=2
*************
23/01/2024 16:35:58,ross,GUARDA RESULTADOS,PCTH=2
*************
23/01/2024 16:35:58,ross,GUARDA RESULTADOS,P-LCRH=2
*************
23/01/2024 16:35:58,ross,GUARDA RESULTADOS,WBCH=2
*************
23/01/2024 16:35:58,ross,GUARDA RESULTADOS,NEUH=2
*************
23/01/2024 16:35:58,ross,GUARDA RESULTADOS,LYMH=2
*************
23/01/2024 16:35:58,ross,GUARDA RESULTADOS,MONH2=
*************
23/01/2024 16:35:58,ross,GUARDA RESULTADOS,EOSH=2
*************
23/01/2024 16:35:58,ross,GUARDA RESULTADOS,BASOH=2
*************
23/01/2024 16:35:58,ross,GUARDA RESULTADOS,PLTH=2
*************
23/01/2024 16:35:58,ross,GUARDA RESULTADOS,P-LCCH=
*************
23/01/2024 16:35:58,ross,GUARDA RESULTADOS,RBCH=2
*************
23/01/2024 16:35:58,ross,GUARDA RESULTADOS,MCVH=2
*************
23/01/2024 16:35:58,ross,GUARDA RESULTADOS,RDW-SDH=2
*************
23/01/2024 16:35:58,ross,GUARDA RESULTADOS,MPVH=2
*************
23/01/2024 16:35:58,ross,GUARDA RESULTADOS,PDWH=2
*************
23/01/2024 16:35:58,ross,GUARDA RESULTADOS,HGBH=2
*************
23/01/2024 16:35:58,ross,GUARDA RESULTADOS,MCHCH=2
*************
23/01/2024 16:35:58,ross,GUARDA RESULTADOS,MCHH=2
*************
23/01/2024 16:40:38,ross,GUARDA RESULTADOS,WBCH=2
*************
23/01/2024 16:40:38,ross,GUARDA RESULTADOS,NEUH=2
*************
23/01/2024 16:40:38,ross,GUARDA RESULTADOS,LYMH=2
*************
23/01/2024 16:40:38,ross,GUARDA RESULTADOS,MONH2=555
*************
23/01/2024 16:40:38,ross,GUARDA RESULTADOS,EOSH=0.04
*************
23/01/2024 16:40:38,ross,GUARDA RESULTADOS,BASOH=0.04
*************
23/01/2024 16:40:38,ross,GUARDA RESULTADOS,NEU%25H=2
*************
23/01/2024 16:40:38,ross,GUARDA RESULTADOS,LYM%25H=2
*************
23/01/2024 16:40:38,ross,GUARDA RESULTADOS,MON%25H=2
*************
23/01/2024 16:40:38,ross,GUARDA RESULTADOS,EOS%25H=2
*************
23/01/2024 16:40:38,ross,GUARDA RESULTADOS,BASO%25H=2
*************
23/01/2024 16:40:38,ross,GUARDA RESULTADOS,RBCH=2
*************
23/01/2024 16:40:38,ross,GUARDA RESULTADOS,HCTH=
*************
23/01/2024 16:40:38,ross,GUARDA RESULTADOS,HGBH=2
*************
23/01/2024 16:40:38,ross,GUARDA RESULTADOS,MCVH=2
*************
23/01/2024 16:40:38,ross,GUARDA RESULTADOS,MCHH=2
*************
23/01/2024 16:40:38,ross,GUARDA RESULTADOS,MCHCH=2
*************
23/01/2024 16:40:38,ross,GUARDA RESULTADOS,RDW-CVH=2
*************
23/01/2024 16:40:38,ross,GUARDA RESULTADOS,RDW-SDH=2
*************
23/01/2024 16:40:38,ross,GUARDA RESULTADOS,PLTH=2
*************
23/01/2024 16:40:38,ross,GUARDA RESULTADOS,MPVH=2
*************
23/01/2024 16:40:38,ross,GUARDA RESULTADOS,PDWH=2
*************
23/01/2024 16:40:38,ross,GUARDA RESULTADOS,PCTH=2
*************
23/01/2024 16:40:38,ross,GUARDA RESULTADOS,P-LCRH=2
*************
23/01/2024 16:40:38,ross,GUARDA RESULTADOS,P-LCCH=
*************
23/01/2024 16:43:19,ross,GUARDA RESULTADOS,ANAQUI1=- EXAMEN FÍSICO -
*************
23/01/2024 16:43:19,ross,GUARDA RESULTADOS,COLOH=ROJO
*************
23/01/2024 16:43:19,ross,GUARDA RESULTADOS,ASPOH=LIGERAMENTE TURBIO
*************
23/01/2024 16:43:19,ross,GUARDA RESULTADOS,EMOQUI=-EXAMEN QUIMICO-
*************
23/01/2024 16:43:19,ross,GUARDA RESULTADOS,DENO=1.055
*************
23/01/2024 16:43:19,ross,GUARDA RESULTADOS,PHO=6.0
*************
23/01/2024 16:43:19,ross,GUARDA RESULTADOS,LEUOH=+++
*************
23/01/2024 16:43:19,ross,GUARDA RESULTADOS,ELEUCOH=
*************
23/01/2024 16:43:19,ross,GUARDA RESULTADOS,ASCOH=
*************
23/01/2024 16:43:19,ross,GUARDA RESULTADOS,NITO=NEGATIVO
*************
23/01/2024 16:43:19,ross,GUARDA RESULTADOS,PROTOH=NEGATIVO
*************
23/01/2024 16:43:19,ross,GUARDA RESULTADOS,GLUOH=NEGATIVO
*************
23/01/2024 16:43:19,ross,GUARDA RESULTADOS,CCETOH=NEGATIVO
*************
23/01/2024 16:43:19,ross,GUARDA RESULTADOS,UROOH=NEGATIVO
*************
23/01/2024 16:43:19,ross,GUARDA RESULTADOS,BILO=NEGATIVO
*************
23/01/2024 16:43:19,ross,GUARDA RESULTADOS,SANOH=NEGATIVO
*************
23/01/2024 16:43:19,ross,GUARDA RESULTADOS,HGBOH=
*************
23/01/2024 16:43:19,ross,GUARDA RESULTADOS,ANAMIC1=- EXAMEN MICROSCÓPICO -
*************
23/01/2024 16:43:19,ross,GUARDA RESULTADOS,CELPOH=1-2
*************
23/01/2024 16:43:19,ross,GUARDA RESULTADOS,CELEPH=
*************
23/01/2024 16:43:19,ross,GUARDA RESULTADOS,CELCAOH=
*************
23/01/2024 16:43:19,ross,GUARDA RESULTADOS,LEUC_EMO1H=
*************
23/01/2024 16:43:19,ross,GUARDA RESULTADOS,PIOO=2-3
*************
23/01/2024 16:43:19,ross,GUARDA RESULTADOS,HEMOH=
*************
23/01/2024 16:43:19,ross,GUARDA RESULTADOS,BACOH=
*************
23/01/2024 16:43:19,ross,GUARDA RESULTADOS,MOCOH=
*************
23/01/2024 16:43:19,ross,GUARDA RESULTADOS,LEVA_ORINA=
*************
23/01/2024 16:43:19,ross,GUARDA RESULTADOS,URO=
*************
23/01/2024 16:43:20,ross,GUARDA RESULTADOS,FOO=
*************
23/01/2024 16:43:20,ross,GUARDA RESULTADOS,OXAO=
*************
23/01/2024 16:43:20,ross,GUARDA RESULTADOS,CRIO=
*************
23/01/2024 16:43:20,ross,GUARDA RESULTADOS,CILO=
*************
23/01/2024 16:43:20,ross,GUARDA RESULTADOS,CIGO=
*************
23/01/2024 16:43:20,ross,GUARDA RESULTADOS,CILCE=
*************
23/01/2024 16:43:20,ross,GUARDA RESULTADOS,ESP=
*************
23/01/2024 16:43:20,ross,GUARDA RESULTADOS,OTROSO=
*************
23/01/2024 16:45:03,ross,GUARDA NOTA AREA,AREA EXAMEN =11/SUERO LIPEMICO ++
*************
23/01/2024 16:46:21,ross,GUARDA RESULTADOS,BHH=MEMO
*************
23/01/2024 16:46:21,ross,GUARDA RESULTADOS,COLH=178
*************
23/01/2024 16:46:22,ross,GUARDA RESULTADOS,AHDLH=20
*************
23/01/2024 16:46:22,ross,GUARDA RESULTADOS,LDLH=128
*************
23/01/2024 16:46:22,ross,GUARDA RESULTADOS,TGLH=150
*************
23/01/2024 16:46:22,ross,GUARDA RESULTADOS,EMOH=MEMO
*************
23/01/2024 16:47:25,ross,GUARDA RESULTADOS,BHH=MEMO
*************
23/01/2024 16:47:25,ross,GUARDA RESULTADOS,COLH=178
*************
23/01/2024 16:47:25,ross,GUARDA RESULTADOS,AHDLH=20
*************
23/01/2024 16:47:25,ross,GUARDA RESULTADOS,LDLH=128
*************
23/01/2024 16:47:25,ross,GUARDA RESULTADOS,TGLH=150
*************
23/01/2024 16:47:25,ross,GUARDA RESULTADOS,EMOH=MEMO
*************
23/01/2024 16:47:34,ross,VALIDACION RESULTADO,PEDIDO=29/400101
*************
23/01/2024 16:47:34,ross,VALIDACION RESULTADO,PEDIDO=29/400149
*************
23/01/2024 16:47:34,ross,VALIDACION RESULTADO,PEDIDO=29/400150
*************
23/01/2024 16:47:34,ross,VALIDACION RESULTADO,PEDIDO=29/400151
*************
23/01/2024 16:47:34,ross,VALIDACION RESULTADO,PEDIDO=29/400230
*************
23/01/2024 16:47:34,ross,VALIDACION RESULTADO,PEDIDO=29/400476
*************
23/01/2024 16:47:35,ross,Eliminar resultado AUX_HIS,
*************
23/01/2024 16:49:06,ross,IMPRIME POR AREA,PEDIDO=29
*************
23/01/2024 16:53:55,ross,IMPRIME TODO,PEDIDO=29
*************
23/01/2024 16:55:26,ross,IMPRIME POR EMAMEN,PEDIDO=29
*************
23/01/2024 16:56:42,ross,IMPRIME SOBRE,PEDIDO=29
*************
23/01/2024 17:03:07,ross,Actualiza Test,Test=COLESTEROL TOTAL 
*************
23/01/2024 17:03:35,ross,Actualizar Rango Unico,Test=400149 Rango=0-190
*************
23/01/2024 21:09:05,,Ingreso USUARIO,Busca tabla invitado
*************
23/01/2024 21:09:06,ross,Ingreso CONTRASEÑA,Busca tabla invitado
*************
23/01/2024 21:14:52,,Ingreso USUARIO,Busca tabla invitado
*************
23/01/2024 21:14:53,ross,Ingreso CONTRASEÑA,Busca tabla invitado
*************
23/01/2024 21:20:16,,Ingreso USUARIO,Busca tabla invitado
*************
23/01/2024 21:20:17,ross,Ingreso CONTRASEÑA,Busca tabla invitado
*************
23/01/2024 21:21:56,,Ingreso USUARIO,Busca tabla invitado
*************
23/01/2024 21:21:57,ross,Ingreso CONTRASEÑA,Busca tabla invitado
*************
23/01/2024 21:41:29,,Ingreso USUARIO,Busca tabla invitado
*************
23/01/2024 21:41:30,ross,Ingreso CONTRASEÑA,Busca tabla invitado
*************
23/01/2024 21:57:11,,Ingreso USUARIO,Busca tabla invitado
*************
23/01/2024 21:57:11,ross,Ingreso CONTRASEÑA,Busca tabla invitado
*************
23/01/2024 22:01:36,,Ingreso USUARIO,Busca tabla invitado
*************
23/01/2024 22:01:37,ross,Ingreso CONTRASEÑA,Busca tabla invitado
*************
23/01/2024 22:06:17,,Ingreso USUARIO,Busca tabla invitado
*************
23/01/2024 22:06:18,ross,Ingreso CONTRASEÑA,Busca tabla invitado
*************
23/01/2024 22:09:46,,Ingreso USUARIO,Busca tabla invitado
*************
23/01/2024 22:09:47,ross,Ingreso CONTRASEÑA,Busca tabla invitado
*************
27/01/2024 9:00:34,,Ingreso USUARIO,Busca tabla invitado
*************
27/01/2024 9:00:35,ross,Ingreso CONTRASEÑA,Busca tabla invitado
*************
27/01/2024 9:01:12,ross,Actualizacon Medico,Medico=ALERGOLOGIA 1
*************
27/01/2024 9:09:33,ross,Nuevo Pedido PRE CARGA,NORMAL/30
*************
27/01/2024 9:28:40,,Ingreso USUARIO,Busca tabla invitado
*************
27/01/2024 9:28:41,ross,Ingreso CONTRASEÑA,Busca tabla invitado
*************
27/01/2024 9:34:31,,Ingreso USUARIO,Busca tabla invitado
*************
27/01/2024 9:34:32,ross,Ingreso CONTRASEÑA,Busca tabla invitado
*************
27/01/2024 9:35:59,,Ingreso USUARIO,Busca tabla invitado
*************
27/01/2024 9:35:59,ross,Ingreso CONTRASEÑA,Busca tabla invitado
*************
27/01/2024 9:40:49,,Ingreso USUARIO,Busca tabla invitado
*************
27/01/2024 9:40:50,ross,Ingreso CONTRASEÑA,Busca tabla invitado
*************
28/01/2024 11:48:32,,Ingreso USUARIO,Busca tabla invitado
*************
28/01/2024 11:48:32,ross,Ingreso CONTRASEÑA,Busca tabla invitado
*************
29/01/2024 10:52:24,,Ingreso USUARIO,Busca tabla invitado
*************
29/01/2024 10:52:24,ross,Ingreso CONTRASEÑA,Busca tabla invitado
*************
29/01/2024 10:53:55,ross,Nuevo Pedido PRE CARGA,NORMAL/31
*************
29/01/2024 11:41:29,,Ingreso USUARIO,Busca tabla invitado
*************
29/01/2024 11:41:30,ross,Ingreso CONTRASEÑA,Busca tabla invitado
*************
29/01/2024 11:50:56,ross,CUTANEAS,AL_CERDOH
*************
29/01/2024 11:50:56,ross,CUTANEAS,AL_POLLOH
*************
29/01/2024 11:50:56,ross,CUTANEAS,AL_CORVINAH
*************
29/01/2024 11:50:56,ross,CUTANEAS,AL_ATUNH
*************
29/01/2024 11:50:57,ross,CUTANEAS,AL_LANGOSTAH
*************
29/01/2024 11:50:57,ross,CUTANEAS,AL_CAMARONH
*************
29/01/2024 11:50:57,ross,CUTANEAS,AL_LECHEH
*************
29/01/2024 11:50:57,ross,CUTANEAS,AL_HUEVOCIH
*************
29/01/2024 11:50:57,ross,CUTANEAS,AL_YEMAH
*************
29/01/2024 11:50:58,ross,CUTANEAS,AL_TRIGOH
*************
29/01/2024 11:50:58,ross,CUTANEAS,AL_MAIZH
*************
29/01/2024 11:50:58,ross,CUTANEAS,AL_ARROZH
*************
29/01/2024 11:50:58,ross,CUTANEAS,AL_FREJOLH
*************
29/01/2024 11:50:58,ross,CUTANEAS,AL_LENTEJAH
*************
29/01/2024 11:50:59,ross,CUTANEAS,AL_HABAH
*************
29/01/2024 11:50:59,ross,CUTANEAS,AL_TOMATEH
*************
29/01/2024 11:50:59,ross,CUTANEAS,AL_ZANAHORIAH
*************
29/01/2024 11:50:59,ross,CUTANEAS,AL_MANIH
*************
29/01/2024 11:50:59,ross,CUTANEAS,AL_CHOCOLATEH
*************
29/01/2024 11:50:59,ross,CUTANEAS,AL_NARANJAH
*************
29/01/2024 11:51:00,ross,CUTANEAS,AL_PIÑAH
*************
29/01/2024 11:51:00,ross,CUTANEAS,AL_FRUTILLAH
*************
29/01/2024 11:51:00,ross,CUTANEAS,AL_TARTRAZINAH
*************
29/01/2024 11:51:00,ross,CUTANEAS,AL_PARABENOSH
*************
29/01/2024 11:51:00,ross,CUTANEAS,AL_INSECTH
*************
29/01/2024 11:51:00,ross,CUTANEAS,AL_CYNODONH
*************
29/01/2024 11:51:00,ross,CUTANEAS,AL_HOLCUSH
*************
29/01/2024 11:51:00,ross,CUTANEAS,AL_LOLIUMH
*************
29/01/2024 11:51:00,ross,CUTANEAS,AL_ACETAMINOFENH
*************
29/01/2024 11:51:01,ross,CUTANEAS,AL_IBUPROFENOH
*************
29/01/2024 11:51:01,ross,CUTANEAS,AL_PIRAZOLONAH
*************
29/01/2024 11:51:01,ross,CUTANEAS,AL_OXICANESH
*************
29/01/2024 11:51:01,ross,CUTANEAS,AL_PENICILINAH
*************
29/01/2024 11:51:01,ross,CUTANEAS,AL_QUINOLONASH
*************
29/01/2024 11:51:01,ross,CUTANEAS,AL_AMOXICILINAH
*************
29/01/2024 11:51:01,ross,CUTANEAS,AL_CEFALOSPORINAH
*************
29/01/2024 11:51:01,ross,CUTANEAS,AL_IMIDAZOLICOSH
*************
29/01/2024 11:51:01,ross,CUTANEAS,AL_YODOH
*************
29/01/2024 12:40:34,,Ingreso USUARIO,Busca tabla invitado
*************
29/01/2024 12:40:35,ross,Ingreso CONTRASEÑA,Busca tabla invitado
*************
29/01/2024 12:58:27,,Ingreso USUARIO,Busca tabla invitado
*************
29/01/2024 12:58:28,ross,Ingreso CONTRASEÑA,Busca tabla invitado
*************
29/01/2024 13:05:28,,Ingreso USUARIO,Busca tabla invitado
*************
29/01/2024 13:05:29,ross,Ingreso CONTRASEÑA,Busca tabla invitado
*************
29/01/2024 13:06:36,,Ingreso USUARIO,Busca tabla invitado
*************
29/01/2024 13:06:37,ross,Ingreso CONTRASEÑA,Busca tabla invitado
*************
29/01/2024 16:11:21,,Ingreso USUARIO,Busca tabla invitado
*************
29/01/2024 16:11:21,ross,Ingreso CONTRASEÑA,Busca tabla invitado
*************
29/01/2024 16:13:50,,Ingreso USUARIO,Busca tabla invitado
*************
29/01/2024 16:13:51,ross,Ingreso CONTRASEÑA,Busca tabla invitado
*************
29/01/2024 16:18:23,,Ingreso USUARIO,Busca tabla invitado
*************
29/01/2024 16:18:24,ross,Ingreso CONTRASEÑA,Busca tabla invitado
*************
29/01/2024 16:21:34,,Ingreso USUARIO,Busca tabla invitado
*************
29/01/2024 16:21:35,ross,Ingreso CONTRASEÑA,Busca tabla invitado
*************
29/01/2024 16:26:41,,Ingreso USUARIO,Busca tabla invitado
*************
29/01/2024 16:26:42,ross,Ingreso CONTRASEÑA,Busca tabla invitado
*************
29/01/2024 16:32:10,,Ingreso USUARIO,Busca tabla invitado
*************
29/01/2024 16:32:11,ross,Ingreso CONTRASEÑA,Busca tabla invitado
*************
29/01/2024 16:58:14,,Ingreso USUARIO,Busca tabla invitado
*************
29/01/2024 16:58:14,ross,Ingreso CONTRASEÑA,Busca tabla invitado
*************
29/01/2024 21:29:24,,Ingreso USUARIO,Busca tabla invitado
*************
29/01/2024 21:29:26,ross,Ingreso CONTRASEÑA,Busca tabla invitado
*************
29/01/2024 21:30:45,ross,CUTANEAS,AL_CERDOH
*************
29/01/2024 21:30:45,ross,CUTANEAS,AL_POLLOH
*************
29/01/2024 21:30:45,ross,CUTANEAS,AL_CORVINAH
*************
29/01/2024 21:30:45,ross,CUTANEAS,AL_ATUNH
*************
29/01/2024 21:30:45,ross,CUTANEAS,AL_LANGOSTAH
*************
29/01/2024 21:30:46,ross,CUTANEAS,AL_CAMARONH
*************
29/01/2024 21:30:46,ross,CUTANEAS,AL_LECHEH
*************
29/01/2024 21:30:46,ross,CUTANEAS,AL_HUEVOCIH
*************
29/01/2024 21:30:46,ross,CUTANEAS,AL_YEMAH
*************
29/01/2024 21:30:46,ross,CUTANEAS,AL_TRIGOH
*************
29/01/2024 21:30:46,ross,CUTANEAS,AL_MAIZH
*************
29/01/2024 21:30:46,ross,CUTANEAS,AL_ARROZH
*************
29/01/2024 21:30:46,ross,CUTANEAS,AL_FREJOLH
*************
29/01/2024 21:30:47,ross,CUTANEAS,AL_LENTEJAH
*************
29/01/2024 21:30:47,ross,CUTANEAS,AL_HABAH
*************
29/01/2024 21:30:47,ross,CUTANEAS,AL_TOMATEH
*************
29/01/2024 21:30:47,ross,CUTANEAS,AL_ZANAHORIAH
*************
29/01/2024 21:30:47,ross,CUTANEAS,AL_MANIH
*************
29/01/2024 21:30:47,ross,CUTANEAS,AL_CHOCOLATEH
*************
29/01/2024 21:30:47,ross,CUTANEAS,AL_NARANJAH
*************
29/01/2024 21:30:47,ross,CUTANEAS,AL_PIÑAH
*************
29/01/2024 21:30:47,ross,CUTANEAS,AL_FRUTILLAH
*************
29/01/2024 21:30:47,ross,CUTANEAS,AL_TARTRAZINAH
*************
29/01/2024 21:30:47,ross,CUTANEAS,AL_PARABENOSH
*************
29/01/2024 21:30:47,ross,CUTANEAS,AL_INSECTH
*************
29/01/2024 21:30:47,ross,CUTANEAS,AL_CYNODONH
*************
29/01/2024 21:30:47,ross,CUTANEAS,AL_HOLCUSH
*************
29/01/2024 21:30:47,ross,CUTANEAS,AL_LOLIUMH
*************
29/01/2024 21:30:48,ross,CUTANEAS,AL_DPTERONYSINUSH
*************
29/01/2024 21:30:48,ross,CUTANEAS,AL_ACETAMINOFENH
*************
29/01/2024 21:30:48,ross,CUTANEAS,AL_IBUPROFENOH
*************
29/01/2024 21:30:48,ross,CUTANEAS,AL_PIRAZOLONAH
*************
29/01/2024 21:30:48,ross,CUTANEAS,AL_OXICANESH
*************
29/01/2024 21:30:49,ross,CUTANEAS,AL_LIDOCAINAH
*************
29/01/2024 21:30:49,ross,CUTANEAS,AL_KETOROLACOH
*************
29/01/2024 21:30:49,ross,CUTANEAS,AL_PENICILINAH
*************
29/01/2024 21:30:49,ross,CUTANEAS,AL_QUINOLONASH
*************
29/01/2024 21:30:50,ross,CUTANEAS,AL_AMOXICILINAH
*************
29/01/2024 21:30:50,ross,CUTANEAS,AL_CEFALOSPORINAH
*************
29/01/2024 21:30:50,ross,CUTANEAS,AL_IMIDAZOLICOSH
*************
29/01/2024 21:30:50,ross,CUTANEAS,AL_YODOH
*************
30/01/2024 8:35:00,,Ingreso USUARIO,Busca tabla invitado
*************
30/01/2024 8:35:00,ross,Ingreso CONTRASEÑA,Busca tabla invitado
*************
30/01/2024 8:35:51,ross,Nuevo Pedido PRE CARGA,NORMAL/32
*************
30/01/2024 8:37:30,ross,CUTANEAS,AL_CERDOH
*************
30/01/2024 8:37:30,ross,CUTANEAS,AL_POLLOH
*************
30/01/2024 8:37:30,ross,CUTANEAS,AL_CORVINAH
*************
30/01/2024 8:37:31,ross,CUTANEAS,AL_ATUNH
*************
30/01/2024 8:37:31,ross,CUTANEAS,AL_LANGOSTAH
*************
30/01/2024 8:37:31,ross,CUTANEAS,AL_CAMARONH
*************
30/01/2024 8:37:31,ross,CUTANEAS,AL_LECHEH
*************
30/01/2024 8:37:31,ross,CUTANEAS,AL_HUEVOCIH
*************
30/01/2024 8:37:32,ross,CUTANEAS,AL_YEMAH
*************
30/01/2024 8:37:32,ross,CUTANEAS,AL_TRIGOH
*************
30/01/2024 8:37:32,ross,CUTANEAS,AL_MAIZH
*************
30/01/2024 8:37:32,ross,CUTANEAS,AL_ARROZH
*************
30/01/2024 8:37:32,ross,CUTANEAS,AL_FREJOLH
*************
30/01/2024 8:37:32,ross,CUTANEAS,AL_LENTEJAH
*************
30/01/2024 8:37:32,ross,CUTANEAS,AL_HABAH
*************
30/01/2024 8:37:33,ross,CUTANEAS,AL_TOMATEH
*************
30/01/2024 8:37:33,ross,CUTANEAS,AL_ZANAHORIAH
*************
30/01/2024 8:37:33,ross,CUTANEAS,AL_MANIH
*************
30/01/2024 8:37:33,ross,CUTANEAS,AL_CHOCOLATEH
*************
30/01/2024 8:37:33,ross,CUTANEAS,AL_NARANJAH
*************
30/01/2024 8:37:33,ross,CUTANEAS,AL_PIÑAH
*************
30/01/2024 8:37:34,ross,CUTANEAS,AL_FRUTILLAH
*************
30/01/2024 8:37:34,ross,CUTANEAS,AL_TARTRAZINAH
*************
30/01/2024 8:37:34,ross,CUTANEAS,AL_PARABENOSH
*************
30/01/2024 8:37:34,ross,CUTANEAS,AL_HISTAMINAH
*************
30/01/2024 8:37:34,ross,CUTANEAS,AL_ABEJAH
*************
30/01/2024 8:37:34,ross,CUTANEAS,AL_INSECTH
*************
30/01/2024 8:37:34,ross,CUTANEAS,AL_CYNODONH
*************
30/01/2024 8:37:34,ross,CUTANEAS,AL_HOLCUSH
*************
30/01/2024 8:37:34,ross,CUTANEAS,AL_CANDIDAH
*************
30/01/2024 8:38:34,ross,CUTANEAS,AL_CERDOH
*************
30/01/2024 8:38:34,ross,CUTANEAS,AL_POLLOH
*************
30/01/2024 8:38:35,ross,CUTANEAS,AL_CORVINAH
*************
30/01/2024 8:38:35,ross,CUTANEAS,AL_ATUNH
*************
30/01/2024 8:38:35,ross,CUTANEAS,AL_LANGOSTAH
*************
30/01/2024 8:38:35,ross,CUTANEAS,AL_CAMARONH
*************
30/01/2024 8:38:35,ross,CUTANEAS,AL_LECHEH
*************
30/01/2024 8:38:36,ross,CUTANEAS,AL_HUEVOCIH
*************
30/01/2024 8:38:36,ross,CUTANEAS,AL_YEMAH
*************
30/01/2024 8:38:36,ross,CUTANEAS,AL_TRIGOH
*************
30/01/2024 8:38:36,ross,CUTANEAS,AL_MAIZH
*************
30/01/2024 8:38:36,ross,CUTANEAS,AL_ARROZH
*************
30/01/2024 8:38:36,ross,CUTANEAS,AL_FREJOLH
*************
30/01/2024 8:38:36,ross,CUTANEAS,AL_LENTEJAH
*************
30/01/2024 8:38:36,ross,CUTANEAS,AL_HABAH
*************
30/01/2024 8:38:37,ross,CUTANEAS,AL_TOMATEH
*************
30/01/2024 8:38:37,ross,CUTANEAS,AL_ZANAHORIAH
*************
30/01/2024 8:38:37,ross,CUTANEAS,AL_MANIH
*************
30/01/2024 8:38:37,ross,CUTANEAS,AL_CHOCOLATEH
*************
30/01/2024 8:38:37,ross,CUTANEAS,AL_NARANJAH
*************
30/01/2024 8:38:37,ross,CUTANEAS,AL_PIÑAH
*************
30/01/2024 8:38:37,ross,CUTANEAS,AL_FRUTILLAH
*************
30/01/2024 8:38:38,ross,CUTANEAS,AL_TARTRAZINAH
*************
30/01/2024 8:38:38,ross,CUTANEAS,AL_PARABENOSH
*************
30/01/2024 8:38:38,ross,CUTANEAS,AL_HISTAMINAH
*************
30/01/2024 8:38:38,ross,CUTANEAS,AL_ABEJAH
*************
30/01/2024 8:38:38,ross,CUTANEAS,AL_INSECTH
*************
30/01/2024 8:38:38,ross,CUTANEAS,AL_CYNODONH
*************
30/01/2024 8:38:38,ross,CUTANEAS,AL_HOLCUSH
*************
30/01/2024 8:38:38,ross,CUTANEAS,AL_CANDIDAH
*************
30/01/2024 8:38:39,ross,CUTANEAS,AL_ACETAMINOFENH
*************
30/01/2024 8:38:39,ross,CUTANEAS,AL_IBUPROFENOH
*************
30/01/2024 8:38:39,ross,CUTANEAS,AL_DICLOFENACOH
*************
30/01/2024 8:38:39,ross,CUTANEAS,AL_NAPROXENOH
*************
30/01/2024 8:38:39,ross,CUTANEAS,AL_PENICILINAH
*************
30/01/2024 8:38:39,ross,CUTANEAS,AL_IMIDAZOLICOSH
*************
30/01/2024 8:39:00,ross,CUTANEAS,AL_CERDOH
*************
30/01/2024 8:39:01,ross,CUTANEAS,AL_POLLOH
*************
30/01/2024 8:39:01,ross,CUTANEAS,AL_CORVINAH
*************
30/01/2024 8:39:01,ross,CUTANEAS,AL_ATUNH
*************
30/01/2024 8:39:01,ross,CUTANEAS,AL_LANGOSTAH
*************
30/01/2024 8:39:01,ross,CUTANEAS,AL_CAMARONH
*************
30/01/2024 8:39:01,ross,CUTANEAS,AL_LECHEH
*************
30/01/2024 8:39:01,ross,CUTANEAS,AL_HUEVOCIH
*************
30/01/2024 8:39:01,ross,CUTANEAS,AL_YEMAH
*************
30/01/2024 8:39:01,ross,CUTANEAS,AL_TRIGOH
*************
30/01/2024 8:39:01,ross,CUTANEAS,AL_MAIZH
*************
30/01/2024 8:39:01,ross,CUTANEAS,AL_ARROZH
*************
30/01/2024 8:39:01,ross,CUTANEAS,AL_FREJOLH
*************
30/01/2024 8:39:01,ross,CUTANEAS,AL_LENTEJAH
*************
30/01/2024 8:39:01,ross,CUTANEAS,AL_HABAH
*************
30/01/2024 8:39:01,ross,CUTANEAS,AL_TOMATEH
*************
30/01/2024 8:39:01,ross,CUTANEAS,AL_ZANAHORIAH
*************
30/01/2024 8:39:01,ross,CUTANEAS,AL_MANIH
*************
30/01/2024 8:39:01,ross,CUTANEAS,AL_CHOCOLATEH
*************
30/01/2024 8:39:02,ross,CUTANEAS,AL_NARANJAH
*************
30/01/2024 8:39:02,ross,CUTANEAS,AL_PIÑAH
*************
30/01/2024 8:39:02,ross,CUTANEAS,AL_FRUTILLAH
*************
30/01/2024 8:39:02,ross,CUTANEAS,AL_TARTRAZINAH
*************
30/01/2024 8:39:02,ross,CUTANEAS,AL_PARABENOSH
*************
30/01/2024 8:39:03,ross,CUTANEAS,AL_HISTAMINAH
*************
30/01/2024 8:39:03,ross,CUTANEAS,AL_ABEJAH
*************
30/01/2024 8:39:03,ross,CUTANEAS,AL_INSECTH
*************
30/01/2024 8:39:03,ross,CUTANEAS,AL_CYNODONH
*************
30/01/2024 8:39:03,ross,CUTANEAS,AL_ACETAMINOFENH
*************
30/01/2024 8:39:03,ross,CUTANEAS,AL_IBUPROFENOH
*************
30/01/2024 8:39:03,ross,CUTANEAS,AL_DICLOFENACOH
*************
30/01/2024 8:39:03,ross,CUTANEAS,AL_NAPROXENOH
*************
30/01/2024 8:39:03,ross,CUTANEAS,AL_PENICILINAH
*************
30/01/2024 8:39:04,ross,CUTANEAS,AL_IMIDAZOLICOSH
*************
30/01/2024 8:48:20,,Ingreso USUARIO,Busca tabla invitado
*************
30/01/2024 8:48:21,ross,Ingreso CONTRASEÑA,Busca tabla invitado
*************
30/01/2024 8:48:49,ross,CUTANEAS,AL_CERDOH
*************
30/01/2024 8:48:49,ross,CUTANEAS,AL_POLLOH
*************
30/01/2024 8:48:50,ross,CUTANEAS,AL_CORVINAH
*************
30/01/2024 8:48:50,ross,CUTANEAS,AL_ATUNH
*************
30/01/2024 8:48:50,ross,CUTANEAS,AL_LANGOSTAH
*************
30/01/2024 8:48:50,ross,CUTANEAS,AL_CAMARONH
*************
30/01/2024 8:48:50,ross,CUTANEAS,AL_LECHEH
*************
30/01/2024 8:48:50,ross,CUTANEAS,AL_HUEVOCIH
*************
30/01/2024 8:48:50,ross,CUTANEAS,AL_YEMAH
*************
30/01/2024 8:48:51,ross,CUTANEAS,AL_TRIGOH
*************
30/01/2024 8:48:51,ross,CUTANEAS,AL_MAIZH
*************
30/01/2024 8:48:51,ross,CUTANEAS,AL_ARROZH
*************
30/01/2024 8:48:51,ross,CUTANEAS,AL_FREJOLH
*************
30/01/2024 8:48:51,ross,CUTANEAS,AL_LENTEJAH
*************
30/01/2024 8:48:51,ross,CUTANEAS,AL_HABAH
*************
30/01/2024 8:48:51,ross,CUTANEAS,AL_TOMATEH
*************
30/01/2024 8:48:51,ross,CUTANEAS,AL_ZANAHORIAH
*************
30/01/2024 8:48:52,ross,CUTANEAS,AL_MANIH
*************
30/01/2024 8:48:52,ross,CUTANEAS,AL_CHOCOLATEH
*************
30/01/2024 8:48:52,ross,CUTANEAS,AL_NARANJAH
*************
30/01/2024 8:48:52,ross,CUTANEAS,AL_PIÑAH
*************
30/01/2024 8:48:52,ross,CUTANEAS,AL_FRUTILLAH
*************
30/01/2024 8:48:52,ross,CUTANEAS,AL_ABEJAH
*************
30/01/2024 8:48:52,ross,CUTANEAS,AL_INSECTH
*************
30/01/2024 8:48:52,ross,CUTANEAS,AL_CYNODONH
*************
30/01/2024 8:48:52,ross,CUTANEAS,AL_HOLCUSH
*************
30/01/2024 8:48:53,ross,CUTANEAS,AL_CANDIDAH
*************
30/01/2024 8:48:53,ross,CUTANEAS,AL_ACETAMINOFENH
*************
30/01/2024 8:48:53,ross,CUTANEAS,AL_IBUPROFENOH
*************
30/01/2024 8:48:53,ross,CUTANEAS,AL_DICLOFENACOH
*************
30/01/2024 8:48:53,ross,CUTANEAS,AL_NAPROXENOH
*************
30/01/2024 8:48:53,ross,CUTANEAS,AL_PENICILINAH
*************
30/01/2024 8:48:53,ross,CUTANEAS,AL_IMIDAZOLICOSH
*************
30/01/2024 8:49:41,ross,CUTANEAS,AL_CERDOH
*************
30/01/2024 8:49:41,ross,CUTANEAS,AL_POLLOH
*************
30/01/2024 8:49:41,ross,CUTANEAS,AL_CORVINAH
*************
30/01/2024 8:49:41,ross,CUTANEAS,AL_ATUNH
*************
30/01/2024 8:49:41,ross,CUTANEAS,AL_LANGOSTAH
*************
30/01/2024 8:49:41,ross,CUTANEAS,AL_CAMARONH
*************
30/01/2024 8:49:41,ross,CUTANEAS,AL_LECHEH
*************
30/01/2024 8:49:41,ross,CUTANEAS,AL_HUEVOCIH
*************
30/01/2024 8:49:41,ross,CUTANEAS,AL_YEMAH
*************
30/01/2024 8:49:42,ross,CUTANEAS,AL_TRIGOH
*************
30/01/2024 8:49:42,ross,CUTANEAS,AL_MAIZH
*************
30/01/2024 8:49:42,ross,CUTANEAS,AL_ARROZH
*************
30/01/2024 8:49:42,ross,CUTANEAS,AL_FREJOLH
*************
30/01/2024 8:49:42,ross,CUTANEAS,AL_LENTEJAH
*************
30/01/2024 8:49:42,ross,CUTANEAS,AL_HABAH
*************
30/01/2024 8:49:42,ross,CUTANEAS,AL_TOMATEH
*************
30/01/2024 8:49:42,ross,CUTANEAS,AL_ZANAHORIAH
*************
30/01/2024 8:49:43,ross,CUTANEAS,AL_MANIH
*************
30/01/2024 8:49:43,ross,CUTANEAS,AL_CHOCOLATEH
*************
30/01/2024 8:49:43,ross,CUTANEAS,AL_NARANJAH
*************
30/01/2024 8:49:43,ross,CUTANEAS,AL_PIÑAH
*************
30/01/2024 8:49:43,ross,CUTANEAS,AL_FRUTILLAH
*************
30/01/2024 8:49:43,ross,CUTANEAS,AL_INSECTH
*************
30/01/2024 8:49:43,ross,CUTANEAS,AL_CYNODONH
*************
30/01/2024 8:49:43,ross,CUTANEAS,AL_HOLCUSH
*************
30/01/2024 8:49:43,ross,CUTANEAS,AL_GRAMINEAH
*************
30/01/2024 8:49:43,ross,CUTANEAS,AL_CANDIDAH
*************
30/01/2024 8:49:44,ross,CUTANEAS,AL_ACETAMINOFENH
*************
30/01/2024 8:49:44,ross,CUTANEAS,AL_IBUPROFENOH
*************
30/01/2024 8:49:44,ross,CUTANEAS,AL_DICLOFENACOH
*************
30/01/2024 8:49:44,ross,CUTANEAS,AL_NAPROXENOH
*************
30/01/2024 8:49:44,ross,CUTANEAS,AL_PENICILINAH
*************
30/01/2024 8:49:44,ross,CUTANEAS,AL_QUINOLONASH
*************
30/01/2024 8:49:44,ross,CUTANEAS,AL_AMOXICILINAH
*************
30/01/2024 8:49:45,ross,CUTANEAS,AL_IMIDAZOLICOSH
*************
30/01/2024 8:50:05,ross,CUTANEAS,AL_CERDOH
*************
30/01/2024 8:50:05,ross,CUTANEAS,AL_POLLOH
*************
30/01/2024 8:50:05,ross,CUTANEAS,AL_CORVINAH
*************
30/01/2024 8:50:05,ross,CUTANEAS,AL_ATUNH
*************
30/01/2024 8:50:05,ross,CUTANEAS,AL_LANGOSTAH
*************
30/01/2024 8:50:06,ross,CUTANEAS,AL_CAMARONH
*************
30/01/2024 8:50:06,ross,CUTANEAS,AL_LECHEH
*************
30/01/2024 8:50:06,ross,CUTANEAS,AL_HUEVOCIH
*************
30/01/2024 8:50:06,ross,CUTANEAS,AL_YEMAH
*************
30/01/2024 8:50:06,ross,CUTANEAS,AL_TRIGOH
*************
30/01/2024 8:50:06,ross,CUTANEAS,AL_MAIZH
*************
30/01/2024 8:50:07,ross,CUTANEAS,AL_ARROZH
*************
30/01/2024 8:50:07,ross,CUTANEAS,AL_FREJOLH
*************
30/01/2024 8:50:07,ross,CUTANEAS,AL_LENTEJAH
*************
30/01/2024 8:50:07,ross,CUTANEAS,AL_HABAH
*************
30/01/2024 8:50:07,ross,CUTANEAS,AL_TOMATEH
*************
30/01/2024 8:50:07,ross,CUTANEAS,AL_ZANAHORIAH
*************
30/01/2024 8:50:08,ross,CUTANEAS,AL_MANIH
*************
30/01/2024 8:50:08,ross,CUTANEAS,AL_CHOCOLATEH
*************
30/01/2024 8:50:08,ross,CUTANEAS,AL_NARANJAH
*************
30/01/2024 8:50:08,ross,CUTANEAS,AL_PIÑAH
*************
30/01/2024 8:50:08,ross,CUTANEAS,AL_FRUTILLAH
*************
30/01/2024 8:50:08,ross,CUTANEAS,AL_TARTRAZINAH
*************
30/01/2024 8:50:08,ross,CUTANEAS,AL_PARABENOSH
*************
30/01/2024 8:50:09,ross,CUTANEAS,AL_HISTAMINAH
*************
30/01/2024 8:50:09,ross,CUTANEAS,AL_ABEJAH
*************
30/01/2024 8:50:09,ross,CUTANEAS,AL_INSECTH
*************
30/01/2024 8:50:09,ross,CUTANEAS,AL_CYNODONH
*************
30/01/2024 8:50:09,ross,CUTANEAS,AL_HOLCUSH
*************
30/01/2024 8:50:09,ross,CUTANEAS,AL_GRAMINEAH
*************
30/01/2024 8:50:09,ross,CUTANEAS,AL_CANDIDAH
*************
30/01/2024 8:50:09,ross,CUTANEAS,AL_ACETAMINOFENH
*************
30/01/2024 8:50:09,ross,CUTANEAS,AL_IBUPROFENOH
*************
30/01/2024 8:50:10,ross,CUTANEAS,AL_DICLOFENACOH
*************
30/01/2024 8:50:10,ross,CUTANEAS,AL_NAPROXENOH
*************
30/01/2024 8:50:10,ross,CUTANEAS,AL_PENICILINAH
*************
30/01/2024 8:50:10,ross,CUTANEAS,AL_QUINOLONASH
*************
30/01/2024 8:50:10,ross,CUTANEAS,AL_AMOXICILINAH
*************
30/01/2024 8:50:10,ross,CUTANEAS,AL_IMIDAZOLICOSH
*************
30/01/2024 8:54:00,,Ingreso USUARIO,Busca tabla invitado
*************
30/01/2024 8:54:00,ross,Ingreso CONTRASEÑA,Busca tabla invitado
*************
30/01/2024 8:57:36,,Ingreso USUARIO,Busca tabla invitado
*************
30/01/2024 8:57:37,ross,Ingreso CONTRASEÑA,Busca tabla invitado
*************
30/01/2024 9:16:26,,Ingreso USUARIO,Busca tabla invitado
*************
30/01/2024 9:16:27,ross,Ingreso CONTRASEÑA,Busca tabla invitado
*************
30/01/2024 9:17:32,ross,CUTANEAS,AL_CERDOH
*************
30/01/2024 9:17:32,ross,CUTANEAS,AL_POLLOH
*************
30/01/2024 9:17:32,ross,CUTANEAS,AL_CORVINAH
*************
30/01/2024 9:17:32,ross,CUTANEAS,AL_ATUNH
*************
30/01/2024 9:17:32,ross,CUTANEAS,AL_LANGOSTAH
*************
30/01/2024 9:17:32,ross,CUTANEAS,AL_CAMARONH
*************
30/01/2024 9:17:32,ross,CUTANEAS,AL_LECHEH
*************
30/01/2024 9:17:32,ross,CUTANEAS,AL_HUEVOCIH
*************
30/01/2024 9:17:32,ross,CUTANEAS,AL_YEMAH
*************
30/01/2024 9:17:32,ross,CUTANEAS,AL_TRIGOH
*************
30/01/2024 9:17:32,ross,CUTANEAS,AL_MAIZH
*************
30/01/2024 9:17:32,ross,CUTANEAS,AL_ARROZH
*************
30/01/2024 9:17:32,ross,CUTANEAS,AL_FREJOLH
*************
30/01/2024 9:17:32,ross,CUTANEAS,AL_LENTEJAH
*************
30/01/2024 9:17:32,ross,CUTANEAS,AL_HABAH
*************
30/01/2024 9:17:32,ross,CUTANEAS,AL_TOMATEH
*************
30/01/2024 9:17:32,ross,CUTANEAS,AL_ZANAHORIAH
*************
30/01/2024 9:17:32,ross,CUTANEAS,AL_MANIH
*************
30/01/2024 9:17:32,ross,CUTANEAS,AL_CHOCOLATEH
*************
30/01/2024 9:17:32,ross,CUTANEAS,AL_NARANJAH
*************
30/01/2024 9:17:32,ross,CUTANEAS,AL_PIÑAH
*************
30/01/2024 9:17:32,ross,CUTANEAS,AL_FRUTILLAH
*************
30/01/2024 9:17:32,ross,CUTANEAS,AL_TARTRAZINAH
*************
30/01/2024 9:17:32,ross,CUTANEAS,AL_PARABENOSH
*************
30/01/2024 9:17:32,ross,CUTANEAS,AL_HISTAMINAH
*************
30/01/2024 9:17:32,ross,CUTANEAS,AL_ABEJAH
*************
30/01/2024 9:17:32,ross,CUTANEAS,AL_INSECTH
*************
30/01/2024 9:17:32,ross,CUTANEAS,AL_CYNODONH
*************
30/01/2024 9:17:32,ross,CUTANEAS,AL_HOLCUSH
*************
30/01/2024 9:17:32,ross,CUTANEAS,AL_ACETAMINOFENH
*************
30/01/2024 9:17:32,ross,CUTANEAS,AL_IBUPROFENOH
*************
30/01/2024 9:17:32,ross,CUTANEAS,AL_DICLOFENACOH
*************
30/01/2024 9:17:32,ross,CUTANEAS,AL_NAPROXENOH
*************
30/01/2024 9:17:32,ross,CUTANEAS,AL_COXIBSH
*************
30/01/2024 9:17:32,ross,CUTANEAS,AL_PENICILINAH
*************
30/01/2024 9:17:32,ross,CUTANEAS,AL_QUINOLONASH
*************
30/01/2024 9:17:32,ross,CUTANEAS,AL_AMOXICILINAH
*************
30/01/2024 9:17:32,ross,CUTANEAS,AL_IMIDAZOLICOSH
*************
30/01/2024 9:17:32,ross,CUTANEAS,AL_YODOH
*************
30/01/2024 9:17:54,ross,CUTANEAS,AL_CERDOH
*************
30/01/2024 9:17:54,ross,CUTANEAS,AL_POLLOH
*************
30/01/2024 9:17:54,ross,CUTANEAS,AL_CORVINAH
*************
30/01/2024 9:17:54,ross,CUTANEAS,AL_ATUNH
*************
30/01/2024 9:17:54,ross,CUTANEAS,AL_LANGOSTAH
*************
30/01/2024 9:17:54,ross,CUTANEAS,AL_CAMARONH
*************
30/01/2024 9:17:54,ross,CUTANEAS,AL_LECHEH
*************
30/01/2024 9:17:54,ross,CUTANEAS,AL_HUEVOCIH
*************
30/01/2024 9:17:54,ross,CUTANEAS,AL_YEMAH
*************
30/01/2024 9:17:54,ross,CUTANEAS,AL_TRIGOH
*************
30/01/2024 9:17:54,ross,CUTANEAS,AL_MAIZH
*************
30/01/2024 9:17:54,ross,CUTANEAS,AL_ARROZH
*************
30/01/2024 9:17:54,ross,CUTANEAS,AL_FREJOLH
*************
30/01/2024 9:17:54,ross,CUTANEAS,AL_LENTEJAH
*************
30/01/2024 9:17:54,ross,CUTANEAS,AL_HABAH
*************
30/01/2024 9:17:54,ross,CUTANEAS,AL_TOMATEH
*************
30/01/2024 9:17:54,ross,CUTANEAS,AL_ZANAHORIAH
*************
30/01/2024 9:17:54,ross,CUTANEAS,AL_MANIH
*************
30/01/2024 9:17:54,ross,CUTANEAS,AL_CHOCOLATEH
*************
30/01/2024 9:17:54,ross,CUTANEAS,AL_NARANJAH
*************
30/01/2024 9:17:54,ross,CUTANEAS,AL_PIÑAH
*************
30/01/2024 9:17:54,ross,CUTANEAS,AL_FRUTILLAH
*************
30/01/2024 9:17:54,ross,CUTANEAS,AL_TARTRAZINAH
*************
30/01/2024 9:17:54,ross,CUTANEAS,AL_PARABENOSH
*************
30/01/2024 9:17:54,ross,CUTANEAS,AL_HISTAMINAH
*************
30/01/2024 9:17:54,ross,CUTANEAS,AL_ABEJAH
*************
30/01/2024 9:17:54,ross,CUTANEAS,AL_INSECTH
*************
30/01/2024 9:17:54,ross,CUTANEAS,AL_CYNODONH
*************
30/01/2024 9:17:54,ross,CUTANEAS,AL_HOLCUSH
*************
30/01/2024 9:17:54,ross,CUTANEAS,AL_GRAMINEAH
*************
30/01/2024 9:17:54,ross,CUTANEAS,AL_CANDIDAH
*************
30/01/2024 9:17:54,ross,CUTANEAS,AL_ACETAMINOFENH
*************
30/01/2024 9:17:54,ross,CUTANEAS,AL_IBUPROFENOH
*************
30/01/2024 9:17:54,ross,CUTANEAS,AL_DICLOFENACOH
*************
30/01/2024 9:17:54,ross,CUTANEAS,AL_NAPROXENOH
*************
30/01/2024 9:17:54,ross,CUTANEAS,AL_COXIBSH
*************
30/01/2024 9:17:54,ross,CUTANEAS,AL_PENICILINAH
*************
30/01/2024 9:17:54,ross,CUTANEAS,AL_QUINOLONASH
*************
30/01/2024 9:17:54,ross,CUTANEAS,AL_AMOXICILINAH
*************
30/01/2024 9:17:54,ross,CUTANEAS,AL_IMIDAZOLICOSH
*************
30/01/2024 9:17:54,ross,CUTANEAS,AL_YODOH
*************
30/01/2024 9:24:10,ross,Nuevo Pedido PRE CARGA,NORMAL/33
*************
30/01/2024 9:25:07,ross,CUTANEAS,AL_CERDOH
*************
30/01/2024 9:25:08,ross,CUTANEAS,AL_POLLOH
*************
30/01/2024 9:25:08,ross,CUTANEAS,AL_CORVINAH
*************
30/01/2024 9:25:08,ross,CUTANEAS,AL_ATUNH
*************
30/01/2024 9:25:08,ross,CUTANEAS,AL_LANGOSTAH
*************
30/01/2024 9:25:08,ross,CUTANEAS,AL_CAMARONH
*************
30/01/2024 9:25:08,ross,CUTANEAS,AL_LECHEH
*************
30/01/2024 9:25:08,ross,CUTANEAS,AL_HUEVOCIH
*************
30/01/2024 9:25:08,ross,CUTANEAS,AL_YEMAH
*************
30/01/2024 9:25:08,ross,CUTANEAS,AL_TRIGOH
*************
30/01/2024 9:25:08,ross,CUTANEAS,AL_MAIZH
*************
30/01/2024 9:25:08,ross,CUTANEAS,AL_ARROZH
*************
30/01/2024 9:25:08,ross,CUTANEAS,AL_FREJOLH
*************
30/01/2024 9:25:08,ross,CUTANEAS,AL_LENTEJAH
*************
30/01/2024 9:25:08,ross,CUTANEAS,AL_HABAH
*************
30/01/2024 9:25:08,ross,CUTANEAS,AL_TOMATEH
*************
30/01/2024 9:25:08,ross,CUTANEAS,AL_ZANAHORIAH
*************
30/01/2024 9:25:08,ross,CUTANEAS,AL_MANIH
*************
30/01/2024 9:25:08,ross,CUTANEAS,AL_CHOCOLATEH
*************
30/01/2024 9:25:08,ross,CUTANEAS,AL_NARANJAH
*************
30/01/2024 9:25:08,ross,CUTANEAS,AL_PIÑAH
*************
30/01/2024 9:25:08,ross,CUTANEAS,AL_FRUTILLAH
*************
30/01/2024 9:25:08,ross,CUTANEAS,AL_TARTRAZINAH
*************
30/01/2024 9:25:08,ross,CUTANEAS,AL_PARABENOSH
*************
30/01/2024 9:25:08,ross,CUTANEAS,AL_INSECTH
*************
30/01/2024 9:25:08,ross,CUTANEAS,AL_CYNODONH
*************
30/01/2024 9:25:08,ross,CUTANEAS,AL_ACETAMINOFENH
*************
30/01/2024 9:25:08,ross,CUTANEAS,AL_IBUPROFENOH
*************
30/01/2024 9:25:08,ross,CUTANEAS,AL_PENICILINAH
*************
30/01/2024 9:25:08,ross,CUTANEAS,AL_QUINOLONASH
*************
30/01/2024 9:25:08,ross,CUTANEAS,AL_IMIDAZOLICOSH
*************
30/01/2024 9:25:08,ross,CUTANEAS,AL_YODOH
*************
30/01/2024 9:25:53,ross,CUTANEAS,AL_CERDOH
*************
30/01/2024 9:25:53,ross,CUTANEAS,AL_POLLOH
*************
30/01/2024 9:25:53,ross,CUTANEAS,AL_CORVINAH
*************
30/01/2024 9:25:53,ross,CUTANEAS,AL_ATUNH
*************
30/01/2024 9:25:53,ross,CUTANEAS,AL_LANGOSTAH
*************
30/01/2024 9:25:53,ross,CUTANEAS,AL_CAMARONH
*************
30/01/2024 9:25:53,ross,CUTANEAS,AL_LECHEH
*************
30/01/2024 9:25:53,ross,CUTANEAS,AL_HUEVOCIH
*************
30/01/2024 9:25:53,ross,CUTANEAS,AL_YEMAH
*************
30/01/2024 9:25:53,ross,CUTANEAS,AL_TRIGOH
*************
30/01/2024 9:25:53,ross,CUTANEAS,AL_MAIZH
*************
30/01/2024 9:25:53,ross,CUTANEAS,AL_ARROZH
*************
30/01/2024 9:25:53,ross,CUTANEAS,AL_FREJOLH
*************
30/01/2024 9:25:53,ross,CUTANEAS,AL_LENTEJAH
*************
30/01/2024 9:25:53,ross,CUTANEAS,AL_HABAH
*************
30/01/2024 9:25:53,ross,CUTANEAS,AL_TOMATEH
*************
30/01/2024 9:25:53,ross,CUTANEAS,AL_ZANAHORIAH
*************
30/01/2024 9:25:53,ross,CUTANEAS,AL_MANIH
*************
30/01/2024 9:25:53,ross,CUTANEAS,AL_CHOCOLATEH
*************
30/01/2024 9:25:53,ross,CUTANEAS,AL_NARANJAH
*************
30/01/2024 9:25:53,ross,CUTANEAS,AL_PIÑAH
*************
30/01/2024 9:25:53,ross,CUTANEAS,AL_FRUTILLAH
*************
30/01/2024 9:25:53,ross,CUTANEAS,AL_TARTRAZINAH
*************
30/01/2024 9:25:53,ross,CUTANEAS,AL_PARABENOSH
*************
30/01/2024 9:25:53,ross,CUTANEAS,AL_INSECTH
*************
30/01/2024 9:25:53,ross,CUTANEAS,AL_CYNODONH
*************
30/01/2024 9:25:53,ross,CUTANEAS,AL_ACETAMINOFENH
*************
30/01/2024 9:25:53,ross,CUTANEAS,AL_IBUPROFENOH
*************
30/01/2024 9:25:53,ross,CUTANEAS,AL_ASPIRINAH
*************
30/01/2024 9:25:53,ross,CUTANEAS,AL_PENICILINAH
*************
30/01/2024 9:25:53,ross,CUTANEAS,AL_QUINOLONASH
*************
30/01/2024 9:25:53,ross,CUTANEAS,AL_IMIDAZOLICOSH
*************
30/01/2024 9:25:53,ross,CUTANEAS,AL_YODOH
*************
30/01/2024 15:18:42,,Ingreso USUARIO,Busca tabla invitado
*************
30/01/2024 15:18:43,ross,Ingreso CONTRASEÑA,Busca tabla invitado
*************
30/01/2024 15:20:31,ross,CUTANEAS,AL_CERDOH
*************
30/01/2024 15:20:31,ross,CUTANEAS,AL_POLLOH
*************
30/01/2024 15:20:31,ross,CUTANEAS,AL_CORVINAH
*************
30/01/2024 15:20:31,ross,CUTANEAS,AL_ATUNH
*************
30/01/2024 15:20:31,ross,CUTANEAS,AL_LANGOSTAH
*************
30/01/2024 15:20:31,ross,CUTANEAS,AL_CAMARONH
*************
30/01/2024 15:20:31,ross,CUTANEAS,AL_LECHEH
*************
30/01/2024 15:20:31,ross,CUTANEAS,AL_HUEVOCIH
*************
30/01/2024 15:20:31,ross,CUTANEAS,AL_YEMAH
*************
30/01/2024 15:20:31,ross,CUTANEAS,AL_TRIGOH
*************
30/01/2024 15:20:31,ross,CUTANEAS,AL_MAIZH
*************
30/01/2024 15:20:31,ross,CUTANEAS,AL_ARROZH
*************
30/01/2024 15:20:31,ross,CUTANEAS,AL_FREJOLH
*************
30/01/2024 15:20:31,ross,CUTANEAS,AL_LENTEJAH
*************
30/01/2024 15:20:31,ross,CUTANEAS,AL_HABAH
*************
30/01/2024 15:20:31,ross,CUTANEAS,AL_TOMATEH
*************
30/01/2024 15:20:31,ross,CUTANEAS,AL_ZANAHORIAH
*************
30/01/2024 15:20:31,ross,CUTANEAS,AL_MANIH
*************
30/01/2024 15:20:31,ross,CUTANEAS,AL_CHOCOLATEH
*************
30/01/2024 15:20:31,ross,CUTANEAS,AL_NARANJAH
*************
30/01/2024 15:20:31,ross,CUTANEAS,AL_PIÑAH
*************
30/01/2024 15:20:31,ross,CUTANEAS,AL_FRUTILLAH
*************
30/01/2024 15:20:31,ross,CUTANEAS,AL_TARTRAZINAH
*************
30/01/2024 15:20:31,ross,CUTANEAS,AL_PARABENOSH
*************
30/01/2024 15:20:31,ross,CUTANEAS,AL_HISTAMINAH
*************
30/01/2024 15:20:31,ross,CUTANEAS,AL_ABEJAH
*************
30/01/2024 15:20:31,ross,CUTANEAS,AL_AVISPAH
*************
30/01/2024 15:20:31,ross,CUTANEAS,AL_HIELOH
*************
30/01/2024 15:20:31,ross,CUTANEAS,AL_LATEXH
*************
30/01/2024 15:20:31,ross,CUTANEAS,AL_INSECTOSH
*************
30/01/2024 15:20:31,ross,CUTANEAS,AL_DILUYENTEH
*************
30/01/2024 15:20:31,ross,CUTANEAS,AL_ROJOH
*************
30/01/2024 15:20:31,ross,CUTANEAS,AL_AZULH
*************
30/01/2024 15:20:31,ross,CUTANEAS,AL_ACNEH
*************
30/01/2024 15:20:31,ross,CUTANEAS,AL_INSECTH
*************
30/01/2024 15:20:31,ross,CUTANEAS,AL_CYNODONH
*************
30/01/2024 15:20:31,ross,CUTANEAS,AL_ACETAMINOFENH
*************
30/01/2024 15:20:31,ross,CUTANEAS,AL_IBUPROFENOH
*************
30/01/2024 15:20:31,ross,CUTANEAS,AL_ASPIRINAH
*************
30/01/2024 15:20:31,ross,CUTANEAS,AL_PENICILINAH
*************
30/01/2024 15:20:31,ross,CUTANEAS,AL_QUINOLONASH
*************
30/01/2024 15:20:31,ross,CUTANEAS,AL_IMIDAZOLICOSH
*************
30/01/2024 15:20:31,ross,CUTANEAS,AL_YODOH
*************
30/01/2024 15:20:41,ross,CUTANEAS,AL_CERDOH
*************
30/01/2024 15:20:41,ross,CUTANEAS,AL_POLLOH
*************
30/01/2024 15:20:41,ross,CUTANEAS,AL_CORVINAH
*************
30/01/2024 15:20:41,ross,CUTANEAS,AL_ATUNH
*************
30/01/2024 15:20:41,ross,CUTANEAS,AL_LANGOSTAH
*************
30/01/2024 15:20:41,ross,CUTANEAS,AL_CAMARONH
*************
30/01/2024 15:20:41,ross,CUTANEAS,AL_LECHEH
*************
30/01/2024 15:20:41,ross,CUTANEAS,AL_HUEVOCIH
*************
30/01/2024 15:20:41,ross,CUTANEAS,AL_YEMAH
*************
30/01/2024 15:20:41,ross,CUTANEAS,AL_TRIGOH
*************
30/01/2024 15:20:41,ross,CUTANEAS,AL_MAIZH
*************
30/01/2024 15:20:41,ross,CUTANEAS,AL_ARROZH
*************
30/01/2024 15:20:41,ross,CUTANEAS,AL_FREJOLH
*************
30/01/2024 15:20:41,ross,CUTANEAS,AL_LENTEJAH
*************
30/01/2024 15:20:41,ross,CUTANEAS,AL_HABAH
*************
30/01/2024 15:20:41,ross,CUTANEAS,AL_TOMATEH
*************
30/01/2024 15:20:41,ross,CUTANEAS,AL_ZANAHORIAH
*************
30/01/2024 15:20:41,ross,CUTANEAS,AL_MANIH
*************
30/01/2024 15:20:41,ross,CUTANEAS,AL_CHOCOLATEH
*************
30/01/2024 15:20:41,ross,CUTANEAS,AL_NARANJAH
*************
30/01/2024 15:20:41,ross,CUTANEAS,AL_PIÑAH
*************
30/01/2024 15:20:41,ross,CUTANEAS,AL_FRUTILLAH
*************
30/01/2024 15:20:41,ross,CUTANEAS,AL_TARTRAZINAH
*************
30/01/2024 15:20:41,ross,CUTANEAS,AL_PARABENOSH
*************
30/01/2024 15:20:41,ross,CUTANEAS,AL_HISTAMINAH
*************
30/01/2024 15:20:41,ross,CUTANEAS,AL_ABEJAH
*************
30/01/2024 15:20:41,ross,CUTANEAS,AL_AVISPAH
*************
30/01/2024 15:20:41,ross,CUTANEAS,AL_HIELOH
*************
30/01/2024 15:20:41,ross,CUTANEAS,AL_LATEXH
*************
30/01/2024 15:20:41,ross,CUTANEAS,AL_INSECTOSH
*************
30/01/2024 15:20:41,ross,CUTANEAS,AL_DILUYENTEH
*************
30/01/2024 15:20:41,ross,CUTANEAS,AL_ROJOH
*************
30/01/2024 15:20:41,ross,CUTANEAS,AL_AZULH
*************
30/01/2024 15:20:41,ross,CUTANEAS,AL_ACNEH
*************
30/01/2024 15:20:41,ross,CUTANEAS,AL_INSECTH
*************
30/01/2024 15:20:41,ross,CUTANEAS,AL_CYNODONH
*************
30/01/2024 15:20:42,ross,CUTANEAS,AL_ACETAMINOFENH
*************
30/01/2024 15:20:42,ross,CUTANEAS,AL_IBUPROFENOH
*************
30/01/2024 15:20:42,ross,CUTANEAS,AL_ASPIRINAH
*************
30/01/2024 15:20:42,ross,CUTANEAS,AL_PENICILINAH
*************
30/01/2024 15:20:42,ross,CUTANEAS,AL_QUINOLONASH
*************
30/01/2024 15:20:42,ross,CUTANEAS,AL_IMIDAZOLICOSH
*************
30/01/2024 15:20:42,ross,CUTANEAS,AL_YODOH
*************
30/01/2024 15:21:54,ross,CUTANEAS,AL_CERDOH
*************
30/01/2024 15:21:54,ross,CUTANEAS,AL_POLLOH
*************
30/01/2024 15:21:54,ross,CUTANEAS,AL_CORVINAH
*************
30/01/2024 15:21:54,ross,CUTANEAS,AL_ATUNH
*************
30/01/2024 15:21:54,ross,CUTANEAS,AL_LANGOSTAH
*************
30/01/2024 15:21:54,ross,CUTANEAS,AL_CAMARONH
*************
30/01/2024 15:21:54,ross,CUTANEAS,AL_LECHEH
*************
30/01/2024 15:21:54,ross,CUTANEAS,AL_HUEVOCIH
*************
30/01/2024 15:21:54,ross,CUTANEAS,AL_YEMAH
*************
30/01/2024 15:21:54,ross,CUTANEAS,AL_TRIGOH
*************
30/01/2024 15:21:54,ross,CUTANEAS,AL_MAIZH
*************
30/01/2024 15:21:54,ross,CUTANEAS,AL_ARROZH
*************
30/01/2024 15:21:54,ross,CUTANEAS,AL_FREJOLH
*************
30/01/2024 15:21:54,ross,CUTANEAS,AL_LENTEJAH
*************
30/01/2024 15:21:54,ross,CUTANEAS,AL_HABAH
*************
30/01/2024 15:21:54,ross,CUTANEAS,AL_TOMATEH
*************
30/01/2024 15:21:54,ross,CUTANEAS,AL_ZANAHORIAH
*************
30/01/2024 15:21:54,ross,CUTANEAS,AL_MANIH
*************
30/01/2024 15:21:54,ross,CUTANEAS,AL_CHOCOLATEH
*************
30/01/2024 15:21:54,ross,CUTANEAS,AL_NARANJAH
*************
30/01/2024 15:21:54,ross,CUTANEAS,AL_PIÑAH
*************
30/01/2024 15:21:54,ross,CUTANEAS,AL_FRUTILLAH
*************
30/01/2024 15:21:54,ross,CUTANEAS,AL_TARTRAZINAH
*************
30/01/2024 15:21:54,ross,CUTANEAS,AL_PARABENOSH
*************
30/01/2024 15:21:54,ross,CUTANEAS,AL_HISTAMINAH
*************
30/01/2024 15:21:54,ross,CUTANEAS,AL_ABEJAH
*************
30/01/2024 15:21:54,ross,CUTANEAS,AL_AVISPAH
*************
30/01/2024 15:21:54,ross,CUTANEAS,AL_HIELOH
*************
30/01/2024 15:21:54,ross,CUTANEAS,AL_LATEXH
*************
30/01/2024 15:21:54,ross,CUTANEAS,AL_INSECTOSH
*************
30/01/2024 15:21:54,ross,CUTANEAS,AL_DILUYENTEH
*************
30/01/2024 15:21:54,ross,CUTANEAS,AL_ROJOH
*************
30/01/2024 15:21:54,ross,CUTANEAS,AL_AZULH
*************
30/01/2024 15:21:54,ross,CUTANEAS,AL_ACNEH
*************
30/01/2024 15:21:54,ross,CUTANEAS,AL_INSECTH
*************
30/01/2024 15:21:54,ross,CUTANEAS,AL_CYNODONH
*************
30/01/2024 15:21:54,ross,CUTANEAS,AL_HOLCUSH
*************
30/01/2024 15:21:54,ross,CUTANEAS,AL_LOLIUMH
*************
30/01/2024 15:21:54,ross,CUTANEAS,AL_POAH
*************
30/01/2024 15:21:54,ross,CUTANEAS,AL_AGROSTISH
*************
30/01/2024 15:21:54,ross,CUTANEAS,AL_BROMUSH
*************
30/01/2024 15:21:54,ross,CUTANEAS,AL_DACTILISH
*************
30/01/2024 15:21:54,ross,CUTANEAS,AL_PHLEUMH
*************
30/01/2024 15:21:54,ross,CUTANEAS,AL_GRAMINEAH
*************
30/01/2024 15:21:54,ross,CUTANEAS,AL_ASPERGILLUSH
*************
30/01/2024 15:21:54,ross,CUTANEAS,AL_HORMODENDH
*************
30/01/2024 15:21:54,ross,CUTANEAS,AL_CANDIDAH
*************
30/01/2024 15:21:54,ross,CUTANEAS,AL_MUCORH
*************
30/01/2024 15:21:54,ross,CUTANEAS,AL_PENICILLIUMH
*************
30/01/2024 15:21:55,ross,CUTANEAS,AL_RHIZOPUSH
*************
30/01/2024 15:21:55,ross,CUTANEAS,AL_POLVOCPH
*************
30/01/2024 15:21:55,ross,CUTANEAS,AL_POLVOCSH
*************
30/01/2024 15:21:55,ross,CUTANEAS,AL_CUCARACHAH
*************
30/01/2024 15:21:55,ross,CUTANEAS,AL_DPTERONYSINUSH
*************
30/01/2024 15:21:55,ross,CUTANEAS,AL_BLOMIAH
*************
30/01/2024 15:21:55,ross,CUTANEAS,AL_PLUMASH
*************
30/01/2024 15:21:55,ross,CUTANEAS,AL_LANAPERROH
*************
30/01/2024 15:21:55,ross,CUTANEAS,AL_LANAGATOH
*************
30/01/2024 15:21:55,ross,CUTANEAS,AL_HTABH
*************
30/01/2024 15:21:55,ross,CUTANEAS,AL_DETERGENTESH
*************
30/01/2024 15:21:55,ross,CUTANEAS,AL_SIBH
*************
30/01/2024 15:21:55,ross,CUTANEAS,AL_ACETAMINOFENH
*************
30/01/2024 15:21:55,ross,CUTANEAS,AL_IBUPROFENOH
*************
30/01/2024 15:21:55,ross,CUTANEAS,AL_PIRAZOLONAH
*************
30/01/2024 15:21:55,ross,CUTANEAS,AL_OXICANESH
*************
30/01/2024 15:21:55,ross,CUTANEAS,AL_DICLOFENACOH
*************
30/01/2024 15:21:55,ross,CUTANEAS,AL_NAPROXENOH
*************
30/01/2024 15:21:55,ross,CUTANEAS,AL_COXIBSH
*************
30/01/2024 15:21:55,ross,CUTANEAS,AL_ASPIRINAH
*************
30/01/2024 15:21:55,ross,CUTANEAS,AL_TRAMADOLH
*************
30/01/2024 15:21:55,ross,CUTANEAS,AL_LIDOCAINAH
*************
30/01/2024 15:21:55,ross,CUTANEAS,AL_MEPIVACAINAH
*************
30/01/2024 15:21:55,ross,CUTANEAS,AL_KETOROLACOH
*************
30/01/2024 15:21:55,ross,CUTANEAS,AL_PENICILINAH
*************
30/01/2024 15:21:55,ross,CUTANEAS,AL_QUINOLONASH
*************
30/01/2024 15:21:55,ross,CUTANEAS,AL_AMOXICILINAH
*************
30/01/2024 15:21:55,ross,CUTANEAS,AL_CEFALOSPORINAH
*************
30/01/2024 15:21:55,ross,CUTANEAS,AL_CLARITROMICINAH
*************
30/01/2024 15:21:55,ross,CUTANEAS,AL_GENTAMICINAH
*************
30/01/2024 15:21:55,ross,CUTANEAS,AL_SULFASH
*************
30/01/2024 15:21:55,ross,CUTANEAS,AL_AZITROMICINAH
*************
30/01/2024 15:21:55,ross,CUTANEAS,AL_DICLOXACILINAH
*************
30/01/2024 15:21:55,ross,CUTANEAS,AL_IMIDAZOLICOSH
*************
30/01/2024 15:21:55,ross,CUTANEAS,AL_YODOH
*************
30/01/2024 16:20:55,,Ingreso USUARIO,Busca tabla invitado
*************
30/01/2024 16:20:56,ross,Ingreso CONTRASEÑA,Busca tabla invitado
*************
30/01/2024 16:44:43,,Ingreso USUARIO,Busca tabla invitado
*************
30/01/2024 16:44:44,ross,Ingreso CONTRASEÑA,Busca tabla invitado
*************
30/01/2024 17:09:01,,Ingreso USUARIO,Busca tabla invitado
*************
30/01/2024 17:09:02,ross,Ingreso CONTRASEÑA,Busca tabla invitado
*************
30/01/2024 17:43:35,,Ingreso USUARIO,Busca tabla invitado
*************
30/01/2024 17:43:36,ross,Ingreso CONTRASEÑA,Busca tabla invitado
*************
30/01/2024 17:54:16,,Ingreso USUARIO,Busca tabla invitado
*************
30/01/2024 17:54:16,ross,Ingreso CONTRASEÑA,Busca tabla invitado
*************
30/01/2024 18:03:15,,Ingreso USUARIO,Busca tabla invitado
*************
30/01/2024 18:03:16,ross,Ingreso CONTRASEÑA,Busca tabla invitado
*************
30/01/2024 18:17:57,,Ingreso USUARIO,Busca tabla invitado
*************
30/01/2024 18:17:57,ross,Ingreso CONTRASEÑA,Busca tabla invitado
*************
30/01/2024 18:54:51,,Ingreso USUARIO,Busca tabla invitado
*************
30/01/2024 18:54:52,ross,Ingreso CONTRASEÑA,Busca tabla invitado
*************
30/01/2024 19:28:39,,Ingreso USUARIO,Busca tabla invitado
*************
30/01/2024 19:28:39,ross,Ingreso CONTRASEÑA,Busca tabla invitado
*************
30/01/2024 19:58:24,,Ingreso USUARIO,Busca tabla invitado
*************
30/01/2024 19:58:24,ross,Ingreso CONTRASEÑA,Busca tabla invitado
*************
30/01/2024 20:01:11,,Ingreso USUARIO,Busca tabla invitado
*************
30/01/2024 20:01:24,ross,Ingreso CONTRASEÑA,Busca tabla invitado
*************
30/01/2024 20:05:47,,Ingreso USUARIO,Busca tabla invitado
*************
30/01/2024 20:05:47,ross,Ingreso CONTRASEÑA,Busca tabla invitado
*************
30/01/2024 20:13:24,,Ingreso USUARIO,Busca tabla invitado
*************
30/01/2024 20:13:24,ross,Ingreso CONTRASEÑA,Busca tabla invitado
*************
30/01/2024 20:23:53,,Ingreso USUARIO,Busca tabla invitado
*************
30/01/2024 20:23:54,ross,Ingreso CONTRASEÑA,Busca tabla invitado
*************
30/01/2024 20:25:27,,Ingreso USUARIO,Busca tabla invitado
*************
30/01/2024 20:25:28,ross,Ingreso CONTRASEÑA,Busca tabla invitado
*************
30/01/2024 20:26:21,,Ingreso USUARIO,Busca tabla invitado
*************
30/01/2024 20:26:22,ross,Ingreso CONTRASEÑA,Busca tabla invitado
*************
30/01/2024 20:29:26,ross,Nuevo Pedido PRE CARGA,NORMAL/34
*************
30/01/2024 20:34:52,,Ingreso USUARIO,Busca tabla invitado
*************
30/01/2024 20:34:53,ross,Ingreso CONTRASEÑA,Busca tabla invitado
*************
30/01/2024 20:37:59,,Ingreso USUARIO,Busca tabla invitado
*************
30/01/2024 20:37:59,ross,Ingreso CONTRASEÑA,Busca tabla invitado
*************
30/01/2024 20:42:34,,Ingreso USUARIO,Busca tabla invitado
*************
30/01/2024 20:42:35,ross,Ingreso CONTRASEÑA,Busca tabla invitado
*************
31/01/2024 16:00:26,,Ingreso USUARIO,Busca tabla invitado
*************
31/01/2024 16:00:27,ross,Ingreso CONTRASEÑA,Busca tabla invitado
*************
31/01/2024 16:06:16,ross,Actualizacon Medico,Medico=GOMEZ PEPE
*************
31/01/2024 16:16:22,,Ingreso USUARIO,Busca tabla invitado
*************
31/01/2024 16:16:23,ross,Ingreso CONTRASEÑA,Busca tabla invitado
*************
31/01/2024 16:18:05,,Ingreso USUARIO,Busca tabla invitado
*************
31/01/2024 16:18:10,ross,Ingreso CONTRASEÑA,Busca tabla invitado
*************
31/01/2024 16:21:03,,Ingreso USUARIO,Busca tabla invitado
*************
31/01/2024 16:21:04,ross,Ingreso CONTRASEÑA,Busca tabla invitado
*************
31/01/2024 16:23:56,,Ingreso USUARIO,Busca tabla invitado
*************
31/01/2024 16:23:57,ross,Ingreso CONTRASEÑA,Busca tabla invitado
*************
31/01/2024 16:25:27,,Ingreso USUARIO,Busca tabla invitado
*************
31/01/2024 16:25:28,ross,Ingreso CONTRASEÑA,Busca tabla invitado
*************
31/01/2024 20:13:57,,Ingreso USUARIO,Busca tabla invitado
*************
31/01/2024 20:13:58,ross,Ingreso CONTRASEÑA,Busca tabla invitado
*************
31/01/2024 20:31:06,,Ingreso USUARIO,Busca tabla invitado
*************
31/01/2024 20:31:06,ross,Ingreso CONTRASEÑA,Busca tabla invitado
*************
31/01/2024 21:58:17,,Ingreso USUARIO,Busca tabla invitado
*************
31/01/2024 21:58:17,ross,Ingreso CONTRASEÑA,Busca tabla invitado
*************
31/01/2024 22:12:51,,Ingreso USUARIO,Busca tabla invitado
*************
31/01/2024 22:12:52,ross,Ingreso CONTRASEÑA,Busca tabla invitado
*************
