03/01/2018 11:05:48,,CARGA SEDES,Busca tabla laboratorio
*************
03/01/2018 11:07:20,,Ingreso USUARIO,Busca tabla invitado
*************
03/01/2018 11:07:22,ross,Ingreso CONTRASEÑA,Busca tabla invitado
*************
03/01/2018 11:13:47,,CARGA SEDES,Busca tabla laboratorio
*************
03/01/2018 11:14:27,,Ingreso USUARIO,Busca tabla invitado
*************
03/01/2018 11:14:28,ross,Ingreso CONTRASEÑA,Busca tabla invitado
*************
03/01/2018 12:16:14,,CARGA SEDES,Busca tabla laboratorio
*************
03/01/2018 12:16:19,,Ingreso USUARIO,Busca tabla invitado
*************
03/01/2018 12:16:20,ross,Ingreso CONTRASEÑA,Busca tabla invitado
*************
03/01/2018 12:19:26,ross,Guardar secuencia,SECUENCIA=COMANDATO/2001/3000
*************
03/01/2018 15:23:06,,CARGA SEDES,Busca tabla laboratorio
*************
03/01/2018 15:23:10,,Ingreso USUARIO,Busca tabla invitado
*************
03/01/2018 15:23:11,ross,Ingreso CONTRASEÑA,Busca tabla invitado
*************
03/01/2018 15:25:38,,CARGA SEDES,Busca tabla laboratorio
*************
03/01/2018 15:25:43,,Ingreso USUARIO,Busca tabla invitado
*************
03/01/2018 15:25:45,ross,Ingreso CONTRASEÑA,Busca tabla invitado
*************
03/01/2018 15:43:35,,CARGA SEDES,Busca tabla laboratorio
*************
03/01/2018 15:46:06,,Ingreso USUARIO,Busca tabla invitado
*************
03/01/2018 15:46:07,ross,Ingreso CONTRASEÑA,Busca tabla invitado
*************
03/01/2018 16:34:42,,CARGA SEDES,Busca tabla laboratorio
*************
03/01/2018 16:34:46,,Ingreso USUARIO,Busca tabla invitado
*************
03/01/2018 16:34:49,ross,Ingreso CONTRASEÑA,Busca tabla invitado
*************
03/01/2018 16:40:04,,CARGA SEDES,Busca tabla laboratorio
*************
03/01/2018 16:45:48,,CARGA SEDES,Busca tabla laboratorio
*************
03/01/2018 16:56:14,,Ingreso USUARIO,Busca tabla invitado
*************
03/01/2018 16:56:15,ross,Ingreso CONTRASEÑA,Busca tabla invitado
*************
03/01/2018 16:58:39,,CARGA SEDES,Busca tabla laboratorio
*************
03/01/2018 16:58:49,,Ingreso USUARIO,Busca tabla invitado
*************
03/01/2018 16:58:50,ross,Ingreso CONTRASEÑA,Busca tabla invitado
*************
03/01/2018 16:59:49,,CARGA SEDES,Busca tabla laboratorio
*************
03/01/2018 16:59:52,,Ingreso USUARIO,Busca tabla invitado
*************
03/01/2018 16:59:53,ross,Ingreso CONTRASEÑA,Busca tabla invitado
*************
03/01/2018 17:02:14,,CARGA SEDES,Busca tabla laboratorio
*************
03/01/2018 17:02:17,,Ingreso USUARIO,Busca tabla invitado
*************
03/01/2018 17:02:18,ross,Ingreso CONTRASEÑA,Busca tabla invitado
*************
05/01/2018 9:27:17,,CARGA SEDES,Busca tabla laboratorio
*************
05/01/2018 9:27:21,,Ingreso USUARIO,Busca tabla invitado
*************
05/01/2018 9:27:23,ross,Ingreso CONTRASEÑA,Busca tabla invitado
*************
05/01/2018 9:30:44,ross,Generar Paciente,Paciente=FUENTES GALARZA FUENTES GALARZA
*************
05/01/2018 10:26:41,,CARGA SEDES,Busca tabla laboratorio
*************
05/01/2018 10:28:24,,Ingreso USUARIO,Busca tabla invitado
*************
05/01/2018 10:28:25,ross,Ingreso CONTRASEÑA,Busca tabla invitado
*************
05/01/2018 10:32:10,ross,Nuevo Pedido PRE CARGA,BIOTEC/41
*************
05/01/2018 10:32:15,ross,Nuevo Pedido PRE CARGA,BIOTEC/42
*************
05/01/2018 10:32:16,ross,Nuevo Pedido PRE CARGA,BIOTEC/43
*************
05/01/2018 10:32:18,ross,Nuevo Pedido PRE CARGA,BIOTEC/44
*************
05/01/2018 10:32:20,ross,Nuevo Pedido PRE CARGA,BIOTEC/45
*************
05/01/2018 10:35:12,,CARGA SEDES,Busca tabla laboratorio
*************
05/01/2018 10:37:59,,Ingreso USUARIO,Busca tabla invitado
*************
05/01/2018 10:38:01,ross,Ingreso CONTRASEÑA,Busca tabla invitado
*************
05/01/2018 10:38:37,ross,Generar Paciente,Paciente=FUENTES GALARZA FUENTES GALARZA
*************
05/01/2018 10:39:02,,CARGA SEDES,Busca tabla laboratorio
*************
05/01/2018 10:39:08,,Ingreso USUARIO,Busca tabla invitado
*************
05/01/2018 10:39:10,ross,Ingreso CONTRASEÑA,Busca tabla invitado
*************
05/01/2018 10:42:15,,CARGA SEDES,Busca tabla laboratorio
*************
05/01/2018 10:42:56,,Ingreso USUARIO,Busca tabla invitado
*************
05/01/2018 10:42:57,ross,Ingreso CONTRASEÑA,Busca tabla invitado
*************
05/01/2018 10:54:59,,CARGA SEDES,Busca tabla laboratorio
*************
05/01/2018 10:55:01,,Ingreso USUARIO,Busca tabla invitado
*************
05/01/2018 10:55:02,ross,Ingreso CONTRASEÑA,Busca tabla invitado
*************
05/01/2018 10:56:29,,CARGA SEDES,Busca tabla laboratorio
*************
05/01/2018 10:56:42,,Ingreso USUARIO,Busca tabla invitado
*************
05/01/2018 10:56:43,ross,Ingreso CONTRASEÑA,Busca tabla invitado
*************
05/01/2018 10:59:20,,CARGA SEDES,Busca tabla laboratorio
*************
05/01/2018 10:59:25,,Ingreso USUARIO,Busca tabla invitado
*************
05/01/2018 10:59:26,ross,Ingreso CONTRASEÑA,Busca tabla invitado
*************
05/01/2018 11:14:31,,CARGA SEDES,Busca tabla laboratorio
*************
05/01/2018 11:40:08,,Ingreso USUARIO,Busca tabla invitado
*************
05/01/2018 11:40:10,ross,Ingreso CONTRASEÑA,Busca tabla invitado
*************
05/01/2018 12:17:12,,CARGA SEDES,Busca tabla laboratorio
*************
05/01/2018 12:17:51,,Ingreso USUARIO,Busca tabla invitado
*************
05/01/2018 12:17:52,ross,Ingreso CONTRASEÑA,Busca tabla invitado
*************
05/01/2018 12:23:58,,CARGA SEDES,Busca tabla laboratorio
*************
05/01/2018 12:27:16,,Ingreso USUARIO,Busca tabla invitado
*************
05/01/2018 12:27:17,ross,Ingreso CONTRASEÑA,Busca tabla invitado
*************
05/01/2018 14:22:04,,CARGA SEDES,Busca tabla laboratorio
*************
05/01/2018 14:28:22,,Ingreso USUARIO,Busca tabla invitado
*************
05/01/2018 14:28:23,ross,Ingreso CONTRASEÑA,Busca tabla invitado
*************
05/01/2018 15:15:24,,CARGA SEDES,Busca tabla laboratorio
*************
05/01/2018 15:15:35,,Ingreso USUARIO,Busca tabla invitado
*************
05/01/2018 15:15:37,ross,Ingreso CONTRASEÑA,Busca tabla invitado
*************
05/01/2018 15:30:02,,CARGA SEDES,Busca tabla laboratorio
*************
05/01/2018 15:30:23,,Ingreso USUARIO,Busca tabla invitado
*************
05/01/2018 15:30:24,ross,Ingreso CONTRASEÑA,Busca tabla invitado
*************
05/01/2018 15:34:03,,CARGA SEDES,Busca tabla laboratorio
*************
05/01/2018 15:34:08,,Ingreso USUARIO,Busca tabla invitado
*************
05/01/2018 15:34:09,ross,Ingreso CONTRASEÑA,Busca tabla invitado
*************
05/01/2018 15:39:28,,CARGA SEDES,Busca tabla laboratorio
*************
05/01/2018 15:39:38,,Ingreso USUARIO,Busca tabla invitado
*************
05/01/2018 15:39:39,ross,Ingreso CONTRASEÑA,Busca tabla invitado
*************
05/01/2018 15:43:35,,CARGA SEDES,Busca tabla laboratorio
*************
05/01/2018 15:44:00,,Ingreso USUARIO,Busca tabla invitado
*************
05/01/2018 15:44:01,ross,Ingreso CONTRASEÑA,Busca tabla invitado
*************
05/01/2018 16:25:41,,CARGA SEDES,Busca tabla laboratorio
*************
05/01/2018 16:48:24,,Ingreso USUARIO,Busca tabla invitado
*************
05/01/2018 16:48:25,ross,Ingreso CONTRASEÑA,Busca tabla invitado
*************
09/01/2018 14:35:24,,CARGA SEDES,Busca tabla laboratorio
*************
09/01/2018 14:40:02,,Ingreso USUARIO,Busca tabla invitado
*************
09/01/2018 14:40:04,ross,Ingreso CONTRASEÑA,Busca tabla invitado
*************
21/01/2018 11:26:18,,CARGA SEDES,Busca tabla laboratorio
*************
21/01/2018 11:26:22,,Ingreso USUARIO,Busca tabla invitado
*************
21/01/2018 11:26:23,ross,Ingreso CONTRASEÑA,Busca tabla invitado
*************
21/01/2018 11:27:43,ross,Actualizar Laboratorio,Laboratorio=MEDIC LAB
*************
21/01/2018 11:27:48,ross,Eliminar Laboratorio,Laboratorio=2
*************
21/01/2018 11:27:57,ross,Eliminar Convenio,Convenio0BIOTEC
*************
21/01/2018 11:27:57,ross,Elimina Lista de Precios,Lista Precio=BIOTEC
*************
21/01/2018 11:28:08,ross,Nuevo Convenio,Convenio=MEDIC LAB
*************
27/01/2018 16:32:02,,CARGA SEDES,Busca tabla laboratorio
*************
27/01/2018 16:32:05,,Ingreso USUARIO,Busca tabla invitado
*************
27/01/2018 16:32:06,ross,Ingreso CONTRASEÑA,Busca tabla invitado
*************
27/01/2018 16:32:20,ross,PROFORMAR,PEDIDO=2
*************
27/01/2018 16:32:46,ross,IMPRIMIR PROFORMA,Proforma=2
*************
