01/09/2019 9:35:51,,Ingreso USUARIO,Busca tabla invitado
*************
01/09/2019 9:35:52,ross,Ingreso CONTRASEÑA,Busca tabla invitado
*************
01/09/2019 9:49:34,,Ingreso USUARIO,Busca tabla invitado
*************
01/09/2019 9:49:35,ross,Ingreso CONTRASEÑA,Busca tabla invitado
*************
01/09/2019 9:50:02,ross,IMPRIME POR AREA,PEDIDO=20
*************
01/09/2019 9:50:29,ross,1 MODIFICA ORDEN,PEDIDO=22
*************
01/09/2019 10:40:05,,Ingreso USUARIO,Busca tabla invitado
*************
01/09/2019 10:40:06,ross,Ingreso CONTRASEÑA,Busca tabla invitado
*************
01/09/2019 10:52:55,,Ingreso USUARIO,Busca tabla invitado
*************
01/09/2019 10:52:56,ross,Ingreso CONTRASEÑA,Busca tabla invitado
*************
01/09/2019 10:53:15,ross,IMPRIME POR AREA,PEDIDO=20
*************
01/09/2019 10:58:41,,Ingreso USUARIO,Busca tabla invitado
*************
01/09/2019 10:58:42,ross,Ingreso CONTRASEÑA,Busca tabla invitado
*************
01/09/2019 10:59:59,ross,IMPRIME POR AREA,PEDIDO=20
*************
01/09/2019 11:05:37,,Ingreso USUARIO,Busca tabla invitado
*************
01/09/2019 11:05:37,ross,Ingreso CONTRASEÑA,Busca tabla invitado
*************
01/09/2019 11:10:56,,Ingreso USUARIO,Busca tabla invitado
*************
01/09/2019 11:10:57,ross,Ingreso CONTRASEÑA,Busca tabla invitado
*************
01/09/2019 11:12:40,ross,IMPRIME POR AREA,PEDIDO=16
*************
01/09/2019 11:51:28,,Ingreso USUARIO,Busca tabla invitado
*************
01/09/2019 11:51:29,ross,Ingreso CONTRASEÑA,Busca tabla invitado
*************
01/09/2019 11:54:46,,Ingreso USUARIO,Busca tabla invitado
*************
01/09/2019 11:54:47,ross,Ingreso CONTRASEÑA,Busca tabla invitado
*************
01/09/2019 11:56:27,ross,IMPRIME POR AREA,PEDIDO=16
*************
01/09/2019 12:08:18,,Ingreso USUARIO,Busca tabla invitado
*************
01/09/2019 12:08:19,ross,Ingreso CONTRASEÑA,Busca tabla invitado
*************
01/09/2019 20:52:12,,Ingreso USUARIO,Busca tabla invitado
*************
01/09/2019 20:52:13,ross,Ingreso CONTRASEÑA,Busca tabla invitado
*************
01/09/2019 20:52:28,ross,IMPRIME POR AREA,PEDIDO=16
*************
01/09/2019 20:52:40,ross,IMPRIME POR AREA,PEDIDO=20
*************
01/09/2019 20:59:46,,Ingreso USUARIO,Busca tabla invitado
*************
01/09/2019 20:59:47,ross,Ingreso CONTRASEÑA,Busca tabla invitado
*************
01/09/2019 21:00:02,ross,IMPRIME POR AREA,PEDIDO=20
*************
01/09/2019 21:00:12,ross,IMPRIME POR AREA,PEDIDO=16
*************
01/09/2019 21:12:03,,Ingreso USUARIO,Busca tabla invitado
*************
01/09/2019 21:12:04,ross,Ingreso CONTRASEÑA,Busca tabla invitado
*************
01/09/2019 21:14:58,ross,GUARDA RESULTADOS,BH=MEMO
*************
01/09/2019 21:14:58,ross,GUARDA RESULTADOS,GLU=4
*************
01/09/2019 21:14:58,ross,GUARDA RESULTADOS,VDRL=5
*************
01/09/2019 21:14:58,ross,GUARDA RESULTADOS,HIV=6
*************
01/09/2019 21:14:58,ross,GUARDA RESULTADOS,HBS=7
*************
01/09/2019 21:14:58,ross,GUARDA RESULTADOS,EMO=8
*************
01/09/2019 21:14:58,ross,GUARDA RESULTADOS,COPRO1=9
*************
01/09/2019 21:14:59,ross,VALIDACION RESULTADO,PEDIDO=20/400142
*************
01/09/2019 21:14:59,ross,VALIDACION RESULTADO,PEDIDO=20/400230
*************
01/09/2019 21:14:59,ross,VALIDACION RESULTADO,PEDIDO=20/400244
*************
01/09/2019 21:14:59,ross,VALIDACION RESULTADO,PEDIDO=20/400601
*************
01/09/2019 21:14:59,ross,VALIDACION RESULTADO,PEDIDO=20/400772
*************
01/09/2019 21:14:59,ross,VALIDACION RESULTADO,PEDIDO=20/400781
*************
01/09/2019 21:15:21,ross,IMPRIME POR AREA,PEDIDO=20
*************
01/09/2019 21:23:39,,Ingreso USUARIO,Busca tabla invitado
*************
01/09/2019 21:23:40,ross,Ingreso CONTRASEÑA,Busca tabla invitado
*************
01/09/2019 21:23:51,ross,IMPRIME POR AREA,PEDIDO=20
*************
01/09/2019 21:24:03,ross,IMPRIME POR AREA,PEDIDO=20
*************
01/09/2019 21:50:17,,Ingreso USUARIO,Busca tabla invitado
*************
01/09/2019 21:50:18,ross,Ingreso CONTRASEÑA,Busca tabla invitado
*************
01/09/2019 21:50:33,ross,IMPRIME POR AREA,PEDIDO=20
*************
01/09/2019 21:50:43,ross,IMPRIME POR AREA,PEDIDO=20
*************
01/09/2019 21:56:49,,Ingreso USUARIO,Busca tabla invitado
*************
01/09/2019 21:56:50,ross,Ingreso CONTRASEÑA,Busca tabla invitado
*************
01/09/2019 21:57:01,ross,IMPRIME POR AREA,PEDIDO=20
*************
01/09/2019 22:03:34,,Ingreso USUARIO,Busca tabla invitado
*************
01/09/2019 22:03:35,ross,Ingreso CONTRASEÑA,Busca tabla invitado
*************
01/09/2019 22:03:48,ross,IMPRIME POR AREA,PEDIDO=20
*************
01/09/2019 22:04:51,ross,IMPRIME POR AREA,PEDIDO=20
*************
01/09/2019 22:14:20,,Ingreso USUARIO,Busca tabla invitado
*************
01/09/2019 22:14:21,ross,Ingreso CONTRASEÑA,Busca tabla invitado
*************
01/09/2019 22:14:36,ross,01 GENERAR ORDEN,PEDIDO=23
*************
01/09/2019 22:15:12,ross,GUARDA RESULTADOS,FLOBACT2=COLORIMETRIA (ESPECTROFOTOMETRÍA)
*************
01/09/2019 22:15:12,ross,GUARDA RESULTADOS,PIO2=ORINA 24 HORAS
*************
01/09/2019 22:15:13,ross,GUARDA RESULTADOS,LEVA2=20 a 55
*************
01/09/2019 22:15:13,ross,GUARDA RESULTADOS,GRAS2=Empiece a navegar y nosotros le mostraremos aquí algunos de los mejores artículos, videos y otras páginas que haya visitado recientemente o agregado a marcadores.
*************
01/09/2019 22:15:16,ross,GUARDA RESULTADOS,OXURI=MEMO
*************
01/09/2019 22:15:17,ross,VALIDACION RESULTADO,PEDIDO=23/400944
*************
01/09/2019 22:15:23,ross,IMPRIME POR AREA,PEDIDO=23
*************
01/09/2019 23:38:35,,Ingreso USUARIO,Busca tabla invitado
*************
01/09/2019 23:38:36,ross,Ingreso CONTRASEÑA,Busca tabla invitado
*************
01/09/2019 23:38:55,ross,1 MODIFICA ORDEN,PEDIDO=23
*************
01/09/2019 23:39:48,ross,GUARDA RESULTADOS,MUESTRAACVANI=OREJA
*************
01/09/2019 23:39:48,ross,GUARDA RESULTADOS,VALREFACVANI=10-34
*************
01/09/2019 23:39:48,ross,GUARDA RESULTADOS,RESULTADOACVANI=In general, when SAP Crystal Reports encounters a null valued field in a formula, ... the special functions designed for handling them: IsNull, PreviousIsNull or NextIsNull. ... Color}), and when it determines that this is True, it knows that the whole ... For some products, such as the Guardian Chain Lock
*************
01/09/2019 23:39:51,ross,GUARDA RESULTADOS,OXURI=MEMO
*************
01/09/2019 23:39:51,ross,GUARDA RESULTADOS,ACVANI=MEMO
*************
01/09/2019 23:39:52,ross,VALIDACION RESULTADO,PEDIDO=23/400968
*************
01/09/2019 23:40:01,ross,IMPRIME POR AREA,PEDIDO=23
*************
01/09/2019 23:41:31,ross,IMPRIME TODO,PEDIDO=23
*************
01/09/2019 23:41:47,ross,IMPRIME POR EMAMEN,PEDIDO=23
*************
01/09/2019 23:41:57,ross,IMPRIME POR AREA,PEDIDO=23
*************
01/09/2019 23:54:52,,Ingreso USUARIO,Busca tabla invitado
*************
01/09/2019 23:54:53,ross,Ingreso CONTRASEÑA,Busca tabla invitado
*************
01/09/2019 23:55:07,ross,IMPRIME POR AREA,PEDIDO=23
*************
02/09/2019 0:08:19,,Ingreso USUARIO,Busca tabla invitado
*************
02/09/2019 0:08:21,ross,Ingreso CONTRASEÑA,Busca tabla invitado
*************
02/09/2019 0:11:36,,Ingreso USUARIO,Busca tabla invitado
*************
02/09/2019 0:11:37,ross,Ingreso CONTRASEÑA,Busca tabla invitado
*************
02/09/2019 0:12:24,ross,IMPRIME POR AREA,PEDIDO=20
*************
02/09/2019 0:12:44,ross,IMPRIME TODO,PEDIDO=20
*************
02/09/2019 0:23:06,,Ingreso USUARIO,Busca tabla invitado
*************
02/09/2019 0:23:07,ross,Ingreso CONTRASEÑA,Busca tabla invitado
*************
02/09/2019 0:25:05,,Ingreso USUARIO,Busca tabla invitado
*************
02/09/2019 0:25:06,ross,Ingreso CONTRASEÑA,Busca tabla invitado
*************
02/09/2019 0:25:22,ross,01 GENERAR ORDEN,PEDIDO=24
*************
02/09/2019 0:25:41,ross,GUARDA RESULTADOS,WBCH=1
*************
02/09/2019 0:25:41,ross,GUARDA RESULTADOS,LYMH=2
*************
02/09/2019 0:25:41,ross,GUARDA RESULTADOS,NEUH=3
*************
02/09/2019 0:25:41,ross,GUARDA RESULTADOS,MONOH=4
*************
02/09/2019 0:25:41,ross,GUARDA RESULTADOS,EOSH=5
*************
02/09/2019 0:25:41,ross,GUARDA RESULTADOS,BASOH=6
*************
02/09/2019 0:25:41,ross,GUARDA RESULTADOS,LYM%25H=7
*************
02/09/2019 0:25:41,ross,GUARDA RESULTADOS,NEU%25H=8
*************
02/09/2019 0:25:41,ross,GUARDA RESULTADOS,MONO%25H=9
*************
02/09/2019 0:25:41,ross,GUARDA RESULTADOS,EOS%25H=8
*************
02/09/2019 0:25:41,ross,GUARDA RESULTADOS,BASO%25H=7
*************
02/09/2019 0:25:41,ross,GUARDA RESULTADOS,HGBH=6
*************
02/09/2019 0:25:41,ross,GUARDA RESULTADOS,RBCH=5
*************
02/09/2019 0:25:41,ross,GUARDA RESULTADOS,HCTH=4
*************
02/09/2019 0:25:41,ross,GUARDA RESULTADOS,MCVH=3
*************
02/09/2019 0:25:41,ross,GUARDA RESULTADOS,MCHH=2
*************
02/09/2019 0:25:41,ross,GUARDA RESULTADOS,MCHCH=1
*************
02/09/2019 0:25:41,ross,GUARDA RESULTADOS,RDW_SDH=2
*************
02/09/2019 0:25:41,ross,GUARDA RESULTADOS,RDW_CVH=3
*************
02/09/2019 0:25:41,ross,GUARDA RESULTADOS,PLTH=4
*************
02/09/2019 0:25:41,ross,GUARDA RESULTADOS,PDWH=5
*************
02/09/2019 0:25:41,ross,GUARDA RESULTADOS,MPVH=6
*************
02/09/2019 0:25:41,ross,GUARDA RESULTADOS,PCTH=67
*************
02/09/2019 0:25:52,ross,GUARDA RESULTADOS,BH=MEMO
*************
02/09/2019 0:25:52,ross,GUARDA RESULTADOS,VLDL=11
*************
02/09/2019 0:25:52,ross,GUARDA RESULTADOS,TCH=22
*************
02/09/2019 0:25:52,ross,GUARDA RESULTADOS,LDLH=33
*************
02/09/2019 0:25:52,ross,GUARDA RESULTADOS,AHDL=44
*************
02/09/2019 0:25:52,ross,GUARDA RESULTADOS,TGH=55
*************
02/09/2019 0:25:53,ross,VALIDACION RESULTADO,PEDIDO=24/400101
*************
02/09/2019 0:25:53,ross,VALIDACION RESULTADO,PEDIDO=24/400149
*************
02/09/2019 0:25:53,ross,VALIDACION RESULTADO,PEDIDO=24/400150
*************
02/09/2019 0:25:53,ross,VALIDACION RESULTADO,PEDIDO=24/400151
*************
02/09/2019 0:25:53,ross,VALIDACION RESULTADO,PEDIDO=24/400476
*************
02/09/2019 0:25:53,ross,VALIDACION RESULTADO,PEDIDO=24/400847
*************
02/09/2019 0:26:05,ross,IMPRIME POR AREA,PEDIDO=24
*************
02/09/2019 0:26:20,ross,IMPRIME TODO,PEDIDO=24
*************
02/09/2019 0:26:29,ross,IMPRIME POR EMAMEN,PEDIDO=24
*************
02/09/2019 0:26:54,ross,IMPRIME POR AREA,PEDIDO=24
*************
02/09/2019 0:27:06,ross,IMPRIME POR AREA,PEDIDO=24
*************
02/09/2019 0:27:18,ross,IMPRIME POR AREA,PEDIDO=24
*************
02/09/2019 0:36:26,,Ingreso USUARIO,Busca tabla invitado
*************
02/09/2019 0:36:27,ross,Ingreso CONTRASEÑA,Busca tabla invitado
*************
02/09/2019 13:09:23,,Ingreso USUARIO,Busca tabla invitado
*************
02/09/2019 13:09:24,ross,Ingreso CONTRASEÑA,Busca tabla invitado
*************
03/09/2019 9:08:21,,Ingreso USUARIO,Busca tabla invitado
*************
03/09/2019 9:08:21,ross,Ingreso CONTRASEÑA,Busca tabla invitado
*************
03/09/2019 9:09:47,ross,IMPRIME POR AREA,PEDIDO=24
*************
03/09/2019 9:45:49,,Ingreso USUARIO,Busca tabla invitado
*************
03/09/2019 9:45:50,ross,Ingreso CONTRASEÑA,Busca tabla invitado
*************
03/09/2019 10:05:06,,Ingreso USUARIO,Busca tabla invitado
*************
03/09/2019 10:05:07,ross,Ingreso CONTRASEÑA,Busca tabla invitado
*************
03/09/2019 10:05:20,ross,01 GENERAR ORDEN,PEDIDO=25
*************
03/09/2019 10:07:26,ross,GUARDA RESULTADOS,WBCH=11
*************
03/09/2019 10:07:26,ross,GUARDA RESULTADOS,LYMH=2.33
*************
03/09/2019 10:07:26,ross,GUARDA RESULTADOS,NEUH=3.02
*************
03/09/2019 10:07:26,ross,GUARDA RESULTADOS,MONOH=1
*************
03/09/2019 10:07:26,ross,GUARDA RESULTADOS,EOSH=0.10
*************
03/09/2019 10:07:26,ross,GUARDA RESULTADOS,BASOH=0.11
*************
03/09/2019 10:07:26,ross,GUARDA RESULTADOS,LYM%25H=34
*************
03/09/2019 10:07:26,ross,GUARDA RESULTADOS,NEU%25H=54
*************
03/09/2019 10:07:27,ross,GUARDA RESULTADOS,MONO%25H=1.9
*************
03/09/2019 10:07:27,ross,GUARDA RESULTADOS,EOS%25H=3.3
*************
03/09/2019 10:07:27,ross,GUARDA RESULTADOS,BASO%25H=1
*************
03/09/2019 10:07:27,ross,GUARDA RESULTADOS,HGBH=15
*************
03/09/2019 10:07:27,ross,GUARDA RESULTADOS,RBCH=5.3
*************
03/09/2019 10:07:27,ross,GUARDA RESULTADOS,HCTH=43
*************
03/09/2019 10:07:27,ross,GUARDA RESULTADOS,MCVH=99
*************
03/09/2019 10:07:27,ross,GUARDA RESULTADOS,MCHH=33
*************
03/09/2019 10:07:27,ross,GUARDA RESULTADOS,MCHCH=34
*************
03/09/2019 10:07:27,ross,GUARDA RESULTADOS,RDW_SDH=45
*************
03/09/2019 10:07:27,ross,GUARDA RESULTADOS,RDW_CVH=66
*************
03/09/2019 10:07:27,ross,GUARDA RESULTADOS,PLTH=178
*************
03/09/2019 10:07:27,ross,GUARDA RESULTADOS,PDWH=18
*************
03/09/2019 10:07:27,ross,GUARDA RESULTADOS,MPVH=9.99
*************
03/09/2019 10:07:27,ross,GUARDA RESULTADOS,PCTH=0.33
*************
03/09/2019 10:07:32,ross,GUARDA RESULTADOS,BH=MEMO
*************
03/09/2019 10:07:33,ross,VALIDACION RESULTADO,PEDIDO=25/400101
*************
03/09/2019 10:07:45,ross,IMPRIME POR AREA,PEDIDO=25
*************
03/09/2019 10:26:48,,Ingreso USUARIO,Busca tabla invitado
*************
03/09/2019 10:26:49,ross,Ingreso CONTRASEÑA,Busca tabla invitado
*************
03/09/2019 10:26:58,ross,IMPRIME POR AREA,PEDIDO=25
*************
03/09/2019 10:34:27,,Ingreso USUARIO,Busca tabla invitado
*************
03/09/2019 10:34:28,ross,Ingreso CONTRASEÑA,Busca tabla invitado
*************
03/09/2019 10:34:39,ross,IMPRIME POR AREA,PEDIDO=25
*************
03/09/2019 10:54:33,,Ingreso USUARIO,Busca tabla invitado
*************
03/09/2019 10:54:33,ross,Ingreso CONTRASEÑA,Busca tabla invitado
*************
03/09/2019 18:18:53,,Ingreso USUARIO,Busca tabla invitado
*************
03/09/2019 18:18:56,ross,Ingreso CONTRASEÑA,Busca tabla invitado
*************
03/09/2019 18:19:34,ross,IMPRIME POR AREA,PEDIDO=24
*************
03/09/2019 18:20:17,ross,1 MODIFICA ORDEN,PEDIDO=24
*************
03/09/2019 18:21:40,ross,GUARDA RESULTADOS,ANAQUI1=- EXAMEN FÍSICO -
*************
03/09/2019 18:21:40,ross,GUARDA RESULTADOS,COLO=AMARILLO
*************
03/09/2019 18:21:40,ross,GUARDA RESULTADOS,ASPOH=TRANSPARENTE
*************
03/09/2019 18:21:40,ross,GUARDA RESULTADOS,EMOQUI=-EXAMEN QUIMICO-
*************
03/09/2019 18:21:40,ross,GUARDA RESULTADOS,DENO=1.015
*************
03/09/2019 18:21:40,ross,GUARDA RESULTADOS,PHO=5
*************
03/09/2019 18:21:40,ross,GUARDA RESULTADOS,LEUO=NEGATIVO
*************
03/09/2019 18:21:41,ross,GUARDA RESULTADOS,NITO=NEGATIVO
*************
03/09/2019 18:21:41,ross,GUARDA RESULTADOS,PROTO=NEGATIVO
*************
03/09/2019 18:21:41,ross,GUARDA RESULTADOS,GLUO=NEGATIVO
*************
03/09/2019 18:21:41,ross,GUARDA RESULTADOS,CETOR=NEGATIVO
*************
03/09/2019 18:21:41,ross,GUARDA RESULTADOS,UROO=NEGATIVO
*************
03/09/2019 18:21:41,ross,GUARDA RESULTADOS,BILO=NEGATIVO
*************
03/09/2019 18:21:41,ross,GUARDA RESULTADOS,SANO=NEGATIVO
*************
03/09/2019 18:21:41,ross,GUARDA RESULTADOS,HGBO=
*************
03/09/2019 18:21:41,ross,GUARDA RESULTADOS,ANAMIC1=- EXAMEN MICROSCÓPICO -
*************
03/09/2019 18:21:41,ross,GUARDA RESULTADOS,CELEPH=
*************
03/09/2019 18:21:41,ross,GUARDA RESULTADOS,PIOO=
*************
03/09/2019 18:21:41,ross,GUARDA RESULTADOS,BACO=
*************
03/09/2019 18:21:41,ross,GUARDA RESULTADOS,CELCAOH=
*************
03/09/2019 18:21:41,ross,GUARDA RESULTADOS,CILCE=
*************
03/09/2019 18:21:41,ross,GUARDA RESULTADOS,ASCOH=
*************
03/09/2019 18:21:42,ross,GUARDA RESULTADOS,CELPOH=
*************
03/09/2019 18:21:42,ross,GUARDA RESULTADOS,CIGO=
*************
03/09/2019 18:21:42,ross,GUARDA RESULTADOS,CILO=
*************
03/09/2019 18:21:42,ross,GUARDA RESULTADOS,OXAO=
*************
03/09/2019 18:21:42,ross,GUARDA RESULTADOS,CRIO=
*************
03/09/2019 18:21:42,ross,GUARDA RESULTADOS,URO=
*************
03/09/2019 18:21:42,ross,GUARDA RESULTADOS,CCETO=
*************
03/09/2019 18:21:42,ross,GUARDA RESULTADOS,ESP=
*************
03/09/2019 18:21:42,ross,GUARDA RESULTADOS,ELEUCOH=
*************
03/09/2019 18:21:43,ross,GUARDA RESULTADOS,FOO=
*************
03/09/2019 18:21:43,ross,GUARDA RESULTADOS,HEMOH=
*************
03/09/2019 18:21:43,ross,GUARDA RESULTADOS,LEVA_ORINA=
*************
03/09/2019 18:21:43,ross,GUARDA RESULTADOS,MOCO=
*************
03/09/2019 18:21:43,ross,GUARDA RESULTADOS,OTROSO=
*************
03/09/2019 18:21:48,ross,GUARDA RESULTADOS,macros_copro=- DESCRIPCION MACROSCOPICA -
*************
03/09/2019 18:21:48,ross,GUARDA RESULTADOS,COLOR=MARRON
*************
03/09/2019 18:21:48,ross,GUARDA RESULTADOS,ASPECTO=HETEROGENEO
*************
03/09/2019 18:21:48,ross,GUARDA RESULTADOS,CONSISTENCIA=PASTOSA
*************
03/09/2019 18:21:48,ross,GUARDA RESULTADOS,Ph=
*************
03/09/2019 18:21:48,ross,GUARDA RESULTADOS,SANC2=
*************
03/09/2019 18:21:48,ross,GUARDA RESULTADOS,MICROS_COPRO=- DESCRIPCION MICROSCOPICA -
*************
03/09/2019 18:21:48,ross,GUARDA RESULTADOS,VMICC2=
*************
03/09/2019 18:21:48,ross,GUARDA RESULTADOS,RAC2=
*************
03/09/2019 18:21:48,ross,GUARDA RESULTADOS,GRASAS=
*************
03/09/2019 18:21:48,ross,GUARDA RESULTADOS,ALMIDONES=
*************
03/09/2019 18:21:48,ross,GUARDA RESULTADOS,LEVADURAS=
*************
03/09/2019 18:21:48,ross,GUARDA RESULTADOS,HONCOPRO1=
*************
03/09/2019 18:21:48,ross,GUARDA RESULTADOS,MOCCopro=
*************
03/09/2019 18:21:48,ross,GUARDA RESULTADOS,PIOCITO=
*************
03/09/2019 18:21:48,ross,GUARDA RESULTADOS,PMNCOP1=
*************
03/09/2019 18:21:48,ross,GUARDA RESULTADOS,FBACC2=
*************
03/09/2019 18:21:48,ross,GUARDA RESULTADOS,INVPAC2=-INV. DE PARASITOS-
*************
03/09/2019 18:21:48,ross,GUARDA RESULTADOS,AMBHC1=
*************
03/09/2019 18:21:48,ross,GUARDA RESULTADOS,ACOLI=
*************
03/09/2019 18:21:48,ross,GUARDA RESULTADOS,CHILOMASTIX=
*************
03/09/2019 18:21:48,ross,GUARDA RESULTADOS,TENCP1=
*************
03/09/2019 18:21:48,ross,GUARDA RESULTADOS,LANDC1=
*************
03/09/2019 18:21:48,ross,GUARDA RESULTADOS,SANOCCOP1=
*************
03/09/2019 18:21:48,ross,GUARDA RESULTADOS,GLGRC1=
*************
03/09/2019 18:21:49,ross,GUARDA RESULTADOS,YODAMEBA=
*************
03/09/2019 18:21:49,ross,GUARDA RESULTADOS,EMBADOMONA=
*************
03/09/2019 18:21:49,ross,GUARDA RESULTADOS,STRONGILOIDES=
*************
03/09/2019 18:21:49,ross,GUARDA RESULTADOS,TRIHOMC1=
*************
03/09/2019 18:21:49,ross,GUARDA RESULTADOS,BACOLIC1=
*************
03/09/2019 18:21:49,ross,GUARDA RESULTADOS,LUMBC1=
*************
03/09/2019 18:21:49,ross,GUARDA RESULTADOS,UNCINARIAS=
*************
03/09/2019 18:21:49,ross,GUARDA RESULTADOS,NANAC1=
*************
03/09/2019 18:21:49,ross,GUARDA RESULTADOS,OTROS=
*************
03/09/2019 18:21:55,ross,GUARDA RESULTADOS,BH=MEMO
*************
03/09/2019 18:21:55,ross,GUARDA RESULTADOS,TCH=22
*************
03/09/2019 18:21:55,ross,GUARDA RESULTADOS,AHDL=44
*************
03/09/2019 18:21:55,ross,GUARDA RESULTADOS,TGH=55
*************
03/09/2019 18:21:55,ross,GUARDA RESULTADOS,LDLH=33
*************
03/09/2019 18:21:55,ross,GUARDA RESULTADOS,VLDL=11
*************
03/09/2019 18:21:55,ross,GUARDA RESULTADOS,EMO=MEMO
*************
03/09/2019 18:21:56,ross,GUARDA RESULTADOS,COPRO1=MEMO
*************
03/09/2019 18:21:57,ross,VALIDACION RESULTADO,PEDIDO=24/400230
*************
03/09/2019 18:21:57,ross,VALIDACION RESULTADO,PEDIDO=24/400244
*************
03/09/2019 18:22:21,ross,IMPRIME POR AREA,PEDIDO=24
*************
03/09/2019 18:28:43,,Ingreso USUARIO,Busca tabla invitado
*************
03/09/2019 18:28:44,ross,Ingreso CONTRASEÑA,Busca tabla invitado
*************
03/09/2019 18:28:55,ross,IMPRIME POR AREA,PEDIDO=24
*************
03/09/2019 18:34:56,,Ingreso USUARIO,Busca tabla invitado
*************
03/09/2019 18:34:57,ross,Ingreso CONTRASEÑA,Busca tabla invitado
*************
03/09/2019 18:35:08,ross,IMPRIME POR AREA,PEDIDO=24
*************
03/09/2019 18:39:13,,Ingreso USUARIO,Busca tabla invitado
*************
03/09/2019 18:39:14,ross,Ingreso CONTRASEÑA,Busca tabla invitado
*************
03/09/2019 18:39:27,ross,IMPRIME POR AREA,PEDIDO=24
*************
03/09/2019 18:39:54,ross,IMPRIME TODO,PEDIDO=23
*************
03/09/2019 18:40:04,ross,IMPRIME TODO,PEDIDO=24
*************
03/09/2019 19:01:16,,Ingreso USUARIO,Busca tabla invitado
*************
03/09/2019 19:01:18,ross,Ingreso CONTRASEÑA,Busca tabla invitado
*************
03/09/2019 19:06:35,ross,01 GENERAR ORDEN,PEDIDO=218
*************
03/09/2019 19:24:38,,Ingreso USUARIO,Busca tabla invitado
*************
03/09/2019 19:24:39,ross,Ingreso CONTRASEÑA,Busca tabla invitado
*************
03/09/2019 19:35:23,,Ingreso USUARIO,Busca tabla invitado
*************
03/09/2019 19:35:24,ross,Ingreso CONTRASEÑA,Busca tabla invitado
*************
03/09/2019 19:41:06,,Ingreso USUARIO,Busca tabla invitado
*************
03/09/2019 19:41:07,ross,Ingreso CONTRASEÑA,Busca tabla invitado
*************
03/09/2019 19:42:34,ross,1 MODIFICA ORDEN,PEDIDO=216
*************
03/09/2019 19:43:23,ross,1 MODIFICA ORDEN,PEDIDO=180
*************
05/09/2019 10:23:34,,Ingreso USUARIO,Busca tabla invitado
*************
05/09/2019 10:23:35,ross,Ingreso CONTRASEÑA,Busca tabla invitado
*************
05/09/2019 10:28:42,,Ingreso USUARIO,Busca tabla invitado
*************
05/09/2019 10:28:43,ross,Ingreso CONTRASEÑA,Busca tabla invitado
*************
05/09/2019 10:29:10,ross,01 GENERAR ORDEN,PEDIDO=26
*************
05/09/2019 10:38:06,,Ingreso USUARIO,Busca tabla invitado
*************
05/09/2019 10:38:07,ross,Ingreso CONTRASEÑA,Busca tabla invitado
*************
05/09/2019 10:51:48,,Ingreso USUARIO,Busca tabla invitado
*************
05/09/2019 10:51:50,ross,Ingreso CONTRASEÑA,Busca tabla invitado
*************
05/09/2019 12:25:22,,Ingreso USUARIO,Busca tabla invitado
*************
05/09/2019 12:25:22,ross,Ingreso CONTRASEÑA,Busca tabla invitado
*************
05/09/2019 12:25:52,ross,1 MODIFICA ORDEN,PEDIDO=26
*************
05/09/2019 12:28:54,,Ingreso USUARIO,Busca tabla invitado
*************
05/09/2019 12:28:54,ross,Ingreso CONTRASEÑA,Busca tabla invitado
*************
05/09/2019 12:37:37,,Ingreso USUARIO,Busca tabla invitado
*************
05/09/2019 12:37:40,,Ingreso CONTRASEÑA FALLIDO,
*************
05/09/2019 12:37:40,,Ingreso CONTRASEÑA,Busca tabla invitado
*************
05/09/2019 12:40:02,ross,Ingreso CONTRASEÑA,Busca tabla invitado
*************
05/09/2019 12:48:32,,Ingreso USUARIO,Busca tabla invitado
*************
05/09/2019 12:48:33,ross,Ingreso CONTRASEÑA,Busca tabla invitado
*************
05/09/2019 13:05:35,,Ingreso USUARIO,Busca tabla invitado
*************
05/09/2019 13:05:35,ross,Ingreso CONTRASEÑA,Busca tabla invitado
*************
05/09/2019 13:11:50,,Ingreso USUARIO,Busca tabla invitado
*************
05/09/2019 13:11:51,ross,Ingreso CONTRASEÑA,Busca tabla invitado
*************
05/09/2019 16:05:59,,Ingreso USUARIO,Busca tabla invitado
*************
05/09/2019 16:06:00,ross,Ingreso CONTRASEÑA,Busca tabla invitado
*************
05/09/2019 16:37:32,,Ingreso USUARIO,Busca tabla invitado
*************
05/09/2019 16:37:33,ross,Ingreso CONTRASEÑA,Busca tabla invitado
*************
05/09/2019 16:38:05,ross,01 GENERAR ORDEN,PEDIDO=27
*************
05/09/2019 16:38:34,ross,GUARDA RESULTADOS,WBC=10.3
*************
05/09/2019 16:38:34,ross,GUARDA RESULTADOS,LYM=
*************
05/09/2019 16:38:34,ross,GUARDA RESULTADOS,LYM=
*************
05/09/2019 16:38:34,ross,GUARDA RESULTADOS,NEU=
*************
05/09/2019 16:38:34,ross,GUARDA RESULTADOS,MONO=
*************
05/09/2019 16:38:35,ross,GUARDA RESULTADOS,EOS=
*************
05/09/2019 16:38:35,ross,GUARDA RESULTADOS,BASO=
*************
05/09/2019 16:38:35,ross,GUARDA RESULTADOS,LYM%25=
*************
05/09/2019 16:38:35,ross,GUARDA RESULTADOS,NEU%25=
*************
05/09/2019 16:38:35,ross,GUARDA RESULTADOS,MONO%25=
*************
05/09/2019 16:38:35,ross,GUARDA RESULTADOS,EOS%25=
*************
05/09/2019 16:38:35,ross,GUARDA RESULTADOS,BASO%25=
*************
05/09/2019 16:38:35,ross,GUARDA RESULTADOS,HGB=
*************
05/09/2019 16:38:35,ross,GUARDA RESULTADOS,RBC=
*************
05/09/2019 16:38:35,ross,GUARDA RESULTADOS,HCT=
*************
05/09/2019 16:38:35,ross,GUARDA RESULTADOS,MCV=
*************
05/09/2019 16:38:35,ross,GUARDA RESULTADOS,MCH=
*************
05/09/2019 16:38:35,ross,GUARDA RESULTADOS,MCHC=
*************
05/09/2019 16:38:35,ross,GUARDA RESULTADOS,RDW_SD=
*************
05/09/2019 16:38:35,ross,GUARDA RESULTADOS,RDW_CV=
*************
05/09/2019 16:38:35,ross,GUARDA RESULTADOS,PLT=
*************
05/09/2019 16:38:35,ross,GUARDA RESULTADOS,PDW=
*************
05/09/2019 16:38:35,ross,GUARDA RESULTADOS,MPV=
*************
05/09/2019 16:38:35,ross,GUARDA RESULTADOS,PCT=
*************
05/09/2019 18:16:16,,Ingreso USUARIO,Busca tabla invitado
*************
05/09/2019 18:16:17,ross,Ingreso CONTRASEÑA,Busca tabla invitado
*************
05/09/2019 18:27:37,,Ingreso USUARIO,Busca tabla invitado
*************
05/09/2019 18:27:38,ross,Ingreso CONTRASEÑA,Busca tabla invitado
*************
05/09/2019 18:46:30,,Ingreso USUARIO,Busca tabla invitado
*************
05/09/2019 18:46:31,ross,Ingreso CONTRASEÑA,Busca tabla invitado
*************
05/09/2019 18:48:47,ross,GUARDA RESULTADOS,WBC=10.3
*************
05/09/2019 18:48:47,ross,GUARDA RESULTADOS,LYM=
*************
05/09/2019 18:48:47,ross,GUARDA RESULTADOS,NEU=0
*************
05/09/2019 18:48:47,ross,GUARDA RESULTADOS,MONO=
*************
05/09/2019 18:48:47,ross,GUARDA RESULTADOS,EOS=0
*************
05/09/2019 18:48:47,ross,GUARDA RESULTADOS,BASO=0
*************
05/09/2019 18:48:47,ross,GUARDA RESULTADOS,LYM%25=
*************
05/09/2019 18:48:47,ross,GUARDA RESULTADOS,NEU%25=
*************
05/09/2019 18:48:47,ross,GUARDA RESULTADOS,MONO%25=0
*************
05/09/2019 18:48:47,ross,GUARDA RESULTADOS,EOS%25=
*************
05/09/2019 18:48:48,ross,GUARDA RESULTADOS,BASO%25=
*************
05/09/2019 18:48:48,ross,GUARDA RESULTADOS,HGB=12
*************
05/09/2019 18:48:48,ross,GUARDA RESULTADOS,RBC=2310000
*************
05/09/2019 18:48:48,ross,GUARDA RESULTADOS,HCT=21
*************
05/09/2019 18:48:48,ross,GUARDA RESULTADOS,MCV=0
*************
05/09/2019 18:48:48,ross,GUARDA RESULTADOS,MCH=0
*************
05/09/2019 18:48:48,ross,GUARDA RESULTADOS,MCHC=57.14
*************
05/09/2019 18:48:48,ross,GUARDA RESULTADOS,RDW_SD=
*************
05/09/2019 18:48:48,ross,GUARDA RESULTADOS,RDW_CV=
*************
05/09/2019 18:48:48,ross,GUARDA RESULTADOS,PLT=
*************
05/09/2019 18:48:48,ross,GUARDA RESULTADOS,PDW=
*************
05/09/2019 18:48:48,ross,GUARDA RESULTADOS,MPV=
*************
05/09/2019 18:48:48,ross,GUARDA RESULTADOS,PCT=
*************
05/09/2019 19:05:43,,Ingreso USUARIO,Busca tabla invitado
*************
05/09/2019 19:05:43,ross,Ingreso CONTRASEÑA,Busca tabla invitado
*************
05/09/2019 19:10:17,ross,GUARDA RESULTADOS,WBC=10.3
*************
05/09/2019 19:10:17,ross,GUARDA RESULTADOS,LYM=
*************
05/09/2019 19:10:17,ross,GUARDA RESULTADOS,NEU=
*************
05/09/2019 19:10:17,ross,GUARDA RESULTADOS,MONO=
*************
05/09/2019 19:10:17,ross,GUARDA RESULTADOS,EOS=
*************
05/09/2019 19:10:17,ross,GUARDA RESULTADOS,BASO=
*************
05/09/2019 19:10:17,ross,GUARDA RESULTADOS,LYM%25=
*************
05/09/2019 19:10:17,ross,GUARDA RESULTADOS,NEU%25=
*************
05/09/2019 19:10:17,ross,GUARDA RESULTADOS,MONO%25=
*************
05/09/2019 19:10:17,ross,GUARDA RESULTADOS,EOS%25=
*************
05/09/2019 19:10:17,ross,GUARDA RESULTADOS,BASO%25=
*************
05/09/2019 19:10:17,ross,GUARDA RESULTADOS,HGB=
*************
05/09/2019 19:10:17,ross,GUARDA RESULTADOS,RBC=
*************
05/09/2019 19:10:17,ross,GUARDA RESULTADOS,HCT=
*************
05/09/2019 19:10:17,ross,GUARDA RESULTADOS,MCV=
*************
05/09/2019 19:10:17,ross,GUARDA RESULTADOS,MCH=
*************
05/09/2019 19:10:17,ross,GUARDA RESULTADOS,MCHC=
*************
05/09/2019 19:10:17,ross,GUARDA RESULTADOS,RDW_SD=
*************
05/09/2019 19:10:17,ross,GUARDA RESULTADOS,RDW_CV=
*************
05/09/2019 19:10:17,ross,GUARDA RESULTADOS,PLT=
*************
05/09/2019 19:10:17,ross,GUARDA RESULTADOS,PDW=
*************
05/09/2019 19:10:17,ross,GUARDA RESULTADOS,MPV=
*************
05/09/2019 19:10:17,ross,GUARDA RESULTADOS,PCT=
*************
05/09/2019 19:17:09,,Ingreso USUARIO,Busca tabla invitado
*************
05/09/2019 19:17:10,ross,Ingreso CONTRASEÑA,Busca tabla invitado
*************
05/09/2019 20:42:07,ross,GUARDA RESULTADOS,WBC=10.3
*************
05/09/2019 20:42:07,ross,GUARDA RESULTADOS,LYM=
*************
05/09/2019 20:42:07,ross,GUARDA RESULTADOS,NEU=
*************
05/09/2019 20:42:07,ross,GUARDA RESULTADOS,MONO=
*************
05/09/2019 20:42:07,ross,GUARDA RESULTADOS,EOS=
*************
05/09/2019 20:42:07,ross,GUARDA RESULTADOS,BASO=
*************
05/09/2019 20:42:07,ross,GUARDA RESULTADOS,LYM%25=
*************
05/09/2019 20:42:08,ross,GUARDA RESULTADOS,NEU%25=
*************
05/09/2019 20:42:08,ross,GUARDA RESULTADOS,MONO%25=
*************
05/09/2019 20:42:08,ross,GUARDA RESULTADOS,EOS%25=
*************
05/09/2019 20:42:08,ross,GUARDA RESULTADOS,BASO%25=
*************
05/09/2019 20:42:08,ross,GUARDA RESULTADOS,HGB=12
*************
05/09/2019 20:42:08,ross,GUARDA RESULTADOS,RBC=2310000
*************
05/09/2019 20:42:08,ross,GUARDA RESULTADOS,HCT=21
*************
05/09/2019 20:42:08,ross,GUARDA RESULTADOS,MCV=90.91
*************
05/09/2019 20:42:08,ross,GUARDA RESULTADOS,MCH=51.95
*************
05/09/2019 20:42:08,ross,GUARDA RESULTADOS,MCHC=57.14
*************
05/09/2019 20:42:08,ross,GUARDA RESULTADOS,RDW_SD=
*************
05/09/2019 20:42:08,ross,GUARDA RESULTADOS,RDW_CV=
*************
05/09/2019 20:42:08,ross,GUARDA RESULTADOS,PLT=
*************
05/09/2019 20:42:08,ross,GUARDA RESULTADOS,PDW=
*************
05/09/2019 20:42:08,ross,GUARDA RESULTADOS,MPV=
*************
05/09/2019 20:42:08,ross,GUARDA RESULTADOS,PCT=
*************
05/09/2019 20:43:23,ross,1 MODIFICA ORDEN,PEDIDO=27
*************
05/09/2019 20:49:55,,Ingreso USUARIO,Busca tabla invitado
*************
05/09/2019 20:49:56,ross,Ingreso CONTRASEÑA,Busca tabla invitado
*************
05/09/2019 20:54:41,ross,01 GENERAR ORDEN,PEDIDO=28
*************
05/09/2019 21:04:00,,Ingreso USUARIO,Busca tabla invitado
*************
05/09/2019 21:04:01,ross,Ingreso CONTRASEÑA,Busca tabla invitado
*************
05/09/2019 21:04:26,ross,GUARDA RESULTADOS,LIPTOTA=260
*************
05/09/2019 21:04:26,ross,GUARDA RESULTADOS,TCH=180
*************
05/09/2019 21:04:26,ross,GUARDA RESULTADOS,TGH=50
*************
05/09/2019 21:08:03,,Ingreso USUARIO,Busca tabla invitado
*************
05/09/2019 21:08:04,ross,Ingreso CONTRASEÑA,Busca tabla invitado
*************
05/09/2019 21:08:28,ross,GUARDA RESULTADOS,LIPTOTA=260
*************
05/09/2019 21:08:28,ross,GUARDA RESULTADOS,TCH=180
*************
05/09/2019 21:08:28,ross,GUARDA RESULTADOS,TGH=50
*************
05/09/2019 21:08:29,ross,VALIDACION RESULTADO,PEDIDO=28/400149
*************
05/09/2019 21:08:29,ross,VALIDACION RESULTADO,PEDIDO=28/400151
*************
05/09/2019 21:08:29,ross,VALIDACION RESULTADO,PEDIDO=28/400891
*************
05/09/2019 21:20:53,ross,IMPRIME POR AREA,PEDIDO=28
*************
05/09/2019 21:24:58,,Ingreso USUARIO,Busca tabla invitado
*************
05/09/2019 21:24:59,ross,Ingreso CONTRASEÑA,Busca tabla invitado
*************
05/09/2019 21:28:56,,Ingreso USUARIO,Busca tabla invitado
*************
05/09/2019 21:28:57,ross,Ingreso CONTRASEÑA,Busca tabla invitado
*************
05/09/2019 21:29:48,ross,IMPRIME POR AREA,PEDIDO=25
*************
05/09/2019 21:29:58,ross,IMPRIME TODO,PEDIDO=25
*************
05/09/2019 21:30:07,ross,IMPRIME POR AREA,PEDIDO=25
*************
05/09/2019 21:30:15,ross,IMPRIME POR EMAMEN,PEDIDO=25
*************
05/09/2019 21:30:20,ross,IMPRIME POR EMAMEN,PEDIDO=25
*************
05/09/2019 21:30:25,ross,IMPRIME SOBRE,PEDIDO=25
*************
05/09/2019 21:30:31,ross,IMPRIME POR AREA,PEDIDO=25
*************
05/09/2019 21:30:36,ross,IMPRIME POR AREA,PEDIDO=25
*************
06/09/2019 7:23:48,,Ingreso USUARIO,Busca tabla invitado
*************
06/09/2019 7:23:48,ross,Ingreso CONTRASEÑA,Busca tabla invitado
*************
08/09/2019 16:08:16,,Ingreso USUARIO,Busca tabla invitado
*************
08/09/2019 16:08:16,ross,Ingreso CONTRASEÑA,Busca tabla invitado
*************
08/09/2019 16:08:43,ross,1 MODIFICA ORDEN,PEDIDO=28
*************
08/09/2019 16:09:19,ross,GUARDA RESULTADOS,WBCH=11
*************
08/09/2019 16:09:19,ross,GUARDA RESULTADOS,LYMH=2
*************
08/09/2019 16:09:19,ross,GUARDA RESULTADOS,NEUH=3
*************
08/09/2019 16:09:19,ross,GUARDA RESULTADOS,MONOH=4
*************
08/09/2019 16:09:19,ross,GUARDA RESULTADOS,EOSH=5
*************
08/09/2019 16:09:19,ross,GUARDA RESULTADOS,BASOH=6
*************
08/09/2019 16:09:19,ross,GUARDA RESULTADOS,LYM%25H=7
*************
08/09/2019 16:09:19,ross,GUARDA RESULTADOS,NEU%25H=8
*************
08/09/2019 16:09:19,ross,GUARDA RESULTADOS,MONO%25H=9
*************
08/09/2019 16:09:19,ross,GUARDA RESULTADOS,EOS%25H=1
*************
08/09/2019 16:09:19,ross,GUARDA RESULTADOS,BASO%25H=2
*************
08/09/2019 16:09:19,ross,GUARDA RESULTADOS,HGBH=3
*************
08/09/2019 16:09:19,ross,GUARDA RESULTADOS,RBCH=4
*************
08/09/2019 16:09:19,ross,GUARDA RESULTADOS,HCTH=5
*************
08/09/2019 16:09:19,ross,GUARDA RESULTADOS,MCVH=6
*************
08/09/2019 16:09:19,ross,GUARDA RESULTADOS,MCHH=7
*************
08/09/2019 16:09:19,ross,GUARDA RESULTADOS,MCHCH=8
*************
08/09/2019 16:09:19,ross,GUARDA RESULTADOS,RDW_SDH=34
*************
08/09/2019 16:09:19,ross,GUARDA RESULTADOS,RDW_CVH=4
*************
08/09/2019 16:09:19,ross,GUARDA RESULTADOS,PLTH=5
*************
08/09/2019 16:09:19,ross,GUARDA RESULTADOS,PDWH=6
*************
08/09/2019 16:09:19,ross,GUARDA RESULTADOS,MPVH=4
*************
08/09/2019 16:09:19,ross,GUARDA RESULTADOS,PCTH=2
*************
08/09/2019 16:09:23,ross,GUARDA RESULTADOS,BH=MEMO
*************
08/09/2019 16:09:23,ross,GUARDA RESULTADOS,LIPTOTA=260
*************
08/09/2019 16:09:23,ross,GUARDA RESULTADOS,TCH=180
*************
08/09/2019 16:09:23,ross,GUARDA RESULTADOS,TGH=50
*************
08/09/2019 16:09:24,ross,VALIDACION RESULTADO,PEDIDO=28/400101
*************
08/09/2019 16:09:30,ross,IMPRIME POR AREA,PEDIDO=28
*************
08/09/2019 16:14:21,,Ingreso USUARIO,Busca tabla invitado
*************
08/09/2019 16:14:22,ross,Ingreso CONTRASEÑA,Busca tabla invitado
*************
08/09/2019 16:14:30,ross,IMPRIME POR AREA,PEDIDO=28
*************
08/09/2019 16:25:50,,Ingreso USUARIO,Busca tabla invitado
*************
08/09/2019 16:25:51,ross,Ingreso CONTRASEÑA,Busca tabla invitado
*************
08/09/2019 16:26:00,ross,IMPRIME POR AREA,PEDIDO=28
*************
08/09/2019 16:26:18,ross,Actualiza Test,Test=LIPIDOS TOTALES
*************
08/09/2019 16:26:22,ross,IMPRIME POR AREA,PEDIDO=28
*************
08/09/2019 16:28:09,ross,IMPRIME POR AREA,PEDIDO=28
*************
08/09/2019 16:28:20,ross,IMPRIME POR AREA,PEDIDO=28
*************
08/09/2019 17:01:41,,Ingreso USUARIO,Busca tabla invitado
*************
08/09/2019 17:01:43,ross,Ingreso CONTRASEÑA,Busca tabla invitado
*************
08/09/2019 17:01:52,ross,IMPRIME POR AREA,PEDIDO=28
*************
08/09/2019 17:08:44,,Ingreso USUARIO,Busca tabla invitado
*************
08/09/2019 17:08:46,ross,Ingreso CONTRASEÑA,Busca tabla invitado
*************
08/09/2019 17:08:55,ross,IMPRIME POR AREA,PEDIDO=28
*************
08/09/2019 17:15:44,,Ingreso USUARIO,Busca tabla invitado
*************
08/09/2019 17:15:44,ross,Ingreso CONTRASEÑA,Busca tabla invitado
*************
08/09/2019 17:15:52,ross,IMPRIME POR AREA,PEDIDO=28
*************
08/09/2019 17:18:25,ross,IMPRIME POR AREA,PEDIDO=28
*************
08/09/2019 18:30:26,,Ingreso USUARIO,Busca tabla invitado
*************
08/09/2019 18:30:26,ross,Ingreso CONTRASEÑA,Busca tabla invitado
*************
08/09/2019 18:30:46,ross,IMPRIME POR AREA,PEDIDO=28
*************
08/09/2019 18:30:54,ross,IMPRIME POR AREA,PEDIDO=28
*************
09/09/2019 16:51:54,,Ingreso USUARIO,Busca tabla invitado
*************
09/09/2019 16:51:55,ross,Ingreso CONTRASEÑA,Busca tabla invitado
*************
11/09/2019 8:51:24,,Ingreso USUARIO,Busca tabla invitado
*************
11/09/2019 8:51:25,ross,Ingreso CONTRASEÑA,Busca tabla invitado
*************
11/09/2019 8:51:40,ross,IMPRIME POR AREA,PEDIDO=28
*************
11/09/2019 8:51:45,ross,IMPRIME POR AREA,PEDIDO=28
*************
11/09/2019 8:55:20,,Ingreso USUARIO,Busca tabla invitado
*************
11/09/2019 8:55:20,ross,Ingreso CONTRASEÑA,Busca tabla invitado
*************
11/09/2019 8:55:33,ross,IMPRIME POR AREA,PEDIDO=28
*************
11/09/2019 12:31:52,,Ingreso USUARIO,Busca tabla invitado
*************
11/09/2019 12:31:53,ross,Ingreso CONTRASEÑA,Busca tabla invitado
*************
11/09/2019 13:07:28,,Ingreso USUARIO,Busca tabla invitado
*************
11/09/2019 13:07:29,ross,Ingreso CONTRASEÑA,Busca tabla invitado
*************
11/09/2019 13:08:01,ross,01 GENERAR ORDEN,PEDIDO=219
*************
11/09/2019 14:09:37,,Ingreso USUARIO,Busca tabla invitado
*************
11/09/2019 14:09:38,ross,Ingreso CONTRASEÑA,Busca tabla invitado
*************
12/09/2019 9:52:03,,Ingreso USUARIO,Busca tabla invitado
*************
12/09/2019 9:52:05,ross,Ingreso CONTRASEÑA,Busca tabla invitado
*************
12/09/2019 15:50:25,,Ingreso USUARIO,Busca tabla invitado
*************
12/09/2019 15:50:26,ross,Ingreso CONTRASEÑA,Busca tabla invitado
*************
12/09/2019 16:20:55,,Ingreso USUARIO,Busca tabla invitado
*************
12/09/2019 16:20:57,ross,Ingreso CONTRASEÑA,Busca tabla invitado
*************
12/09/2019 16:53:23,,Ingreso USUARIO,Busca tabla invitado
*************
12/09/2019 16:53:23,ross,Ingreso CONTRASEÑA,Busca tabla invitado
*************
12/09/2019 17:18:12,,Ingreso USUARIO,Busca tabla invitado
*************
12/09/2019 17:18:13,ross,Ingreso CONTRASEÑA,Busca tabla invitado
*************
12/09/2019 17:37:02,,Ingreso USUARIO,Busca tabla invitado
*************
12/09/2019 17:37:03,ross,Ingreso CONTRASEÑA,Busca tabla invitado
*************
12/09/2019 17:54:08,,Ingreso USUARIO,Busca tabla invitado
*************
12/09/2019 17:54:09,ross,Ingreso CONTRASEÑA,Busca tabla invitado
*************
12/09/2019 18:07:42,,Ingreso USUARIO,Busca tabla invitado
*************
12/09/2019 18:07:43,ross,Ingreso CONTRASEÑA,Busca tabla invitado
*************
12/09/2019 18:17:59,,Ingreso USUARIO,Busca tabla invitado
*************
12/09/2019 18:18:00,ross,Ingreso CONTRASEÑA,Busca tabla invitado
*************
12/09/2019 18:25:03,,Ingreso USUARIO,Busca tabla invitado
*************
12/09/2019 18:25:03,ross,Ingreso CONTRASEÑA,Busca tabla invitado
*************
12/09/2019 18:33:35,,Ingreso USUARIO,Busca tabla invitado
*************
12/09/2019 18:33:36,ross,Ingreso CONTRASEÑA,Busca tabla invitado
*************
12/09/2019 18:51:55,,Ingreso USUARIO,Busca tabla invitado
*************
12/09/2019 18:51:55,ross,Ingreso CONTRASEÑA,Busca tabla invitado
*************
12/09/2019 18:52:20,ross,Generar Paciente,Paciente=PRUEBA PRUEBA
*************
12/09/2019 20:52:06,,Ingreso USUARIO,Busca tabla invitado
*************
12/09/2019 20:52:07,ross,Ingreso CONTRASEÑA,Busca tabla invitado
*************
12/09/2019 21:40:06,,Ingreso USUARIO,Busca tabla invitado
*************
12/09/2019 21:40:06,ross,Ingreso CONTRASEÑA,Busca tabla invitado
*************
12/09/2019 21:47:53,,Ingreso USUARIO,Busca tabla invitado
*************
12/09/2019 21:47:54,ross,Ingreso CONTRASEÑA,Busca tabla invitado
*************
12/09/2019 21:48:22,ross,01 GENERAR ORDEN,PEDIDO=220
*************
14/09/2019 10:35:39,,Ingreso USUARIO,Busca tabla invitado
*************
14/09/2019 10:35:40,ross,Ingreso CONTRASEÑA,Busca tabla invitado
*************
14/09/2019 10:43:58,,Ingreso USUARIO,Busca tabla invitado
*************
14/09/2019 10:43:58,ross,Ingreso CONTRASEÑA,Busca tabla invitado
*************
14/09/2019 11:00:26,,Ingreso USUARIO,Busca tabla invitado
*************
14/09/2019 11:00:30,ross,Ingreso CONTRASEÑA,Busca tabla invitado
*************
14/09/2019 11:23:30,,Ingreso USUARIO,Busca tabla invitado
*************
14/09/2019 11:23:30,ross,Ingreso CONTRASEÑA,Busca tabla invitado
*************
14/09/2019 11:27:40,,Ingreso USUARIO,Busca tabla invitado
*************
14/09/2019 12:17:07,,Ingreso USUARIO,Busca tabla invitado
*************
14/09/2019 12:17:42,ross,Ingreso CONTRASEÑA,Busca tabla invitado
*************
14/09/2019 12:21:47,,Ingreso USUARIO,Busca tabla invitado
*************
14/09/2019 12:22:11,ross,Ingreso CONTRASEÑA,Busca tabla invitado
*************
14/09/2019 12:25:47,,Ingreso USUARIO,Busca tabla invitado
*************
14/09/2019 12:29:47,,Ingreso USUARIO,Busca tabla invitado
*************
14/09/2019 12:30:38,,Ingreso USUARIO,Busca tabla invitado
*************
17/09/2019 10:06:38,,Ingreso USUARIO,Busca tabla invitado
*************
17/09/2019 10:06:39,ross,Ingreso CONTRASEÑA,Busca tabla invitado
*************
17/09/2019 10:07:00,ross,IMPRIME POR AREA,PEDIDO=14
*************
17/09/2019 10:07:13,ross,IMPRIME POR AREA,PEDIDO=14
*************
17/09/2019 10:07:20,ross,IMPRIME TODO,PEDIDO=14
*************
17/09/2019 10:07:29,ross,IMPRIME POR AREA,PEDIDO=14
*************
17/09/2019 10:11:23,,Ingreso USUARIO,Busca tabla invitado
*************
17/09/2019 10:11:24,ross,Ingreso CONTRASEÑA,Busca tabla invitado
*************
17/09/2019 10:11:57,ross,IMPRIME POR AREA,PEDIDO=15
*************
17/09/2019 10:27:04,,Ingreso USUARIO,Busca tabla invitado
*************
17/09/2019 10:27:06,ross,Ingreso CONTRASEÑA,Busca tabla invitado
*************
17/09/2019 10:27:49,ross,IMPRIME POR AREA,PEDIDO=16
*************
17/09/2019 11:42:22,,Ingreso USUARIO,Busca tabla invitado
*************
18/09/2019 8:45:20,,Ingreso USUARIO,Busca tabla invitado
*************
18/09/2019 8:45:20,ross,Ingreso CONTRASEÑA,Busca tabla invitado
*************
18/09/2019 8:47:22,ross,IMPRIME POR AREA,PEDIDO=14
*************
19/09/2019 17:24:59,,Ingreso USUARIO,Busca tabla invitado
*************
19/09/2019 17:25:00,ross,Ingreso CONTRASEÑA,Busca tabla invitado
*************
19/09/2019 17:25:22,ross,01 GENERAR ORDEN,PEDIDO=29
*************
19/09/2019 17:25:41,ross,GUARDA RESULTADOS,WBCH=2
*************
19/09/2019 17:25:41,ross,GUARDA RESULTADOS,LYMH=2
*************
19/09/2019 17:25:41,ross,GUARDA RESULTADOS,NEUH=2
*************
19/09/2019 17:25:41,ross,GUARDA RESULTADOS,MONOH=2
*************
19/09/2019 17:25:41,ross,GUARDA RESULTADOS,EOSH=3
*************
19/09/2019 17:25:41,ross,GUARDA RESULTADOS,BASOH=3
*************
19/09/2019 17:25:41,ross,GUARDA RESULTADOS,LYM%25H=3
*************
19/09/2019 17:25:41,ross,GUARDA RESULTADOS,NEU%25H=4
*************
19/09/2019 17:25:41,ross,GUARDA RESULTADOS,MONO%25H=4
*************
19/09/2019 17:25:41,ross,GUARDA RESULTADOS,EOS%25H=4
*************
19/09/2019 17:25:41,ross,GUARDA RESULTADOS,BASO%25H=5
*************
19/09/2019 17:25:41,ross,GUARDA RESULTADOS,HGBH=5
*************
19/09/2019 17:25:41,ross,GUARDA RESULTADOS,RBCH=5
*************
19/09/2019 17:25:41,ross,GUARDA RESULTADOS,HCTH=6
*************
19/09/2019 17:25:41,ross,GUARDA RESULTADOS,MCVH=6
*************
19/09/2019 17:25:41,ross,GUARDA RESULTADOS,MCHH=6
*************
19/09/2019 17:25:41,ross,GUARDA RESULTADOS,MCHCH=7
*************
19/09/2019 17:25:41,ross,GUARDA RESULTADOS,RDW_SDH=7
*************
19/09/2019 17:25:41,ross,GUARDA RESULTADOS,RDW_CVH=7
*************
19/09/2019 17:25:41,ross,GUARDA RESULTADOS,PLTH=8
*************
19/09/2019 17:25:41,ross,GUARDA RESULTADOS,PDWH=8
*************
19/09/2019 17:25:41,ross,GUARDA RESULTADOS,MPVH=8
*************
19/09/2019 17:25:41,ross,GUARDA RESULTADOS,PCTH=9
*************
19/09/2019 17:25:44,ross,GUARDA RESULTADOS,BH=MEMO
*************
19/09/2019 17:25:45,ross,VALIDACION RESULTADO,PEDIDO=29/400101
*************
19/09/2019 17:25:59,ross,IMPRIME POR AREA,PEDIDO=29
*************
19/09/2019 17:26:08,ross,IMPRIME POR AREA,PEDIDO=29
*************
19/09/2019 17:26:20,ross,IMPRIME POR AREA,PEDIDO=29
*************
19/09/2019 17:26:32,ross,IMPRIME TODO,PEDIDO=29
*************
19/09/2019 17:26:41,ross,IMPRIME POR EMAMEN,PEDIDO=29
*************
19/09/2019 17:26:48,ross,IMPRIME POR AREA,PEDIDO=29
*************
19/09/2019 17:53:18,,Ingreso USUARIO,Busca tabla invitado
*************
19/09/2019 17:53:18,ross,Ingreso CONTRASEÑA,Busca tabla invitado
*************
19/09/2019 17:53:45,ross,IMPRIME POR AREA,PEDIDO=29
*************
19/09/2019 17:54:15,ross,1 MODIFICA ORDEN,PEDIDO=29
*************
19/09/2019 17:54:30,ross,GUARDA RESULTADOS,BH=MEMO
*************
19/09/2019 17:54:30,ross,GUARDA RESULTADOS,TCH=190
*************
19/09/2019 17:54:30,ross,GUARDA RESULTADOS,TGH=145
*************
19/09/2019 17:54:31,ross,VALIDACION RESULTADO,PEDIDO=29/400149
*************
19/09/2019 17:54:31,ross,VALIDACION RESULTADO,PEDIDO=29/400151
*************
19/09/2019 17:54:47,ross,IMPRIME POR AREA,PEDIDO=29
*************
19/09/2019 17:54:59,ross,IMPRIME TODO,PEDIDO=29
*************
19/09/2019 17:55:08,ross,IMPRIME POR AREA,PEDIDO=29
*************
19/09/2019 17:59:57,,Ingreso USUARIO,Busca tabla invitado
*************
19/09/2019 17:59:58,ross,Ingreso CONTRASEÑA,Busca tabla invitado
*************
19/09/2019 18:00:07,ross,IMPRIME POR AREA,PEDIDO=29
*************
19/09/2019 18:09:37,,Ingreso USUARIO,Busca tabla invitado
*************
19/09/2019 18:09:38,ross,Ingreso CONTRASEÑA,Busca tabla invitado
*************
19/09/2019 18:11:39,,Ingreso USUARIO,Busca tabla invitado
*************
19/09/2019 18:11:40,ross,Ingreso CONTRASEÑA,Busca tabla invitado
*************
19/09/2019 19:11:26,,Ingreso USUARIO,Busca tabla invitado
*************
19/09/2019 19:11:27,ross,Ingreso CONTRASEÑA,Busca tabla invitado
*************
19/09/2019 19:11:54,ross,IMPRIME POR AREA,PEDIDO=29
*************
19/09/2019 19:18:08,,Ingreso USUARIO,Busca tabla invitado
*************
19/09/2019 19:18:09,ross,Ingreso CONTRASEÑA,Busca tabla invitado
*************
19/09/2019 19:18:19,ross,IMPRIME POR AREA,PEDIDO=29
*************
19/09/2019 19:23:40,,Ingreso USUARIO,Busca tabla invitado
*************
19/09/2019 19:23:41,ross,Ingreso CONTRASEÑA,Busca tabla invitado
*************
19/09/2019 19:24:24,ross,IMPRIME POR AREA,PEDIDO=29
*************
19/09/2019 19:25:33,ross,IMPRIME POR AREA,PEDIDO=29
*************
19/09/2019 19:37:32,ross,IMPRIME POR AREA,PEDIDO=29
*************
19/09/2019 19:47:12,,Ingreso USUARIO,Busca tabla invitado
*************
19/09/2019 19:47:14,ross,Ingreso CONTRASEÑA,Busca tabla invitado
*************
19/09/2019 19:47:25,ross,IMPRIME POR AREA,PEDIDO=29
*************
19/09/2019 19:47:54,ross,IMPRIME POR AREA,PEDIDO=29
*************
19/09/2019 19:59:34,,Ingreso USUARIO,Busca tabla invitado
*************
19/09/2019 19:59:34,ross,Ingreso CONTRASEÑA,Busca tabla invitado
*************
19/09/2019 19:59:43,ross,IMPRIME POR AREA,PEDIDO=29
*************
19/09/2019 19:59:57,ross,IMPRIME POR AREA,PEDIDO=29
*************
19/09/2019 20:00:06,ross,IMPRIME TODO,PEDIDO=29
*************
19/09/2019 20:00:34,ross,IMPRIME POR EMAMEN,PEDIDO=29
*************
19/09/2019 20:13:48,,Ingreso USUARIO,Busca tabla invitado
*************
19/09/2019 20:13:49,ross,Ingreso CONTRASEÑA,Busca tabla invitado
*************
19/09/2019 20:13:56,ross,IMPRIME POR AREA,PEDIDO=29
*************
19/09/2019 20:14:04,ross,IMPRIME POR AREA,PEDIDO=29
*************
19/09/2019 20:14:13,ross,IMPRIME TODO,PEDIDO=29
*************
19/09/2019 20:14:42,ross,IMPRIME POR EMAMEN,PEDIDO=29
*************
19/09/2019 20:29:52,,Ingreso USUARIO,Busca tabla invitado
*************
19/09/2019 20:29:53,ross,Ingreso CONTRASEÑA,Busca tabla invitado
*************
19/09/2019 20:30:02,ross,IMPRIME TODO,PEDIDO=29
*************
19/09/2019 20:34:39,,Ingreso USUARIO,Busca tabla invitado
*************
19/09/2019 20:34:40,ross,Ingreso CONTRASEÑA,Busca tabla invitado
*************
19/09/2019 20:34:48,ross,IMPRIME TODO,PEDIDO=29
*************
19/09/2019 20:35:12,ross,IMPRIME POR AREA,PEDIDO=29
*************
19/09/2019 20:35:24,ross,IMPRIME POR EMAMEN,PEDIDO=29
*************
19/09/2019 20:44:56,ross,IMPRIME POR EMAMEN,PEDIDO=29
*************
19/09/2019 20:49:36,,Ingreso USUARIO,Busca tabla invitado
*************
19/09/2019 20:49:38,ross,Ingreso CONTRASEÑA,Busca tabla invitado
*************
19/09/2019 20:49:46,ross,IMPRIME TODO,PEDIDO=29
*************
19/09/2019 20:49:56,ross,IMPRIME TODO,PEDIDO=29
*************
19/09/2019 21:15:04,,Ingreso USUARIO,Busca tabla invitado
*************
19/09/2019 21:15:05,ross,Ingreso CONTRASEÑA,Busca tabla invitado
*************
19/09/2019 21:15:13,ross,IMPRIME POR AREA,PEDIDO=29
*************
19/09/2019 21:19:51,,Ingreso USUARIO,Busca tabla invitado
*************
19/09/2019 21:19:52,ross,Ingreso CONTRASEÑA,Busca tabla invitado
*************
19/09/2019 21:24:22,,Ingreso USUARIO,Busca tabla invitado
*************
19/09/2019 21:24:24,ross,Ingreso CONTRASEÑA,Busca tabla invitado
*************
19/09/2019 21:31:06,,Ingreso USUARIO,Busca tabla invitado
*************
19/09/2019 21:31:07,ross,Ingreso CONTRASEÑA,Busca tabla invitado
*************
19/09/2019 21:31:22,ross,IMPRIME POR AREA,PEDIDO=29
*************
19/09/2019 21:39:58,,Ingreso USUARIO,Busca tabla invitado
*************
19/09/2019 21:39:59,ross,Ingreso CONTRASEÑA,Busca tabla invitado
*************
19/09/2019 21:40:13,ross,IMPRIME POR AREA,PEDIDO=29
*************
19/09/2019 21:40:41,ross,IMPRIME POR AREA,PEDIDO=29
*************
19/09/2019 21:43:17,,Ingreso USUARIO,Busca tabla invitado
*************
19/09/2019 21:43:18,ross,Ingreso CONTRASEÑA,Busca tabla invitado
*************
19/09/2019 21:51:30,,Ingreso USUARIO,Busca tabla invitado
*************
19/09/2019 21:51:31,ross,Ingreso CONTRASEÑA,Busca tabla invitado
*************
19/09/2019 21:56:51,,Ingreso USUARIO,Busca tabla invitado
*************
19/09/2019 21:56:52,ross,Ingreso CONTRASEÑA,Busca tabla invitado
*************
19/09/2019 21:57:01,ross,IMPRIME TODO,PEDIDO=29
*************
19/09/2019 21:57:12,ross,IMPRIME POR EMAMEN,PEDIDO=29
*************
19/09/2019 21:57:43,ross,IMPRIME POR AREA,PEDIDO=29
*************
19/09/2019 22:30:26,,Ingreso USUARIO,Busca tabla invitado
*************
19/09/2019 22:30:28,ross,Ingreso CONTRASEÑA,Busca tabla invitado
*************
19/09/2019 22:30:47,ross,01 GENERAR ORDEN,PEDIDO=30
*************
19/09/2019 22:33:56,ross,01 GENERAR ORDEN,PEDIDO=31
*************
19/09/2019 23:21:23,,Ingreso USUARIO,Busca tabla invitado
*************
19/09/2019 23:21:26,ross,Ingreso CONTRASEÑA,Busca tabla invitado
*************
19/09/2019 23:27:45,,Ingreso USUARIO,Busca tabla invitado
*************
19/09/2019 23:27:46,ross,Ingreso CONTRASEÑA,Busca tabla invitado
*************
20/09/2019 10:42:18,,Ingreso USUARIO,Busca tabla invitado
*************
20/09/2019 10:42:19,ross,Ingreso CONTRASEÑA,Busca tabla invitado
*************
20/09/2019 10:42:41,ross,01 GENERAR ORDEN,PEDIDO=32
*************
20/09/2019 10:43:04,ross,GUARDA RESULTADOS,ANAQUI1=- EXAMEN FÍSICO -
*************
20/09/2019 10:43:04,ross,GUARDA RESULTADOS,COLO=AMARILLO
*************
20/09/2019 10:43:05,ross,GUARDA RESULTADOS,ASPOH=TRANSPARENTE
*************
20/09/2019 10:43:05,ross,GUARDA RESULTADOS,EMOQUI=-EXAMEN QUIMICO-
*************
20/09/2019 10:43:05,ross,GUARDA RESULTADOS,DENO=1.015
*************
20/09/2019 10:43:05,ross,GUARDA RESULTADOS,PHO=5
*************
20/09/2019 10:43:05,ross,GUARDA RESULTADOS,LEUO=NEGATIVO
*************
20/09/2019 10:43:05,ross,GUARDA RESULTADOS,NITO=NEGATIVO
*************
20/09/2019 10:43:05,ross,GUARDA RESULTADOS,PROTO=NEGATIVO
*************
20/09/2019 10:43:05,ross,GUARDA RESULTADOS,GLUO=NEGATIVO
*************
20/09/2019 10:43:05,ross,GUARDA RESULTADOS,CETOR=NEGATIVO
*************
20/09/2019 10:43:05,ross,GUARDA RESULTADOS,UROO=NEGATIVO
*************
20/09/2019 10:43:05,ross,GUARDA RESULTADOS,BILO=NEGATIVO
*************
20/09/2019 10:43:05,ross,GUARDA RESULTADOS,SANO=NEGATIVO
*************
20/09/2019 10:43:05,ross,GUARDA RESULTADOS,HGBO=
*************
20/09/2019 10:43:06,ross,GUARDA RESULTADOS,ANAMIC1=- EXAMEN MICROSCÓPICO -
*************
20/09/2019 10:43:06,ross,GUARDA RESULTADOS,CELEPH=
*************
20/09/2019 10:43:06,ross,GUARDA RESULTADOS,PIOO=4-6
*************
20/09/2019 10:43:06,ross,GUARDA RESULTADOS,BACO=
*************
20/09/2019 10:43:06,ross,GUARDA RESULTADOS,CELCAOH=
*************
20/09/2019 10:43:06,ross,GUARDA RESULTADOS,CILCE=
*************
20/09/2019 10:43:06,ross,GUARDA RESULTADOS,ASCOH=
*************
20/09/2019 10:43:06,ross,GUARDA RESULTADOS,CELPOH=
*************
20/09/2019 10:43:06,ross,GUARDA RESULTADOS,CIGO=
*************
20/09/2019 10:43:06,ross,GUARDA RESULTADOS,CILO=
*************
20/09/2019 10:43:06,ross,GUARDA RESULTADOS,OXAO=
*************
20/09/2019 10:43:06,ross,GUARDA RESULTADOS,CRIO=
*************
20/09/2019 10:43:07,ross,GUARDA RESULTADOS,URO=
*************
20/09/2019 10:43:07,ross,GUARDA RESULTADOS,CCETO=
*************
20/09/2019 10:43:07,ross,GUARDA RESULTADOS,ESP=
*************
20/09/2019 10:43:07,ross,GUARDA RESULTADOS,ELEUCOH=
*************
20/09/2019 10:43:07,ross,GUARDA RESULTADOS,FOO=
*************
20/09/2019 10:43:07,ross,GUARDA RESULTADOS,HEMOH=
*************
20/09/2019 10:43:07,ross,GUARDA RESULTADOS,LEVA_ORINA=
*************
20/09/2019 10:43:07,ross,GUARDA RESULTADOS,MOCO=
*************
20/09/2019 10:43:07,ross,GUARDA RESULTADOS,OTROSO=
*************
20/09/2019 10:43:11,ross,GUARDA RESULTADOS,EMO=MEMO
*************
20/09/2019 10:43:15,ross,VALIDACION RESULTADO,PEDIDO=32/400230
*************
20/09/2019 10:43:28,ross,IMPRIME POR AREA,PEDIDO=32
*************
20/09/2019 10:49:19,,Ingreso USUARIO,Busca tabla invitado
*************
20/09/2019 10:49:20,,Ingreso CONTRASEÑA FALLIDO,
*************
20/09/2019 10:49:20,,Ingreso CONTRASEÑA,Busca tabla invitado
*************
20/09/2019 10:49:22,ross,Ingreso CONTRASEÑA,Busca tabla invitado
*************
20/09/2019 10:49:30,ross,IMPRIME POR AREA,PEDIDO=32
*************
20/09/2019 10:55:24,,Ingreso USUARIO,Busca tabla invitado
*************
20/09/2019 10:55:24,ross,Ingreso CONTRASEÑA,Busca tabla invitado
*************
20/09/2019 10:55:39,ross,IMPRIME POR AREA,PEDIDO=32
*************
20/09/2019 11:01:46,,Ingreso USUARIO,Busca tabla invitado
*************
20/09/2019 11:01:48,ross,Ingreso CONTRASEÑA,Busca tabla invitado
*************
20/09/2019 11:01:57,ross,IMPRIME POR AREA,PEDIDO=32
*************
20/09/2019 11:12:24,,Ingreso USUARIO,Busca tabla invitado
*************
20/09/2019 11:12:25,ross,Ingreso CONTRASEÑA,Busca tabla invitado
*************
20/09/2019 11:12:33,ross,IMPRIME POR AREA,PEDIDO=32
*************
20/09/2019 11:30:12,,Ingreso USUARIO,Busca tabla invitado
*************
20/09/2019 11:30:13,ross,Ingreso CONTRASEÑA,Busca tabla invitado
*************
20/09/2019 11:30:22,ross,IMPRIME POR AREA,PEDIDO=32
*************
23/09/2019 9:06:37,,Ingreso USUARIO,Busca tabla invitado
*************
23/09/2019 9:06:37,ross,Ingreso CONTRASEÑA,Busca tabla invitado
*************
23/09/2019 16:11:51,,Ingreso USUARIO,Busca tabla invitado
*************
23/09/2019 16:11:51,ross,Ingreso CONTRASEÑA,Busca tabla invitado
*************
23/09/2019 16:12:40,ross,01 GENERAR ORDEN,PEDIDO=5
*************
23/09/2019 16:13:04,ross,GUARDA NOTA AREA,EXAMEN PADRE=400571/FUN 2019
*************
23/09/2019 16:13:06,ross,GUARDA NOTA AREA,EXAMEN PADRE=400571/FUN 2019
*************
23/09/2019 17:31:30,,Ingreso USUARIO,Busca tabla invitado
*************
23/09/2019 17:31:31,ross,Ingreso CONTRASEÑA,Busca tabla invitado
*************
23/09/2019 18:59:58,,Ingreso USUARIO,Busca tabla invitado
*************
23/09/2019 18:59:59,ross,Ingreso CONTRASEÑA,Busca tabla invitado
*************
23/09/2019 19:24:57,,Ingreso USUARIO,Busca tabla invitado
*************
23/09/2019 19:24:58,ross,Ingreso CONTRASEÑA,Busca tabla invitado
*************
23/09/2019 20:52:12,,Ingreso USUARIO,Busca tabla invitado
*************
23/09/2019 20:52:13,ross,Ingreso CONTRASEÑA,Busca tabla invitado
*************
23/09/2019 21:34:54,,Ingreso USUARIO,Busca tabla invitado
*************
23/09/2019 21:34:54,ross,Ingreso CONTRASEÑA,Busca tabla invitado
*************
24/09/2019 9:40:54,,Ingreso USUARIO,Busca tabla invitado
*************
24/09/2019 9:40:56,ross,Ingreso CONTRASEÑA,Busca tabla invitado
*************
24/09/2019 9:41:26,ross,Generar Paciente,Paciente=FLORES NARANJO ROSSVAN EMILIO
*************
24/09/2019 9:41:47,ross,01 GENERAR ORDEN,PEDIDO=2
*************
24/09/2019 9:45:00,ross,1 MODIFICA ORDEN,PEDIDO=2
*************
24/09/2019 10:54:51,ross,Actualiza FACTURA,FACTURA=1
*************
24/09/2019 10:54:51,ross,Ingresa FACTURA,FACTURA=1
*************
24/09/2019 10:54:52,ross,Insertar abono,Factura=1 Abono= 14
*************
24/09/2019 10:54:52,ross,Cancela FACTURA,FACTURA=1
*************
24/09/2019 10:55:13,ross,GUARDA RESULTADOS,TCH=145
*************
24/09/2019 10:55:15,ross,VALIDACION RESULTADO,PEDIDO=2/400149
*************
24/09/2019 10:55:44,ross,GUARDA RESULTADOS,TCH=145
*************
24/09/2019 10:55:44,ross,GUARDA RESULTADOS,LDLH=125
*************
24/09/2019 10:56:10,ross,GUARDA RESULTADOS,TCH=145
*************
24/09/2019 10:56:10,ross,GUARDA RESULTADOS,LDLH=125
*************
24/09/2019 10:56:10,ross,GUARDA RESULTADOS,TGH=124
*************
24/09/2019 10:56:10,ross,GUARDA RESULTADOS,HIV=NEGATIVO
*************
24/09/2019 10:56:12,ross,VALIDACION RESULTADO,PEDIDO=2/400151
*************
24/09/2019 10:56:12,ross,VALIDACION RESULTADO,PEDIDO=2/400476
*************
24/09/2019 10:56:12,ross,VALIDACION RESULTADO,PEDIDO=2/400772
*************
24/09/2019 16:20:22,ross,GUARDA RESULTADOS,TGH=125
*************
24/09/2019 16:32:40,,Ingreso USUARIO,Busca tabla invitado
*************
24/09/2019 16:32:41,ross,Ingreso CONTRASEÑA,Busca tabla invitado
*************
24/09/2019 16:33:20,ross,GUARDA RESULTADOS,TGH=125
*************
24/09/2019 16:33:21,ross,VALIDACION RESULTADO,PEDIDO=1/400151
*************
24/09/2019 16:33:48,ross,IMPRIME POR AREA,PEDIDO=1
*************
24/09/2019 16:34:32,ross,ERROR ENVIO CORREO PACIENTE,PEDIDO=1 EMAIL NO VALIDO
*************
24/09/2019 16:34:59,ross,Actualiza Paciente,Paciente=MORALES FREIRE MARIA DEL CARMEN
*************
24/09/2019 16:35:11,ross,ENVIO CORREO PACIENTE,PEDIDO=1
*************
24/09/2019 17:17:50,,Ingreso USUARIO,Busca tabla invitado
*************
24/09/2019 17:17:50,ross,Ingreso CONTRASEÑA,Busca tabla invitado
*************
24/09/2019 17:23:33,ross,Nuevo Test en Lista de Precios,Test=401070 12  NORMAL
*************
24/09/2019 17:23:33,ross,Nuevo Test en Lista de Precios,Test=401070 12  URGENCIA
*************
24/09/2019 17:23:33,ross,INGRESA TEST,TEST=ESTRADIOL (E2)
*************
24/09/2019 17:23:33,ross,Actualiza Test,Test=ESTRADIOL (E2)
*************
24/09/2019 17:24:08,ross,Actualizar Rango Unico,Test=401070 Rango=0-87
*************
24/09/2019 17:24:26,ross,Actualizar Rango Múltiple,Test=401070 Rango=FASE FOLICULAR:  15.0-120 
FASE OVOLUTORIA 136.0-251.0  
FASE LUTEA:      48.0-172.0 
POSTMENOPAUSIA: 10.0-66.0                                                                                  ANTICONCEPTIVOS ORALES:  15.0-95.0
*************
24/09/2019 17:24:58,ross,01 GENERAR ORDEN,PEDIDO=2
*************
24/09/2019 17:30:10,ross,01 GENERAR ORDEN,PEDIDO=3
*************
24/09/2019 17:40:54,ross,Actualizar Rango Unico,Test=401070 Rango=0-78
*************
24/09/2019 18:27:27,,Ingreso USUARIO,Busca tabla invitado
*************
24/09/2019 18:27:28,ross,Ingreso CONTRASEÑA,Busca tabla invitado
*************
24/09/2019 18:28:26,ross,Actualizar Rango Unico,Test=401070 Rango=0-25
*************
25/09/2019 12:13:45,,Ingreso USUARIO,Busca tabla invitado
*************
25/09/2019 12:13:46,ross,Ingreso CONTRASEÑA,Busca tabla invitado
*************
26/09/2019 8:48:19,,Ingreso USUARIO,Busca tabla invitado
*************
26/09/2019 8:48:19,ross,Ingreso CONTRASEÑA,Busca tabla invitado
*************
26/09/2019 8:49:11,ross,01 GENERAR ORDEN,PEDIDO=4
*************
26/09/2019 8:50:26,ross,GUARDA RESULTADOS,WBC=8.3
*************
26/09/2019 8:50:26,ross,GUARDA RESULTADOS,LYM=3.5
*************
26/09/2019 8:50:26,ross,GUARDA RESULTADOS,NEU=4.0
*************
26/09/2019 8:50:26,ross,GUARDA RESULTADOS,MONO=1.4
*************
26/09/2019 8:50:26,ross,GUARDA RESULTADOS,EOS=1.5
*************
26/09/2019 8:50:26,ross,GUARDA RESULTADOS,BASO=0.3
*************
26/09/2019 8:50:26,ross,GUARDA RESULTADOS,LYM%25=44
*************
26/09/2019 8:50:26,ross,GUARDA RESULTADOS,NEU%25=32
*************
26/09/2019 8:50:26,ross,GUARDA RESULTADOS,MONO%25=11
*************
26/09/2019 8:50:26,ross,GUARDA RESULTADOS,EOS%25=2.3
*************
26/09/2019 8:50:26,ross,GUARDA RESULTADOS,BASO%25=1
*************
26/09/2019 8:50:26,ross,GUARDA RESULTADOS,HGB=14
*************
26/09/2019 8:50:26,ross,GUARDA RESULTADOS,RBC=4
*************
26/09/2019 8:50:26,ross,GUARDA RESULTADOS,HCT=44
*************
26/09/2019 8:50:26,ross,GUARDA RESULTADOS,MCV=100
*************
26/09/2019 8:50:26,ross,GUARDA RESULTADOS,MCH=23
*************
26/09/2019 8:50:26,ross,GUARDA RESULTADOS,MCHC=32
*************
26/09/2019 8:50:26,ross,GUARDA RESULTADOS,RDW_SD=10
*************
26/09/2019 8:50:26,ross,GUARDA RESULTADOS,RDW_CV=44
*************
26/09/2019 8:50:26,ross,GUARDA RESULTADOS,PLT=177
*************
26/09/2019 8:50:26,ross,GUARDA RESULTADOS,PDW=15.3
*************
26/09/2019 8:50:26,ross,GUARDA RESULTADOS,MPV=11.1
*************
26/09/2019 8:50:26,ross,GUARDA RESULTADOS,PCT=0.76
*************
26/09/2019 8:50:42,ross,GUARDA RESULTADOS,ANAQUI1=- EXAMEN FÍSICO -
*************
26/09/2019 8:50:42,ross,GUARDA RESULTADOS,COLO=AMARILLO
*************
26/09/2019 8:50:42,ross,GUARDA RESULTADOS,ASPOH=TRANSPARENTE
*************
26/09/2019 8:50:42,ross,GUARDA RESULTADOS,EMOQUI=-EXAMEN QUIMICO-
*************
26/09/2019 8:50:42,ross,GUARDA RESULTADOS,DENO=1.015
*************
26/09/2019 8:50:42,ross,GUARDA RESULTADOS,PHO=5
*************
26/09/2019 8:50:42,ross,GUARDA RESULTADOS,LEUO=NEGATIVO
*************
26/09/2019 8:50:42,ross,GUARDA RESULTADOS,NITO=NEGATIVO
*************
26/09/2019 8:50:42,ross,GUARDA RESULTADOS,PROTO=NEGATIVO
*************
26/09/2019 8:50:42,ross,GUARDA RESULTADOS,GLUO=NEGATIVO
*************
26/09/2019 8:50:42,ross,GUARDA RESULTADOS,CETOR=NEGATIVO
*************
26/09/2019 8:50:42,ross,GUARDA RESULTADOS,UROO=NEGATIVO
*************
26/09/2019 8:50:42,ross,GUARDA RESULTADOS,BILO=NEGATIVO
*************
26/09/2019 8:50:42,ross,GUARDA RESULTADOS,SANO=NEGATIVO
*************
26/09/2019 8:50:42,ross,GUARDA RESULTADOS,HGBO=
*************
26/09/2019 8:50:42,ross,GUARDA RESULTADOS,ANAMIC1=- EXAMEN MICROSCÓPICO -
*************
26/09/2019 8:50:42,ross,GUARDA RESULTADOS,CELEPH=2-4
*************
26/09/2019 8:50:42,ross,GUARDA RESULTADOS,PIOO=
*************
26/09/2019 8:50:42,ross,GUARDA RESULTADOS,BACO=
*************
26/09/2019 8:50:43,ross,GUARDA RESULTADOS,CELCAOH=
*************
26/09/2019 8:50:43,ross,GUARDA RESULTADOS,CILCE=
*************
26/09/2019 8:50:43,ross,GUARDA RESULTADOS,ASCOH=
*************
26/09/2019 8:50:43,ross,GUARDA RESULTADOS,CELPOH=
*************
26/09/2019 8:50:43,ross,GUARDA RESULTADOS,CIGO=
*************
26/09/2019 8:50:43,ross,GUARDA RESULTADOS,CILO=
*************
26/09/2019 8:50:43,ross,GUARDA RESULTADOS,OXAO=
*************
26/09/2019 8:50:43,ross,GUARDA RESULTADOS,CRIO=
*************
26/09/2019 8:50:43,ross,GUARDA RESULTADOS,URO=
*************
26/09/2019 8:50:43,ross,GUARDA RESULTADOS,CCETO=
*************
26/09/2019 8:50:43,ross,GUARDA RESULTADOS,ESP=
*************
26/09/2019 8:50:43,ross,GUARDA RESULTADOS,ELEUCOH=
*************
26/09/2019 8:50:43,ross,GUARDA RESULTADOS,FOO=
*************
26/09/2019 8:50:43,ross,GUARDA RESULTADOS,HEMOH=
*************
26/09/2019 8:50:43,ross,GUARDA RESULTADOS,LEVA_ORINA=
*************
26/09/2019 8:50:43,ross,GUARDA RESULTADOS,MOCO=
*************
26/09/2019 8:50:43,ross,GUARDA RESULTADOS,OTROSO=
*************
26/09/2019 8:51:06,ross,GUARDA RESULTADOS,BH=MEMO
*************
26/09/2019 8:51:06,ross,GUARDA RESULTADOS,TCH=187.3
*************
26/09/2019 8:51:06,ross,GUARDA RESULTADOS,LDLH=0
*************
26/09/2019 8:51:06,ross,GUARDA RESULTADOS,AHDL=55
*************
26/09/2019 8:51:06,ross,GUARDA RESULTADOS,TGH=134
*************
26/09/2019 8:51:06,ross,GUARDA RESULTADOS,EMO=MEMO
*************
26/09/2019 8:51:07,ross,VALIDACION RESULTADO,PEDIDO=4/400101
*************
26/09/2019 8:51:07,ross,VALIDACION RESULTADO,PEDIDO=4/400149
*************
26/09/2019 8:51:07,ross,VALIDACION RESULTADO,PEDIDO=4/400150
*************
26/09/2019 8:51:07,ross,VALIDACION RESULTADO,PEDIDO=4/400151
*************
26/09/2019 8:51:07,ross,VALIDACION RESULTADO,PEDIDO=4/400230
*************
26/09/2019 8:51:08,ross,VALIDACION RESULTADO,PEDIDO=4/400476
*************
26/09/2019 8:51:20,ross,IMPRIME POR AREA,PEDIDO=4
*************
26/09/2019 8:53:00,,Ingreso USUARIO,Busca tabla invitado
*************
26/09/2019 8:53:01,ross,Ingreso CONTRASEÑA,Busca tabla invitado
*************
26/09/2019 8:53:13,ross,IMPRIME POR AREA,PEDIDO=4
*************
26/09/2019 9:04:51,,Ingreso USUARIO,Busca tabla invitado
*************
26/09/2019 9:04:52,ross,Ingreso CONTRASEÑA,Busca tabla invitado
*************
26/09/2019 9:04:59,ross,IMPRIME POR AREA,PEDIDO=4
*************
26/09/2019 9:06:47,ross,Actualizar Rango Unico,Test=400476 Rango=0-130
*************
26/09/2019 9:07:36,ross,1 MODIFICA ORDEN,PEDIDO=4
*************
26/09/2019 9:08:01,ross,GUARDA RESULTADOS,BH=MEMO
*************
26/09/2019 9:08:01,ross,GUARDA RESULTADOS,CRE=0.76
*************
26/09/2019 9:08:01,ross,GUARDA RESULTADOS,TCH=187.3
*************
26/09/2019 9:08:01,ross,GUARDA RESULTADOS,UA=3.4
*************
26/09/2019 9:08:01,ross,GUARDA RESULTADOS,LDLH=128
*************
26/09/2019 9:08:01,ross,GUARDA RESULTADOS,GLU=109.1
*************
26/09/2019 9:08:01,ross,GUARDA RESULTADOS,CRE=1.1
*************
26/09/2019 9:08:01,ross,GUARDA RESULTADOS,AHDL=55
*************
26/09/2019 9:08:01,ross,GUARDA RESULTADOS,TGH=134
*************
26/09/2019 9:08:01,ross,GUARDA RESULTADOS,EMO=MEMO
*************
26/09/2019 9:08:05,ross,VALIDACION RESULTADO,PEDIDO=4/400141
*************
26/09/2019 9:08:05,ross,VALIDACION RESULTADO,PEDIDO=4/400142
*************
26/09/2019 9:08:05,ross,VALIDACION RESULTADO,PEDIDO=4/400148
*************
26/09/2019 9:08:05,ross,VALIDACION RESULTADO,PEDIDO=4/400476
*************
26/09/2019 9:08:25,ross,GUARDA NOTA AREA,EXAMEN PADRE=400141/VALORES CONFIRMADOS
*************
26/09/2019 9:08:31,ross,IMPRIME POR AREA,PEDIDO=4
*************
26/09/2019 9:08:48,ross,Actualiza Test,Test=ACIDO URICO EN SUERO 
*************
26/09/2019 9:09:03,ross,IMPRIME POR AREA,PEDIDO=4
*************
26/09/2019 11:26:54,,Ingreso USUARIO,Busca tabla invitado
*************
26/09/2019 11:26:55,ross,Ingreso CONTRASEÑA,Busca tabla invitado
*************
26/09/2019 11:27:12,ross,IMPRIME TODO,PEDIDO=4
*************
26/09/2019 12:02:24,,Ingreso USUARIO,Busca tabla invitado
*************
26/09/2019 12:02:26,ross,Ingreso CONTRASEÑA,Busca tabla invitado
*************
26/09/2019 12:06:36,ross,Generar Paciente,Paciente=SOJO JAIME
*************
26/09/2019 12:10:16,ross,AGENDAMIENTO,PEDIDO=5
*************
26/09/2019 12:12:08,ross,Actualiza FACTURA,FACTURA=2
*************
26/09/2019 12:12:08,ross,Ingresa FACTURA,FACTURA=2
*************
26/09/2019 12:12:09,ross,Insertar abono,Factura=2 Abono= 4
*************
26/09/2019 12:12:09,ross,Actualiza FACTURA,FACTURA=2/4
*************
26/09/2019 12:12:44,ross,Actualiza FACTURA,FACTURA=3
*************
26/09/2019 12:12:44,ross,Ingresa FACTURA,FACTURA=3
*************
26/09/2019 12:12:44,ross,Insertar abono,Factura=2 Abono= 4
*************
26/09/2019 12:12:44,ross,Actualiza FACTURA,FACTURA=2/4
*************
26/09/2019 12:13:20,ross,Insertar abono,Factura=3 Abono= 25
*************
26/09/2019 12:13:20,ross,Cancela FACTURA,FACTURA=3
*************
26/09/2019 12:13:25,ross,Registra Tx Factura,Factura=3
*************
26/09/2019 12:15:30,ross,IMPRIMIR HOJA TRABAJO,
*************
26/09/2019 12:16:35,ross,IMPRIMIR HOJA TRABAJO,
*************
26/09/2019 12:23:03,ross,GUARDA RESULTADOS,PAN2DD=-SCREENING DE DROGAS DE ABUSO DE 2 PARAMETROS-
*************
26/09/2019 12:39:43,ross,IMPRIME POR AREA,PEDIDO=4
*************
26/09/2019 15:54:05,,Ingreso USUARIO,Busca tabla invitado
*************
26/09/2019 15:54:06,ross,Ingreso CONTRASEÑA,Busca tabla invitado
*************
26/09/2019 15:55:32,ross,Nuevo Convenio,Convenio=TRUESOLUTIONS
*************
26/09/2019 15:55:32,ross,Guardar secuencia,SECUENCIA=TRUESOLUTIONS/1000/1100
*************
26/09/2019 15:57:27,ross,01 GENERAR ORDEN,PEDIDO=6
*************
26/09/2019 15:58:35,ross,Generar Paciente,Paciente=FLORES MORALES DANNA SOFIA
*************
26/09/2019 15:58:58,ross,01 GENERAR ORDEN,PEDIDO=7
*************
26/09/2019 16:03:23,ross,GUARDA RESULTADOS,TCH=22
*************
26/09/2019 16:03:23,ross,GUARDA RESULTADOS,GLU=33
*************
26/09/2019 16:03:23,ross,GUARDA RESULTADOS,TGH=44
*************
26/09/2019 16:03:25,ross,VALIDACION RESULTADO,PEDIDO=6/400142
*************
26/09/2019 16:03:25,ross,VALIDACION RESULTADO,PEDIDO=6/400149
*************
26/09/2019 16:03:25,ross,VALIDACION RESULTADO,PEDIDO=6/400151
*************
26/09/2019 16:03:39,ross,GUARDA RESULTADOS,TCH=333
*************
26/09/2019 16:03:39,ross,GUARDA RESULTADOS,TGH=444
*************
26/09/2019 16:03:40,ross,VALIDACION RESULTADO,PEDIDO=7/400149
*************
26/09/2019 16:03:40,ross,VALIDACION RESULTADO,PEDIDO=7/400151
*************
26/09/2019 16:04:06,ross,GUARDA RESULTADOS,TCH=22
*************
26/09/2019 16:04:06,ross,GUARDA RESULTADOS,GLU=33
*************
26/09/2019 16:04:06,ross,GUARDA RESULTADOS,TGH=44
*************
26/09/2019 16:04:18,ross,GUARDA RESULTADOS,TCH=333
*************
26/09/2019 16:04:18,ross,GUARDA RESULTADOS,TGH=444
*************
26/09/2019 20:38:27,,Ingreso USUARIO,Busca tabla invitado
*************
26/09/2019 20:38:28,ross,Ingreso CONTRASEÑA,Busca tabla invitado
*************
26/09/2019 20:38:47,ross,GUARDA RESULTADOS,TCH=333
*************
26/09/2019 20:38:47,ross,GUARDA RESULTADOS,TGH=444
*************
26/09/2019 20:40:12,ross,GUARDA RESULTADOS,TCH=22
*************
26/09/2019 20:40:12,ross,GUARDA RESULTADOS,GLU=33
*************
26/09/2019 20:40:12,ross,GUARDA RESULTADOS,TGH=44
*************
26/09/2019 20:49:21,,Ingreso USUARIO,Busca tabla invitado
*************
26/09/2019 20:49:21,ross,Ingreso CONTRASEÑA,Busca tabla invitado
*************
26/09/2019 20:49:36,ross,GUARDA RESULTADOS,TCH=22
*************
26/09/2019 20:49:36,ross,GUARDA RESULTADOS,GLU=33
*************
26/09/2019 20:49:36,ross,GUARDA RESULTADOS,TGH=44
*************
26/09/2019 21:45:36,,Ingreso USUARIO,Busca tabla invitado
*************
26/09/2019 21:45:37,ross,Ingreso CONTRASEÑA,Busca tabla invitado
*************
26/09/2019 21:45:56,ross,GUARDA RESULTADOS,TCH=333
*************
26/09/2019 21:45:56,ross,GUARDA RESULTADOS,TGH=444
*************
26/09/2019 22:31:06,,Ingreso USUARIO,Busca tabla invitado
*************
26/09/2019 22:31:08,ross,Ingreso CONTRASEÑA,Busca tabla invitado
*************
26/09/2019 22:31:27,ross,GUARDA RESULTADOS,TCH=22
*************
26/09/2019 22:31:27,ross,GUARDA RESULTADOS,GLU=33
*************
26/09/2019 22:31:27,ross,GUARDA RESULTADOS,TGH=44
*************
26/09/2019 22:31:34,ross,GUARDA RESULTADOS,TCH=333
*************
26/09/2019 22:31:34,ross,GUARDA RESULTADOS,TGH=444
*************
26/09/2019 22:38:45,,Ingreso USUARIO,Busca tabla invitado
*************
26/09/2019 22:38:46,ross,Ingreso CONTRASEÑA,Busca tabla invitado
*************
26/09/2019 22:39:23,ross,GUARDA RESULTADOS,TCH=22
*************
26/09/2019 22:39:23,ross,GUARDA RESULTADOS,GLU=33
*************
26/09/2019 22:39:23,ross,GUARDA RESULTADOS,TGH=44
*************
26/09/2019 22:39:32,ross,GUARDA RESULTADOS,TCH=333
*************
26/09/2019 22:39:32,ross,GUARDA RESULTADOS,TGH=444
*************
26/09/2019 23:20:27,,Ingreso USUARIO,Busca tabla invitado
*************
26/09/2019 23:20:28,ross,Ingreso CONTRASEÑA,Busca tabla invitado
*************
26/09/2019 23:20:44,ross,GUARDA RESULTADOS,TCH=22
*************
26/09/2019 23:20:44,ross,GUARDA RESULTADOS,GLU=33
*************
26/09/2019 23:20:44,ross,GUARDA RESULTADOS,TGH=44
*************
26/09/2019 23:27:32,,Ingreso USUARIO,Busca tabla invitado
*************
26/09/2019 23:27:33,ross,Ingreso CONTRASEÑA,Busca tabla invitado
*************
26/09/2019 23:27:43,ross,GUARDA RESULTADOS,TCH=22
*************
26/09/2019 23:27:43,ross,GUARDA RESULTADOS,GLU=33
*************
26/09/2019 23:27:43,ross,GUARDA RESULTADOS,TGH=44
*************
26/09/2019 23:27:51,ross,GUARDA RESULTADOS,TCH=333
*************
26/09/2019 23:27:51,ross,GUARDA RESULTADOS,TGH=444
*************
27/09/2019 10:41:01,,Ingreso USUARIO,Busca tabla invitado
*************
27/09/2019 10:41:08,,Ingreso CONTRASEÑA FALLIDO,
*************
27/09/2019 10:41:08,,Ingreso CONTRASEÑA,Busca tabla invitado
*************
27/09/2019 10:41:09,ross,Ingreso CONTRASEÑA,Busca tabla invitado
*************
27/09/2019 10:42:10,ross,Generar Paciente,Paciente=CHARRO GUTIERREZ FABIOLA ESTEFANIA
*************
27/09/2019 10:43:19,ross,AGENDAMIENTO,PEDIDO=8
*************
27/09/2019 10:45:08,ross,01 GENERAR ORDEN,PEDIDO=9
*************
27/09/2019 10:45:50,ross,Actualiza FACTURA,FACTURA=4
*************
27/09/2019 10:45:50,ross,Ingresa FACTURA,FACTURA=4
*************
27/09/2019 10:45:50,ross,Insertar abono,Factura=4 Abono= 5
*************
27/09/2019 10:45:50,ross,Actualiza FACTURA,FACTURA=4/5
*************
27/09/2019 10:46:28,ross,Insertar abono,Factura=4 Abono= 7
*************
27/09/2019 10:46:28,ross,Cancela FACTURA,FACTURA=4
*************
27/09/2019 10:46:32,ross,Registra Tx Factura,Factura=4
*************
27/09/2019 10:46:41,ross,Registra Tx Factura,Factura=4
*************
27/09/2019 10:49:36,ross,GUARDA RESULTADOS,E2=4
*************
27/09/2019 10:49:59,ross,VALIDACION RESULTADO,PEDIDO=9/401070
*************
27/09/2019 10:50:43,ross,IMPRIME POR AREA,PEDIDO=7
*************
27/09/2019 10:51:16,ross,IMPRIME POR EMAMEN,PEDIDO=7
*************
27/09/2019 11:21:08,,Ingreso USUARIO,Busca tabla invitado
*************
27/09/2019 11:21:13,ross,Ingreso CONTRASEÑA,Busca tabla invitado
*************
27/09/2019 11:25:03,ross,Generar Paciente,Paciente=QUISUPANGUI LEMA MARCIA XIMENA
*************
27/09/2019 11:28:48,ross,PROFORMAR,PEDIDO=10
*************
27/09/2019 11:28:55,ross,03 HORA TOMA DE MUESTRA,Inicio de toma de muestras
*************
27/09/2019 11:29:15,ross,IMPRIMIR PROFORMA,Proforma=10
*************
27/09/2019 11:30:25,ross,1 MODIFICA ORDEN,PEDIDO=10
*************
27/09/2019 11:30:29,ross,CONVIERTE PROFORMA,PEDIDO=10
*************
27/09/2019 11:30:44,ross,02 IMPRIMIR COD BARRAS,PEDIDO=10
*************
27/09/2019 11:30:44,ross,03 HORA TOMA DE MUESTRA,Inicio de toma de muestras
*************
27/09/2019 11:31:49,ross,Actualiza FACTURA,FACTURA=5
*************
27/09/2019 11:31:49,ross,Ingresa FACTURA,FACTURA=5
*************
27/09/2019 11:31:49,ross,Insertar abono,Factura=5 Abono= 8
*************
27/09/2019 11:31:49,ross,Actualiza FACTURA,FACTURA=5/8
*************
27/09/2019 11:33:49,ross,Insertar abono,Factura=5 Abono= 11
*************
27/09/2019 11:33:49,ross,Cancela FACTURA,FACTURA=5
*************
27/09/2019 11:33:58,ross,Registra Tx Factura,Factura=5
*************
27/09/2019 11:34:20,ross,Registra Tx Factura,Factura=5
*************
27/09/2019 11:35:11,ross,03 IMPRIMIR PEDIDO,PEDIDO=0
*************
27/09/2019 11:35:21,ross,03 IMPRIMIR PEDIDO,PEDIDO=10
*************
27/09/2019 11:37:07,ross,AGENDAMIENTO,PEDIDO=11
*************
27/09/2019 11:38:33,ross,1 ANULA ORDEN,PEDIDO=11
*************
27/09/2019 11:41:24,ross,IMPRIMIR HOJA TRABAJO,
*************
27/09/2019 11:44:18,ross,GUARDA RESULTADOS,WBC=1
*************
27/09/2019 11:44:18,ross,GUARDA RESULTADOS,LYM=1
*************
27/09/2019 11:44:18,ross,GUARDA RESULTADOS,NEU=1
*************
27/09/2019 11:44:18,ross,GUARDA RESULTADOS,MONO=1
*************
27/09/2019 11:44:18,ross,GUARDA RESULTADOS,EOS=1
*************
27/09/2019 11:44:18,ross,GUARDA RESULTADOS,BASO=1
*************
27/09/2019 11:44:18,ross,GUARDA RESULTADOS,LYM%25=
*************
27/09/2019 11:44:18,ross,GUARDA RESULTADOS,NEU%25=1
*************
27/09/2019 11:44:18,ross,GUARDA RESULTADOS,MONO%25=111
*************
27/09/2019 11:44:18,ross,GUARDA RESULTADOS,EOS%25=
*************
27/09/2019 11:44:18,ross,GUARDA RESULTADOS,BASO%25=1
*************
27/09/2019 11:44:18,ross,GUARDA RESULTADOS,HGB=1
*************
27/09/2019 11:44:18,ross,GUARDA RESULTADOS,RBC=1
*************
27/09/2019 11:44:18,ross,GUARDA RESULTADOS,HCT=1
*************
27/09/2019 11:44:18,ross,GUARDA RESULTADOS,MCV=1
*************
27/09/2019 11:44:18,ross,GUARDA RESULTADOS,MCH=1
*************
27/09/2019 11:44:18,ross,GUARDA RESULTADOS,MCHC=11
*************
27/09/2019 11:44:18,ross,GUARDA RESULTADOS,RDW_SD=
*************
27/09/2019 11:44:18,ross,GUARDA RESULTADOS,RDW_CV=1
*************
27/09/2019 11:44:18,ross,GUARDA RESULTADOS,PLT=1
*************
27/09/2019 11:44:18,ross,GUARDA RESULTADOS,PDW=1
*************
27/09/2019 11:44:18,ross,GUARDA RESULTADOS,MPV=1
*************
27/09/2019 11:44:18,ross,GUARDA RESULTADOS,PCT=
*************
27/09/2019 11:45:34,ross,GUARDA RESULTADOS,ANAQUI1=- EXAMEN FÍSICO -
*************
27/09/2019 11:45:34,ross,GUARDA RESULTADOS,COLO=AMARILLO
*************
27/09/2019 11:45:34,ross,GUARDA RESULTADOS,ASPOH=TRANSPARENTE
*************
27/09/2019 11:45:34,ross,GUARDA RESULTADOS,EMOQUI=-EXAMEN QUIMICO-
*************
27/09/2019 11:45:34,ross,GUARDA RESULTADOS,DENO=1.015
*************
27/09/2019 11:45:34,ross,GUARDA RESULTADOS,PHO=5
*************
27/09/2019 11:45:34,ross,GUARDA RESULTADOS,LEUO=+
*************
27/09/2019 11:45:34,ross,GUARDA RESULTADOS,NITO=NEGATIVO
*************
27/09/2019 11:45:34,ross,GUARDA RESULTADOS,PROTO=NEGATIVO
*************
27/09/2019 11:45:34,ross,GUARDA RESULTADOS,GLUO=NEGATIVO
*************
27/09/2019 11:45:34,ross,GUARDA RESULTADOS,CETOR=NEGATIVO
*************
27/09/2019 11:45:34,ross,GUARDA RESULTADOS,UROO=NEGATIVO
*************
27/09/2019 11:45:34,ross,GUARDA RESULTADOS,BILO=NEGATIVO
*************
27/09/2019 11:45:34,ross,GUARDA RESULTADOS,SANO=NEGATIVO
*************
27/09/2019 11:45:34,ross,GUARDA RESULTADOS,HGBO=
*************
27/09/2019 11:45:34,ross,GUARDA RESULTADOS,ANAMIC1=- EXAMEN MICROSCÓPICO -
*************
27/09/2019 11:45:34,ross,GUARDA RESULTADOS,CELEPH=3-5
*************
27/09/2019 11:45:34,ross,GUARDA RESULTADOS,PIOO=
*************
27/09/2019 11:45:34,ross,GUARDA RESULTADOS,BACO=
*************
27/09/2019 11:45:34,ross,GUARDA RESULTADOS,CELCAOH=
*************
27/09/2019 11:45:34,ross,GUARDA RESULTADOS,CILCE=
*************
27/09/2019 11:45:34,ross,GUARDA RESULTADOS,ASCOH=
*************
27/09/2019 11:45:34,ross,GUARDA RESULTADOS,CELPOH=
*************
27/09/2019 11:45:34,ross,GUARDA RESULTADOS,CIGO=
*************
27/09/2019 11:45:34,ross,GUARDA RESULTADOS,CILO=
*************
27/09/2019 11:45:34,ross,GUARDA RESULTADOS,OXAO=
*************
27/09/2019 11:45:34,ross,GUARDA RESULTADOS,CRIO=
*************
27/09/2019 11:45:34,ross,GUARDA RESULTADOS,URO=
*************
27/09/2019 11:45:34,ross,GUARDA RESULTADOS,CCETO=
*************
27/09/2019 11:45:34,ross,GUARDA RESULTADOS,ESP=
*************
27/09/2019 11:45:35,ross,GUARDA RESULTADOS,ELEUCOH=
*************
27/09/2019 11:45:35,ross,GUARDA RESULTADOS,FOO=
*************
27/09/2019 11:45:35,ross,GUARDA RESULTADOS,HEMOH=
*************
27/09/2019 11:45:35,ross,GUARDA RESULTADOS,LEVA_ORINA=
*************
27/09/2019 11:45:35,ross,GUARDA RESULTADOS,MOCO=
*************
27/09/2019 11:45:35,ross,GUARDA RESULTADOS,OTROSO=
*************
27/09/2019 11:48:25,ross,GUARDA NOTA AREA,EXAMEN PADRE=400141/SUERO LIPEMICO
*************
27/09/2019 11:51:52,ross,GUARDA RESULTADOS,BH=MEMO
*************
27/09/2019 11:51:52,ross,GUARDA RESULTADOS,CRE=1
*************
27/09/2019 11:51:53,ross,GUARDA RESULTADOS,UREA=1
*************
27/09/2019 11:51:53,ross,GUARDA RESULTADOS,GLU=1
*************
27/09/2019 11:52:28,ross,VALIDACION RESULTADO,PEDIDO=10/400101
*************
27/09/2019 11:52:28,ross,VALIDACION RESULTADO,PEDIDO=10/400140
*************
27/09/2019 11:52:28,ross,VALIDACION RESULTADO,PEDIDO=10/400141
*************
27/09/2019 11:52:28,ross,VALIDACION RESULTADO,PEDIDO=10/400142
*************
27/09/2019 11:52:28,ross,VALIDACION RESULTADO,PEDIDO=10/400230
*************
27/09/2019 11:53:27,ross,IMPRIME POR AREA,PEDIDO=10
*************
27/09/2019 11:54:37,ross,IMPRIME TODO,PEDIDO=10
*************
27/09/2019 11:55:37,ross,IMPRIME POR EMAMEN,PEDIDO=10
*************
27/09/2019 11:56:22,ross,IMPRIME POR EMAMEN,PEDIDO=10
*************
27/09/2019 11:56:42,ross,IMPRIME SOBRE,PEDIDO=10
*************
27/09/2019 11:57:53,ross,IMPRIME POR AREA,PEDIDO=10
*************
27/09/2019 11:58:05,ross,IMPRIME POR AREA,PEDIDO=10
*************
27/09/2019 12:03:26,ross,ERROR ENVIO CORREO PACIENTE,PEDIDO=10 EMAIL NO VALIDO
*************
27/09/2019 12:07:11,ross,Nuevo Convenio,Convenio=FYBECA
*************
27/09/2019 12:07:11,ross,Guardar secuencia,SECUENCIA=FYBECA/1101/2000
*************
27/09/2019 12:08:45,ross,Nuevo Convenio,Convenio=VIDALAB
*************
27/09/2019 12:08:45,ross,Guardar secuencia,SECUENCIA=VIDALAB/900/4000
*************
27/09/2019 12:09:16,ross,01 GENERAR ORDEN,PEDIDO=12
*************
27/09/2019 12:09:36,ross,1 MODIFICA ORDEN,PEDIDO=12
*************
27/09/2019 12:09:39,ross,02 IMPRIMIR COD BARRAS,PEDIDO=12
*************
27/09/2019 12:09:39,ross,03 HORA TOMA DE MUESTRA,Inicio de toma de muestras
*************
27/09/2019 12:10:23,ross,Eliminar Convenio,Convenio0VIDALAB
*************
27/09/2019 12:10:23,ross,Elimina Lista de Precios,Lista Precio=VIDALAB
*************
27/09/2019 12:10:23,ross,Eliminar Secuencia,SECUENCIA=VIDALAB
*************
27/09/2019 12:11:56,ross,Elimina Lista de Precios,Lista Precio=NORMAL
*************
27/09/2019 12:18:37,ross,Guardar palabra,PALABRA=NEGATIVO
*************
27/09/2019 12:18:46,ross,Guardar palabra,PALABRA=1/20
*************
27/09/2019 12:19:09,ross,Eliminar Palabra,PALABRA=ROSADO
*************
27/09/2019 12:19:30,ross,Eliminar Palabra,PALABRA=10-25
*************
27/09/2019 12:19:38,ross,Guardar palabra,PALABRA=+
*************
27/09/2019 12:25:19,ross,Actualizar Perfil,PERFIL=PERFIL HEPATICO 1
*************
27/09/2019 12:26:05,ross,Nuevo Perfil,PERFIL=PERFIL VIDAL LAB
*************
27/09/2019 12:34:19,ross,Nuevo Tipo Muestra,Muestra=MEDULA OSEA
*************
27/09/2019 12:35:37,ross,Eliina Rango Múltiple,Teq_id=1
*************
27/09/2019 17:49:27,,Ingreso USUARIO,Busca tabla invitado
*************
27/09/2019 17:49:29,ross,Ingreso CONTRASEÑA,Busca tabla invitado
*************
27/09/2019 18:48:58,,Ingreso USUARIO,Busca tabla invitado
*************
27/09/2019 18:49:13,ross,Ingreso CONTRASEÑA,Busca tabla invitado
*************
