04/12/2023 14:43:51,,Ingreso USUARIO,Busca tabla invitado
*************
04/12/2023 14:43:52,ross,Ingreso CONTRASEÑA,Busca tabla invitado
*************
04/12/2023 14:47:37,ross,Nuevo Pedido PRE CARGA,NORMAL/1
*************
04/12/2023 14:48:42,ross,Nuevo Pedido PRE CARGA,NORMAL/1
*************
04/12/2023 19:56:46,ross,Operación de Movimiento Inventario,
*************
04/12/2023 20:00:11,ross,Inserción de detalle movimiento inventario,
*************
04/12/2023 20:07:27,,Ingreso USUARIO,Busca tabla invitado
*************
04/12/2023 20:07:28,ross,Ingreso CONTRASEÑA,Busca tabla invitado
*************
04/12/2023 20:08:36,ross,Operación de Movimiento Inventario,
*************
04/12/2023 20:09:09,ross,Inserción de detalle movimiento inventario,
*************
04/12/2023 20:09:28,ross,Inserción de detalle movimiento inventario,
*************
04/12/2023 20:10:26,ross,Operación de Movimiento Inventario,
*************
04/12/2023 20:11:02,ross,Inserción de detalle movimiento inventario,
*************
04/12/2023 20:18:06,ross,Operación de Movimiento Inventario,
*************
04/12/2023 20:18:26,ross,Inserción de detalle movimiento inventario,
*************
04/12/2023 20:34:37,,Ingreso USUARIO,Busca tabla invitado
*************
04/12/2023 20:34:38,ross,Ingreso CONTRASEÑA,Busca tabla invitado
*************
04/12/2023 20:35:17,ross,Operación de Movimiento Inventario,
*************
04/12/2023 20:35:19,ross,Inserción de detalle movimiento inventario,
*************
04/12/2023 20:40:22,ross,Operación de Movimiento Inventario,
*************
04/12/2023 20:40:32,ross,Inserción de detalle movimiento inventario,
*************
04/12/2023 20:47:15,,Ingreso USUARIO,Busca tabla invitado
*************
04/12/2023 20:47:16,ross,Ingreso CONTRASEÑA,Busca tabla invitado
*************
04/12/2023 20:47:37,ross,Operación de Movimiento Inventario,
*************
04/12/2023 20:47:39,ross,Inserción de detalle movimiento inventario,
*************
04/12/2023 20:50:16,ross,Operación de Movimiento Inventario,
*************
04/12/2023 20:50:19,ross,Inserción de detalle movimiento inventario,
*************
04/12/2023 20:55:30,,Ingreso USUARIO,Busca tabla invitado
*************
04/12/2023 20:55:31,ross,Ingreso CONTRASEÑA,Busca tabla invitado
*************
04/12/2023 20:58:37,,Ingreso USUARIO,Busca tabla invitado
*************
04/12/2023 20:58:38,ross,Ingreso CONTRASEÑA,Busca tabla invitado
*************
05/12/2023 7:53:40,,Ingreso USUARIO,Busca tabla invitado
*************
05/12/2023 7:53:41,ross,Ingreso CONTRASEÑA,Busca tabla invitado
*************
05/12/2023 8:31:09,ross,CUTANEAS,AL_CERDOH
*************
05/12/2023 8:31:10,ross,CUTANEAS,AL_POLLOH
*************
05/12/2023 8:31:11,ross,CUTANEAS,AL_LECHEH
*************
05/12/2023 8:31:12,ross,CUTANEAS,AL_MANIH
*************
05/12/2023 8:31:13,ross,CUTANEAS,AL_CHOCOLATEH
*************
05/12/2023 8:56:42,,Ingreso USUARIO,Busca tabla invitado
*************
05/12/2023 8:56:43,ross,Ingreso CONTRASEÑA,Busca tabla invitado
*************
05/12/2023 8:57:15,ross,CUTANEAS,AL_CERDOH
*************
05/12/2023 8:57:20,ross,CUTANEAS,AL_POLLOH
*************
05/12/2023 8:57:23,ross,CUTANEAS,AL_CORVINAH
*************
05/12/2023 8:58:05,ross,CUTANEAS,AL_CERDOH
*************
05/12/2023 8:58:11,ross,CUTANEAS,AL_POLLOH
*************
05/12/2023 8:58:17,ross,CUTANEAS,AL_CORVINAH
*************
05/12/2023 8:59:30,ross,CUTANEAS,AL_CERDOH
*************
05/12/2023 8:59:39,ross,CUTANEAS,AL_POLLOH
*************
05/12/2023 8:59:45,ross,CUTANEAS,AL_CORVINAH
*************
05/12/2023 9:03:18,ross,CUTANEAS,AL_CERDOH
*************
05/12/2023 9:03:28,ross,CUTANEAS,AL_POLLOH
*************
05/12/2023 9:03:35,ross,CUTANEAS,AL_CORVINAH
*************
05/12/2023 9:44:23,,Ingreso USUARIO,Busca tabla invitado
*************
05/12/2023 9:44:24,ross,Ingreso CONTRASEÑA,Busca tabla invitado
*************
08/12/2023 9:30:23,,Ingreso USUARIO,Busca tabla invitado
*************
08/12/2023 9:30:24,ross,Ingreso CONTRASEÑA,Busca tabla invitado
*************
08/12/2023 9:31:25,ross,Nuevo Pedido PRE CARGA,NORMAL/5
*************
08/12/2023 10:41:45,ross,CUTANEAS,AL_CERDOH
*************
08/12/2023 10:41:50,ross,CUTANEAS,AL_POLLOH
*************
08/12/2023 10:41:52,ross,CUTANEAS,AL_CORVINAH
*************
08/12/2023 10:41:56,ross,CUTANEAS,AL_TRIGOH
*************
08/12/2023 10:41:57,ross,CUTANEAS,AL_MAIZH
*************
08/12/2023 10:42:01,ross,CUTANEAS,AL_ARROZH
*************
08/12/2023 10:42:03,ross,CUTANEAS,AL_ZANAHORIAH
*************
08/12/2023 10:42:06,ross,CUTANEAS,AL_MANIH
*************
08/12/2023 10:42:08,ross,CUTANEAS,AL_CHOCOLATEH
*************
08/12/2023 10:42:12,ross,CUTANEAS,AL_TARTRAZINAH
*************
08/12/2023 10:42:14,ross,CUTANEAS,AL_PARABENOSH
*************
08/12/2023 10:42:15,ross,CUTANEAS,AL_INSECTOSH
*************
08/12/2023 10:42:16,ross,CUTANEAS,AL_INSECTH
*************
08/12/2023 10:42:16,ross,CUTANEAS,AL_CYNODONH
*************
08/12/2023 10:42:18,ross,CUTANEAS,AL_HOLCUSH
*************
08/12/2023 10:42:19,ross,CUTANEAS,AL_POLVOCPH
*************
08/12/2023 10:42:20,ross,CUTANEAS,AL_CUCARACHAH
*************
08/12/2023 10:42:21,ross,CUTANEAS,AL_DPTERONYSINUSH
*************
08/12/2023 10:42:48,ross,CUTANEAS,AL_CERDOH
*************
08/12/2023 10:42:50,ross,CUTANEAS,AL_POLLOH
*************
08/12/2023 10:42:52,ross,CUTANEAS,AL_CORVINAH
*************
08/12/2023 10:42:55,ross,CUTANEAS,AL_MANIH
*************
08/12/2023 10:42:57,ross,CUTANEAS,AL_TARTRAZINAH
*************
08/12/2023 10:43:02,ross,CUTANEAS,AL_PARABENOSH
*************
08/12/2023 10:43:03,ross,CUTANEAS,AL_HISTAMINAH
*************
08/12/2023 10:43:07,ross,CUTANEAS,AL_INSECTOSH
*************
08/12/2023 10:43:08,ross,CUTANEAS,AL_INSECTH
*************
08/12/2023 10:43:10,ross,CUTANEAS,AL_CYNODONH
*************
08/12/2023 10:43:11,ross,CUTANEAS,AL_HORMODENDH
*************
08/12/2023 10:43:13,ross,CUTANEAS,AL_POLVOCPH
*************
08/12/2023 10:43:14,ross,CUTANEAS,AL_DPTERONYSINUSH
*************
08/12/2023 10:52:10,,Ingreso USUARIO,Busca tabla invitado
*************
08/12/2023 10:52:11,ross,Ingreso CONTRASEÑA,Busca tabla invitado
*************
08/12/2023 10:52:58,ross,CUTANEAS,AL_CERDOH
*************
08/12/2023 10:53:00,ross,CUTANEAS,AL_POLLOH
*************
08/12/2023 10:53:01,ross,CUTANEAS,AL_CORVINAH
*************
08/12/2023 10:53:03,ross,CUTANEAS,AL_TRIGOH
*************
08/12/2023 10:53:05,ross,CUTANEAS,AL_MAIZH
*************
08/12/2023 10:53:06,ross,CUTANEAS,AL_ARROZH
*************
08/12/2023 10:53:07,ross,CUTANEAS,AL_ZANAHORIAH
*************
08/12/2023 10:53:08,ross,CUTANEAS,AL_MANIH
*************
08/12/2023 10:53:09,ross,CUTANEAS,AL_CHOCOLATEH
*************
08/12/2023 10:53:11,ross,CUTANEAS,AL_TARTRAZINAH
*************
08/12/2023 10:53:13,ross,CUTANEAS,AL_PARABENOSH
*************
08/12/2023 10:53:14,ross,CUTANEAS,AL_INSECTOSH
*************
08/12/2023 10:53:15,ross,CUTANEAS,AL_INSECTH
*************
08/12/2023 10:53:16,ross,CUTANEAS,AL_CYNODONH
*************
08/12/2023 10:53:17,ross,CUTANEAS,AL_HOLCUSH
*************
08/12/2023 10:53:19,ross,CUTANEAS,AL_POLVOCPH
*************
08/12/2023 10:53:23,ross,CUTANEAS,AL_POLVOCSH
*************
08/12/2023 10:53:34,ross,CUTANEAS,AL_CERDOH
*************
08/12/2023 10:53:37,ross,CUTANEAS,AL_POLLOH
*************
08/12/2023 10:53:37,ross,CUTANEAS,AL_CORVINAH
*************
08/12/2023 10:53:38,ross,CUTANEAS,AL_TRIGOH
*************
08/12/2023 10:53:38,ross,CUTANEAS,AL_MAIZH
*************
08/12/2023 10:53:39,ross,CUTANEAS,AL_ARROZH
*************
08/12/2023 10:53:41,ross,CUTANEAS,AL_ZANAHORIAH
*************
08/12/2023 10:53:43,ross,CUTANEAS,AL_MANIH
*************
08/12/2023 10:53:44,ross,CUTANEAS,AL_CHOCOLATEH
*************
08/12/2023 10:53:45,ross,CUTANEAS,AL_TARTRAZINAH
*************
08/12/2023 10:53:48,ross,CUTANEAS,AL_PARABENOSH
*************
08/12/2023 10:53:51,ross,CUTANEAS,AL_INSECTOSH
*************
08/12/2023 10:53:53,ross,CUTANEAS,AL_INSECTH
*************
08/12/2023 10:53:58,ross,CUTANEAS,AL_CYNODONH
*************
08/12/2023 10:54:11,ross,CUTANEAS,AL_HOLCUSH
*************
08/12/2023 10:54:29,ross,CUTANEAS,AL_POLVOCPH
*************
08/12/2023 10:55:07,ross,CUTANEAS,AL_POLVOCSH
*************
08/12/2023 10:56:58,,Ingreso USUARIO,Busca tabla invitado
*************
08/12/2023 10:56:59,ross,Ingreso CONTRASEÑA,Busca tabla invitado
*************
08/12/2023 10:57:19,ross,CUTANEAS,AL_CERDOH
*************
08/12/2023 10:57:20,ross,CUTANEAS,AL_POLLOH
*************
08/12/2023 10:57:21,ross,CUTANEAS,AL_CORVINAH
*************
08/12/2023 10:57:23,ross,CUTANEAS,AL_TRIGOH
*************
08/12/2023 10:57:25,ross,CUTANEAS,AL_MAIZH
*************
08/12/2023 10:57:26,ross,CUTANEAS,AL_ARROZH
*************
08/12/2023 10:57:27,ross,CUTANEAS,AL_ZANAHORIAH
*************
08/12/2023 10:57:28,ross,CUTANEAS,AL_MANIH
*************
08/12/2023 10:57:29,ross,CUTANEAS,AL_CHOCOLATEH
*************
08/12/2023 10:57:30,ross,CUTANEAS,AL_TARTRAZINAH
*************
08/12/2023 10:57:31,ross,CUTANEAS,AL_PARABENOSH
*************
08/12/2023 10:57:33,ross,CUTANEAS,AL_INSECTOSH
*************
08/12/2023 10:57:43,ross,CUTANEAS,AL_INSECTH
*************
08/12/2023 10:57:51,ross,CUTANEAS,AL_CYNODONH
*************
08/12/2023 10:58:14,ross,CUTANEAS,AL_HOLCUSH
*************
08/12/2023 10:58:33,ross,CUTANEAS,AL_LOLIUMH
*************
08/12/2023 10:58:51,ross,CUTANEAS,AL_POAH
*************
08/12/2023 10:59:46,,Ingreso USUARIO,Busca tabla invitado
*************
08/12/2023 10:59:47,ross,Ingreso CONTRASEÑA,Busca tabla invitado
*************
08/12/2023 11:00:07,ross,CUTANEAS,AL_CERDOH
*************
08/12/2023 11:00:08,ross,CUTANEAS,AL_POLLOH
*************
08/12/2023 11:00:09,ross,CUTANEAS,AL_CORVINAH
*************
08/12/2023 11:00:10,ross,CUTANEAS,AL_TRIGOH
*************
08/12/2023 11:00:11,ross,CUTANEAS,AL_MAIZH
*************
08/12/2023 11:00:12,ross,CUTANEAS,AL_ARROZH
*************
08/12/2023 11:00:12,ross,CUTANEAS,AL_ZANAHORIAH
*************
08/12/2023 11:00:14,ross,CUTANEAS,AL_MANIH
*************
08/12/2023 11:00:15,ross,CUTANEAS,AL_CHOCOLATEH
*************
08/12/2023 11:00:16,ross,CUTANEAS,AL_TARTRAZINAH
*************
08/12/2023 11:00:19,ross,CUTANEAS,AL_PARABENOSH
*************
08/12/2023 11:00:21,ross,CUTANEAS,AL_INSECTOSH
*************
08/12/2023 11:01:12,ross,CUTANEAS,AL_INSECTH
*************
08/12/2023 11:01:27,ross,CUTANEAS,AL_CYNODONH
*************
08/12/2023 11:01:39,ross,CUTANEAS,AL_HOLCUSH
*************
08/12/2023 11:03:31,,Ingreso USUARIO,Busca tabla invitado
*************
08/12/2023 11:03:32,ross,Ingreso CONTRASEÑA,Busca tabla invitado
*************
08/12/2023 11:03:49,ross,CUTANEAS,AL_CERDOH
*************
08/12/2023 11:03:49,ross,CUTANEAS,AL_POLLOH
*************
08/12/2023 11:03:50,ross,CUTANEAS,AL_CORVINAH
*************
08/12/2023 11:03:50,ross,CUTANEAS,AL_TRIGOH
*************
08/12/2023 11:03:51,ross,CUTANEAS,AL_MAIZH
*************
08/12/2023 11:03:51,ross,CUTANEAS,AL_ARROZH
*************
08/12/2023 11:03:52,ross,CUTANEAS,AL_ZANAHORIAH
*************
08/12/2023 11:03:53,ross,CUTANEAS,AL_MANIH
*************
08/12/2023 11:03:53,ross,CUTANEAS,AL_CHOCOLATEH
*************
08/12/2023 11:03:54,ross,CUTANEAS,AL_TARTRAZINAH
*************
08/12/2023 11:03:56,ross,CUTANEAS,AL_PARABENOSH
*************
08/12/2023 11:03:58,ross,CUTANEAS,AL_INSECTOSH
*************
08/12/2023 11:04:05,ross,CUTANEAS,AL_INSECTH
*************
08/12/2023 11:04:14,ross,CUTANEAS,AL_CYNODONH
*************
08/12/2023 11:04:21,ross,CUTANEAS,AL_HOLCUSH
*************
08/12/2023 11:07:15,,Ingreso USUARIO,Busca tabla invitado
*************
08/12/2023 11:07:16,ross,Ingreso CONTRASEÑA,Busca tabla invitado
*************
08/12/2023 11:07:33,ross,CUTANEAS,AL_CERDOH
*************
08/12/2023 11:07:33,ross,CUTANEAS,AL_POLLOH
*************
08/12/2023 11:07:34,ross,CUTANEAS,AL_CORVINAH
*************
08/12/2023 11:07:34,ross,CUTANEAS,AL_TRIGOH
*************
08/12/2023 11:07:34,ross,CUTANEAS,AL_MAIZH
*************
08/12/2023 11:07:35,ross,CUTANEAS,AL_ARROZH
*************
08/12/2023 11:07:35,ross,CUTANEAS,AL_ZANAHORIAH
*************
08/12/2023 11:07:36,ross,CUTANEAS,AL_MANIH
*************
08/12/2023 11:07:37,ross,CUTANEAS,AL_CHOCOLATEH
*************
08/12/2023 11:07:38,ross,CUTANEAS,AL_TARTRAZINAH
*************
08/12/2023 11:07:39,ross,CUTANEAS,AL_PARABENOSH
*************
08/12/2023 11:07:40,ross,CUTANEAS,AL_INSECTOSH
*************
08/12/2023 11:07:46,ross,CUTANEAS,AL_INSECTH
*************
08/12/2023 11:07:51,ross,CUTANEAS,AL_CYNODONH
*************
08/12/2023 11:08:00,ross,CUTANEAS,AL_HOLCUSH
*************
08/12/2023 11:08:11,ross,CUTANEAS,AL_LOLIUMH
*************
08/12/2023 11:09:58,,Ingreso USUARIO,Busca tabla invitado
*************
08/12/2023 11:09:58,ross,Ingreso CONTRASEÑA,Busca tabla invitado
*************
08/12/2023 11:10:15,ross,CUTANEAS,AL_CERDOH
*************
08/12/2023 11:10:16,ross,CUTANEAS,AL_POLLOH
*************
08/12/2023 11:10:16,ross,CUTANEAS,AL_CORVINAH
*************
08/12/2023 11:10:16,ross,CUTANEAS,AL_TRIGOH
*************
08/12/2023 11:10:17,ross,CUTANEAS,AL_MAIZH
*************
08/12/2023 11:10:17,ross,CUTANEAS,AL_ARROZH
*************
08/12/2023 11:10:18,ross,CUTANEAS,AL_ZANAHORIAH
*************
08/12/2023 11:10:18,ross,CUTANEAS,AL_MANIH
*************
08/12/2023 11:10:19,ross,CUTANEAS,AL_CHOCOLATEH
*************
08/12/2023 11:10:21,ross,CUTANEAS,AL_TARTRAZINAH
*************
08/12/2023 11:10:22,ross,CUTANEAS,AL_PARABENOSH
*************
08/12/2023 11:10:24,ross,CUTANEAS,AL_INSECTOSH
*************
08/12/2023 11:10:32,ross,CUTANEAS,AL_INSECTH
*************
08/12/2023 11:10:39,ross,CUTANEAS,AL_CYNODONH
*************
08/12/2023 11:10:53,ross,CUTANEAS,AL_HOLCUSH
*************
08/12/2023 11:11:55,ross,CUTANEAS,AL_LOLIUMH
*************
08/12/2023 11:12:01,ross,CUTANEAS,AL_POAH
*************
08/12/2023 11:12:37,,Ingreso USUARIO,Busca tabla invitado
*************
08/12/2023 11:12:38,ross,Ingreso CONTRASEÑA,Busca tabla invitado
*************
08/12/2023 11:12:54,ross,CUTANEAS,AL_CERDOH
*************
08/12/2023 11:12:55,ross,CUTANEAS,AL_POLLOH
*************
08/12/2023 11:12:56,ross,CUTANEAS,AL_CORVINAH
*************
08/12/2023 11:12:56,ross,CUTANEAS,AL_TRIGOH
*************
08/12/2023 11:12:57,ross,CUTANEAS,AL_MAIZH
*************
08/12/2023 11:12:57,ross,CUTANEAS,AL_ARROZH
*************
08/12/2023 11:12:57,ross,CUTANEAS,AL_ZANAHORIAH
*************
08/12/2023 11:12:58,ross,CUTANEAS,AL_MANIH
*************
08/12/2023 11:12:58,ross,CUTANEAS,AL_CHOCOLATEH
*************
08/12/2023 11:12:59,ross,CUTANEAS,AL_TARTRAZINAH
*************
08/12/2023 11:13:00,ross,CUTANEAS,AL_PARABENOSH
*************
08/12/2023 11:13:01,ross,CUTANEAS,AL_INSECTOSH
*************
08/12/2023 11:13:05,ross,CUTANEAS,AL_INSECTH
*************
08/12/2023 11:13:11,ross,CUTANEAS,AL_CYNODONH
*************
08/12/2023 11:13:18,ross,CUTANEAS,AL_HOLCUSH
*************
08/12/2023 11:13:38,ross,CUTANEAS,AL_POLVOCPH
*************
08/12/2023 11:13:48,ross,CUTANEAS,AL_POLVOCSH
*************
08/12/2023 11:13:51,ross,CUTANEAS,AL_CUCARACHAH
*************
08/12/2023 11:13:52,ross,CUTANEAS,AL_DPTERONYSINUSH
*************
08/12/2023 11:14:21,ross,CUTANEAS,AL_CERDOH
*************
08/12/2023 11:14:22,ross,CUTANEAS,AL_POLLOH
*************
08/12/2023 11:14:23,ross,CUTANEAS,AL_CORVINAH
*************
08/12/2023 11:14:23,ross,CUTANEAS,AL_TRIGOH
*************
08/12/2023 11:14:23,ross,CUTANEAS,AL_MAIZH
*************
08/12/2023 11:14:24,ross,CUTANEAS,AL_ARROZH
*************
08/12/2023 11:14:24,ross,CUTANEAS,AL_ZANAHORIAH
*************
08/12/2023 11:14:25,ross,CUTANEAS,AL_MANIH
*************
08/12/2023 11:14:25,ross,CUTANEAS,AL_CHOCOLATEH
*************
08/12/2023 11:14:25,ross,CUTANEAS,AL_TARTRAZINAH
*************
08/12/2023 11:14:26,ross,CUTANEAS,AL_PARABENOSH
*************
08/12/2023 11:14:26,ross,CUTANEAS,AL_INSECTOSH
*************
08/12/2023 11:14:27,ross,CUTANEAS,AL_INSECTH
*************
08/12/2023 11:14:29,ross,CUTANEAS,AL_CYNODONH
*************
08/12/2023 11:14:30,ross,CUTANEAS,AL_HOLCUSH
*************
08/12/2023 11:16:57,,Ingreso USUARIO,Busca tabla invitado
*************
08/12/2023 11:16:57,ross,Ingreso CONTRASEÑA,Busca tabla invitado
*************
08/12/2023 11:17:29,ross,CUTANEAS,AL_POLLOH
*************
08/12/2023 11:27:58,,Ingreso USUARIO,Busca tabla invitado
*************
08/12/2023 11:27:59,ross,Ingreso CONTRASEÑA,Busca tabla invitado
*************
08/12/2023 11:32:05,,Ingreso USUARIO,Busca tabla invitado
*************
08/12/2023 11:32:06,ross,Ingreso CONTRASEÑA,Busca tabla invitado
*************
08/12/2023 11:32:53,,Ingreso USUARIO,Busca tabla invitado
*************
08/12/2023 11:32:53,ross,Ingreso CONTRASEÑA,Busca tabla invitado
*************
08/12/2023 11:34:11,ross,CUTANEAS,AL_POLLOH
*************
08/12/2023 11:34:13,ross,CUTANEAS,AL_CORVINAH
*************
08/12/2023 11:34:15,ross,CUTANEAS,AL_TRIGOH
*************
08/12/2023 11:34:15,ross,CUTANEAS,AL_MAIZH
*************
08/12/2023 11:34:16,ross,CUTANEAS,AL_ARROZH
*************
08/12/2023 11:34:16,ross,CUTANEAS,AL_ZANAHORIAH
*************
08/12/2023 11:34:16,ross,CUTANEAS,AL_MANIH
*************
08/12/2023 11:34:17,ross,CUTANEAS,AL_CHOCOLATEH
*************
08/12/2023 11:34:17,ross,CUTANEAS,AL_TARTRAZINAH
*************
08/12/2023 11:34:17,ross,CUTANEAS,AL_PARABENOSH
*************
08/12/2023 11:34:18,ross,CUTANEAS,AL_INSECTOSH
*************
08/12/2023 11:34:18,ross,CUTANEAS,AL_INSECTH
*************
08/12/2023 11:34:18,ross,CUTANEAS,AL_CYNODONH
*************
08/12/2023 11:34:19,ross,CUTANEAS,AL_HOLCUSH
*************
08/12/2023 11:34:21,ross,CUTANEAS,AL_POLVOCPH
*************
08/12/2023 11:34:21,ross,CUTANEAS,AL_POLVOCSH
*************
08/12/2023 11:34:21,ross,CUTANEAS,AL_CUCARACHAH
*************
08/12/2023 11:34:22,ross,CUTANEAS,AL_DPTERONYSINUSH
*************
08/12/2023 11:37:14,,Ingreso USUARIO,Busca tabla invitado
*************
08/12/2023 11:37:15,ross,Ingreso CONTRASEÑA,Busca tabla invitado
*************
08/12/2023 11:37:42,ross,CUTANEAS,AL_POLLOH
*************
08/12/2023 11:37:42,ross,CUTANEAS,AL_CORVINAH
*************
08/12/2023 11:37:42,ross,CUTANEAS,AL_TRIGOH
*************
08/12/2023 11:37:42,ross,CUTANEAS,AL_MAIZH
*************
08/12/2023 11:37:42,ross,CUTANEAS,AL_ARROZH
*************
08/12/2023 11:37:42,ross,CUTANEAS,AL_ZANAHORIAH
*************
08/12/2023 11:37:42,ross,CUTANEAS,AL_MANIH
*************
08/12/2023 11:37:42,ross,CUTANEAS,AL_CHOCOLATEH
*************
08/12/2023 11:37:42,ross,CUTANEAS,AL_TARTRAZINAH
*************
08/12/2023 11:37:42,ross,CUTANEAS,AL_PARABENOSH
*************
08/12/2023 11:37:42,ross,CUTANEAS,AL_INSECTOSH
*************
08/12/2023 11:37:42,ross,CUTANEAS,AL_INSECTH
*************
08/12/2023 11:37:42,ross,CUTANEAS,AL_CYNODONH
*************
08/12/2023 11:37:42,ross,CUTANEAS,AL_HOLCUSH
*************
08/12/2023 11:37:42,ross,CUTANEAS,AL_POLVOCPH
*************
08/12/2023 11:37:42,ross,CUTANEAS,AL_POLVOCSH
*************
08/12/2023 11:37:42,ross,CUTANEAS,AL_CUCARACHAH
*************
08/12/2023 11:37:42,ross,CUTANEAS,AL_DPTERONYSINUSH
*************
08/12/2023 11:38:09,ross,CUTANEAS,AL_POLLOH
*************
08/12/2023 11:38:09,ross,CUTANEAS,AL_CORVINAH
*************
08/12/2023 11:38:09,ross,CUTANEAS,AL_TRIGOH
*************
08/12/2023 11:38:09,ross,CUTANEAS,AL_MAIZH
*************
08/12/2023 11:38:09,ross,CUTANEAS,AL_ARROZH
*************
08/12/2023 11:38:09,ross,CUTANEAS,AL_ZANAHORIAH
*************
08/12/2023 11:38:09,ross,CUTANEAS,AL_MANIH
*************
08/12/2023 11:38:09,ross,CUTANEAS,AL_CHOCOLATEH
*************
08/12/2023 11:38:09,ross,CUTANEAS,AL_TARTRAZINAH
*************
08/12/2023 11:38:10,ross,CUTANEAS,AL_PARABENOSH
*************
08/12/2023 11:38:10,ross,CUTANEAS,AL_INSECTOSH
*************
08/12/2023 11:38:10,ross,CUTANEAS,AL_INSECTH
*************
08/12/2023 11:38:10,ross,CUTANEAS,AL_CYNODONH
*************
08/12/2023 11:38:10,ross,CUTANEAS,AL_HOLCUSH
*************
08/12/2023 11:38:10,ross,CUTANEAS,AL_POLVOCPH
*************
08/12/2023 11:38:10,ross,CUTANEAS,AL_POLVOCSH
*************
08/12/2023 11:38:10,ross,CUTANEAS,AL_CUCARACHAH
*************
08/12/2023 11:38:10,ross,CUTANEAS,AL_DPTERONYSINUSH
*************
08/12/2023 11:41:10,,Ingreso USUARIO,Busca tabla invitado
*************
08/12/2023 11:41:10,ross,Ingreso CONTRASEÑA,Busca tabla invitado
*************
08/12/2023 11:41:55,ross,CUTANEAS,AL_CERDOH
*************
08/12/2023 11:43:08,,Ingreso USUARIO,Busca tabla invitado
*************
08/12/2023 11:43:08,ross,Ingreso CONTRASEÑA,Busca tabla invitado
*************
08/12/2023 11:43:30,ross,CUTANEAS,AL_CERDOH
*************
08/12/2023 11:43:30,ross,CUTANEAS,AL_POLLOH
*************
08/12/2023 11:43:30,ross,CUTANEAS,AL_CORVINAH
*************
08/12/2023 11:43:30,ross,CUTANEAS,AL_ATUNH
*************
08/12/2023 11:43:30,ross,CUTANEAS,AL_LANGOSTAH
*************
08/12/2023 11:43:30,ross,CUTANEAS,AL_CAMARONH
*************
08/12/2023 11:43:30,ross,CUTANEAS,AL_LECHEH
*************
08/12/2023 11:43:30,ross,CUTANEAS,AL_HUEVOCIH
*************
08/12/2023 11:43:30,ross,CUTANEAS,AL_YEMAH
*************
08/12/2023 11:43:30,ross,CUTANEAS,AL_TRIGOH
*************
08/12/2023 11:43:30,ross,CUTANEAS,AL_MAIZH
*************
08/12/2023 11:43:30,ross,CUTANEAS,AL_ARROZH
*************
08/12/2023 11:43:30,ross,CUTANEAS,AL_FREJOLH
*************
08/12/2023 11:43:30,ross,CUTANEAS,AL_LENTEJAH
*************
08/12/2023 11:43:30,ross,CUTANEAS,AL_HABAH
*************
08/12/2023 11:43:30,ross,CUTANEAS,AL_TOMATEH
*************
08/12/2023 11:43:30,ross,CUTANEAS,AL_ZANAHORIAH
*************
08/12/2023 11:43:30,ross,CUTANEAS,AL_MANIH
*************
08/12/2023 11:43:30,ross,CUTANEAS,AL_CHOCOLATEH
*************
08/12/2023 11:43:30,ross,CUTANEAS,AL_NARANJAH
*************
08/12/2023 11:43:30,ross,CUTANEAS,AL_PIÑAH
*************
08/12/2023 11:43:30,ross,CUTANEAS,AL_FRUTILLAH
*************
08/12/2023 11:43:30,ross,CUTANEAS,AL_TARTRAZINAH
*************
08/12/2023 11:43:30,ross,CUTANEAS,AL_PARABENOSH
*************
08/12/2023 11:43:30,ross,CUTANEAS,AL_INSECTOSH
*************
08/12/2023 11:43:30,ross,CUTANEAS,AL_INSECTH
*************
08/12/2023 11:43:30,ross,CUTANEAS,AL_CYNODONH
*************
08/12/2023 11:43:30,ross,CUTANEAS,AL_HOLCUSH
*************
08/12/2023 11:43:30,ross,CUTANEAS,AL_POLVOCPH
*************
08/12/2023 11:43:30,ross,CUTANEAS,AL_POLVOCSH
*************
08/12/2023 11:43:30,ross,CUTANEAS,AL_CUCARACHAH
*************
08/12/2023 11:43:30,ross,CUTANEAS,AL_DPTERONYSINUSH
*************
08/12/2023 11:43:46,ross,CUTANEAS,AL_CERDOH
*************
08/12/2023 11:43:46,ross,CUTANEAS,AL_POLLOH
*************
08/12/2023 11:43:46,ross,CUTANEAS,AL_CORVINAH
*************
08/12/2023 11:43:46,ross,CUTANEAS,AL_ATUNH
*************
08/12/2023 11:43:46,ross,CUTANEAS,AL_LANGOSTAH
*************
08/12/2023 11:43:46,ross,CUTANEAS,AL_CAMARONH
*************
08/12/2023 11:43:46,ross,CUTANEAS,AL_LECHEH
*************
08/12/2023 11:43:46,ross,CUTANEAS,AL_HUEVOCIH
*************
08/12/2023 11:43:46,ross,CUTANEAS,AL_YEMAH
*************
08/12/2023 11:43:46,ross,CUTANEAS,AL_TRIGOH
*************
08/12/2023 11:43:46,ross,CUTANEAS,AL_MAIZH
*************
08/12/2023 11:43:46,ross,CUTANEAS,AL_ARROZH
*************
08/12/2023 11:43:46,ross,CUTANEAS,AL_FREJOLH
*************
08/12/2023 11:43:46,ross,CUTANEAS,AL_LENTEJAH
*************
08/12/2023 11:43:46,ross,CUTANEAS,AL_HABAH
*************
08/12/2023 11:43:46,ross,CUTANEAS,AL_TOMATEH
*************
08/12/2023 11:43:46,ross,CUTANEAS,AL_ZANAHORIAH
*************
08/12/2023 11:43:46,ross,CUTANEAS,AL_MANIH
*************
08/12/2023 11:43:46,ross,CUTANEAS,AL_CHOCOLATEH
*************
08/12/2023 11:43:46,ross,CUTANEAS,AL_NARANJAH
*************
08/12/2023 11:43:47,ross,CUTANEAS,AL_PIÑAH
*************
08/12/2023 11:43:47,ross,CUTANEAS,AL_FRUTILLAH
*************
08/12/2023 11:43:47,ross,CUTANEAS,AL_TARTRAZINAH
*************
08/12/2023 11:43:47,ross,CUTANEAS,AL_PARABENOSH
*************
08/12/2023 11:43:47,ross,CUTANEAS,AL_INSECTOSH
*************
08/12/2023 11:43:47,ross,CUTANEAS,AL_INSECTH
*************
08/12/2023 11:43:47,ross,CUTANEAS,AL_CYNODONH
*************
08/12/2023 11:43:47,ross,CUTANEAS,AL_HOLCUSH
*************
08/12/2023 11:43:47,ross,CUTANEAS,AL_POLVOCPH
*************
08/12/2023 11:43:47,ross,CUTANEAS,AL_POLVOCSH
*************
08/12/2023 11:43:47,ross,CUTANEAS,AL_CUCARACHAH
*************
08/12/2023 11:43:47,ross,CUTANEAS,AL_DPTERONYSINUSH
*************
08/12/2023 11:44:06,ross,CUTANEAS,AL_CERDOH
*************
08/12/2023 11:44:06,ross,CUTANEAS,AL_POLLOH
*************
08/12/2023 11:44:06,ross,CUTANEAS,AL_CORVINAH
*************
08/12/2023 11:44:06,ross,CUTANEAS,AL_ATUNH
*************
08/12/2023 11:44:06,ross,CUTANEAS,AL_LANGOSTAH
*************
08/12/2023 11:44:06,ross,CUTANEAS,AL_CAMARONH
*************
08/12/2023 11:44:06,ross,CUTANEAS,AL_LECHEH
*************
08/12/2023 11:44:06,ross,CUTANEAS,AL_HUEVOCIH
*************
08/12/2023 11:44:06,ross,CUTANEAS,AL_YEMAH
*************
08/12/2023 11:44:06,ross,CUTANEAS,AL_TRIGOH
*************
08/12/2023 11:44:06,ross,CUTANEAS,AL_MAIZH
*************
08/12/2023 11:44:06,ross,CUTANEAS,AL_ARROZH
*************
08/12/2023 11:44:06,ross,CUTANEAS,AL_FREJOLH
*************
08/12/2023 11:44:06,ross,CUTANEAS,AL_LENTEJAH
*************
08/12/2023 11:44:06,ross,CUTANEAS,AL_HABAH
*************
08/12/2023 11:44:06,ross,CUTANEAS,AL_TOMATEH
*************
08/12/2023 11:44:06,ross,CUTANEAS,AL_ZANAHORIAH
*************
08/12/2023 11:44:06,ross,CUTANEAS,AL_MANIH
*************
08/12/2023 11:44:06,ross,CUTANEAS,AL_CHOCOLATEH
*************
08/12/2023 11:44:06,ross,CUTANEAS,AL_NARANJAH
*************
08/12/2023 11:44:06,ross,CUTANEAS,AL_PIÑAH
*************
08/12/2023 11:44:06,ross,CUTANEAS,AL_FRUTILLAH
*************
08/12/2023 11:44:06,ross,CUTANEAS,AL_TARTRAZINAH
*************
08/12/2023 11:44:06,ross,CUTANEAS,AL_PARABENOSH
*************
08/12/2023 11:44:06,ross,CUTANEAS,AL_INSECTOSH
*************
08/12/2023 11:44:06,ross,CUTANEAS,AL_INSECTH
*************
08/12/2023 11:44:06,ross,CUTANEAS,AL_CYNODONH
*************
08/12/2023 11:44:06,ross,CUTANEAS,AL_HOLCUSH
*************
08/12/2023 11:44:06,ross,CUTANEAS,AL_POLVOCPH
*************
08/12/2023 11:44:06,ross,CUTANEAS,AL_POLVOCSH
*************
08/12/2023 11:44:06,ross,CUTANEAS,AL_CUCARACHAH
*************
08/12/2023 11:44:06,ross,CUTANEAS,AL_DPTERONYSINUSH
*************
08/12/2023 12:11:18,,Ingreso USUARIO,Busca tabla invitado
*************
08/12/2023 12:11:19,ross,Ingreso CONTRASEÑA,Busca tabla invitado
*************
08/12/2023 17:11:51,ross,CUTANEAS,AL_CERDOH
*************
08/12/2023 17:11:51,ross,CUTANEAS,AL_POLLOH
*************
08/12/2023 17:11:51,ross,CUTANEAS,AL_CORVINAH
*************
08/12/2023 17:11:51,ross,CUTANEAS,AL_ATUNH
*************
08/12/2023 17:11:51,ross,CUTANEAS,AL_LANGOSTAH
*************
08/12/2023 17:11:51,ross,CUTANEAS,AL_CAMARONH
*************
08/12/2023 17:11:51,ross,CUTANEAS,AL_LECHEH
*************
08/12/2023 17:11:51,ross,CUTANEAS,AL_HUEVOCIH
*************
08/12/2023 17:11:51,ross,CUTANEAS,AL_YEMAH
*************
08/12/2023 17:11:51,ross,CUTANEAS,AL_TRIGOH
*************
08/12/2023 17:11:51,ross,CUTANEAS,AL_MAIZH
*************
08/12/2023 17:11:51,ross,CUTANEAS,AL_ARROZH
*************
08/12/2023 17:11:51,ross,CUTANEAS,AL_FREJOLH
*************
08/12/2023 17:11:51,ross,CUTANEAS,AL_LENTEJAH
*************
08/12/2023 17:11:51,ross,CUTANEAS,AL_HABAH
*************
08/12/2023 17:11:51,ross,CUTANEAS,AL_TOMATEH
*************
08/12/2023 17:11:51,ross,CUTANEAS,AL_ZANAHORIAH
*************
08/12/2023 17:11:51,ross,CUTANEAS,AL_MANIH
*************
08/12/2023 17:11:51,ross,CUTANEAS,AL_CHOCOLATEH
*************
08/12/2023 17:11:51,ross,CUTANEAS,AL_NARANJAH
*************
08/12/2023 17:11:51,ross,CUTANEAS,AL_PIÑAH
*************
08/12/2023 17:11:51,ross,CUTANEAS,AL_FRUTILLAH
*************
08/12/2023 17:11:51,ross,CUTANEAS,AL_TARTRAZINAH
*************
08/12/2023 17:11:51,ross,CUTANEAS,AL_PARABENOSH
*************
08/12/2023 17:11:51,ross,CUTANEAS,AL_INSECTOSH
*************
08/12/2023 17:11:51,ross,CUTANEAS,AL_INSECTH
*************
08/12/2023 17:11:51,ross,CUTANEAS,AL_CYNODONH
*************
08/12/2023 17:11:51,ross,CUTANEAS,AL_HOLCUSH
*************
08/12/2023 17:11:51,ross,CUTANEAS,AL_POLVOCPH
*************
08/12/2023 17:11:51,ross,CUTANEAS,AL_POLVOCSH
*************
08/12/2023 17:11:51,ross,CUTANEAS,AL_CUCARACHAH
*************
08/12/2023 17:11:51,ross,CUTANEAS,AL_DPTERONYSINUSH
*************
08/12/2023 21:18:56,,Ingreso USUARIO,Busca tabla invitado
*************
08/12/2023 21:18:57,ross,Ingreso CONTRASEÑA,Busca tabla invitado
*************
08/12/2023 21:21:17,,Ingreso USUARIO,Busca tabla invitado
*************
08/12/2023 21:21:19,ross,Ingreso CONTRASEÑA,Busca tabla invitado
*************
08/12/2023 21:23:46,,Ingreso USUARIO,Busca tabla invitado
*************
08/12/2023 21:23:47,ross,Ingreso CONTRASEÑA,Busca tabla invitado
*************
08/12/2023 21:27:27,,Ingreso USUARIO,Busca tabla invitado
*************
08/12/2023 21:27:28,ross,Ingreso CONTRASEÑA,Busca tabla invitado
*************
08/12/2023 21:28:30,ross,Nuevo Pedido PRE CARGA,NORMAL/6
*************
08/12/2023 21:29:55,ross,Nuevo Pedido PRE CARGA,NORMAL/7
*************
08/12/2023 21:48:15,,Ingreso USUARIO,Busca tabla invitado
*************
08/12/2023 21:48:16,ross,Ingreso CONTRASEÑA,Busca tabla invitado
*************
08/12/2023 21:50:39,,Ingreso USUARIO,Busca tabla invitado
*************
08/12/2023 21:50:41,ross,Ingreso CONTRASEÑA,Busca tabla invitado
*************
08/12/2023 21:51:20,ross,CUTANEAS,AL_CERDOH
*************
08/12/2023 21:51:20,ross,CUTANEAS,AL_POLLOH
*************
08/12/2023 21:51:20,ross,CUTANEAS,AL_CORVINAH
*************
08/12/2023 21:51:20,ross,CUTANEAS,AL_ATUNH
*************
08/12/2023 21:51:20,ross,CUTANEAS,AL_LANGOSTAH
*************
08/12/2023 21:51:20,ross,CUTANEAS,AL_CAMARONH
*************
08/12/2023 21:51:20,ross,CUTANEAS,AL_LECHEH
*************
08/12/2023 21:51:20,ross,CUTANEAS,AL_HUEVOCIH
*************
08/12/2023 21:51:20,ross,CUTANEAS,AL_YEMAH
*************
08/12/2023 21:51:20,ross,CUTANEAS,AL_TRIGOH
*************
08/12/2023 21:51:20,ross,CUTANEAS,AL_MAIZH
*************
08/12/2023 21:51:20,ross,CUTANEAS,AL_ARROZH
*************
08/12/2023 21:51:20,ross,CUTANEAS,AL_FREJOLH
*************
08/12/2023 21:51:20,ross,CUTANEAS,AL_LENTEJAH
*************
08/12/2023 21:51:20,ross,CUTANEAS,AL_HABAH
*************
08/12/2023 21:51:20,ross,CUTANEAS,AL_TOMATEH
*************
08/12/2023 21:51:20,ross,CUTANEAS,AL_ZANAHORIAH
*************
08/12/2023 21:51:20,ross,CUTANEAS,AL_MANIH
*************
08/12/2023 21:51:20,ross,CUTANEAS,AL_CHOCOLATEH
*************
08/12/2023 21:51:20,ross,CUTANEAS,AL_NARANJAH
*************
08/12/2023 21:51:20,ross,CUTANEAS,AL_PIÑAH
*************
08/12/2023 21:51:20,ross,CUTANEAS,AL_FRUTILLAH
*************
08/12/2023 21:51:20,ross,CUTANEAS,AL_TARTRAZINAH
*************
08/12/2023 21:51:20,ross,CUTANEAS,AL_PARABENOSH
*************
08/12/2023 21:51:20,ross,CUTANEAS,AL_INSECTOSH
*************
08/12/2023 21:51:20,ross,CUTANEAS,AL_INSECTH
*************
08/12/2023 21:51:20,ross,CUTANEAS,AL_CYNODONH
*************
08/12/2023 21:51:20,ross,CUTANEAS,AL_HOLCUSH
*************
08/12/2023 21:51:20,ross,CUTANEAS,AL_ASPERGILLUSH
*************
08/12/2023 21:51:20,ross,CUTANEAS,AL_HORMODENDH
*************
08/12/2023 21:51:20,ross,CUTANEAS,AL_POLVOCPH
*************
08/12/2023 21:51:20,ross,CUTANEAS,AL_POLVOCSH
*************
08/12/2023 21:51:20,ross,CUTANEAS,AL_CUCARACHAH
*************
08/12/2023 21:51:20,ross,CUTANEAS,AL_DPTERONYSINUSH
*************
08/12/2023 21:51:20,ross,CUTANEAS,AL_ACETAMINOFENH
*************
08/12/2023 21:51:20,ross,CUTANEAS,AL_IBUPROFENOH
*************
08/12/2023 21:51:20,ross,CUTANEAS,AL_PENICILINAH
*************
08/12/2023 21:51:20,ross,CUTANEAS,AL_YODOH
*************
09/12/2023 17:17:23,,Ingreso USUARIO,Busca tabla invitado
*************
09/12/2023 17:17:24,ross,Ingreso CONTRASEÑA,Busca tabla invitado
*************
08/12/2023 17:50:36,,Ingreso USUARIO,Busca tabla invitado
*************
08/12/2023 17:50:36,ross,Ingreso CONTRASEÑA,Busca tabla invitado
*************
08/12/2023 17:51:31,,Ingreso USUARIO,Busca tabla invitado
*************
08/12/2023 17:51:32,ross,Ingreso CONTRASEÑA,Busca tabla invitado
*************
08/12/2023 17:54:50,,Ingreso USUARIO,Busca tabla invitado
*************
08/12/2023 17:54:51,ross,Ingreso CONTRASEÑA,Busca tabla invitado
*************
08/12/2023 17:55:35,,Ingreso USUARIO,Busca tabla invitado
*************
08/12/2023 17:55:36,ross,Ingreso CONTRASEÑA,Busca tabla invitado
*************
08/12/2023 16:49:25,,Ingreso USUARIO,Busca tabla invitado
*************
08/12/2023 16:49:26,ross,Ingreso CONTRASEÑA,Busca tabla invitado
*************
08/12/2023 17:00:02,,Ingreso USUARIO,Busca tabla invitado
*************
08/12/2023 17:00:03,ross,Ingreso CONTRASEÑA,Busca tabla invitado
*************
08/12/2023 17:16:12,,Ingreso USUARIO,Busca tabla invitado
*************
08/12/2023 17:16:12,ross,Ingreso CONTRASEÑA,Busca tabla invitado
*************
08/12/2023 17:20:22,,Ingreso USUARIO,Busca tabla invitado
*************
08/12/2023 17:20:23,ross,Ingreso CONTRASEÑA,Busca tabla invitado
*************
08/12/2023 17:25:37,,Ingreso USUARIO,Busca tabla invitado
*************
08/12/2023 17:25:39,,Ingreso CONTRASEÑA FALLIDO,
*************
08/12/2023 17:25:39,,Ingreso CONTRASEÑA,Busca tabla invitado
*************
08/12/2023 17:25:40,ross,Ingreso CONTRASEÑA,Busca tabla invitado
*************
08/12/2023 17:29:06,,Ingreso USUARIO,Busca tabla invitado
*************
08/12/2023 17:29:07,ross,Ingreso CONTRASEÑA,Busca tabla invitado
*************
08/12/2023 17:39:09,,Ingreso USUARIO,Busca tabla invitado
*************
08/12/2023 17:39:10,ross,Ingreso CONTRASEÑA,Busca tabla invitado
*************
08/12/2023 17:43:15,,Ingreso USUARIO,Busca tabla invitado
*************
08/12/2023 17:43:16,ross,Ingreso CONTRASEÑA,Busca tabla invitado
*************
08/12/2023 17:50:17,,Ingreso USUARIO,Busca tabla invitado
*************
08/12/2023 17:50:18,ross,Ingreso CONTRASEÑA,Busca tabla invitado
*************
08/12/2023 17:52:10,,Ingreso USUARIO,Busca tabla invitado
*************
08/12/2023 17:52:11,ross,Ingreso CONTRASEÑA,Busca tabla invitado
*************
08/12/2023 17:54:12,,Ingreso USUARIO,Busca tabla invitado
*************
08/12/2023 17:54:13,ross,Ingreso CONTRASEÑA,Busca tabla invitado
*************
08/12/2023 17:55:59,,Ingreso USUARIO,Busca tabla invitado
*************
08/12/2023 17:56:00,ross,Ingreso CONTRASEÑA,Busca tabla invitado
*************
08/12/2023 17:59:27,,Ingreso USUARIO,Busca tabla invitado
*************
08/12/2023 17:59:27,ross,Ingreso CONTRASEÑA,Busca tabla invitado
*************
08/12/2023 18:02:12,,Ingreso USUARIO,Busca tabla invitado
*************
08/12/2023 18:02:13,ross,Ingreso CONTRASEÑA,Busca tabla invitado
*************
08/12/2023 18:03:43,,Ingreso USUARIO,Busca tabla invitado
*************
08/12/2023 18:03:45,,Ingreso CONTRASEÑA FALLIDO,
*************
08/12/2023 18:03:45,,Ingreso CONTRASEÑA,Busca tabla invitado
*************
08/12/2023 18:03:47,ross,Ingreso CONTRASEÑA,Busca tabla invitado
*************
08/12/2023 18:05:15,,Ingreso USUARIO,Busca tabla invitado
*************
08/12/2023 18:05:15,ross,Ingreso CONTRASEÑA,Busca tabla invitado
*************
08/12/2023 18:06:41,,Ingreso USUARIO,Busca tabla invitado
*************
08/12/2023 18:06:42,ross,Ingreso CONTRASEÑA,Busca tabla invitado
*************
08/12/2023 18:08:00,ross,Nuevo CIE10,Cie=L70 L710
*************
08/12/2023 19:26:40,,Ingreso USUARIO,Busca tabla invitado
*************
08/12/2023 19:26:41,ross,Ingreso CONTRASEÑA,Busca tabla invitado
*************
08/12/2023 19:41:52,,Ingreso USUARIO,Busca tabla invitado
*************
08/12/2023 19:41:53,ross,Ingreso CONTRASEÑA,Busca tabla invitado
*************
08/12/2023 19:48:55,,Ingreso USUARIO,Busca tabla invitado
*************
08/12/2023 19:48:56,ross,Ingreso CONTRASEÑA,Busca tabla invitado
*************
08/12/2023 19:49:19,,Ingreso USUARIO,Busca tabla invitado
*************
08/12/2023 19:49:20,ross,Ingreso CONTRASEÑA,Busca tabla invitado
*************
08/12/2023 19:52:11,,Ingreso USUARIO,Busca tabla invitado
*************
08/12/2023 19:52:12,ross,Ingreso CONTRASEÑA,Busca tabla invitado
*************
08/12/2023 19:54:31,,Ingreso USUARIO,Busca tabla invitado
*************
08/12/2023 19:54:32,ross,Ingreso CONTRASEÑA,Busca tabla invitado
*************
08/12/2023 19:58:03,,Ingreso USUARIO,Busca tabla invitado
*************
08/12/2023 19:58:04,ross,Ingreso CONTRASEÑA,Busca tabla invitado
*************
11/12/2023 11:25:16,,Ingreso USUARIO,Busca tabla invitado
*************
11/12/2023 11:25:17,ross,Ingreso CONTRASEÑA,Busca tabla invitado
*************
11/12/2023 11:25:42,ross,Nuevo Pedido PRE CARGA,NORMAL/8
*************
11/12/2023 11:28:03,ross,CUTANEAS,AL_CERDOH
*************
11/12/2023 11:28:03,ross,CUTANEAS,AL_POLLOH
*************
11/12/2023 11:28:03,ross,CUTANEAS,AL_CORVINAH
*************
11/12/2023 11:28:03,ross,CUTANEAS,AL_ATUNH
*************
11/12/2023 11:28:03,ross,CUTANEAS,AL_LANGOSTAH
*************
11/12/2023 11:28:03,ross,CUTANEAS,AL_CAMARONH
*************
11/12/2023 11:28:03,ross,CUTANEAS,AL_LECHEH
*************
11/12/2023 11:28:03,ross,CUTANEAS,AL_HUEVOCIH
*************
11/12/2023 11:28:03,ross,CUTANEAS,AL_YEMAH
*************
11/12/2023 11:28:03,ross,CUTANEAS,AL_TRIGOH
*************
11/12/2023 11:28:03,ross,CUTANEAS,AL_MAIZH
*************
11/12/2023 11:28:03,ross,CUTANEAS,AL_ARROZH
*************
11/12/2023 11:28:03,ross,CUTANEAS,AL_FREJOLH
*************
11/12/2023 11:28:03,ross,CUTANEAS,AL_LENTEJAH
*************
11/12/2023 11:28:03,ross,CUTANEAS,AL_HABAH
*************
11/12/2023 11:28:03,ross,CUTANEAS,AL_TOMATEH
*************
11/12/2023 11:28:03,ross,CUTANEAS,AL_ZANAHORIAH
*************
11/12/2023 11:28:03,ross,CUTANEAS,AL_MANIH
*************
11/12/2023 11:28:03,ross,CUTANEAS,AL_CHOCOLATEH
*************
11/12/2023 11:28:03,ross,CUTANEAS,AL_NARANJAH
*************
11/12/2023 11:28:03,ross,CUTANEAS,AL_PIÑAH
*************
11/12/2023 11:28:03,ross,CUTANEAS,AL_FRUTILLAH
*************
11/12/2023 11:28:03,ross,CUTANEAS,AL_TARTRAZINAH
*************
11/12/2023 11:28:03,ross,CUTANEAS,AL_PARABENOSH
*************
11/12/2023 11:28:03,ross,CUTANEAS,AL_INSECTOSH
*************
11/12/2023 11:28:03,ross,CUTANEAS,AL_INSECTH
*************
11/12/2023 11:28:03,ross,CUTANEAS,AL_BROMUSH
*************
11/12/2023 11:28:03,ross,CUTANEAS,AL_CANDIDAH
*************
11/12/2023 11:28:03,ross,CUTANEAS,AL_POLVOCPH
*************
11/12/2023 11:28:03,ross,CUTANEAS,AL_DPTERONYSINUSH
*************
11/12/2023 11:28:03,ross,CUTANEAS,AL_PLUMASH
*************
11/12/2023 11:28:03,ross,CUTANEAS,AL_LANAPERROH
*************
11/12/2023 11:28:03,ross,CUTANEAS,AL_LANAGATOH
*************
11/12/2023 11:28:03,ross,CUTANEAS,AL_ACETAMINOFENH
*************
11/12/2023 11:28:03,ross,CUTANEAS,AL_IBUPROFENOH
*************
11/12/2023 11:28:03,ross,CUTANEAS,AL_OXICANESH
*************
11/12/2023 11:28:03,ross,CUTANEAS,AL_PENICILINAH
*************
11/12/2023 11:28:03,ross,CUTANEAS,AL_IMIDAZOLICOSH
*************
11/12/2023 11:33:10,,Ingreso USUARIO,Busca tabla invitado
*************
11/12/2023 11:33:11,ross,Ingreso CONTRASEÑA,Busca tabla invitado
*************
11/12/2023 11:35:06,,Ingreso USUARIO,Busca tabla invitado
*************
11/12/2023 11:35:07,ross,Ingreso CONTRASEÑA,Busca tabla invitado
*************
11/12/2023 12:07:11,,Ingreso USUARIO,Busca tabla invitado
*************
11/12/2023 12:07:12,ross,Ingreso CONTRASEÑA,Busca tabla invitado
*************
11/12/2023 12:09:28,,Ingreso USUARIO,Busca tabla invitado
*************
11/12/2023 12:09:29,ross,Ingreso CONTRASEÑA,Busca tabla invitado
*************
11/12/2023 17:46:24,,Ingreso USUARIO,Busca tabla invitado
*************
11/12/2023 17:46:24,ross,Ingreso CONTRASEÑA,Busca tabla invitado
*************
11/12/2023 17:48:48,ross,Nuevo Pedido PRE CARGA,NORMAL/9
*************
11/12/2023 18:02:37,,Ingreso USUARIO,Busca tabla invitado
*************
11/12/2023 18:02:38,ross,Ingreso CONTRASEÑA,Busca tabla invitado
*************
11/12/2023 18:04:52,,Ingreso USUARIO,Busca tabla invitado
*************
11/12/2023 18:04:53,ross,Ingreso CONTRASEÑA,Busca tabla invitado
*************
11/12/2023 19:24:38,,Ingreso USUARIO,Busca tabla invitado
*************
11/12/2023 19:24:40,ross,Ingreso CONTRASEÑA,Busca tabla invitado
*************
11/12/2023 20:15:41,,Ingreso USUARIO,Busca tabla invitado
*************
11/12/2023 20:15:41,ross,Ingreso CONTRASEÑA,Busca tabla invitado
*************
12/12/2023 7:56:56,,Ingreso USUARIO,Busca tabla invitado
*************
12/12/2023 7:56:57,ross,Ingreso CONTRASEÑA,Busca tabla invitado
*************
12/12/2023 8:18:33,,Ingreso USUARIO,Busca tabla invitado
*************
12/12/2023 8:18:34,ross,Ingreso CONTRASEÑA,Busca tabla invitado
*************
12/12/2023 8:27:25,,Ingreso USUARIO,Busca tabla invitado
*************
12/12/2023 8:27:27,ross,Ingreso CONTRASEÑA,Busca tabla invitado
*************
12/12/2023 8:32:54,,Ingreso USUARIO,Busca tabla invitado
*************
12/12/2023 8:32:54,ross,Ingreso CONTRASEÑA,Busca tabla invitado
*************
12/12/2023 8:33:30,ross,Nuevo Pedido PRE CARGA,NORMAL/10
*************
12/12/2023 8:42:18,,Ingreso USUARIO,Busca tabla invitado
*************
12/12/2023 8:42:18,ross,Ingreso CONTRASEÑA,Busca tabla invitado
*************
12/12/2023 9:42:56,,Ingreso USUARIO,Busca tabla invitado
*************
12/12/2023 9:42:57,ross,Ingreso CONTRASEÑA,Busca tabla invitado
*************
12/12/2023 11:02:49,,Ingreso USUARIO,Busca tabla invitado
*************
12/12/2023 11:02:49,ross,Ingreso CONTRASEÑA,Busca tabla invitado
*************
12/12/2023 11:41:49,,Ingreso USUARIO,Busca tabla invitado
*************
12/12/2023 11:41:50,ross,Ingreso CONTRASEÑA,Busca tabla invitado
*************
12/12/2023 12:49:41,,Ingreso USUARIO,Busca tabla invitado
*************
12/12/2023 12:49:42,ross,Ingreso CONTRASEÑA,Busca tabla invitado
*************
12/12/2023 12:59:09,,Ingreso USUARIO,Busca tabla invitado
*************
12/12/2023 12:59:09,ross,Ingreso CONTRASEÑA,Busca tabla invitado
*************
12/12/2023 13:01:17,,Ingreso USUARIO,Busca tabla invitado
*************
12/12/2023 13:01:18,ross,Ingreso CONTRASEÑA,Busca tabla invitado
*************
12/12/2023 13:03:01,,Ingreso USUARIO,Busca tabla invitado
*************
12/12/2023 13:03:02,ross,Ingreso CONTRASEÑA,Busca tabla invitado
*************
12/12/2023 19:33:13,,Ingreso USUARIO,Busca tabla invitado
*************
12/12/2023 19:33:14,ross,Ingreso CONTRASEÑA,Busca tabla invitado
*************
12/12/2023 19:33:41,ross,01 GENERAR ORDEN  NORMAL EXAMENES: 400149,400150,400476,400151,400295,400101,,PEDIDO=11
*************
12/12/2023 19:34:10,ross,1 MODIFICA ORDEN NORMAL EXAMENES: 400101,,PEDIDO=11
*************
12/12/2023 19:38:00,,Ingreso USUARIO,Busca tabla invitado
*************
12/12/2023 19:38:00,ross,Ingreso CONTRASEÑA,Busca tabla invitado
*************
13/12/2023 21:03:49,,Ingreso USUARIO,Busca tabla invitado
*************
13/12/2023 21:03:49,ross,Ingreso CONTRASEÑA,Busca tabla invitado
*************
13/12/2023 21:05:31,,Ingreso USUARIO,Busca tabla invitado
*************
13/12/2023 21:05:31,ross,Ingreso CONTRASEÑA,Busca tabla invitado
*************
13/12/2023 21:09:23,,Ingreso USUARIO,Busca tabla invitado
*************
13/12/2023 21:09:24,ross,Ingreso CONTRASEÑA,Busca tabla invitado
*************
13/12/2023 21:13:56,,Ingreso USUARIO,Busca tabla invitado
*************
13/12/2023 21:13:57,ross,Ingreso CONTRASEÑA,Busca tabla invitado
*************
13/12/2023 21:17:01,,Ingreso USUARIO,Busca tabla invitado
*************
13/12/2023 21:17:01,ross,Ingreso CONTRASEÑA,Busca tabla invitado
*************
13/12/2023 21:20:20,,Ingreso USUARIO,Busca tabla invitado
*************
13/12/2023 21:20:21,ross,Ingreso CONTRASEÑA,Busca tabla invitado
*************
13/12/2023 21:32:51,,Ingreso USUARIO,Busca tabla invitado
*************
13/12/2023 21:32:52,ross,Ingreso CONTRASEÑA,Busca tabla invitado
*************
13/12/2023 21:36:21,,Ingreso USUARIO,Busca tabla invitado
*************
13/12/2023 21:36:22,ross,Ingreso CONTRASEÑA,Busca tabla invitado
*************
13/12/2023 21:39:58,,Ingreso USUARIO,Busca tabla invitado
*************
13/12/2023 21:39:59,ross,Ingreso CONTRASEÑA,Busca tabla invitado
*************
13/12/2023 21:42:54,,Ingreso USUARIO,Busca tabla invitado
*************
13/12/2023 21:42:55,ross,Ingreso CONTRASEÑA,Busca tabla invitado
*************
13/12/2023 22:00:55,,Ingreso USUARIO,Busca tabla invitado
*************
13/12/2023 22:00:56,ross,Ingreso CONTRASEÑA,Busca tabla invitado
*************
13/12/2023 22:06:27,,Ingreso USUARIO,Busca tabla invitado
*************
13/12/2023 22:06:28,ross,Ingreso CONTRASEÑA,Busca tabla invitado
*************
13/12/2023 22:08:43,,Ingreso USUARIO,Busca tabla invitado
*************
13/12/2023 22:08:44,ross,Ingreso CONTRASEÑA,Busca tabla invitado
*************
13/12/2023 22:22:11,,Ingreso USUARIO,Busca tabla invitado
*************
13/12/2023 22:22:12,ross,Ingreso CONTRASEÑA,Busca tabla invitado
*************
13/12/2023 22:26:24,,Ingreso USUARIO,Busca tabla invitado
*************
13/12/2023 22:26:25,ross,Ingreso CONTRASEÑA,Busca tabla invitado
*************
13/12/2023 22:30:58,,Ingreso USUARIO,Busca tabla invitado
*************
13/12/2023 22:30:59,ross,Ingreso CONTRASEÑA,Busca tabla invitado
*************
13/12/2023 22:49:32,,Ingreso USUARIO,Busca tabla invitado
*************
13/12/2023 22:49:33,ross,Ingreso CONTRASEÑA,Busca tabla invitado
*************
13/12/2023 22:52:40,,Ingreso USUARIO,Busca tabla invitado
*************
13/12/2023 22:52:40,ross,Ingreso CONTRASEÑA,Busca tabla invitado
*************
19/12/2023 18:21:01,,Ingreso USUARIO,Busca tabla invitado
*************
19/12/2023 18:21:02,ross,Ingreso CONTRASEÑA,Busca tabla invitado
*************
19/12/2023 18:21:44,ross,Nuevo Pedido PRE CARGA,NORMAL/12
*************
19/12/2023 19:18:57,,Ingreso USUARIO,Busca tabla invitado
*************
19/12/2023 19:18:58,ross,Ingreso CONTRASEÑA,Busca tabla invitado
*************
19/12/2023 19:37:17,,Ingreso USUARIO,Busca tabla invitado
*************
19/12/2023 19:37:18,ross,Ingreso CONTRASEÑA,Busca tabla invitado
*************
19/12/2023 19:41:11,,Ingreso USUARIO,Busca tabla invitado
*************
19/12/2023 19:41:12,ross,Ingreso CONTRASEÑA,Busca tabla invitado
*************
19/12/2023 19:50:02,,Ingreso USUARIO,Busca tabla invitado
*************
19/12/2023 19:50:02,ross,Ingreso CONTRASEÑA,Busca tabla invitado
*************
19/12/2023 20:19:45,,Ingreso USUARIO,Busca tabla invitado
*************
19/12/2023 20:19:46,ross,Ingreso CONTRASEÑA,Busca tabla invitado
*************
19/12/2023 20:20:35,,Ingreso USUARIO,Busca tabla invitado
*************
19/12/2023 20:20:36,ross,Ingreso CONTRASEÑA,Busca tabla invitado
*************
19/12/2023 20:24:32,,Ingreso USUARIO,Busca tabla invitado
*************
19/12/2023 20:24:33,ross,Ingreso CONTRASEÑA,Busca tabla invitado
*************
20/12/2023 9:45:29,,Ingreso USUARIO,Busca tabla invitado
*************
20/12/2023 9:45:30,ross,Ingreso CONTRASEÑA,Busca tabla invitado
*************
24/12/2023 9:11:39,,Ingreso USUARIO,Busca tabla invitado
*************
24/12/2023 9:11:39,ross,Ingreso CONTRASEÑA,Busca tabla invitado
*************
