05/09/2017 7:10:16,,Ingreso USUARIO,Busca tabla invitado
*************
05/09/2017 7:10:18,,Ingreso CONTRASEÑA FALLIDO,
*************
05/09/2017 7:10:18,,Ingreso CONTRASEÑA,Busca tabla invitado
*************
05/09/2017 7:10:19,ross,Ingreso CONTRASEÑA,Busca tabla invitado
*************
05/09/2017 7:16:31,,Ingreso USUARIO,Busca tabla invitado
*************
05/09/2017 7:16:32,ross,Ingreso CONTRASEÑA,Busca tabla invitado
*************
05/09/2017 7:19:30,,Ingreso USUARIO,Busca tabla invitado
*************
05/09/2017 7:19:31,ross,Ingreso CONTRASEÑA,Busca tabla invitado
*************
05/09/2017 7:28:00,,Ingreso USUARIO,Busca tabla invitado
*************
05/09/2017 7:28:01,ross,Ingreso CONTRASEÑA,Busca tabla invitado
*************
05/09/2017 7:30:22,,Ingreso USUARIO,Busca tabla invitado
*************
05/09/2017 7:30:24,ross,Ingreso CONTRASEÑA,Busca tabla invitado
*************
05/09/2017 7:33:41,,Ingreso USUARIO,Busca tabla invitado
*************
05/09/2017 7:33:42,ross,Ingreso CONTRASEÑA,Busca tabla invitado
*************
05/09/2017 7:36:12,,Ingreso USUARIO,Busca tabla invitado
*************
05/09/2017 7:36:13,ross,Ingreso CONTRASEÑA,Busca tabla invitado
*************
02/09/2017 12:34:39,,Ingreso USUARIO,Busca tabla invitado
*************
02/09/2017 12:34:40,ross,Ingreso CONTRASEÑA,Busca tabla invitado
*************
05/09/2017 17:02:12,,Ingreso USUARIO,Busca tabla invitado
*************
05/09/2017 17:02:13,ross,Ingreso CONTRASEÑA,Busca tabla invitado
*************
05/09/2017 17:02:23,ross,IMPRIME TODO,PEDIDO=586
*************
05/09/2017 17:05:29,,Ingreso USUARIO,Busca tabla invitado
*************
05/09/2017 17:05:30,ross,Ingreso CONTRASEÑA,Busca tabla invitado
*************
05/09/2017 17:05:38,ross,IMPRIME TODO,PEDIDO=584
*************
07/09/2017 15:36:14,,Ingreso USUARIO,Busca tabla invitado
*************
07/09/2017 15:36:14,ross,Ingreso CONTRASEÑA,Busca tabla invitado
*************
07/09/2017 15:36:32,ross,IMPRIME TODO,PEDIDO=587
*************
07/09/2017 16:06:57,,Ingreso USUARIO,Busca tabla invitado
*************
07/09/2017 16:06:58,ross,Ingreso CONTRASEÑA,Busca tabla invitado
*************
07/09/2017 16:10:47,,Ingreso USUARIO,Busca tabla invitado
*************
07/09/2017 16:10:48,ross,Ingreso CONTRASEÑA,Busca tabla invitado
*************
07/09/2017 16:12:22,,Ingreso USUARIO,Busca tabla invitado
*************
07/09/2017 16:12:24,ross,Ingreso CONTRASEÑA,Busca tabla invitado
*************
07/09/2017 16:25:37,,Ingreso USUARIO,Busca tabla invitado
*************
07/09/2017 16:25:42,,Ingreso CONTRASEÑA FALLIDO,
*************
07/09/2017 16:25:42,,Ingreso CONTRASEÑA,Busca tabla invitado
*************
07/09/2017 16:25:44,ross,Ingreso CONTRASEÑA,Busca tabla invitado
*************
07/09/2017 16:29:17,,Ingreso USUARIO,Busca tabla invitado
*************
07/09/2017 16:29:18,ross,Ingreso CONTRASEÑA,Busca tabla invitado
*************
07/09/2017 16:34:53,,Ingreso USUARIO,Busca tabla invitado
*************
07/09/2017 16:34:54,ross,Ingreso CONTRASEÑA,Busca tabla invitado
*************
13/09/2017 8:59:23,,Ingreso USUARIO,Busca tabla invitado
*************
13/09/2017 8:59:25,ross,Ingreso CONTRASEÑA,Busca tabla invitado
*************
13/09/2017 9:09:11,ross,Nuevo Convenio,Convenio=MIO
*************
13/09/2017 9:10:27,ross,Eliminar Convenio,Convenio0MIO
*************
13/09/2017 9:42:36,,Ingreso USUARIO,Busca tabla invitado
*************
13/09/2017 9:42:38,ross,Ingreso CONTRASEÑA,Busca tabla invitado
*************
13/09/2017 9:42:54,ross,Nuevo Convenio,Convenio=ROSS
*************
13/09/2017 10:03:41,,Ingreso USUARIO,Busca tabla invitado
*************
13/09/2017 10:03:42,ross,Ingreso CONTRASEÑA,Busca tabla invitado
*************
13/09/2017 10:03:59,ross,Nuevo Convenio,Convenio=rossvan
*************
13/09/2017 10:06:35,,Ingreso USUARIO,Busca tabla invitado
*************
13/09/2017 10:08:18,,Ingreso CONTRASEÑA FALLIDO,
*************
13/09/2017 10:08:18,,Ingreso CONTRASEÑA,Busca tabla invitado
*************
13/09/2017 10:08:19,ross,Ingreso CONTRASEÑA,Busca tabla invitado
*************
13/09/2017 10:08:34,ross,Nuevo Convenio,Convenio=COMANDATO
*************
13/09/2017 10:21:28,,Ingreso USUARIO,Busca tabla invitado
*************
13/09/2017 10:21:30,ross,Ingreso CONTRASEÑA,Busca tabla invitado
*************
13/09/2017 10:21:47,ross,Nuevo Convenio,Convenio=COMANDATO
*************
13/09/2017 10:42:31,,Ingreso USUARIO,Busca tabla invitado
*************
13/09/2017 10:42:32,ross,Ingreso CONTRASEÑA,Busca tabla invitado
*************
13/09/2017 10:44:49,ross,Nuevo Convenio,Convenio=COMANDATO
*************
13/09/2017 10:59:58,,Ingreso USUARIO,Busca tabla invitado
*************
13/09/2017 10:59:59,ross,Ingreso CONTRASEÑA,Busca tabla invitado
*************
13/09/2017 11:01:01,ross,Nuevo Convenio,Convenio=COMANDATO
*************
13/09/2017 11:03:19,ross,Nuevo Convenio,Convenio=SIS
*************
13/09/2017 11:09:47,,Ingreso USUARIO,Busca tabla invitado
*************
13/09/2017 11:09:48,ross,Ingreso CONTRASEÑA,Busca tabla invitado
*************
13/09/2017 11:10:32,ross,Nuevo Convenio,Convenio=SIS
*************
13/09/2017 11:20:25,,Ingreso USUARIO,Busca tabla invitado
*************
13/09/2017 11:20:26,ross,Ingreso CONTRASEÑA,Busca tabla invitado
*************
13/09/2017 11:20:38,ross,Nuevo Convenio,Convenio=SIS
*************
13/09/2017 11:33:28,,Ingreso USUARIO,Busca tabla invitado
*************
13/09/2017 11:33:30,ross,Ingreso CONTRASEÑA,Busca tabla invitado
*************
13/09/2017 11:33:49,ross,Nuevo Convenio,Convenio=ENLACE
*************
13/09/2017 11:35:10,ross,Nuevo Convenio,Convenio=URGENCIAS
*************
13/09/2017 11:44:21,ross,Eliminar Laboratorio,Laboratorio=3
*************
13/09/2017 11:45:36,ross,Nuevo Laboratorio,Laboratorio=ENLACE  LAB
*************
13/09/2017 11:55:55,,Ingreso USUARIO,Busca tabla invitado
*************
13/09/2017 11:55:56,ross,Ingreso CONTRASEÑA,Busca tabla invitado
*************
13/09/2017 12:07:22,,Ingreso USUARIO,Busca tabla invitado
*************
13/09/2017 12:07:23,ross,Ingreso CONTRASEÑA,Busca tabla invitado
*************
13/09/2017 13:47:02,,Ingreso USUARIO,Busca tabla invitado
*************
13/09/2017 13:47:03,ross,Ingreso CONTRASEÑA,Busca tabla invitado
*************
13/09/2017 13:48:09,ross,Actualiza Test,Test=ELECTROFORESIS DE PROTEINAS 
*************
13/09/2017 14:07:45,,Ingreso USUARIO,Busca tabla invitado
*************
13/09/2017 14:07:46,ross,Ingreso CONTRASEÑA,Busca tabla invitado
*************
13/09/2017 14:10:29,,Ingreso USUARIO,Busca tabla invitado
*************
13/09/2017 14:10:30,ross,Ingreso CONTRASEÑA,Busca tabla invitado
*************
13/09/2017 14:11:30,ross,Actualiza Test,Test=ELECTROFORESIS DE PROTEINAS 
*************
13/09/2017 14:13:44,ross,Nuevo Test en Lista de Precios,Test=573 0  ENLACE
*************
13/09/2017 14:13:44,ross,Nuevo Test en Lista de Precios,Test=573 0  URGENCIAS
*************
13/09/2017 14:13:44,ross,INGERSA TEST,TEST=ALBUMINA (ELECTROFOR)
*************
13/09/2017 14:13:55,ross,Actualiza Test,Test=ALBUMINA (ELECTROFOR)
*************
13/09/2017 14:18:42,,Ingreso USUARIO,Busca tabla invitado
*************
13/09/2017 14:18:43,ross,Ingreso CONTRASEÑA,Busca tabla invitado
*************
13/09/2017 14:25:36,,Ingreso USUARIO,Busca tabla invitado
*************
13/09/2017 14:25:37,ross,Ingreso CONTRASEÑA,Busca tabla invitado
*************
13/09/2017 14:30:58,,Ingreso USUARIO,Busca tabla invitado
*************
13/09/2017 14:30:59,ross,Ingreso CONTRASEÑA,Busca tabla invitado
*************
13/09/2017 14:32:01,ross,Nuevo Test en Lista de Precios,Test=400541 0  ENLACE
*************
13/09/2017 14:32:01,ross,Nuevo Test en Lista de Precios,Test=400541 0  URGENCIAS
*************
13/09/2017 14:32:01,ross,INGERSA TEST,TEST=ALFA 1
*************
13/09/2017 14:35:31,,Ingreso USUARIO,Busca tabla invitado
*************
13/09/2017 14:35:32,ross,Ingreso CONTRASEÑA,Busca tabla invitado
*************
13/09/2017 14:38:40,,Ingreso USUARIO,Busca tabla invitado
*************
13/09/2017 14:38:41,ross,Ingreso CONTRASEÑA,Busca tabla invitado
*************
13/09/2017 14:47:23,,Ingreso USUARIO,Busca tabla invitado
*************
13/09/2017 14:47:24,ross,Ingreso CONTRASEÑA,Busca tabla invitado
*************
13/09/2017 14:48:44,ross,Actualiza Test,Test=ALFA 1
*************
13/09/2017 14:49:34,ross,Nuevo Test en Lista de Precios,Test=400541 0  ENLACE
*************
13/09/2017 14:49:34,ross,Nuevo Test en Lista de Precios,Test=400541 0  URGENCIAS
*************
13/09/2017 14:49:34,ross,INGERSA TEST,TEST=ALFA 2
*************
13/09/2017 14:49:35,ross,Actualiza Test,Test=ALFA 2
*************
13/09/2017 14:54:27,,Ingreso USUARIO,Busca tabla invitado
*************
13/09/2017 14:54:28,ross,Ingreso CONTRASEÑA,Busca tabla invitado
*************
13/09/2017 14:55:39,ross,Nuevo Test en Lista de Precios,Test=576 0  ENLACE
*************
13/09/2017 14:55:41,ross,Nuevo Test en Lista de Precios,Test=576 0  URGENCIAS
*************
13/09/2017 14:55:43,ross,INGERSA TEST,TEST=BETA 1
*************
13/09/2017 14:56:12,ross,Actualiza Test,Test=BETA 1
*************
13/09/2017 14:57:10,ross,Nuevo Test en Lista de Precios,Test=577 0  ENLACE
*************
13/09/2017 14:57:10,ross,Nuevo Test en Lista de Precios,Test=577 0  URGENCIAS
*************
13/09/2017 14:57:10,ross,INGERSA TEST,TEST=BETA 2
*************
13/09/2017 14:57:11,ross,Actualiza Test,Test=BETA 2
*************
13/09/2017 14:58:07,ross,Nuevo Test en Lista de Precios,Test=578 0  ENLACE
*************
13/09/2017 14:58:07,ross,Nuevo Test en Lista de Precios,Test=578 0  URGENCIAS
*************
13/09/2017 14:58:07,ross,INGERSA TEST,TEST=GAMMA (ELECTROFOR)
*************
13/09/2017 14:58:08,ross,Actualiza Test,Test=GAMMA (ELECTROFOR)
*************
13/09/2017 15:01:58,,Ingreso USUARIO,Busca tabla invitado
*************
13/09/2017 15:01:58,ross,Ingreso CONTRASEÑA,Busca tabla invitado
*************
13/09/2017 15:03:22,ross,Nuevo Test en Lista de Precios,Test=579 0  ENLACE
*************
13/09/2017 15:03:22,ross,Nuevo Test en Lista de Precios,Test=579 0  URGENCIAS
*************
13/09/2017 15:03:22,ross,INGERSA TEST,TEST=REL. ALBUMINA/GLOBULINA
*************
13/09/2017 15:03:23,ross,Actualiza Test,Test=REL. ALBUMINA/GLOBULINA
*************
13/09/2017 15:05:43,ross,Nuevo Test en Lista de Precios,Test=400911 0  ENLACE
*************
13/09/2017 15:05:45,ross,Nuevo Test en Lista de Precios,Test=400911 0  URGENCIAS
*************
13/09/2017 15:05:45,ross,INGERSA TEST,TEST=MI TEST
*************
13/09/2017 15:06:17,ross,Actualiza Test,Test=MI TEST
*************
13/09/2017 15:09:51,ross,Actualiza Test,Test=GAMMA (ELECTROFOR)
*************
13/09/2017 15:10:11,ross,Eliminar Test,TEST=400911
*************
13/09/2017 15:10:40,ross,1 GENERAR ORDEN,PEDIDO=588
*************
13/09/2017 15:15:54,ross,Generar Paciente,Paciente=MORALES FREIRE MARIA DEL CARMEN
*************
13/09/2017 15:16:12,ross,1 GENERAR ORDEN,PEDIDO=589
*************
13/09/2017 15:29:48,,Ingreso USUARIO,Busca tabla invitado
*************
13/09/2017 15:29:49,ross,Ingreso CONTRASEÑA,Busca tabla invitado
*************
13/09/2017 15:30:23,ross,GUARDA RESULTADOS,ALB_ELEC=1
*************
13/09/2017 15:30:23,ross,GUARDA RESULTADOS,ALFA1_ELEC=2
*************
13/09/2017 15:30:23,ross,GUARDA RESULTADOS,ALFA2_ELEC=3
*************
13/09/2017 15:30:23,ross,GUARDA RESULTADOS,BETA1_ELEC=4
*************
13/09/2017 15:30:23,ross,GUARDA RESULTADOS,BETA2_ELEC=5
*************
13/09/2017 15:30:23,ross,GUARDA RESULTADOS,GAMMA_ELEC=6
*************
13/09/2017 15:30:23,ross,GUARDA RESULTADOS,REL_ALB_GLB=7
*************
13/09/2017 15:30:28,ross,GUARDA RESULTADOS,E_PROTS=MEMO
*************
13/09/2017 15:30:30,ross,VALIDACION RESULTADO,PEDIDO=589/400541
*************
13/09/2017 15:31:04,ross,IMPRIME TODO,PEDIDO=589
*************
13/09/2017 15:32:08,ross,IMPRIME TODO,PEDIDO=589
*************
14/09/2017 14:57:37,,Ingreso USUARIO,Busca tabla invitado
*************
14/09/2017 14:57:37,ross,Ingreso CONTRASEÑA,Busca tabla invitado
*************
14/09/2017 14:58:33,,Ingreso USUARIO,Busca tabla invitado
*************
14/09/2017 14:58:34,ross,Ingreso CONTRASEÑA,Busca tabla invitado
*************
14/09/2017 15:00:42,ross,Actualiza Test,Test=ELECTROFORESIS DE PROTEINAS 
*************
14/09/2017 15:01:21,ross,Actualiza Test,Test=ELECTROFORESIS DE PROTEINAS 
*************
15/09/2017 16:55:45,,Ingreso USUARIO,Busca tabla invitado
*************
16/09/2017 15:36:14,,Ingreso USUARIO,Busca tabla invitado
*************
16/09/2017 15:36:17,ross,Ingreso CONTRASEÑA,Busca tabla invitado
*************
17/09/2017 9:21:02,,Ingreso USUARIO,Busca tabla invitado
*************
17/09/2017 9:21:02,ross,Ingreso CONTRASEÑA,Busca tabla invitado
*************
17/09/2017 9:24:47,,Ingreso USUARIO,Busca tabla invitado
*************
17/09/2017 9:24:48,ross,Ingreso CONTRASEÑA,Busca tabla invitado
*************
17/09/2017 9:36:59,,Ingreso USUARIO,Busca tabla invitado
*************
17/09/2017 9:37:00,ross,Ingreso CONTRASEÑA,Busca tabla invitado
*************
17/09/2017 9:37:12,ross,1 GENERAR ORDEN,PEDIDO=590
*************
22/09/2017 15:19:34,,Ingreso USUARIO,Busca tabla invitado
*************
22/09/2017 15:19:34,ross,Ingreso CONTRASEÑA,Busca tabla invitado
*************
22/09/2017 15:23:28,ross,Actualiza Test,Test=FRESCO
*************
22/09/2017 15:25:01,ross,Nuevo Test en Lista de Precios,Test=580 0  ENLACE
*************
22/09/2017 15:25:01,ross,Nuevo Test en Lista de Precios,Test=580 0  URGENCIAS
*************
22/09/2017 15:25:01,ross,INGERSA TEST,TEST=CELULAS
*************
22/09/2017 15:25:01,ross,Actualiza Test,Test=CELULAS
*************
22/09/2017 15:26:16,ross,Actualiza Test,Test=CELULAS
*************
22/09/2017 15:27:02,ross,Nuevo Test en Lista de Precios,Test=581 0  ENLACE
*************
22/09/2017 15:27:02,ross,Nuevo Test en Lista de Precios,Test=581 0  URGENCIAS
*************
22/09/2017 15:27:02,ross,INGERSA TEST,TEST=PIOCITOS (CV)
*************
22/09/2017 15:27:02,ross,Actualiza Test,Test=PIOCITOS (CV)
*************
22/09/2017 15:27:47,ross,Nuevo Test en Lista de Precios,Test=582 0  ENLACE
*************
22/09/2017 15:27:47,ross,Nuevo Test en Lista de Precios,Test=582 0  URGENCIAS
*************
22/09/2017 15:27:47,ross,INGERSA TEST,TEST=HEMATIES (CV)
*************
22/09/2017 15:27:47,ross,Actualiza Test,Test=HEMATIES (CV)
*************
22/09/2017 15:28:37,ross,Nuevo Test en Lista de Precios,Test=583 0  ENLACE
*************
22/09/2017 15:28:37,ross,Nuevo Test en Lista de Precios,Test=583 0  URGENCIAS
*************
22/09/2017 15:28:37,ross,INGERSA TEST,TEST=BACTERIAS
*************
22/09/2017 15:28:37,ross,Actualiza Test,Test=BACTERIAS
*************
22/09/2017 15:29:55,ross,Nuevo Test en Lista de Precios,Test=584 0  ENLACE
*************
22/09/2017 15:29:55,ross,Nuevo Test en Lista de Precios,Test=584 0  URGENCIAS
*************
22/09/2017 15:29:55,ross,INGERSA TEST,TEST=GRAM (CV)
*************
22/09/2017 15:29:55,ross,Actualiza Test,Test=GRAM (CV)
*************
22/09/2017 15:31:03,ross,Nuevo Test en Lista de Precios,Test=585 0  ENLACE
*************
22/09/2017 15:31:03,ross,Nuevo Test en Lista de Precios,Test=585 0  URGENCIAS
*************
22/09/2017 15:31:03,ross,INGERSA TEST,TEST=COCOS GRAM POSITIVOS
*************
22/09/2017 15:31:03,ross,Actualiza Test,Test=COCOS GRAM POSITIVOS
*************
22/09/2017 15:32:58,,Ingreso USUARIO,Busca tabla invitado
*************
22/09/2017 15:32:59,ross,Ingreso CONTRASEÑA,Busca tabla invitado
*************
22/09/2017 15:35:08,ross,Actualiza Test,Test=FRESCO (CV)
*************
22/09/2017 15:36:20,ross,1 GENERAR ORDEN,PEDIDO=593
*************
22/09/2017 15:36:52,ross,Actualiza Test,Test=CITOLOGIA VAGINAL
*************
22/09/2017 15:38:48,ross,Actualiza Test,Test=CELULAS (CV)
*************
22/09/2017 15:39:18,ross,Actualiza Test,Test=BACTERIAS (CV)
*************
22/09/2017 15:39:37,ross,Guardar palabra,PALABRA=NEGATIVO
*************
22/09/2017 15:39:43,ross,Guardar palabra,PALABRA=+
*************
22/09/2017 15:39:47,ross,Guardar palabra,PALABRA=++
*************
22/09/2017 15:39:53,ross,Guardar palabra,PALABRA=+++
*************
22/09/2017 15:40:06,ross,Guardar palabra,PALABRA=NEGATIVO
*************
22/09/2017 15:40:11,ross,Guardar palabra,PALABRA=+
*************
22/09/2017 15:40:15,ross,Guardar palabra,PALABRA=++
*************
22/09/2017 15:40:20,ross,Guardar palabra,PALABRA=+++
*************
22/09/2017 15:41:40,ross,GUARDA RESULTADOS,CV_CELS=30-35
*************
22/09/2017 15:41:40,ross,GUARDA RESULTADOS,CV_PIOS=1-3
*************
22/09/2017 15:41:40,ross,GUARDA RESULTADOS,CV_HEM=2-4
*************
22/09/2017 15:41:40,ross,GUARDA RESULTADOS,CV_BCT=++
*************
22/09/2017 15:41:40,ross,GUARDA RESULTADOS,CV_COCOS=NEGATIVO
*************
22/09/2017 15:41:45,ross,GUARDA RESULTADOS,CVAG=MEMO
*************
22/09/2017 15:41:47,ross,VALIDACION RESULTADO,PEDIDO=593/400775
*************
22/09/2017 15:42:00,ross,IMPRIME TODO,PEDIDO=593
*************
22/09/2017 15:56:42,,Ingreso USUARIO,Busca tabla invitado
*************
22/09/2017 15:56:44,ross,Ingreso CONTRASEÑA,Busca tabla invitado
*************
22/09/2017 15:56:57,ross,IMPRIME TODO,PEDIDO=593
*************
22/09/2017 15:57:05,ross,IMPRIME POR AREA,PEDIDO=593
*************
22/09/2017 15:57:09,ross,IMPRIME SOBRE,PEDIDO=593
*************
22/09/2017 16:47:14,,Ingreso USUARIO,Busca tabla invitado
*************
22/09/2017 16:47:15,ross,Ingreso CONTRASEÑA,Busca tabla invitado
*************
25/09/2017 15:26:42,,Ingreso USUARIO,Busca tabla invitado
*************
25/09/2017 15:26:42,ross,Ingreso CONTRASEÑA,Busca tabla invitado
*************
25/09/2017 15:27:14,ross,Generar Paciente,Paciente=PACIENTE DE PRUEBA MUJER
*************
25/09/2017 15:27:24,ross,1 GENERAR ORDEN,PEDIDO=596
*************
25/09/2017 16:09:38,ross,1 GENERAR ORDEN,PEDIDO=597
*************
25/09/2017 16:10:16,ross,1 GENERAR ORDEN,PEDIDO=598
*************
25/09/2017 16:15:03,,Ingreso USUARIO,Busca tabla invitado
*************
25/09/2017 16:15:05,ross,Ingreso CONTRASEÑA,Busca tabla invitado
*************
25/09/2017 16:16:53,,Ingreso USUARIO,Busca tabla invitado
*************
25/09/2017 16:16:55,ross,Ingreso CONTRASEÑA,Busca tabla invitado
*************
25/09/2017 16:23:23,,Ingreso USUARIO,Busca tabla invitado
*************
25/09/2017 16:23:25,ross,Ingreso CONTRASEÑA,Busca tabla invitado
*************
25/09/2017 16:27:12,ross,1 GENERAR ORDEN,PEDIDO=599
*************
25/09/2017 16:29:08,ross,GUARDA RESULTADOS,WBC=3
*************
25/09/2017 16:29:08,ross,GUARDA RESULTADOS,NEU=3
*************
25/09/2017 16:29:08,ross,GUARDA RESULTADOS,LYM=3
*************
25/09/2017 16:29:08,ross,GUARDA RESULTADOS,MONO=3
*************
25/09/2017 16:29:08,ross,GUARDA RESULTADOS,EOS=3
*************
25/09/2017 16:29:08,ross,GUARDA RESULTADOS,BASO=3
*************
25/09/2017 16:29:08,ross,GUARDA RESULTADOS,NEU%25=3
*************
25/09/2017 16:29:09,ross,GUARDA RESULTADOS,LYM%25=3
*************
25/09/2017 16:29:09,ross,GUARDA RESULTADOS,MONO%25=3
*************
25/09/2017 16:29:09,ross,GUARDA RESULTADOS,EOS%25=3
*************
25/09/2017 16:29:09,ross,GUARDA RESULTADOS,BASO%25=3
*************
25/09/2017 16:29:09,ross,GUARDA RESULTADOS,RBC=3
*************
25/09/2017 16:29:09,ross,GUARDA RESULTADOS,HCT=3
*************
25/09/2017 16:29:09,ross,GUARDA RESULTADOS,HGB=3
*************
25/09/2017 16:29:09,ross,GUARDA RESULTADOS,MCV=3
*************
25/09/2017 16:29:09,ross,GUARDA RESULTADOS,MCH=3
*************
25/09/2017 16:29:09,ross,GUARDA RESULTADOS,MCHC=3
*************
25/09/2017 16:29:09,ross,GUARDA RESULTADOS,PLT=3
*************
25/09/2017 16:29:09,ross,GUARDA RESULTADOS,PDW=3
*************
25/09/2017 16:29:09,ross,GUARDA RESULTADOS,MPV=3
*************
25/09/2017 16:29:09,ross,GUARDA RESULTADOS,PCT=3
*************
25/09/2017 16:29:09,ross,GUARDA RESULTADOS,RDW_SD=3
*************
25/09/2017 16:29:09,ross,GUARDA RESULTADOS,RDW_CV=3
*************
25/09/2017 16:29:13,ross,GUARDA RESULTADOS,BIOMETRIA HEMATICA=MEMO
*************
25/09/2017 16:29:14,ross,VALIDACION RESULTADO,PEDIDO=599/400101
*************
25/09/2017 16:29:33,ross,IMPRIME TODO,PEDIDO=599
*************
25/09/2017 16:52:08,,Ingreso USUARIO,Busca tabla invitado
*************
25/09/2017 16:52:09,ross,Ingreso CONTRASEÑA,Busca tabla invitado
*************
25/09/2017 16:52:30,ross,Generar Paciente,Paciente=PACIENTE PRUEBA RN
*************
25/09/2017 16:54:18,ross,Generar Paciente,Paciente=PACIENTE PRUEBA NIÑO
*************
25/09/2017 16:57:24,,Ingreso USUARIO,Busca tabla invitado
*************
25/09/2017 16:57:25,ross,Ingreso CONTRASEÑA,Busca tabla invitado
*************
25/09/2017 16:57:53,ross,Generar Paciente,Paciente=PACIENTE PRUEBA NIÑA
*************
25/09/2017 16:58:32,ross,1 GENERAR ORDEN,PEDIDO=600
*************
26/09/2017 9:35:01,,Ingreso USUARIO,Busca tabla invitado
*************
26/09/2017 9:35:02,ross,Ingreso CONTRASEÑA,Busca tabla invitado
*************
26/09/2017 9:36:17,ross,1 GENERAR ORDEN,PEDIDO=601
*************
26/09/2017 9:37:21,ross,GUARDA RESULTADOS,MUECULORI=ORINA
*************
26/09/2017 9:37:21,ross,GUARDA RESULTADOS,CONCOLORI=12
*************
26/09/2017 9:37:21,ross,GUARDA RESULTADOS,GERAISORI=ESCHERICHA COLI
*************
26/09/2017 9:37:21,ross,GUARDA RESULTADOS,OBSCULORI=NA
*************
26/09/2017 9:37:21,ross,GUARDA ANTIBIOGRANA,ACIDO NALIDIXICO=RESISTENTE
*************
26/09/2017 9:37:21,ross,GUARDA ANTIBIOGRANA,AMIKACINA=RESISTENTE
*************
26/09/2017 9:37:21,ross,GUARDA ANTIBIOGRANA,AMPI + SULBACTAM=SENSIBLE
*************
26/09/2017 9:37:22,ross,GUARDA ANTIBIOGRANA,IMIPENEM=SENSIBLE
*************
26/09/2017 9:37:25,ross,GUARDA RESULTADOS,C_ORINA=MEMO
*************
26/09/2017 9:37:27,ross,VALIDACION RESULTADO,PEDIDO=601/400819
*************
26/09/2017 9:39:17,ross,IMPRIME TODO,PEDIDO=601
*************
29/09/2017 14:36:13,,Ingreso USUARIO,Busca tabla invitado
*************
29/09/2017 14:36:13,ross,Ingreso CONTRASEÑA,Busca tabla invitado
*************
29/09/2017 14:36:43,ross,1 GENERAR ORDEN,PEDIDO=602
*************
