12/06/2018 9:49:11,,Ingreso USUARIO,Busca tabla invitado
*************
12/06/2018 9:49:13,ross,Ingreso CONTRASEÑA,Busca tabla invitado
*************
12/06/2018 9:53:34,,Ingreso USUARIO,Busca tabla invitado
*************
12/06/2018 9:53:36,ross,Ingreso CONTRASEÑA,Busca tabla invitado
*************
12/06/2018 9:57:00,,Ingreso USUARIO,Busca tabla invitado
*************
12/06/2018 9:57:02,ross,Ingreso CONTRASEÑA,Busca tabla invitado
*************
12/06/2018 10:05:52,,Ingreso USUARIO,Busca tabla invitado
*************
12/06/2018 10:05:55,ross,Ingreso CONTRASEÑA,Busca tabla invitado
*************
12/06/2018 10:54:28,,Ingreso USUARIO,Busca tabla invitado
*************
12/06/2018 10:54:30,ross,Ingreso CONTRASEÑA,Busca tabla invitado
*************
12/06/2018 10:54:54,ross,1 GENERAR ORDEN,PEDIDO=15
*************
12/06/2018 10:55:16,ross,1 GENERAR ORDEN,PEDIDO=16
*************
12/06/2018 10:55:43,ross,1 GENERAR ORDEN,PEDIDO=17
*************
12/06/2018 11:16:19,ross,IMPRIMIR HOJA TRABAJO,
*************
12/06/2018 11:16:54,ross,IMPRIMIR HOJA TRABAJO,
*************
12/06/2018 11:17:23,ross,IMPRIMIR HOJA TRABAJO,
*************
12/06/2018 11:18:40,,Ingreso USUARIO,Busca tabla invitado
*************
12/06/2018 11:18:41,ross,Ingreso CONTRASEÑA,Busca tabla invitado
*************
12/06/2018 11:20:18,ross,Generar Paciente,Paciente=GOMEZ PEDRO
*************
12/06/2018 11:20:35,ross,1 MODIFICA ORDEN,PEDIDO=17
*************
12/06/2018 11:24:34,ross,IMPRIMIR HOJA TRABAJO,
*************
12/06/2018 11:30:52,ross,IMPRIMIR HOJA TRABAJO,
*************
12/06/2018 11:31:21,ross,IMPRIMIR HOJA TRABAJO,
*************
12/06/2018 11:32:37,ross,IMPRIMIR HOJA TRABAJO,
*************
12/06/2018 11:36:23,ross,IMPRIMIR HOJA TRABAJO,
*************
12/06/2018 11:56:00,,Ingreso USUARIO,Busca tabla invitado
*************
12/06/2018 11:56:02,ross,Ingreso CONTRASEÑA,Busca tabla invitado
*************
12/06/2018 12:17:47,,Ingreso USUARIO,Busca tabla invitado
*************
12/06/2018 12:17:49,ross,Ingreso CONTRASEÑA,Busca tabla invitado
*************
12/06/2018 12:22:42,,Ingreso USUARIO,Busca tabla invitado
*************
12/06/2018 12:22:43,ross,Ingreso CONTRASEÑA,Busca tabla invitado
*************
12/06/2018 12:24:43,,Ingreso USUARIO,Busca tabla invitado
*************
12/06/2018 12:24:44,ross,Ingreso CONTRASEÑA,Busca tabla invitado
*************
12/06/2018 14:14:21,ross,IMPRIMIR HOJA TRABAJO,
*************
12/06/2018 14:16:15,,Ingreso USUARIO,Busca tabla invitado
*************
12/06/2018 14:16:16,ross,Ingreso CONTRASEÑA,Busca tabla invitado
*************
12/06/2018 14:22:14,,Ingreso USUARIO,Busca tabla invitado
*************
12/06/2018 14:22:15,ross,Ingreso CONTRASEÑA,Busca tabla invitado
*************
12/06/2018 14:29:57,,Ingreso USUARIO,Busca tabla invitado
*************
12/06/2018 14:30:00,ross,Ingreso CONTRASEÑA,Busca tabla invitado
*************
12/06/2018 14:30:13,ross,IMPRIMIR HOJA TRABAJO,
*************
12/06/2018 14:30:28,ross,IMPRIMIR HOJA TRABAJO,
*************
12/06/2018 14:30:40,ross,IMPRIMIR CONTRAORDEN,
*************
12/06/2018 14:30:45,ross,IMPRIMIR CONTRAORDEN,
*************
12/06/2018 14:31:00,ross,IMPRIMIR LISTA TRABAJO,
*************
12/06/2018 14:46:03,,Ingreso USUARIO,Busca tabla invitado
*************
12/06/2018 14:46:05,ross,Ingreso CONTRASEÑA,Busca tabla invitado
*************
12/06/2018 14:46:22,ross,IMPRIMIR HOJA TRABAJO,
*************
12/06/2018 14:46:29,ross,IMPRIMIR LISTA TRABAJO,
*************
12/06/2018 14:48:18,,Ingreso USUARIO,Busca tabla invitado
*************
12/06/2018 14:48:20,ross,Ingreso CONTRASEÑA,Busca tabla invitado
*************
12/06/2018 14:49:28,ross,Generar Paciente,Paciente=TERAL PAREDES PATRICIO EDUARDO
*************
12/06/2018 14:49:52,ross,1 GENERAR ORDEN,PEDIDO=18
*************
12/06/2018 14:51:58,,Ingreso USUARIO,Busca tabla invitado
*************
12/06/2018 14:51:59,ross,Ingreso CONTRASEÑA,Busca tabla invitado
*************
12/06/2018 14:53:38,,Ingreso USUARIO,Busca tabla invitado
*************
12/06/2018 14:53:39,ross,Ingreso CONTRASEÑA,Busca tabla invitado
*************
12/06/2018 14:54:53,,Ingreso USUARIO,Busca tabla invitado
*************
12/06/2018 14:54:54,ross,Ingreso CONTRASEÑA,Busca tabla invitado
*************
12/06/2018 14:55:48,,Ingreso USUARIO,Busca tabla invitado
*************
12/06/2018 14:55:50,ross,Ingreso CONTRASEÑA,Busca tabla invitado
*************
12/06/2018 16:11:27,ross,1 GENERAR ORDEN,PEDIDO=19
*************
12/06/2018 16:33:03,,Ingreso USUARIO,Busca tabla invitado
*************
12/06/2018 16:33:04,ross,Ingreso CONTRASEÑA,Busca tabla invitado
*************
12/06/2018 16:47:59,,Ingreso USUARIO,Busca tabla invitado
*************
12/06/2018 16:48:00,ross,Ingreso CONTRASEÑA,Busca tabla invitado
*************
12/06/2018 16:48:43,ross,IMPRIMIR HOJA TRABAJO,
*************
13/06/2018 15:29:05,,Ingreso USUARIO,Busca tabla invitado
*************
15/06/2018 15:23:28,,Ingreso USUARIO,Busca tabla invitado
*************
15/06/2018 15:23:30,ross,Ingreso CONTRASEÑA,Busca tabla invitado
*************
15/06/2018 15:24:03,ross,IMPRIME TODO,PEDIDO=11
*************
15/06/2018 15:24:20,ross,IMPRIME POR AREA,PEDIDO=11
*************
15/06/2018 15:29:24,,Ingreso USUARIO,Busca tabla invitado
*************
15/06/2018 15:29:24,ross,Ingreso CONTRASEÑA,Busca tabla invitado
*************
15/06/2018 15:29:33,ross,IMPRIME POR AREA,PEDIDO=9
*************
15/06/2018 15:29:46,ross,IMPRIME POR AREA,PEDIDO=9
*************
18/06/2018 11:14:13,,Ingreso USUARIO,Busca tabla invitado
*************
18/06/2018 11:14:14,ross,Ingreso CONTRASEÑA,Busca tabla invitado
*************
18/06/2018 11:57:58,,Ingreso USUARIO,Busca tabla invitado
*************
18/06/2018 11:58:00,ross,Ingreso CONTRASEÑA,Busca tabla invitado
*************
18/06/2018 11:58:19,ross,IMPRIMIR HOJA TRABAJO,
*************
18/06/2018 12:00:08,,Ingreso USUARIO,Busca tabla invitado
*************
18/06/2018 12:00:08,ross,Ingreso CONTRASEÑA,Busca tabla invitado
*************
18/06/2018 12:09:43,ross,IMPRIMIR HOJA TRABAJO,
*************
18/06/2018 12:11:10,,Ingreso USUARIO,Busca tabla invitado
*************
18/06/2018 12:11:11,ross,Ingreso CONTRASEÑA,Busca tabla invitado
*************
18/06/2018 12:11:22,ross,IMPRIMIR HOJA TRABAJO,
*************
18/06/2018 12:12:44,,Ingreso USUARIO,Busca tabla invitado
*************
18/06/2018 12:12:46,ross,Ingreso CONTRASEÑA,Busca tabla invitado
*************
18/06/2018 12:12:57,ross,IMPRIMIR HOJA TRABAJO,
*************
18/06/2018 16:38:25,,Ingreso USUARIO,Busca tabla invitado
*************
18/06/2018 16:38:26,ross,Ingreso CONTRASEÑA,Busca tabla invitado
*************
19/06/2018 10:50:40,,Ingreso USUARIO,Busca tabla invitado
*************
19/06/2018 10:50:41,ross,Ingreso CONTRASEÑA,Busca tabla invitado
*************
19/06/2018 10:52:13,,Ingreso USUARIO,Busca tabla invitado
*************
19/06/2018 10:52:14,ross,Ingreso CONTRASEÑA,Busca tabla invitado
*************
19/06/2018 11:00:31,,Ingreso USUARIO,Busca tabla invitado
*************
19/06/2018 11:00:32,ross,Ingreso CONTRASEÑA,Busca tabla invitado
*************
19/06/2018 11:01:50,,Ingreso USUARIO,Busca tabla invitado
*************
19/06/2018 11:01:52,ross,Ingreso CONTRASEÑA,Busca tabla invitado
*************
19/06/2018 11:15:37,,Ingreso USUARIO,Busca tabla invitado
*************
19/06/2018 11:15:39,ross,Ingreso CONTRASEÑA,Busca tabla invitado
*************
19/06/2018 13:36:34,,Ingreso USUARIO,Busca tabla invitado
*************
19/06/2018 13:36:35,ross,Ingreso CONTRASEÑA,Busca tabla invitado
*************
19/06/2018 13:40:07,,Ingreso USUARIO,Busca tabla invitado
*************
19/06/2018 13:40:08,ross,Ingreso CONTRASEÑA,Busca tabla invitado
*************
19/06/2018 13:46:56,,Ingreso USUARIO,Busca tabla invitado
*************
19/06/2018 13:47:00,ross,Ingreso CONTRASEÑA,Busca tabla invitado
*************
19/06/2018 13:49:25,ross,Generar Paciente,Paciente=MORAN FUENTES JOSE PEPITO
*************
19/06/2018 14:03:17,,Ingreso USUARIO,Busca tabla invitado
*************
19/06/2018 14:03:18,ross,Ingreso CONTRASEÑA,Busca tabla invitado
*************
19/06/2018 14:04:36,ross,1 GENERAR ORDEN,PEDIDO=20
*************
19/06/2018 14:14:30,,Ingreso USUARIO,Busca tabla invitado
*************
19/06/2018 14:14:32,ross,Ingreso CONTRASEÑA,Busca tabla invitado
*************
19/06/2018 14:15:17,ross,1 GENERAR ORDEN,PEDIDO=21
*************
19/06/2018 14:17:28,ross,1 GENERAR ORDEN,PEDIDO=22
*************
19/06/2018 14:20:12,ross,1 GENERAR ORDEN,PEDIDO=23
*************
19/06/2018 14:21:31,ross,Generar Paciente,Paciente=HIDALGO PAREDES PATRICIA JOSEFINA
*************
19/06/2018 14:21:47,ross,1 GENERAR ORDEN,PEDIDO=24
*************
19/06/2018 14:28:45,,Ingreso USUARIO,Busca tabla invitado
*************
19/06/2018 14:28:47,ross,Ingreso CONTRASEÑA,Busca tabla invitado
*************
19/06/2018 14:47:17,,Ingreso USUARIO,Busca tabla invitado
*************
19/06/2018 14:47:19,ross,Ingreso CONTRASEÑA,Busca tabla invitado
*************
20/06/2018 12:17:30,,Ingreso USUARIO,Busca tabla invitado
*************
20/06/2018 12:17:32,ross,Ingreso CONTRASEÑA,Busca tabla invitado
*************
20/06/2018 12:57:09,ross,Actualiza Test,Test=EMO
*************
20/06/2018 14:08:42,,Ingreso USUARIO,Busca tabla invitado
*************
20/06/2018 14:08:44,ross,Ingreso CONTRASEÑA,Busca tabla invitado
*************
20/06/2018 14:17:21,,Ingreso USUARIO,Busca tabla invitado
*************
20/06/2018 14:17:22,ross,Ingreso CONTRASEÑA,Busca tabla invitado
*************
20/06/2018 14:28:24,,Ingreso USUARIO,Busca tabla invitado
*************
20/06/2018 14:28:25,ross,Ingreso CONTRASEÑA,Busca tabla invitado
*************
20/06/2018 14:31:34,,Ingreso USUARIO,Busca tabla invitado
*************
20/06/2018 14:31:36,ross,Ingreso CONTRASEÑA,Busca tabla invitado
*************
20/06/2018 14:43:27,,Ingreso USUARIO,Busca tabla invitado
*************
20/06/2018 14:43:28,ross,Ingreso CONTRASEÑA,Busca tabla invitado
*************
20/06/2018 14:44:23,,Ingreso USUARIO,Busca tabla invitado
*************
20/06/2018 14:44:25,ross,Ingreso CONTRASEÑA,Busca tabla invitado
*************
20/06/2018 14:47:56,,Ingreso USUARIO,Busca tabla invitado
*************
20/06/2018 14:47:57,ross,Ingreso CONTRASEÑA,Busca tabla invitado
*************
20/06/2018 14:56:24,ross,1 GENERAR ORDEN,PEDIDO=25
*************
20/06/2018 14:56:33,ross,2 IMPRIMIR COD BARRAS,PEDIDO=25
*************
20/06/2018 15:00:33,,Ingreso USUARIO,Busca tabla invitado
*************
20/06/2018 15:00:34,ross,Ingreso CONTRASEÑA,Busca tabla invitado
*************
20/06/2018 15:00:59,ross,1 GENERAR ORDEN,PEDIDO=26
*************
20/06/2018 15:01:01,ross,2 IMPRIMIR COD BARRAS,PEDIDO=26
*************
20/06/2018 15:03:05,,Ingreso USUARIO,Busca tabla invitado
*************
20/06/2018 15:03:06,ross,Ingreso CONTRASEÑA,Busca tabla invitado
*************
20/06/2018 15:03:20,ross,1 GENERAR ORDEN,PEDIDO=27
*************
20/06/2018 15:03:22,ross,2 IMPRIMIR COD BARRAS,PEDIDO=27
*************
20/06/2018 15:07:43,,Ingreso USUARIO,Busca tabla invitado
*************
20/06/2018 15:07:45,ross,Ingreso CONTRASEÑA,Busca tabla invitado
*************
20/06/2018 15:08:31,ross,1 GENERAR ORDEN,PEDIDO=28
*************
20/06/2018 15:08:32,ross,2 IMPRIMIR COD BARRAS,PEDIDO=28
*************
20/06/2018 15:11:42,,Ingreso USUARIO,Busca tabla invitado
*************
20/06/2018 15:11:43,ross,Ingreso CONTRASEÑA,Busca tabla invitado
*************
20/06/2018 15:15:46,,Ingreso USUARIO,Busca tabla invitado
*************
20/06/2018 15:15:47,ross,Ingreso CONTRASEÑA,Busca tabla invitado
*************
20/06/2018 15:19:07,,Ingreso USUARIO,Busca tabla invitado
*************
20/06/2018 15:19:08,ross,Ingreso CONTRASEÑA,Busca tabla invitado
*************
20/06/2018 15:19:25,ross,Eliminar Perfil,43
*************
20/06/2018 15:19:45,ross,Nuevo Perfil,PERFIL=PERFIL PERFIL ME
*************
20/06/2018 15:19:59,ross,Actualizar Perfil,PERFIL=PERFIL BILIRRUBINAS
*************
20/06/2018 16:21:11,,Ingreso USUARIO,Busca tabla invitado
*************
20/06/2018 16:21:12,ross,Ingreso CONTRASEÑA,Busca tabla invitado
*************
20/06/2018 16:21:52,ross,Actualizar Perfil,PERFIL=PERFIL BILIRRUBINAS
*************
20/06/2018 16:22:21,ross,Actualizar Perfil,PERFIL=PERFIL PERFIL ME
*************
20/06/2018 16:29:44,,Ingreso USUARIO,Busca tabla invitado
*************
20/06/2018 16:29:45,ross,Ingreso CONTRASEÑA,Busca tabla invitado
*************
25/06/2018 14:21:00,,Ingreso USUARIO,Busca tabla invitado
*************
25/06/2018 14:21:00,ross,Ingreso CONTRASEÑA,Busca tabla invitado
*************
25/06/2018 14:33:59,,Ingreso USUARIO,Busca tabla invitado
*************
25/06/2018 14:34:00,ross,Ingreso CONTRASEÑA,Busca tabla invitado
*************
25/06/2018 14:36:13,,Ingreso USUARIO,Busca tabla invitado
*************
25/06/2018 14:36:14,ross,Ingreso CONTRASEÑA,Busca tabla invitado
*************
25/06/2018 14:36:36,ross,IMPRIMIR HOJA TRABAJO,
*************
25/06/2018 14:42:15,,Ingreso USUARIO,Busca tabla invitado
*************
25/06/2018 14:42:16,ross,Ingreso CONTRASEÑA,Busca tabla invitado
*************
25/06/2018 14:42:33,ross,IMPRIMIR HOJA TRABAJO,
*************
25/06/2018 14:48:03,,Ingreso USUARIO,Busca tabla invitado
*************
25/06/2018 14:48:04,ross,Ingreso CONTRASEÑA,Busca tabla invitado
*************
25/06/2018 14:48:22,ross,IMPRIMIR HOJA TRABAJO,
*************
25/06/2018 14:57:15,,Ingreso USUARIO,Busca tabla invitado
*************
25/06/2018 16:37:51,,Ingreso USUARIO,Busca tabla invitado
*************
25/06/2018 16:37:58,ross,Ingreso CONTRASEÑA,Busca tabla invitado
*************
25/06/2018 16:39:01,,SUPERADO INTENTOS FALLIDO USR,
*************
25/06/2018 16:40:16,,Ingreso USUARIO,Busca tabla invitado
*************
25/06/2018 16:40:18,ross,Ingreso CONTRASEÑA,Busca tabla invitado
*************
25/06/2018 16:41:59,ross,1 GENERAR ORDEN,PEDIDO=29
*************
25/06/2018 16:42:01,ross,2 IMPRIMIR COD BARRAS,PEDIDO=29
*************
25/06/2018 16:42:38,ross,1 GENERAR ORDEN,PEDIDO=30
*************
25/06/2018 16:42:41,ross,2 IMPRIMIR COD BARRAS,PEDIDO=30
*************
25/06/2018 16:43:01,ross,Actualiza FACTURA,FACTURA=1903
*************
25/06/2018 16:43:01,ross,Ingresa FACTURA,FACTURA=1903
*************
25/06/2018 16:43:02,ross,Insertar abono,Factura=1903 Abono= 16
*************
25/06/2018 16:43:02,ross,Cancela FACTURA,FACTURA=1903
*************
25/06/2018 16:43:14,ross,Actualiza FACTURA,FACTURA=1904
*************
25/06/2018 16:43:14,ross,Ingresa FACTURA,FACTURA=1904
*************
25/06/2018 16:43:15,ross,Insertar abono,Factura=1904 Abono= 10.7
*************
25/06/2018 16:43:15,ross,Cancela FACTURA,FACTURA=1904
*************
25/06/2018 16:48:57,,Ingreso USUARIO,Busca tabla invitado
*************
25/06/2018 16:48:58,ross,Ingreso CONTRASEÑA,Busca tabla invitado
*************
25/06/2018 16:52:36,,Ingreso USUARIO,Busca tabla invitado
*************
25/06/2018 16:52:37,ross,Ingreso CONTRASEÑA,Busca tabla invitado
*************
27/06/2018 14:14:40,,Ingreso USUARIO,Busca tabla invitado
*************
27/06/2018 14:14:42,ross,Ingreso CONTRASEÑA,Busca tabla invitado
*************
27/06/2018 14:15:28,ross,Nuevo Pedido PRE CARGA,LAB 1/90
*************
27/06/2018 14:15:30,ross,Nuevo Pedido PRE CARGA,LAB 1/91
*************
27/06/2018 14:15:32,ross,Nuevo Pedido PRE CARGA,LAB 1/92
*************
27/06/2018 14:15:34,ross,Nuevo Pedido PRE CARGA,LAB 1/93
*************
27/06/2018 14:15:37,ross,Nuevo Pedido PRE CARGA,LAB 1/94
*************
27/06/2018 14:15:39,ross,Nuevo Pedido PRE CARGA,LAB 1/95
*************
27/06/2018 14:15:42,ross,Nuevo Pedido PRE CARGA,LAB 1/96
*************
27/06/2018 14:15:45,ross,Nuevo Pedido PRE CARGA,LAB 1/97
*************
27/06/2018 14:15:47,ross,Nuevo Pedido PRE CARGA,LAB 1/98
*************
27/06/2018 14:15:49,ross,Nuevo Pedido PRE CARGA,LAB 1/99
*************
27/06/2018 14:32:05,,Ingreso USUARIO,Busca tabla invitado
*************
27/06/2018 14:32:07,ross,Ingreso CONTRASEÑA,Busca tabla invitado
*************
27/06/2018 14:32:38,ross,Nuevo Pedido PRE CARGA,LAB 1/100
*************
27/06/2018 14:32:39,ross,Nuevo Pedido PRE CARGA,LAB 1/101
*************
27/06/2018 14:32:39,ross,Nuevo Pedido PRE CARGA,LAB 1/102
*************
27/06/2018 14:32:39,ross,Nuevo Pedido PRE CARGA,LAB 1/103
*************
27/06/2018 14:32:39,ross,Nuevo Pedido PRE CARGA,LAB 1/104
*************
27/06/2018 14:32:39,ross,Nuevo Pedido PRE CARGA,LAB 1/105
*************
27/06/2018 14:32:39,ross,Nuevo Pedido PRE CARGA,LAB 1/106
*************
27/06/2018 14:32:39,ross,Nuevo Pedido PRE CARGA,LAB 1/107
*************
27/06/2018 14:32:39,ross,Nuevo Pedido PRE CARGA,LAB 1/108
*************
27/06/2018 14:32:39,ross,Nuevo Pedido PRE CARGA,LAB 1/109
*************
27/06/2018 14:49:16,,Ingreso USUARIO,Busca tabla invitado
*************
27/06/2018 14:49:18,ross,Ingreso CONTRASEÑA,Busca tabla invitado
*************
27/06/2018 14:51:53,,Ingreso USUARIO,Busca tabla invitado
*************
27/06/2018 14:51:54,ross,Ingreso CONTRASEÑA,Busca tabla invitado
*************
27/06/2018 14:53:36,,Ingreso USUARIO,Busca tabla invitado
*************
27/06/2018 14:53:36,ross,Ingreso CONTRASEÑA,Busca tabla invitado
*************
27/06/2018 14:55:02,ross,Nueva Abreviatura,Parametro=FIUS
*************
27/06/2018 14:55:43,ross,1 GENERAR ORDEN,PEDIDO=110
*************
27/06/2018 14:55:45,ross,2 IMPRIMIR COD BARRAS,PEDIDO=110
*************
27/06/2018 14:56:42,ross,IMPRIMIR HOJA TRABAJO,
*************
28/06/2018 10:03:41,,Ingreso USUARIO,Busca tabla invitado
*************
28/06/2018 10:03:41,ross,Ingreso CONTRASEÑA,Busca tabla invitado
*************
28/06/2018 10:03:53,ross,Eliminar Secuencia,SECUENCIA=7
*************
28/06/2018 10:03:57,ross,Eliminar Secuencia,SECUENCIA=9
*************
28/06/2018 10:04:01,ross,Eliminar Secuencia,SECUENCIA=10
*************
28/06/2018 10:33:21,ross,Guardar secuencia,SECUENCIA=GUAGOPOLO/200/299
*************
28/06/2018 10:33:41,ross,Guardar secuencia,SECUENCIA=EL TINGO/300/399
*************
28/06/2018 10:34:07,ross,Guardar secuencia,SECUENCIA=ALANGASI/400/499
*************
