03/03/2024 14:01:21,,Ingreso USUARIO,Busca tabla invitado
*************
03/03/2024 14:01:21,ross,Ingreso CONTRASEÑA,Busca tabla invitado
*************
03/03/2024 14:02:15,ross,Actualizacon Medico,Medico=GABRIELA MORALES
*************
03/03/2024 14:22:25,,Ingreso USUARIO,Busca tabla invitado
*************
03/03/2024 14:22:26,ross,Ingreso CONTRASEÑA,Busca tabla invitado
*************
03/03/2024 14:41:43,ross,Actualizacon Medico,Medico=ALERGOLOGIA 1
*************
03/03/2024 14:43:05,ross,Nuevo Pedido PRE CARGA,NORMAL/75
*************
03/03/2024 14:53:26,ross,01 GENERAR ORDEN  NORMAL EXAMENES: 401143,401118,401139,400149,400150,400476,400151,400295,,PEDIDO=76
*************
03/03/2024 14:54:05,ross,GUARDA RESULTADOS,COLH=23
*************
03/03/2024 14:54:05,ross,GUARDA RESULTADOS,AHDLH=23
*************
03/03/2024 14:54:05,ross,GUARDA RESULTADOS,LDLH=45
*************
03/03/2024 17:09:09,,Ingreso USUARIO,Busca tabla invitado
*************
03/03/2024 17:09:11,ross,Ingreso CONTRASEÑA,Busca tabla invitado
*************
03/03/2024 17:21:17,,Ingreso USUARIO,Busca tabla invitado
*************
03/03/2024 17:21:17,ross,Ingreso CONTRASEÑA,Busca tabla invitado
*************
03/03/2024 17:22:43,ross,Nuevo CIE10,Cie=A00 A010
*************
03/03/2024 17:32:37,,Ingreso USUARIO,Busca tabla invitado
*************
03/03/2024 17:32:38,ross,Ingreso CONTRASEÑA,Busca tabla invitado
*************
03/03/2024 17:42:39,,Ingreso USUARIO,Busca tabla invitado
*************
03/03/2024 17:42:40,ross,Ingreso CONTRASEÑA,Busca tabla invitado
*************
03/03/2024 17:43:00,ross,Nuevo CIE10,Cie=A00 A010
*************
03/03/2024 17:48:42,,Ingreso USUARIO,Busca tabla invitado
*************
03/03/2024 17:48:43,ross,Ingreso CONTRASEÑA,Busca tabla invitado
*************
03/03/2024 17:49:39,ross,Nuevo CIE10,Cie=A00 A010
*************
03/03/2024 17:51:29,,Ingreso USUARIO,Busca tabla invitado
*************
03/03/2024 17:51:30,ross,Ingreso CONTRASEÑA,Busca tabla invitado
*************
03/03/2024 17:53:14,,Ingreso USUARIO,Busca tabla invitado
*************
03/03/2024 17:53:15,,Ingreso CONTRASEÑA FALLIDO,
*************
03/03/2024 17:53:15,,Ingreso CONTRASEÑA,Busca tabla invitado
*************
03/03/2024 17:53:16,ross,Ingreso CONTRASEÑA,Busca tabla invitado
*************
03/03/2024 17:53:47,ross,Nuevo CIE10,Cie=A00 A010
*************
03/03/2024 17:58:47,,Ingreso USUARIO,Busca tabla invitado
*************
03/03/2024 17:58:48,ross,Ingreso CONTRASEÑA,Busca tabla invitado
*************
03/03/2024 18:02:02,,Ingreso USUARIO,Busca tabla invitado
*************
03/03/2024 18:02:03,ross,Ingreso CONTRASEÑA,Busca tabla invitado
*************
03/03/2024 18:10:23,,Ingreso USUARIO,Busca tabla invitado
*************
03/03/2024 18:10:24,,Ingreso CONTRASEÑA FALLIDO,
*************
03/03/2024 18:10:24,,Ingreso CONTRASEÑA,Busca tabla invitado
*************
03/03/2024 18:10:25,ross,Ingreso CONTRASEÑA,Busca tabla invitado
*************
03/03/2024 18:11:17,ross,Nuevo CIE10,Cie=A00 A009
*************
03/03/2024 18:11:41,ross,Nuevo CIE10,Cie=A00 A009
*************
03/03/2024 18:17:21,,Ingreso USUARIO,Busca tabla invitado
*************
03/03/2024 18:17:22,ross,Ingreso CONTRASEÑA,Busca tabla invitado
*************
03/03/2024 18:19:55,,Ingreso USUARIO,Busca tabla invitado
*************
03/03/2024 18:19:56,ross,Ingreso CONTRASEÑA,Busca tabla invitado
*************
03/03/2024 18:22:55,,Ingreso USUARIO,Busca tabla invitado
*************
03/03/2024 18:22:56,ross,Ingreso CONTRASEÑA,Busca tabla invitado
*************
03/03/2024 18:28:25,ross,Nuevo CIE10,Cie=A00 A002
*************
03/03/2024 18:30:21,,Ingreso USUARIO,Busca tabla invitado
*************
03/03/2024 18:30:22,ross,Ingreso CONTRASEÑA,Busca tabla invitado
*************
03/03/2024 18:31:09,ross,Nuevo CIE10,Cie=A00 A003
*************
03/03/2024 18:31:29,ross,Nuevo CIE10,Cie=A00 A003
*************
03/03/2024 18:33:09,,Ingreso USUARIO,Busca tabla invitado
*************
03/03/2024 18:33:11,ross,Ingreso CONTRASEÑA,Busca tabla invitado
*************
03/03/2024 18:48:30,,Ingreso USUARIO,Busca tabla invitado
*************
03/03/2024 18:48:31,ross,Ingreso CONTRASEÑA,Busca tabla invitado
*************
03/03/2024 18:55:15,,Ingreso USUARIO,Busca tabla invitado
*************
03/03/2024 18:55:16,ross,Ingreso CONTRASEÑA,Busca tabla invitado
*************
03/03/2024 19:01:18,,Ingreso USUARIO,Busca tabla invitado
*************
03/03/2024 19:01:19,ross,Ingreso CONTRASEÑA,Busca tabla invitado
*************
03/03/2024 19:05:14,,Ingreso USUARIO,Busca tabla invitado
*************
03/03/2024 19:05:15,ross,Ingreso CONTRASEÑA,Busca tabla invitado
*************
03/03/2024 19:17:25,,Ingreso USUARIO,Busca tabla invitado
*************
03/03/2024 19:17:27,,Ingreso CONTRASEÑA FALLIDO,
*************
03/03/2024 19:17:27,,Ingreso CONTRASEÑA,Busca tabla invitado
*************
03/03/2024 19:17:28,ross,Ingreso CONTRASEÑA,Busca tabla invitado
*************
03/03/2024 19:22:10,,Ingreso USUARIO,Busca tabla invitado
*************
03/03/2024 19:22:11,ross,Ingreso CONTRASEÑA,Busca tabla invitado
*************
03/03/2024 19:25:05,,Ingreso USUARIO,Busca tabla invitado
*************
03/03/2024 19:25:06,ross,Ingreso CONTRASEÑA,Busca tabla invitado
*************
03/03/2024 19:46:38,,Ingreso USUARIO,Busca tabla invitado
*************
03/03/2024 19:46:39,ross,Ingreso CONTRASEÑA,Busca tabla invitado
*************
03/03/2024 19:47:18,ross,Nuevo CIE10,Cie=A00 A003
*************
03/03/2024 19:47:56,ross,Nuevo CIE10,Cie=A00 A003
*************
03/03/2024 20:35:42,,Ingreso USUARIO,Busca tabla invitado
*************
03/03/2024 20:35:45,ross,Ingreso CONTRASEÑA,Busca tabla invitado
*************
03/03/2024 20:49:46,,Ingreso USUARIO,Busca tabla invitado
*************
03/03/2024 20:49:46,ross,Ingreso CONTRASEÑA,Busca tabla invitado
*************
03/03/2024 20:54:37,,Ingreso USUARIO,Busca tabla invitado
*************
03/03/2024 20:54:48,ross,Ingreso CONTRASEÑA,Busca tabla invitado
*************
03/03/2024 21:04:51,,Ingreso USUARIO,Busca tabla invitado
*************
03/03/2024 21:04:52,ross,Ingreso CONTRASEÑA,Busca tabla invitado
*************
03/03/2024 21:08:32,,Ingreso USUARIO,Busca tabla invitado
*************
03/03/2024 21:08:33,ross,Ingreso CONTRASEÑA,Busca tabla invitado
*************
03/03/2024 21:15:05,,Ingreso USUARIO,Busca tabla invitado
*************
03/03/2024 21:15:06,ross,Ingreso CONTRASEÑA,Busca tabla invitado
*************
03/03/2024 21:17:27,,Ingreso USUARIO,Busca tabla invitado
*************
03/03/2024 21:17:28,ross,Ingreso CONTRASEÑA,Busca tabla invitado
*************
03/03/2024 21:22:19,,Ingreso USUARIO,Busca tabla invitado
*************
03/03/2024 21:22:21,ross,Ingreso CONTRASEÑA,Busca tabla invitado
*************
03/03/2024 21:32:14,,Ingreso USUARIO,Busca tabla invitado
*************
03/03/2024 21:32:15,ross,Ingreso CONTRASEÑA,Busca tabla invitado
*************
03/03/2024 21:36:42,,Ingreso USUARIO,Busca tabla invitado
*************
03/03/2024 21:36:43,ross,Ingreso CONTRASEÑA,Busca tabla invitado
*************
03/03/2024 21:42:30,,Ingreso USUARIO,Busca tabla invitado
*************
03/03/2024 21:42:31,ross,Ingreso CONTRASEÑA,Busca tabla invitado
*************
03/03/2024 21:45:38,,Ingreso USUARIO,Busca tabla invitado
*************
03/03/2024 21:45:39,ross,Ingreso CONTRASEÑA,Busca tabla invitado
*************
03/03/2024 21:48:30,,Ingreso USUARIO,Busca tabla invitado
*************
03/03/2024 21:48:31,ross,Ingreso CONTRASEÑA,Busca tabla invitado
*************
03/03/2024 21:49:30,ross,Nuevo VADEMECUM,Generico=Ambroxol + Salbutamol Ambroxol + Salbutamol
*************
03/03/2024 21:50:31,ross,Nuevo VADEMECUM,Generico=Acetilcisteína 600 mg Acetilcisteína 600 mg
*************
03/03/2024 21:51:46,ross,Nuevo VADEMECUM,Generico=ASPIRINSHOT ASPIRINSHOT
*************
04/03/2024 7:41:43,,Ingreso USUARIO,Busca tabla invitado
*************
04/03/2024 7:41:45,ross,Ingreso CONTRASEÑA,Busca tabla invitado
*************
04/03/2024 7:42:18,ross,Nuevo Pedido PRE CARGA,NORMAL/77
*************
04/03/2024 7:43:29,ross,Nuevo Pedido PRE CARGA,NORMAL/78
*************
04/03/2024 7:45:01,ross,Nuevo CIE10,Cie=A00 A003
*************
04/03/2024 7:47:12,ross,Nuevo CIE10,Cie=A00 A004
*************
04/03/2024 7:47:46,ross,Nuevo CIE10,Cie=A00 A003
*************
04/03/2024 7:48:00,ross,Nuevo CIE10,Cie=A00 A004
*************
04/03/2024 7:49:55,ross,Nuevo VADEMECUM,Generico=Acetilcisteína 600 mg Acetilcisteína 600 mg
*************
04/03/2024 7:51:02,ross,Nuevo VADEMECUM,Generico=VISOLBON VISOLBON
*************
04/03/2024 8:48:06,,Ingreso USUARIO,Busca tabla invitado
*************
04/03/2024 8:48:07,ross,Ingreso CONTRASEÑA,Busca tabla invitado
*************
04/03/2024 8:54:07,,Ingreso USUARIO,Busca tabla invitado
*************
04/03/2024 8:54:07,ross,Ingreso CONTRASEÑA,Busca tabla invitado
*************
04/03/2024 8:58:11,,Ingreso USUARIO,Busca tabla invitado
*************
04/03/2024 8:58:12,ross,Ingreso CONTRASEÑA,Busca tabla invitado
*************
04/03/2024 9:03:18,,Ingreso USUARIO,Busca tabla invitado
*************
04/03/2024 9:03:19,ross,Ingreso CONTRASEÑA,Busca tabla invitado
*************
04/03/2024 9:06:49,,Ingreso USUARIO,Busca tabla invitado
*************
04/03/2024 9:06:50,ross,Ingreso CONTRASEÑA,Busca tabla invitado
*************
04/03/2024 9:11:07,,Ingreso USUARIO,Busca tabla invitado
*************
04/03/2024 9:11:08,ross,Ingreso CONTRASEÑA,Busca tabla invitado
*************
04/03/2024 10:28:05,,Ingreso USUARIO,Busca tabla invitado
*************
04/03/2024 10:28:06,ross,Ingreso CONTRASEÑA,Busca tabla invitado
*************
04/03/2024 15:02:01,,Ingreso USUARIO,Busca tabla invitado
*************
04/03/2024 15:02:02,ross,Ingreso CONTRASEÑA,Busca tabla invitado
*************
04/03/2024 15:12:58,ross,01 GENERAR ORDEN  NORMAL EXAMENES: 400149,400150,400476,400151,400295,400101,,PEDIDO=79
*************
04/03/2024 15:21:37,,Ingreso USUARIO,Busca tabla invitado
*************
04/03/2024 15:21:38,ross,Ingreso CONTRASEÑA,Busca tabla invitado
*************
04/03/2024 15:35:11,ross,03 IMPRIMIR PEDIDO,PEDIDO=79
*************
04/03/2024 15:41:00,ross,IMPRIMIR HOJA TRABAJO,
*************
04/03/2024 15:41:09,ross,IMPRIMIR HOJA TRABAJO,
*************
04/03/2024 16:00:42,ross,GUARDA RESULTADOS,COLH=203
*************
04/03/2024 16:00:42,ross,GUARDA RESULTADOS,AHDLH=45
*************
04/03/2024 16:00:42,ross,GUARDA RESULTADOS,LDLH=120.6
*************
04/03/2024 16:00:42,ross,GUARDA RESULTADOS,TGLH=187
*************
04/03/2024 16:07:14,ross,GUARDA NOTA AREA,AREA EXAMEN =11/OBSERVACIONES: Suero lipémico
*************
09/03/2024 12:24:33,,Ingreso USUARIO,Busca tabla invitado
*************
09/03/2024 12:24:34,ross,Ingreso CONTRASEÑA,Busca tabla invitado
*************
09/03/2024 12:29:52,ross,Nuevo Test en Lista de Precios,Test=401328 40  NORMAL
*************
09/03/2024 12:29:52,ross,Nuevo Test en Lista de Precios,Test=401328 40  URGENCIA
*************
09/03/2024 12:29:52,ross,Nuevo Test en Lista de Precios,Test=401328 40  FYBECA
*************
09/03/2024 12:29:52,ross,Nuevo Test en Lista de Precios,Test=401328 40  JACINTO
*************
09/03/2024 12:29:52,ross,Nuevo Test en Lista de Precios,Test=401328 40  DRA. SAMI MENDOZA
*************
09/03/2024 12:29:52,ross,Nuevo Test en Lista de Precios,Test=401328 40  CEMEDEFA
*************
09/03/2024 12:29:52,ross,Nuevo Test en Lista de Precios,Test=401328 40  MEDES
*************
09/03/2024 12:29:52,ross,Nuevo Test en Lista de Precios,Test=401328 40  RENALVIDA
*************
09/03/2024 12:29:52,ross,Nuevo Test en Lista de Precios,Test=401328 40  MUNDO
*************
09/03/2024 12:29:52,ross,Actualiza Test,Test=PANEL TOXICOLÓGICO PARA PORTE DE ARMAS
*************
09/03/2024 12:29:52,ross,INGRESA TEST,TEST=PANEL TOXICOLÓGICO PARA PORTE DE ARMAS
*************
09/03/2024 14:33:20,,Ingreso USUARIO,Busca tabla invitado
*************
09/03/2024 14:33:21,ross,Ingreso CONTRASEÑA,Busca tabla invitado
*************
09/03/2024 14:35:30,ross,Nuevo Pedido PRE CARGA,NORMAL/80
*************
09/03/2024 14:37:55,ross,Nuevo Pedido PRE CARGA,NORMAL/81
*************
09/03/2024 17:00:41,,Ingreso USUARIO,Busca tabla invitado
*************
09/03/2024 17:00:41,ross,Ingreso CONTRASEÑA,Busca tabla invitado
*************
09/03/2024 17:01:02,ross,Nuevo Pedido PRE CARGA,NORMAL/82
*************
09/03/2024 17:04:24,ross,01 GENERAR ORDEN  NORMAL EXAMENES: 400151,400141,,PEDIDO=83
*************
09/03/2024 17:44:13,,Ingreso USUARIO,Busca tabla invitado
*************
09/03/2024 17:44:25,,Ingreso CONTRASEÑA FALLIDO,
*************
09/03/2024 17:44:25,,Ingreso CONTRASEÑA,Busca tabla invitado
*************
09/03/2024 17:44:28,ross,Ingreso CONTRASEÑA,Busca tabla invitado
*************
09/03/2024 17:49:31,ross,Nuevo Test en Lista de Precios,Test=401329 40  NORMAL
*************
09/03/2024 17:49:31,ross,Nuevo Test en Lista de Precios,Test=401329 40  URGENCIA
*************
09/03/2024 17:49:31,ross,Nuevo Test en Lista de Precios,Test=401329 40  FYBECA
*************
09/03/2024 17:49:31,ross,Nuevo Test en Lista de Precios,Test=401329 40  JACINTO
*************
09/03/2024 17:49:31,ross,Nuevo Test en Lista de Precios,Test=401329 40  DRA. SAMI MENDOZA
*************
09/03/2024 17:49:31,ross,Nuevo Test en Lista de Precios,Test=401329 40  CEMEDEFA
*************
09/03/2024 17:49:31,ross,Nuevo Test en Lista de Precios,Test=401329 40  MEDES
*************
09/03/2024 17:49:31,ross,Nuevo Test en Lista de Precios,Test=401329 40  RENALVIDA
*************
09/03/2024 17:49:31,ross,Nuevo Test en Lista de Precios,Test=401329 40  MUNDO
*************
09/03/2024 17:49:31,ross,Actualiza Test,Test=PLANTILLA DE DROGAS
*************
09/03/2024 17:49:31,ross,INGRESA TEST,TEST=PLANTILLA DE DROGAS
*************
09/03/2024 17:51:25,ross,Nuevo Test en Lista de Precios,Test=1342 0  NORMAL
*************
09/03/2024 17:51:25,ross,Nuevo Test en Lista de Precios,Test=1342 0  URGENCIA
*************
09/03/2024 17:51:25,ross,Nuevo Test en Lista de Precios,Test=1342 0  FYBECA
*************
09/03/2024 17:51:25,ross,Nuevo Test en Lista de Precios,Test=1342 0  JACINTO
*************
09/03/2024 17:51:25,ross,Nuevo Test en Lista de Precios,Test=1342 0  DRA. SAMI MENDOZA
*************
09/03/2024 17:51:25,ross,Nuevo Test en Lista de Precios,Test=1342 0  CEMEDEFA
*************
09/03/2024 17:51:25,ross,Nuevo Test en Lista de Precios,Test=1342 0  MEDES
*************
09/03/2024 17:51:25,ross,Nuevo Test en Lista de Precios,Test=1342 0  RENALVIDA
*************
09/03/2024 17:51:25,ross,Nuevo Test en Lista de Precios,Test=1342 0  MUNDO
*************
09/03/2024 17:51:25,ross,Actualiza Test,Test=COCAINA
*************
09/03/2024 17:51:25,ross,INGRESA TEST,TEST=COCAINA
*************
09/03/2024 17:52:04,ross,Nuevo Test en Lista de Precios,Test=1343 0  NORMAL
*************
09/03/2024 17:52:04,ross,Nuevo Test en Lista de Precios,Test=1343 0  URGENCIA
*************
09/03/2024 17:52:04,ross,Nuevo Test en Lista de Precios,Test=1343 0  FYBECA
*************
09/03/2024 17:52:04,ross,Nuevo Test en Lista de Precios,Test=1343 0  JACINTO
*************
09/03/2024 17:52:04,ross,Nuevo Test en Lista de Precios,Test=1343 0  DRA. SAMI MENDOZA
*************
09/03/2024 17:52:04,ross,Nuevo Test en Lista de Precios,Test=1343 0  CEMEDEFA
*************
09/03/2024 17:52:04,ross,Nuevo Test en Lista de Precios,Test=1343 0  MEDES
*************
09/03/2024 17:52:04,ross,Nuevo Test en Lista de Precios,Test=1343 0  RENALVIDA
*************
09/03/2024 17:52:04,ross,Nuevo Test en Lista de Precios,Test=1343 0  MUNDO
*************
09/03/2024 17:52:04,ross,Actualiza Test,Test=ANFETAMINA
*************
09/03/2024 17:52:04,ross,INGRESA TEST,TEST=ANFETAMINA
*************
09/03/2024 17:52:42,ross,Nuevo Test en Lista de Precios,Test=1344 0  NORMAL
*************
09/03/2024 17:52:42,ross,Nuevo Test en Lista de Precios,Test=1344 0  URGENCIA
*************
09/03/2024 17:52:42,ross,Nuevo Test en Lista de Precios,Test=1344 0  FYBECA
*************
09/03/2024 17:52:42,ross,Nuevo Test en Lista de Precios,Test=1344 0  JACINTO
*************
09/03/2024 17:52:42,ross,Nuevo Test en Lista de Precios,Test=1344 0  DRA. SAMI MENDOZA
*************
09/03/2024 17:52:42,ross,Nuevo Test en Lista de Precios,Test=1344 0  CEMEDEFA
*************
09/03/2024 17:52:42,ross,Nuevo Test en Lista de Precios,Test=1344 0  MEDES
*************
09/03/2024 17:52:42,ross,Nuevo Test en Lista de Precios,Test=1344 0  RENALVIDA
*************
09/03/2024 17:52:42,ross,Nuevo Test en Lista de Precios,Test=1344 0  MUNDO
*************
09/03/2024 17:52:42,ross,Actualiza Test,Test=MARIHUANA
*************
09/03/2024 17:52:42,ross,INGRESA TEST,TEST=MARIHUANA
*************
09/03/2024 17:54:29,ross,01 GENERAR ORDEN  NORMAL EXAMENES: 401329,,PEDIDO=84
*************
09/03/2024 17:54:44,ross,GUARDA RESULTADOS,PLA_DROGASH=- PLANTILLA DROGAS -
*************
10/03/2024 18:17:10,,Ingreso USUARIO,Busca tabla invitado
*************
10/03/2024 18:17:10,ross,Ingreso CONTRASEÑA,Busca tabla invitado
*************
10/03/2024 18:33:03,ross,Nuevo Pedido PRE CARGA,NORMAL/1
*************
10/03/2024 18:39:23,,Ingreso USUARIO,Busca tabla invitado
*************
10/03/2024 18:39:23,ross,Ingreso CONTRASEÑA,Busca tabla invitado
*************
10/03/2024 19:04:42,,Ingreso USUARIO,Busca tabla invitado
*************
10/03/2024 19:04:43,ross,Ingreso CONTRASEÑA,Busca tabla invitado
*************
10/03/2024 19:09:20,,Ingreso USUARIO,Busca tabla invitado
*************
10/03/2024 19:09:21,ross,Ingreso CONTRASEÑA,Busca tabla invitado
*************
10/03/2024 19:33:25,,Ingreso USUARIO,Busca tabla invitado
*************
10/03/2024 19:33:26,ross,Ingreso CONTRASEÑA,Busca tabla invitado
*************
10/03/2024 19:43:48,,Ingreso USUARIO,Busca tabla invitado
*************
10/03/2024 19:43:49,ross,Ingreso CONTRASEÑA,Busca tabla invitado
*************
10/03/2024 19:56:56,,Ingreso USUARIO,Busca tabla invitado
*************
10/03/2024 19:56:59,,Ingreso CONTRASEÑA FALLIDO,
*************
10/03/2024 19:56:59,,Ingreso CONTRASEÑA,Busca tabla invitado
*************
10/03/2024 19:57:00,ross,Ingreso CONTRASEÑA,Busca tabla invitado
*************
10/03/2024 20:07:04,,Ingreso USUARIO,Busca tabla invitado
*************
10/03/2024 20:07:04,ross,Ingreso CONTRASEÑA,Busca tabla invitado
*************
10/03/2024 20:21:01,,Ingreso USUARIO,Busca tabla invitado
*************
10/03/2024 20:21:02,ross,Ingreso CONTRASEÑA,Busca tabla invitado
*************
10/03/2024 20:26:56,,Ingreso USUARIO,Busca tabla invitado
*************
10/03/2024 20:26:57,ross,Ingreso CONTRASEÑA,Busca tabla invitado
*************
10/03/2024 20:43:12,,Ingreso USUARIO,Busca tabla invitado
*************
10/03/2024 20:43:13,ross,Ingreso CONTRASEÑA,Busca tabla invitado
*************
10/03/2024 20:46:03,ross,Nuevo Pedido PRE CARGA,NORMAL/3
*************
10/03/2024 20:47:41,,Ingreso USUARIO,Busca tabla invitado
*************
10/03/2024 20:47:41,ross,Ingreso CONTRASEÑA,Busca tabla invitado
*************
10/03/2024 21:01:20,,Ingreso USUARIO,Busca tabla invitado
*************
10/03/2024 21:01:21,ross,Ingreso CONTRASEÑA,Busca tabla invitado
*************
10/03/2024 21:03:50,ross,Nuevo Pedido PRE CARGA,NORMAL/4
*************
10/03/2024 21:13:34,,Ingreso USUARIO,Busca tabla invitado
*************
10/03/2024 21:13:35,ross,Ingreso CONTRASEÑA,Busca tabla invitado
*************
10/03/2024 21:14:20,ross,Nuevo Pedido PRE CARGA,NORMAL/5
*************
10/03/2024 21:22:25,,Ingreso USUARIO,Busca tabla invitado
*************
10/03/2024 21:22:26,ross,Ingreso CONTRASEÑA,Busca tabla invitado
*************
10/03/2024 21:47:55,,Ingreso USUARIO,Busca tabla invitado
*************
10/03/2024 21:47:56,ross,Ingreso CONTRASEÑA,Busca tabla invitado
*************
10/03/2024 21:53:17,,Ingreso USUARIO,Busca tabla invitado
*************
10/03/2024 21:53:18,ross,Ingreso CONTRASEÑA,Busca tabla invitado
*************
10/03/2024 22:04:01,,Ingreso USUARIO,Busca tabla invitado
*************
10/03/2024 22:04:04,ross,Ingreso CONTRASEÑA,Busca tabla invitado
*************
10/03/2024 22:10:06,ross,01 GENERAR ORDEN  NORMAL EXAMENES: 400151,,PEDIDO=6
*************
10/03/2024 22:10:20,ross,GUARDA RESULTADOS,TGLH=189
*************
10/03/2024 22:10:40,ross,VALIDACION RESULTADO,PEDIDO=6/400151
*************
10/03/2024 22:10:44,ross,Eliminar resultado AUX_HIS,
*************
10/03/2024 22:16:33,ross,IMPRIME POR AREA,PEDIDO=6
*************
10/03/2024 22:18:25,,Ingreso USUARIO,Busca tabla invitado
*************
10/03/2024 22:18:26,ross,Ingreso CONTRASEÑA,Busca tabla invitado
*************
11/03/2024 18:55:11,,Ingreso USUARIO,Busca tabla invitado
*************
11/03/2024 18:55:12,ross,Ingreso CONTRASEÑA,Busca tabla invitado
*************
11/03/2024 18:55:41,ross,01 GENERAR ORDEN  NORMAL EXAMENES: 400101,400149,400150,400476,400151,400295,,PEDIDO=7
*************
11/03/2024 18:56:19,ross,GUARDA RESULTADOS,WBCH=1
*************
11/03/2024 18:56:19,ross,GUARDA RESULTADOS,NEUH=2
*************
11/03/2024 18:56:19,ross,GUARDA RESULTADOS,LYMH=3
*************
11/03/2024 18:56:19,ross,GUARDA RESULTADOS,MONH2=4
*************
11/03/2024 18:56:19,ross,GUARDA RESULTADOS,EOSH=5
*************
11/03/2024 18:56:19,ross,GUARDA RESULTADOS,BASOH=6
*************
11/03/2024 18:56:19,ross,GUARDA RESULTADOS,NEU%25H=7
*************
11/03/2024 18:56:19,ross,GUARDA RESULTADOS,LYM%25H=8
*************
11/03/2024 18:56:19,ross,GUARDA RESULTADOS,MON%25H=9
*************
11/03/2024 18:56:19,ross,GUARDA RESULTADOS,EOS%25H=10
*************
11/03/2024 18:56:19,ross,GUARDA RESULTADOS,BASO%25H=9
*************
11/03/2024 18:56:19,ross,GUARDA RESULTADOS,RBCH=8
*************
11/03/2024 18:56:19,ross,GUARDA RESULTADOS,HCTH=7
*************
11/03/2024 18:56:19,ross,GUARDA RESULTADOS,HGBH=6
*************
11/03/2024 18:56:19,ross,GUARDA RESULTADOS,MCVH=5
*************
11/03/2024 18:56:19,ross,GUARDA RESULTADOS,MCHH=4
*************
11/03/2024 18:56:19,ross,GUARDA RESULTADOS,MCHCH=3
*************
11/03/2024 18:56:19,ross,GUARDA RESULTADOS,RDW-CVH=2
*************
11/03/2024 18:56:19,ross,GUARDA RESULTADOS,RDW-SDH=1
*************
11/03/2024 18:56:19,ross,GUARDA RESULTADOS,PLTH=2
*************
11/03/2024 18:56:19,ross,GUARDA RESULTADOS,MPVH=3
*************
11/03/2024 18:56:19,ross,GUARDA RESULTADOS,PDWH=4
*************
11/03/2024 18:56:19,ross,GUARDA RESULTADOS,PCTH=5
*************
11/03/2024 18:56:19,ross,GUARDA RESULTADOS,P-LCRH=6
*************
11/03/2024 18:56:19,ross,GUARDA RESULTADOS,P-LCCH=8
*************
11/03/2024 18:56:34,ross,GUARDA RESULTADOS,BHH=MEMO
*************
11/03/2024 18:56:34,ross,GUARDA RESULTADOS,COLH=178.2
*************
11/03/2024 18:56:34,ross,GUARDA RESULTADOS,AHDLH=34.6
*************
11/03/2024 18:56:34,ross,GUARDA RESULTADOS,LDLH=105.56
*************
11/03/2024 18:56:34,ross,GUARDA RESULTADOS,TGLH=190.2
*************
11/03/2024 18:56:36,ross,VALIDACION RESULTADO,PEDIDO=7/400101
*************
11/03/2024 18:56:36,ross,VALIDACION RESULTADO,PEDIDO=7/400149
*************
11/03/2024 18:56:36,ross,VALIDACION RESULTADO,PEDIDO=7/400150
*************
11/03/2024 18:56:36,ross,VALIDACION RESULTADO,PEDIDO=7/400151
*************
11/03/2024 18:56:36,ross,VALIDACION RESULTADO,PEDIDO=7/400476
*************
11/03/2024 18:56:36,ross,Eliminar resultado AUX_HIS,
*************
11/03/2024 18:56:53,ross,IMPRIME POR AREA,PEDIDO=7
*************
11/03/2024 18:56:59,ross,IMPRIME TODO,PEDIDO=7
*************
11/03/2024 19:01:22,,Ingreso USUARIO,Busca tabla invitado
*************
11/03/2024 19:01:24,,Ingreso CONTRASEÑA FALLIDO,
*************
11/03/2024 19:01:24,,Ingreso CONTRASEÑA,Busca tabla invitado
*************
11/03/2024 19:01:24,ross,Ingreso CONTRASEÑA,Busca tabla invitado
*************
11/03/2024 19:01:37,ross,GUARDA RESULTADOS,BHH=MEMO
*************
11/03/2024 19:01:37,ross,GUARDA RESULTADOS,COLH=178.2
*************
11/03/2024 19:01:37,ross,GUARDA RESULTADOS,AHDLH=34.6
*************
11/03/2024 19:01:37,ross,GUARDA RESULTADOS,LDLH=105.56
*************
11/03/2024 19:01:37,ross,GUARDA RESULTADOS,TGLH=190.2
*************
11/03/2024 19:01:43,ross,Eliminar resultado AUX_HIS,
*************
11/03/2024 19:03:27,ross,Modifica USR,USR=1
*************
11/03/2024 19:03:36,ross,GUARDA RESULTADOS,BHH=MEMO
*************
11/03/2024 19:03:36,ross,GUARDA RESULTADOS,COLH=178.2
*************
11/03/2024 19:03:36,ross,GUARDA RESULTADOS,AHDLH=34.6
*************
11/03/2024 19:03:36,ross,GUARDA RESULTADOS,LDLH=105.56
*************
11/03/2024 19:03:36,ross,GUARDA RESULTADOS,TGLH=190.2
*************
11/03/2024 19:03:40,ross,Eliminar resultado AUX_HIS,
*************
11/03/2024 19:04:11,ross,GUARDA RESULTADOS,BHH=MEMO
*************
11/03/2024 19:04:11,ross,GUARDA RESULTADOS,COLH=178.2
*************
11/03/2024 19:04:11,ross,GUARDA RESULTADOS,AHDLH=34.6
*************
11/03/2024 19:04:11,ross,GUARDA RESULTADOS,LDLH=105.56
*************
11/03/2024 19:04:11,ross,GUARDA RESULTADOS,TGLH=190.2
*************
11/03/2024 19:04:14,ross,Eliminar resultado AUX_HIS,
*************
11/03/2024 19:05:33,ross,GUARDA RESULTADOS,BHH=MEMO
*************
11/03/2024 19:05:33,ross,GUARDA RESULTADOS,COLH=178.2
*************
11/03/2024 19:05:33,ross,GUARDA RESULTADOS,AHDLH=34.6
*************
11/03/2024 19:05:33,ross,GUARDA RESULTADOS,LDLH=105.56
*************
11/03/2024 19:05:33,ross,GUARDA RESULTADOS,TGLH=190.2
*************
11/03/2024 19:05:40,ross,Eliminar resultado AUX_HIS,
*************
12/03/2024 8:58:33,,Ingreso USUARIO,Busca tabla invitado
*************
12/03/2024 8:58:34,ross,Ingreso CONTRASEÑA,Busca tabla invitado
*************
12/03/2024 9:15:21,ross,Operación de Movimiento Inventario,
*************
12/03/2024 9:15:21,ross,Inserción de detalle movimiento inventario,
*************
12/03/2024 9:16:11,ross,Operación de Movimiento Inventario,
*************
12/03/2024 9:16:11,ross,Inserción de detalle movimiento inventario,
*************
12/03/2024 9:16:17,ross,Operación de Movimiento Inventario,
*************
12/03/2024 9:16:17,ross,Inserción de detalle movimiento inventario,
*************
12/03/2024 9:17:02,ross,Operación de Movimiento Inventario,
*************
12/03/2024 9:17:02,ross,Inserción de detalle movimiento inventario,
*************
13/03/2024 9:45:38,,Ingreso USUARIO,Busca tabla invitado
*************
13/03/2024 9:45:38,,Ingreso CONTRASEÑA FALLIDO,
*************
13/03/2024 9:45:38,,Ingreso CONTRASEÑA,Busca tabla invitado
*************
13/03/2024 9:45:40,ross,Ingreso CONTRASEÑA,Busca tabla invitado
*************
13/03/2024 9:46:39,ross,Nuevo Pedido PRE CARGA,NORMAL/8
*************
13/03/2024 9:49:09,ross,Operación de Movimiento Inventario,
*************
13/03/2024 9:49:09,ross,Inserción de detalle movimiento inventario,
*************
13/03/2024 9:49:09,ross,Inserción de detalle movimiento inventario,
*************
13/03/2024 9:49:09,ross,Inserción de detalle movimiento inventario,
*************
13/03/2024 9:49:09,ross,Inserción de detalle movimiento inventario,
*************
13/03/2024 9:50:43,ross,Operación de Movimiento Inventario,
*************
13/03/2024 9:50:43,ross,Inserción de detalle movimiento inventario,
*************
13/03/2024 9:50:50,ross,Operación de Movimiento Inventario,
*************
13/03/2024 9:50:50,ross,Inserción de detalle movimiento inventario,
*************
13/03/2024 9:50:55,ross,Operación de Movimiento Inventario,
*************
13/03/2024 9:50:55,ross,Inserción de detalle movimiento inventario,
*************
13/03/2024 9:51:02,ross,Operación de Movimiento Inventario,
*************
13/03/2024 9:51:02,ross,Inserción de detalle movimiento inventario,
*************
13/03/2024 11:49:43,,Ingreso USUARIO,Busca tabla invitado
*************
13/03/2024 11:49:44,ross,Ingreso CONTRASEÑA,Busca tabla invitado
*************
14/03/2024 7:21:16,,Ingreso USUARIO,Busca tabla invitado
*************
14/03/2024 7:21:17,ross,Ingreso CONTRASEÑA,Busca tabla invitado
*************
14/03/2024 7:48:55,,Ingreso USUARIO,Busca tabla invitado
*************
14/03/2024 7:48:56,ross,Ingreso CONTRASEÑA,Busca tabla invitado
*************
14/03/2024 7:49:57,,Ingreso USUARIO,Busca tabla invitado
*************
14/03/2024 7:49:58,ross,Ingreso CONTRASEÑA,Busca tabla invitado
*************
14/03/2024 8:01:18,ross,Operación de Movimiento Inventario,
*************
14/03/2024 8:01:18,ross,Inserción de detalle movimiento inventario,
*************
14/03/2024 8:01:18,ross,Inserción de detalle movimiento inventario,
*************
14/03/2024 8:01:18,ross,Inserción de detalle movimiento inventario,
*************
14/03/2024 10:27:43,,Ingreso USUARIO,Busca tabla invitado
*************
14/03/2024 10:27:44,ross,Ingreso CONTRASEÑA,Busca tabla invitado
*************
14/03/2024 10:29:59,,Ingreso USUARIO,Busca tabla invitado
*************
14/03/2024 10:30:00,ross,Ingreso CONTRASEÑA,Busca tabla invitado
*************
14/03/2024 10:36:14,,Ingreso USUARIO,Busca tabla invitado
*************
14/03/2024 10:36:15,ross,Ingreso CONTRASEÑA,Busca tabla invitado
*************
14/03/2024 10:36:43,ross,Actualizar Producto,
*************
14/03/2024 11:19:16,,Ingreso USUARIO,Busca tabla invitado
*************
14/03/2024 11:19:17,ross,Ingreso CONTRASEÑA,Busca tabla invitado
*************
14/03/2024 11:24:07,ross,Nuevo Producto,
*************
14/03/2024 11:57:33,,Ingreso USUARIO,Busca tabla invitado
*************
14/03/2024 11:57:34,ross,Ingreso CONTRASEÑA,Busca tabla invitado
*************
14/03/2024 11:57:55,ross,01 GENERAR ORDEN  NORMAL EXAMENES: 400819,,PEDIDO=9
*************
14/03/2024 11:59:02,ross,GUARDA RESULTADOS,MUECULORI=ORINA
*************
14/03/2024 11:59:02,ross,GUARDA RESULTADOS,GERAISORI=
*************
14/03/2024 11:59:02,ross,GUARDA RESULTADOS,CONCOLORI=
*************
14/03/2024 11:59:02,ross,GUARDA RESULTADOS,OBSCULORI=
*************
14/03/2024 11:59:02,ross,GUARDA RESULTADOS,ANTI=-ANTIBIOGRAMA-
*************
14/03/2024 11:59:02,ross,GUARDA RESULTADOS,TINGRAMH=
*************
14/03/2024 11:59:02,ross,GUARDA ANTIBIOGRANA,AMIKACINA=Sensible
*************
14/03/2024 11:59:02,ross,GUARDA ANTIBIOGRANA,GENTAMICINA=Sensible
*************
14/03/2024 11:59:02,ross,GUARDA ANTIBIOGRANA,AMOX. + AC. CLAVULANICO=Sensible
*************
14/03/2024 11:59:02,ross,GUARDA ANTIBIOGRANA,PENICILINA=Resistente
*************
14/03/2024 11:59:02,ross,GUARDA ANTIBIOGRANA,ERITROMICINA=Resistente
*************
14/03/2024 11:59:02,ross,GUARDA ANTIBIOGRANA,CEFUROXIMA=Intermedio
*************
14/03/2024 13:00:57,,Ingreso USUARIO,Busca tabla invitado
*************
14/03/2024 13:00:58,ross,Ingreso CONTRASEÑA,Busca tabla invitado
*************
14/03/2024 13:01:29,ross,Nuevo Pedido PRE CARGA,NORMAL/10
*************
14/03/2024 13:02:18,ross,Operación de Movimiento Inventario,
*************
14/03/2024 13:02:18,ross,Inserción de detalle movimiento inventario,
*************
14/03/2024 13:40:09,,Ingreso USUARIO,Busca tabla invitado
*************
14/03/2024 13:40:10,ross,Ingreso CONTRASEÑA,Busca tabla invitado
*************
14/03/2024 13:41:26,,Ingreso USUARIO,Busca tabla invitado
*************
14/03/2024 13:41:27,ross,Ingreso CONTRASEÑA,Busca tabla invitado
*************
14/03/2024 13:41:50,ross,IMPRIME POR AREA,PEDIDO=6
*************
14/03/2024 13:46:04,ross,IMPRIME POR AREA,PEDIDO=6
*************
14/03/2024 13:46:54,,Ingreso USUARIO,Busca tabla invitado
*************
14/03/2024 13:46:55,ross,Ingreso CONTRASEÑA,Busca tabla invitado
*************
14/03/2024 14:07:20,,Ingreso USUARIO,Busca tabla invitado
*************
14/03/2024 14:07:21,ross,Ingreso CONTRASEÑA,Busca tabla invitado
*************
14/03/2024 14:17:24,,Ingreso USUARIO,Busca tabla invitado
*************
14/03/2024 14:17:24,ross,Ingreso CONTRASEÑA,Busca tabla invitado
*************
14/03/2024 14:20:55,,Ingreso USUARIO,Busca tabla invitado
*************
14/03/2024 14:20:55,ross,Ingreso CONTRASEÑA,Busca tabla invitado
*************
14/03/2024 15:35:44,ross,IMPRIME POR AREA,PEDIDO=6
*************
14/03/2024 15:45:24,,Ingreso USUARIO,Busca tabla invitado
*************
14/03/2024 15:45:25,ross,Ingreso CONTRASEÑA,Busca tabla invitado
*************
14/03/2024 15:48:09,,Ingreso USUARIO,Busca tabla invitado
*************
14/03/2024 15:48:09,ross,Ingreso CONTRASEÑA,Busca tabla invitado
*************
14/03/2024 18:07:28,,Ingreso USUARIO,Busca tabla invitado
*************
14/03/2024 18:07:29,ross,Ingreso CONTRASEÑA,Busca tabla invitado
*************
14/03/2024 18:18:03,,Ingreso USUARIO,Busca tabla invitado
*************
14/03/2024 18:18:04,ross,Ingreso CONTRASEÑA,Busca tabla invitado
*************
14/03/2024 18:24:01,,Ingreso USUARIO,Busca tabla invitado
*************
14/03/2024 18:24:02,ross,Ingreso CONTRASEÑA,Busca tabla invitado
*************
14/03/2024 18:26:34,,Ingreso USUARIO,Busca tabla invitado
*************
14/03/2024 18:26:35,ross,Ingreso CONTRASEÑA,Busca tabla invitado
*************
15/03/2024 8:32:27,,Ingreso USUARIO,Busca tabla invitado
*************
15/03/2024 8:32:28,ross,Ingreso CONTRASEÑA,Busca tabla invitado
*************
15/03/2024 8:32:54,,Ingreso USUARIO,Busca tabla invitado
*************
15/03/2024 8:36:01,ross,Nuevo Pedido PRE CARGA,NORMAL/11
*************
15/03/2024 11:06:20,,Ingreso USUARIO,Busca tabla invitado
*************
15/03/2024 11:06:21,ross,Ingreso CONTRASEÑA,Busca tabla invitado
*************
15/03/2024 11:12:36,,Ingreso USUARIO,Busca tabla invitado
*************
15/03/2024 11:12:36,ross,Ingreso CONTRASEÑA,Busca tabla invitado
*************
15/03/2024 11:26:03,ross,Nuevo Pedido PRE CARGA,NORMAL/12
*************
17/03/2024 15:15:08,,Ingreso USUARIO,Busca tabla invitado
*************
17/03/2024 15:15:09,ross,Ingreso CONTRASEÑA,Busca tabla invitado
*************
17/03/2024 15:15:37,ross,Nuevo Pedido PRE CARGA,NORMAL/13
*************
17/03/2024 15:24:43,,Ingreso USUARIO,Busca tabla invitado
*************
17/03/2024 15:24:44,ross,Ingreso CONTRASEÑA,Busca tabla invitado
*************
17/03/2024 15:33:37,,Ingreso USUARIO,Busca tabla invitado
*************
17/03/2024 15:33:38,ross,Ingreso CONTRASEÑA,Busca tabla invitado
*************
17/03/2024 15:35:44,,Ingreso USUARIO,Busca tabla invitado
*************
17/03/2024 15:35:45,ross,Ingreso CONTRASEÑA,Busca tabla invitado
*************
17/03/2024 15:39:05,,Ingreso USUARIO,Busca tabla invitado
*************
17/03/2024 15:39:06,ross,Ingreso CONTRASEÑA,Busca tabla invitado
*************
17/03/2024 15:50:47,,Ingreso USUARIO,Busca tabla invitado
*************
17/03/2024 15:50:48,ross,Ingreso CONTRASEÑA,Busca tabla invitado
*************
17/03/2024 15:53:41,,Ingreso USUARIO,Busca tabla invitado
*************
17/03/2024 15:53:42,ross,Ingreso CONTRASEÑA,Busca tabla invitado
*************
18/03/2024 15:51:38,,Ingreso USUARIO,Busca tabla invitado
*************
18/03/2024 15:51:38,ross,Ingreso CONTRASEÑA,Busca tabla invitado
*************
18/03/2024 18:02:15,,Ingreso USUARIO,Busca tabla invitado
*************
18/03/2024 18:02:16,ross,Ingreso CONTRASEÑA,Busca tabla invitado
*************
18/03/2024 18:02:41,ross,Nuevo Pedido PRE CARGA,NORMAL/1
*************
18/03/2024 18:08:17,,Ingreso USUARIO,Busca tabla invitado
*************
18/03/2024 18:08:18,ross,Ingreso CONTRASEÑA,Busca tabla invitado
*************
18/03/2024 18:10:57,,Ingreso USUARIO,Busca tabla invitado
*************
18/03/2024 18:10:57,ross,Ingreso CONTRASEÑA,Busca tabla invitado
*************
18/03/2024 18:12:18,,Ingreso USUARIO,Busca tabla invitado
*************
18/03/2024 18:12:19,ross,Ingreso CONTRASEÑA,Busca tabla invitado
*************
18/03/2024 18:13:59,,Ingreso USUARIO,Busca tabla invitado
*************
18/03/2024 18:14:00,ross,Ingreso CONTRASEÑA,Busca tabla invitado
*************
18/03/2024 18:16:16,,Ingreso USUARIO,Busca tabla invitado
*************
18/03/2024 18:16:17,ross,Ingreso CONTRASEÑA,Busca tabla invitado
*************
18/03/2024 18:20:14,ross,Nuevo VADEMECUM,Generico=PARACETAMOL PARACETAMOL
*************
19/03/2024 7:20:39,,Ingreso USUARIO,Busca tabla invitado
*************
19/03/2024 7:20:39,ross,Ingreso CONTRASEÑA,Busca tabla invitado
*************
19/03/2024 7:25:38,,Ingreso USUARIO,Busca tabla invitado
*************
19/03/2024 7:25:39,ross,Ingreso CONTRASEÑA,Busca tabla invitado
*************
19/03/2024 7:26:01,ross,Nuevo Pedido PRE CARGA,NORMAL/2
*************
19/03/2024 7:30:58,,Ingreso USUARIO,Busca tabla invitado
*************
19/03/2024 7:30:58,ross,Ingreso CONTRASEÑA,Busca tabla invitado
*************
19/03/2024 7:31:56,,Ingreso USUARIO,Busca tabla invitado
*************
19/03/2024 7:31:56,ross,Ingreso CONTRASEÑA,Busca tabla invitado
*************
19/03/2024 7:34:08,ross,Nuevo Pedido PRE CARGA,NORMAL/3
*************
19/03/2024 7:38:49,,Ingreso USUARIO,Busca tabla invitado
*************
19/03/2024 7:38:50,ross,Ingreso CONTRASEÑA,Busca tabla invitado
*************
19/03/2024 7:39:10,ross,Nuevo Pedido PRE CARGA,NORMAL/4
*************
19/03/2024 7:47:02,,Ingreso USUARIO,Busca tabla invitado
*************
19/03/2024 7:47:02,ross,Ingreso CONTRASEÑA,Busca tabla invitado
*************
19/03/2024 7:47:36,ross,Nuevo Pedido PRE CARGA,NORMAL/5
*************
19/03/2024 7:50:08,,Ingreso USUARIO,Busca tabla invitado
*************
19/03/2024 7:50:09,ross,Ingreso CONTRASEÑA,Busca tabla invitado
*************
19/03/2024 7:50:30,ross,Nuevo Pedido PRE CARGA,NORMAL/6
*************
19/03/2024 7:54:35,,Ingreso USUARIO,Busca tabla invitado
*************
19/03/2024 7:54:36,ross,Ingreso CONTRASEÑA,Busca tabla invitado
*************
19/03/2024 7:58:56,,Ingreso USUARIO,Busca tabla invitado
*************
19/03/2024 7:58:58,ross,Ingreso CONTRASEÑA,Busca tabla invitado
*************
19/03/2024 8:01:04,ross,Actualizacon Medico,Medico=FLORES ANDRES
*************
19/03/2024 8:02:03,ross,Nuevo Pedido PRE CARGA,NORMAL/7
*************
19/03/2024 8:14:01,,Ingreso USUARIO,Busca tabla invitado
*************
19/03/2024 8:14:02,ross,Ingreso CONTRASEÑA,Busca tabla invitado
*************
19/03/2024 8:16:16,,Ingreso USUARIO,Busca tabla invitado
*************
19/03/2024 8:16:17,ross,Ingreso CONTRASEÑA,Busca tabla invitado
*************
19/03/2024 8:20:46,,Ingreso USUARIO,Busca tabla invitado
*************
19/03/2024 8:20:47,ross,Ingreso CONTRASEÑA,Busca tabla invitado
*************
19/03/2024 8:21:56,,Ingreso USUARIO,Busca tabla invitado
*************
19/03/2024 8:21:57,ross,Ingreso CONTRASEÑA,Busca tabla invitado
*************
19/03/2024 8:26:50,,Ingreso USUARIO,Busca tabla invitado
*************
19/03/2024 8:26:51,ross,Ingreso CONTRASEÑA,Busca tabla invitado
*************
19/03/2024 8:33:20,,Ingreso USUARIO,Busca tabla invitado
*************
19/03/2024 8:33:21,ross,Ingreso CONTRASEÑA,Busca tabla invitado
*************
19/03/2024 8:38:28,,Ingreso USUARIO,Busca tabla invitado
*************
19/03/2024 8:38:29,ross,Ingreso CONTRASEÑA,Busca tabla invitado
*************
19/03/2024 8:41:30,,Ingreso USUARIO,Busca tabla invitado
*************
19/03/2024 8:41:33,ross,Ingreso CONTRASEÑA,Busca tabla invitado
*************
19/03/2024 8:43:19,,Ingreso USUARIO,Busca tabla invitado
*************
19/03/2024 8:43:20,ross,Ingreso CONTRASEÑA,Busca tabla invitado
*************
19/03/2024 8:46:46,,Ingreso USUARIO,Busca tabla invitado
*************
19/03/2024 8:46:47,ross,Ingreso CONTRASEÑA,Busca tabla invitado
*************
19/03/2024 9:30:21,,Ingreso USUARIO,Busca tabla invitado
*************
19/03/2024 9:30:22,ross,Ingreso CONTRASEÑA,Busca tabla invitado
*************
19/03/2024 16:13:01,,Ingreso USUARIO,Busca tabla invitado
*************
19/03/2024 16:13:01,ross,Ingreso CONTRASEÑA,Busca tabla invitado
*************
19/03/2024 16:47:47,,Ingreso USUARIO,Busca tabla invitado
*************
19/03/2024 16:47:48,ross,Ingreso CONTRASEÑA,Busca tabla invitado
*************
19/03/2024 16:49:42,,Ingreso USUARIO,Busca tabla invitado
*************
19/03/2024 16:49:43,ross,Ingreso CONTRASEÑA,Busca tabla invitado
*************
19/03/2024 17:13:46,,Ingreso USUARIO,Busca tabla invitado
*************
19/03/2024 17:13:47,ross,Ingreso CONTRASEÑA,Busca tabla invitado
*************
19/03/2024 17:41:47,,Ingreso USUARIO,Busca tabla invitado
*************
19/03/2024 17:41:48,ross,Ingreso CONTRASEÑA,Busca tabla invitado
*************
19/03/2024 17:45:15,,Ingreso USUARIO,Busca tabla invitado
*************
19/03/2024 17:45:16,ross,Ingreso CONTRASEÑA,Busca tabla invitado
*************
19/03/2024 17:57:01,,Ingreso USUARIO,Busca tabla invitado
*************
19/03/2024 17:57:02,ross,Ingreso CONTRASEÑA,Busca tabla invitado
*************
19/03/2024 17:59:40,,Ingreso USUARIO,Busca tabla invitado
*************
19/03/2024 17:59:40,ross,Ingreso CONTRASEÑA,Busca tabla invitado
*************
19/03/2024 18:02:22,,Ingreso USUARIO,Busca tabla invitado
*************
19/03/2024 18:02:22,ross,Ingreso CONTRASEÑA,Busca tabla invitado
*************
19/03/2024 18:09:19,,Ingreso USUARIO,Busca tabla invitado
*************
19/03/2024 18:09:20,ross,Ingreso CONTRASEÑA,Busca tabla invitado
*************
19/03/2024 18:12:11,,Ingreso USUARIO,Busca tabla invitado
*************
19/03/2024 18:12:12,ross,Ingreso CONTRASEÑA,Busca tabla invitado
*************
19/03/2024 18:18:13,,Ingreso USUARIO,Busca tabla invitado
*************
19/03/2024 18:18:14,ross,Ingreso CONTRASEÑA,Busca tabla invitado
*************
19/03/2024 18:21:18,,Ingreso USUARIO,Busca tabla invitado
*************
19/03/2024 18:21:18,ross,Ingreso CONTRASEÑA,Busca tabla invitado
*************
19/03/2024 18:24:55,,Ingreso USUARIO,Busca tabla invitado
*************
19/03/2024 18:24:56,ross,Ingreso CONTRASEÑA,Busca tabla invitado
*************
19/03/2024 19:35:47,,Ingreso USUARIO,Busca tabla invitado
*************
19/03/2024 19:35:48,ross,Ingreso CONTRASEÑA,Busca tabla invitado
*************
19/03/2024 19:39:54,,Ingreso USUARIO,Busca tabla invitado
*************
19/03/2024 19:39:55,ross,Ingreso CONTRASEÑA,Busca tabla invitado
*************
19/03/2024 20:14:20,,Ingreso USUARIO,Busca tabla invitado
*************
19/03/2024 20:14:21,ross,Ingreso CONTRASEÑA,Busca tabla invitado
*************
19/03/2024 20:25:22,,Ingreso USUARIO,Busca tabla invitado
*************
19/03/2024 20:25:23,ross,Ingreso CONTRASEÑA,Busca tabla invitado
*************
19/03/2024 20:30:24,,Ingreso USUARIO,Busca tabla invitado
*************
19/03/2024 20:30:24,ross,Ingreso CONTRASEÑA,Busca tabla invitado
*************
19/03/2024 20:39:48,,Ingreso USUARIO,Busca tabla invitado
*************
19/03/2024 20:39:49,ross,Ingreso CONTRASEÑA,Busca tabla invitado
*************
19/03/2024 20:44:15,,Ingreso USUARIO,Busca tabla invitado
*************
19/03/2024 20:44:15,ross,Ingreso CONTRASEÑA,Busca tabla invitado
*************
19/03/2024 20:45:35,,Ingreso USUARIO,Busca tabla invitado
*************
19/03/2024 20:45:36,ross,Ingreso CONTRASEÑA,Busca tabla invitado
*************
19/03/2024 20:50:07,,Ingreso USUARIO,Busca tabla invitado
*************
19/03/2024 20:50:08,ross,Ingreso CONTRASEÑA,Busca tabla invitado
*************
19/03/2024 20:52:59,,Ingreso USUARIO,Busca tabla invitado
*************
19/03/2024 20:53:00,ross,Ingreso CONTRASEÑA,Busca tabla invitado
*************
19/03/2024 20:57:59,,Ingreso USUARIO,Busca tabla invitado
*************
19/03/2024 20:58:00,ross,Ingreso CONTRASEÑA,Busca tabla invitado
*************
19/03/2024 20:59:49,,Ingreso USUARIO,Busca tabla invitado
*************
19/03/2024 20:59:50,ross,Ingreso CONTRASEÑA,Busca tabla invitado
*************
19/03/2024 21:03:57,,Ingreso USUARIO,Busca tabla invitado
*************
19/03/2024 21:03:58,,Ingreso CONTRASEÑA FALLIDO,
*************
19/03/2024 21:03:58,,Ingreso CONTRASEÑA,Busca tabla invitado
*************
19/03/2024 21:03:59,ross,Ingreso CONTRASEÑA,Busca tabla invitado
*************
19/03/2024 21:22:42,,Ingreso USUARIO,Busca tabla invitado
*************
19/03/2024 21:22:43,ross,Ingreso CONTRASEÑA,Busca tabla invitado
*************
19/03/2024 21:34:19,,Ingreso USUARIO,Busca tabla invitado
*************
19/03/2024 21:34:20,ross,Ingreso CONTRASEÑA,Busca tabla invitado
*************
19/03/2024 21:38:34,,Ingreso USUARIO,Busca tabla invitado
*************
19/03/2024 21:38:35,ross,Ingreso CONTRASEÑA,Busca tabla invitado
*************
19/03/2024 21:40:57,,Ingreso USUARIO,Busca tabla invitado
*************
19/03/2024 21:40:58,ross,Ingreso CONTRASEÑA,Busca tabla invitado
*************
19/03/2024 21:52:55,,Ingreso USUARIO,Busca tabla invitado
*************
19/03/2024 21:52:56,ross,Ingreso CONTRASEÑA,Busca tabla invitado
*************
19/03/2024 22:00:24,,Ingreso USUARIO,Busca tabla invitado
*************
19/03/2024 22:00:25,ross,Ingreso CONTRASEÑA,Busca tabla invitado
*************
19/03/2024 22:17:11,,Ingreso USUARIO,Busca tabla invitado
*************
19/03/2024 22:17:12,ross,Ingreso CONTRASEÑA,Busca tabla invitado
*************
19/03/2024 22:31:54,,Ingreso USUARIO,Busca tabla invitado
*************
19/03/2024 22:31:56,ross,Ingreso CONTRASEÑA,Busca tabla invitado
*************
19/03/2024 22:39:38,,Ingreso USUARIO,Busca tabla invitado
*************
19/03/2024 22:39:39,ross,Ingreso CONTRASEÑA,Busca tabla invitado
*************
19/03/2024 22:45:05,,Ingreso USUARIO,Busca tabla invitado
*************
19/03/2024 22:45:05,ross,Ingreso CONTRASEÑA,Busca tabla invitado
*************
19/03/2024 22:48:42,,Ingreso USUARIO,Busca tabla invitado
*************
19/03/2024 22:48:43,ross,Ingreso CONTRASEÑA,Busca tabla invitado
*************
19/03/2024 23:05:29,,Ingreso USUARIO,Busca tabla invitado
*************
19/03/2024 23:05:30,ross,Ingreso CONTRASEÑA,Busca tabla invitado
*************
19/03/2024 23:21:44,,Ingreso USUARIO,Busca tabla invitado
*************
19/03/2024 23:21:45,ross,Ingreso CONTRASEÑA,Busca tabla invitado
*************
19/03/2024 23:24:13,,Ingreso USUARIO,Busca tabla invitado
*************
19/03/2024 23:24:13,ross,Ingreso CONTRASEÑA,Busca tabla invitado
*************
19/03/2024 23:27:50,,Ingreso USUARIO,Busca tabla invitado
*************
19/03/2024 23:27:51,ross,Ingreso CONTRASEÑA,Busca tabla invitado
*************
19/03/2024 23:36:38,,Ingreso USUARIO,Busca tabla invitado
*************
19/03/2024 23:36:39,ross,Ingreso CONTRASEÑA,Busca tabla invitado
*************
19/03/2024 23:44:06,,Ingreso USUARIO,Busca tabla invitado
*************
19/03/2024 23:44:07,ross,Ingreso CONTRASEÑA,Busca tabla invitado
*************
19/03/2024 23:51:42,,Ingreso USUARIO,Busca tabla invitado
*************
19/03/2024 23:51:43,ross,Ingreso CONTRASEÑA,Busca tabla invitado
*************
20/03/2024 0:01:40,,Ingreso USUARIO,Busca tabla invitado
*************
20/03/2024 0:01:41,ross,Ingreso CONTRASEÑA,Busca tabla invitado
*************
20/03/2024 0:04:03,,Ingreso USUARIO,Busca tabla invitado
*************
20/03/2024 0:04:03,ross,Ingreso CONTRASEÑA,Busca tabla invitado
*************
20/03/2024 0:09:43,,Ingreso USUARIO,Busca tabla invitado
*************
20/03/2024 0:09:44,ross,Ingreso CONTRASEÑA,Busca tabla invitado
*************
20/03/2024 0:11:27,,Ingreso USUARIO,Busca tabla invitado
*************
20/03/2024 0:11:28,ross,Ingreso CONTRASEÑA,Busca tabla invitado
*************
20/03/2024 0:19:48,,Ingreso USUARIO,Busca tabla invitado
*************
20/03/2024 0:19:49,ross,Ingreso CONTRASEÑA,Busca tabla invitado
*************
20/03/2024 0:21:21,ross,Nuevo Pedido PRE CARGA,NORMAL/1
*************
20/03/2024 8:24:37,,Ingreso USUARIO,Busca tabla invitado
*************
20/03/2024 8:24:38,ross,Ingreso CONTRASEÑA,Busca tabla invitado
*************
20/03/2024 8:33:59,,Ingreso USUARIO,Busca tabla invitado
*************
20/03/2024 8:34:00,ross,Ingreso CONTRASEÑA,Busca tabla invitado
*************
20/03/2024 8:40:28,,Ingreso USUARIO,Busca tabla invitado
*************
20/03/2024 8:40:29,ross,Ingreso CONTRASEÑA,Busca tabla invitado
*************
20/03/2024 9:03:00,,Ingreso USUARIO,Busca tabla invitado
*************
20/03/2024 9:03:01,ross,Ingreso CONTRASEÑA,Busca tabla invitado
*************
20/03/2024 9:10:37,,Ingreso USUARIO,Busca tabla invitado
*************
20/03/2024 9:10:38,ross,Ingreso CONTRASEÑA,Busca tabla invitado
*************
20/03/2024 12:04:11,,Ingreso USUARIO,Busca tabla invitado
*************
20/03/2024 12:04:12,ross,Ingreso CONTRASEÑA,Busca tabla invitado
*************
20/03/2024 12:23:04,,Ingreso USUARIO,Busca tabla invitado
*************
20/03/2024 12:23:05,ross,Ingreso CONTRASEÑA,Busca tabla invitado
*************
20/03/2024 12:23:41,ross,Nuevo Pedido PRE CARGA,NORMAL/1
*************
20/03/2024 16:52:19,,Ingreso USUARIO,Busca tabla invitado
*************
20/03/2024 16:52:20,ross,Ingreso CONTRASEÑA,Busca tabla invitado
*************
20/03/2024 17:40:20,,Ingreso USUARIO,Busca tabla invitado
*************
20/03/2024 17:40:21,ross,Ingreso CONTRASEÑA,Busca tabla invitado
*************
20/03/2024 17:43:45,,Ingreso USUARIO,Busca tabla invitado
*************
20/03/2024 17:43:46,ross,Ingreso CONTRASEÑA,Busca tabla invitado
*************
20/03/2024 17:53:20,,Ingreso USUARIO,Busca tabla invitado
*************
20/03/2024 17:53:21,ross,Ingreso CONTRASEÑA,Busca tabla invitado
*************
20/03/2024 19:32:39,,Ingreso USUARIO,Busca tabla invitado
*************
20/03/2024 19:32:40,ross,Ingreso CONTRASEÑA,Busca tabla invitado
*************
20/03/2024 20:19:26,,Ingreso USUARIO,Busca tabla invitado
*************
20/03/2024 20:19:26,ross,Ingreso CONTRASEÑA,Busca tabla invitado
*************
20/03/2024 20:27:37,,Ingreso USUARIO,Busca tabla invitado
*************
20/03/2024 20:27:37,ross,Ingreso CONTRASEÑA,Busca tabla invitado
*************
20/03/2024 20:30:53,,Ingreso USUARIO,Busca tabla invitado
*************
20/03/2024 20:30:53,ross,Ingreso CONTRASEÑA,Busca tabla invitado
*************
20/03/2024 20:33:10,,Ingreso USUARIO,Busca tabla invitado
*************
20/03/2024 20:33:10,ross,Ingreso CONTRASEÑA,Busca tabla invitado
*************
20/03/2024 20:34:49,ross,Nuevo Pedido PRE CARGA,NORMAL/1
*************
20/03/2024 21:03:30,,Ingreso USUARIO,Busca tabla invitado
*************
20/03/2024 21:03:31,ross,Ingreso CONTRASEÑA,Busca tabla invitado
*************
20/03/2024 21:07:18,,Ingreso USUARIO,Busca tabla invitado
*************
20/03/2024 21:07:19,ross,Ingreso CONTRASEÑA,Busca tabla invitado
*************
20/03/2024 21:12:11,,Ingreso USUARIO,Busca tabla invitado
*************
20/03/2024 21:12:12,,Ingreso CONTRASEÑA FALLIDO,
*************
20/03/2024 21:12:12,,Ingreso CONTRASEÑA,Busca tabla invitado
*************
20/03/2024 21:12:13,ross,Ingreso CONTRASEÑA,Busca tabla invitado
*************
20/03/2024 21:14:29,,Ingreso USUARIO,Busca tabla invitado
*************
20/03/2024 21:14:30,ross,Ingreso CONTRASEÑA,Busca tabla invitado
*************
20/03/2024 21:16:54,,Ingreso USUARIO,Busca tabla invitado
*************
20/03/2024 21:16:56,ross,Ingreso CONTRASEÑA,Busca tabla invitado
*************
20/03/2024 21:20:23,,Ingreso USUARIO,Busca tabla invitado
*************
20/03/2024 21:20:24,ross,Ingreso CONTRASEÑA,Busca tabla invitado
*************
20/03/2024 21:34:20,,Ingreso USUARIO,Busca tabla invitado
*************
20/03/2024 21:34:21,ross,Ingreso CONTRASEÑA,Busca tabla invitado
*************
20/03/2024 21:37:39,,Ingreso USUARIO,Busca tabla invitado
*************
20/03/2024 21:37:40,ross,Ingreso CONTRASEÑA,Busca tabla invitado
*************
20/03/2024 21:49:59,,Ingreso USUARIO,Busca tabla invitado
*************
20/03/2024 21:50:00,ross,Ingreso CONTRASEÑA,Busca tabla invitado
*************
20/03/2024 21:53:52,,Ingreso USUARIO,Busca tabla invitado
*************
20/03/2024 21:53:54,ross,Ingreso CONTRASEÑA,Busca tabla invitado
*************
20/03/2024 21:55:14,,Ingreso USUARIO,Busca tabla invitado
*************
20/03/2024 21:55:15,ross,Ingreso CONTRASEÑA,Busca tabla invitado
*************
20/03/2024 21:59:39,,Ingreso USUARIO,Busca tabla invitado
*************
20/03/2024 21:59:40,ross,Ingreso CONTRASEÑA,Busca tabla invitado
*************
20/03/2024 22:09:19,,Ingreso USUARIO,Busca tabla invitado
*************
20/03/2024 22:09:19,ross,Ingreso CONTRASEÑA,Busca tabla invitado
*************
20/03/2024 22:10:23,,Ingreso USUARIO,Busca tabla invitado
*************
20/03/2024 22:10:24,ross,Ingreso CONTRASEÑA,Busca tabla invitado
*************
20/03/2024 22:26:39,,Ingreso USUARIO,Busca tabla invitado
*************
20/03/2024 22:26:40,ross,Ingreso CONTRASEÑA,Busca tabla invitado
*************
20/03/2024 22:31:51,,Ingreso USUARIO,Busca tabla invitado
*************
20/03/2024 22:31:51,ross,Ingreso CONTRASEÑA,Busca tabla invitado
*************
20/03/2024 22:33:21,,Ingreso USUARIO,Busca tabla invitado
*************
20/03/2024 22:33:21,ross,Ingreso CONTRASEÑA,Busca tabla invitado
*************
20/03/2024 22:42:24,,Ingreso USUARIO,Busca tabla invitado
*************
20/03/2024 22:42:25,ross,Ingreso CONTRASEÑA,Busca tabla invitado
*************
20/03/2024 22:43:30,,Ingreso USUARIO,Busca tabla invitado
*************
20/03/2024 22:43:31,ross,Ingreso CONTRASEÑA,Busca tabla invitado
*************
20/03/2024 22:49:15,,Ingreso USUARIO,Busca tabla invitado
*************
20/03/2024 22:49:16,ross,Ingreso CONTRASEÑA,Busca tabla invitado
*************
20/03/2024 23:03:49,,Ingreso USUARIO,Busca tabla invitado
*************
20/03/2024 23:03:50,ross,Ingreso CONTRASEÑA,Busca tabla invitado
*************
20/03/2024 23:07:47,,Ingreso USUARIO,Busca tabla invitado
*************
20/03/2024 23:07:47,ross,Ingreso CONTRASEÑA,Busca tabla invitado
*************
20/03/2024 23:14:57,,Ingreso USUARIO,Busca tabla invitado
*************
20/03/2024 23:14:58,ross,Ingreso CONTRASEÑA,Busca tabla invitado
*************
20/03/2024 23:22:44,,Ingreso USUARIO,Busca tabla invitado
*************
20/03/2024 23:22:45,ross,Ingreso CONTRASEÑA,Busca tabla invitado
*************
21/03/2024 7:32:05,,Ingreso USUARIO,Busca tabla invitado
*************
21/03/2024 7:32:06,ross,Ingreso CONTRASEÑA,Busca tabla invitado
*************
21/03/2024 7:46:57,,Ingreso USUARIO,Busca tabla invitado
*************
21/03/2024 7:46:57,ross,Ingreso CONTRASEÑA,Busca tabla invitado
*************
21/03/2024 7:57:06,,Ingreso USUARIO,Busca tabla invitado
*************
21/03/2024 7:57:08,,Ingreso CONTRASEÑA FALLIDO,
*************
21/03/2024 7:57:08,,Ingreso CONTRASEÑA,Busca tabla invitado
*************
21/03/2024 7:57:09,ross,Ingreso CONTRASEÑA,Busca tabla invitado
*************
21/03/2024 8:06:23,,Ingreso USUARIO,Busca tabla invitado
*************
21/03/2024 8:06:24,ross,Ingreso CONTRASEÑA,Busca tabla invitado
*************
21/03/2024 8:15:02,,Ingreso USUARIO,Busca tabla invitado
*************
21/03/2024 8:15:03,ross,Ingreso CONTRASEÑA,Busca tabla invitado
*************
21/03/2024 8:27:14,,Ingreso USUARIO,Busca tabla invitado
*************
21/03/2024 8:27:14,ross,Ingreso CONTRASEÑA,Busca tabla invitado
*************
21/03/2024 8:32:12,,Ingreso USUARIO,Busca tabla invitado
*************
21/03/2024 8:32:13,ross,Ingreso CONTRASEÑA,Busca tabla invitado
*************
21/03/2024 8:38:36,,Ingreso USUARIO,Busca tabla invitado
*************
21/03/2024 8:38:37,ross,Ingreso CONTRASEÑA,Busca tabla invitado
*************
21/03/2024 8:53:01,,Ingreso USUARIO,Busca tabla invitado
*************
21/03/2024 8:53:02,ross,Ingreso CONTRASEÑA,Busca tabla invitado
*************
21/03/2024 9:46:11,,Ingreso USUARIO,Busca tabla invitado
*************
21/03/2024 9:46:12,ross,Ingreso CONTRASEÑA,Busca tabla invitado
*************
21/03/2024 9:49:51,,Ingreso USUARIO,Busca tabla invitado
*************
21/03/2024 9:49:52,ross,Ingreso CONTRASEÑA,Busca tabla invitado
*************
21/03/2024 9:54:25,,Ingreso USUARIO,Busca tabla invitado
*************
21/03/2024 9:54:25,ross,Ingreso CONTRASEÑA,Busca tabla invitado
*************
21/03/2024 9:57:18,,Ingreso USUARIO,Busca tabla invitado
*************
21/03/2024 9:57:19,ross,Ingreso CONTRASEÑA,Busca tabla invitado
*************
21/03/2024 10:05:21,,Ingreso USUARIO,Busca tabla invitado
*************
21/03/2024 10:05:22,ross,Ingreso CONTRASEÑA,Busca tabla invitado
*************
21/03/2024 10:09:57,,Ingreso USUARIO,Busca tabla invitado
*************
21/03/2024 10:09:57,ross,Ingreso CONTRASEÑA,Busca tabla invitado
*************
21/03/2024 10:15:38,,Ingreso USUARIO,Busca tabla invitado
*************
21/03/2024 10:15:39,ross,Ingreso CONTRASEÑA,Busca tabla invitado
*************
21/03/2024 10:42:48,,Ingreso USUARIO,Busca tabla invitado
*************
21/03/2024 10:42:48,ross,Ingreso CONTRASEÑA,Busca tabla invitado
*************
21/03/2024 10:53:00,,Ingreso USUARIO,Busca tabla invitado
*************
21/03/2024 10:53:01,ross,Ingreso CONTRASEÑA,Busca tabla invitado
*************
21/03/2024 11:19:25,,Ingreso USUARIO,Busca tabla invitado
*************
21/03/2024 11:19:26,ross,Ingreso CONTRASEÑA,Busca tabla invitado
*************
21/03/2024 12:56:54,,Ingreso USUARIO,Busca tabla invitado
*************
21/03/2024 12:56:55,ross,Ingreso CONTRASEÑA,Busca tabla invitado
*************
21/03/2024 15:43:25,,Ingreso USUARIO,Busca tabla invitado
*************
21/03/2024 15:43:27,ross,Ingreso CONTRASEÑA,Busca tabla invitado
*************
21/03/2024 15:45:30,,Ingreso USUARIO,Busca tabla invitado
*************
21/03/2024 15:45:31,ross,Ingreso CONTRASEÑA,Busca tabla invitado
*************
21/03/2024 15:58:38,,Ingreso USUARIO,Busca tabla invitado
*************
21/03/2024 15:58:38,ross,Ingreso CONTRASEÑA,Busca tabla invitado
*************
22/03/2024 10:17:32,,Ingreso USUARIO,Busca tabla invitado
*************
22/03/2024 10:17:34,ross,Ingreso CONTRASEÑA,Busca tabla invitado
*************
22/03/2024 10:20:50,,Ingreso USUARIO,Busca tabla invitado
*************
22/03/2024 10:20:52,ross,Ingreso CONTRASEÑA,Busca tabla invitado
*************
22/03/2024 10:22:53,ross,Nuevo Pedido PRE CARGA,NORMAL/1
*************
22/03/2024 10:23:28,ross,Nuevo Pedido PRE CARGA,NORMAL/2
*************
22/03/2024 12:38:03,,Ingreso USUARIO,Busca tabla invitado
*************
22/03/2024 12:38:03,ross,Ingreso CONTRASEÑA,Busca tabla invitado
*************
22/03/2024 15:15:45,,Ingreso USUARIO,Busca tabla invitado
*************
22/03/2024 15:15:45,ross,Ingreso CONTRASEÑA,Busca tabla invitado
*************
22/03/2024 16:11:20,,Ingreso USUARIO,Busca tabla invitado
*************
22/03/2024 16:11:21,ross,Ingreso CONTRASEÑA,Busca tabla invitado
*************
22/03/2024 16:51:03,,Ingreso USUARIO,Busca tabla invitado
*************
22/03/2024 16:51:05,ross,Ingreso CONTRASEÑA,Busca tabla invitado
*************
22/03/2024 16:53:30,,Ingreso USUARIO,Busca tabla invitado
*************
22/03/2024 16:53:31,ross,Ingreso CONTRASEÑA,Busca tabla invitado
*************
22/03/2024 16:57:24,,Ingreso USUARIO,Busca tabla invitado
*************
22/03/2024 16:57:24,ross,Ingreso CONTRASEÑA,Busca tabla invitado
*************
22/03/2024 17:04:53,,Ingreso USUARIO,Busca tabla invitado
*************
22/03/2024 17:04:54,ross,Ingreso CONTRASEÑA,Busca tabla invitado
*************
22/03/2024 17:15:47,,Ingreso USUARIO,Busca tabla invitado
*************
22/03/2024 17:15:48,ross,Ingreso CONTRASEÑA,Busca tabla invitado
*************
22/03/2024 17:17:59,,Ingreso USUARIO,Busca tabla invitado
*************
22/03/2024 17:18:00,ross,Ingreso CONTRASEÑA,Busca tabla invitado
*************
22/03/2024 17:24:28,,Ingreso USUARIO,Busca tabla invitado
*************
22/03/2024 17:24:29,ross,Ingreso CONTRASEÑA,Busca tabla invitado
*************
22/03/2024 17:26:17,,Ingreso USUARIO,Busca tabla invitado
*************
22/03/2024 17:26:17,ross,Ingreso CONTRASEÑA,Busca tabla invitado
*************
22/03/2024 17:29:38,,Ingreso USUARIO,Busca tabla invitado
*************
22/03/2024 17:29:39,ross,Ingreso CONTRASEÑA,Busca tabla invitado
*************
22/03/2024 18:10:15,,Ingreso USUARIO,Busca tabla invitado
*************
22/03/2024 18:10:16,ross,Ingreso CONTRASEÑA,Busca tabla invitado
*************
24/03/2024 10:46:38,,Ingreso USUARIO,Busca tabla invitado
*************
24/03/2024 10:46:38,ross,Ingreso CONTRASEÑA,Busca tabla invitado
*************
24/03/2024 10:46:59,ross,01 GENERAR ORDEN  NORMAL EXAMENES: 400149,400150,400476,400151,400295,,PEDIDO=1
*************
24/03/2024 12:30:28,,Ingreso USUARIO,Busca tabla invitado
*************
24/03/2024 12:30:30,ross,Ingreso CONTRASEÑA,Busca tabla invitado
*************
24/03/2024 12:36:14,ross,02 IMPRIMIR COD BARRAS,PEDIDO=01
*************
25/03/2024 10:19:35,,Ingreso USUARIO,Busca tabla invitado
*************
25/03/2024 10:19:36,ross,Ingreso CONTRASEÑA,Busca tabla invitado
*************
25/03/2024 10:20:29,ross,1 MODIFICA ORDENNORMAL,PEDIDO=1
*************
25/03/2024 10:21:05,ross,GUARDA RESULTADOS,WBCH=1
*************
25/03/2024 10:21:05,ross,GUARDA RESULTADOS,NEUH=2
*************
25/03/2024 10:21:05,ross,GUARDA RESULTADOS,LYMH=3
*************
25/03/2024 10:21:05,ross,GUARDA RESULTADOS,MONH=4
*************
25/03/2024 10:21:05,ross,GUARDA RESULTADOS,EOSH=5
*************
25/03/2024 10:21:05,ross,GUARDA RESULTADOS,BASOH=6
*************
25/03/2024 10:21:05,ross,GUARDA RESULTADOS,NEU%25H=7
*************
25/03/2024 10:21:05,ross,GUARDA RESULTADOS,LYM%25H=8
*************
25/03/2024 10:21:05,ross,GUARDA RESULTADOS,MON%25H=9
*************
25/03/2024 10:21:05,ross,GUARDA RESULTADOS,EOS%25H=0
*************
25/03/2024 10:21:05,ross,GUARDA RESULTADOS,BASO%25H=9
*************
25/03/2024 10:21:05,ross,GUARDA RESULTADOS,RBCH=8
*************
25/03/2024 10:21:05,ross,GUARDA RESULTADOS,HCTH=7
*************
25/03/2024 10:21:05,ross,GUARDA RESULTADOS,HGBH=6
*************
25/03/2024 10:21:05,ross,GUARDA RESULTADOS,MCVH=5
*************
25/03/2024 10:21:05,ross,GUARDA RESULTADOS,MCHH=4
*************
25/03/2024 10:21:05,ross,GUARDA RESULTADOS,MCHCH=3
*************
25/03/2024 10:21:05,ross,GUARDA RESULTADOS,RDW-CVH=2
*************
25/03/2024 10:21:05,ross,GUARDA RESULTADOS,RDW-SDH=1
*************
25/03/2024 10:21:05,ross,GUARDA RESULTADOS,PLTH=2
*************
25/03/2024 10:21:05,ross,GUARDA RESULTADOS,MPVH=3
*************
25/03/2024 10:21:05,ross,GUARDA RESULTADOS,PDWH=4
*************
25/03/2024 10:21:05,ross,GUARDA RESULTADOS,PCTH=5
*************
25/03/2024 10:21:05,ross,GUARDA RESULTADOS,P-LCRH=6
*************
25/03/2024 10:21:05,ross,GUARDA RESULTADOS,P-LCCH=8
*************
25/03/2024 10:21:31,ross,GUARDA NOTA AREA,AREA EXAMEN =11/Observaciones: SUERO LIPEMICO
*************
25/03/2024 10:21:34,ross,GUARDA RESULTADOS,BHH=MEMO
*************
25/03/2024 10:21:34,ross,GUARDA RESULTADOS,COLH=189.2
*************
25/03/2024 10:21:34,ross,GUARDA RESULTADOS,AHDLH=34.8
*************
25/03/2024 10:21:34,ross,GUARDA RESULTADOS,LDLH=116.34
*************
25/03/2024 10:21:34,ross,GUARDA RESULTADOS,TGLH=190.3
*************
25/03/2024 10:21:37,ross,VALIDACION RESULTADO,PEDIDO=1/400101
*************
25/03/2024 10:21:37,ross,VALIDACION RESULTADO,PEDIDO=1/400149
*************
25/03/2024 10:21:37,ross,VALIDACION RESULTADO,PEDIDO=1/400150
*************
25/03/2024 10:21:37,ross,VALIDACION RESULTADO,PEDIDO=1/400151
*************
25/03/2024 10:21:37,ross,VALIDACION RESULTADO,PEDIDO=1/400476
*************
25/03/2024 10:21:38,ross,Eliminar resultado AUX_HIS,
*************
25/03/2024 10:22:22,ross,IMPRIME POR AREA,PEDIDO=1
*************
25/03/2024 10:24:00,ross,Modifica USR,USR=1
*************
25/03/2024 10:24:06,ross,IMPRIME POR AREA,PEDIDO=1
*************
25/03/2024 10:26:19,ross,Actualiza Paciente,Paciente=FLORES NARANJO ROSSVAN EMILIO
*************
25/03/2024 10:26:31,ross,IMPRIME POR AREA,PEDIDO=1
*************
25/03/2024 10:27:18,ross,Actualiza Paciente,Paciente=FLORES NARANJO ROSSVAN EMILIO
*************
25/03/2024 10:27:32,ross,IMPRIME POR AREA,PEDIDO=1
*************
25/03/2024 10:27:50,ross,GUARDA RESULTADOS,BHH=MEMO
*************
25/03/2024 10:27:50,ross,GUARDA RESULTADOS,COLH=189.2
*************
25/03/2024 10:27:50,ross,GUARDA RESULTADOS,AHDLH=34.8
*************
25/03/2024 10:27:50,ross,GUARDA RESULTADOS,LDLH=116.34
*************
25/03/2024 10:27:50,ross,GUARDA RESULTADOS,TGLH=190.3
*************
25/03/2024 10:27:52,ross,Eliminar resultado AUX_HIS,
*************
25/03/2024 10:29:51,ross,Nuevo Pedido PRE CARGA,NORMAL/2
*************
25/03/2024 10:35:41,ross,02 IMPRIMIR COD BARRAS,PEDIDO=01
*************
25/03/2024 10:59:55,ross,02 IMPRIMIR COD BARRAS,PEDIDO=01
*************
25/03/2024 11:04:03,,Ingreso USUARIO,Busca tabla invitado
*************
25/03/2024 11:04:04,ross,Ingreso CONTRASEÑA,Busca tabla invitado
*************
25/03/2024 11:04:27,ross,1 MODIFICA ORDEN NORMAL EXAMENES: 400101,,PEDIDO=1
*************
25/03/2024 11:04:32,ross,02 IMPRIMIR COD BARRAS,PEDIDO=01
*************
25/03/2024 11:05:56,,Ingreso USUARIO,Busca tabla invitado
*************
25/03/2024 11:05:57,ross,Ingreso CONTRASEÑA,Busca tabla invitado
*************
25/03/2024 11:06:03,ross,02 IMPRIMIR COD BARRAS,PEDIDO=01
*************
25/03/2024 11:07:22,,Ingreso USUARIO,Busca tabla invitado
*************
25/03/2024 11:07:22,ross,Ingreso CONTRASEÑA,Busca tabla invitado
*************
25/03/2024 11:07:30,ross,02 IMPRIMIR COD BARRAS,PEDIDO=01
*************
26/03/2024 8:17:43,,Ingreso USUARIO,Busca tabla invitado
*************
26/03/2024 8:17:44,ross,Ingreso CONTRASEÑA,Busca tabla invitado
*************
26/03/2024 8:26:37,ross,02 IMPRIMIR COD BARRAS,PEDIDO=01
*************
26/03/2024 8:29:51,ross,02 IMPRIMIR COD BARRAS,PEDIDO=01
*************
26/03/2024 8:39:48,,Ingreso USUARIO,Busca tabla invitado
*************
26/03/2024 8:39:49,ross,Ingreso CONTRASEÑA,Busca tabla invitado
*************
26/03/2024 8:40:38,ross,02 IMPRIMIR COD BARRAS,PEDIDO=01
*************
26/03/2024 10:08:18,,Ingreso USUARIO,Busca tabla invitado
*************
26/03/2024 10:08:18,ross,Ingreso CONTRASEÑA,Busca tabla invitado
*************
26/03/2024 10:08:37,ross,GUARDA RESULTADOS,COLH=189.2
*************
26/03/2024 10:08:37,ross,GUARDA RESULTADOS,AHDLH=34.8
*************
26/03/2024 10:08:37,ross,GUARDA RESULTADOS,LDLH=116.34
*************
26/03/2024 10:08:37,ross,GUARDA RESULTADOS,TGLH=190.3
*************
26/03/2024 10:08:44,ross,Eliminar resultado AUX_HIS,
*************
26/03/2024 10:09:07,ross,GUARDA RESULTADOS,COLH=189.2
*************
26/03/2024 10:09:07,ross,GUARDA RESULTADOS,AHDLH=34.8
*************
26/03/2024 10:09:07,ross,GUARDA RESULTADOS,LDLH=116.34
*************
26/03/2024 10:09:07,ross,GUARDA RESULTADOS,TGLH=190.3
*************
26/03/2024 10:09:11,ross,Eliminar resultado AUX_HIS,
*************
26/03/2024 12:12:33,,Ingreso USUARIO,Busca tabla invitado
*************
26/03/2024 12:12:35,ross,Ingreso CONTRASEÑA,Busca tabla invitado
*************
26/03/2024 12:16:23,,Ingreso USUARIO,Busca tabla invitado
*************
26/03/2024 12:16:24,ross,Ingreso CONTRASEÑA,Busca tabla invitado
*************
26/03/2024 12:24:46,,Ingreso USUARIO,Busca tabla invitado
*************
26/03/2024 12:24:47,ross,Ingreso CONTRASEÑA,Busca tabla invitado
*************
26/03/2024 12:36:32,,Ingreso USUARIO,Busca tabla invitado
*************
26/03/2024 12:36:33,ross,Ingreso CONTRASEÑA,Busca tabla invitado
*************
26/03/2024 12:50:25,,Ingreso USUARIO,Busca tabla invitado
*************
26/03/2024 12:50:26,ross,Ingreso CONTRASEÑA,Busca tabla invitado
*************
26/03/2024 16:38:29,,Ingreso USUARIO,Busca tabla invitado
*************
26/03/2024 16:38:29,ross,Ingreso CONTRASEÑA,Busca tabla invitado
*************
26/03/2024 16:42:31,,Ingreso USUARIO,Busca tabla invitado
*************
26/03/2024 16:42:32,ross,Ingreso CONTRASEÑA,Busca tabla invitado
*************
26/03/2024 16:47:09,,Ingreso USUARIO,Busca tabla invitado
*************
26/03/2024 16:47:12,,Ingreso CONTRASEÑA FALLIDO,
*************
26/03/2024 16:47:12,,Ingreso CONTRASEÑA,Busca tabla invitado
*************
26/03/2024 16:47:13,,Ingreso CONTRASEÑA FALLIDO,
*************
26/03/2024 16:47:13,,Ingreso CONTRASEÑA,Busca tabla invitado
*************
26/03/2024 16:47:14,ross,Ingreso CONTRASEÑA,Busca tabla invitado
*************
26/03/2024 16:59:51,,Ingreso USUARIO,Busca tabla invitado
*************
26/03/2024 16:59:52,ross,Ingreso CONTRASEÑA,Busca tabla invitado
*************
28/03/2024 17:57:29,,Ingreso USUARIO,Busca tabla invitado
*************
28/03/2024 17:57:30,ross,Ingreso CONTRASEÑA,Busca tabla invitado
*************
28/03/2024 18:08:20,,Ingreso USUARIO,Busca tabla invitado
*************
28/03/2024 18:08:21,ross,Ingreso CONTRASEÑA,Busca tabla invitado
*************
28/03/2024 18:27:59,,Ingreso USUARIO,Busca tabla invitado
*************
28/03/2024 18:28:00,ross,Ingreso CONTRASEÑA,Busca tabla invitado
*************
28/03/2024 18:36:52,,Ingreso USUARIO,Busca tabla invitado
*************
28/03/2024 18:36:52,ross,Ingreso CONTRASEÑA,Busca tabla invitado
*************
28/03/2024 18:39:36,,Ingreso USUARIO,Busca tabla invitado
*************
28/03/2024 18:39:37,ross,Ingreso CONTRASEÑA,Busca tabla invitado
*************
28/03/2024 18:47:05,,Ingreso USUARIO,Busca tabla invitado
*************
28/03/2024 18:47:06,ross,Ingreso CONTRASEÑA,Busca tabla invitado
*************
28/03/2024 18:59:52,,Ingreso USUARIO,Busca tabla invitado
*************
28/03/2024 18:59:53,ross,Ingreso CONTRASEÑA,Busca tabla invitado
*************
28/03/2024 19:39:49,,Ingreso USUARIO,Busca tabla invitado
*************
28/03/2024 19:39:51,ross,Ingreso CONTRASEÑA,Busca tabla invitado
*************
28/03/2024 19:44:56,,Ingreso USUARIO,Busca tabla invitado
*************
28/03/2024 19:44:56,ross,Ingreso CONTRASEÑA,Busca tabla invitado
*************
28/03/2024 19:48:33,,Ingreso USUARIO,Busca tabla invitado
*************
28/03/2024 19:48:34,ross,Ingreso CONTRASEÑA,Busca tabla invitado
*************
28/03/2024 19:52:21,,Ingreso USUARIO,Busca tabla invitado
*************
28/03/2024 19:52:22,ross,Ingreso CONTRASEÑA,Busca tabla invitado
*************
28/03/2024 19:55:31,,Ingreso USUARIO,Busca tabla invitado
*************
28/03/2024 19:55:32,ross,Ingreso CONTRASEÑA,Busca tabla invitado
*************
28/03/2024 20:03:00,,Ingreso USUARIO,Busca tabla invitado
*************
28/03/2024 20:03:01,ross,Ingreso CONTRASEÑA,Busca tabla invitado
*************
28/03/2024 20:11:01,,Ingreso USUARIO,Busca tabla invitado
*************
28/03/2024 20:11:01,ross,Ingreso CONTRASEÑA,Busca tabla invitado
*************
28/03/2024 20:19:22,,Ingreso USUARIO,Busca tabla invitado
*************
28/03/2024 20:19:23,ross,Ingreso CONTRASEÑA,Busca tabla invitado
*************
28/03/2024 20:48:52,ross,Actualizacon Medico,Medico=CAÑIZARES CARLOS
*************
28/03/2024 20:56:16,ross,Actualizacon Medico,Medico=CAÑIZARES CARLOS
*************
28/03/2024 21:00:48,,Ingreso USUARIO,Busca tabla invitado
*************
28/03/2024 21:00:49,ross,Ingreso CONTRASEÑA,Busca tabla invitado
*************
28/03/2024 21:01:36,ross,Actualizacon Medico,Medico=CAÑIZARES CARLOS
*************
28/03/2024 21:04:19,ross,Generar Paciente,Paciente=MALDONADO MARIANA
*************
28/03/2024 21:04:30,ross,Nuevo Pedido PRE CARGA,NORMAL/1
*************
28/03/2024 21:05:21,ross,Generar Paciente,Paciente=ALVEAR RAMIRO
*************
28/03/2024 21:05:28,ross,Nuevo Pedido PRE CARGA,NORMAL/2
*************
28/03/2024 21:06:18,ross,Generar Paciente,Paciente=MORALES MARCO
*************
28/03/2024 21:06:54,ross,Generar Paciente,Paciente=MORALES LEANDRO
*************
28/03/2024 21:07:07,ross,Nuevo Pedido PRE CARGA,NORMAL/3
*************
28/03/2024 21:07:27,ross,Nuevo Pedido PRE CARGA,NORMAL/4
*************
28/03/2024 21:11:35,ross,Generar Paciente,Paciente=MUÑOZ MEIBI
*************
28/03/2024 21:11:43,ross,Nuevo Pedido PRE CARGA,NORMAL/5
*************
28/03/2024 21:22:43,,Ingreso USUARIO,Busca tabla invitado
*************
28/03/2024 21:22:44,ross,Ingreso CONTRASEÑA,Busca tabla invitado
*************
28/03/2024 21:24:10,ross,Generar Paciente,Paciente=PURUNCAJAS DAVID
*************
28/03/2024 21:24:17,ross,Nuevo Pedido PRE CARGA,NORMAL/6
*************
30/03/2024 17:38:42,,Ingreso USUARIO,Busca tabla invitado
*************
30/03/2024 17:38:43,ross,Ingreso CONTRASEÑA,Busca tabla invitado
*************
30/03/2024 17:47:30,ross,01 GENERAR ORDEN  NORMAL EXAMENES: 400101,400149,400150,400476,400151,400295,401104,400141,400230,,PEDIDO=7
*************
30/03/2024 17:50:02,ross,GUARDA RESULTADOS,WBCH=6.2
*************
30/03/2024 17:50:02,ross,GUARDA RESULTADOS,NEUH=4.8
*************
30/03/2024 17:50:02,ross,GUARDA RESULTADOS,LYMH=2.6
*************
30/03/2024 17:50:02,ross,GUARDA RESULTADOS,MONH2=67.8
*************
30/03/2024 17:50:02,ross,GUARDA RESULTADOS,EOSH=0.2
*************
30/03/2024 17:50:02,ross,GUARDA RESULTADOS,BASOH=0.06
*************
30/03/2024 17:50:02,ross,GUARDA RESULTADOS,NEU%25H=54.1
*************
30/03/2024 17:50:02,ross,GUARDA RESULTADOS,LYM%25H=38.5
*************
30/03/2024 17:50:02,ross,GUARDA RESULTADOS,MON%25H=5.7
*************
30/03/2024 17:50:02,ross,GUARDA RESULTADOS,EOS%25H=3.5
*************
30/03/2024 17:50:02,ross,GUARDA RESULTADOS,BASO%25H=0.78
*************
30/03/2024 17:50:02,ross,GUARDA RESULTADOS,RBCH=7.9
*************
30/03/2024 17:50:02,ross,GUARDA RESULTADOS,HCTH=52.3
*************
30/03/2024 17:50:02,ross,GUARDA RESULTADOS,HGBH=17.15
*************
30/03/2024 17:50:02,ross,GUARDA RESULTADOS,MCVH=66.2
*************
30/03/2024 17:50:02,ross,GUARDA RESULTADOS,MCHH=21.71
*************
30/03/2024 17:50:02,ross,GUARDA RESULTADOS,MCHCH=32.79
*************
30/03/2024 17:50:02,ross,GUARDA RESULTADOS,RDW-CVH=14
*************
30/03/2024 17:50:02,ross,GUARDA RESULTADOS,RDW-SDH=40
*************
30/03/2024 17:50:02,ross,GUARDA RESULTADOS,PLTH=345
*************
30/03/2024 17:50:02,ross,GUARDA RESULTADOS,MPVH=11.2
*************
30/03/2024 17:50:02,ross,GUARDA RESULTADOS,PDWH=17.1
*************
30/03/2024 17:50:02,ross,GUARDA RESULTADOS,PCTH=0.99
*************
30/03/2024 17:50:02,ross,GUARDA RESULTADOS,P-LCRH=12.2
*************
30/03/2024 17:50:02,ross,GUARDA RESULTADOS,P-LCCH=0.001
*************
30/03/2024 17:51:04,ross,GUARDA RESULTADOS,ANAQUI1=- EXAMEN FÍSICO -
*************
30/03/2024 17:51:04,ross,GUARDA RESULTADOS,COLOH=AMARILLO
*************
30/03/2024 17:51:05,ross,GUARDA RESULTADOS,ASPOH=TRANSPARENTE
*************
30/03/2024 17:51:05,ross,GUARDA RESULTADOS,EMOQUI=-EXAMEN QUIMICO-
*************
30/03/2024 17:51:05,ross,GUARDA RESULTADOS,DENO=1.015
*************
30/03/2024 17:51:05,ross,GUARDA RESULTADOS,PHO=5
*************
30/03/2024 17:51:05,ross,GUARDA RESULTADOS,LEUOH=NEGATIVO
*************
30/03/2024 17:51:05,ross,GUARDA RESULTADOS,ELEUCOH=
*************
30/03/2024 17:51:05,ross,GUARDA RESULTADOS,ASCOH=
*************
30/03/2024 17:51:05,ross,GUARDA RESULTADOS,NITO=NEGATIVO
*************
30/03/2024 17:51:05,ross,GUARDA RESULTADOS,PROTOH=NEGATIVO
*************
30/03/2024 17:51:05,ross,GUARDA RESULTADOS,GLUOH=NEGATIVO
*************
30/03/2024 17:51:05,ross,GUARDA RESULTADOS,CCETOH=NEGATIVO
*************
30/03/2024 17:51:05,ross,GUARDA RESULTADOS,UROOH=NEGATIVO
*************
30/03/2024 17:51:06,ross,GUARDA RESULTADOS,BILO=NEGATIVO
*************
30/03/2024 17:51:06,ross,GUARDA RESULTADOS,SANOH=NEGATIVO
*************
30/03/2024 17:51:06,ross,GUARDA RESULTADOS,HGBOH=10
*************
30/03/2024 17:51:06,ross,GUARDA RESULTADOS,ANAMIC1=- EXAMEN MICROSCÓPICO -
*************
30/03/2024 17:51:06,ross,GUARDA RESULTADOS,CELPOH=1-2
*************
30/03/2024 17:51:06,ross,GUARDA RESULTADOS,CELEPH=2-3
*************
30/03/2024 17:51:06,ross,GUARDA RESULTADOS,CELCAOH=
*************
30/03/2024 17:51:06,ross,GUARDA RESULTADOS,LEUC_EMO1H=
*************
30/03/2024 17:51:06,ross,GUARDA RESULTADOS,PIOO=4-6
*************
30/03/2024 17:51:06,ross,GUARDA RESULTADOS,HEMOH=1-2
*************
30/03/2024 17:51:06,ross,GUARDA RESULTADOS,BACOH=ESCASAS
*************
30/03/2024 17:51:06,ross,GUARDA RESULTADOS,MOCOH=
*************
30/03/2024 17:51:06,ross,GUARDA RESULTADOS,LEVA_ORINA=ESCASAS
*************
30/03/2024 17:51:07,ross,GUARDA RESULTADOS,URO=
*************
30/03/2024 17:51:07,ross,GUARDA RESULTADOS,FOO=
*************
30/03/2024 17:51:07,ross,GUARDA RESULTADOS,OXAO=
*************
30/03/2024 17:51:07,ross,GUARDA RESULTADOS,CRIO=
*************
30/03/2024 17:51:07,ross,GUARDA RESULTADOS,CILO=
*************
30/03/2024 17:51:07,ross,GUARDA RESULTADOS,CIGO=
*************
30/03/2024 17:51:07,ross,GUARDA RESULTADOS,CILCE=
*************
30/03/2024 17:51:07,ross,GUARDA RESULTADOS,ESP=
*************
30/03/2024 17:51:07,ross,GUARDA RESULTADOS,OTROSO=
*************
30/03/2024 17:51:16,ross,GUARDA RESULTADOS,ANAQUI1=- EXAMEN FÍSICO -
*************
30/03/2024 17:51:16,ross,GUARDA RESULTADOS,COLOH=AMARILLO
*************
30/03/2024 17:51:16,ross,GUARDA RESULTADOS,ASPOH=TRANSPARENTE
*************
30/03/2024 17:51:16,ross,GUARDA RESULTADOS,EMOQUI=-EXAMEN QUIMICO-
*************
30/03/2024 17:51:16,ross,GUARDA RESULTADOS,DENO=1.015
*************
30/03/2024 17:51:16,ross,GUARDA RESULTADOS,PHO=5
*************
30/03/2024 17:51:16,ross,GUARDA RESULTADOS,LEUOH=NEGATIVO
*************
30/03/2024 17:51:16,ross,GUARDA RESULTADOS,ELEUCOH=
*************
30/03/2024 17:51:16,ross,GUARDA RESULTADOS,ASCOH=
*************
30/03/2024 17:51:16,ross,GUARDA RESULTADOS,NITO=NEGATIVO
*************
30/03/2024 17:51:16,ross,GUARDA RESULTADOS,PROTOH=NEGATIVO
*************
30/03/2024 17:51:16,ross,GUARDA RESULTADOS,GLUOH=NEGATIVO
*************
30/03/2024 17:51:17,ross,GUARDA RESULTADOS,CCETOH=NEGATIVO
*************
30/03/2024 17:51:17,ross,GUARDA RESULTADOS,UROOH=NEGATIVO
*************
30/03/2024 17:51:17,ross,GUARDA RESULTADOS,BILO=NEGATIVO
*************
30/03/2024 17:51:17,ross,GUARDA RESULTADOS,SANOH=NEGATIVO
*************
30/03/2024 17:51:17,ross,GUARDA RESULTADOS,HGBOH=10
*************
30/03/2024 17:51:17,ross,GUARDA RESULTADOS,ANAMIC1=- EXAMEN MICROSCÓPICO -
*************
30/03/2024 17:51:17,ross,GUARDA RESULTADOS,CELPOH=1-2
*************
30/03/2024 17:51:17,ross,GUARDA RESULTADOS,CELEPH=++
*************
30/03/2024 17:51:17,ross,GUARDA RESULTADOS,CELCAOH=
*************
30/03/2024 17:51:17,ross,GUARDA RESULTADOS,LEUC_EMO1H=
*************
30/03/2024 17:51:17,ross,GUARDA RESULTADOS,PIOO=4-6
*************
30/03/2024 17:51:17,ross,GUARDA RESULTADOS,HEMOH=1-2
*************
30/03/2024 17:51:17,ross,GUARDA RESULTADOS,BACOH=ESCASAS
*************
30/03/2024 17:51:18,ross,GUARDA RESULTADOS,MOCOH=
*************
30/03/2024 17:51:18,ross,GUARDA RESULTADOS,LEVA_ORINA=ESCASAS
*************
30/03/2024 17:51:18,ross,GUARDA RESULTADOS,URO=
*************
30/03/2024 17:51:18,ross,GUARDA RESULTADOS,FOO=
*************
30/03/2024 17:51:18,ross,GUARDA RESULTADOS,OXAO=
*************
30/03/2024 17:51:18,ross,GUARDA RESULTADOS,CRIO=
*************
30/03/2024 17:51:18,ross,GUARDA RESULTADOS,CILO=
*************
30/03/2024 17:51:18,ross,GUARDA RESULTADOS,CIGO=
*************
30/03/2024 17:51:18,ross,GUARDA RESULTADOS,CILCE=
*************
30/03/2024 17:51:18,ross,GUARDA RESULTADOS,ESP=
*************
30/03/2024 17:51:18,ross,GUARDA RESULTADOS,OTROSO=
*************
30/03/2024 17:51:56,ross,GUARDA NOTA AREA,AREA EXAMEN =11/Observaciones: Suero lipemico
*************
30/03/2024 17:51:58,ross,GUARDA RESULTADOS,BHH=MEMO
*************
30/03/2024 17:51:58,ross,GUARDA RESULTADOS,GLUCH=118.2
*************
30/03/2024 17:51:58,ross,GUARDA RESULTADOS,CREH=1.0
*************
30/03/2024 17:51:58,ross,GUARDA RESULTADOS,COLH=178.2
*************
30/03/2024 17:51:58,ross,GUARDA RESULTADOS,AHDLH=34.9
*************
30/03/2024 17:51:58,ross,GUARDA RESULTADOS,LDLH=109.26
*************
30/03/2024 17:51:58,ross,GUARDA RESULTADOS,TGLH=170.2
*************
30/03/2024 17:51:58,ross,GUARDA RESULTADOS,EMOH=MEMO
*************
30/03/2024 17:52:01,ross,VALIDACION RESULTADO,PEDIDO=7/400101
*************
30/03/2024 17:52:01,ross,VALIDACION RESULTADO,PEDIDO=7/400141
*************
30/03/2024 17:52:01,ross,VALIDACION RESULTADO,PEDIDO=7/400149
*************
30/03/2024 17:52:01,ross,VALIDACION RESULTADO,PEDIDO=7/400150
*************
30/03/2024 17:52:01,ross,VALIDACION RESULTADO,PEDIDO=7/400151
*************
30/03/2024 17:52:01,ross,VALIDACION RESULTADO,PEDIDO=7/400230
*************
30/03/2024 17:52:01,ross,VALIDACION RESULTADO,PEDIDO=7/400476
*************
30/03/2024 17:52:01,ross,VALIDACION RESULTADO,PEDIDO=7/401104
*************
30/03/2024 17:52:02,ross,Eliminar resultado AUX_HIS,
*************
30/03/2024 17:58:11,,Ingreso USUARIO,Busca tabla invitado
*************
30/03/2024 17:58:12,ross,Ingreso CONTRASEÑA,Busca tabla invitado
*************
30/03/2024 17:58:43,ross,Modifica USR,USR=1
*************
30/03/2024 17:58:55,ross,GUARDA RESULTADOS,BHH=MEMO
*************
30/03/2024 17:58:55,ross,GUARDA RESULTADOS,GLUCH=118.2
*************
30/03/2024 17:58:55,ross,GUARDA RESULTADOS,CREH=1.0
*************
30/03/2024 17:58:55,ross,GUARDA RESULTADOS,COLH=178.2
*************
30/03/2024 17:58:55,ross,GUARDA RESULTADOS,AHDLH=34.9
*************
30/03/2024 17:58:55,ross,GUARDA RESULTADOS,LDLH=109.26
*************
30/03/2024 17:58:55,ross,GUARDA RESULTADOS,TGLH=170.2
*************
30/03/2024 17:58:55,ross,GUARDA RESULTADOS,EMOH=MEMO
*************
30/03/2024 17:58:58,ross,Eliminar resultado AUX_HIS,
*************
31/03/2024 12:56:49,,Ingreso USUARIO,Busca tabla invitado
*************
31/03/2024 12:56:50,,Ingreso CONTRASEÑA FALLIDO,
*************
31/03/2024 12:56:50,,Ingreso CONTRASEÑA,Busca tabla invitado
*************
31/03/2024 12:56:51,ross,Ingreso CONTRASEÑA,Busca tabla invitado
*************
31/03/2024 12:57:20,ross,01 GENERAR ORDEN  NORMAL EXAMENES: 400101,,PEDIDO=8
*************
31/03/2024 13:11:35,,Ingreso USUARIO,Busca tabla invitado
*************
31/03/2024 13:11:38,ross,Ingreso CONTRASEÑA,Busca tabla invitado
*************
31/03/2024 13:12:33,ross,Actualizacon Medico,Medico=CAÑIZARES CARLOS
*************
31/03/2024 13:13:02,ross,Nuevo Pedido PRE CARGA,NORMAL/9
*************
31/03/2024 17:46:19,,Ingreso USUARIO,Busca tabla invitado
*************
31/03/2024 17:46:20,ross,Ingreso CONTRASEÑA,Busca tabla invitado
*************
31/03/2024 17:51:16,,Ingreso USUARIO,Busca tabla invitado
*************
31/03/2024 17:51:24,ross,Ingreso CONTRASEÑA,Busca tabla invitado
*************
31/03/2024 17:51:41,ross,Actualizacon Medico,Medico=CAÑIZARES CARLOS
*************
31/03/2024 17:54:36,,Ingreso USUARIO,Busca tabla invitado
*************
31/03/2024 17:54:37,ross,Ingreso CONTRASEÑA,Busca tabla invitado
*************
31/03/2024 17:56:50,,Ingreso USUARIO,Busca tabla invitado
*************
31/03/2024 17:56:51,ross,Ingreso CONTRASEÑA,Busca tabla invitado
*************
31/03/2024 18:09:56,,Ingreso USUARIO,Busca tabla invitado
*************
31/03/2024 18:09:57,ross,Ingreso CONTRASEÑA,Busca tabla invitado
*************
31/03/2024 18:24:31,,Ingreso USUARIO,Busca tabla invitado
*************
31/03/2024 18:24:32,ross,Ingreso CONTRASEÑA,Busca tabla invitado
*************
31/03/2024 18:30:00,,Ingreso USUARIO,Busca tabla invitado
*************
31/03/2024 18:30:02,ross,Ingreso CONTRASEÑA,Busca tabla invitado
*************
31/03/2024 18:31:04,ross,Actualizacon Medico,Medico=ZURITA MAGDALENA
*************
31/03/2024 18:33:58,,Ingreso USUARIO,Busca tabla invitado
*************
31/03/2024 18:33:59,ross,Ingreso CONTRASEÑA,Busca tabla invitado
*************
31/03/2024 19:04:00,,Ingreso USUARIO,Busca tabla invitado
*************
31/03/2024 19:04:01,ross,Ingreso CONTRASEÑA,Busca tabla invitado
*************
31/03/2024 19:28:08,,Ingreso USUARIO,Busca tabla invitado
*************
31/03/2024 19:28:09,ross,Ingreso CONTRASEÑA,Busca tabla invitado
*************
31/03/2024 19:28:26,ross,Actualizacon Medico,Medico=GABRIELA MORALES
*************
31/03/2024 19:34:06,,Ingreso USUARIO,Busca tabla invitado
*************
31/03/2024 19:34:07,ross,Ingreso CONTRASEÑA,Busca tabla invitado
*************
31/03/2024 19:46:57,,Ingreso USUARIO,Busca tabla invitado
*************
31/03/2024 19:46:57,ross,Ingreso CONTRASEÑA,Busca tabla invitado
*************
31/03/2024 19:47:48,ross,Nuevo Pedido PRE CARGA,NORMAL/10
*************
31/03/2024 19:52:37,,Ingreso USUARIO,Busca tabla invitado
*************
31/03/2024 19:52:39,ross,Ingreso CONTRASEÑA,Busca tabla invitado
*************
31/03/2024 19:54:02,ross,Nuevo Pedido PRE CARGA,NORMAL/11
*************
31/03/2024 19:57:54,,Ingreso USUARIO,Busca tabla invitado
*************
31/03/2024 19:57:55,ross,Ingreso CONTRASEÑA,Busca tabla invitado
*************
31/03/2024 20:03:36,,Ingreso USUARIO,Busca tabla invitado
*************
31/03/2024 20:03:37,ross,Ingreso CONTRASEÑA,Busca tabla invitado
*************
31/03/2024 20:13:07,,Ingreso USUARIO,Busca tabla invitado
*************
31/03/2024 20:13:08,ross,Ingreso CONTRASEÑA,Busca tabla invitado
*************
31/03/2024 20:15:16,,Ingreso USUARIO,Busca tabla invitado
*************
31/03/2024 20:15:17,ross,Ingreso CONTRASEÑA,Busca tabla invitado
*************
31/03/2024 20:16:51,,Ingreso USUARIO,Busca tabla invitado
*************
31/03/2024 20:16:52,ross,Ingreso CONTRASEÑA,Busca tabla invitado
*************
31/03/2024 20:20:28,,Ingreso USUARIO,Busca tabla invitado
*************
31/03/2024 20:20:29,ross,Ingreso CONTRASEÑA,Busca tabla invitado
*************
31/03/2024 20:27:18,,Ingreso USUARIO,Busca tabla invitado
*************
31/03/2024 20:27:19,ross,Ingreso CONTRASEÑA,Busca tabla invitado
*************
31/03/2024 20:28:40,,Ingreso USUARIO,Busca tabla invitado
*************
31/03/2024 20:28:41,ross,Ingreso CONTRASEÑA,Busca tabla invitado
*************
31/03/2024 20:41:58,,Ingreso USUARIO,Busca tabla invitado
*************
31/03/2024 20:41:59,ross,Ingreso CONTRASEÑA,Busca tabla invitado
*************
31/03/2024 20:43:18,,Ingreso USUARIO,Busca tabla invitado
*************
31/03/2024 20:43:19,ross,Ingreso CONTRASEÑA,Busca tabla invitado
*************
31/03/2024 20:45:02,,Ingreso USUARIO,Busca tabla invitado
*************
31/03/2024 20:45:03,ross,Ingreso CONTRASEÑA,Busca tabla invitado
*************
31/03/2024 20:47:17,,Ingreso USUARIO,Busca tabla invitado
*************
31/03/2024 20:47:18,ross,Ingreso CONTRASEÑA,Busca tabla invitado
*************
31/03/2024 20:49:48,,Ingreso USUARIO,Busca tabla invitado
*************
31/03/2024 20:49:50,ross,Ingreso CONTRASEÑA,Busca tabla invitado
*************
