01/10/2018 9:50:02,,Ingreso USUARIO,Busca tabla invitado
*************
01/10/2018 9:50:04,ross,Ingreso CONTRASEÑA,Busca tabla invitado
*************
01/10/2018 9:53:38,ross,IMPRIME TODO,PEDIDO=9335
*************
04/10/2018 12:26:47 p.m.,,Ingreso USUARIO,Busca tabla invitado
*************
04/10/2018 12:26:48 p.m.,ross,Ingreso CONTRASEÑA,Busca tabla invitado
*************
04/10/2018 12:27:10 p.m.,ross,1 GENERAR ORDEN,PEDIDO=10508
*************
04/10/2018 12:27:13 p.m.,ross,2 IMPRIMIR COD BARRAS,PEDIDO=10508
*************
04/10/2018 12:27:37 p.m.,ross,GUARDA RESULTADOS,CHOL=125
*************
04/10/2018 12:28:03 p.m.,ross,VALIDACION RESULTADO,PEDIDO=10508/400149
*************
04/10/2018 12:28:22 p.m.,ross,IMPRIME TODO,PEDIDO=10508
*************
04/10/2018 12:28:50 p.m.,ross,IMPRIME POR AREA,PEDIDO=10508
*************
04/10/2018 12:31:26 p.m.,,Ingreso USUARIO,Busca tabla invitado
*************
04/10/2018 12:31:28 p.m.,ross,Ingreso CONTRASEÑA,Busca tabla invitado
*************
04/10/2018 12:31:42 p.m.,ross,IMPRIME TODO,PEDIDO=10508
*************
04/10/2018 12:34:13 p.m.,,Ingreso USUARIO,Busca tabla invitado
*************
04/10/2018 12:34:14 p.m.,ross,Ingreso CONTRASEÑA,Busca tabla invitado
*************
04/10/2018 12:34:30 p.m.,ross,IMPRIME TODO,PEDIDO=10508
*************
04/10/2018 12:34:35 p.m.,ross,IMPRIME SOBRE,PEDIDO=10508
*************
17-10-2018 15:44:01,,Ingreso USUARIO,Busca tabla invitado
*************
17-10-2018 15:44:04,ross,Ingreso CONTRASEÑA,Busca tabla invitado
*************
17-10-2018 15:44:41,ross,Nuevo Pedido PRE CARGA,FYBECA/36
*************
17-10-2018 15:44:41,ross,Nuevo Pedido PRE CARGA,FYBECA/37
*************
17-10-2018 15:44:42,ross,Nuevo Pedido PRE CARGA,FYBECA/38
*************
17-10-2018 15:44:42,ross,Nuevo Pedido PRE CARGA,FYBECA/39
*************
17-10-2018 15:44:42,ross,Nuevo Pedido PRE CARGA,FYBECA/40
*************
17-10-2018 15:44:42,ross,Nuevo Pedido PRE CARGA,FYBECA/41
*************
17-10-2018 15:44:42,ross,Nuevo Pedido PRE CARGA,FYBECA/42
*************
17-10-2018 15:44:42,ross,Nuevo Pedido PRE CARGA,FYBECA/43
*************
17-10-2018 15:44:42,ross,Nuevo Pedido PRE CARGA,FYBECA/44
*************
17-10-2018 15:44:42,ross,Nuevo Pedido PRE CARGA,FYBECA/45
*************
17-10-2018 15:44:42,ross,Nuevo Pedido PRE CARGA,FYBECA/46
*************
17-10-2018 15:44:42,ross,Nuevo Pedido PRE CARGA,FYBECA/47
*************
17-10-2018 15:44:43,ross,Nuevo Pedido PRE CARGA,FYBECA/48
*************
17-10-2018 15:44:43,ross,Nuevo Pedido PRE CARGA,FYBECA/49
*************
17-10-2018 15:44:43,ross,Nuevo Pedido PRE CARGA,FYBECA/50
*************
17-10-2018 15:44:43,ross,Nuevo Pedido PRE CARGA,FYBECA/51
*************
17-10-2018 15:44:43,ross,Nuevo Pedido PRE CARGA,FYBECA/52
*************
17-10-2018 15:44:43,ross,Nuevo Pedido PRE CARGA,FYBECA/53
*************
17-10-2018 15:44:43,ross,Nuevo Pedido PRE CARGA,FYBECA/54
*************
17-10-2018 15:44:43,ross,Nuevo Pedido PRE CARGA,FYBECA/55
*************
17-10-2018 15:44:43,ross,Nuevo Pedido PRE CARGA,FYBECA/56
*************
17-10-2018 15:44:43,ross,Nuevo Pedido PRE CARGA,FYBECA/57
*************
17-10-2018 15:44:44,ross,Nuevo Pedido PRE CARGA,FYBECA/58
*************
17-10-2018 15:44:44,ross,Nuevo Pedido PRE CARGA,FYBECA/59
*************
17-10-2018 15:44:44,ross,Nuevo Pedido PRE CARGA,FYBECA/60
*************
17-10-2018 15:44:44,ross,Nuevo Pedido PRE CARGA,FYBECA/61
*************
17-10-2018 15:44:44,ross,Nuevo Pedido PRE CARGA,FYBECA/62
*************
17-10-2018 15:44:44,ross,Nuevo Pedido PRE CARGA,FYBECA/63
*************
17-10-2018 15:44:44,ross,Nuevo Pedido PRE CARGA,FYBECA/64
*************
17-10-2018 15:44:44,ross,Nuevo Pedido PRE CARGA,FYBECA/65
*************
17-10-2018 15:45:23,ross,GUARDA RESULTADOS,a3=120
*************
17-10-2018 15:45:23,ross,GUARDA RESULTADOS,a4=45
*************
17-10-2018 15:45:23,ross,GUARDA RESULTADOS,a5=125
*************
17-10-2018 15:45:23,ross,GUARDA RESULTADOS,b0=200
*************
17-10-2018 15:45:51,ross,VALIDACION RESULTADO,PEDIDO=36/400149
*************
17-10-2018 15:45:51,ross,VALIDACION RESULTADO,PEDIDO=36/400150
*************
17-10-2018 15:45:51,ross,VALIDACION RESULTADO,PEDIDO=36/400151
*************
17-10-2018 15:45:51,ross,VALIDACION RESULTADO,PEDIDO=36/400476
*************
17-10-2018 15:46:05,ross,GUARDA RESULTADOS,a3=25
*************
17-10-2018 15:46:05,ross,GUARDA RESULTADOS,a4=35
*************
17-10-2018 15:46:05,ross,GUARDA RESULTADOS,a5=45
*************
17-10-2018 15:46:05,ross,GUARDA RESULTADOS,b0=55
*************
17-10-2018 15:46:07,ross,VALIDACION RESULTADO,PEDIDO=37/400149
*************
17-10-2018 15:46:07,ross,VALIDACION RESULTADO,PEDIDO=37/400150
*************
17-10-2018 15:46:07,ross,VALIDACION RESULTADO,PEDIDO=37/400151
*************
17-10-2018 15:46:07,ross,VALIDACION RESULTADO,PEDIDO=37/400476
*************
17-10-2018 15:56:40,,Ingreso USUARIO,Busca tabla invitado
*************
17-10-2018 15:56:41,ross,Ingreso CONTRASEÑA,Busca tabla invitado
*************
17-10-2018 15:56:56,ross,GUARDA RESULTADOS,a3=120
*************
17-10-2018 15:56:56,ross,GUARDA RESULTADOS,a4=45
*************
17-10-2018 15:56:56,ross,GUARDA RESULTADOS,a5=125
*************
17-10-2018 15:56:56,ross,GUARDA RESULTADOS,b0=200
*************
17-10-2018 15:57:25,ross,GUARDA RESULTADOS,a3=120
*************
17-10-2018 15:57:25,ross,GUARDA RESULTADOS,a4=45
*************
17-10-2018 15:57:25,ross,GUARDA RESULTADOS,a5=125
*************
17-10-2018 15:57:25,ross,GUARDA RESULTADOS,b0=200
*************
17-10-2018 15:57:57,ross,GUARDA RESULTADOS,a3=25
*************
17-10-2018 15:57:57,ross,GUARDA RESULTADOS,a4=35
*************
17-10-2018 15:57:57,ross,GUARDA RESULTADOS,a5=45
*************
17-10-2018 15:57:57,ross,GUARDA RESULTADOS,b0=55
*************
17-10-2018 15:58:16,ross,GUARDA RESULTADOS,a3=32
*************
17-10-2018 15:58:16,ross,GUARDA RESULTADOS,a4=42
*************
17-10-2018 15:58:16,ross,GUARDA RESULTADOS,a5=52
*************
17-10-2018 15:58:16,ross,GUARDA RESULTADOS,b0=62
*************
17-10-2018 15:58:18,ross,VALIDACION RESULTADO,PEDIDO=38/400149
*************
17-10-2018 15:58:18,ross,VALIDACION RESULTADO,PEDIDO=38/400150
*************
17-10-2018 15:58:18,ross,VALIDACION RESULTADO,PEDIDO=38/400151
*************
17-10-2018 15:58:18,ross,VALIDACION RESULTADO,PEDIDO=38/400476
*************
17-10-2018 16:03:12,ross,Generar Paciente,Paciente=FLORES MORLAES DANNA SOFIA
*************
17-10-2018 16:03:22,ross,1 GENERAR ORDEN,PEDIDO=66
*************
17-10-2018 16:03:24,ross,2 IMPRIMIR COD BARRAS,PEDIDO=66
*************
17-10-2018 16:03:52,ross,GUARDA RESULTADOS,b0=200
*************
17-10-2018 16:04:13,ross,VALIDACION RESULTADO,PEDIDO=66/400151
*************
17-10-2018 16:04:50,ross,GUARDA RESULTADOS,b0=200
*************
17-10-2018 16:07:18,ross,GUARDA RESULTADOS,b0=200
*************
17-10-2018 16:07:52,ross,GUARDA RESULTADOS,b0=200
*************
17-10-2018 16:08:07,ross,GUARDA RESULTADOS,b0=200
*************
17-10-2018 16:30:27,,Ingreso USUARIO,Busca tabla invitado
*************
17-10-2018 16:30:28,ross,Ingreso CONTRASEÑA,Busca tabla invitado
*************
17-10-2018 16:30:40,ross,GUARDA RESULTADOS,b0=200
*************
17-10-2018 16:51:10,,Ingreso USUARIO,Busca tabla invitado
*************
17-10-2018 16:51:12,ross,Ingreso CONTRASEÑA,Busca tabla invitado
*************
17-10-2018 16:51:24,ross,GUARDA RESULTADOS,b0=200
*************
17-10-2018 16:52:52,ross,Actualiza Mail Paciente,Paciente=34 rossvanfloreshotmail.com
*************
17-10-2018 16:52:54,ross,Inserta usuario web,Paciente=34 DFLORES
*************
17-10-2018 16:56:50,ross,Actualiza Paciente,Paciente=FLORES MORLAES DANNA SOFIA
*************
17-10-2018 16:57:22,ross,GUARDA RESULTADOS,b0=200
*************
17-10-2018 16:57:30,ross,Inserta usuario web,Paciente=34 DFLORES
*************
20-10-2018 13:28:02,,Ingreso USUARIO,Busca tabla invitado
*************
20-10-2018 13:28:05,ross,Ingreso CONTRASEÑA,Busca tabla invitado
*************
20-10-2018 13:33:58,ross,PROFORMAR,PEDIDO=67
*************
20-10-2018 13:34:14,ross,IMPRIMIR PROFORMA,Proforma=67
*************
20-10-2018 13:34:29,ross,1 MODIFICA ORDEN,PEDIDO=67
*************
20-10-2018 13:34:30,ross,CONVIERTE PROFORMA,PEDIDO=67
*************
20-10-2018 13:35:12,ross,GUARDA RESULTADOS,a3=1
*************
20-10-2018 13:35:12,ross,GUARDA RESULTADOS,a4=2
*************
20-10-2018 13:35:12,ross,GUARDA RESULTADOS,a5=3
*************
20-10-2018 13:35:12,ross,GUARDA RESULTADOS,b0=4
*************
20-10-2018 13:35:14,ross,VALIDACION RESULTADO,PEDIDO=67/400149
*************
20-10-2018 13:35:15,ross,VALIDACION RESULTADO,PEDIDO=67/400150
*************
20-10-2018 13:35:15,ross,VALIDACION RESULTADO,PEDIDO=67/400151
*************
20-10-2018 13:35:15,ross,VALIDACION RESULTADO,PEDIDO=67/400476
*************
20-10-2018 13:36:04,ross,Actualiza Mail Paciente,Paciente=3 rossvanflores@hotmail.com
*************
20-10-2018 13:36:04,ross,Inserta usuario web,Paciente=3 RFLORES
*************
20-10-2018 13:36:47,ross,IMPRIME TODO,PEDIDO=67
*************
20-10-2018 17:57:17,,Ingreso USUARIO,Busca tabla invitado
*************
20-10-2018 17:57:19,ross,Ingreso CONTRASEÑA,Busca tabla invitado
*************
23-10-2018 18:55:03,,Ingreso USUARIO,Busca tabla invitado
*************
23-10-2018 18:55:04,ross,Ingreso CONTRASEÑA,Busca tabla invitado
*************
23-10-2018 18:55:17,ross,1 GENERAR ORDEN,PEDIDO=68
*************
23-10-2018 18:55:24,ross,2 IMPRIMIR COD BARRAS,PEDIDO=68
*************
23-10-2018 19:45:44,,Ingreso USUARIO,Busca tabla invitado
*************
23-10-2018 19:45:46,ross,Ingreso CONTRASEÑA,Busca tabla invitado
*************
23-10-2018 19:47:26,,Ingreso USUARIO,Busca tabla invitado
*************
23-10-2018 19:47:27,ross,Ingreso CONTRASEÑA,Busca tabla invitado
*************
23-10-2018 19:50:13,ross,1 GENERAR ORDEN,PEDIDO=69
*************
23-10-2018 19:50:15,ross,2 IMPRIMIR COD BARRAS,PEDIDO=69
*************
23-10-2018 20:05:57,,Ingreso USUARIO,Busca tabla invitado
*************
23-10-2018 20:05:58,ross,Ingreso CONTRASEÑA,Busca tabla invitado
*************
24-10-2018 10:24:41,,Ingreso USUARIO,Busca tabla invitado
*************
24-10-2018 10:24:42,ross,Ingreso CONTRASEÑA,Busca tabla invitado
*************
24-10-2018 10:54:34,,Ingreso USUARIO,Busca tabla invitado
*************
24-10-2018 10:54:35,ross,Ingreso CONTRASEÑA,Busca tabla invitado
*************
24-10-2018 10:56:08,,Ingreso USUARIO,Busca tabla invitado
*************
24-10-2018 10:56:10,ross,Ingreso CONTRASEÑA,Busca tabla invitado
*************
24-10-2018 13:17:11,,Ingreso USUARIO,Busca tabla invitado
*************
24-10-2018 13:17:47,ross,Ingreso CONTRASEÑA,Busca tabla invitado
*************
24-10-2018 13:21:20,ross,Actualizar Rango Unico,Test=400149 Rango=10-180
*************
24-10-2018 13:34:51,,Ingreso USUARIO,Busca tabla invitado
*************
24-10-2018 13:34:52,ross,Ingreso CONTRASEÑA,Busca tabla invitado
*************
24-10-2018 14:19:12,,Ingreso USUARIO,Busca tabla invitado
*************
24-10-2018 14:19:14,ross,Ingreso CONTRASEÑA,Busca tabla invitado
*************
24-10-2018 14:30:53,,Ingreso USUARIO,Busca tabla invitado
*************
24-10-2018 14:30:54,ross,Ingreso CONTRASEÑA,Busca tabla invitado
*************
24-10-2018 14:32:37,,Ingreso USUARIO,Busca tabla invitado
*************
24-10-2018 14:32:38,ross,Ingreso CONTRASEÑA,Busca tabla invitado
*************
24-10-2018 14:37:02,,Ingreso USUARIO,Busca tabla invitado
*************
24-10-2018 14:37:03,ross,Ingreso CONTRASEÑA,Busca tabla invitado
*************
24-10-2018 14:39:05,,Ingreso USUARIO,Busca tabla invitado
*************
24-10-2018 14:39:08,ross,Ingreso CONTRASEÑA,Busca tabla invitado
*************
24-10-2018 14:42:14,,Ingreso USUARIO,Busca tabla invitado
*************
24-10-2018 14:42:16,ross,Ingreso CONTRASEÑA,Busca tabla invitado
*************
24-10-2018 14:45:05,,Ingreso USUARIO,Busca tabla invitado
*************
24-10-2018 14:45:06,ross,Ingreso CONTRASEÑA,Busca tabla invitado
*************
24-10-2018 14:56:25,,Ingreso USUARIO,Busca tabla invitado
*************
24-10-2018 14:56:26,ross,Ingreso CONTRASEÑA,Busca tabla invitado
*************
24-10-2018 15:06:26,,Ingreso USUARIO,Busca tabla invitado
*************
24-10-2018 15:06:29,ross,Ingreso CONTRASEÑA,Busca tabla invitado
*************
24-10-2018 15:08:11,ross,Nuevo Convenio,Convenio=CJ
*************
24-10-2018 15:08:21,ross,Guardar secuencia,SECUENCIA=CJ/4000/4999
*************
24-10-2018 15:21:18,,Ingreso USUARIO,Busca tabla invitado
*************
24-10-2018 15:21:19,ross,Ingreso CONTRASEÑA,Busca tabla invitado
*************
24-10-2018 15:25:28,ross,Eliminar Convenio,Convenio0FYBECA
*************
24-10-2018 15:25:33,ross,Elimina Lista de Precios,Lista Precio=FYBECA
*************
26-10-2018 15:53:54,,Ingreso USUARIO,Busca tabla invitado
*************
26-10-2018 15:53:57,ross,Ingreso CONTRASEÑA,Busca tabla invitado
*************
26-10-2018 15:54:35,ross,1 GENERAR ORDEN,PEDIDO=70
*************
26-10-2018 15:54:38,ross,2 IMPRIMIR COD BARRAS,PEDIDO=70
*************
26-10-2018 15:55:04,ross,GUARDA RESULTADOS,WBCH=3
*************
26-10-2018 15:55:04,ross,GUARDA RESULTADOS,NEUH=3
*************
26-10-2018 15:55:04,ross,GUARDA RESULTADOS,LYMH=3
*************
26-10-2018 15:55:04,ross,GUARDA RESULTADOS,MONOH=3
*************
26-10-2018 15:55:04,ross,GUARDA RESULTADOS,EOSH=3
*************
26-10-2018 15:55:04,ross,GUARDA RESULTADOS,BASOH=3
*************
26-10-2018 15:55:04,ross,GUARDA RESULTADOS,NEU%25H=3
*************
26-10-2018 15:55:04,ross,GUARDA RESULTADOS,LYM%25H=3
*************
26-10-2018 15:55:04,ross,GUARDA RESULTADOS,MONO%25H=3
*************
26-10-2018 15:55:04,ross,GUARDA RESULTADOS,EOS%25H=3
*************
26-10-2018 15:55:04,ross,GUARDA RESULTADOS,BASO%25H=3
*************
26-10-2018 15:55:04,ross,GUARDA RESULTADOS,RBCH=3
*************
26-10-2018 15:55:04,ross,GUARDA RESULTADOS,HCTH=3
*************
26-10-2018 15:55:04,ross,GUARDA RESULTADOS,HGBH=3
*************
26-10-2018 15:55:04,ross,GUARDA RESULTADOS,MCVH=3
*************
26-10-2018 15:55:04,ross,GUARDA RESULTADOS,MCHH=3
*************
26-10-2018 15:55:04,ross,GUARDA RESULTADOS,MCHCH=3
*************
26-10-2018 15:55:04,ross,GUARDA RESULTADOS,PLTH=3
*************
26-10-2018 15:55:04,ross,GUARDA RESULTADOS,PDWH=3
*************
26-10-2018 15:55:04,ross,GUARDA RESULTADOS,MPVH=3
*************
26-10-2018 15:55:04,ross,GUARDA RESULTADOS,PCTH=3
*************
26-10-2018 15:55:04,ross,GUARDA RESULTADOS,RDW_SDH=3
*************
26-10-2018 15:55:04,ross,GUARDA RESULTADOS,RDW_CVH=3
*************
26-10-2018 15:55:18,ross,GUARDA NOTA AREA,AREA=1/VALORES CONFIRMADOS
*************
26-10-2018 15:55:33,ross,GUARDA NOTA AREA,AREA=2/solicitar nueva muestra
*************
26-10-2018 15:55:42,ross,GUARDA RESULTADOS,BIOMETRIA HEMATICA=MEMO
*************
26-10-2018 15:55:42,ross,GUARDA RESULTADOS,TGL=260
*************
26-10-2018 15:55:44,ross,VALIDACION RESULTADO,PEDIDO=70/400101
*************
26-10-2018 15:55:44,ross,VALIDACION RESULTADO,PEDIDO=70/400151
*************
26-10-2018 15:55:58,ross,IMPRIME TODO,PEDIDO=70
*************
26-10-2018 16:00:04,,Ingreso USUARIO,Busca tabla invitado
*************
26-10-2018 16:00:06,ross,Ingreso CONTRASEÑA,Busca tabla invitado
*************
26-10-2018 16:01:43,,Ingreso USUARIO,Busca tabla invitado
*************
26-10-2018 16:01:44,ross,Ingreso CONTRASEÑA,Busca tabla invitado
*************
26-10-2018 16:17:16,,Ingreso USUARIO,Busca tabla invitado
*************
26-10-2018 16:17:19,,Ingreso CONTRASEÑA FALLIDO,
*************
26-10-2018 16:17:19,,Ingreso CONTRASEÑA,Busca tabla invitado
*************
26-10-2018 16:17:20,ross,Ingreso CONTRASEÑA,Busca tabla invitado
*************
26-10-2018 16:23:01,,Ingreso USUARIO,Busca tabla invitado
*************
26-10-2018 16:23:03,ross,Ingreso CONTRASEÑA,Busca tabla invitado
*************
26-10-2018 16:23:18,ross,1 GENERAR ORDEN,PEDIDO=1
*************
26-10-2018 16:23:20,ross,2 IMPRIMIR COD BARRAS,PEDIDO=01
*************
26-10-2018 16:25:04,,Ingreso USUARIO,Busca tabla invitado
*************
26-10-2018 16:25:06,ross,Ingreso CONTRASEÑA,Busca tabla invitado
*************
26-10-2018 16:25:19,ross,1 GENERAR ORDEN,PEDIDO=1
*************
26-10-2018 16:25:24,ross,2 IMPRIMIR COD BARRAS,PEDIDO=01
*************
26-10-2018 16:37:46,,Ingreso USUARIO,Busca tabla invitado
*************
26-10-2018 16:37:47,ross,Ingreso CONTRASEÑA,Busca tabla invitado
*************
26-10-2018 16:38:55,ross,1 MODIFICA ORDEN,PEDIDO=1
*************
26-10-2018 16:39:35,ross,GUARDA RESULTADOS,WBCH=4
*************
26-10-2018 16:39:35,ross,GUARDA RESULTADOS,NEUH=4
*************
26-10-2018 16:39:35,ross,GUARDA RESULTADOS,LYMH=4
*************
26-10-2018 16:39:35,ross,GUARDA RESULTADOS,MONOH=4
*************
26-10-2018 16:39:35,ross,GUARDA RESULTADOS,EOSH=4
*************
26-10-2018 16:39:35,ross,GUARDA RESULTADOS,BASOH=4
*************
26-10-2018 16:39:35,ross,GUARDA RESULTADOS,NEU%25H=4
*************
26-10-2018 16:39:35,ross,GUARDA RESULTADOS,LYM%25H=4
*************
26-10-2018 16:39:35,ross,GUARDA RESULTADOS,MONO%25H=4
*************
26-10-2018 16:39:35,ross,GUARDA RESULTADOS,EOS%25H=4
*************
26-10-2018 16:39:35,ross,GUARDA RESULTADOS,BASO%25H=4
*************
26-10-2018 16:39:35,ross,GUARDA RESULTADOS,RBCH=4
*************
26-10-2018 16:39:35,ross,GUARDA RESULTADOS,HCTH=4
*************
26-10-2018 16:39:35,ross,GUARDA RESULTADOS,HGBH=4
*************
26-10-2018 16:39:35,ross,GUARDA RESULTADOS,MCVH=4
*************
26-10-2018 16:39:35,ross,GUARDA RESULTADOS,MCHH=4
*************
26-10-2018 16:39:35,ross,GUARDA RESULTADOS,MCHCH=4
*************
26-10-2018 16:39:35,ross,GUARDA RESULTADOS,PLTH=4
*************
26-10-2018 16:39:35,ross,GUARDA RESULTADOS,PDWH=4
*************
26-10-2018 16:39:36,ross,GUARDA RESULTADOS,MPVH=4
*************
26-10-2018 16:39:36,ross,GUARDA RESULTADOS,PCTH=4
*************
26-10-2018 16:39:36,ross,GUARDA RESULTADOS,RDW_SDH=4
*************
26-10-2018 16:39:36,ross,GUARDA RESULTADOS,RDW_CVH=4
*************
26-10-2018 16:39:41,ross,GUARDA RESULTADOS,BIOMETRIA HEMATICA=MEMO
*************
26-10-2018 16:39:43,ross,VALIDACION RESULTADO,PEDIDO=1/400101
*************
26-10-2018 16:39:47,ross,Inserta usuario web,Paciente=3 RFLORES
*************
26-10-2018 16:46:14,,Ingreso USUARIO,Busca tabla invitado
*************
26-10-2018 16:46:16,ross,Ingreso CONTRASEÑA,Busca tabla invitado
*************
27-10-2018 10:17:55,,Ingreso USUARIO,Busca tabla invitado
*************
27-10-2018 10:17:57,ross,Ingreso CONTRASEÑA,Busca tabla invitado
*************
27-10-2018 10:18:06,ross,IMPRIME TODO,PEDIDO=1
*************
28-10-2018 21:47:13,,Ingreso USUARIO,Busca tabla invitado
*************
28-10-2018 21:47:14,ross,Ingreso CONTRASEÑA,Busca tabla invitado
*************
28-10-2018 21:51:46,ross,1 GENERAR ORDEN,PEDIDO=2
*************
28-10-2018 21:51:48,ross,2 IMPRIMIR COD BARRAS,PEDIDO=02
*************
31-10-2018 10:57:49,,Ingreso USUARIO,Busca tabla invitado
*************
31-10-2018 10:57:50,ross,Ingreso CONTRASEÑA,Busca tabla invitado
*************
31-10-2018 10:58:21,ross,Eliminar Convenio,Convenio0CJ
*************
31-10-2018 10:58:21,ross,Elimina Lista de Precios,Lista Precio=CJ
*************
31-10-2018 10:58:21,ross,Eliminar Secuencia,SECUENCIA=CJ
*************
31-10-2018 11:03:16,,Ingreso USUARIO,Busca tabla invitado
*************
31-10-2018 11:03:17,ross,Ingreso CONTRASEÑA,Busca tabla invitado
*************
31-10-2018 11:04:47,ross,Actualizar Laboratorio,Laboratorio=MEDGEN
*************
31-10-2018 11:05:18,ross,Nuevo Convenio,Convenio=NORMAL
*************
31-10-2018 11:05:58,ross,Nuevo Convenio,Convenio=NORMAL
*************
31-10-2018 11:05:58,ross,Guardar secuencia,SECUENCIA=NORMAL/1/999
*************
31-10-2018 11:07:27,ross,Nuevo Convenio,Convenio=NORMAL
*************
31-10-2018 11:07:27,ross,Guardar secuencia,SECUENCIA=NORMAL/1/999
*************
31-10-2018 11:08:11,ross,Nuevo Convenio,Convenio=URGENCIA
*************
31-10-2018 11:08:11,ross,Guardar secuencia,SECUENCIA=URGENCIA/5000/6000
*************
31-10-2018 11:10:43,ross,Nuevo Convenio,Convenio=LAB. STO DGO
*************
31-10-2018 11:10:44,ross,Guardar secuencia,SECUENCIA=LAB. STO DGO/1000/1999
*************
31-10-2018 11:13:24,,Ingreso USUARIO,Busca tabla invitado
*************
31-10-2018 11:13:25,ross,Ingreso CONTRASEÑA,Busca tabla invitado
*************
31-10-2018 11:14:43,ross,Nuevo Convenio,Convenio=LAB. 2
*************
31-10-2018 11:14:43,ross,Guardar secuencia,SECUENCIA=LAB. 2/2000/2999
*************
31-10-2018 11:33:00,,Ingreso USUARIO,Busca tabla invitado
*************
31-10-2018 11:33:01,ross,Ingreso CONTRASEÑA,Busca tabla invitado
*************
31-10-2018 11:33:36,ross,Nuevo Pedido PRE CARGA,LAB. 2/3
*************
31-10-2018 11:33:36,ross,Nuevo Pedido PRE CARGA,LAB. 2/4
*************
31-10-2018 11:33:36,ross,Nuevo Pedido PRE CARGA,LAB. 2/5
*************
31-10-2018 11:33:36,ross,Nuevo Pedido PRE CARGA,LAB. 2/6
*************
31-10-2018 11:33:36,ross,Nuevo Pedido PRE CARGA,LAB. 2/7
*************
31-10-2018 11:33:36,ross,Nuevo Pedido PRE CARGA,LAB. 2/8
*************
31-10-2018 11:33:36,ross,Nuevo Pedido PRE CARGA,LAB. 2/9
*************
31-10-2018 11:33:36,ross,Nuevo Pedido PRE CARGA,LAB. 2/10
*************
31-10-2018 11:33:36,ross,Nuevo Pedido PRE CARGA,LAB. 2/11
*************
31-10-2018 11:33:36,ross,Nuevo Pedido PRE CARGA,LAB. 2/12
*************
31-10-2018 11:33:36,ross,Nuevo Pedido PRE CARGA,LAB. 2/13
*************
31-10-2018 11:33:36,ross,Nuevo Pedido PRE CARGA,LAB. 2/14
*************
31-10-2018 11:33:36,ross,Nuevo Pedido PRE CARGA,LAB. 2/15
*************
31-10-2018 11:33:37,ross,Nuevo Pedido PRE CARGA,LAB. 2/16
*************
31-10-2018 11:33:37,ross,Nuevo Pedido PRE CARGA,LAB. 2/17
*************
31-10-2018 11:33:37,ross,Nuevo Pedido PRE CARGA,LAB. 2/18
*************
31-10-2018 11:33:37,ross,Nuevo Pedido PRE CARGA,LAB. 2/19
*************
31-10-2018 11:33:37,ross,Nuevo Pedido PRE CARGA,LAB. 2/20
*************
31-10-2018 11:33:37,ross,Nuevo Pedido PRE CARGA,LAB. 2/21
*************
31-10-2018 11:33:37,ross,Nuevo Pedido PRE CARGA,LAB. 2/22
*************
31-10-2018 11:33:37,ross,Nuevo Pedido PRE CARGA,LAB. 2/23
*************
31-10-2018 11:33:37,ross,Nuevo Pedido PRE CARGA,LAB. 2/24
*************
31-10-2018 11:33:37,ross,Nuevo Pedido PRE CARGA,LAB. 2/25
*************
31-10-2018 11:33:37,ross,Nuevo Pedido PRE CARGA,LAB. 2/26
*************
31-10-2018 11:33:37,ross,Nuevo Pedido PRE CARGA,LAB. 2/27
*************
31-10-2018 11:33:37,ross,Nuevo Pedido PRE CARGA,LAB. 2/28
*************
31-10-2018 11:33:37,ross,Nuevo Pedido PRE CARGA,LAB. 2/29
*************
31-10-2018 11:33:37,ross,Nuevo Pedido PRE CARGA,LAB. 2/30
*************
31-10-2018 11:33:37,ross,Nuevo Pedido PRE CARGA,LAB. 2/31
*************
31-10-2018 11:33:38,ross,Nuevo Pedido PRE CARGA,LAB. 2/32
*************
31-10-2018 11:34:00,ross,GUARDA RESULTADOS,CHOL=1
*************
31-10-2018 11:34:00,ross,GUARDA RESULTADOS,AHDL=1
*************
31-10-2018 11:34:00,ross,GUARDA RESULTADOS,LDL=1
*************
31-10-2018 11:34:00,ross,GUARDA RESULTADOS,TGL=1
*************
31-10-2018 11:34:03,ross,VALIDACION RESULTADO,PEDIDO=3/400149
*************
31-10-2018 11:34:03,ross,VALIDACION RESULTADO,PEDIDO=3/400150
*************
31-10-2018 11:34:03,ross,VALIDACION RESULTADO,PEDIDO=3/400151
*************
31-10-2018 11:34:03,ross,VALIDACION RESULTADO,PEDIDO=3/400476
*************
31-10-2018 11:34:53,ross,GUARDA RESULTADOS,CHOL=2
*************
31-10-2018 11:34:53,ross,GUARDA RESULTADOS,AHDL=2
*************
31-10-2018 11:34:53,ross,GUARDA RESULTADOS,LDL=2
*************
31-10-2018 11:34:53,ross,GUARDA RESULTADOS,TGL=2
*************
31-10-2018 11:34:55,ross,VALIDACION RESULTADO,PEDIDO=4/400149
*************
31-10-2018 11:34:55,ross,VALIDACION RESULTADO,PEDIDO=4/400150
*************
31-10-2018 11:34:55,ross,VALIDACION RESULTADO,PEDIDO=4/400151
*************
31-10-2018 11:34:55,ross,VALIDACION RESULTADO,PEDIDO=4/400476
*************
31-10-2018 11:35:08,ross,GUARDA RESULTADOS,CHOL=3
*************
31-10-2018 11:35:09,ross,GUARDA RESULTADOS,AHDL=3
*************
31-10-2018 11:35:09,ross,GUARDA RESULTADOS,LDL=3
*************
31-10-2018 11:35:09,ross,GUARDA RESULTADOS,TGL=3
*************
31-10-2018 11:35:10,ross,VALIDACION RESULTADO,PEDIDO=5/400149
*************
31-10-2018 11:35:10,ross,VALIDACION RESULTADO,PEDIDO=5/400150
*************
31-10-2018 11:35:10,ross,VALIDACION RESULTADO,PEDIDO=5/400151
*************
31-10-2018 11:35:10,ross,VALIDACION RESULTADO,PEDIDO=5/400476
*************
31-10-2018 11:39:22,,Ingreso USUARIO,Busca tabla invitado
*************
31-10-2018 11:39:23,ross,Ingreso CONTRASEÑA,Busca tabla invitado
*************
31-10-2018 11:39:51,ross,1 GENERAR ORDEN,PEDIDO=33
*************
31-10-2018 11:39:53,ross,2 IMPRIMIR COD BARRAS,PEDIDO=33
*************
31-10-2018 11:40:15,ross,GUARDA RESULTADOS,HCGQ=NEGATIVO
*************
31-10-2018 11:40:17,ross,VALIDACION RESULTADO,PEDIDO=33/400571
*************
31-10-2018 11:40:54,ross,Actualiza Mail Paciente,Paciente=1 rossvanflores@homail.com
*************
31-10-2018 11:40:58,ross,Inserta usuario web,Paciente=1 MMORALES
*************
31-10-2018 11:43:33,ross,GUARDA RESULTADOS,HCGQ=NEGATIVO
*************
31-10-2018 14:17:27,,Ingreso USUARIO,Busca tabla invitado
*************
31-10-2018 14:17:29,ross,Ingreso CONTRASEÑA,Busca tabla invitado
*************
31-10-2018 14:17:59,ross,GUARDA RESULTADOS,HCGQ=NEGATIVO
*************
31-10-2018 14:30:13,,Ingreso USUARIO,Busca tabla invitado
*************
31-10-2018 14:30:14,ross,Ingreso CONTRASEÑA,Busca tabla invitado
*************
31-10-2018 14:30:25,ross,GUARDA RESULTADOS,HCGQ=NEGATIVO
*************
31-10-2018 15:22:45,,Ingreso USUARIO,Busca tabla invitado
*************
31-10-2018 15:22:46,ross,Ingreso CONTRASEÑA,Busca tabla invitado
*************
31-10-2018 15:22:59,ross,GUARDA RESULTADOS,HCGQ=NEGATIVO
*************
31-10-2018 15:36:09,,Ingreso USUARIO,Busca tabla invitado
*************
31-10-2018 15:36:10,ross,Ingreso CONTRASEÑA,Busca tabla invitado
*************
31-10-2018 15:36:21,ross,GUARDA RESULTADOS,HCGQ=NEGATIVO
*************
31-10-2018 15:36:55,ross,Inserta usuario web,Paciente=1 MMORALES
*************
31-10-2018 15:40:01,ross,Nuevo Convenio,Convenio=CONDELPI
*************
31-10-2018 15:40:01,ross,Guardar secuencia,SECUENCIA=CONDELPI/3000/3999
*************
31-10-2018 15:41:34,ross,GUARDA RESULTADOS,HCGQ=NEGATIVO
*************
31-10-2018 15:41:39,ross,Inserta usuario web,Paciente=1 MMORALES
*************
31-10-2018 15:48:35,,Ingreso USUARIO,Busca tabla invitado
*************
31-10-2018 15:48:36,ross,Ingreso CONTRASEÑA,Busca tabla invitado
*************
31-10-2018 15:48:46,ross,GUARDA RESULTADOS,HCGQ=NEGATIVO
*************
31-10-2018 15:58:54,,Ingreso USUARIO,Busca tabla invitado
*************
31-10-2018 15:58:55,ross,Ingreso CONTRASEÑA,Busca tabla invitado
*************
31-10-2018 15:59:31,ross,GUARDA RESULTADOS,HCGQ=NEGATIVO
*************
31-10-2018 16:03:30,,Ingreso USUARIO,Busca tabla invitado
*************
31-10-2018 16:03:31,ross,Ingreso CONTRASEÑA,Busca tabla invitado
*************
31-10-2018 16:03:44,ross,GUARDA RESULTADOS,HCGQ=NEGATIVO
*************
31-10-2018 16:04:04,ross,Inserta usuario web,Paciente=1 MMORALES
*************
31-10-2018 16:05:35,ross,Nuevo Convenio,Convenio=KFC
*************
31-10-2018 16:05:35,ross,Guardar secuencia,SECUENCIA=KFC/4000/4999
*************
31-10-2018 16:06:46,ross,Nuevo Convenio,Convenio=KIA
*************
31-10-2018 16:06:46,ross,Guardar secuencia,SECUENCIA=KIA/6001/6999
*************
31-10-2018 16:07:16,ross,GUARDA RESULTADOS,HCGQ=NEGATIVO
*************
31-10-2018 16:40:14,,Ingreso USUARIO,Busca tabla invitado
*************
31-10-2018 16:40:16,ross,Ingreso CONTRASEÑA,Busca tabla invitado
*************
31-10-2018 16:40:26,ross,GUARDA RESULTADOS,HCGQ=NEGATIVO
*************
31-10-2018 16:41:38,,Ingreso USUARIO,Busca tabla invitado
*************
31-10-2018 16:41:39,ross,Ingreso CONTRASEÑA,Busca tabla invitado
*************
31-10-2018 16:41:48,ross,GUARDA RESULTADOS,HCGQ=NEGATIVO
*************
31-10-2018 16:42:08,ross,Inserta usuario web,Paciente=1 MMORALES
*************
31-10-2018 16:47:40,,Ingreso USUARIO,Busca tabla invitado
*************
31-10-2018 16:47:42,ross,Ingreso CONTRASEÑA,Busca tabla invitado
*************
31-10-2018 16:48:44,ross,Generar Paciente,Paciente=GONZALEZ MORALES ANA PAULA
*************
31-10-2018 16:48:54,ross,1 GENERAR ORDEN,PEDIDO=34
*************
31-10-2018 16:48:56,ross,2 IMPRIMIR COD BARRAS,PEDIDO=34
*************
31-10-2018 16:49:17,ross,GUARDA RESULTADOS,CHOL=120
*************
31-10-2018 16:49:18,ross,VALIDACION RESULTADO,PEDIDO=34/400149
*************
31-10-2018 16:49:33,ross,Inserta usuario web,Paciente=35 AGONZALEZ
*************
31-10-2018 16:50:54,ross,Nuevo Convenio,Convenio=INDEGA
*************
31-10-2018 16:50:54,ross,Guardar secuencia,SECUENCIA=INDEGA/7000/7999
*************
