01/06/2024 18:08:04,,Ingreso USUARIO,Busca tabla invitado
*************
01/06/2024 18:08:05,ross,Ingreso CONTRASEÑA,Busca tabla invitado
*************
01/06/2024 18:13:41,ross,01 GENERAR ORDEN  NORMAL EXAMENES: 400286,,PEDIDO=149
*************
01/06/2024 18:19:21,ross,Nuevo Pedido PRE CARGA,NORMAL/150
*************
01/06/2024 18:19:22,ross,GUARDA ENCUESTA,3838
*************
01/06/2024 18:44:02,,Ingreso USUARIO,Busca tabla invitado
*************
01/06/2024 18:44:03,ross,Ingreso CONTRASEÑA,Busca tabla invitado
*************
01/06/2024 21:16:28,,Ingreso USUARIO,Busca tabla invitado
*************
01/06/2024 21:16:29,ross,Ingreso CONTRASEÑA,Busca tabla invitado
*************
01/06/2024 21:21:12,,Ingreso USUARIO,Busca tabla invitado
*************
01/06/2024 21:21:13,ross,Ingreso CONTRASEÑA,Busca tabla invitado
*************
01/06/2024 21:28:45,,Ingreso USUARIO,Busca tabla invitado
*************
01/06/2024 21:28:46,ross,Ingreso CONTRASEÑA,Busca tabla invitado
*************
01/06/2024 21:30:14,,Ingreso USUARIO,Busca tabla invitado
*************
01/06/2024 21:30:15,ross,Ingreso CONTRASEÑA,Busca tabla invitado
*************
01/06/2024 21:32:00,,Ingreso USUARIO,Busca tabla invitado
*************
01/06/2024 21:32:00,ross,Ingreso CONTRASEÑA,Busca tabla invitado
*************
01/06/2024 21:33:25,ross,Operación de Movimiento Inventario,
*************
01/06/2024 21:33:25,ross,Inserción de detalle movimiento inventario,
*************
01/06/2024 21:59:33,,Ingreso USUARIO,Busca tabla invitado
*************
01/06/2024 21:59:34,ross,Ingreso CONTRASEÑA,Busca tabla invitado
*************
01/06/2024 22:00:48,ross,Operación de Movimiento Inventario,
*************
01/06/2024 22:00:48,ross,Inserción de detalle movimiento inventario,
*************
01/06/2024 22:06:16,,Ingreso USUARIO,Busca tabla invitado
*************
01/06/2024 22:06:17,ross,Ingreso CONTRASEÑA,Busca tabla invitado
*************
01/06/2024 22:09:51,,Ingreso USUARIO,Busca tabla invitado
*************
01/06/2024 22:09:52,ross,Ingreso CONTRASEÑA,Busca tabla invitado
*************
01/06/2024 22:10:12,ross,Operación de Movimiento Inventario,
*************
01/06/2024 22:10:12,ross,Inserción de detalle movimiento inventario,
*************
01/06/2024 22:13:28,,Ingreso USUARIO,Busca tabla invitado
*************
01/06/2024 22:13:29,ross,Ingreso CONTRASEÑA,Busca tabla invitado
*************
01/06/2024 22:23:41,,Ingreso USUARIO,Busca tabla invitado
*************
01/06/2024 22:23:42,ross,Ingreso CONTRASEÑA,Busca tabla invitado
*************
01/06/2024 22:27:22,,Ingreso USUARIO,Busca tabla invitado
*************
01/06/2024 22:27:23,ross,Ingreso CONTRASEÑA,Busca tabla invitado
*************
01/06/2024 22:33:17,,Ingreso USUARIO,Busca tabla invitado
*************
01/06/2024 22:33:18,ross,Ingreso CONTRASEÑA,Busca tabla invitado
*************
01/06/2024 22:47:15,,Ingreso USUARIO,Busca tabla invitado
*************
01/06/2024 22:47:16,ross,Ingreso CONTRASEÑA,Busca tabla invitado
*************
01/06/2024 22:49:44,,Ingreso USUARIO,Busca tabla invitado
*************
01/06/2024 22:49:45,ross,Ingreso CONTRASEÑA,Busca tabla invitado
*************
01/06/2024 22:54:48,,Ingreso USUARIO,Busca tabla invitado
*************
01/06/2024 22:54:49,ross,Ingreso CONTRASEÑA,Busca tabla invitado
*************
01/06/2024 22:58:23,,Ingreso USUARIO,Busca tabla invitado
*************
01/06/2024 22:58:24,ross,Ingreso CONTRASEÑA,Busca tabla invitado
*************
01/06/2024 23:00:05,,Ingreso USUARIO,Busca tabla invitado
*************
01/06/2024 23:00:06,ross,Ingreso CONTRASEÑA,Busca tabla invitado
*************
01/06/2024 23:05:28,,Ingreso USUARIO,Busca tabla invitado
*************
01/06/2024 23:05:29,ross,Ingreso CONTRASEÑA,Busca tabla invitado
*************
01/06/2024 23:05:56,ross,Operación de Movimiento Inventario,
*************
01/06/2024 23:05:56,ross,Inserción de detalle movimiento inventario,
*************
01/06/2024 23:12:13,ross,Actualizar Producto,
*************
01/06/2024 23:12:39,ross,Actualizar Producto,
*************
01/06/2024 23:13:07,ross,Operación de Movimiento Inventario,
*************
01/06/2024 23:13:07,ross,Inserción de detalle movimiento inventario,
*************
03/06/2024 19:10:20,,Ingreso USUARIO,Busca tabla invitado
*************
03/06/2024 19:10:21,ross,Ingreso CONTRASEÑA,Busca tabla invitado
*************
03/06/2024 19:10:36,ross,IMPRIME POR AREA,PEDIDO=26
*************
03/06/2024 19:13:10,,Ingreso USUARIO,Busca tabla invitado
*************
03/06/2024 19:13:11,ross,Ingreso CONTRASEÑA,Busca tabla invitado
*************
03/06/2024 19:13:24,ross,IMPRIME POR AREA,PEDIDO=26
*************
03/06/2024 19:13:40,ross,IMPRIME TODO,PEDIDO=26
*************
03/06/2024 19:13:49,ross,IMPRIME POR AREA,PEDIDO=26
*************
04/06/2024 17:55:46,,Ingreso USUARIO,Busca tabla invitado
*************
04/06/2024 17:55:48,ross,Ingreso CONTRASEÑA,Busca tabla invitado
*************
04/06/2024 18:11:31,,Ingreso USUARIO,Busca tabla invitado
*************
04/06/2024 18:11:32,ross,Ingreso CONTRASEÑA,Busca tabla invitado
*************
04/06/2024 18:11:56,ross,01 GENERAR ORDEN  NORMAL EXAMENES: 400101,400149,400150,400476,400151,,PEDIDO=22730
*************
04/06/2024 18:20:18,,Ingreso USUARIO,Busca tabla invitado
*************
04/06/2024 18:20:19,ross,Ingreso CONTRASEÑA,Busca tabla invitado
*************
04/06/2024 18:24:47,,Ingreso USUARIO,Busca tabla invitado
*************
04/06/2024 18:24:48,ross,Ingreso CONTRASEÑA,Busca tabla invitado
*************
04/06/2024 18:38:39,,Ingreso USUARIO,Busca tabla invitado
*************
04/06/2024 18:38:40,ross,Ingreso CONTRASEÑA,Busca tabla invitado
*************
04/06/2024 18:39:02,ross,VALIDACION RESULTADO,PEDIDO=22715/400827
*************
04/06/2024 18:39:03,ross,Eliminar resultado AUX_HIS,
*************
04/06/2024 18:40:10,ross,Actualizar Rango Unico,Test=400827 Rango=0-10
*************
04/06/2024 18:41:33,,Ingreso USUARIO,Busca tabla invitado
*************
04/06/2024 18:41:35,msaltos,Ingreso CONTRASEÑA,Busca tabla invitado
*************
04/06/2024 18:47:16,,Ingreso USUARIO,Busca tabla invitado
*************
04/06/2024 18:47:16,ross,Ingreso CONTRASEÑA,Busca tabla invitado
*************
04/06/2024 18:47:59,ross,1 MODIFICA ORDEN NORMAL EXAMENES: 400827,,PEDIDO=22715
*************
04/06/2024 18:48:19,ross,GUARDA RESULTADOS,FRH=3.0
*************
04/06/2024 18:48:22,ross,VALIDACION RESULTADO,PEDIDO=22715/400827
*************
04/06/2024 18:48:22,ross,Eliminar resultado AUX_HIS,
*************
04/06/2024 18:53:55,,Ingreso USUARIO,Busca tabla invitado
*************
04/06/2024 18:53:57,msaltos,Ingreso CONTRASEÑA,Busca tabla invitado
*************
04/06/2024 18:54:42,msaltos,Actualiza Test,Test=GRANULOCITOS INMADUROS %
*************
04/06/2024 18:54:55,msaltos,Actualiza Test,Test=GRANULOCITOS INMADUROS #
*************
04/06/2024 18:58:14,msaltos,01 GENERAR ORDEN  NORMAL EXAMENES: 400101,,PEDIDO=22731
*************
04/06/2024 19:18:39,msaltos,1 ANULA ORDEN,PEDIDO=22730BIOMETRIA HEMATICA ºCOLESTEROL LDLºCOLESTEROL TOTAL ºTRIGLICERIDOS ºCOLESTEROL HDLº MOTIVO: test
*************
04/06/2024 19:18:46,msaltos,03 IMPRIMIR PEDIDO,PEDIDO=22731
*************
04/06/2024 20:03:43,,Ingreso USUARIO,Busca tabla invitado
*************
04/06/2024 20:03:44,ross,Ingreso CONTRASEÑA,Busca tabla invitado
*************
04/06/2024 20:04:48,,Ingreso USUARIO,Busca tabla invitado
*************
04/06/2024 20:04:49,ross,Ingreso CONTRASEÑA,Busca tabla invitado
*************
04/06/2024 20:05:32,,Ingreso USUARIO,Busca tabla invitado
*************
04/06/2024 20:05:32,ross,Ingreso CONTRASEÑA,Busca tabla invitado
*************
04/06/2024 20:10:45,,Ingreso USUARIO,Busca tabla invitado
*************
04/06/2024 20:10:46,ross,Ingreso CONTRASEÑA,Busca tabla invitado
*************
04/06/2024 20:10:59,ross,Actualizacon Medico,Medico=SEGUNDO ROSERO
*************
04/06/2024 20:12:56,,Ingreso USUARIO,Busca tabla invitado
*************
04/06/2024 20:12:57,ross,Ingreso CONTRASEÑA,Busca tabla invitado
*************
04/06/2024 20:16:45,,Ingreso USUARIO,Busca tabla invitado
*************
04/06/2024 20:16:46,ross,Ingreso CONTRASEÑA,Busca tabla invitado
*************
04/06/2024 20:21:41,,Ingreso USUARIO,Busca tabla invitado
*************
04/06/2024 20:21:42,ross,Ingreso CONTRASEÑA,Busca tabla invitado
*************
04/06/2024 20:21:59,ross,Actualizacon Medico,Medico=PILICITA JOSE
*************
04/06/2024 20:22:28,,Ingreso USUARIO,Busca tabla invitado
*************
04/06/2024 20:22:28,ross,Ingreso CONTRASEÑA,Busca tabla invitado
*************
04/06/2024 20:22:44,ross,Actualizacon Medico,Medico=POPO LOPI
*************
04/06/2024 20:25:40,,Ingreso USUARIO,Busca tabla invitado
*************
04/06/2024 20:25:41,ross,Ingreso CONTRASEÑA,Busca tabla invitado
*************
04/06/2024 20:25:57,ross,Actualizacon Medico,Medico=LOACHAMIN PEPITO
*************
04/06/2024 20:27:18,,Ingreso USUARIO,Busca tabla invitado
*************
04/06/2024 20:27:19,ross,Ingreso CONTRASEÑA,Busca tabla invitado
*************
04/06/2024 20:27:32,ross,Actualizacon Medico,Medico=PANOCHA JUANA
*************
04/06/2024 20:34:03,,Ingreso USUARIO,Busca tabla invitado
*************
04/06/2024 20:34:04,ross,Ingreso CONTRASEÑA,Busca tabla invitado
*************
05/06/2024 9:48:41,,Ingreso USUARIO,Busca tabla invitado
*************
05/06/2024 9:48:44,msaltos,Ingreso CONTRASEÑA,Busca tabla invitado
*************
05/06/2024 10:03:37,,Ingreso USUARIO,Busca tabla invitado
*************
05/06/2024 10:03:38,ross,Ingreso CONTRASEÑA,Busca tabla invitado
*************
05/06/2024 10:03:58,ross,01 GENERAR ORDEN  NORMAL EXAMENES: 400151,,PEDIDO=151
*************
05/06/2024 10:04:08,ross,1 MODIFICA ORDENNORMAL,PEDIDO=151
*************
05/06/2024 10:06:14,,Ingreso USUARIO,Busca tabla invitado
*************
05/06/2024 10:06:15,ross,Ingreso CONTRASEÑA,Busca tabla invitado
*************
05/06/2024 10:11:34,,Ingreso USUARIO,Busca tabla invitado
*************
05/06/2024 10:11:35,ross,Ingreso CONTRASEÑA,Busca tabla invitado
*************
05/06/2024 10:11:55,ross,Nuevo Pedido PRE CARGA,NORMAL/152
*************
05/06/2024 10:11:55,ross,GUARDA ENCUESTA,3909
*************
05/06/2024 10:13:35,,Ingreso USUARIO,Busca tabla invitado
*************
05/06/2024 10:13:36,ross,Ingreso CONTRASEÑA,Busca tabla invitado
*************
05/06/2024 10:28:17,,Ingreso USUARIO,Busca tabla invitado
*************
05/06/2024 10:28:17,ross,Ingreso CONTRASEÑA,Busca tabla invitado
*************
05/06/2024 10:28:49,ross,Nuevo Pedido PRE CARGA,NORMAL/153
*************
05/06/2024 10:28:49,ross,GUARDA ENCUESTA,3913
*************
05/06/2024 10:42:37,,Ingreso USUARIO,Busca tabla invitado
*************
05/06/2024 10:42:38,ross,Ingreso CONTRASEÑA,Busca tabla invitado
*************
05/06/2024 16:22:36,,Ingreso USUARIO,Busca tabla invitado
*************
05/06/2024 16:22:37,ross,Ingreso CONTRASEÑA,Busca tabla invitado
*************
05/06/2024 16:23:01,ross,01 GENERAR ORDEN  NORMAL EXAMENES: 400945,,PEDIDO=22732
*************
05/06/2024 16:38:37,,Ingreso USUARIO,Busca tabla invitado
*************
05/06/2024 16:38:39,msaltos,Ingreso CONTRASEÑA,Busca tabla invitado
*************
05/06/2024 16:49:36,,Ingreso USUARIO,Busca tabla invitado
*************
05/06/2024 16:49:37,ross,Ingreso CONTRASEÑA,Busca tabla invitado
*************
05/06/2024 16:53:10,,Ingreso USUARIO,Busca tabla invitado
*************
05/06/2024 16:53:11,ross,Ingreso CONTRASEÑA,Busca tabla invitado
*************
05/06/2024 16:53:36,ross,Actualiza Test,Test=GERMEN AISLADO
*************
05/06/2024 18:33:55,,Ingreso USUARIO,Busca tabla invitado
*************
05/06/2024 18:33:55,ross,Ingreso CONTRASEÑA,Busca tabla invitado
*************
05/06/2024 18:34:29,,Ingreso USUARIO,Busca tabla invitado
*************
05/06/2024 18:34:33,ross,Ingreso CONTRASEÑA,Busca tabla invitado
*************
05/06/2024 18:38:32,,Ingreso USUARIO,Busca tabla invitado
*************
05/06/2024 18:38:33,ross,Ingreso CONTRASEÑA,Busca tabla invitado
*************
05/06/2024 18:42:55,,Ingreso USUARIO,Busca tabla invitado
*************
05/06/2024 18:42:56,ross,Ingreso CONTRASEÑA,Busca tabla invitado
*************
05/06/2024 18:53:54,,Ingreso USUARIO,Busca tabla invitado
*************
05/06/2024 18:53:55,ross,Ingreso CONTRASEÑA,Busca tabla invitado
*************
05/06/2024 18:57:31,,Ingreso USUARIO,Busca tabla invitado
*************
05/06/2024 18:57:31,ross,Ingreso CONTRASEÑA,Busca tabla invitado
*************
05/06/2024 18:59:55,,Ingreso USUARIO,Busca tabla invitado
*************
05/06/2024 18:59:56,ross,Ingreso CONTRASEÑA,Busca tabla invitado
*************
05/06/2024 19:06:55,,Ingreso USUARIO,Busca tabla invitado
*************
05/06/2024 19:06:55,ross,Ingreso CONTRASEÑA,Busca tabla invitado
*************
05/06/2024 19:10:29,ross,Nuevo Pedido PRE CARGA,NORMAL/154
*************
05/06/2024 19:10:29,ross,GUARDA ENCUESTA,3902
*************
05/06/2024 19:11:27,ross,Nuevo Pedido PRE CARGA,NORMAL/155
*************
05/06/2024 19:11:27,ross,GUARDA ENCUESTA,3905
*************
05/06/2024 19:20:02,,Ingreso USUARIO,Busca tabla invitado
*************
05/06/2024 19:20:04,ross,Ingreso CONTRASEÑA,Busca tabla invitado
*************
05/06/2024 20:40:03,,Ingreso USUARIO,Busca tabla invitado
*************
05/06/2024 20:40:04,ross,Ingreso CONTRASEÑA,Busca tabla invitado
*************
05/06/2024 20:44:59,,Ingreso USUARIO,Busca tabla invitado
*************
05/06/2024 20:45:00,ross,Ingreso CONTRASEÑA,Busca tabla invitado
*************
06/06/2024 8:09:23,,Ingreso USUARIO,Busca tabla invitado
*************
06/06/2024 8:09:24,ross,Ingreso CONTRASEÑA,Busca tabla invitado
*************
06/06/2024 8:16:29,,Ingreso USUARIO,Busca tabla invitado
*************
06/06/2024 8:16:30,ross,Ingreso CONTRASEÑA,Busca tabla invitado
*************
06/06/2024 8:22:25,,Ingreso USUARIO,Busca tabla invitado
*************
06/06/2024 8:22:26,ross,Ingreso CONTRASEÑA,Busca tabla invitado
*************
06/06/2024 8:24:04,ross,Nuevo Pedido PRE CARGA,NORMAL/156
*************
06/06/2024 8:24:05,ross,GUARDA ENCUESTA,3979
*************
06/06/2024 8:28:53,ross,Nuevo Pedido PRE CARGA,NORMAL/157
*************
06/06/2024 8:28:53,ross,GUARDA ENCUESTA,3983
*************
06/06/2024 13:03:51,ross,CUTANEAS,AL_CERDOH
*************
06/06/2024 13:03:51,ross,CUTANEAS,AL_POLLOH
*************
06/06/2024 13:03:51,ross,CUTANEAS,AL_CORVINAH
*************
06/06/2024 13:03:51,ross,CUTANEAS,AL_ATUNH
*************
06/06/2024 13:03:51,ross,CUTANEAS,AL_LANGOSTAH
*************
06/06/2024 13:03:51,ross,CUTANEAS,AL_CAMARONH
*************
06/06/2024 13:03:51,ross,CUTANEAS,AL_LECHEH
*************
06/06/2024 13:03:51,ross,CUTANEAS,AL_HUEVOCIH
*************
06/06/2024 13:03:51,ross,CUTANEAS,AL_YEMAH
*************
06/06/2024 13:03:51,ross,CUTANEAS,AL_TRIGOH
*************
06/06/2024 13:03:51,ross,CUTANEAS,AL_MAIZH
*************
06/06/2024 13:03:51,ross,CUTANEAS,AL_ARROZH
*************
06/06/2024 13:03:51,ross,CUTANEAS,AL_FREJOLH
*************
06/06/2024 13:03:51,ross,CUTANEAS,AL_LENTEJAH
*************
06/06/2024 13:03:51,ross,CUTANEAS,AL_HABAH
*************
06/06/2024 13:03:51,ross,CUTANEAS,AL_TOMATEH
*************
06/06/2024 13:03:51,ross,CUTANEAS,AL_ZANAHORIAH
*************
06/06/2024 13:03:51,ross,CUTANEAS,AL_MANIH
*************
06/06/2024 13:03:51,ross,CUTANEAS,AL_CHOCOLATEH
*************
06/06/2024 13:03:51,ross,CUTANEAS,AL_NARANJAH
*************
06/06/2024 13:03:51,ross,CUTANEAS,AL_PIÑAH
*************
06/06/2024 13:03:51,ross,CUTANEAS,AL_FRUTILLAH
*************
06/06/2024 13:03:51,ross,CUTANEAS,AL_RHIZOPUSH
*************
06/06/2024 13:03:51,ross,CUTANEAS,AL_POLVOCPH
*************
06/06/2024 13:03:51,ross,CUTANEAS,AL_POLVOCSH
*************
06/06/2024 13:03:51,ross,CUTANEAS,AL_CUCARACHAH
*************
06/06/2024 13:03:51,ross,CUTANEAS,AL_DPTERONYSINUSH
*************
06/06/2024 13:03:51,ross,CUTANEAS,AL_ACACETILH
*************
06/06/2024 13:03:51,ross,CUTANEAS,AL_BETALACTAMICOS1H
*************
06/06/2024 13:03:52,ross,CUTANEAS,AL_BETALACTAMICOS2H
*************
06/06/2024 13:03:52,ross,CUTANEAS,AL_MACROLIDOSH
*************
06/06/2024 13:03:52,ross,CUTANEAS,AL_QUINOLONASH
*************
06/06/2024 18:03:43,,Ingreso USUARIO,Busca tabla invitado
*************
06/06/2024 18:03:46,ross,Ingreso CONTRASEÑA,Busca tabla invitado
*************
06/06/2024 18:45:05,,Ingreso USUARIO,Busca tabla invitado
*************
06/06/2024 18:45:07,ross,Ingreso CONTRASEÑA,Busca tabla invitado
*************
06/06/2024 19:36:58,,Ingreso USUARIO,Busca tabla invitado
*************
06/06/2024 19:37:00,ross,Ingreso CONTRASEÑA,Busca tabla invitado
*************
06/06/2024 19:40:52,,Ingreso USUARIO,Busca tabla invitado
*************
06/06/2024 19:40:53,ross,Ingreso CONTRASEÑA,Busca tabla invitado
*************
06/06/2024 19:52:50,,Ingreso USUARIO,Busca tabla invitado
*************
06/06/2024 19:52:51,ross,Ingreso CONTRASEÑA,Busca tabla invitado
*************
06/06/2024 20:03:29,,Ingreso USUARIO,Busca tabla invitado
*************
06/06/2024 20:03:31,ross,Ingreso CONTRASEÑA,Busca tabla invitado
*************
06/06/2024 20:11:54,,Ingreso USUARIO,Busca tabla invitado
*************
06/06/2024 20:11:55,ross,Ingreso CONTRASEÑA,Busca tabla invitado
*************
06/06/2024 20:13:07,,Ingreso USUARIO,Busca tabla invitado
*************
06/06/2024 20:13:08,ross,Ingreso CONTRASEÑA,Busca tabla invitado
*************
06/06/2024 20:18:08,,Ingreso USUARIO,Busca tabla invitado
*************
06/06/2024 20:18:09,ross,Ingreso CONTRASEÑA,Busca tabla invitado
*************
06/06/2024 20:21:38,ross,CUTANEAS,AL_CERDOH
*************
06/06/2024 20:21:38,ross,CUTANEAS,AL_POLLOH
*************
06/06/2024 20:21:38,ross,CUTANEAS,AL_CORVINAH
*************
06/06/2024 20:21:38,ross,CUTANEAS,AL_ATUNH
*************
06/06/2024 20:21:38,ross,CUTANEAS,AL_LANGOSTAH
*************
06/06/2024 20:21:38,ross,CUTANEAS,AL_CAMARONH
*************
06/06/2024 20:21:38,ross,CUTANEAS,AL_LECHEH
*************
06/06/2024 20:21:38,ross,CUTANEAS,AL_HUEVOCIH
*************
06/06/2024 20:21:38,ross,CUTANEAS,AL_YEMAH
*************
06/06/2024 20:21:38,ross,CUTANEAS,AL_TRIGOH
*************
06/06/2024 20:21:38,ross,CUTANEAS,AL_MAIZH
*************
06/06/2024 20:21:38,ross,CUTANEAS,AL_ARROZH
*************
06/06/2024 20:21:38,ross,CUTANEAS,AL_FREJOLH
*************
06/06/2024 20:21:38,ross,CUTANEAS,AL_LENTEJAH
*************
06/06/2024 20:21:38,ross,CUTANEAS,AL_HABAH
*************
06/06/2024 20:21:38,ross,CUTANEAS,AL_TOMATEH
*************
06/06/2024 20:21:38,ross,CUTANEAS,AL_ZANAHORIAH
*************
06/06/2024 20:21:38,ross,CUTANEAS,AL_MANIH
*************
06/06/2024 20:21:38,ross,CUTANEAS,AL_CHOCOLATEH
*************
06/06/2024 20:21:38,ross,CUTANEAS,AL_NARANJAH
*************
06/06/2024 20:21:38,ross,CUTANEAS,AL_PIÑAH
*************
06/06/2024 20:21:38,ross,CUTANEAS,AL_FRUTILLAH
*************
06/06/2024 20:21:38,ross,CUTANEAS,AL_RHIZOPUSH
*************
06/06/2024 20:21:38,ross,CUTANEAS,AL_POLVOCPH
*************
06/06/2024 20:21:38,ross,CUTANEAS,AL_POLVOCSH
*************
06/06/2024 20:21:38,ross,CUTANEAS,AL_CUCARACHAH
*************
06/06/2024 20:21:38,ross,CUTANEAS,AL_DPTERONYSINUSH
*************
06/06/2024 20:21:38,ross,CUTANEAS,AL_FENILARILH
*************
06/06/2024 20:21:38,ross,CUTANEAS,AL_ACACETILH
*************
06/06/2024 20:21:38,ross,CUTANEAS,AL_BETALACTAMICOS1H
*************
06/06/2024 20:21:38,ross,CUTANEAS,AL_BETALACTAMICOS2H
*************
06/06/2024 20:21:38,ross,CUTANEAS,AL_MACROLIDOSH
*************
06/06/2024 20:21:38,ross,CUTANEAS,AL_QUINOLONASH
*************
09/06/2024 19:23:04,,Ingreso USUARIO,Busca tabla invitado
*************
09/06/2024 19:23:05,ross,Ingreso CONTRASEÑA,Busca tabla invitado
*************
09/06/2024 19:23:30,ross,GUARDA RESULTADOS,BHH=MEMO
*************
09/06/2024 19:23:30,ross,GUARDA RESULTADOS,COLH=129
*************
09/06/2024 19:23:30,ross,GUARDA RESULTADOS,AHDLH=34
*************
09/06/2024 19:23:30,ross,GUARDA RESULTADOS,LDLH=57.2
*************
09/06/2024 19:23:30,ross,GUARDA RESULTADOS,TGLH=189
*************
09/06/2024 19:23:35,ross,Eliminar resultado AUX_HIS,
*************
09/06/2024 19:25:19,ross,Nuevo Convenio,Convenio=ESPECIALMEDIC
*************
09/06/2024 19:25:19,ross,Guardar secuencia,SECUENCIA=ESPECIALMEDIC/1701/1800
*************
09/06/2024 19:26:07,ross,01 GENERAR ORDEN  ESPECIALMEDIC EXAMENES: 400149,400150,400476,400151,400295,,PEDIDO=158
*************
09/06/2024 19:26:36,ross,GUARDA RESULTADOS,COLH=133
*************
09/06/2024 19:26:36,ross,GUARDA RESULTADOS,AHDLH=43
*************
09/06/2024 19:26:36,ross,GUARDA RESULTADOS,LDLH=59.38
*************
09/06/2024 19:26:36,ross,GUARDA RESULTADOS,TGLH=153.1
*************
09/06/2024 19:26:38,ross,VALIDACION RESULTADO,PEDIDO=158/400149
*************
09/06/2024 19:26:38,ross,VALIDACION RESULTADO,PEDIDO=158/400150
*************
09/06/2024 19:26:38,ross,VALIDACION RESULTADO,PEDIDO=158/400151
*************
09/06/2024 19:26:38,ross,VALIDACION RESULTADO,PEDIDO=158/400476
*************
09/06/2024 19:26:38,ross,Eliminar resultado AUX_HIS,
*************
09/06/2024 19:29:45,,Ingreso USUARIO,Busca tabla invitado
*************
09/06/2024 19:29:46,ross,Ingreso CONTRASEÑA,Busca tabla invitado
*************
09/06/2024 19:30:00,ross,GUARDA RESULTADOS,COLH=133
*************
09/06/2024 19:30:00,ross,GUARDA RESULTADOS,AHDLH=43
*************
09/06/2024 19:30:00,ross,GUARDA RESULTADOS,LDLH=59.38
*************
09/06/2024 19:30:00,ross,GUARDA RESULTADOS,TGLH=153.1
*************
09/06/2024 19:30:02,ross,Eliminar resultado AUX_HIS,
*************
09/06/2024 19:34:56,,Ingreso USUARIO,Busca tabla invitado
*************
09/06/2024 19:34:57,ross,Ingreso CONTRASEÑA,Busca tabla invitado
*************
09/06/2024 19:35:38,ross,Actualizar Convenio,Convenio=ESENCIALMEDIC
*************
09/06/2024 19:35:38,ross,Actualizar Secuencia,SECUENCIA=ESENCIALMEDIC/1701/1800
*************
09/06/2024 19:35:38,ross,Actualizar LISTA PRECIO=ESENCIALMEDIC,
*************
09/06/2024 19:35:40,ross,Actualizar pedido en convenio =ESENCIALMEDIC,
*************
09/06/2024 19:37:01,ross,GUARDA RESULTADOS,COLH=133
*************
09/06/2024 19:37:01,ross,GUARDA RESULTADOS,AHDLH=43
*************
09/06/2024 19:37:01,ross,GUARDA RESULTADOS,LDLH=59.38
*************
09/06/2024 19:37:01,ross,GUARDA RESULTADOS,TGLH=153.1
*************
09/06/2024 19:37:05,ross,Eliminar resultado AUX_HIS,
*************
09/06/2024 20:10:13,,Ingreso USUARIO,Busca tabla invitado
*************
09/06/2024 20:10:16,ross,Ingreso CONTRASEÑA,Busca tabla invitado
*************
09/06/2024 20:10:31,ross,GUARDA RESULTADOS,COLH=133
*************
09/06/2024 20:10:31,ross,GUARDA RESULTADOS,AHDLH=43
*************
09/06/2024 20:10:31,ross,GUARDA RESULTADOS,LDLH=59.38
*************
09/06/2024 20:10:31,ross,GUARDA RESULTADOS,TGLH=153.1
*************
09/06/2024 20:11:08,ross,01 GENERAR ORDEN  NORMAL EXAMENES: 400149,400150,400476,400151,400295,,PEDIDO=159
*************
09/06/2024 20:12:16,ross,Nuevo Convenio,Convenio=FLORESMED
*************
09/06/2024 20:12:16,ross,Guardar secuencia,SECUENCIA=FLORESMED/1801/1900
*************
09/06/2024 20:12:56,ross,01 GENERAR ORDEN  FLORESMED EXAMENES: 400149,400150,400476,400151,400295,,PEDIDO=160
*************
09/06/2024 20:13:24,ross,GUARDA RESULTADOS,COLH=22
*************
09/06/2024 20:13:24,ross,GUARDA RESULTADOS,AHDLH=33
*************
09/06/2024 20:13:24,ross,GUARDA RESULTADOS,LDLH=44
*************
09/06/2024 20:13:24,ross,GUARDA RESULTADOS,TGLH=55
*************
09/06/2024 20:13:28,ross,VALIDACION RESULTADO,PEDIDO=159/400149
*************
09/06/2024 20:13:28,ross,VALIDACION RESULTADO,PEDIDO=159/400150
*************
09/06/2024 20:13:28,ross,VALIDACION RESULTADO,PEDIDO=159/400151
*************
09/06/2024 20:13:28,ross,VALIDACION RESULTADO,PEDIDO=159/400476
*************
09/06/2024 20:13:28,ross,Eliminar resultado AUX_HIS,
*************
09/06/2024 20:13:41,ross,GUARDA RESULTADOS,COLH=44
*************
09/06/2024 20:13:41,ross,GUARDA RESULTADOS,AHDLH=55
*************
09/06/2024 20:13:41,ross,GUARDA RESULTADOS,LDLH=66
*************
09/06/2024 20:13:41,ross,GUARDA RESULTADOS,TGLH=77
*************
09/06/2024 20:13:42,ross,VALIDACION RESULTADO,PEDIDO=160/400149
*************
09/06/2024 20:13:42,ross,VALIDACION RESULTADO,PEDIDO=160/400150
*************
09/06/2024 20:13:42,ross,VALIDACION RESULTADO,PEDIDO=160/400151
*************
09/06/2024 20:13:43,ross,VALIDACION RESULTADO,PEDIDO=160/400476
*************
09/06/2024 20:13:43,ross,Eliminar resultado AUX_HIS,
*************
09/06/2024 20:22:55,,Ingreso USUARIO,Busca tabla invitado
*************
09/06/2024 20:22:56,ross,Ingreso CONTRASEÑA,Busca tabla invitado
*************
09/06/2024 20:23:11,ross,GUARDA RESULTADOS,COLH=22
*************
09/06/2024 20:23:11,ross,GUARDA RESULTADOS,AHDLH=33
*************
09/06/2024 20:23:11,ross,GUARDA RESULTADOS,LDLH=44
*************
09/06/2024 20:23:11,ross,GUARDA RESULTADOS,TGLH=55
*************
09/06/2024 20:23:12,ross,Eliminar resultado AUX_HIS,
*************
09/06/2024 20:23:19,ross,GUARDA RESULTADOS,COLH=44
*************
09/06/2024 20:23:19,ross,GUARDA RESULTADOS,AHDLH=55
*************
09/06/2024 20:23:19,ross,GUARDA RESULTADOS,LDLH=66
*************
09/06/2024 20:23:19,ross,GUARDA RESULTADOS,TGLH=77
*************
09/06/2024 20:23:21,ross,Eliminar resultado AUX_HIS,
*************
09/06/2024 20:29:21,,Ingreso USUARIO,Busca tabla invitado
*************
09/06/2024 20:29:22,ross,Ingreso CONTRASEÑA,Busca tabla invitado
*************
09/06/2024 20:29:38,ross,GUARDA RESULTADOS,COLH=22
*************
09/06/2024 20:29:38,ross,GUARDA RESULTADOS,AHDLH=33
*************
09/06/2024 20:29:38,ross,GUARDA RESULTADOS,LDLH=44
*************
09/06/2024 20:29:38,ross,GUARDA RESULTADOS,TGLH=55
*************
09/06/2024 20:29:40,ross,Eliminar resultado AUX_HIS,
*************
09/06/2024 20:40:04,,Ingreso USUARIO,Busca tabla invitado
*************
09/06/2024 20:40:05,ross,Ingreso CONTRASEÑA,Busca tabla invitado
*************
09/06/2024 20:40:16,ross,IMPRIME POR AREA,PEDIDO=158
*************
09/06/2024 20:40:32,ross,IMPRIME TODO,PEDIDO=158
*************
09/06/2024 20:42:16,,Ingreso USUARIO,Busca tabla invitado
*************
09/06/2024 20:42:17,ross,Ingreso CONTRASEÑA,Busca tabla invitado
*************
09/06/2024 20:42:37,ross,1 MODIFICA ORDENNORMAL,PEDIDO=159
*************
09/06/2024 20:42:54,ross,GUARDA RESULTADOS,COLH=22
*************
09/06/2024 20:42:54,ross,GUARDA RESULTADOS,AHDLH=33
*************
09/06/2024 20:42:54,ross,GUARDA RESULTADOS,LDLH=44
*************
09/06/2024 20:42:54,ross,GUARDA RESULTADOS,TGLH=55
*************
09/06/2024 20:43:14,ross,GUARDA RESULTADOS,WBC=1
*************
09/06/2024 20:43:14,ross,GUARDA RESULTADOS,NEU=2
*************
09/06/2024 20:43:14,ross,GUARDA RESULTADOS,LYM=3
*************
09/06/2024 20:43:14,ross,GUARDA RESULTADOS,MON=4
*************
09/06/2024 20:43:14,ross,GUARDA RESULTADOS,EOS=5
*************
09/06/2024 20:43:14,ross,GUARDA RESULTADOS,BASO=6
*************
09/06/2024 20:43:14,ross,GUARDA RESULTADOS,NEU%25=7
*************
09/06/2024 20:43:14,ross,GUARDA RESULTADOS,LYM%25=8
*************
09/06/2024 20:43:14,ross,GUARDA RESULTADOS,MON%25=9
*************
09/06/2024 20:43:14,ross,GUARDA RESULTADOS,EOS%25=0
*************
09/06/2024 20:43:14,ross,GUARDA RESULTADOS,BASO%25=1
*************
09/06/2024 20:43:14,ross,GUARDA RESULTADOS,RBC=2
*************
09/06/2024 20:43:14,ross,GUARDA RESULTADOS,HCT=3
*************
09/06/2024 20:43:14,ross,GUARDA RESULTADOS,HGB=4
*************
09/06/2024 20:43:14,ross,GUARDA RESULTADOS,MCV=5
*************
09/06/2024 20:43:14,ross,GUARDA RESULTADOS,MCH=6
*************
09/06/2024 20:43:14,ross,GUARDA RESULTADOS,MCHC=7
*************
09/06/2024 20:43:14,ross,GUARDA RESULTADOS,RDW-CV=8
*************
09/06/2024 20:43:14,ross,GUARDA RESULTADOS,RDW-SD=9
*************
09/06/2024 20:43:14,ross,GUARDA RESULTADOS,PLT=0
*************
09/06/2024 20:43:14,ross,GUARDA RESULTADOS,MPV=1
*************
09/06/2024 20:43:14,ross,GUARDA RESULTADOS,PDW=2
*************
09/06/2024 20:43:14,ross,GUARDA RESULTADOS,PCT=3
*************
09/06/2024 20:43:14,ross,GUARDA RESULTADOS,P-LCR=4
*************
09/06/2024 20:43:14,ross,GUARDA RESULTADOS,P-LCC=5
*************
09/06/2024 20:43:18,ross,GUARDA RESULTADOS,BHH=MEMO
*************
09/06/2024 20:43:18,ross,GUARDA RESULTADOS,COLH=22
*************
09/06/2024 20:43:18,ross,GUARDA RESULTADOS,AHDLH=33
*************
09/06/2024 20:43:18,ross,GUARDA RESULTADOS,LDLH=44
*************
09/06/2024 20:43:18,ross,GUARDA RESULTADOS,TGLH=55
*************
09/06/2024 20:43:20,ross,VALIDACION RESULTADO,PEDIDO=159/400101
*************
09/06/2024 20:43:20,ross,Eliminar resultado AUX_HIS,
*************
09/06/2024 20:43:37,ross,IMPRIME POR AREA,PEDIDO=159
*************
09/06/2024 20:46:51,,Ingreso USUARIO,Busca tabla invitado
*************
09/06/2024 20:46:52,ross,Ingreso CONTRASEÑA,Busca tabla invitado
*************
09/06/2024 20:47:06,ross,GUARDA RESULTADOS,BHH=MEMO
*************
09/06/2024 20:47:06,ross,GUARDA RESULTADOS,COLH=22
*************
09/06/2024 20:47:06,ross,GUARDA RESULTADOS,AHDLH=33
*************
09/06/2024 20:47:06,ross,GUARDA RESULTADOS,LDLH=44
*************
09/06/2024 20:47:06,ross,GUARDA RESULTADOS,TGLH=55
*************
09/06/2024 20:47:08,ross,Eliminar resultado AUX_HIS,
*************
09/06/2024 20:47:22,ross,IMPRIME POR AREA,PEDIDO=159
*************
09/06/2024 20:51:50,,Ingreso USUARIO,Busca tabla invitado
*************
09/06/2024 20:51:51,ross,Ingreso CONTRASEÑA,Busca tabla invitado
*************
09/06/2024 20:52:00,ross,GUARDA RESULTADOS,BHH=MEMO
*************
09/06/2024 20:52:00,ross,GUARDA RESULTADOS,COLH=22
*************
09/06/2024 20:52:00,ross,GUARDA RESULTADOS,AHDLH=33
*************
09/06/2024 20:52:00,ross,GUARDA RESULTADOS,LDLH=44
*************
09/06/2024 20:52:00,ross,GUARDA RESULTADOS,TGLH=55
*************
09/06/2024 20:52:03,ross,Eliminar resultado AUX_HIS,
*************
09/06/2024 20:52:14,ross,IMPRIME POR AREA,PEDIDO=159
*************
09/06/2024 20:54:27,,Ingreso USUARIO,Busca tabla invitado
*************
09/06/2024 20:54:28,ross,Ingreso CONTRASEÑA,Busca tabla invitado
*************
09/06/2024 20:54:35,ross,IMPRIME POR AREA,PEDIDO=159
*************
09/06/2024 20:57:07,,Ingreso USUARIO,Busca tabla invitado
*************
09/06/2024 20:57:07,ross,Ingreso CONTRASEÑA,Busca tabla invitado
*************
09/06/2024 20:57:19,ross,IMPRIME POR AREA,PEDIDO=159
*************
09/06/2024 21:01:40,,Ingreso USUARIO,Busca tabla invitado
*************
09/06/2024 21:01:41,ross,Ingreso CONTRASEÑA,Busca tabla invitado
*************
09/06/2024 21:01:54,ross,IMPRIME POR AREA,PEDIDO=159
*************
09/06/2024 21:07:23,,Ingreso USUARIO,Busca tabla invitado
*************
09/06/2024 21:07:24,ross,Ingreso CONTRASEÑA,Busca tabla invitado
*************
09/06/2024 21:07:31,ross,IMPRIME POR AREA,PEDIDO=159
*************
09/06/2024 21:07:56,ross,GUARDA RESULTADOS,BHH=MEMO
*************
09/06/2024 21:07:56,ross,GUARDA RESULTADOS,COLH=22
*************
09/06/2024 21:07:56,ross,GUARDA RESULTADOS,AHDLH=33
*************
09/06/2024 21:07:56,ross,GUARDA RESULTADOS,LDLH=44
*************
09/06/2024 21:07:56,ross,GUARDA RESULTADOS,TGLH=55
*************
09/06/2024 21:07:58,ross,Eliminar resultado AUX_HIS,
*************
09/06/2024 21:10:09,,Ingreso USUARIO,Busca tabla invitado
*************
09/06/2024 21:10:10,ross,Ingreso CONTRASEÑA,Busca tabla invitado
*************
09/06/2024 21:10:20,ross,GUARDA RESULTADOS,BHH=MEMO
*************
09/06/2024 21:10:20,ross,GUARDA RESULTADOS,COLH=22
*************
09/06/2024 21:10:21,ross,GUARDA RESULTADOS,AHDLH=33
*************
09/06/2024 21:10:21,ross,GUARDA RESULTADOS,LDLH=44
*************
09/06/2024 21:10:21,ross,GUARDA RESULTADOS,TGLH=55
*************
09/06/2024 21:10:22,ross,Eliminar resultado AUX_HIS,
*************
10/06/2024 7:45:41,,Ingreso USUARIO,Busca tabla invitado
*************
10/06/2024 7:45:41,ross,Ingreso CONTRASEÑA,Busca tabla invitado
*************
10/06/2024 8:17:06,,Ingreso USUARIO,Busca tabla invitado
*************
10/06/2024 8:17:07,ross,Ingreso CONTRASEÑA,Busca tabla invitado
*************
10/06/2024 8:21:19,ross,Actualizacon Medico,Medico=ALERGOLOGIA 1
*************
10/06/2024 8:32:50,ross,Actualizacon Medico,Medico=DESPACHO A MEDICOS
*************
10/06/2024 8:36:38,ross,Actualizacon Medico,Medico=ROSSVAN FLORES
*************
10/06/2024 8:50:11,ross,Nuevo Pedido PRE CARGA,NORMAL/163
*************
10/06/2024 8:50:11,ross,GUARDA ENCUESTA,4042
*************
10/06/2024 8:52:22,ross,CUTANEAS,AL_CERDOH
*************
10/06/2024 8:52:23,ross,CUTANEAS,AL_POLLOH
*************
10/06/2024 8:52:25,ross,CUTANEAS,AL_CORVINAH
*************
10/06/2024 8:52:27,ross,CUTANEAS,AL_ATUNH
*************
10/06/2024 8:52:27,ross,CUTANEAS,AL_LANGOSTAH
*************
10/06/2024 8:52:27,ross,CUTANEAS,AL_CAMARONH
*************
10/06/2024 8:52:27,ross,CUTANEAS,AL_LECHEH
*************
10/06/2024 8:52:27,ross,CUTANEAS,AL_HUEVOCIH
*************
10/06/2024 8:52:28,ross,CUTANEAS,AL_YEMAH
*************
10/06/2024 8:52:30,ross,CUTANEAS,AL_TRIGOH
*************
10/06/2024 8:52:31,ross,CUTANEAS,AL_MAIZH
*************
10/06/2024 8:52:32,ross,CUTANEAS,AL_ARROZH
*************
10/06/2024 8:52:36,ross,CUTANEAS,AL_FREJOLH
*************
10/06/2024 8:52:37,ross,CUTANEAS,AL_LENTEJAH
*************
10/06/2024 8:52:37,ross,CUTANEAS,AL_HABAH
*************
10/06/2024 8:52:38,ross,CUTANEAS,AL_TOMATEH
*************
10/06/2024 8:52:38,ross,CUTANEAS,AL_ZANAHORIAH
*************
10/06/2024 8:52:38,ross,CUTANEAS,AL_MANIH
*************
10/06/2024 8:52:38,ross,CUTANEAS,AL_CHOCOLATEH
*************
10/06/2024 8:52:38,ross,CUTANEAS,AL_NARANJAH
*************
10/06/2024 8:52:38,ross,CUTANEAS,AL_PIÑAH
*************
10/06/2024 8:52:38,ross,CUTANEAS,AL_FRUTILLAH
*************
10/06/2024 8:52:38,ross,CUTANEAS,AL_ABEJAH
*************
10/06/2024 8:52:38,ross,CUTANEAS,AL_AVISPAH
*************
10/06/2024 8:52:38,ross,CUTANEAS,AL_MUCORH
*************
10/06/2024 8:52:38,ross,CUTANEAS,AL_PENICILLIUMH
*************
10/06/2024 8:52:38,ross,CUTANEAS,AL_POLVOCPH
*************
10/06/2024 8:52:38,ross,CUTANEAS,AL_ACACETILH
*************
10/06/2024 8:52:38,ross,CUTANEAS,AL_PIRAZOLONAH
*************
10/06/2024 8:52:38,ross,CUTANEAS,AL_BETALACTAMICOS1H
*************
10/06/2024 8:52:38,ross,CUTANEAS,AL_MACROLIDOSH
*************
10/06/2024 8:52:38,ross,CUTANEAS,AL_YODOH
*************
10/06/2024 9:13:04,,Ingreso USUARIO,Busca tabla invitado
*************
10/06/2024 9:13:05,ross,Ingreso CONTRASEÑA,Busca tabla invitado
*************
10/06/2024 9:15:00,ross,CUTANEAS,AL_CERDOH
*************
10/06/2024 9:15:00,ross,CUTANEAS,AL_POLLOH
*************
10/06/2024 9:15:00,ross,CUTANEAS,AL_CORVINAH
*************
10/06/2024 9:15:00,ross,CUTANEAS,AL_ATUNH
*************
10/06/2024 9:15:00,ross,CUTANEAS,AL_LANGOSTAH
*************
10/06/2024 9:15:00,ross,CUTANEAS,AL_CAMARONH
*************
10/06/2024 9:15:00,ross,CUTANEAS,AL_LECHEH
*************
10/06/2024 9:15:00,ross,CUTANEAS,AL_HUEVOCIH
*************
10/06/2024 9:15:00,ross,CUTANEAS,AL_YEMAH
*************
10/06/2024 9:15:01,ross,CUTANEAS,AL_TRIGOH
*************
10/06/2024 9:15:01,ross,CUTANEAS,AL_MAIZH
*************
10/06/2024 9:15:01,ross,CUTANEAS,AL_ARROZH
*************
10/06/2024 9:15:01,ross,CUTANEAS,AL_FREJOLH
*************
10/06/2024 9:15:01,ross,CUTANEAS,AL_LENTEJAH
*************
10/06/2024 9:15:01,ross,CUTANEAS,AL_HABAH
*************
10/06/2024 9:15:01,ross,CUTANEAS,AL_TOMATEH
*************
10/06/2024 9:15:01,ross,CUTANEAS,AL_ZANAHORIAH
*************
10/06/2024 9:15:01,ross,CUTANEAS,AL_MANIH
*************
10/06/2024 9:15:01,ross,CUTANEAS,AL_CHOCOLATEH
*************
10/06/2024 9:15:02,ross,CUTANEAS,AL_NARANJAH
*************
10/06/2024 9:15:02,ross,CUTANEAS,AL_PIÑAH
*************
10/06/2024 9:15:02,ross,CUTANEAS,AL_FRUTILLAH
*************
10/06/2024 9:15:02,ross,CUTANEAS,AL_ABEJAH
*************
10/06/2024 9:15:02,ross,CUTANEAS,AL_AVISPAH
*************
10/06/2024 9:15:02,ross,CUTANEAS,AL_MUCORH
*************
10/06/2024 9:15:02,ross,CUTANEAS,AL_PENICILLIUMH
*************
10/06/2024 9:15:02,ross,CUTANEAS,AL_POLVOCPH
*************
10/06/2024 9:15:02,ross,CUTANEAS,AL_ACACETILH
*************
10/06/2024 9:15:02,ross,CUTANEAS,AL_PIRAZOLONAH
*************
10/06/2024 9:15:03,ross,CUTANEAS,AL_BETALACTAMICOS1H
*************
10/06/2024 9:15:03,ross,CUTANEAS,AL_MACROLIDOSH
*************
10/06/2024 9:15:03,ross,CUTANEAS,AL_YODOH
*************
10/06/2024 10:28:53,,Ingreso USUARIO,Busca tabla invitado
*************
10/06/2024 10:28:53,ross,Ingreso CONTRASEÑA,Busca tabla invitado
*************
10/06/2024 10:35:46,ross,Eliminar Convenio,Convenio0TRANS AZUAY
*************
10/06/2024 10:35:46,ross,Elimina Lista de Precios,Lista Precio=TRANS AZUAY
*************
10/06/2024 10:35:46,ross,Eliminar Secuencia,SECUENCIA=TRANS AZUAY
*************
10/06/2024 10:35:53,ross,Eliminar Convenio,Convenio0DRA. JORGE CRODERO
*************
10/06/2024 10:35:53,ross,Elimina Lista de Precios,Lista Precio=DRA. JORGE CRODERO
*************
10/06/2024 10:35:53,ross,Eliminar Secuencia,SECUENCIA=DRA. JORGE CRODERO
*************
10/06/2024 10:36:03,ross,Eliminar Convenio,Convenio0TRANVIA
*************
10/06/2024 10:36:03,ross,Elimina Lista de Precios,Lista Precio=TRANVIA
*************
10/06/2024 10:36:03,ross,Eliminar Secuencia,SECUENCIA=TRANVIA
*************
10/06/2024 10:36:20,ross,Actualizar Convenio,Convenio=ACERO
*************
10/06/2024 10:36:20,ross,Actualizar Secuencia,SECUENCIA=ACERO/1601/1700
*************
10/06/2024 10:36:20,ross,Actualizar LISTA PRECIO=ACERO,
*************
10/06/2024 10:36:21,ross,Actualizar pedido en convenio =ACERO,
*************
10/06/2024 10:36:57,ross,Nuevo Convenio,Convenio=IESS
*************
10/06/2024 10:36:57,ross,Guardar secuencia,SECUENCIA=IESS/1001/1199
*************
10/06/2024 10:37:27,ross,Actualizar Convenio,Convenio=IESS
*************
10/06/2024 10:37:27,ross,Actualizar Secuencia,SECUENCIA=IESS/1001/1299
*************
10/06/2024 10:37:27,ross,Actualizar LISTA PRECIO=IESS,
*************
10/06/2024 10:37:28,ross,Actualizar pedido en convenio =IESS,
*************
10/06/2024 10:37:48,ross,Actualizar Convenio,Convenio=JACINTO
*************
10/06/2024 10:37:48,ross,Actualizar Secuencia,SECUENCIA=JACINTO/1301/1400
*************
10/06/2024 10:37:48,ross,Actualizar LISTA PRECIO=JACINTO,
*************
10/06/2024 10:37:49,ross,Actualizar pedido en convenio =JACINTO,
*************
10/06/2024 10:38:17,ross,Actualizar Convenio,Convenio=ESENCIALMEDIC
*************
10/06/2024 10:38:17,ross,Actualizar Secuencia,SECUENCIA=ESENCIALMEDIC/1901/2000
*************
10/06/2024 10:38:17,ross,Actualizar LISTA PRECIO=ESENCIALMEDIC,
*************
10/06/2024 10:38:19,ross,Actualizar pedido en convenio =ESENCIALMEDIC,
*************
10/06/2024 10:39:23,ross,Eliminar Convenio,Convenio0IESS
*************
10/06/2024 10:39:23,ross,Elimina Lista de Precios,Lista Precio=IESS
*************
10/06/2024 10:39:23,ross,Eliminar Secuencia,SECUENCIA=IESS
*************
10/06/2024 11:08:07,,Ingreso USUARIO,Busca tabla invitado
*************
10/06/2024 11:08:07,ross,Ingreso CONTRASEÑA,Busca tabla invitado
*************
10/06/2024 11:08:25,ross,Actualizacon Medico,Medico=ROSSVAN FLORES
*************
10/06/2024 11:31:15,,Ingreso USUARIO,Busca tabla invitado
*************
10/06/2024 11:31:16,ross,Ingreso CONTRASEÑA,Busca tabla invitado
*************
10/06/2024 11:46:06,ross,1 ANULA ORDEN,PEDIDO=165TSH ºTGO - ASTºTGP - ALTºUREAºACIDO URICOºCOLESTEROL TOTAL ºTRIGLICERIDOS ºGLUCOSA BASALºELEMENTAL Y MICROSCOPICO (EMO)ºCOPROPARASITARIOº MOTIVO: TEST AS400
*************
10/06/2024 11:48:15,ross,1 ANULA ORDEN,PEDIDO=166TSH ºTSH ºTGO - ASTºTGO - ASTºTGP - ALTºTGP - ALTºUREAºUREAºACIDO URICOºACIDO URICOºCOLESTEROL TOTAL ºCOLESTEROL TOTAL ºTRIGLICERIDOS ºTRIGLICERIDOS ºGLUCOSA BASALºGLUCOSA BASALºELEMENTAL Y MICROSCOPICO (EMO)ºELEMENTAL Y MICROSCOPICO (EMO)ºELEMENTAL Y MICROSCOPICO (EMO)ºCOPROPARASITARIOº MOTIVO: DSD
*************
10/06/2024 11:51:17,ross,Actualizacon Medico,Medico=GONZALEZ PEDRO
*************
10/06/2024 11:52:47,ross,Actualizacon Medico,Medico=GONZALES PEDRO
*************
11/06/2024 7:56:27,,Ingreso USUARIO,Busca tabla invitado
*************
11/06/2024 7:56:27,ross,Ingreso CONTRASEÑA,Busca tabla invitado
*************
11/06/2024 8:32:26,,Ingreso USUARIO,Busca tabla invitado
*************
11/06/2024 8:32:26,ross,Ingreso CONTRASEÑA,Busca tabla invitado
*************
11/06/2024 8:43:53,,Ingreso USUARIO,Busca tabla invitado
*************
11/06/2024 8:43:53,ross,Ingreso CONTRASEÑA,Busca tabla invitado
*************
11/06/2024 20:12:44,,Ingreso USUARIO,Busca tabla invitado
*************
11/06/2024 20:12:45,ross,Ingreso CONTRASEÑA,Busca tabla invitado
*************
11/06/2024 20:13:06,ross,Elimina Medico,Medico=18
*************
11/06/2024 20:13:10,ross,Elimina Medico,Medico=43
*************
11/06/2024 20:13:19,ross,Elimina Medico,Medico=47
*************
11/06/2024 20:13:23,ross,Elimina Medico,Medico=45
*************
11/06/2024 20:17:29,,Ingreso USUARIO,Busca tabla invitado
*************
11/06/2024 20:17:30,ross,Ingreso CONTRASEÑA,Busca tabla invitado
*************
11/06/2024 20:30:19,,Ingreso USUARIO,Busca tabla invitado
*************
11/06/2024 20:30:21,ross,Ingreso CONTRASEÑA,Busca tabla invitado
*************
11/06/2024 20:34:48,,Ingreso USUARIO,Busca tabla invitado
*************
11/06/2024 20:34:49,ross,Ingreso CONTRASEÑA,Busca tabla invitado
*************
11/06/2024 20:37:20,,Ingreso USUARIO,Busca tabla invitado
*************
11/06/2024 20:37:21,ross,Ingreso CONTRASEÑA,Busca tabla invitado
*************
11/06/2024 20:40:18,,Ingreso USUARIO,Busca tabla invitado
*************
11/06/2024 20:40:21,ross,Ingreso CONTRASEÑA,Busca tabla invitado
*************
11/06/2024 20:43:15,,Ingreso USUARIO,Busca tabla invitado
*************
11/06/2024 20:43:15,ross,Ingreso CONTRASEÑA,Busca tabla invitado
*************
12/06/2024 7:26:25,,Ingreso USUARIO,Busca tabla invitado
*************
12/06/2024 7:26:26,ross,Ingreso CONTRASEÑA,Busca tabla invitado
*************
12/06/2024 7:40:29,,Ingreso USUARIO,Busca tabla invitado
*************
12/06/2024 7:40:29,ross,Ingreso CONTRASEÑA,Busca tabla invitado
*************
12/06/2024 7:43:10,,Ingreso USUARIO,Busca tabla invitado
*************
12/06/2024 7:43:11,ross,Ingreso CONTRASEÑA,Busca tabla invitado
*************
12/06/2024 8:39:05,,Ingreso USUARIO,Busca tabla invitado
*************
12/06/2024 8:39:07,ross,Ingreso CONTRASEÑA,Busca tabla invitado
*************
12/06/2024 8:41:43,ross,Actualizar Antibiotico,ANTIBIOTICO=CEFUROXIMA
*************
12/06/2024 8:42:30,ross,Guardar antibiotico,ANTIBIOTICO=MI ANTIBIICO
*************
12/06/2024 8:43:25,ross,Eliminar Antibiotico,NATIBIOTICO=MI ANTIBIICO
*************
14/06/2024 20:08:04,,Ingreso USUARIO,Busca tabla invitado
*************
14/06/2024 20:08:05,ross,Ingreso CONTRASEÑA,Busca tabla invitado
*************
14/06/2024 20:09:00,,Ingreso USUARIO,Busca tabla invitado
*************
14/06/2024 20:09:01,ross,Ingreso CONTRASEÑA,Busca tabla invitado
*************
14/06/2024 20:09:36,ross,Actualizacon Medico,Medico=LABORATORIO
*************
14/06/2024 20:10:01,ross,01 GENERAR ORDEN  NORMAL EXAMENES: 400149,400150,400476,400151,400101,,PEDIDO=1
*************
14/06/2024 20:10:42,ross,GUARDA RESULTADOS,WBCH=1
*************
14/06/2024 20:10:42,ross,GUARDA RESULTADOS,NEUH=2
*************
14/06/2024 20:10:42,ross,GUARDA RESULTADOS,LYMH=3
*************
14/06/2024 20:10:42,ross,GUARDA RESULTADOS,MONH=4
*************
14/06/2024 20:10:42,ross,GUARDA RESULTADOS,EOSH=5
*************
14/06/2024 20:10:42,ross,GUARDA RESULTADOS,BASOH=6
*************
14/06/2024 20:10:42,ross,GUARDA RESULTADOS,NEU%25H=7
*************
14/06/2024 20:10:42,ross,GUARDA RESULTADOS,LYM%25H=8
*************
14/06/2024 20:10:42,ross,GUARDA RESULTADOS,MON%25H=9
*************
14/06/2024 20:10:42,ross,GUARDA RESULTADOS,EOS%25H=10
*************
14/06/2024 20:10:42,ross,GUARDA RESULTADOS,BASO%25H=11
*************
14/06/2024 20:10:42,ross,GUARDA RESULTADOS,RBCH=12
*************
14/06/2024 20:10:42,ross,GUARDA RESULTADOS,HCTH=13
*************
14/06/2024 20:10:42,ross,GUARDA RESULTADOS,HGBH=14
*************
14/06/2024 20:10:42,ross,GUARDA RESULTADOS,MCVH=15
*************
14/06/2024 20:10:42,ross,GUARDA RESULTADOS,MCHH=16
*************
14/06/2024 20:10:42,ross,GUARDA RESULTADOS,MCHCH=17
*************
14/06/2024 20:10:42,ross,GUARDA RESULTADOS,RDW-CVH=18
*************
14/06/2024 20:10:42,ross,GUARDA RESULTADOS,RDW-SDH=19
*************
14/06/2024 20:10:42,ross,GUARDA RESULTADOS,PLTH=21
*************
14/06/2024 20:10:42,ross,GUARDA RESULTADOS,MPVH=22
*************
14/06/2024 20:10:42,ross,GUARDA RESULTADOS,PDWH=23
*************
14/06/2024 20:10:42,ross,GUARDA RESULTADOS,PCTH=24
*************
14/06/2024 20:10:42,ross,GUARDA RESULTADOS,P-LCRH=25
*************
14/06/2024 20:10:42,ross,GUARDA RESULTADOS,P-LCCH=26
*************
14/06/2024 20:11:04,ross,GUARDA RESULTADOS,BHH=MEMO
*************
14/06/2024 20:11:04,ross,GUARDA RESULTADOS,COLH=189.4
*************
14/06/2024 20:11:04,ross,GUARDA RESULTADOS,AHDLH=51.4
*************
14/06/2024 20:11:04,ross,GUARDA RESULTADOS,LDLH=104.58
*************
14/06/2024 20:11:04,ross,GUARDA RESULTADOS,TGLH=167.1
*************
14/06/2024 20:11:09,ross,VALIDACION RESULTADO,PEDIDO=1/400101
*************
14/06/2024 20:11:09,ross,VALIDACION RESULTADO,PEDIDO=1/400149
*************
14/06/2024 20:11:09,ross,VALIDACION RESULTADO,PEDIDO=1/400150
*************
14/06/2024 20:11:09,ross,VALIDACION RESULTADO,PEDIDO=1/400151
*************
14/06/2024 20:11:09,ross,VALIDACION RESULTADO,PEDIDO=1/400476
*************
14/06/2024 20:11:10,ross,Eliminar resultado AUX_HIS,
*************
14/06/2024 20:17:04,,Ingreso USUARIO,Busca tabla invitado
*************
14/06/2024 20:17:04,ross,Ingreso CONTRASEÑA,Busca tabla invitado
*************
14/06/2024 20:17:24,ross,GUARDA RESULTADOS,BHH=MEMO
*************
14/06/2024 20:17:24,ross,GUARDA RESULTADOS,COLH=189.4
*************
14/06/2024 20:17:24,ross,GUARDA RESULTADOS,AHDLH=51.4
*************
14/06/2024 20:17:24,ross,GUARDA RESULTADOS,LDLH=104.58
*************
14/06/2024 20:17:24,ross,GUARDA RESULTADOS,TGLH=167.1
*************
14/06/2024 20:17:29,ross,Eliminar resultado AUX_HIS,
*************
14/06/2024 20:17:52,ross,GUARDA RESULTADOS,BHH=MEMO
*************
14/06/2024 20:17:52,ross,GUARDA RESULTADOS,COLH=189.4
*************
14/06/2024 20:17:52,ross,GUARDA RESULTADOS,AHDLH=51.4
*************
14/06/2024 20:17:52,ross,GUARDA RESULTADOS,LDLH=104.58
*************
14/06/2024 20:17:52,ross,GUARDA RESULTADOS,TGLH=167.1
*************
14/06/2024 20:19:13,,Ingreso USUARIO,Busca tabla invitado
*************
14/06/2024 20:19:14,,Ingreso CONTRASEÑA FALLIDO,
*************
14/06/2024 20:19:14,,Ingreso CONTRASEÑA,Busca tabla invitado
*************
14/06/2024 20:19:15,ross,Ingreso CONTRASEÑA,Busca tabla invitado
*************
14/06/2024 20:19:27,ross,GUARDA RESULTADOS,BHH=MEMO
*************
14/06/2024 20:19:27,ross,GUARDA RESULTADOS,COLH=189.4
*************
14/06/2024 20:19:27,ross,GUARDA RESULTADOS,AHDLH=51.4
*************
14/06/2024 20:19:27,ross,GUARDA RESULTADOS,LDLH=104.58
*************
14/06/2024 20:19:27,ross,GUARDA RESULTADOS,TGLH=167.1
*************
14/06/2024 20:19:32,ross,Eliminar resultado AUX_HIS,
*************
14/06/2024 20:26:01,,Ingreso USUARIO,Busca tabla invitado
*************
14/06/2024 20:26:02,ross,Ingreso CONTRASEÑA,Busca tabla invitado
*************
14/06/2024 20:26:11,ross,GUARDA RESULTADOS,BHH=MEMO
*************
14/06/2024 20:26:11,ross,GUARDA RESULTADOS,COLH=189.4
*************
14/06/2024 20:26:11,ross,GUARDA RESULTADOS,AHDLH=51.4
*************
14/06/2024 20:26:11,ross,GUARDA RESULTADOS,LDLH=104.58
*************
14/06/2024 20:26:11,ross,GUARDA RESULTADOS,TGLH=167.1
*************
14/06/2024 20:26:14,ross,Eliminar resultado AUX_HIS,
*************
14-06-2024 22:26:34,,Ingreso USUARIO,Busca tabla invitado
*************
14-06-2024 22:26:36,ross,Ingreso CONTRASEÑA,Busca tabla invitado
*************
14-06-2024 22:27:24,ross,Nueva Area,Area=ODONTOLOGIA
*************
14-06-2024 22:28:20,ross,Nuevo Test en Lista de Precios,Test=401333 10  NORMAL
*************
14-06-2024 22:28:20,ross,Nuevo Test en Lista de Precios,Test=401333 10  URGENCIA
*************
14-06-2024 22:28:20,ross,Nuevo Test en Lista de Precios,Test=401333 10  JACINTO
*************
14-06-2024 22:28:20,ross,Nuevo Test en Lista de Precios,Test=401333 10  CEMEDEFA
*************
14-06-2024 22:28:20,ross,Nuevo Test en Lista de Precios,Test=401333 10  MEDES
*************
14-06-2024 22:28:20,ross,Nuevo Test en Lista de Precios,Test=401333 10  RENALVIDA
*************
14-06-2024 22:28:20,ross,Nuevo Test en Lista de Precios,Test=401333 10  ACERO
*************
14-06-2024 22:28:20,ross,Nuevo Test en Lista de Precios,Test=401333 10  ESENCIALMEDIC
*************
14-06-2024 22:28:20,ross,Nuevo Test en Lista de Precios,Test=401333 10  FLORESMED
*************
14-06-2024 22:28:20,ross,Nuevo Test en Lista de Precios,Test=401333 10  MUNDO
*************
14-06-2024 22:28:20,ross,Actualiza Test,Test=RESTAURACION SIMPLE
*************
14-06-2024 22:28:20,ross,INGRESA TEST,TEST=RESTAURACION SIMPLE
*************
14-06-2024 22:29:18,ross,Nuevo Tipo Muestra,Muestra=DENTADURA
*************
14-06-2024 22:29:36,ross,Actualiza Test,Test=RESTAURACION SIMPLE
*************
14-06-2024 22:30:09,ross,Nuevo Test en Lista de Precios,Test=401334 20  NORMAL
*************
14-06-2024 22:30:09,ross,Nuevo Test en Lista de Precios,Test=401334 20  URGENCIA
*************
14-06-2024 22:30:09,ross,Nuevo Test en Lista de Precios,Test=401334 20  JACINTO
*************
14-06-2024 22:30:09,ross,Nuevo Test en Lista de Precios,Test=401334 20  CEMEDEFA
*************
14-06-2024 22:30:09,ross,Nuevo Test en Lista de Precios,Test=401334 20  MEDES
*************
14-06-2024 22:30:09,ross,Nuevo Test en Lista de Precios,Test=401334 20  RENALVIDA
*************
14-06-2024 22:30:09,ross,Nuevo Test en Lista de Precios,Test=401334 20  ACERO
*************
14-06-2024 22:30:10,ross,Nuevo Test en Lista de Precios,Test=401334 20  ESENCIALMEDIC
*************
14-06-2024 22:30:10,ross,Nuevo Test en Lista de Precios,Test=401334 20  FLORESMED
*************
14-06-2024 22:30:10,ross,Nuevo Test en Lista de Precios,Test=401334 20  MUNDO
*************
14-06-2024 22:30:10,ross,Actualiza Test,Test=RESTAURACION COMPLETA
*************
14-06-2024 22:30:10,ross,INGRESA TEST,TEST=RESTAURACION COMPLETA
*************
14-06-2024 22:30:32,ross,Nuevo Test en Lista de Precios,Test=401335 0  NORMAL
*************
14-06-2024 22:30:32,ross,Nuevo Test en Lista de Precios,Test=401335 0  URGENCIA
*************
14-06-2024 22:30:32,ross,Nuevo Test en Lista de Precios,Test=401335 0  JACINTO
*************
14-06-2024 22:30:32,ross,Nuevo Test en Lista de Precios,Test=401335 0  CEMEDEFA
*************
14-06-2024 22:30:32,ross,Nuevo Test en Lista de Precios,Test=401335 0  MEDES
*************
14-06-2024 22:30:32,ross,Nuevo Test en Lista de Precios,Test=401335 0  RENALVIDA
*************
14-06-2024 22:30:32,ross,Nuevo Test en Lista de Precios,Test=401335 0  ACERO
*************
14-06-2024 22:30:32,ross,Nuevo Test en Lista de Precios,Test=401335 0  ESENCIALMEDIC
*************
14-06-2024 22:30:32,ross,Nuevo Test en Lista de Precios,Test=401335 0  FLORESMED
*************
14-06-2024 22:30:32,ross,Nuevo Test en Lista de Precios,Test=401335 0  MUNDO
*************
14-06-2024 22:30:32,ross,Actualiza Test,Test=INCRUSTACION
*************
14-06-2024 22:30:32,ross,INGRESA TEST,TEST=INCRUSTACION
*************
14-06-2024 22:31:04,ross,Nuevo Test en Lista de Precios,Test=401336 20  NORMAL
*************
14-06-2024 22:31:04,ross,Nuevo Test en Lista de Precios,Test=401336 20  URGENCIA
*************
14-06-2024 22:31:04,ross,Nuevo Test en Lista de Precios,Test=401336 20  JACINTO
*************
14-06-2024 22:31:04,ross,Nuevo Test en Lista de Precios,Test=401336 20  CEMEDEFA
*************
14-06-2024 22:31:04,ross,Nuevo Test en Lista de Precios,Test=401336 20  MEDES
*************
14-06-2024 22:31:04,ross,Nuevo Test en Lista de Precios,Test=401336 20  RENALVIDA
*************
14-06-2024 22:31:04,ross,Nuevo Test en Lista de Precios,Test=401336 20  ACERO
*************
14-06-2024 22:31:04,ross,Nuevo Test en Lista de Precios,Test=401336 20  ESENCIALMEDIC
*************
14-06-2024 22:31:04,ross,Nuevo Test en Lista de Precios,Test=401336 20  FLORESMED
*************
14-06-2024 22:31:04,ross,Nuevo Test en Lista de Precios,Test=401336 20  MUNDO
*************
14-06-2024 22:31:04,ross,Actualiza Test,Test=INCRUSTACION EN METAL
*************
14-06-2024 22:31:04,ross,INGRESA TEST,TEST=INCRUSTACION EN METAL
*************
14-06-2024 22:31:29,ross,Nuevo Test en Lista de Precios,Test=401337 30  NORMAL
*************
14-06-2024 22:31:29,ross,Nuevo Test en Lista de Precios,Test=401337 30  URGENCIA
*************
14-06-2024 22:31:29,ross,Nuevo Test en Lista de Precios,Test=401337 30  JACINTO
*************
14-06-2024 22:31:29,ross,Nuevo Test en Lista de Precios,Test=401337 30  CEMEDEFA
*************
14-06-2024 22:31:29,ross,Nuevo Test en Lista de Precios,Test=401337 30  MEDES
*************
14-06-2024 22:31:29,ross,Nuevo Test en Lista de Precios,Test=401337 30  RENALVIDA
*************
14-06-2024 22:31:29,ross,Nuevo Test en Lista de Precios,Test=401337 30  ACERO
*************
14-06-2024 22:31:29,ross,Nuevo Test en Lista de Precios,Test=401337 30  ESENCIALMEDIC
*************
14-06-2024 22:31:29,ross,Nuevo Test en Lista de Precios,Test=401337 30  FLORESMED
*************
14-06-2024 22:31:29,ross,Nuevo Test en Lista de Precios,Test=401337 30  MUNDO
*************
14-06-2024 22:31:29,ross,Actualiza Test,Test=PROFILAXIS
*************
14-06-2024 22:31:29,ross,INGRESA TEST,TEST=PROFILAXIS
*************
14-06-2024 22:32:07,ross,Nuevo Test en Lista de Precios,Test=401338 80  NORMAL
*************
14-06-2024 22:32:07,ross,Nuevo Test en Lista de Precios,Test=401338 80  URGENCIA
*************
14-06-2024 22:32:07,ross,Nuevo Test en Lista de Precios,Test=401338 80  JACINTO
*************
14-06-2024 22:32:07,ross,Nuevo Test en Lista de Precios,Test=401338 80  CEMEDEFA
*************
14-06-2024 22:32:07,ross,Nuevo Test en Lista de Precios,Test=401338 80  MEDES
*************
14-06-2024 22:32:07,ross,Nuevo Test en Lista de Precios,Test=401338 80  RENALVIDA
*************
14-06-2024 22:32:07,ross,Nuevo Test en Lista de Precios,Test=401338 80  ACERO
*************
14-06-2024 22:32:07,ross,Nuevo Test en Lista de Precios,Test=401338 80  ESENCIALMEDIC
*************
14-06-2024 22:32:07,ross,Nuevo Test en Lista de Precios,Test=401338 80  FLORESMED
*************
14-06-2024 22:32:07,ross,Nuevo Test en Lista de Precios,Test=401338 80  MUNDO
*************
14-06-2024 22:32:07,ross,Actualiza Test,Test=BLANQUEAMIENTO
*************
14-06-2024 22:32:07,ross,INGRESA TEST,TEST=BLANQUEAMIENTO
*************
14-06-2024 22:32:36,ross,Nuevo Test en Lista de Precios,Test=401339 50  NORMAL
*************
14-06-2024 22:32:36,ross,Nuevo Test en Lista de Precios,Test=401339 50  URGENCIA
*************
14-06-2024 22:32:36,ross,Nuevo Test en Lista de Precios,Test=401339 50  JACINTO
*************
14-06-2024 22:32:36,ross,Nuevo Test en Lista de Precios,Test=401339 50  CEMEDEFA
*************
14-06-2024 22:32:36,ross,Nuevo Test en Lista de Precios,Test=401339 50  MEDES
*************
14-06-2024 22:32:36,ross,Nuevo Test en Lista de Precios,Test=401339 50  RENALVIDA
*************
14-06-2024 22:32:36,ross,Nuevo Test en Lista de Precios,Test=401339 50  ACERO
*************
14-06-2024 22:32:36,ross,Nuevo Test en Lista de Precios,Test=401339 50  ESENCIALMEDIC
*************
14-06-2024 22:32:36,ross,Nuevo Test en Lista de Precios,Test=401339 50  FLORESMED
*************
14-06-2024 22:32:36,ross,Nuevo Test en Lista de Precios,Test=401339 50  MUNDO
*************
14-06-2024 22:32:36,ross,Actualiza Test,Test=RETENEDORES DE ACETATO
*************
14-06-2024 22:32:36,ross,INGRESA TEST,TEST=RETENEDORES DE ACETATO
*************
14-06-2024 22:33:05,ross,Nuevo Test en Lista de Precios,Test=401340 80  NORMAL
*************
14-06-2024 22:33:05,ross,Nuevo Test en Lista de Precios,Test=401340 80  URGENCIA
*************
14-06-2024 22:33:05,ross,Nuevo Test en Lista de Precios,Test=401340 80  JACINTO
*************
14-06-2024 22:33:05,ross,Nuevo Test en Lista de Precios,Test=401340 80  CEMEDEFA
*************
14-06-2024 22:33:05,ross,Nuevo Test en Lista de Precios,Test=401340 80  MEDES
*************
14-06-2024 22:33:05,ross,Nuevo Test en Lista de Precios,Test=401340 80  RENALVIDA
*************
14-06-2024 22:33:05,ross,Nuevo Test en Lista de Precios,Test=401340 80  ACERO
*************
14-06-2024 22:33:05,ross,Nuevo Test en Lista de Precios,Test=401340 80  ESENCIALMEDIC
*************
14-06-2024 22:33:05,ross,Nuevo Test en Lista de Precios,Test=401340 80  FLORESMED
*************
14-06-2024 22:33:05,ross,Nuevo Test en Lista de Precios,Test=401340 80  MUNDO
*************
14-06-2024 22:33:06,ross,Actualiza Test,Test=RESTAURACION CON PERNO
*************
14-06-2024 22:33:06,ross,INGRESA TEST,TEST=RESTAURACION CON PERNO
*************
14-06-2024 22:33:31,ross,Nuevo Test en Lista de Precios,Test=401341 100  NORMAL
*************
14-06-2024 22:33:31,ross,Nuevo Test en Lista de Precios,Test=401341 100  URGENCIA
*************
14-06-2024 22:33:31,ross,Nuevo Test en Lista de Precios,Test=401341 100  JACINTO
*************
14-06-2024 22:33:31,ross,Nuevo Test en Lista de Precios,Test=401341 100  CEMEDEFA
*************
14-06-2024 22:33:31,ross,Nuevo Test en Lista de Precios,Test=401341 100  MEDES
*************
14-06-2024 22:33:31,ross,Nuevo Test en Lista de Precios,Test=401341 100  RENALVIDA
*************
14-06-2024 22:33:31,ross,Nuevo Test en Lista de Precios,Test=401341 100  ACERO
*************
14-06-2024 22:33:31,ross,Nuevo Test en Lista de Precios,Test=401341 100  ESENCIALMEDIC
*************
14-06-2024 22:33:31,ross,Nuevo Test en Lista de Precios,Test=401341 100  FLORESMED
*************
14-06-2024 22:33:31,ross,Nuevo Test en Lista de Precios,Test=401341 100  MUNDO
*************
14-06-2024 22:33:31,ross,Actualiza Test,Test=CIRUGIA SIMPLE
*************
14-06-2024 22:33:31,ross,INGRESA TEST,TEST=CIRUGIA SIMPLE
*************
15-06-2024 15:30:07,,Ingreso USUARIO,Busca tabla invitado
*************
15-06-2024 15:30:10,ross,Ingreso CONTRASEÑA,Busca tabla invitado
*************
15-06-2024 15:30:40,ross,Actualizacon Medico,Medico=ALERGOLOGIA 1
*************
15-06-2024 15:32:26,ross,Nuevo Pedido PRE CARGA,NORMAL/4
*************
15-06-2024 15:32:26,ross,GUARDA ENCUESTA,357
*************
15-06-2024 15:45:04,ross,CUTANEAS,AL_CERDOH
*************
15-06-2024 15:45:04,ross,CUTANEAS,AL_POLLOH
*************
15-06-2024 15:45:04,ross,CUTANEAS,AL_CORVINAH
*************
15-06-2024 15:45:04,ross,CUTANEAS,AL_ATUNH
*************
15-06-2024 15:45:04,ross,CUTANEAS,AL_LANGOSTAH
*************
15-06-2024 15:45:04,ross,CUTANEAS,AL_CAMARONH
*************
15-06-2024 15:45:04,ross,CUTANEAS,AL_LECHEH
*************
15-06-2024 15:45:04,ross,CUTANEAS,AL_HUEVOCIH
*************
15-06-2024 15:45:04,ross,CUTANEAS,AL_YEMAH
*************
15-06-2024 15:45:04,ross,CUTANEAS,AL_TRIGOH
*************
15-06-2024 15:45:04,ross,CUTANEAS,AL_MAIZH
*************
15-06-2024 15:45:04,ross,CUTANEAS,AL_ARROZH
*************
15-06-2024 15:45:04,ross,CUTANEAS,AL_FREJOLH
*************
15-06-2024 15:45:04,ross,CUTANEAS,AL_LENTEJAH
*************
15-06-2024 15:45:04,ross,CUTANEAS,AL_HABAH
*************
15-06-2024 15:45:04,ross,CUTANEAS,AL_TOMATEH
*************
15-06-2024 15:45:04,ross,CUTANEAS,AL_ZANAHORIAH
*************
15-06-2024 15:45:04,ross,CUTANEAS,AL_MANIH
*************
15-06-2024 15:45:04,ross,CUTANEAS,AL_CHOCOLATEH
*************
15-06-2024 15:45:04,ross,CUTANEAS,AL_NARANJAH
*************
15-06-2024 15:45:04,ross,CUTANEAS,AL_PIÑAH
*************
15-06-2024 15:45:04,ross,CUTANEAS,AL_FRUTILLAH
*************
15-06-2024 15:45:04,ross,CUTANEAS,AL_TARTRAZINAH
*************
15-06-2024 15:45:04,ross,CUTANEAS,AL_PARABENOSH
*************
15-06-2024 15:45:04,ross,CUTANEAS,AL_HISTAMINAH
*************
15-06-2024 15:45:04,ross,CUTANEAS,AL_ABEJAH
*************
15-06-2024 15:45:04,ross,CUTANEAS,AL_AVISPAH
*************
15-06-2024 15:45:04,ross,CUTANEAS,AL_HIELOH
*************
15-06-2024 15:45:04,ross,CUTANEAS,AL_LATEXH
*************
15-06-2024 15:45:04,ross,CUTANEAS,AL_INSECTOSH
*************
15-06-2024 15:45:04,ross,CUTANEAS,AL_CYNODONH
*************
15-06-2024 15:45:04,ross,CUTANEAS,AL_ASPERGILLUSH
*************
15-06-2024 15:45:04,ross,CUTANEAS,AL_POLVOCPH
*************
15-06-2024 15:45:04,ross,CUTANEAS,AL_DPTERONYSINUSH
*************
15-06-2024 15:45:04,ross,CUTANEAS,AL_PLUMASH
*************
15-06-2024 15:45:04,ross,CUTANEAS,AL_FENILARILH
*************
15-06-2024 15:45:04,ross,CUTANEAS,AL_ACACETILH
*************
15-06-2024 15:45:04,ross,CUTANEAS,AL_PIRAZOLONAH
*************
15-06-2024 15:45:04,ross,CUTANEAS,AL_ACARILH
*************
15-06-2024 15:45:04,ross,CUTANEAS,AL_KETOROLACOH
*************
15-06-2024 15:45:04,ross,CUTANEAS,AL_BETALACTAMICOS1H
*************
15-06-2024 15:45:04,ross,CUTANEAS,AL_BETALACTAMICOS2H
*************
15-06-2024 15:45:04,ross,CUTANEAS,AL_MACROLIDOSH
*************
15-06-2024 15:45:04,ross,CUTANEAS,AL_QUINOLONASH
*************
15-06-2024 15:45:04,ross,CUTANEAS,AL_IMIDAZOLICOSH
*************
15-06-2024 15:45:04,ross,CUTANEAS,AL_YODOH
*************
15-06-2024 18:29:12,,Ingreso USUARIO,Busca tabla invitado
*************
15-06-2024 18:29:13,ross,Ingreso CONTRASEÑA,Busca tabla invitado
*************
15-06-2024 18:32:13,,Ingreso USUARIO,Busca tabla invitado
*************
15-06-2024 18:32:14,ross,Ingreso CONTRASEÑA,Busca tabla invitado
*************
15-06-2024 18:34:33,,Ingreso USUARIO,Busca tabla invitado
*************
15-06-2024 18:34:35,ross,Ingreso CONTRASEÑA,Busca tabla invitado
*************
15-06-2024 18:41:24,,Ingreso USUARIO,Busca tabla invitado
*************
15-06-2024 18:41:26,ross,Ingreso CONTRASEÑA,Busca tabla invitado
*************
15-06-2024 18:46:08,,Ingreso USUARIO,Busca tabla invitado
*************
15-06-2024 18:46:10,ross,Ingreso CONTRASEÑA,Busca tabla invitado
*************
15-06-2024 18:58:07,,Ingreso USUARIO,Busca tabla invitado
*************
15-06-2024 18:58:08,ross,Ingreso CONTRASEÑA,Busca tabla invitado
*************
15-06-2024 19:08:42,,Ingreso USUARIO,Busca tabla invitado
*************
15-06-2024 19:08:43,ross,Ingreso CONTRASEÑA,Busca tabla invitado
*************
15-06-2024 19:11:20,,Ingreso USUARIO,Busca tabla invitado
*************
15-06-2024 19:11:22,ross,Ingreso CONTRASEÑA,Busca tabla invitado
*************
15-06-2024 19:13:24,,Ingreso USUARIO,Busca tabla invitado
*************
15-06-2024 19:13:25,ross,Ingreso CONTRASEÑA,Busca tabla invitado
*************
15-06-2024 19:17:29,,Ingreso USUARIO,Busca tabla invitado
*************
15-06-2024 19:17:30,,Ingreso CONTRASEÑA FALLIDO,
*************
15-06-2024 19:17:30,,Ingreso CONTRASEÑA,Busca tabla invitado
*************
15-06-2024 19:17:32,ross,Ingreso CONTRASEÑA,Busca tabla invitado
*************
15-06-2024 19:19:35,,Ingreso USUARIO,Busca tabla invitado
*************
15-06-2024 19:19:36,ross,Ingreso CONTRASEÑA,Busca tabla invitado
*************
15-06-2024 19:22:51,,Ingreso USUARIO,Busca tabla invitado
*************
15-06-2024 19:22:52,ross,Ingreso CONTRASEÑA,Busca tabla invitado
*************
15-06-2024 19:33:15,,Ingreso USUARIO,Busca tabla invitado
*************
15-06-2024 19:33:16,ross,Ingreso CONTRASEÑA,Busca tabla invitado
*************
15-06-2024 20:06:18,,Ingreso USUARIO,Busca tabla invitado
*************
15-06-2024 20:06:18,ross,Ingreso CONTRASEÑA,Busca tabla invitado
*************
15-06-2024 20:33:48,,Ingreso USUARIO,Busca tabla invitado
*************
15-06-2024 20:33:49,ross,Ingreso CONTRASEÑA,Busca tabla invitado
*************
15-06-2024 20:38:40,,Ingreso USUARIO,Busca tabla invitado
*************
15-06-2024 20:38:41,ross,Ingreso CONTRASEÑA,Busca tabla invitado
*************
15-06-2024 20:42:25,ross,Actualizacon Medico,Medico=GRUPO ALERGOLOGO
*************
15-06-2024 20:43:19,ross,Nuevo Pedido PRE CARGA,NORMAL/5
*************
15-06-2024 20:43:19,ross,GUARDA ENCUESTA,355
*************
15-06-2024 20:46:06,,Ingreso USUARIO,Busca tabla invitado
*************
15-06-2024 20:46:06,ross,Ingreso CONTRASEÑA,Busca tabla invitado
*************
15-06-2024 20:47:55,,Ingreso USUARIO,Busca tabla invitado
*************
15-06-2024 20:47:56,ross,Ingreso CONTRASEÑA,Busca tabla invitado
*************
17-06-2024 07:27:01,,Ingreso USUARIO,Busca tabla invitado
*************
17-06-2024 07:27:05,,Ingreso CONTRASEÑA FALLIDO,
*************
17-06-2024 07:27:05,,Ingreso CONTRASEÑA,Busca tabla invitado
*************
17-06-2024 07:27:07,ross,Ingreso CONTRASEÑA,Busca tabla invitado
*************
17-06-2024 07:30:40,ross,CUTANEAS,AL_CERDOH
*************
17-06-2024 07:30:40,ross,CUTANEAS,AL_POLLOH
*************
17-06-2024 07:30:40,ross,CUTANEAS,AL_CORVINAH
*************
17-06-2024 07:30:40,ross,CUTANEAS,AL_ATUNH
*************
17-06-2024 07:30:40,ross,CUTANEAS,AL_LANGOSTAH
*************
17-06-2024 07:30:40,ross,CUTANEAS,AL_CAMARONH
*************
17-06-2024 07:30:40,ross,CUTANEAS,AL_LECHEH
*************
17-06-2024 07:30:40,ross,CUTANEAS,AL_HUEVOCIH
*************
17-06-2024 07:30:40,ross,CUTANEAS,AL_YEMAH
*************
17-06-2024 07:30:40,ross,CUTANEAS,AL_TRIGOH
*************
17-06-2024 07:30:40,ross,CUTANEAS,AL_MAIZH
*************
17-06-2024 07:30:40,ross,CUTANEAS,AL_ARROZH
*************
17-06-2024 07:30:40,ross,CUTANEAS,AL_FREJOLH
*************
17-06-2024 07:30:40,ross,CUTANEAS,AL_LENTEJAH
*************
17-06-2024 07:30:40,ross,CUTANEAS,AL_HABAH
*************
17-06-2024 07:30:40,ross,CUTANEAS,AL_TOMATEH
*************
17-06-2024 07:30:40,ross,CUTANEAS,AL_ZANAHORIAH
*************
17-06-2024 07:30:40,ross,CUTANEAS,AL_MANIH
*************
17-06-2024 07:30:40,ross,CUTANEAS,AL_CHOCOLATEH
*************
17-06-2024 07:30:40,ross,CUTANEAS,AL_NARANJAH
*************
17-06-2024 07:30:40,ross,CUTANEAS,AL_PIÑAH
*************
17-06-2024 07:30:40,ross,CUTANEAS,AL_FRUTILLAH
*************
17-06-2024 07:30:40,ross,CUTANEAS,AL_TARTRAZINAH
*************
17-06-2024 07:30:40,ross,CUTANEAS,AL_PARABENOSH
*************
17-06-2024 07:30:40,ross,CUTANEAS,AL_HISTAMINAH
*************
17-06-2024 07:30:40,ross,CUTANEAS,AL_ABEJAH
*************
17-06-2024 07:30:40,ross,CUTANEAS,AL_AVISPAH
*************
17-06-2024 07:30:40,ross,CUTANEAS,AL_HIELOH
*************
17-06-2024 07:30:40,ross,CUTANEAS,AL_LATEXH
*************
17-06-2024 07:30:40,ross,CUTANEAS,AL_INSECTOSH
*************
17-06-2024 07:30:40,ross,CUTANEAS,AL_CYNODONH
*************
17-06-2024 07:30:40,ross,CUTANEAS,AL_ASPERGILLUSH
*************
17-06-2024 07:30:40,ross,CUTANEAS,AL_POLVOCPH
*************
17-06-2024 07:30:40,ross,CUTANEAS,AL_DPTERONYSINUSH
*************
17-06-2024 07:30:40,ross,CUTANEAS,AL_PLUMASH
*************
17-06-2024 07:30:40,ross,CUTANEAS,AL_FENILARILH
*************
17-06-2024 07:30:40,ross,CUTANEAS,AL_ACACETILH
*************
17-06-2024 07:30:40,ross,CUTANEAS,AL_PIRAZOLONAH
*************
17-06-2024 07:30:40,ross,CUTANEAS,AL_ACARILH
*************
17-06-2024 07:30:40,ross,CUTANEAS,AL_KETOROLACOH
*************
17-06-2024 07:30:40,ross,CUTANEAS,AL_BETALACTAMICOS1H
*************
17-06-2024 07:30:40,ross,CUTANEAS,AL_BETALACTAMICOS2H
*************
17-06-2024 07:30:40,ross,CUTANEAS,AL_MACROLIDOSH
*************
17-06-2024 07:30:40,ross,CUTANEAS,AL_QUINOLONASH
*************
17-06-2024 07:30:40,ross,CUTANEAS,AL_IMIDAZOLICOSH
*************
17-06-2024 07:30:40,ross,CUTANEAS,AL_YODOH
*************
17-06-2024 09:19:04,,Ingreso USUARIO,Busca tabla invitado
*************
17-06-2024 09:19:05,ross,Ingreso CONTRASEÑA,Busca tabla invitado
*************
17-06-2024 09:21:04,,Ingreso USUARIO,Busca tabla invitado
*************
17-06-2024 09:21:04,ross,Ingreso CONTRASEÑA,Busca tabla invitado
*************
17-06-2024 09:27:49,,Ingreso USUARIO,Busca tabla invitado
*************
17-06-2024 09:27:49,ross,Ingreso CONTRASEÑA,Busca tabla invitado
*************
17-06-2024 09:30:38,,Ingreso USUARIO,Busca tabla invitado
*************
17-06-2024 09:30:39,ross,Ingreso CONTRASEÑA,Busca tabla invitado
*************
17-06-2024 09:34:00,,SUPERADO INTENTOS FALLIDO USR,
*************
17-06-2024 09:34:22,,Ingreso USUARIO,Busca tabla invitado
*************
17-06-2024 09:34:22,ross,Ingreso CONTRASEÑA,Busca tabla invitado
*************
18-06-2024 08:48:02,,Ingreso USUARIO,Busca tabla invitado
*************
18-06-2024 08:48:02,ross,Ingreso CONTRASEÑA,Busca tabla invitado
*************
18-06-2024 10:05:37,,Ingreso USUARIO,Busca tabla invitado
*************
18-06-2024 10:05:38,ross,Ingreso CONTRASEÑA,Busca tabla invitado
*************
18-06-2024 14:39:52,,Ingreso USUARIO,Busca tabla invitado
*************
18-06-2024 14:39:54,ross,Ingreso CONTRASEÑA,Busca tabla invitado
*************
18-06-2024 14:41:22,ross,Elimina Medico,Medico=9
*************
18-06-2024 14:41:26,ross,Elimina Medico,Medico=7
*************
18-06-2024 14:41:30,ross,Elimina Medico,Medico=8
*************
18-06-2024 14:41:36,ross,Elimina Medico,Medico=31
*************
18-06-2024 14:41:39,ross,Elimina Medico,Medico=15
*************
18-06-2024 14:41:43,ross,Elimina Medico,Medico=35
*************
18-06-2024 14:41:47,ross,Elimina Medico,Medico=39
*************
18-06-2024 14:41:50,ross,Elimina Medico,Medico=32
*************
18-06-2024 14:41:53,ross,Elimina Medico,Medico=42
*************
18-06-2024 14:41:56,ross,Elimina Medico,Medico=17
*************
18-06-2024 14:42:00,ross,Elimina Medico,Medico=37
*************
18-06-2024 14:42:03,ross,Elimina Medico,Medico=38
*************
18-06-2024 14:42:06,ross,Elimina Medico,Medico=33
*************
18-06-2024 14:42:11,ross,Elimina Medico,Medico=40
*************
18-06-2024 14:42:23,ross,Actualizacon Medico,Medico=RECALDE MARCELA
*************
18-06-2024 14:42:49,ross,Actualizacon Medico,Medico=RECALDE MARCELA
*************
18-06-2024 14:44:16,ross,Elimina Medico,Medico=36
*************
18-06-2024 14:44:20,ross,Elimina Medico,Medico=46
*************
18-06-2024 14:44:25,ross,Elimina Medico,Medico=34
*************
18-06-2024 14:44:32,ross,Actualizacon Medico,Medico=CAÑIZARES CARLOS
*************
18-06-2024 14:45:38,ross,Actualizacon Medico,Medico=LABORATORIO
*************
18-06-2024 14:45:50,ross,Actualizacon Medico,Medico=RECALDE MARCELA
*************
18-06-2024 14:46:22,ross,Actualizacon Medico,Medico=GABRIELA MORALES
*************
18-06-2024 14:46:29,ross,Actualizacon Medico,Medico=GABRIELA MORALES
*************
18-06-2024 14:46:42,ross,Actualizacon Medico,Medico=RECALDE MARCELA
*************
18-06-2024 14:48:05,,Ingreso USUARIO,Busca tabla invitado
*************
18-06-2024 14:48:06,ross,Ingreso CONTRASEÑA,Busca tabla invitado
*************
18-06-2024 14:48:57,,Ingreso USUARIO,Busca tabla invitado
*************
18-06-2024 14:48:57,ross,Ingreso CONTRASEÑA,Busca tabla invitado
*************
18-06-2024 14:51:44,,Ingreso USUARIO,Busca tabla invitado
*************
18-06-2024 14:51:45,ross,Ingreso CONTRASEÑA,Busca tabla invitado
*************
18-06-2024 14:53:21,,Ingreso USUARIO,Busca tabla invitado
*************
18-06-2024 14:53:22,ross,Ingreso CONTRASEÑA,Busca tabla invitado
*************
18-06-2024 14:54:03,ross,Actualizacon Medico,Medico=GRUPO MEDICOS
*************
18-06-2024 14:54:31,ross,Actualizacon Medico,Medico=GRUPO MEDICOS
*************
18-06-2024 14:58:05,,Ingreso USUARIO,Busca tabla invitado
*************
18-06-2024 14:58:06,ross,Ingreso CONTRASEÑA,Busca tabla invitado
*************
18-06-2024 15:02:49,,Ingreso USUARIO,Busca tabla invitado
*************
18-06-2024 15:02:50,ross,Ingreso CONTRASEÑA,Busca tabla invitado
*************
18-06-2024 15:03:06,ross,Actualizacon Medico,Medico=MIRANDA ANGELA
*************
18-06-2024 15:03:46,ross,Actualizacon Medico,Medico=CARMEN OCHOA
*************
18-06-2024 15:05:42,ross,Nuevo Pedido PRE CARGA,NORMAL/1
*************
18-06-2024 15:05:42,ross,GUARDA ENCUESTA,181
*************
18-06-2024 15:06:00,ross,Nuevo Pedido PRE CARGA,NORMAL/2
*************
18-06-2024 15:06:00,ross,GUARDA ENCUESTA,95
*************
18/06/2024 15:15:07,,Ingreso USUARIO,Busca tabla invitado
*************
18/06/2024 15:15:08,ross,Ingreso CONTRASEÑA,Busca tabla invitado
*************
18/06/2024 16:10:51,,Ingreso USUARIO,Busca tabla invitado
*************
18/06/2024 16:10:52,ross,Ingreso CONTRASEÑA,Busca tabla invitado
*************
18/06/2024 16:15:12,ross,Nuevo Pedido PRE CARGA,NORMAL/3
*************
18/06/2024 16:15:13,ross,GUARDA ENCUESTA,188
*************
18/06/2024 16:36:09,ross,Actualizacon Medico,Medico=MIRANDA ANGELA
*************
19/06/2024 10:59:23,,Ingreso USUARIO,Busca tabla invitado
*************
19/06/2024 10:59:24,ross,Ingreso CONTRASEÑA,Busca tabla invitado
*************
19/06/2024 16:38:21,,Ingreso USUARIO,Busca tabla invitado
*************
19/06/2024 16:38:22,ross,Ingreso CONTRASEÑA,Busca tabla invitado
*************
19/06/2024 16:40:01,ross,Actualizacon Medico,Medico=LABORATORIO
*************
19/06/2024 16:41:29,ross,01 GENERAR ORDEN  NORMAL EXAMENES: 400149,400150,400476,400151,400295,,PEDIDO=30
*************
19/06/2024 16:41:48,ross,01 GENERAR ORDEN  NORMAL EXAMENES: 400101,400185,400186,,PEDIDO=31
*************
19/06/2024 19:44:35,ross,GUARDA RESULTADOS,COLH=1
*************
19/06/2024 19:44:35,ross,GUARDA RESULTADOS,AHDLH=2
*************
19/06/2024 19:44:35,ross,GUARDA RESULTADOS,LDLH=3
*************
19/06/2024 19:44:35,ross,GUARDA RESULTADOS,TGLH=4
*************
19/06/2024 19:44:37,ross,VALIDACION RESULTADO,PEDIDO=30/400149
*************
19/06/2024 19:44:37,ross,VALIDACION RESULTADO,PEDIDO=30/400150
*************
19/06/2024 19:44:37,ross,VALIDACION RESULTADO,PEDIDO=30/400151
*************
19/06/2024 19:44:37,ross,VALIDACION RESULTADO,PEDIDO=30/400476
*************
19/06/2024 19:44:37,ross,Eliminar resultado AUX_HIS,
*************
20/06/2024 10:29:24,,Ingreso USUARIO,Busca tabla invitado
*************
20/06/2024 10:29:24,ross,Ingreso CONTRASEÑA,Busca tabla invitado
*************
20/06/2024 10:29:50,ross,Nuevo Pedido PRE CARGA,NORMAL/32
*************
20/06/2024 10:29:50,ross,GUARDA ENCUESTA,1345
*************
20/06/2024 13:18:38,ross,Eliminar Producto,
*************
20/06/2024 13:18:43,ross,Eliminar Producto,
*************
20/06/2024 13:39:42,ross,Operación de Movimiento Inventario,
*************
20/06/2024 13:39:42,ross,Inserción de detalle movimiento inventario,
*************
20/06/2024 13:39:42,ross,Inserción de detalle movimiento inventario,
*************
20/06/2024 13:39:42,ross,Inserción de detalle movimiento inventario,
*************
20/06/2024 15:50:41,ross,Inserta usuario web,Paciente=4 HFLORES
*************
22/06/2024 06:58:36,,Ingreso USUARIO,Busca tabla invitado
*************
22/06/2024 06:58:37,ross,Ingreso CONTRASEÑA,Busca tabla invitado
*************
22/06/2024 07:10:59,ross,Generar Paciente,Paciente=JIMENEZ ZURITA ANA MARIA
*************
22/06/2024 07:15:04,ross,Actualizacon Medico,Medico=LOPEZ JUNITO
*************
22/06/2024 07:21:26,ross,01 GENERAR ORDEN  NORMAL EXAMENES: 400101,401104,400149,400150,400476,400151,400230,,PEDIDO=33
*************
22/06/2024 07:24:41,ross,Actualiza FACTURA,FACTURA=25
*************
22/06/2024 07:24:41,ross,Ingresa FACTURA,FACTURA=25
*************
22/06/2024 07:24:41,ross,Insertar abono,Factura=25 Abono= 15
*************
22/06/2024 07:24:41,ross,Actualiza FACTURA,FACTURA=25/15
*************
22/06/2024 07:24:45,ross,Inserta usuario web,Paciente=125 JANA
*************
22/06/2024 07:24:45,ross,Registra Tx Factura,Factura=25
*************
22/06/2024 07:27:23,ross,Insertar abono,Factura=25 Abono= 10
*************
22/06/2024 07:27:23,ross,Actualiza FACTURA,FACTURA=25/10
*************
22/06/2024 07:27:26,ross,Registra Tx Factura,Factura=25
*************
22/06/2024 07:27:53,ross,03 IMPRIMIR PEDIDO,PEDIDO=33
*************
22/06/2024 07:28:23,ross,02 IMPRIMIR COD BARRAS,PEDIDO=33
*************
22/06/2024 07:30:36,ross,Registra Tx Factura,Factura=25
*************
22/06/2024 07:36:00,ross,Generar Paciente,Paciente=ARMIJOS MACHUCA MAYRA ALEJANDRA
*************
22/06/2024 07:36:01,ross,Nuevo Pedido IMPORTACION,TRANS AZUAY/34
*************
22/06/2024 07:36:01,ross,Generar Paciente,Paciente=BUENO GAÑAN BLANCA ARELIS
*************
22/06/2024 07:36:01,ross,Nuevo Pedido IMPORTACION,TRANS AZUAY/35
*************
22/06/2024 07:36:01,ross,Generar Paciente,Paciente=CONDE PACUSHCA MARIA DEL CARMEN
*************
22/06/2024 07:36:02,ross,Nuevo Pedido IMPORTACION,TRANS AZUAY/36
*************
22/06/2024 07:36:02,ross,Generar Paciente,Paciente=ESPINOSA CASA ANGELICA PIEDAD
*************
22/06/2024 07:36:02,ross,Nuevo Pedido IMPORTACION,TRANS AZUAY/37
*************
22/06/2024 07:36:02,ross,Generar Paciente,Paciente=GALLEGO JAUREGUI YULY ANDREA
*************
22/06/2024 07:36:03,ross,Nuevo Pedido IMPORTACION,TRANS AZUAY/38
*************
22/06/2024 07:36:03,ross,Generar Paciente,Paciente=GARRIDO MEDRANDA LORENA ELIZABETH
*************
22/06/2024 07:36:03,ross,Nuevo Pedido IMPORTACION,TRANS AZUAY/39
*************
22/06/2024 07:36:03,ross,Generar Paciente,Paciente=JIMENEZ GUERRERO MARIANA DE JE
*************
22/06/2024 07:36:04,ross,Nuevo Pedido IMPORTACION,TRANS AZUAY/40
*************
22/06/2024 07:36:04,ross,Generar Paciente,Paciente=LASCANO ERAZO JUAN CARLOS
*************
22/06/2024 07:36:05,ross,Nuevo Pedido IMPORTACION,TRANS AZUAY/41
*************
22/06/2024 07:36:05,ross,Generar Paciente,Paciente=MENDEZ SILVA DAVID RENE
*************
22/06/2024 07:36:05,ross,Nuevo Pedido IMPORTACION,TRANS AZUAY/42
*************
22/06/2024 07:36:05,ross,Generar Paciente,Paciente=NARANJO GONZALEZ LORENA ALEXAN
*************
22/06/2024 07:36:06,ross,Nuevo Pedido IMPORTACION,TRANS AZUAY/43
*************
22/06/2024 07:36:06,ross,Generar Paciente,Paciente=NUÑEZ PESANTEZ JENNY PAULINA
*************
22/06/2024 07:36:06,ross,Nuevo Pedido IMPORTACION,TRANS AZUAY/44
*************
22/06/2024 07:36:06,ross,Generar Paciente,Paciente=PAEZ PALLO ERIKA FERNANDA
*************
22/06/2024 07:36:07,ross,Nuevo Pedido IMPORTACION,TRANS AZUAY/45
*************
22/06/2024 07:36:07,ross,Generar Paciente,Paciente=PROAÑO GUIZADO CARLA PAOLA
*************
22/06/2024 07:36:07,ross,Nuevo Pedido IMPORTACION,TRANS AZUAY/46
*************
22/06/2024 07:36:07,ross,Generar Paciente,Paciente=RIVERA SORROZA IRENE YULLISSA
*************
22/06/2024 07:36:08,ross,Nuevo Pedido IMPORTACION,TRANS AZUAY/47
*************
22/06/2024 07:36:08,ross,Generar Paciente,Paciente=ROCA PESANTES LIGIA RAFAELLA
*************
22/06/2024 07:36:08,ross,Nuevo Pedido IMPORTACION,TRANS AZUAY/48
*************
22/06/2024 07:36:08,ross,Generar Paciente,Paciente=VASQUEZ CHASI KARINA ALEXANDRA
*************
22/06/2024 07:36:09,ross,Nuevo Pedido IMPORTACION,TRANS AZUAY/49
*************
22/06/2024 07:36:09,ross,Generar Paciente,Paciente=RUEDA GERMAN ANDREA ESTEFANIA
*************
22/06/2024 07:36:09,ross,Nuevo Pedido IMPORTACION,TRANS AZUAY/50
*************
22/06/2024 07:36:09,ross,Generar Paciente,Paciente=CURICHO TITUAÑA LUIS WLADIMIR
*************
22/06/2024 07:36:10,ross,Nuevo Pedido IMPORTACION,TRANS AZUAY/51
*************
22/06/2024 07:36:10,ross,Generar Paciente,Paciente=AVILES GUZMAN MARIA CRISTINA
*************
22/06/2024 07:36:10,ross,Nuevo Pedido IMPORTACION,TRANS AZUAY/52
*************
22/06/2024 07:36:11,ross,Nuevo Pedido IMPORTACION,TRANS AZUAY/53
*************
22/06/2024 07:36:11,ross,Generar Paciente,Paciente=MORALES OÑA MARLENE PAULINA
*************
22/06/2024 07:36:11,ross,Nuevo Pedido IMPORTACION,TRANS AZUAY/54
*************
22/06/2024 07:36:11,ross,Generar Paciente,Paciente=VELOZ CHAVEZ AMPARO ELIZABETH
*************
22/06/2024 07:36:11,ross,Nuevo Pedido IMPORTACION,TRANS AZUAY/55
*************
22/06/2024 07:36:11,ross,Generar Paciente,Paciente=BUNAY CARMEN ESTELA
*************
22/06/2024 07:36:12,ross,Nuevo Pedido IMPORTACION,TRANS AZUAY/56
*************
22/06/2024 07:47:43,ross,Actualizar Rango Unico,Test=400149 Rango=0-200
*************
22/06/2024 07:49:53,ross,IMPRIMIR CONTRAORDEN,
*************
22/06/2024 07:50:26,ross,IMPRIMIR LISTA TRABAJO,
*************
22/06/2024 07:50:49,ross,IMPRIMIR HOJA TRABAJO,
*************
22/06/2024 07:57:31,ross,GUARDA RESULTADOS,WBCH=1
*************
22/06/2024 07:57:31,ross,GUARDA RESULTADOS,NEUH=1
*************
22/06/2024 07:57:31,ross,GUARDA RESULTADOS,LYMH=1
*************
22/06/2024 07:57:31,ross,GUARDA RESULTADOS,MONH=1
*************
22/06/2024 07:57:31,ross,GUARDA RESULTADOS,EOSH=
*************
22/06/2024 07:57:31,ross,GUARDA RESULTADOS,BASOH=
*************
22/06/2024 07:57:31,ross,GUARDA RESULTADOS,NEU%25H=1
*************
22/06/2024 07:57:31,ross,GUARDA RESULTADOS,LYM%25H=1
*************
22/06/2024 07:57:32,ross,GUARDA RESULTADOS,MON%25H=1
*************
22/06/2024 07:57:32,ross,GUARDA RESULTADOS,EOS%25H=
*************
22/06/2024 07:57:32,ross,GUARDA RESULTADOS,BASO%25H=
*************
22/06/2024 07:57:32,ross,GUARDA RESULTADOS,RBCH=1
*************
22/06/2024 07:57:32,ross,GUARDA RESULTADOS,HCTH=1
*************
22/06/2024 07:57:32,ross,GUARDA RESULTADOS,HGBH=1
*************
22/06/2024 07:57:32,ross,GUARDA RESULTADOS,MCVH=1
*************
22/06/2024 07:57:32,ross,GUARDA RESULTADOS,MCHH=1
*************
22/06/2024 07:57:32,ross,GUARDA RESULTADOS,MCHCH=1
*************
22/06/2024 07:57:32,ross,GUARDA RESULTADOS,RDW-CVH=1
*************
22/06/2024 07:57:32,ross,GUARDA RESULTADOS,RDW-SDH=1
*************
22/06/2024 07:57:32,ross,GUARDA RESULTADOS,PLTH=1
*************
22/06/2024 07:57:32,ross,GUARDA RESULTADOS,MPVH=1
*************
22/06/2024 07:57:32,ross,GUARDA RESULTADOS,PDWH=1
*************
22/06/2024 07:57:32,ross,GUARDA RESULTADOS,PCTH=1
*************
22/06/2024 07:57:32,ross,GUARDA RESULTADOS,P-LCRH=1
*************
22/06/2024 07:57:32,ross,GUARDA RESULTADOS,P-LCCH=1
*************
22/06/2024 08:01:12,ross,GUARDA RESULTADOS,ANAQUI1=- EXAMEN FÍSICO -
*************
22/06/2024 08:01:12,ross,GUARDA RESULTADOS,COLOH=AMBAR
*************
22/06/2024 08:01:12,ross,GUARDA RESULTADOS,ASPOH=LIGERAMENTE TURBIO
*************
22/06/2024 08:01:12,ross,GUARDA RESULTADOS,EMOQUI=-EXAMEN QUIMICO-
*************
22/06/2024 08:01:12,ross,GUARDA RESULTADOS,DENO=1.030
*************
22/06/2024 08:01:12,ross,GUARDA RESULTADOS,PHO=3.0
*************
22/06/2024 08:01:12,ross,GUARDA RESULTADOS,LEUOH=100
*************
22/06/2024 08:01:12,ross,GUARDA RESULTADOS,ELEUCOH=
*************
22/06/2024 08:01:12,ross,GUARDA RESULTADOS,ASCOH=
*************
22/06/2024 08:01:12,ross,GUARDA RESULTADOS,NITO=NEGATIVO
*************
22/06/2024 08:01:12,ross,GUARDA RESULTADOS,PROTOH=NEGATIVO
*************
22/06/2024 08:01:12,ross,GUARDA RESULTADOS,GLUOH=NEGATIVO
*************
22/06/2024 08:01:12,ross,GUARDA RESULTADOS,CCETOH=++
*************
22/06/2024 08:01:12,ross,GUARDA RESULTADOS,UROOH=NEGATIVO
*************
22/06/2024 08:01:12,ross,GUARDA RESULTADOS,BILO=NEGATIVO
*************
22/06/2024 08:01:12,ross,GUARDA RESULTADOS,SANOH=NEGATIVO
*************
22/06/2024 08:01:12,ross,GUARDA RESULTADOS,HGBOH=
*************
22/06/2024 08:01:12,ross,GUARDA RESULTADOS,ANAMIC1=- EXAMEN MICROSCÓPICO -
*************
22/06/2024 08:01:12,ross,GUARDA RESULTADOS,CELPOH=1-2
*************
22/06/2024 08:01:12,ross,GUARDA RESULTADOS,CELEPH=
*************
22/06/2024 08:01:12,ross,GUARDA RESULTADOS,CELCAOH=
*************
22/06/2024 08:01:12,ross,GUARDA RESULTADOS,LEUC_EMO1H=
*************
22/06/2024 08:01:12,ross,GUARDA RESULTADOS,PIOO=8-10
*************
22/06/2024 08:01:12,ross,GUARDA RESULTADOS,HEMOH=
*************
22/06/2024 08:01:12,ross,GUARDA RESULTADOS,BACOH=ESCASAS
*************
22/06/2024 08:01:12,ross,GUARDA RESULTADOS,MOCOH=
*************
22/06/2024 08:01:12,ross,GUARDA RESULTADOS,LEVA_ORINA=++
*************
22/06/2024 08:01:12,ross,GUARDA RESULTADOS,URO=
*************
22/06/2024 08:01:12,ross,GUARDA RESULTADOS,FOO=
*************
22/06/2024 08:01:12,ross,GUARDA RESULTADOS,OXAO=
*************
22/06/2024 08:01:12,ross,GUARDA RESULTADOS,CRIO=
*************
22/06/2024 08:01:12,ross,GUARDA RESULTADOS,CILO=
*************
22/06/2024 08:01:12,ross,GUARDA RESULTADOS,CIGO=
*************
22/06/2024 08:01:12,ross,GUARDA RESULTADOS,CILCE=
*************
22/06/2024 08:01:12,ross,GUARDA RESULTADOS,ESP=
*************
22/06/2024 08:01:12,ross,GUARDA RESULTADOS,OTROSO=
*************
22/06/2024 08:11:20,ross,GUARDA NOTA AREA,AREA EXAMEN =11/OBSERVACIONES: Suero lipemico
*************
26/06/2024 20:22:49,,Ingreso USUARIO,Busca tabla invitado
*************
26/06/2024 20:22:49,ross,Ingreso CONTRASEÑA,Busca tabla invitado
*************
26/06/2024 20:26:16,,Ingreso USUARIO,Busca tabla invitado
*************
26/06/2024 20:26:17,ross,Ingreso CONTRASEÑA,Busca tabla invitado
*************
26/06/2024 20:27:19,,Ingreso USUARIO,Busca tabla invitado
*************
26/06/2024 20:27:19,ross,Ingreso CONTRASEÑA,Busca tabla invitado
*************
26/06/2024 20:34:30,ross,Operación de Movimiento Inventario,
*************
26/06/2024 20:34:31,ross,Inserción de detalle movimiento inventario,
*************
26/06/2024 20:35:53,ross,Operación de Movimiento Inventario,
*************
26/06/2024 20:36:10,ross,Operación de Movimiento Inventario,
*************
26/06/2024 20:37:06,,Ingreso USUARIO,Busca tabla invitado
*************
26/06/2024 20:37:07,ross,Ingreso CONTRASEÑA,Busca tabla invitado
*************
26/06/2024 20:37:43,ross,Operación de Movimiento Inventario,
*************
26/06/2024 20:37:43,ross,Inserción de detalle movimiento inventario,
*************
26/06/2024 20:39:40,ross,Operación de Movimiento Inventario,
*************
26/06/2024 20:40:07,ross,Operación de Movimiento Inventario,
*************
26/06/2024 20:40:23,ross,Operación de Movimiento Inventario,
*************
26/06/2024 20:40:38,ross,Operación de Movimiento Inventario,
*************
26/06/2024 20:41:09,,Ingreso USUARIO,Busca tabla invitado
*************
26/06/2024 20:41:10,ross,Ingreso CONTRASEÑA,Busca tabla invitado
*************
26/06/2024 20:42:30,ross,Operación de Movimiento Inventario,
*************
26/06/2024 20:43:32,ross,Ingreso CONTRASEÑA,Busca tabla invitado
*************
26/06/2024 20:44:16,ross,Operación de Movimiento Inventario,
*************
26/06/2024 20:44:36,,Ingreso USUARIO,Busca tabla invitado
*************
26/06/2024 20:44:37,ross,Ingreso CONTRASEÑA,Busca tabla invitado
*************
26/06/2024 20:45:37,ross,Operación de Movimiento Inventario,
*************
27/06/2024 20:41:22,,Ingreso USUARIO,Busca tabla invitado
*************
27/06/2024 20:41:23,ross,Ingreso CONTRASEÑA,Busca tabla invitado
*************
27/06/2024 20:45:56,,Ingreso USUARIO,Busca tabla invitado
*************
27/06/2024 20:45:57,ross,Ingreso CONTRASEÑA,Busca tabla invitado
*************
27/06/2024 20:47:54,ross,Actualizar Producto,
*************
27/06/2024 20:50:43,,Ingreso USUARIO,Busca tabla invitado
*************
27/06/2024 20:50:44,ross,Ingreso CONTRASEÑA,Busca tabla invitado
*************
27/06/2024 21:03:01,,Ingreso USUARIO,Busca tabla invitado
*************
27/06/2024 21:03:02,ross,Ingreso CONTRASEÑA,Busca tabla invitado
*************
27/06/2024 21:04:50,ross,Operación de Movimiento Inventario,
*************
27/06/2024 21:04:50,ross,Inserción de detalle movimiento inventario,
*************
27/06/2024 21:06:18,ross,Operación de Movimiento Inventario,
*************
27/06/2024 21:06:18,ross,Inserción de detalle movimiento inventario,
*************
27/06/2024 21:31:07,,Ingreso USUARIO,Busca tabla invitado
*************
27/06/2024 21:31:08,ross,Ingreso CONTRASEÑA,Busca tabla invitado
*************
27/06/2024 21:32:05,,Ingreso USUARIO,Busca tabla invitado
*************
27/06/2024 21:32:06,ross,Ingreso CONTRASEÑA,Busca tabla invitado
*************
27/06/2024 21:33:56,,Ingreso USUARIO,Busca tabla invitado
*************
27/06/2024 21:33:58,ross,Ingreso CONTRASEÑA,Busca tabla invitado
*************
27/06/2024 21:42:08,,Ingreso USUARIO,Busca tabla invitado
*************
27/06/2024 21:42:09,ross,Ingreso CONTRASEÑA,Busca tabla invitado
*************
27/06/2024 21:48:26,,Ingreso USUARIO,Busca tabla invitado
*************
27/06/2024 21:48:26,ross,Ingreso CONTRASEÑA,Busca tabla invitado
*************
27/06/2024 21:54:44,ross,Operación de Movimiento Inventario,
*************
27/06/2024 21:54:44,ross,Inserción de detalle movimiento inventario,
*************
27/06/2024 22:23:51,,Ingreso USUARIO,Busca tabla invitado
*************
27/06/2024 22:23:51,ross,Ingreso CONTRASEÑA,Busca tabla invitado
*************
27/06/2024 22:24:31,ross,Operación de Movimiento Inventario,
*************
27/06/2024 22:24:31,ross,Inserción de detalle movimiento inventario,
*************
27/06/2024 22:25:57,,Ingreso USUARIO,Busca tabla invitado
*************
27/06/2024 22:25:58,ross,Ingreso CONTRASEÑA,Busca tabla invitado
*************
27/06/2024 22:27:56,ross,Actualizar Producto,
*************
27/06/2024 22:30:46,ross,Actualizar Producto,
*************
27/06/2024 22:46:19,,Ingreso USUARIO,Busca tabla invitado
*************
27/06/2024 22:46:20,ross,Ingreso CONTRASEÑA,Busca tabla invitado
*************
27/06/2024 22:52:04,,Ingreso USUARIO,Busca tabla invitado
*************
27/06/2024 22:52:05,ross,Ingreso CONTRASEÑA,Busca tabla invitado
*************
27/06/2024 22:54:19,,Ingreso USUARIO,Busca tabla invitado
*************
27/06/2024 22:54:20,ross,Ingreso CONTRASEÑA,Busca tabla invitado
*************
27/06/2024 22:55:56,,Ingreso USUARIO,Busca tabla invitado
*************
27/06/2024 22:55:57,ross,Ingreso CONTRASEÑA,Busca tabla invitado
*************
27/06/2024 23:00:16,,Ingreso USUARIO,Busca tabla invitado
*************
27/06/2024 23:00:17,ross,Ingreso CONTRASEÑA,Busca tabla invitado
*************
27/06/2024 23:01:28,ross,Operación de Movimiento Inventario,
*************
27/06/2024 23:02:51,,Ingreso USUARIO,Busca tabla invitado
*************
27/06/2024 23:02:52,ross,Ingreso CONTRASEÑA,Busca tabla invitado
*************
27/06/2024 23:04:13,ross,Actualizar Producto,
*************
27/06/2024 23:04:56,ross,Operación de Movimiento Inventario,
*************
27/06/2024 23:05:03,ross,Inserción de detalle movimiento inventario,
*************
27/06/2024 23:08:54,,Ingreso USUARIO,Busca tabla invitado
*************
27/06/2024 23:08:55,ross,Ingreso CONTRASEÑA,Busca tabla invitado
*************
27/06/2024 23:09:16,ross,Actualizar Producto,
*************
27/06/2024 23:13:21,,Ingreso USUARIO,Busca tabla invitado
*************
27/06/2024 23:13:22,ross,Ingreso CONTRASEÑA,Busca tabla invitado
*************
27/06/2024 23:14:17,ross,Operación de Movimiento Inventario,
*************
27/06/2024 23:14:20,ross,Inserción de detalle movimiento inventario,
*************
27/06/2024 23:15:40,ross,Operación de Movimiento Inventario,
*************
27/06/2024 23:19:28,,Ingreso USUARIO,Busca tabla invitado
*************
27/06/2024 23:19:29,ross,Ingreso CONTRASEÑA,Busca tabla invitado
*************
27/06/2024 23:21:31,ross,Operación de Movimiento Inventario,
*************
27/06/2024 23:21:33,ross,Inserción de detalle movimiento inventario,
*************
27/06/2024 23:22:58,,Ingreso USUARIO,Busca tabla invitado
*************
27/06/2024 23:23:00,ross,Ingreso CONTRASEÑA,Busca tabla invitado
*************
27/06/2024 23:24:56,ross,Operación de Movimiento Inventario,
*************
27/06/2024 23:24:56,ross,Inserción de detalle movimiento inventario,
*************
27/06/2024 23:26:22,ross,Operación de Movimiento Inventario,
*************
29/06/2024 12:44:34,,Ingreso USUARIO,Busca tabla invitado
*************
29/06/2024 13:10:09,,Ingreso USUARIO,Busca tabla invitado
*************
29/06/2024 13:10:10,ross,Ingreso CONTRASEÑA,Busca tabla invitado
*************
29/06/2024 13:11:01,ross,01 GENERAR ORDEN  NORMAL EXAMENES: 401104,400140,400141,400185,400186,400149,400151,,PEDIDO=63
*************
29/06/2024 13:26:47,ross,01 GENERAR ORDEN  NORMAL EXAMENES: 400141,400185,400186,,PEDIDO=64
*************
30/06/2024 19:43:55,,Ingreso USUARIO,Busca tabla invitado
*************
30/06/2024 19:43:57,ross,Ingreso CONTRASEÑA,Busca tabla invitado
*************
30/06/2024 19:44:17,ross,01 GENERAR ORDEN  NORMAL EXAMENES: 400149,400150,400476,400151,400295,400140,400141,,PEDIDO=65
*************
30/06/2024 19:44:35,ross,01 GENERAR ORDEN  NORMAL EXAMENES: 400292,400296,400153,401104,,PEDIDO=66
*************
30/06/2024 22:11:26,ross,01 GENERAR ORDEN  NORMAL EXAMENES: 400101,,PEDIDO=67
*************
30/06/2024 22:17:34,ross,01 GENERAR ORDEN  NORMAL EXAMENES: 400149,400150,400476,400151,400295,,PEDIDO=68
*************
30/06/2024 22:25:13,ross,01 GENERAR ORDEN  NORMAL EXAMENES: 401104,,PEDIDO=69
*************
30/06/2024 22:26:46,ross,01 GENERAR ORDEN  NORMAL EXAMENES: 400151,401104,,PEDIDO=70
*************
30/06/2024 22:33:01,ross,01 GENERAR ORDEN  NORMAL EXAMENES: 400149,400150,400476,400151,400295,,PEDIDO=71
*************
30/06/2024 22:33:18,ross,01 GENERAR ORDEN  NORMAL EXAMENES: 400149,400150,400476,400151,400295,,PEDIDO=72
*************
30/06/2024 22:34:48,ross,01 GENERAR ORDEN  NORMAL EXAMENES: 401104,,PEDIDO=73
*************
30/06/2024 22:36:13,ross,01 GENERAR ORDEN  NORMAL EXAMENES: 400149,400150,400476,400151,400295,,PEDIDO=74
*************
30/06/2024 22:37:36,ross,01 GENERAR ORDEN  NORMAL EXAMENES: 400151,,PEDIDO=75
*************
30/06/2024 22:39:10,ross,01 GENERAR ORDEN  NORMAL EXAMENES: 400151,,PEDIDO=76
*************
30/06/2024 22:42:58,ross,01 GENERAR ORDEN  NORMAL EXAMENES: 400151,,PEDIDO=77
*************
30/06/2024 22:44:27,ross,01 GENERAR ORDEN  NORMAL EXAMENES: 400149,400150,400476,400151,400295,,PEDIDO=78
*************
30/06/2024 22:44:44,ross,01 GENERAR ORDEN  NORMAL EXAMENES: 401104,,PEDIDO=79
*************
